[14.905s] Invoking command in '/IntelligentMobileRobots2025/work3/build/lms_data': PYTHONPATH=/IntelligentMobileRobots2025/work3/build/lms_data/prefix_override:/usr/lib/python3/dist-packages/colcon_core/task/python/colcon_distutils_commands:/IntelligentMobileRobots2025/work3/install/lms_data/lib/python3.10/site-packages:${PYTHONPATH} /usr/bin/python3 -W ignore:setup.py install is deprecated -W ignore:easy_install command is deprecated setup.py develop --editable --build-directory /IntelligentMobileRobots2025/work3/build/lms_data/build --no-deps symlink_data
[19.249s] running develop
[20.702s] running egg_info
[20.702s] creating lms_data.egg-info
[20.730s] writing lms_data.egg-info/PKG-INFO
[20.730s] writing dependency_links to lms_data.egg-info/dependency_links.txt
[20.730s] writing entry points to lms_data.egg-info/entry_points.txt
[20.730s] writing requirements to lms_data.egg-info/requires.txt
[20.731s] writing top-level names to lms_data.egg-info/top_level.txt
[20.731s] writing manifest file 'lms_data.egg-info/SOURCES.txt'
[20.769s] reading manifest file 'lms_data.egg-info/SOURCES.txt'
[20.769s] writing manifest file 'lms_data.egg-info/SOURCES.txt'
[20.769s] running build_ext
[20.769s] Creating /IntelligentMobileRobots2025/work3/install/lms_data/lib/python3.10/site-packages/lms-data.egg-link (link to .)
[20.769s] Installing lms_to_rosbag script to /IntelligentMobileRobots2025/work3/install/lms_data/bin
[20.797s] 
[20.797s] Installed /IntelligentMobileRobots2025/work3/build/lms_data
[20.797s] running symlink_data
[20.797s] creating /IntelligentMobileRobots2025/work3/install/lms_data/share/ament_index
[20.797s] creating /IntelligentMobileRobots2025/work3/install/lms_data/share/ament_index/resource_index
[20.797s] creating /IntelligentMobileRobots2025/work3/install/lms_data/share/ament_index/resource_index/packages
[20.797s] symbolically linking /IntelligentMobileRobots2025/work3/build/lms_data/resource/lms_data -> /IntelligentMobileRobots2025/work3/install/lms_data/share/ament_index/resource_index/packages
[20.797s] symbolically linking /IntelligentMobileRobots2025/work3/build/lms_data/package.xml -> /IntelligentMobileRobots2025/work3/install/lms_data/share/lms_data
[21.099s] Invoked command in '/IntelligentMobileRobots2025/work3/build/lms_data' returned '0': PYTHONPATH=/IntelligentMobileRobots2025/work3/build/lms_data/prefix_override:/usr/lib/python3/dist-packages/colcon_core/task/python/colcon_distutils_commands:/IntelligentMobileRobots2025/work3/install/lms_data/lib/python3.10/site-packages:${PYTHONPATH} /usr/bin/python3 -W ignore:setup.py install is deprecated -W ignore:easy_install command is deprecated setup.py develop --editable --build-directory /IntelligentMobileRobots2025/work3/build/lms_data/build --no-deps symlink_data
