[16.090s] Invoking command in '/IntelligentMobileRobots2025/work3/build/lms_data': PYTHONPATH=/IntelligentMobileRobots2025/work3/build/lms_data/prefix_override:/usr/lib/python3/dist-packages/colcon_core/task/python/colcon_distutils_commands:/IntelligentMobileRobots2025/work3/install/lms_data/lib/python3.10/site-packages:${PYTHONPATH} /usr/bin/python3 -W ignore:setup.py install is deprecated -W ignore:easy_install command is deprecated setup.py develop --editable --build-directory /IntelligentMobileRobots2025/work3/build/lms_data/build --no-deps symlink_data
[20.136s] running develop
[21.439s] running egg_info
[21.439s] creating lms_data.egg-info
[21.439s] writing lms_data.egg-info/PKG-INFO
[21.440s] writing dependency_links to lms_data.egg-info/dependency_links.txt
[21.440s] writing entry points to lms_data.egg-info/entry_points.txt
[21.440s] writing requirements to lms_data.egg-info/requires.txt
[21.440s] writing top-level names to lms_data.egg-info/top_level.txt
[21.440s] writing manifest file 'lms_data.egg-info/SOURCES.txt'
[21.440s] reading manifest file 'lms_data.egg-info/SOURCES.txt'
[21.440s] writing manifest file 'lms_data.egg-info/SOURCES.txt'
[21.452s] running build_ext
[21.457s] Creating /IntelligentMobileRobots2025/work3/install/lms_data/lib/python3.10/site-packages/lms-data.egg-link (link to .)
[21.457s] Installing lms_to_rosbag script to /IntelligentMobileRobots2025/work3/install/lms_data/bin
[21.457s] 
[21.457s] Installed /IntelligentMobileRobots2025/work3/build/lms_data
[21.457s] running symlink_data
[21.457s] creating /IntelligentMobileRobots2025/work3/install/lms_data/share/ament_index
[21.457s] creating /IntelligentMobileRobots2025/work3/install/lms_data/share/ament_index/resource_index
[21.457s] creating /IntelligentMobileRobots2025/work3/install/lms_data/share/ament_index/resource_index/packages
[21.457s] symbolically linking /IntelligentMobileRobots2025/work3/build/lms_data/resource/lms_data -> /IntelligentMobileRobots2025/work3/install/lms_data/share/ament_index/resource_index/packages
[21.457s] symbolically linking /IntelligentMobileRobots2025/work3/build/lms_data/package.xml -> /IntelligentMobileRobots2025/work3/install/lms_data/share/lms_data
[21.764s] Invoked command in '/IntelligentMobileRobots2025/work3/build/lms_data' returned '0': PYTHONPATH=/IntelligentMobileRobots2025/work3/build/lms_data/prefix_override:/usr/lib/python3/dist-packages/colcon_core/task/python/colcon_distutils_commands:/IntelligentMobileRobots2025/work3/install/lms_data/lib/python3.10/site-packages:${PYTHONPATH} /usr/bin/python3 -W ignore:setup.py install is deprecated -W ignore:easy_install command is deprecated setup.py develop --editable --build-directory /IntelligentMobileRobots2025/work3/build/lms_data/build --no-deps symlink_data
