[5.443s] Invoking command in '/IntelligentMobileRobots2025/work3/build/lms_mapper': PYTHONPATH=/IntelligentMobileRobots2025/work3/build/lms_mapper/prefix_override:/usr/lib/python3/dist-packages/colcon_core/task/python/colcon_distutils_commands:/IntelligentMobileRobots2025/work3/install/lms_mapper/lib/python3.10/site-packages:${PYTHONPATH} /usr/bin/python3 -W ignore:setup.py install is deprecated -W ignore:easy_install command is deprecated setup.py develop --editable --build-directory /IntelligentMobileRobots2025/work3/build/lms_mapper/build --no-deps symlink_data
[8.292s] running develop
[8.766s] running egg_info
[8.766s] creating lms_mapper.egg-info
[8.766s] writing lms_mapper.egg-info/PKG-INFO
[8.766s] writing dependency_links to lms_mapper.egg-info/dependency_links.txt
[8.766s] writing entry points to lms_mapper.egg-info/entry_points.txt
[8.769s] writing requirements to lms_mapper.egg-info/requires.txt
[8.769s] writing top-level names to lms_mapper.egg-info/top_level.txt
[8.769s] writing manifest file 'lms_mapper.egg-info/SOURCES.txt'
[8.782s] reading manifest file 'lms_mapper.egg-info/SOURCES.txt'
[8.784s] writing manifest file 'lms_mapper.egg-info/SOURCES.txt'
[8.792s] running build_ext
[8.792s] Creating /IntelligentMobileRobots2025/work3/install/lms_mapper/lib/python3.10/site-packages/lms-mapper.egg-link (link to .)
[8.792s] Installing lms_mapper_node script to /IntelligentMobileRobots2025/work3/install/lms_mapper/bin
[8.793s] 
[8.793s] Installed /IntelligentMobileRobots2025/work3/build/lms_mapper
[8.796s] running symlink_data
[8.809s] creating /IntelligentMobileRobots2025/work3/install/lms_mapper/share/ament_index
[8.810s] creating /IntelligentMobileRobots2025/work3/install/lms_mapper/share/ament_index/resource_index
[8.810s] creating /IntelligentMobileRobots2025/work3/install/lms_mapper/share/ament_index/resource_index/packages
[8.810s] symbolically linking /IntelligentMobileRobots2025/work3/build/lms_mapper/resource/lms_mapper -> /IntelligentMobileRobots2025/work3/install/lms_mapper/share/ament_index/resource_index/packages
[8.810s] symbolically linking /IntelligentMobileRobots2025/work3/build/lms_mapper/package.xml -> /IntelligentMobileRobots2025/work3/install/lms_mapper/share/lms_mapper
[8.921s] Invoked command in '/IntelligentMobileRobots2025/work3/build/lms_mapper' returned '0': PYTHONPATH=/IntelligentMobileRobots2025/work3/build/lms_mapper/prefix_override:/usr/lib/python3/dist-packages/colcon_core/task/python/colcon_distutils_commands:/IntelligentMobileRobots2025/work3/install/lms_mapper/lib/python3.10/site-packages:${PYTHONPATH} /usr/bin/python3 -W ignore:setup.py install is deprecated -W ignore:easy_install command is deprecated setup.py develop --editable --build-directory /IntelligentMobileRobots2025/work3/build/lms_mapper/build --no-deps symlink_data
