[10.210s] Invoking command in '/IntelligentMobileRobots2025/work3/build/lms_mapper': PYTHONPATH=/IntelligentMobileRobots2025/work3/build/lms_mapper/prefix_override:/usr/lib/python3/dist-packages/colcon_core/task/python/colcon_distutils_commands:/IntelligentMobileRobots2025/work3/install/lms_mapper/lib/python3.10/site-packages:${PYTHONPATH} /usr/bin/python3 -W ignore:setup.py install is deprecated -W ignore:easy_install command is deprecated setup.py develop --editable --build-directory /IntelligentMobileRobots2025/work3/build/lms_mapper/build --no-deps symlink_data
[13.086s] running develop
[13.747s] running egg_info
[13.751s] creating lms_mapper.egg-info
[13.754s] writing lms_mapper.egg-info/PKG-INFO
[13.754s] writing dependency_links to lms_mapper.egg-info/dependency_links.txt
[13.754s] writing entry points to lms_mapper.egg-info/entry_points.txt
[13.754s] writing requirements to lms_mapper.egg-info/requires.txt
[13.754s] writing top-level names to lms_mapper.egg-info/top_level.txt
[13.754s] writing manifest file 'lms_mapper.egg-info/SOURCES.txt'
[13.777s] reading manifest file 'lms_mapper.egg-info/SOURCES.txt'
[13.777s] writing manifest file 'lms_mapper.egg-info/SOURCES.txt'
[13.777s] running build_ext
[13.789s] Creating /IntelligentMobileRobots2025/work3/install/lms_mapper/lib/python3.10/site-packages/lms-mapper.egg-link (link to .)
[13.818s] Installing lms_mapper_node script to /IntelligentMobileRobots2025/work3/install/lms_mapper/bin
[13.818s] 
[13.818s] Installed /IntelligentMobileRobots2025/work3/build/lms_mapper
[13.818s] running symlink_data
[13.818s] creating /IntelligentMobileRobots2025/work3/install/lms_mapper/share/ament_index
[13.818s] creating /IntelligentMobileRobots2025/work3/install/lms_mapper/share/ament_index/resource_index
[13.818s] creating /IntelligentMobileRobots2025/work3/install/lms_mapper/share/ament_index/resource_index/packages
[13.818s] symbolically linking /IntelligentMobileRobots2025/work3/build/lms_mapper/resource/lms_mapper -> /IntelligentMobileRobots2025/work3/install/lms_mapper/share/ament_index/resource_index/packages
[13.818s] symbolically linking /IntelligentMobileRobots2025/work3/build/lms_mapper/package.xml -> /IntelligentMobileRobots2025/work3/install/lms_mapper/share/lms_mapper
[14.050s] Invoked command in '/IntelligentMobileRobots2025/work3/build/lms_mapper' returned '0': PYTHONPATH=/IntelligentMobileRobots2025/work3/build/lms_mapper/prefix_override:/usr/lib/python3/dist-packages/colcon_core/task/python/colcon_distutils_commands:/IntelligentMobileRobots2025/work3/install/lms_mapper/lib/python3.10/site-packages:${PYTHONPATH} /usr/bin/python3 -W ignore:setup.py install is deprecated -W ignore:easy_install command is deprecated setup.py develop --editable --build-directory /IntelligentMobileRobots2025/work3/build/lms_mapper/build --no-deps symlink_data
