running develop
Removing /IntelligentMobileRobots2025/work3/install/lms_mapper/lib/python3.10/site-packages/lms-mapper.egg-link (link to .)
running egg_info
writing ../../build/lms_mapper/lms_mapper.egg-info/PKG-INFO
writing dependency_links to ../../build/lms_mapper/lms_mapper.egg-info/dependency_links.txt
writing entry points to ../../build/lms_mapper/lms_mapper.egg-info/entry_points.txt
writing requirements to ../../build/lms_mapper/lms_mapper.egg-info/requires.txt
writing top-level names to ../../build/lms_mapper/lms_mapper.egg-info/top_level.txt
reading manifest file '../../build/lms_mapper/lms_mapper.egg-info/SOURCES.txt'
writing manifest file '../../build/lms_mapper/lms_mapper.egg-info/SOURCES.txt'
running build
running build_py
creating /IntelligentMobileRobots2025/work3/build/lms_mapper/build
creating /IntelligentMobileRobots2025/work3/build/lms_mapper/build/lib
creating /IntelligentMobileRobots2025/work3/build/lms_mapper/build/lib/lms_mapper
copying lms_mapper/__init__.py -> /IntelligentMobileRobots2025/work3/build/lms_mapper/build/lib/lms_mapper
copying lms_mapper/lms_mapper_node.py -> /IntelligentMobileRobots2025/work3/build/lms_mapper/build/lib/lms_mapper
running install
running install_lib
creating /IntelligentMobileRobots2025/work3/install/lms_mapper/lib/python3.10/site-packages/lms_mapper
copying /IntelligentMobileRobots2025/work3/build/lms_mapper/build/lib/lms_mapper/__init__.py -> /IntelligentMobileRobots2025/work3/install/lms_mapper/lib/python3.10/site-packages/lms_mapper
copying /IntelligentMobileRobots2025/work3/build/lms_mapper/build/lib/lms_mapper/lms_mapper_node.py -> /IntelligentMobileRobots2025/work3/install/lms_mapper/lib/python3.10/site-packages/lms_mapper
byte-compiling /IntelligentMobileRobots2025/work3/install/lms_mapper/lib/python3.10/site-packages/lms_mapper/__init__.py to __init__.cpython-310.pyc
byte-compiling /IntelligentMobileRobots2025/work3/install/lms_mapper/lib/python3.10/site-packages/lms_mapper/lms_mapper_node.py to lms_mapper_node.cpython-310.pyc
running install_data
copying resource/lms_mapper -> /IntelligentMobileRobots2025/work3/install/lms_mapper/share/ament_index/resource_index/packages
copying package.xml -> /IntelligentMobileRobots2025/work3/install/lms_mapper/share/lms_mapper
running install_egg_info
Copying ../../build/lms_mapper/lms_mapper.egg-info to /IntelligentMobileRobots2025/work3/install/lms_mapper/lib/python3.10/site-packages/lms_mapper-0.0.1-py3.10.egg-info
running install_scripts
Installing lms_mapper_node script to /IntelligentMobileRobots2025/work3/install/lms_mapper/bin
writing list of installed files to '/IntelligentMobileRobots2025/work3/build/lms_mapper/install.log'
