[7.118s] Invoking command in '/IntelligentMobileRobots2025/work3/build/lms_mapper': PYTHONPATH=/IntelligentMobileRobots2025/work3/build/lms_mapper/prefix_override:/usr/lib/python3/dist-packages/colcon_core/task/python/colcon_distutils_commands:/IntelligentMobileRobots2025/work3/install/lms_mapper/lib/python3.10/site-packages: /usr/bin/python3 -W ignore:setup.py install is deprecated -W ignore:easy_install command is deprecated setup.py develop --uninstall --editable --build-directory /IntelligentMobileRobots2025/work3/build/lms_mapper/build
[8.827s] running develop
[9.345s] Removing /IntelligentMobileRobots2025/work3/install/lms_mapper/lib/python3.10/site-packages/lms-mapper.egg-link (link to .)
[9.718s] Invoked command in '/IntelligentMobileRobots2025/work3/build/lms_mapper' returned '0': PYTHONPATH=/IntelligentMobileRobots2025/work3/build/lms_mapper/prefix_override:/usr/lib/python3/dist-packages/colcon_core/task/python/colcon_distutils_commands:/IntelligentMobileRobots2025/work3/install/lms_mapper/lib/python3.10/site-packages: /usr/bin/python3 -W ignore:setup.py install is deprecated -W ignore:easy_install command is deprecated setup.py develop --uninstall --editable --build-directory /IntelligentMobileRobots2025/work3/build/lms_mapper/build
[9.720s] Invoking command in '/IntelligentMobileRobots2025/work3/src/lms_mapper': PYTHONPATH=/IntelligentMobileRobots2025/work3/build/lms_mapper/prefix_override:/usr/lib/python3/dist-packages/colcon_core/task/python/colcon_distutils_commands:/IntelligentMobileRobots2025/work3/install/lms_mapper/lib/python3.10/site-packages: /usr/bin/python3 -W ignore:setup.py install is deprecated -W ignore:easy_install command is deprecated setup.py egg_info --egg-base ../../build/lms_mapper build --build-base /IntelligentMobileRobots2025/work3/build/lms_mapper/build install --record /IntelligentMobileRobots2025/work3/build/lms_mapper/install.log --single-version-externally-managed install_data --force
[12.277s] running egg_info
[12.302s] writing ../../build/lms_mapper/lms_mapper.egg-info/PKG-INFO
[12.302s] writing dependency_links to ../../build/lms_mapper/lms_mapper.egg-info/dependency_links.txt
[12.302s] writing entry points to ../../build/lms_mapper/lms_mapper.egg-info/entry_points.txt
[12.302s] writing requirements to ../../build/lms_mapper/lms_mapper.egg-info/requires.txt
[12.302s] writing top-level names to ../../build/lms_mapper/lms_mapper.egg-info/top_level.txt
[12.302s] reading manifest file '../../build/lms_mapper/lms_mapper.egg-info/SOURCES.txt'
[12.330s] writing manifest file '../../build/lms_mapper/lms_mapper.egg-info/SOURCES.txt'
[12.330s] running build
[12.330s] running build_py
[12.330s] creating /IntelligentMobileRobots2025/work3/build/lms_mapper/build
[12.330s] creating /IntelligentMobileRobots2025/work3/build/lms_mapper/build/lib
[12.331s] creating /IntelligentMobileRobots2025/work3/build/lms_mapper/build/lib/lms_mapper
[12.331s] copying lms_mapper/__init__.py -> /IntelligentMobileRobots2025/work3/build/lms_mapper/build/lib/lms_mapper
[12.331s] copying lms_mapper/lms_mapper_node.py -> /IntelligentMobileRobots2025/work3/build/lms_mapper/build/lib/lms_mapper
[12.332s] running install
[12.332s] running install_lib
[12.361s] creating /IntelligentMobileRobots2025/work3/install/lms_mapper/lib/python3.10/site-packages/lms_mapper
[12.361s] copying /IntelligentMobileRobots2025/work3/build/lms_mapper/build/lib/lms_mapper/__init__.py -> /IntelligentMobileRobots2025/work3/install/lms_mapper/lib/python3.10/site-packages/lms_mapper
[12.361s] copying /IntelligentMobileRobots2025/work3/build/lms_mapper/build/lib/lms_mapper/lms_mapper_node.py -> /IntelligentMobileRobots2025/work3/install/lms_mapper/lib/python3.10/site-packages/lms_mapper
[12.362s] byte-compiling /IntelligentMobileRobots2025/work3/install/lms_mapper/lib/python3.10/site-packages/lms_mapper/__init__.py to __init__.cpython-310.pyc
[12.401s] byte-compiling /IntelligentMobileRobots2025/work3/install/lms_mapper/lib/python3.10/site-packages/lms_mapper/lms_mapper_node.py to lms_mapper_node.cpython-310.pyc
[12.621s] running install_data
[12.636s] copying resource/lms_mapper -> /IntelligentMobileRobots2025/work3/install/lms_mapper/share/ament_index/resource_index/packages
[12.638s] copying package.xml -> /IntelligentMobileRobots2025/work3/install/lms_mapper/share/lms_mapper
[12.638s] running install_egg_info
[12.638s] Copying ../../build/lms_mapper/lms_mapper.egg-info to /IntelligentMobileRobots2025/work3/install/lms_mapper/lib/python3.10/site-packages/lms_mapper-0.0.1-py3.10.egg-info
[12.646s] running install_scripts
[12.993s] Installing lms_mapper_node script to /IntelligentMobileRobots2025/work3/install/lms_mapper/bin
[12.996s] writing list of installed files to '/IntelligentMobileRobots2025/work3/build/lms_mapper/install.log'
[14.266s] Invoked command in '/IntelligentMobileRobots2025/work3/src/lms_mapper' returned '0': PYTHONPATH=/IntelligentMobileRobots2025/work3/build/lms_mapper/prefix_override:/usr/lib/python3/dist-packages/colcon_core/task/python/colcon_distutils_commands:/IntelligentMobileRobots2025/work3/install/lms_mapper/lib/python3.10/site-packages: /usr/bin/python3 -W ignore:setup.py install is deprecated -W ignore:easy_install command is deprecated setup.py egg_info --egg-base ../../build/lms_mapper build --build-base /IntelligentMobileRobots2025/work3/build/lms_mapper/build install --record /IntelligentMobileRobots2025/work3/build/lms_mapper/install.log --single-version-externally-managed install_data --force
