[8.946s] Invoking command in '/IntelligentMobileRobots2025/work3/src/lms_mapper': PYTHONPATH=/IntelligentMobileRobots2025/work3/build/lms_mapper/prefix_override:/usr/lib/python3/dist-packages/colcon_core/task/python/colcon_distutils_commands:/IntelligentMobileRobots2025/work3/install/lms_mapper/lib/python3.10/site-packages: /usr/bin/python3 -W ignore:setup.py install is deprecated -W ignore:easy_install command is deprecated setup.py egg_info --egg-base ../../build/lms_mapper build --build-base /IntelligentMobileRobots2025/work3/build/lms_mapper/build install --record /IntelligentMobileRobots2025/work3/build/lms_mapper/install.log --single-version-externally-managed install_data
[12.006s] running egg_info
[12.026s] writing ../../build/lms_mapper/lms_mapper.egg-info/PKG-INFO
[12.027s] writing dependency_links to ../../build/lms_mapper/lms_mapper.egg-info/dependency_links.txt
[12.027s] writing entry points to ../../build/lms_mapper/lms_mapper.egg-info/entry_points.txt
[12.027s] writing requirements to ../../build/lms_mapper/lms_mapper.egg-info/requires.txt
[12.027s] writing top-level names to ../../build/lms_mapper/lms_mapper.egg-info/top_level.txt
[12.051s] reading manifest file '../../build/lms_mapper/lms_mapper.egg-info/SOURCES.txt'
[12.116s] writing manifest file '../../build/lms_mapper/lms_mapper.egg-info/SOURCES.txt'
[12.118s] running build
[12.119s] running build_py
[12.122s] copying lms_mapper/lms_mapper_node.py -> /IntelligentMobileRobots2025/work3/build/lms_mapper/build/lib/lms_mapper
[12.122s] running install
[12.122s] running install_lib
[12.127s] copying /IntelligentMobileRobots2025/work3/build/lms_mapper/build/lib/lms_mapper/lms_mapper_node.py -> /IntelligentMobileRobots2025/work3/install/lms_mapper/lib/python3.10/site-packages/lms_mapper
[12.189s] byte-compiling /IntelligentMobileRobots2025/work3/install/lms_mapper/lib/python3.10/site-packages/lms_mapper/lms_mapper_node.py to lms_mapper_node.cpython-310.pyc
[12.640s] running install_data
[12.669s] running install_egg_info
[12.707s] removing '/IntelligentMobileRobots2025/work3/install/lms_mapper/lib/python3.10/site-packages/lms_mapper-0.0.1-py3.10.egg-info' (and everything under it)
[12.707s] Copying ../../build/lms_mapper/lms_mapper.egg-info to /IntelligentMobileRobots2025/work3/install/lms_mapper/lib/python3.10/site-packages/lms_mapper-0.0.1-py3.10.egg-info
[12.707s] running install_scripts
[13.107s] Installing lms_mapper_node script to /IntelligentMobileRobots2025/work3/install/lms_mapper/bin
[13.107s] writing list of installed files to '/IntelligentMobileRobots2025/work3/build/lms_mapper/install.log'
[13.190s] Invoked command in '/IntelligentMobileRobots2025/work3/src/lms_mapper' returned '0': PYTHONPATH=/IntelligentMobileRobots2025/work3/build/lms_mapper/prefix_override:/usr/lib/python3/dist-packages/colcon_core/task/python/colcon_distutils_commands:/IntelligentMobileRobots2025/work3/install/lms_mapper/lib/python3.10/site-packages: /usr/bin/python3 -W ignore:setup.py install is deprecated -W ignore:easy_install command is deprecated setup.py egg_info --egg-base ../../build/lms_mapper build --build-base /IntelligentMobileRobots2025/work3/build/lms_mapper/build install --record /IntelligentMobileRobots2025/work3/build/lms_mapper/install.log --single-version-externally-managed install_data
