[5.592s] Invoking command in '/IntelligentMobileRobots2025/work3/build/lms_mapper': PYTHONPATH=/IntelligentMobileRobots2025/work3/build/lms_mapper/prefix_override:/usr/lib/python3/dist-packages/colcon_core/task/python/colcon_distutils_commands:/IntelligentMobileRobots2025/work3/install/lms_mapper/lib/python3.10/site-packages:${PYTHONPATH} /usr/bin/python3 -W ignore:setup.py install is deprecated -W ignore:easy_install command is deprecated setup.py develop --editable --build-directory /IntelligentMobileRobots2025/work3/build/lms_mapper/build --no-deps symlink_data
[7.430s] running develop
[8.156s] running egg_info
[8.156s] creating lms_mapper.egg-info
[8.156s] writing lms_mapper.egg-info/PKG-INFO
[8.161s] writing dependency_links to lms_mapper.egg-info/dependency_links.txt
[8.165s] writing entry points to lms_mapper.egg-info/entry_points.txt
[8.165s] writing requirements to lms_mapper.egg-info/requires.txt
[8.165s] writing top-level names to lms_mapper.egg-info/top_level.txt
[8.165s] writing manifest file 'lms_mapper.egg-info/SOURCES.txt'
[8.168s] reading manifest file 'lms_mapper.egg-info/SOURCES.txt'
[8.179s] writing manifest file 'lms_mapper.egg-info/SOURCES.txt'
[8.180s] running build_ext
[8.180s] Creating /IntelligentMobileRobots2025/work3/install/lms_mapper/lib/python3.10/site-packages/lms-mapper.egg-link (link to .)
[8.180s] Installing lms_mapper_node script to /IntelligentMobileRobots2025/work3/install/lms_mapper/bin
[8.180s] 
[8.180s] Installed /IntelligentMobileRobots2025/work3/build/lms_mapper
[8.180s] running symlink_data
[8.180s] creating /IntelligentMobileRobots2025/work3/install/lms_mapper/share/ament_index
[8.180s] creating /IntelligentMobileRobots2025/work3/install/lms_mapper/share/ament_index/resource_index
[8.189s] creating /IntelligentMobileRobots2025/work3/install/lms_mapper/share/ament_index/resource_index/packages
[8.189s] symbolically linking /IntelligentMobileRobots2025/work3/build/lms_mapper/resource/lms_mapper -> /IntelligentMobileRobots2025/work3/install/lms_mapper/share/ament_index/resource_index/packages
[8.189s] symbolically linking /IntelligentMobileRobots2025/work3/build/lms_mapper/package.xml -> /IntelligentMobileRobots2025/work3/install/lms_mapper/share/lms_mapper
[8.319s] Invoked command in '/IntelligentMobileRobots2025/work3/build/lms_mapper' returned '0': PYTHONPATH=/IntelligentMobileRobots2025/work3/build/lms_mapper/prefix_override:/usr/lib/python3/dist-packages/colcon_core/task/python/colcon_distutils_commands:/IntelligentMobileRobots2025/work3/install/lms_mapper/lib/python3.10/site-packages:${PYTHONPATH} /usr/bin/python3 -W ignore:setup.py install is deprecated -W ignore:easy_install command is deprecated setup.py develop --editable --build-directory /IntelligentMobileRobots2025/work3/build/lms_mapper/build --no-deps symlink_data
