[9.204s] Invoking command in '/IntelligentMobileRobots2025/work3/build/lms_data': PYTHONPATH=/IntelligentMobileRobots2025/work3/build/lms_data/prefix_override:/usr/lib/python3/dist-packages/colcon_core/task/python/colcon_distutils_commands:/IntelligentMobileRobots2025/work3/install/lms_data/lib/python3.10/site-packages:${PYTHONPATH} /usr/bin/python3 -W ignore:setup.py install is deprecated -W ignore:easy_install command is deprecated setup.py develop --editable --build-directory /IntelligentMobileRobots2025/work3/build/lms_data/build --no-deps symlink_data
[12.770s] running develop
[13.573s] running egg_info
[13.573s] creating lms_data.egg-info
[13.573s] writing lms_data.egg-info/PKG-INFO
[13.573s] writing dependency_links to lms_data.egg-info/dependency_links.txt
[13.573s] writing entry points to lms_data.egg-info/entry_points.txt
[13.573s] writing requirements to lms_data.egg-info/requires.txt
[13.574s] writing top-level names to lms_data.egg-info/top_level.txt
[13.574s] writing manifest file 'lms_data.egg-info/SOURCES.txt'
[13.583s] reading manifest file 'lms_data.egg-info/SOURCES.txt'
[13.584s] writing manifest file 'lms_data.egg-info/SOURCES.txt'
[13.610s] running build_ext
[13.610s] Creating /IntelligentMobileRobots2025/work3/install/lms_data/lib/python3.10/site-packages/lms-data.egg-link (link to .)
[13.610s] Installing lms_to_rosbag script to /IntelligentMobileRobots2025/work3/install/lms_data/bin
[13.624s] 
[13.624s] Installed /IntelligentMobileRobots2025/work3/build/lms_data
[13.624s] running symlink_data
[13.624s] creating /IntelligentMobileRobots2025/work3/install/lms_data/share/ament_index
[13.624s] creating /IntelligentMobileRobots2025/work3/install/lms_data/share/ament_index/resource_index
[13.624s] creating /IntelligentMobileRobots2025/work3/install/lms_data/share/ament_index/resource_index/packages
[13.624s] symbolically linking /IntelligentMobileRobots2025/work3/build/lms_data/resource/lms_data -> /IntelligentMobileRobots2025/work3/install/lms_data/share/ament_index/resource_index/packages
[13.624s] symbolically linking /IntelligentMobileRobots2025/work3/build/lms_data/package.xml -> /IntelligentMobileRobots2025/work3/install/lms_data/share/lms_data
[13.905s] Invoked command in '/IntelligentMobileRobots2025/work3/build/lms_data' returned '0': PYTHONPATH=/IntelligentMobileRobots2025/work3/build/lms_data/prefix_override:/usr/lib/python3/dist-packages/colcon_core/task/python/colcon_distutils_commands:/IntelligentMobileRobots2025/work3/install/lms_data/lib/python3.10/site-packages:${PYTHONPATH} /usr/bin/python3 -W ignore:setup.py install is deprecated -W ignore:easy_install command is deprecated setup.py develop --editable --build-directory /IntelligentMobileRobots2025/work3/build/lms_data/build --no-deps symlink_data
