[7.819s] Invoking command in '/IntelligentMobileRobots2025/work3/src/lms_mapper': PYTHONPATH=/IntelligentMobileRobots2025/work3/build/lms_mapper/prefix_override:/usr/lib/python3/dist-packages/colcon_core/task/python/colcon_distutils_commands:/IntelligentMobileRobots2025/work3/install/lms_mapper/lib/python3.10/site-packages: /usr/bin/python3 -W ignore:setup.py install is deprecated -W ignore:easy_install command is deprecated setup.py egg_info --egg-base ../../build/lms_mapper build --build-base /IntelligentMobileRobots2025/work3/build/lms_mapper/build install --record /IntelligentMobileRobots2025/work3/build/lms_mapper/install.log --single-version-externally-managed install_data
[10.836s] running egg_info
[10.836s] writing ../../build/lms_mapper/lms_mapper.egg-info/PKG-INFO
[10.837s] writing dependency_links to ../../build/lms_mapper/lms_mapper.egg-info/dependency_links.txt
[10.837s] writing entry points to ../../build/lms_mapper/lms_mapper.egg-info/entry_points.txt
[10.841s] writing requirements to ../../build/lms_mapper/lms_mapper.egg-info/requires.txt
[10.849s] writing top-level names to ../../build/lms_mapper/lms_mapper.egg-info/top_level.txt
[10.850s] reading manifest file '../../build/lms_mapper/lms_mapper.egg-info/SOURCES.txt'
[10.853s] writing manifest file '../../build/lms_mapper/lms_mapper.egg-info/SOURCES.txt'
[10.853s] running build
[10.853s] running build_py
[10.854s] copying lms_mapper/lms_mapper_node.py -> /IntelligentMobileRobots2025/work3/build/lms_mapper/build/lib/lms_mapper
[10.874s] running install
[10.874s] running install_lib
[10.886s] copying /IntelligentMobileRobots2025/work3/build/lms_mapper/build/lib/lms_mapper/lms_mapper_node.py -> /IntelligentMobileRobots2025/work3/install/lms_mapper/lib/python3.10/site-packages/lms_mapper
[10.888s] byte-compiling /IntelligentMobileRobots2025/work3/install/lms_mapper/lib/python3.10/site-packages/lms_mapper/lms_mapper_node.py to lms_mapper_node.cpython-310.pyc
[10.995s] running install_data
[10.996s] running install_egg_info
[11.000s] removing '/IntelligentMobileRobots2025/work3/install/lms_mapper/lib/python3.10/site-packages/lms_mapper-0.0.1-py3.10.egg-info' (and everything under it)
[11.022s] Copying ../../build/lms_mapper/lms_mapper.egg-info to /IntelligentMobileRobots2025/work3/install/lms_mapper/lib/python3.10/site-packages/lms_mapper-0.0.1-py3.10.egg-info
[11.022s] running install_scripts
[11.242s] Installing lms_mapper_node script to /IntelligentMobileRobots2025/work3/install/lms_mapper/bin
[11.267s] writing list of installed files to '/IntelligentMobileRobots2025/work3/build/lms_mapper/install.log'
[11.702s] Invoked command in '/IntelligentMobileRobots2025/work3/src/lms_mapper' returned '0': PYTHONPATH=/IntelligentMobileRobots2025/work3/build/lms_mapper/prefix_override:/usr/lib/python3/dist-packages/colcon_core/task/python/colcon_distutils_commands:/IntelligentMobileRobots2025/work3/install/lms_mapper/lib/python3.10/site-packages: /usr/bin/python3 -W ignore:setup.py install is deprecated -W ignore:easy_install command is deprecated setup.py egg_info --egg-base ../../build/lms_mapper build --build-base /IntelligentMobileRobots2025/work3/build/lms_mapper/build install --record /IntelligentMobileRobots2025/work3/build/lms_mapper/install.log --single-version-externally-managed install_data
