[5.330s] Invoking command in '/IntelligentMobileRobots2025/work3/build/lms_mapper': PYTHONPATH=/IntelligentMobileRobots2025/work3/build/lms_mapper/prefix_override:/usr/lib/python3/dist-packages/colcon_core/task/python/colcon_distutils_commands:/IntelligentMobileRobots2025/work3/install/lms_mapper/lib/python3.10/site-packages:${PYTHONPATH} /usr/bin/python3 -W ignore:setup.py install is deprecated -W ignore:easy_install command is deprecated setup.py develop --editable --build-directory /IntelligentMobileRobots2025/work3/build/lms_mapper/build --no-deps symlink_data
[8.546s] running develop
[9.255s] running egg_info
[9.256s] creating lms_mapper.egg-info
[9.256s] writing lms_mapper.egg-info/PKG-INFO
[9.260s] writing dependency_links to lms_mapper.egg-info/dependency_links.txt
[9.260s] writing entry points to lms_mapper.egg-info/entry_points.txt
[9.260s] writing requirements to lms_mapper.egg-info/requires.txt
[9.260s] writing top-level names to lms_mapper.egg-info/top_level.txt
[9.261s] writing manifest file 'lms_mapper.egg-info/SOURCES.txt'
[9.261s] reading manifest file 'lms_mapper.egg-info/SOURCES.txt'
[9.261s] writing manifest file 'lms_mapper.egg-info/SOURCES.txt'
[9.271s] running build_ext
[9.271s] Creating /IntelligentMobileRobots2025/work3/install/lms_mapper/lib/python3.10/site-packages/lms-mapper.egg-link (link to .)
[9.271s] Installing lms_mapper_node script to /IntelligentMobileRobots2025/work3/install/lms_mapper/bin
[9.271s] 
[9.271s] Installed /IntelligentMobileRobots2025/work3/build/lms_mapper
[9.272s] running symlink_data
[9.272s] creating /IntelligentMobileRobots2025/work3/install/lms_mapper/share/ament_index
[9.272s] creating /IntelligentMobileRobots2025/work3/install/lms_mapper/share/ament_index/resource_index
[9.272s] creating /IntelligentMobileRobots2025/work3/install/lms_mapper/share/ament_index/resource_index/packages
[9.272s] symbolically linking /IntelligentMobileRobots2025/work3/build/lms_mapper/resource/lms_mapper -> /IntelligentMobileRobots2025/work3/install/lms_mapper/share/ament_index/resource_index/packages
[9.272s] symbolically linking /IntelligentMobileRobots2025/work3/build/lms_mapper/package.xml -> /IntelligentMobileRobots2025/work3/install/lms_mapper/share/lms_mapper
[9.441s] Invoked command in '/IntelligentMobileRobots2025/work3/build/lms_mapper' returned '0': PYTHONPATH=/IntelligentMobileRobots2025/work3/build/lms_mapper/prefix_override:/usr/lib/python3/dist-packages/colcon_core/task/python/colcon_distutils_commands:/IntelligentMobileRobots2025/work3/install/lms_mapper/lib/python3.10/site-packages:${PYTHONPATH} /usr/bin/python3 -W ignore:setup.py install is deprecated -W ignore:easy_install command is deprecated setup.py develop --editable --build-directory /IntelligentMobileRobots2025/work3/build/lms_mapper/build --no-deps symlink_data
