===== 激光雷达数据分析日志 =====
开始时间: 2025-03-12 23:44:56
数据文件: D:\OneDrive\课程\计算机\智能移动机器人\作业代码\data\URG_X_20130903_195003.lms

===== 激光雷达数据文件分析 =====
文件路径: ./data/URG_X_20130903_195003.lms
文件大小: 7393.30 KB

头部信息:
  角度范围: 180.0 度
  角分辨率: 0.5 度
  距离单位: 100.0
  计算的每帧数据点数: 361
  每帧数据理论字节数: 726
  估计的总帧数: 10428
===== 激光雷达数据结构分析 =====
文件大小: 7570744 字节 (7393.30 KB)

头部信息:
  角度范围: 180.0 度
  角分辨率: 0.5 度
  距离单位: 100.0

可能的每帧点数:
  点数 360:
    每帧大小: 724 字节
    估计帧数: 10456.81
    剩余字节: 588
    剩余分析: 不完全匹配
  点数 361:
    每帧大小: 726 字节
    估计帧数: 10428.01
    剩余字节: 4
    剩余分析: 不完全匹配
  点数 540:
    每帧大小: 1084 字节
    估计帧数: 6984.07
    剩余字节: 76
    剩余分析: 不完全匹配
  点数 541:
    每帧大小: 1086 字节
    估计帧数: 6971.21
    剩余字节: 226
    剩余分析: 不完全匹配
  点数 683:
    每帧大小: 1370 字节
    估计帧数: 5526.08
    剩余字节: 112
    剩余分析: 不完全匹配
  点数 720:
    每帧大小: 1444 字节
    估计帧数: 5242.89
    剩余字节: 1284
    剩余分析: 不完全匹配
  点数 721:
    每帧大小: 1446 字节
    估计帧数: 5235.64
    剩余字节: 922
    剩余分析: 不完全匹配
  点数 1081:
    每帧大小: 2166 字节
    估计帧数: 3495.26
    剩余字节: 562
    剩余分析: 不完全匹配

尝试读取前几帧检查一致性:
  点数 360:
    成功读取帧数: 10
    时间戳: [71403847, -1988558732, 7602293, 7602292, 7667828, 7602293, 7667829, 7602293, 7602292, 7667828]
    时间戳单调递增: False
    时间戳均为正: False
    相邻帧时间差: [-2059962579, 1996161025, -1, 65536, -65535, 65536, -65536, -1, 65536]
    平均时间差: -7081779.888888889
    配置可信度: 3/15
  点数 361:
    成功读取帧数: 10
    时间戳: [71403847, 71403897, 71403947, 71404022, 71404071, 71404146, 71404195, 71404270, 71404320, 71404395]
    时间戳单调递增: True
    时间戳均为正: True
    相邻帧时间差: [50, 50, 75, 49, 75, 49, 75, 50, 75]
    平均时间差: 60.888888888888886
    配置可信度: 10/15
  点数 540:
    成功读取帧数: 10
    时间戳: [71403847, 74122346, 7667829, 73990144, 7667829, 27263388, 7733366, 27132318, 7733367, 27328929]
    时间戳单调递增: False
    时间戳均为正: True
    相邻帧时间差: [2718499, -66454517, 66322315, -66322315, 19595559, -19530022, 19398952, -19398951, 19595562]
    平均时间差: -4897213.111111111
    配置可信度: 5/15
  点数 541:
    成功读取帧数: 10
    时间戳: [71403847, 121177195, 7602292, 74056811, 7667829, 73793536, 7667828, 30671290, 7667829, 26935707]
    时间戳单调递增: False
    时间戳均为正: True
    相邻帧时间差: [49773348, -113574903, 66454519, -66388982, 66125707, -66125708, 23003462, -23003461, 19267878]
    平均时间差: -4940904.444444444
    配置可信度: 5/15
  点数 683:
    成功读取帧数: 10
    时间戳: [71403847, 8192125, 10289310, 16580865, 60163049, 27394460, 11403436, 7733366, 6553700, 7602292]
    时间戳单调递增: False
    时间戳均为正: True
    相邻帧时间差: [-63211722, 2097185, 6291555, 43582184, -32768589, -15991024, -3670070, -1179666, 1048592]
    平均时间差: -7089061.666666667
    配置可信度: 5/15
  点数 720:
    成功读取帧数: 10
    时间戳: [71403847, 7602292, 7667829, 7667828, 7733366, 7733366, 7798904, 7864440, 7864441, 7995514]
    时间戳单调递增: False
    时间戳均为正: True
    相邻帧时间差: [-63801555, 65537, -1, 65538, 0, 65538, 65536, 1, 131073]
    平均时间差: -7045370.333333333
    配置可信度: 5/15
  点数 721:
    成功读取帧数: 10
    时间戳: [71403847, 7667828, 7602292, 7667829, 7733366, 7733366, 7667830, 7733366, 7798903, 7798903]
    时间戳单调递增: False
    时间戳均为正: True
    相邻帧时间差: [-63736019, -65536, 65537, 65537, 0, -65536, 65536, 65537, 0]
    平均时间差: -7067216.0
    配置可信度: 5/15
  点数 1081:
    成功读取帧数: 10
    时间戳: [71403847, 7667829, 7667828, 7798903, 7798904, 7798903, 7995514, 8192126, 8454273, 8519812]
    时间戳单调递增: False
    时间戳均为正: True
    相邻帧时间差: [-63736018, -1, 131075, 1, -1, 196611, 196612, 262147, 65539]
    平均时间差: -6987115.0
    配置可信度: 5/15

推荐点数配置: 361 (可信度: 10/15)
建议使用此点数进行数据读取

===== 使用优化后的点数 361 重新加载数据 =====
警告：在帧 10428 (时间戳 72054545) 处文件结束
使用优化后的点数成功读取 10428 帧激光雷达数据

数据点数对比:
  原始计算方法: 361 点
  优化后的点数: 361 点
  点数差异: 0 点
===== 激光雷达数据文件分析 =====
文件路径: ./data/URG_X_20130903_195003.lms
文件大小: 7393.30 KB

头部信息:
  角度范围: 180.0 度
  角分辨率: 0.5 度
  距离单位: 100.0
  计算的每帧数据点数: 361
  每帧数据理论字节数: 726
  估计的总帧数: 10428

帧 #0:
  时间戳: 71403847
  文件位置: 12
  数据点数: 361
  数据范围: 0 - 5010
  零值数量: 8 (2.2%)
  前10个点: (96, 96, 96, 96, 96, 96, 96, 96, 96, 96)
  后10个点: (117, 117, 116, 116, 117, 116, 116, 116, 116, 116)

帧 #1:
  时间戳: 71403897
  文件位置: 738
  数据点数: 361
  数据范围: 0 - 5010
  零值数量: 8 (2.2%)
  前10个点: (96, 96, 96, 96, 97, 96, 96, 96, 96, 96)
  后10个点: (117, 117, 117, 116, 116, 116, 116, 116, 117, 116)

帧 #2:
  时间戳: 71403947
  文件位置: 1464
  数据点数: 361
  数据范围: 0 - 5009
  零值数量: 8 (2.2%)
  前10个点: (97, 97, 97, 96, 96, 96, 96, 96, 97, 97)
  后10个点: (118, 117, 117, 117, 117, 117, 117, 116, 116, 117)

帧 #3:
  时间戳: 71404022
  文件位置: 2190
  数据点数: 361
  数据范围: 0 - 5009
  零值数量: 8 (2.2%)
  前10个点: (96, 96, 96, 96, 96, 96, 96, 96, 96, 96)
  后10个点: (117, 117, 117, 117, 116, 116, 116, 117, 117, 116)

帧 #4:
  时间戳: 71404071
  文件位置: 2916
  数据点数: 361
  数据范围: 0 - 5009
  零值数量: 8 (2.2%)
  前10个点: (97, 96, 96, 97, 97, 96, 96, 96, 96, 96)
  后10个点: (117, 117, 117, 117, 116, 117, 116, 116, 116, 116)

帧 #5:
  时间戳: 71404146
  文件位置: 3642
  数据点数: 361
  数据范围: 0 - 5009
  零值数量: 8 (2.2%)
  前10个点: (97, 97, 96, 96, 96, 97, 96, 96, 97, 97)
  后10个点: (117, 117, 117, 118, 117, 117, 116, 116, 116, 116)

帧 #6:
  时间戳: 71404195
  文件位置: 4368
  数据点数: 361
  数据范围: 0 - 5009
  零值数量: 8 (2.2%)
  前10个点: (96, 96, 96, 96, 96, 96, 96, 96, 96, 96)
  后10个点: (117, 116, 117, 117, 116, 116, 116, 117, 117, 117)

帧 #7:
  时间戳: 71404270
  文件位置: 5094
  数据点数: 361
  数据范围: 0 - 5010
  零值数量: 8 (2.2%)
  前10个点: (96, 96, 96, 96, 96, 96, 96, 96, 96, 95)
  后10个点: (118, 117, 116, 116, 117, 117, 117, 117, 117, 117)

帧 #8:
  时间戳: 71404320
  文件位置: 5820
  数据点数: 361
  数据范围: 0 - 5010
  零值数量: 8 (2.2%)
  前10个点: (97, 96, 97, 97, 96, 95, 96, 96, 97, 96)
  后10个点: (117, 116, 117, 116, 117, 117, 116, 116, 116, 116)

帧 #9:
  时间戳: 71404395
  文件位置: 6546
  数据点数: 361
  数据范围: 0 - 5008
  零值数量: 8 (2.2%)
  前10个点: (96, 97, 97, 97, 96, 96, 96, 96, 96, 97)
  后10个点: (117, 117, 117, 117, 116, 116, 117, 117, 117, 117)
警告：无法读取激光数据，在时间戳 72054545 处文件结束

成功读取 20856 帧激光雷达数据

===== 导出扫描数据到CSV文件 =====
输出文件: ./data/URG_X_20130903_195003.csv
成功导出 20856 帧激光雷达数据到 ./data/URG_X_20130903_195003.csv
