[1.715s] DEBUG:colcon:Command line arguments: ['/usr/bin/colcon', 'build', '--packages-select', 'lms_mapper']
[1.716s] DEBUG:colcon:Parsed command line arguments: Namespace(log_base=None, log_level=None, verb_name='build', build_base='build', install_base='install', merge_install=False, symlink_install=False, test_result_base=None, continue_on_error=False, executor='parallel', parallel_workers=8, event_handlers=None, ignore_user_meta=False, metas=['./colcon.meta'], base_paths=['.'], packages_ignore=None, packages_ignore_regex=None, paths=None, packages_up_to=None, packages_up_to_regex=None, packages_above=None, packages_above_and_dependencies=None, packages_above_depth=None, packages_select_by_dep=None, packages_skip_by_dep=None, packages_skip_up_to=None, packages_select_build_failed=False, packages_skip_build_finished=False, packages_select_test_failures=False, packages_skip_test_passed=False, packages_select=['lms_mapper'], packages_skip=None, packages_select_regex=None, packages_skip_regex=None, packages_start=None, packages_end=None, cmake_args=None, cmake_target=None, cmake_target_skip_unavailable=False, cmake_clean_cache=False, cmake_clean_first=False, cmake_force_configure=False, ament_cmake_args=None, catkin_cmake_args=None, catkin_skip_building_tests=False, mixin_files=None, mixin=None, verb_parser=<colcon_mixin.mixin.mixin_argument.MixinArgumentDecorator object at 0x7ffffe3de200>, verb_extension=<colcon_core.verb.build.BuildVerb object at 0x7ffffe3dde70>, main=<bound method BuildVerb.main of <colcon_core.verb.build.BuildVerb object at 0x7ffffe3dde70>>, mixin_verb=('build',))
[2.811s] Level 1:colcon.colcon_core.package_discovery:discover_packages(colcon_meta) check parameters
[2.851s] INFO:colcon.colcon_metadata.package_discovery.colcon_meta:Using configuration from '/root/.colcon/metadata/default/Gazebo.meta'
[2.853s] INFO:colcon.colcon_metadata.package_discovery.colcon_meta:Using configuration from '/root/.colcon/metadata/default/fastrtps.meta'
[2.853s] Level 1:colcon.colcon_core.package_discovery:discover_packages(recursive) check parameters
[2.853s] Level 1:colcon.colcon_core.package_discovery:discover_packages(ignore) check parameters
[2.853s] Level 1:colcon.colcon_core.package_discovery:discover_packages(path) check parameters
[2.853s] Level 1:colcon.colcon_core.package_discovery:discover_packages(colcon_meta) discover
[2.853s] Level 1:colcon.colcon_core.package_discovery:discover_packages(recursive) discover
[2.853s] INFO:colcon.colcon_core.package_discovery:Crawling recursively for packages in '/IntelligentMobileRobots2025/work3'
[2.853s] Level 1:colcon.colcon_core.package_identification:_identify(.) by extensions ['ignore', 'ignore_ament_install']
[2.853s] Level 1:colcon.colcon_core.package_identification:_identify(.) by extension 'ignore'
[2.854s] Level 1:colcon.colcon_core.package_identification:_identify(.) by extension 'ignore_ament_install'
[2.854s] Level 1:colcon.colcon_core.package_identification:_identify(.) by extensions ['colcon_pkg']
[2.854s] Level 1:colcon.colcon_core.package_identification:_identify(.) by extension 'colcon_pkg'
[2.854s] Level 1:colcon.colcon_core.package_identification:_identify(.) by extensions ['colcon_meta']
[2.854s] Level 1:colcon.colcon_core.package_identification:_identify(.) by extension 'colcon_meta'
[2.854s] Level 1:colcon.colcon_core.package_identification:_identify(.) by extensions ['ros']
[2.854s] Level 1:colcon.colcon_core.package_identification:_identify(.) by extension 'ros'
[3.066s] Level 1:colcon.colcon_core.package_identification:_identify(.) by extensions ['cmake', 'python']
[3.066s] Level 1:colcon.colcon_core.package_identification:_identify(.) by extension 'cmake'
[3.066s] Level 1:colcon.colcon_core.package_identification:_identify(.) by extension 'python'
[3.066s] Level 1:colcon.colcon_core.package_identification:_identify(.) by extensions ['python_setup_py']
[3.067s] Level 1:colcon.colcon_core.package_identification:_identify(.) by extension 'python_setup_py'
[3.067s] Level 1:colcon.colcon_core.package_identification:_identify(build) by extensions ['ignore', 'ignore_ament_install']
[3.067s] Level 1:colcon.colcon_core.package_identification:_identify(build) by extension 'ignore'
[3.067s] Level 1:colcon.colcon_core.package_identification:_identify(build) ignored
[3.067s] Level 1:colcon.colcon_core.package_identification:_identify(install) by extensions ['ignore', 'ignore_ament_install']
[3.067s] Level 1:colcon.colcon_core.package_identification:_identify(install) by extension 'ignore'
[3.067s] Level 1:colcon.colcon_core.package_identification:_identify(install) ignored
[3.067s] Level 1:colcon.colcon_core.package_identification:_identify(lms_data.bag) by extensions ['ignore', 'ignore_ament_install']
[3.067s] Level 1:colcon.colcon_core.package_identification:_identify(lms_data.bag) by extension 'ignore'
[3.067s] Level 1:colcon.colcon_core.package_identification:_identify(lms_data.bag) by extension 'ignore_ament_install'
[3.067s] Level 1:colcon.colcon_core.package_identification:_identify(lms_data.bag) by extensions ['colcon_pkg']
[3.067s] Level 1:colcon.colcon_core.package_identification:_identify(lms_data.bag) by extension 'colcon_pkg'
[3.067s] Level 1:colcon.colcon_core.package_identification:_identify(lms_data.bag) by extensions ['colcon_meta']
[3.067s] Level 1:colcon.colcon_core.package_identification:_identify(lms_data.bag) by extension 'colcon_meta'
[3.067s] Level 1:colcon.colcon_core.package_identification:_identify(lms_data.bag) by extensions ['ros']
[3.067s] Level 1:colcon.colcon_core.package_identification:_identify(lms_data.bag) by extension 'ros'
[3.068s] Level 1:colcon.colcon_core.package_identification:_identify(lms_data.bag) by extensions ['cmake', 'python']
[3.068s] Level 1:colcon.colcon_core.package_identification:_identify(lms_data.bag) by extension 'cmake'
[3.068s] Level 1:colcon.colcon_core.package_identification:_identify(lms_data.bag) by extension 'python'
[3.068s] Level 1:colcon.colcon_core.package_identification:_identify(lms_data.bag) by extensions ['python_setup_py']
[3.068s] Level 1:colcon.colcon_core.package_identification:_identify(lms_data.bag) by extension 'python_setup_py'
[3.068s] Level 1:colcon.colcon_core.package_identification:_identify(log) by extensions ['ignore', 'ignore_ament_install']
[3.068s] Level 1:colcon.colcon_core.package_identification:_identify(log) by extension 'ignore'
[3.068s] Level 1:colcon.colcon_core.package_identification:_identify(log) ignored
[3.068s] Level 1:colcon.colcon_core.package_identification:_identify(src) by extensions ['ignore', 'ignore_ament_install']
[3.068s] Level 1:colcon.colcon_core.package_identification:_identify(src) by extension 'ignore'
[3.068s] Level 1:colcon.colcon_core.package_identification:_identify(src) by extension 'ignore_ament_install'
[3.068s] Level 1:colcon.colcon_core.package_identification:_identify(src) by extensions ['colcon_pkg']
[3.068s] Level 1:colcon.colcon_core.package_identification:_identify(src) by extension 'colcon_pkg'
[3.068s] Level 1:colcon.colcon_core.package_identification:_identify(src) by extensions ['colcon_meta']
[3.090s] Level 1:colcon.colcon_core.package_identification:_identify(src) by extension 'colcon_meta'
[3.090s] Level 1:colcon.colcon_core.package_identification:_identify(src) by extensions ['ros']
[3.090s] Level 1:colcon.colcon_core.package_identification:_identify(src) by extension 'ros'
[3.090s] Level 1:colcon.colcon_core.package_identification:_identify(src) by extensions ['cmake', 'python']
[3.090s] Level 1:colcon.colcon_core.package_identification:_identify(src) by extension 'cmake'
[3.090s] Level 1:colcon.colcon_core.package_identification:_identify(src) by extension 'python'
[3.091s] Level 1:colcon.colcon_core.package_identification:_identify(src) by extensions ['python_setup_py']
[3.091s] Level 1:colcon.colcon_core.package_identification:_identify(src) by extension 'python_setup_py'
[3.091s] Level 1:colcon.colcon_core.package_identification:_identify(src/lms_data) by extensions ['ignore', 'ignore_ament_install']
[3.091s] Level 1:colcon.colcon_core.package_identification:_identify(src/lms_data) by extension 'ignore'
[3.091s] Level 1:colcon.colcon_core.package_identification:_identify(src/lms_data) by extension 'ignore_ament_install'
[3.091s] Level 1:colcon.colcon_core.package_identification:_identify(src/lms_data) by extensions ['colcon_pkg']
[3.091s] Level 1:colcon.colcon_core.package_identification:_identify(src/lms_data) by extension 'colcon_pkg'
[3.091s] Level 1:colcon.colcon_core.package_identification:_identify(src/lms_data) by extensions ['colcon_meta']
[3.091s] Level 1:colcon.colcon_core.package_identification:_identify(src/lms_data) by extension 'colcon_meta'
[3.091s] Level 1:colcon.colcon_core.package_identification:_identify(src/lms_data) by extensions ['ros']
[3.091s] Level 1:colcon.colcon_core.package_identification:_identify(src/lms_data) by extension 'ros'
[3.142s] DEBUG:colcon.colcon_core.package_identification:Package 'src/lms_data' with type 'ros.ament_python' and name 'lms_data'
[3.142s] Level 1:colcon.colcon_core.package_identification:_identify(src/lms_mapper) by extensions ['ignore', 'ignore_ament_install']
[3.142s] Level 1:colcon.colcon_core.package_identification:_identify(src/lms_mapper) by extension 'ignore'
[3.142s] Level 1:colcon.colcon_core.package_identification:_identify(src/lms_mapper) by extension 'ignore_ament_install'
[3.142s] Level 1:colcon.colcon_core.package_identification:_identify(src/lms_mapper) by extensions ['colcon_pkg']
[3.142s] Level 1:colcon.colcon_core.package_identification:_identify(src/lms_mapper) by extension 'colcon_pkg'
[3.142s] Level 1:colcon.colcon_core.package_identification:_identify(src/lms_mapper) by extensions ['colcon_meta']
[3.142s] Level 1:colcon.colcon_core.package_identification:_identify(src/lms_mapper) by extension 'colcon_meta'
[3.142s] Level 1:colcon.colcon_core.package_identification:_identify(src/lms_mapper) by extensions ['ros']
[3.143s] Level 1:colcon.colcon_core.package_identification:_identify(src/lms_mapper) by extension 'ros'
[3.143s] DEBUG:colcon.colcon_core.package_identification:Package 'src/lms_mapper' with type 'ros.ament_python' and name 'lms_mapper'
[3.143s] Level 1:colcon.colcon_core.package_discovery:discover_packages(recursive) using defaults
[3.143s] Level 1:colcon.colcon_core.package_discovery:discover_packages(ignore) discover
[3.143s] Level 1:colcon.colcon_core.package_discovery:discover_packages(ignore) using defaults
[3.143s] Level 1:colcon.colcon_core.package_discovery:discover_packages(path) discover
[3.144s] Level 1:colcon.colcon_core.package_discovery:discover_packages(path) using defaults
[3.417s] INFO:colcon.colcon_core.package_selection:Skipping not selected package 'lms_data' in 'src/lms_data'
[3.418s] Level 5:colcon.colcon_core.verb:set package 'lms_mapper' build argument 'cmake_args' from command line to 'None'
[3.418s] Level 5:colcon.colcon_core.verb:set package 'lms_mapper' build argument 'cmake_target' from command line to 'None'
[3.418s] Level 5:colcon.colcon_core.verb:set package 'lms_mapper' build argument 'cmake_target_skip_unavailable' from command line to 'False'
[3.418s] Level 5:colcon.colcon_core.verb:set package 'lms_mapper' build argument 'cmake_clean_cache' from command line to 'False'
[3.418s] Level 5:colcon.colcon_core.verb:set package 'lms_mapper' build argument 'cmake_clean_first' from command line to 'False'
[3.418s] Level 5:colcon.colcon_core.verb:set package 'lms_mapper' build argument 'cmake_force_configure' from command line to 'False'
[3.418s] Level 5:colcon.colcon_core.verb:set package 'lms_mapper' build argument 'ament_cmake_args' from command line to 'None'
[3.418s] Level 5:colcon.colcon_core.verb:set package 'lms_mapper' build argument 'catkin_cmake_args' from command line to 'None'
[3.418s] Level 5:colcon.colcon_core.verb:set package 'lms_mapper' build argument 'catkin_skip_building_tests' from command line to 'False'
[3.418s] DEBUG:colcon.colcon_core.verb:Building package 'lms_mapper' with the following arguments: {'ament_cmake_args': None, 'build_base': '/IntelligentMobileRobots2025/work3/build/lms_mapper', 'catkin_cmake_args': None, 'catkin_skip_building_tests': False, 'cmake_args': None, 'cmake_clean_cache': False, 'cmake_clean_first': False, 'cmake_force_configure': False, 'cmake_target': None, 'cmake_target_skip_unavailable': False, 'install_base': '/IntelligentMobileRobots2025/work3/install/lms_mapper', 'merge_install': False, 'path': '/IntelligentMobileRobots2025/work3/src/lms_mapper', 'symlink_install': False, 'test_result_base': None}
[3.443s] INFO:colcon.colcon_core.executor:Executing jobs using 'parallel' executor
[3.473s] DEBUG:colcon.colcon_parallel_executor.executor.parallel:run_until_complete
[3.474s] INFO:colcon.colcon_ros.task.ament_python.build:Building ROS package in '/IntelligentMobileRobots2025/work3/src/lms_mapper' with build type 'ament_python'
[3.474s] Level 1:colcon.colcon_core.shell:create_environment_hook('lms_mapper', 'ament_prefix_path')
[3.501s] INFO:colcon.colcon_core.plugin_system:Skipping extension 'colcon_core.shell.bat': Not used on non-Windows systems
[3.501s] INFO:colcon.colcon_core.shell:Creating environment hook '/IntelligentMobileRobots2025/work3/install/lms_mapper/share/lms_mapper/hook/ament_prefix_path.ps1'
[3.530s] INFO:colcon.colcon_core.shell:Creating environment descriptor '/IntelligentMobileRobots2025/work3/install/lms_mapper/share/lms_mapper/hook/ament_prefix_path.dsv'
[3.555s] INFO:colcon.colcon_core.shell:Creating environment hook '/IntelligentMobileRobots2025/work3/install/lms_mapper/share/lms_mapper/hook/ament_prefix_path.sh'
[3.589s] INFO:colcon.colcon_core.shell:Skip shell extension 'powershell' for command environment: Not usable outside of PowerShell
[3.590s] DEBUG:colcon.colcon_core.shell:Skip shell extension 'dsv' for command environment
[6.602s] INFO:colcon.colcon_core.task.python.build:Building Python package in '/IntelligentMobileRobots2025/work3/src/lms_mapper'
[6.605s] INFO:colcon.colcon_core.shell:Skip shell extension 'powershell' for command environment: Not usable outside of PowerShell
[6.608s] DEBUG:colcon.colcon_core.shell:Skip shell extension 'dsv' for command environment
[10.597s] DEBUG:colcon.colcon_core.event_handler.log_command:Invoking command in '/IntelligentMobileRobots2025/work3/build/lms_mapper': PYTHONPATH=/IntelligentMobileRobots2025/work3/build/lms_mapper/prefix_override:/usr/lib/python3/dist-packages/colcon_core/task/python/colcon_distutils_commands:/IntelligentMobileRobots2025/work3/install/lms_mapper/lib/python3.10/site-packages: /usr/bin/python3 -W ignore:setup.py install is deprecated -W ignore:easy_install command is deprecated setup.py develop --uninstall --editable --build-directory /IntelligentMobileRobots2025/work3/build/lms_mapper/build
[13.197s] DEBUG:colcon.colcon_core.event_handler.log_command:Invoked command in '/IntelligentMobileRobots2025/work3/build/lms_mapper' returned '0': PYTHONPATH=/IntelligentMobileRobots2025/work3/build/lms_mapper/prefix_override:/usr/lib/python3/dist-packages/colcon_core/task/python/colcon_distutils_commands:/IntelligentMobileRobots2025/work3/install/lms_mapper/lib/python3.10/site-packages: /usr/bin/python3 -W ignore:setup.py install is deprecated -W ignore:easy_install command is deprecated setup.py develop --uninstall --editable --build-directory /IntelligentMobileRobots2025/work3/build/lms_mapper/build
[13.198s] DEBUG:colcon.colcon_core.event_handler.log_command:Invoking command in '/IntelligentMobileRobots2025/work3/src/lms_mapper': PYTHONPATH=/IntelligentMobileRobots2025/work3/build/lms_mapper/prefix_override:/usr/lib/python3/dist-packages/colcon_core/task/python/colcon_distutils_commands:/IntelligentMobileRobots2025/work3/install/lms_mapper/lib/python3.10/site-packages: /usr/bin/python3 -W ignore:setup.py install is deprecated -W ignore:easy_install command is deprecated setup.py egg_info --egg-base ../../build/lms_mapper build --build-base /IntelligentMobileRobots2025/work3/build/lms_mapper/build install --record /IntelligentMobileRobots2025/work3/build/lms_mapper/install.log --single-version-externally-managed install_data --force
[17.744s] DEBUG:colcon.colcon_core.event_handler.log_command:Invoked command in '/IntelligentMobileRobots2025/work3/src/lms_mapper' returned '0': PYTHONPATH=/IntelligentMobileRobots2025/work3/build/lms_mapper/prefix_override:/usr/lib/python3/dist-packages/colcon_core/task/python/colcon_distutils_commands:/IntelligentMobileRobots2025/work3/install/lms_mapper/lib/python3.10/site-packages: /usr/bin/python3 -W ignore:setup.py install is deprecated -W ignore:easy_install command is deprecated setup.py egg_info --egg-base ../../build/lms_mapper build --build-base /IntelligentMobileRobots2025/work3/build/lms_mapper/build install --record /IntelligentMobileRobots2025/work3/build/lms_mapper/install.log --single-version-externally-managed install_data --force
[17.859s] Level 1:colcon.colcon_core.environment:checking '/IntelligentMobileRobots2025/work3/install/lms_mapper' for CMake module files
[17.900s] Level 1:colcon.colcon_core.environment:checking '/IntelligentMobileRobots2025/work3/install/lms_mapper' for CMake config files
[17.960s] Level 1:colcon.colcon_core.environment:checking '/IntelligentMobileRobots2025/work3/install/lms_mapper/lib'
[17.961s] Level 1:colcon.colcon_core.environment:checking '/IntelligentMobileRobots2025/work3/install/lms_mapper/bin'
[17.961s] Level 1:colcon.colcon_core.shell:create_environment_hook('lms_mapper', 'path')
[17.962s] INFO:colcon.colcon_core.shell:Creating environment hook '/IntelligentMobileRobots2025/work3/install/lms_mapper/share/lms_mapper/hook/path.ps1'
[17.994s] INFO:colcon.colcon_core.shell:Creating environment descriptor '/IntelligentMobileRobots2025/work3/install/lms_mapper/share/lms_mapper/hook/path.dsv'
[18.030s] INFO:colcon.colcon_core.shell:Creating environment hook '/IntelligentMobileRobots2025/work3/install/lms_mapper/share/lms_mapper/hook/path.sh'
[18.031s] Level 1:colcon.colcon_core.environment:checking '/IntelligentMobileRobots2025/work3/install/lms_mapper/lib/pkgconfig/lms_mapper.pc'
[18.032s] Level 1:colcon.colcon_core.environment:checking '/IntelligentMobileRobots2025/work3/install/lms_mapper/lib/python3.10/site-packages'
[18.032s] Level 1:colcon.colcon_core.shell:create_environment_hook('lms_mapper', 'pythonpath')
[18.032s] INFO:colcon.colcon_core.shell:Creating environment hook '/IntelligentMobileRobots2025/work3/install/lms_mapper/share/lms_mapper/hook/pythonpath.ps1'
[18.032s] INFO:colcon.colcon_core.shell:Creating environment descriptor '/IntelligentMobileRobots2025/work3/install/lms_mapper/share/lms_mapper/hook/pythonpath.dsv'
[18.033s] INFO:colcon.colcon_core.shell:Creating environment hook '/IntelligentMobileRobots2025/work3/install/lms_mapper/share/lms_mapper/hook/pythonpath.sh'
[18.054s] Level 1:colcon.colcon_core.environment:checking '/IntelligentMobileRobots2025/work3/install/lms_mapper/bin'
[18.054s] Level 1:colcon.colcon_core.shell:create_environment_hook('lms_mapper', 'pythonscriptspath')
[18.054s] INFO:colcon.colcon_core.shell:Creating environment hook '/IntelligentMobileRobots2025/work3/install/lms_mapper/share/lms_mapper/hook/pythonscriptspath.ps1'
[18.054s] INFO:colcon.colcon_core.shell:Creating environment descriptor '/IntelligentMobileRobots2025/work3/install/lms_mapper/share/lms_mapper/hook/pythonscriptspath.dsv'
[18.054s] INFO:colcon.colcon_core.shell:Creating environment hook '/IntelligentMobileRobots2025/work3/install/lms_mapper/share/lms_mapper/hook/pythonscriptspath.sh'
[18.055s] Level 1:colcon.colcon_core.environment:create_environment_scripts_only(lms_mapper)
[18.055s] INFO:colcon.colcon_core.shell:Creating package script '/IntelligentMobileRobots2025/work3/install/lms_mapper/share/lms_mapper/package.ps1'
[18.083s] INFO:colcon.colcon_core.shell:Creating package descriptor '/IntelligentMobileRobots2025/work3/install/lms_mapper/share/lms_mapper/package.dsv'
[18.084s] INFO:colcon.colcon_core.shell:Creating package script '/IntelligentMobileRobots2025/work3/install/lms_mapper/share/lms_mapper/package.sh'
[18.116s] INFO:colcon.colcon_core.shell:Creating package script '/IntelligentMobileRobots2025/work3/install/lms_mapper/share/lms_mapper/package.bash'
[18.147s] INFO:colcon.colcon_core.shell:Creating package script '/IntelligentMobileRobots2025/work3/install/lms_mapper/share/lms_mapper/package.zsh'
[18.148s] Level 1:colcon.colcon_core.environment:create_file_with_runtime_dependencies(/IntelligentMobileRobots2025/work3/install/lms_mapper/share/colcon-core/packages/lms_mapper)
[18.172s] DEBUG:colcon.colcon_parallel_executor.executor.parallel:closing loop
[18.173s] DEBUG:colcon.colcon_parallel_executor.executor.parallel:loop closed
[18.173s] DEBUG:colcon.colcon_parallel_executor.executor.parallel:run_until_complete finished with '0'
[18.173s] DEBUG:colcon.colcon_core.event_reactor:joining thread
[18.391s] INFO:colcon.colcon_core.plugin_system:Skipping extension 'colcon_notification.desktop_notification.notify_send': Could not find 'notify-send'
[18.391s] INFO:colcon.colcon_core.plugin_system:Skipping extension 'colcon_notification.desktop_notification.terminal_notifier': Not used on non-Darwin systems
[18.391s] INFO:colcon.colcon_core.plugin_system:Skipping extension 'colcon_notification.desktop_notification.win32': Not used on non-Windows systems
[18.392s] INFO:colcon.colcon_notification.desktop_notification:Sending desktop notification using 'notify2'
[18.538s] DEBUG:colcon.colcon_notification.desktop_notification.notify2:Failed to initialize notify2: org.freedesktop.DBus.Error.Spawn.ExecFailed: /usr/bin/dbus-launch terminated abnormally without any error message
[18.574s] DEBUG:colcon.colcon_core.event_reactor:joined thread
[18.583s] INFO:colcon.colcon_core.shell:Creating prefix script '/IntelligentMobileRobots2025/work3/install/local_setup.ps1'
[18.592s] INFO:colcon.colcon_core.shell:Creating prefix util module '/IntelligentMobileRobots2025/work3/install/_local_setup_util_ps1.py'
[18.602s] INFO:colcon.colcon_core.shell:Creating prefix chain script '/IntelligentMobileRobots2025/work3/install/setup.ps1'
[18.603s] INFO:colcon.colcon_core.shell:Creating prefix script '/IntelligentMobileRobots2025/work3/install/local_setup.sh'
[18.621s] INFO:colcon.colcon_core.shell:Creating prefix util module '/IntelligentMobileRobots2025/work3/install/_local_setup_util_sh.py'
[18.621s] INFO:colcon.colcon_core.shell:Creating prefix chain script '/IntelligentMobileRobots2025/work3/install/setup.sh'
[18.626s] INFO:colcon.colcon_core.shell:Creating prefix script '/IntelligentMobileRobots2025/work3/install/local_setup.bash'
[18.627s] INFO:colcon.colcon_core.shell:Creating prefix chain script '/IntelligentMobileRobots2025/work3/install/setup.bash'
[18.644s] INFO:colcon.colcon_core.shell:Creating prefix script '/IntelligentMobileRobots2025/work3/install/local_setup.zsh'
[18.645s] INFO:colcon.colcon_core.shell:Creating prefix chain script '/IntelligentMobileRobots2025/work3/install/setup.zsh'
