[5.633s] Invoking command in '/IntelligentMobileRobots2025/work3/build/lms_data': PYTHONPATH=/IntelligentMobileRobots2025/work3/build/lms_data/prefix_override:/usr/lib/python3/dist-packages/colcon_core/task/python/colcon_distutils_commands:/IntelligentMobileRobots2025/work3/install/lms_data/lib/python3.10/site-packages:${PYTHONPATH} /usr/bin/python3 -W ignore:setup.py install is deprecated -W ignore:easy_install command is deprecated setup.py develop --editable --build-directory /IntelligentMobileRobots2025/work3/build/lms_data/build --no-deps symlink_data
[7.495s] running develop
[8.196s] running egg_info
[8.196s] creating lms_data.egg-info
[8.202s] writing lms_data.egg-info/PKG-INFO
[8.203s] writing dependency_links to lms_data.egg-info/dependency_links.txt
[8.203s] writing entry points to lms_data.egg-info/entry_points.txt
[8.203s] writing requirements to lms_data.egg-info/requires.txt
[8.203s] writing top-level names to lms_data.egg-info/top_level.txt
[8.203s] writing manifest file 'lms_data.egg-info/SOURCES.txt'
[8.216s] reading manifest file 'lms_data.egg-info/SOURCES.txt'
[8.217s] writing manifest file 'lms_data.egg-info/SOURCES.txt'
[8.223s] running build_ext
[8.223s] Creating /IntelligentMobileRobots2025/work3/install/lms_data/lib/python3.10/site-packages/lms-data.egg-link (link to .)
[8.223s] Installing lms_to_rosbag script to /IntelligentMobileRobots2025/work3/install/lms_data/bin
[8.231s] 
[8.231s] Installed /IntelligentMobileRobots2025/work3/build/lms_data
[8.231s] running symlink_data
[8.232s] creating /IntelligentMobileRobots2025/work3/install/lms_data/share/ament_index
[8.232s] creating /IntelligentMobileRobots2025/work3/install/lms_data/share/ament_index/resource_index
[8.236s] creating /IntelligentMobileRobots2025/work3/install/lms_data/share/ament_index/resource_index/packages
[8.236s] symbolically linking /IntelligentMobileRobots2025/work3/build/lms_data/resource/lms_data -> /IntelligentMobileRobots2025/work3/install/lms_data/share/ament_index/resource_index/packages
[8.237s] symbolically linking /IntelligentMobileRobots2025/work3/build/lms_data/package.xml -> /IntelligentMobileRobots2025/work3/install/lms_data/share/lms_data
[8.416s] Invoked command in '/IntelligentMobileRobots2025/work3/build/lms_data' returned '0': PYTHONPATH=/IntelligentMobileRobots2025/work3/build/lms_data/prefix_override:/usr/lib/python3/dist-packages/colcon_core/task/python/colcon_distutils_commands:/IntelligentMobileRobots2025/work3/install/lms_data/lib/python3.10/site-packages:${PYTHONPATH} /usr/bin/python3 -W ignore:setup.py install is deprecated -W ignore:easy_install command is deprecated setup.py develop --editable --build-directory /IntelligentMobileRobots2025/work3/build/lms_data/build --no-deps symlink_data
