[6.586s] Invoking command in '/IntelligentMobileRobots2025/work3/src/lms_mapper': PYTHONPATH=/IntelligentMobileRobots2025/work3/build/lms_mapper/prefix_override:/usr/lib/python3/dist-packages/colcon_core/task/python/colcon_distutils_commands:/IntelligentMobileRobots2025/work3/install/lms_mapper/lib/python3.10/site-packages: /usr/bin/python3 -W ignore:setup.py install is deprecated -W ignore:easy_install command is deprecated setup.py egg_info --egg-base ../../build/lms_mapper build --build-base /IntelligentMobileRobots2025/work3/build/lms_mapper/build install --record /IntelligentMobileRobots2025/work3/build/lms_mapper/install.log --single-version-externally-managed install_data
[7.579s] running egg_info
[7.580s] writing ../../build/lms_mapper/lms_mapper.egg-info/PKG-INFO
[7.580s] writing dependency_links to ../../build/lms_mapper/lms_mapper.egg-info/dependency_links.txt
[7.580s] writing entry points to ../../build/lms_mapper/lms_mapper.egg-info/entry_points.txt
[7.580s] writing requirements to ../../build/lms_mapper/lms_mapper.egg-info/requires.txt
[7.580s] writing top-level names to ../../build/lms_mapper/lms_mapper.egg-info/top_level.txt
[7.590s] reading manifest file '../../build/lms_mapper/lms_mapper.egg-info/SOURCES.txt'
[7.590s] writing manifest file '../../build/lms_mapper/lms_mapper.egg-info/SOURCES.txt'
[7.590s] running build
[7.591s] running build_py
[7.591s] copying lms_mapper/lms_mapper_node.py -> /IntelligentMobileRobots2025/work3/build/lms_mapper/build/lib/lms_mapper
[7.591s] running install
[7.594s] running install_lib
[7.596s] copying /IntelligentMobileRobots2025/work3/build/lms_mapper/build/lib/lms_mapper/lms_mapper_node.py -> /IntelligentMobileRobots2025/work3/install/lms_mapper/lib/python3.10/site-packages/lms_mapper
[7.596s] byte-compiling /IntelligentMobileRobots2025/work3/install/lms_mapper/lib/python3.10/site-packages/lms_mapper/lms_mapper_node.py to lms_mapper_node.cpython-310.pyc
[7.652s] running install_data
[7.652s] running install_egg_info
[7.660s] removing '/IntelligentMobileRobots2025/work3/install/lms_mapper/lib/python3.10/site-packages/lms_mapper-0.0.1-py3.10.egg-info' (and everything under it)
[7.660s] Copying ../../build/lms_mapper/lms_mapper.egg-info to /IntelligentMobileRobots2025/work3/install/lms_mapper/lib/python3.10/site-packages/lms_mapper-0.0.1-py3.10.egg-info
[7.668s] running install_scripts
[7.836s] Installing lms_mapper_node script to /IntelligentMobileRobots2025/work3/install/lms_mapper/bin
[7.848s] writing list of installed files to '/IntelligentMobileRobots2025/work3/build/lms_mapper/install.log'
[8.034s] Invoked command in '/IntelligentMobileRobots2025/work3/src/lms_mapper' returned '0': PYTHONPATH=/IntelligentMobileRobots2025/work3/build/lms_mapper/prefix_override:/usr/lib/python3/dist-packages/colcon_core/task/python/colcon_distutils_commands:/IntelligentMobileRobots2025/work3/install/lms_mapper/lib/python3.10/site-packages: /usr/bin/python3 -W ignore:setup.py install is deprecated -W ignore:easy_install command is deprecated setup.py egg_info --egg-base ../../build/lms_mapper build --build-base /IntelligentMobileRobots2025/work3/build/lms_mapper/build install --record /IntelligentMobileRobots2025/work3/build/lms_mapper/install.log --single-version-externally-managed install_data
