[7.774s] Invoking command in '/IntelligentMobileRobots2025/work3/build/lms_mapper': PYTHONPATH=/IntelligentMobileRobots2025/work3/build/lms_mapper/prefix_override:/usr/lib/python3/dist-packages/colcon_core/task/python/colcon_distutils_commands:/IntelligentMobileRobots2025/work3/install/lms_mapper/lib/python3.10/site-packages:${PYTHONPATH} /usr/bin/python3 -W ignore:setup.py install is deprecated -W ignore:easy_install command is deprecated setup.py develop --editable --build-directory /IntelligentMobileRobots2025/work3/build/lms_mapper/build --no-deps symlink_data
[9.876s] running develop
[10.645s] running egg_info
[10.659s] creating lms_mapper.egg-info
[10.659s] writing lms_mapper.egg-info/PKG-INFO
[10.660s] writing dependency_links to lms_mapper.egg-info/dependency_links.txt
[10.660s] writing entry points to lms_mapper.egg-info/entry_points.txt
[10.660s] writing requirements to lms_mapper.egg-info/requires.txt
[10.660s] writing top-level names to lms_mapper.egg-info/top_level.txt
[10.660s] writing manifest file 'lms_mapper.egg-info/SOURCES.txt'
[10.660s] reading manifest file 'lms_mapper.egg-info/SOURCES.txt'
[10.660s] writing manifest file 'lms_mapper.egg-info/SOURCES.txt'
[10.680s] running build_ext
[10.681s] Creating /IntelligentMobileRobots2025/work3/install/lms_mapper/lib/python3.10/site-packages/lms-mapper.egg-link (link to .)
[10.706s] Installing lms_mapper_node script to /IntelligentMobileRobots2025/work3/install/lms_mapper/bin
[10.707s] 
[10.707s] Installed /IntelligentMobileRobots2025/work3/build/lms_mapper
[10.707s] running symlink_data
[10.707s] creating /IntelligentMobileRobots2025/work3/install/lms_mapper/share/ament_index
[10.707s] creating /IntelligentMobileRobots2025/work3/install/lms_mapper/share/ament_index/resource_index
[10.707s] creating /IntelligentMobileRobots2025/work3/install/lms_mapper/share/ament_index/resource_index/packages
[10.707s] symbolically linking /IntelligentMobileRobots2025/work3/build/lms_mapper/resource/lms_mapper -> /IntelligentMobileRobots2025/work3/install/lms_mapper/share/ament_index/resource_index/packages
[10.708s] symbolically linking /IntelligentMobileRobots2025/work3/build/lms_mapper/package.xml -> /IntelligentMobileRobots2025/work3/install/lms_mapper/share/lms_mapper
[10.909s] Invoked command in '/IntelligentMobileRobots2025/work3/build/lms_mapper' returned '0': PYTHONPATH=/IntelligentMobileRobots2025/work3/build/lms_mapper/prefix_override:/usr/lib/python3/dist-packages/colcon_core/task/python/colcon_distutils_commands:/IntelligentMobileRobots2025/work3/install/lms_mapper/lib/python3.10/site-packages:${PYTHONPATH} /usr/bin/python3 -W ignore:setup.py install is deprecated -W ignore:easy_install command is deprecated setup.py develop --editable --build-directory /IntelligentMobileRobots2025/work3/build/lms_mapper/build --no-deps symlink_data
