[7.166s] Invoking command in '/IntelligentMobileRobots2025/work3/build/lms_mapper': PYTHONPATH=/IntelligentMobileRobots2025/work3/build/lms_mapper/prefix_override:/usr/lib/python3/dist-packages/colcon_core/task/python/colcon_distutils_commands:/IntelligentMobileRobots2025/work3/install/lms_mapper/lib/python3.10/site-packages: /usr/bin/python3 -W ignore:setup.py install is deprecated -W ignore:easy_install command is deprecated setup.py develop --uninstall --editable --build-directory /IntelligentMobileRobots2025/work3/build/lms_mapper/build
[10.512s] running develop
[10.935s] Removing /IntelligentMobileRobots2025/work3/install/lms_mapper/lib/python3.10/site-packages/lms-mapper.egg-link (link to .)
[11.088s] Invoked command in '/IntelligentMobileRobots2025/work3/build/lms_mapper' returned '0': PYTHONPATH=/IntelligentMobileRobots2025/work3/build/lms_mapper/prefix_override:/usr/lib/python3/dist-packages/colcon_core/task/python/colcon_distutils_commands:/IntelligentMobileRobots2025/work3/install/lms_mapper/lib/python3.10/site-packages: /usr/bin/python3 -W ignore:setup.py install is deprecated -W ignore:easy_install command is deprecated setup.py develop --uninstall --editable --build-directory /IntelligentMobileRobots2025/work3/build/lms_mapper/build
[11.088s] Invoking command in '/IntelligentMobileRobots2025/work3/src/lms_mapper': PYTHONPATH=/IntelligentMobileRobots2025/work3/build/lms_mapper/prefix_override:/usr/lib/python3/dist-packages/colcon_core/task/python/colcon_distutils_commands:/IntelligentMobileRobots2025/work3/install/lms_mapper/lib/python3.10/site-packages: /usr/bin/python3 -W ignore:setup.py install is deprecated -W ignore:easy_install command is deprecated setup.py egg_info --egg-base ../../build/lms_mapper build --build-base /IntelligentMobileRobots2025/work3/build/lms_mapper/build install --record /IntelligentMobileRobots2025/work3/build/lms_mapper/install.log --single-version-externally-managed install_data --force
[14.173s] running egg_info
[14.173s] writing ../../build/lms_mapper/lms_mapper.egg-info/PKG-INFO
[14.173s] writing dependency_links to ../../build/lms_mapper/lms_mapper.egg-info/dependency_links.txt
[14.173s] writing entry points to ../../build/lms_mapper/lms_mapper.egg-info/entry_points.txt
[14.173s] writing requirements to ../../build/lms_mapper/lms_mapper.egg-info/requires.txt
[14.173s] writing top-level names to ../../build/lms_mapper/lms_mapper.egg-info/top_level.txt
[14.190s] reading manifest file '../../build/lms_mapper/lms_mapper.egg-info/SOURCES.txt'
[14.190s] writing manifest file '../../build/lms_mapper/lms_mapper.egg-info/SOURCES.txt'
[14.190s] running build
[14.190s] running build_py
[14.190s] creating /IntelligentMobileRobots2025/work3/build/lms_mapper/build
[14.210s] creating /IntelligentMobileRobots2025/work3/build/lms_mapper/build/lib
[14.210s] creating /IntelligentMobileRobots2025/work3/build/lms_mapper/build/lib/lms_mapper
[14.210s] copying lms_mapper/__init__.py -> /IntelligentMobileRobots2025/work3/build/lms_mapper/build/lib/lms_mapper
[14.210s] copying lms_mapper/lms_mapper_node.py -> /IntelligentMobileRobots2025/work3/build/lms_mapper/build/lib/lms_mapper
[14.211s] running install
[14.211s] running install_lib
[14.211s] creating /IntelligentMobileRobots2025/work3/install/lms_mapper/lib/python3.10/site-packages/lms_mapper
[14.211s] copying /IntelligentMobileRobots2025/work3/build/lms_mapper/build/lib/lms_mapper/__init__.py -> /IntelligentMobileRobots2025/work3/install/lms_mapper/lib/python3.10/site-packages/lms_mapper
[14.212s] copying /IntelligentMobileRobots2025/work3/build/lms_mapper/build/lib/lms_mapper/lms_mapper_node.py -> /IntelligentMobileRobots2025/work3/install/lms_mapper/lib/python3.10/site-packages/lms_mapper
[14.217s] byte-compiling /IntelligentMobileRobots2025/work3/install/lms_mapper/lib/python3.10/site-packages/lms_mapper/__init__.py to __init__.cpython-310.pyc
[14.280s] byte-compiling /IntelligentMobileRobots2025/work3/install/lms_mapper/lib/python3.10/site-packages/lms_mapper/lms_mapper_node.py to lms_mapper_node.cpython-310.pyc
[14.514s] running install_data
[14.516s] copying resource/lms_mapper -> /IntelligentMobileRobots2025/work3/install/lms_mapper/share/ament_index/resource_index/packages
[14.516s] copying package.xml -> /IntelligentMobileRobots2025/work3/install/lms_mapper/share/lms_mapper
[14.516s] running install_egg_info
[14.517s] Copying ../../build/lms_mapper/lms_mapper.egg-info to /IntelligentMobileRobots2025/work3/install/lms_mapper/lib/python3.10/site-packages/lms_mapper-0.0.1-py3.10.egg-info
[14.519s] running install_scripts
[14.628s] Installing lms_mapper_node script to /IntelligentMobileRobots2025/work3/install/lms_mapper/bin
[14.629s] writing list of installed files to '/IntelligentMobileRobots2025/work3/build/lms_mapper/install.log'
[14.789s] Invoked command in '/IntelligentMobileRobots2025/work3/src/lms_mapper' returned '0': PYTHONPATH=/IntelligentMobileRobots2025/work3/build/lms_mapper/prefix_override:/usr/lib/python3/dist-packages/colcon_core/task/python/colcon_distutils_commands:/IntelligentMobileRobots2025/work3/install/lms_mapper/lib/python3.10/site-packages: /usr/bin/python3 -W ignore:setup.py install is deprecated -W ignore:easy_install command is deprecated setup.py egg_info --egg-base ../../build/lms_mapper build --build-base /IntelligentMobileRobots2025/work3/build/lms_mapper/build install --record /IntelligentMobileRobots2025/work3/build/lms_mapper/install.log --single-version-externally-managed install_data --force
