[10.217s] Invoking command in '/IntelligentMobileRobots2025/work3/build/lms_data': PYTHONPATH=/IntelligentMobileRobots2025/work3/build/lms_data/prefix_override:/usr/lib/python3/dist-packages/colcon_core/task/python/colcon_distutils_commands:/IntelligentMobileRobots2025/work3/install/lms_data/lib/python3.10/site-packages:${PYTHONPATH} /usr/bin/python3 -W ignore:setup.py install is deprecated -W ignore:easy_install command is deprecated setup.py develop --editable --build-directory /IntelligentMobileRobots2025/work3/build/lms_data/build --no-deps symlink_data
[13.400s] running develop
[14.381s] running egg_info
[14.381s] creating lms_data.egg-info
[14.381s] writing lms_data.egg-info/PKG-INFO
[14.381s] writing dependency_links to lms_data.egg-info/dependency_links.txt
[14.381s] writing entry points to lms_data.egg-info/entry_points.txt
[14.381s] writing requirements to lms_data.egg-info/requires.txt
[14.381s] writing top-level names to lms_data.egg-info/top_level.txt
[14.407s] writing manifest file 'lms_data.egg-info/SOURCES.txt'
[14.407s] reading manifest file 'lms_data.egg-info/SOURCES.txt'
[14.407s] writing manifest file 'lms_data.egg-info/SOURCES.txt'
[14.407s] running build_ext
[14.407s] Creating /IntelligentMobileRobots2025/work3/install/lms_data/lib/python3.10/site-packages/lms-data.egg-link (link to .)
[14.444s] Installing lms_to_rosbag script to /IntelligentMobileRobots2025/work3/install/lms_data/bin
[14.444s] 
[14.444s] Installed /IntelligentMobileRobots2025/work3/build/lms_data
[14.444s] running symlink_data
[14.444s] creating /IntelligentMobileRobots2025/work3/install/lms_data/share/ament_index
[14.444s] creating /IntelligentMobileRobots2025/work3/install/lms_data/share/ament_index/resource_index
[14.444s] creating /IntelligentMobileRobots2025/work3/install/lms_data/share/ament_index/resource_index/packages
[14.444s] symbolically linking /IntelligentMobileRobots2025/work3/build/lms_data/resource/lms_data -> /IntelligentMobileRobots2025/work3/install/lms_data/share/ament_index/resource_index/packages
[14.444s] symbolically linking /IntelligentMobileRobots2025/work3/build/lms_data/package.xml -> /IntelligentMobileRobots2025/work3/install/lms_data/share/lms_data
[14.738s] Invoked command in '/IntelligentMobileRobots2025/work3/build/lms_data' returned '0': PYTHONPATH=/IntelligentMobileRobots2025/work3/build/lms_data/prefix_override:/usr/lib/python3/dist-packages/colcon_core/task/python/colcon_distutils_commands:/IntelligentMobileRobots2025/work3/install/lms_data/lib/python3.10/site-packages:${PYTHONPATH} /usr/bin/python3 -W ignore:setup.py install is deprecated -W ignore:easy_install command is deprecated setup.py develop --editable --build-directory /IntelligentMobileRobots2025/work3/build/lms_data/build --no-deps symlink_data
