[9.559s] Invoking command in '/IntelligentMobileRobots2025/work3/build/lms_mapper': PYTHONPATH=/IntelligentMobileRobots2025/work3/build/lms_mapper/prefix_override:/usr/lib/python3/dist-packages/colcon_core/task/python/colcon_distutils_commands:/IntelligentMobileRobots2025/work3/install/lms_mapper/lib/python3.10/site-packages:${PYTHONPATH} /usr/bin/python3 -W ignore:setup.py install is deprecated -W ignore:easy_install command is deprecated setup.py develop --editable --build-directory /IntelligentMobileRobots2025/work3/build/lms_mapper/build --no-deps symlink_data
[13.134s] running develop
[14.149s] running egg_info
[14.149s] creating lms_mapper.egg-info
[14.149s] writing lms_mapper.egg-info/PKG-INFO
[14.149s] writing dependency_links to lms_mapper.egg-info/dependency_links.txt
[14.149s] writing entry points to lms_mapper.egg-info/entry_points.txt
[14.149s] writing requirements to lms_mapper.egg-info/requires.txt
[14.149s] writing top-level names to lms_mapper.egg-info/top_level.txt
[14.149s] writing manifest file 'lms_mapper.egg-info/SOURCES.txt'
[14.187s] reading manifest file 'lms_mapper.egg-info/SOURCES.txt'
[14.188s] writing manifest file 'lms_mapper.egg-info/SOURCES.txt'
[14.240s] running build_ext
[14.240s] Creating /IntelligentMobileRobots2025/work3/install/lms_mapper/lib/python3.10/site-packages/lms-mapper.egg-link (link to .)
[14.240s] Installing lms_mapper_node script to /IntelligentMobileRobots2025/work3/install/lms_mapper/bin
[14.240s] 
[14.241s] Installed /IntelligentMobileRobots2025/work3/build/lms_mapper
[14.241s] running symlink_data
[14.241s] creating /IntelligentMobileRobots2025/work3/install/lms_mapper/share/ament_index
[14.241s] creating /IntelligentMobileRobots2025/work3/install/lms_mapper/share/ament_index/resource_index
[14.241s] creating /IntelligentMobileRobots2025/work3/install/lms_mapper/share/ament_index/resource_index/packages
[14.241s] symbolically linking /IntelligentMobileRobots2025/work3/build/lms_mapper/resource/lms_mapper -> /IntelligentMobileRobots2025/work3/install/lms_mapper/share/ament_index/resource_index/packages
[14.241s] symbolically linking /IntelligentMobileRobots2025/work3/build/lms_mapper/package.xml -> /IntelligentMobileRobots2025/work3/install/lms_mapper/share/lms_mapper
[14.634s] Invoked command in '/IntelligentMobileRobots2025/work3/build/lms_mapper' returned '0': PYTHONPATH=/IntelligentMobileRobots2025/work3/build/lms_mapper/prefix_override:/usr/lib/python3/dist-packages/colcon_core/task/python/colcon_distutils_commands:/IntelligentMobileRobots2025/work3/install/lms_mapper/lib/python3.10/site-packages:${PYTHONPATH} /usr/bin/python3 -W ignore:setup.py install is deprecated -W ignore:easy_install command is deprecated setup.py develop --editable --build-directory /IntelligentMobileRobots2025/work3/build/lms_mapper/build --no-deps symlink_data
