[1.705s] Invoking command in '/IntelligentMobileRobots2025/work3/build/lms_data': PYTHONPATH=/IntelligentMobileRobots2025/work3/build/lms_data/prefix_override:/usr/lib/python3/dist-packages/colcon_core/task/python/colcon_distutils_commands:/IntelligentMobileRobots2025/work3/install/lms_data/lib/python3.10/site-packages:${PYTHONPATH} /usr/bin/python3 -W ignore:setup.py install is deprecated -W ignore:easy_install command is deprecated setup.py develop --editable --build-directory /IntelligentMobileRobots2025/work3/build/lms_data/build --no-deps symlink_data
[2.294s] running develop
[2.417s] running egg_info
[2.417s] creating lms_data.egg-info
[2.417s] writing lms_data.egg-info/PKG-INFO
[2.418s] writing dependency_links to lms_data.egg-info/dependency_links.txt
[2.418s] writing entry points to lms_data.egg-info/entry_points.txt
[2.419s] writing requirements to lms_data.egg-info/requires.txt
[2.419s] writing top-level names to lms_data.egg-info/top_level.txt
[2.419s] writing manifest file 'lms_data.egg-info/SOURCES.txt'
[2.421s] reading manifest file 'lms_data.egg-info/SOURCES.txt'
[2.421s] writing manifest file 'lms_data.egg-info/SOURCES.txt'
[2.422s] running build_ext
[2.423s] Creating /IntelligentMobileRobots2025/work3/install/lms_data/lib/python3.10/site-packages/lms-data.egg-link (link to .)
[2.423s] Installing lms_to_rosbag script to /IntelligentMobileRobots2025/work3/install/lms_data/bin
[2.442s] 
[2.443s] Installed /IntelligentMobileRobots2025/work3/build/lms_data
[2.443s] running symlink_data
[2.448s] creating /IntelligentMobileRobots2025/work3/install/lms_data/share/ament_index
[2.460s] creating /IntelligentMobileRobots2025/work3/install/lms_data/share/ament_index/resource_index
[2.460s] creating /IntelligentMobileRobots2025/work3/install/lms_data/share/ament_index/resource_index/packages
[2.460s] symbolically linking /IntelligentMobileRobots2025/work3/build/lms_data/resource/lms_data -> /IntelligentMobileRobots2025/work3/install/lms_data/share/ament_index/resource_index/packages
[2.460s] symbolically linking /IntelligentMobileRobots2025/work3/build/lms_data/package.xml -> /IntelligentMobileRobots2025/work3/install/lms_data/share/lms_data
[2.485s] Invoked command in '/IntelligentMobileRobots2025/work3/build/lms_data' returned '0': PYTHONPATH=/IntelligentMobileRobots2025/work3/build/lms_data/prefix_override:/usr/lib/python3/dist-packages/colcon_core/task/python/colcon_distutils_commands:/IntelligentMobileRobots2025/work3/install/lms_data/lib/python3.10/site-packages:${PYTHONPATH} /usr/bin/python3 -W ignore:setup.py install is deprecated -W ignore:easy_install command is deprecated setup.py develop --editable --build-directory /IntelligentMobileRobots2025/work3/build/lms_data/build --no-deps symlink_data
