[1.675s] Invoking command in '/IntelligentMobileRobots2025/work3/build/lms_mapper': PYTHONPATH=/IntelligentMobileRobots2025/work3/build/lms_mapper/prefix_override:/usr/lib/python3/dist-packages/colcon_core/task/python/colcon_distutils_commands:/IntelligentMobileRobots2025/work3/install/lms_mapper/lib/python3.10/site-packages:${PYTHONPATH} /usr/bin/python3 -W ignore:setup.py install is deprecated -W ignore:easy_install command is deprecated setup.py develop --editable --build-directory /IntelligentMobileRobots2025/work3/build/lms_mapper/build --no-deps symlink_data
[2.365s] running develop
[2.492s] running egg_info
[2.493s] creating lms_mapper.egg-info
[2.493s] writing lms_mapper.egg-info/PKG-INFO
[2.493s] writing dependency_links to lms_mapper.egg-info/dependency_links.txt
[2.493s] writing entry points to lms_mapper.egg-info/entry_points.txt
[2.493s] writing requirements to lms_mapper.egg-info/requires.txt
[2.493s] writing top-level names to lms_mapper.egg-info/top_level.txt
[2.493s] writing manifest file 'lms_mapper.egg-info/SOURCES.txt'
[2.508s] reading manifest file 'lms_mapper.egg-info/SOURCES.txt'
[2.509s] writing manifest file 'lms_mapper.egg-info/SOURCES.txt'
[2.509s] running build_ext
[2.509s] Creating /IntelligentMobileRobots2025/work3/install/lms_mapper/lib/python3.10/site-packages/lms-mapper.egg-link (link to .)
[2.509s] Installing lms_mapper_node script to /IntelligentMobileRobots2025/work3/install/lms_mapper/bin
[2.509s] 
[2.509s] Installed /IntelligentMobileRobots2025/work3/build/lms_mapper
[2.509s] running symlink_data
[2.509s] creating /IntelligentMobileRobots2025/work3/install/lms_mapper/share/ament_index
[2.509s] creating /IntelligentMobileRobots2025/work3/install/lms_mapper/share/ament_index/resource_index
[2.509s] creating /IntelligentMobileRobots2025/work3/install/lms_mapper/share/ament_index/resource_index/packages
[2.509s] symbolically linking /IntelligentMobileRobots2025/work3/build/lms_mapper/resource/lms_mapper -> /IntelligentMobileRobots2025/work3/install/lms_mapper/share/ament_index/resource_index/packages
[2.509s] symbolically linking /IntelligentMobileRobots2025/work3/build/lms_mapper/package.xml -> /IntelligentMobileRobots2025/work3/install/lms_mapper/share/lms_mapper
[2.540s] Invoked command in '/IntelligentMobileRobots2025/work3/build/lms_mapper' returned '0': PYTHONPATH=/IntelligentMobileRobots2025/work3/build/lms_mapper/prefix_override:/usr/lib/python3/dist-packages/colcon_core/task/python/colcon_distutils_commands:/IntelligentMobileRobots2025/work3/install/lms_mapper/lib/python3.10/site-packages:${PYTHONPATH} /usr/bin/python3 -W ignore:setup.py install is deprecated -W ignore:easy_install command is deprecated setup.py develop --editable --build-directory /IntelligentMobileRobots2025/work3/build/lms_mapper/build --no-deps symlink_data
