[6.373s] Invoking command in '/IntelligentMobileRobots2025/work3/src/lms_mapper': PYTHONPATH=/IntelligentMobileRobots2025/work3/build/lms_mapper/prefix_override:/usr/lib/python3/dist-packages/colcon_core/task/python/colcon_distutils_commands:/IntelligentMobileRobots2025/work3/install/lms_mapper/lib/python3.10/site-packages: /usr/bin/python3 -W ignore:setup.py install is deprecated -W ignore:easy_install command is deprecated setup.py egg_info --egg-base ../../build/lms_mapper build --build-base /IntelligentMobileRobots2025/work3/build/lms_mapper/build install --record /IntelligentMobileRobots2025/work3/build/lms_mapper/install.log --single-version-externally-managed install_data
[8.653s] running egg_info
[8.653s] writing ../../build/lms_mapper/lms_mapper.egg-info/PKG-INFO
[8.653s] writing dependency_links to ../../build/lms_mapper/lms_mapper.egg-info/dependency_links.txt
[8.653s] writing entry points to ../../build/lms_mapper/lms_mapper.egg-info/entry_points.txt
[8.653s] writing requirements to ../../build/lms_mapper/lms_mapper.egg-info/requires.txt
[8.653s] writing top-level names to ../../build/lms_mapper/lms_mapper.egg-info/top_level.txt
[8.664s] reading manifest file '../../build/lms_mapper/lms_mapper.egg-info/SOURCES.txt'
[8.664s] writing manifest file '../../build/lms_mapper/lms_mapper.egg-info/SOURCES.txt'
[8.664s] running build
[8.664s] running build_py
[8.664s] copying lms_mapper/lms_mapper_node.py -> /IntelligentMobileRobots2025/work3/build/lms_mapper/build/lib/lms_mapper
[8.665s] running install
[8.688s] running install_lib
[8.688s] copying /IntelligentMobileRobots2025/work3/build/lms_mapper/build/lib/lms_mapper/lms_mapper_node.py -> /IntelligentMobileRobots2025/work3/install/lms_mapper/lib/python3.10/site-packages/lms_mapper
[8.688s] byte-compiling /IntelligentMobileRobots2025/work3/install/lms_mapper/lib/python3.10/site-packages/lms_mapper/lms_mapper_node.py to lms_mapper_node.cpython-310.pyc
[8.845s] running install_data
[8.845s] running install_egg_info
[8.875s] removing '/IntelligentMobileRobots2025/work3/install/lms_mapper/lib/python3.10/site-packages/lms_mapper-0.0.1-py3.10.egg-info' (and everything under it)
[8.875s] Copying ../../build/lms_mapper/lms_mapper.egg-info to /IntelligentMobileRobots2025/work3/install/lms_mapper/lib/python3.10/site-packages/lms_mapper-0.0.1-py3.10.egg-info
[8.876s] running install_scripts
[9.127s] Installing lms_mapper_node script to /IntelligentMobileRobots2025/work3/install/lms_mapper/bin
[9.128s] writing list of installed files to '/IntelligentMobileRobots2025/work3/build/lms_mapper/install.log'
[9.403s] Invoked command in '/IntelligentMobileRobots2025/work3/src/lms_mapper' returned '0': PYTHONPATH=/IntelligentMobileRobots2025/work3/build/lms_mapper/prefix_override:/usr/lib/python3/dist-packages/colcon_core/task/python/colcon_distutils_commands:/IntelligentMobileRobots2025/work3/install/lms_mapper/lib/python3.10/site-packages: /usr/bin/python3 -W ignore:setup.py install is deprecated -W ignore:easy_install command is deprecated setup.py egg_info --egg-base ../../build/lms_mapper build --build-base /IntelligentMobileRobots2025/work3/build/lms_mapper/build install --record /IntelligentMobileRobots2025/work3/build/lms_mapper/install.log --single-version-externally-managed install_data
