[11.506s] Invoking command in '/IntelligentMobileRobots2025/work3/build/lms_mapper': PYTHONPATH=/IntelligentMobileRobots2025/work3/build/lms_mapper/prefix_override:/usr/lib/python3/dist-packages/colcon_core/task/python/colcon_distutils_commands:/IntelligentMobileRobots2025/work3/install/lms_mapper/lib/python3.10/site-packages:${PYTHONPATH} /usr/bin/python3 -W ignore:setup.py install is deprecated -W ignore:easy_install command is deprecated setup.py develop --editable --build-directory /IntelligentMobileRobots2025/work3/build/lms_mapper/build --no-deps symlink_data
[15.018s] running develop
[15.907s] running egg_info
[15.907s] creating lms_mapper.egg-info
[15.907s] writing lms_mapper.egg-info/PKG-INFO
[15.907s] writing dependency_links to lms_mapper.egg-info/dependency_links.txt
[15.907s] writing entry points to lms_mapper.egg-info/entry_points.txt
[15.907s] writing requirements to lms_mapper.egg-info/requires.txt
[15.907s] writing top-level names to lms_mapper.egg-info/top_level.txt
[15.907s] writing manifest file 'lms_mapper.egg-info/SOURCES.txt'
[15.907s] reading manifest file 'lms_mapper.egg-info/SOURCES.txt'
[15.928s] writing manifest file 'lms_mapper.egg-info/SOURCES.txt'
[15.932s] running build_ext
[15.933s] Creating /IntelligentMobileRobots2025/work3/install/lms_mapper/lib/python3.10/site-packages/lms-mapper.egg-link (link to .)
[15.933s] Installing lms_mapper_node script to /IntelligentMobileRobots2025/work3/install/lms_mapper/bin
[15.933s] 
[15.933s] Installed /IntelligentMobileRobots2025/work3/build/lms_mapper
[15.933s] running symlink_data
[15.933s] creating /IntelligentMobileRobots2025/work3/install/lms_mapper/share/ament_index
[15.934s] creating /IntelligentMobileRobots2025/work3/install/lms_mapper/share/ament_index/resource_index
[15.934s] creating /IntelligentMobileRobots2025/work3/install/lms_mapper/share/ament_index/resource_index/packages
[15.934s] symbolically linking /IntelligentMobileRobots2025/work3/build/lms_mapper/resource/lms_mapper -> /IntelligentMobileRobots2025/work3/install/lms_mapper/share/ament_index/resource_index/packages
[15.973s] symbolically linking /IntelligentMobileRobots2025/work3/build/lms_mapper/package.xml -> /IntelligentMobileRobots2025/work3/install/lms_mapper/share/lms_mapper
[16.257s] Invoked command in '/IntelligentMobileRobots2025/work3/build/lms_mapper' returned '0': PYTHONPATH=/IntelligentMobileRobots2025/work3/build/lms_mapper/prefix_override:/usr/lib/python3/dist-packages/colcon_core/task/python/colcon_distutils_commands:/IntelligentMobileRobots2025/work3/install/lms_mapper/lib/python3.10/site-packages:${PYTHONPATH} /usr/bin/python3 -W ignore:setup.py install is deprecated -W ignore:easy_install command is deprecated setup.py develop --editable --build-directory /IntelligentMobileRobots2025/work3/build/lms_mapper/build --no-deps symlink_data
