[1.823s] DEBUG:colcon:Command line arguments: ['/usr/bin/colcon', 'build', '--symlink-install']
[1.824s] DEBUG:colcon:Parsed command line arguments: Namespace(log_base=None, log_level=None, verb_name='build', build_base='build', install_base='install', merge_install=False, symlink_install=True, test_result_base=None, continue_on_error=False, executor='parallel', parallel_workers=8, event_handlers=None, ignore_user_meta=False, metas=['./colcon.meta'], base_paths=['.'], packages_ignore=None, packages_ignore_regex=None, paths=None, packages_up_to=None, packages_up_to_regex=None, packages_above=None, packages_above_and_dependencies=None, packages_above_depth=None, packages_select_by_dep=None, packages_skip_by_dep=None, packages_skip_up_to=None, packages_select_build_failed=False, packages_skip_build_finished=False, packages_select_test_failures=False, packages_skip_test_passed=False, packages_select=None, packages_skip=None, packages_select_regex=None, packages_skip_regex=None, packages_start=None, packages_end=None, cmake_args=None, cmake_target=None, cmake_target_skip_unavailable=False, cmake_clean_cache=False, cmake_clean_first=False, cmake_force_configure=False, ament_cmake_args=None, catkin_cmake_args=None, catkin_skip_building_tests=False, mixin_files=None, mixin=None, verb_parser=<colcon_mixin.mixin.mixin_argument.MixinArgumentDecorator object at 0x7ffffe1feb90>, verb_extension=<colcon_core.verb.build.BuildVerb object at 0x7ffffe1fe620>, main=<bound method BuildVerb.main of <colcon_core.verb.build.BuildVerb object at 0x7ffffe1fe620>>, mixin_verb=('build',))
[3.444s] Level 1:colcon.colcon_core.package_discovery:discover_packages(colcon_meta) check parameters
[3.451s] INFO:colcon.colcon_metadata.package_discovery.colcon_meta:Using configuration from '/root/.colcon/metadata/default/Gazebo.meta'
[3.452s] INFO:colcon.colcon_metadata.package_discovery.colcon_meta:Using configuration from '/root/.colcon/metadata/default/fastrtps.meta'
[3.452s] Level 1:colcon.colcon_core.package_discovery:discover_packages(recursive) check parameters
[3.452s] Level 1:colcon.colcon_core.package_discovery:discover_packages(ignore) check parameters
[3.452s] Level 1:colcon.colcon_core.package_discovery:discover_packages(path) check parameters
[3.452s] Level 1:colcon.colcon_core.package_discovery:discover_packages(colcon_meta) discover
[3.452s] Level 1:colcon.colcon_core.package_discovery:discover_packages(recursive) discover
[3.452s] INFO:colcon.colcon_core.package_discovery:Crawling recursively for packages in '/IntelligentMobileRobots2025/work3'
[3.452s] Level 1:colcon.colcon_core.package_identification:_identify(.) by extensions ['ignore', 'ignore_ament_install']
[3.452s] Level 1:colcon.colcon_core.package_identification:_identify(.) by extension 'ignore'
[3.453s] Level 1:colcon.colcon_core.package_identification:_identify(.) by extension 'ignore_ament_install'
[3.453s] Level 1:colcon.colcon_core.package_identification:_identify(.) by extensions ['colcon_pkg']
[3.453s] Level 1:colcon.colcon_core.package_identification:_identify(.) by extension 'colcon_pkg'
[3.453s] Level 1:colcon.colcon_core.package_identification:_identify(.) by extensions ['colcon_meta']
[3.453s] Level 1:colcon.colcon_core.package_identification:_identify(.) by extension 'colcon_meta'
[3.453s] Level 1:colcon.colcon_core.package_identification:_identify(.) by extensions ['ros']
[3.453s] Level 1:colcon.colcon_core.package_identification:_identify(.) by extension 'ros'
[3.513s] Level 1:colcon.colcon_core.package_identification:_identify(.) by extensions ['cmake', 'python']
[3.513s] Level 1:colcon.colcon_core.package_identification:_identify(.) by extension 'cmake'
[3.513s] Level 1:colcon.colcon_core.package_identification:_identify(.) by extension 'python'
[3.514s] Level 1:colcon.colcon_core.package_identification:_identify(.) by extensions ['python_setup_py']
[3.514s] Level 1:colcon.colcon_core.package_identification:_identify(.) by extension 'python_setup_py'
[3.514s] Level 1:colcon.colcon_core.package_identification:_identify(build) by extensions ['ignore', 'ignore_ament_install']
[3.514s] Level 1:colcon.colcon_core.package_identification:_identify(build) by extension 'ignore'
[3.514s] Level 1:colcon.colcon_core.package_identification:_identify(build) ignored
[3.514s] Level 1:colcon.colcon_core.package_identification:_identify(install) by extensions ['ignore', 'ignore_ament_install']
[3.514s] Level 1:colcon.colcon_core.package_identification:_identify(install) by extension 'ignore'
[3.514s] Level 1:colcon.colcon_core.package_identification:_identify(install) ignored
[3.514s] Level 1:colcon.colcon_core.package_identification:_identify(log) by extensions ['ignore', 'ignore_ament_install']
[3.514s] Level 1:colcon.colcon_core.package_identification:_identify(log) by extension 'ignore'
[3.514s] Level 1:colcon.colcon_core.package_identification:_identify(log) ignored
[3.514s] Level 1:colcon.colcon_core.package_identification:_identify(src) by extensions ['ignore', 'ignore_ament_install']
[3.514s] Level 1:colcon.colcon_core.package_identification:_identify(src) by extension 'ignore'
[3.514s] Level 1:colcon.colcon_core.package_identification:_identify(src) by extension 'ignore_ament_install'
[3.514s] Level 1:colcon.colcon_core.package_identification:_identify(src) by extensions ['colcon_pkg']
[3.514s] Level 1:colcon.colcon_core.package_identification:_identify(src) by extension 'colcon_pkg'
[3.514s] Level 1:colcon.colcon_core.package_identification:_identify(src) by extensions ['colcon_meta']
[3.514s] Level 1:colcon.colcon_core.package_identification:_identify(src) by extension 'colcon_meta'
[3.515s] Level 1:colcon.colcon_core.package_identification:_identify(src) by extensions ['ros']
[3.515s] Level 1:colcon.colcon_core.package_identification:_identify(src) by extension 'ros'
[3.515s] Level 1:colcon.colcon_core.package_identification:_identify(src) by extensions ['cmake', 'python']
[3.515s] Level 1:colcon.colcon_core.package_identification:_identify(src) by extension 'cmake'
[3.515s] Level 1:colcon.colcon_core.package_identification:_identify(src) by extension 'python'
[3.515s] Level 1:colcon.colcon_core.package_identification:_identify(src) by extensions ['python_setup_py']
[3.515s] Level 1:colcon.colcon_core.package_identification:_identify(src) by extension 'python_setup_py'
[3.515s] Level 1:colcon.colcon_core.package_identification:_identify(src/lms_data) by extensions ['ignore', 'ignore_ament_install']
[3.525s] Level 1:colcon.colcon_core.package_identification:_identify(src/lms_data) by extension 'ignore'
[3.525s] Level 1:colcon.colcon_core.package_identification:_identify(src/lms_data) by extension 'ignore_ament_install'
[3.525s] Level 1:colcon.colcon_core.package_identification:_identify(src/lms_data) by extensions ['colcon_pkg']
[3.525s] Level 1:colcon.colcon_core.package_identification:_identify(src/lms_data) by extension 'colcon_pkg'
[3.525s] Level 1:colcon.colcon_core.package_identification:_identify(src/lms_data) by extensions ['colcon_meta']
[3.525s] Level 1:colcon.colcon_core.package_identification:_identify(src/lms_data) by extension 'colcon_meta'
[3.525s] Level 1:colcon.colcon_core.package_identification:_identify(src/lms_data) by extensions ['ros']
[3.525s] Level 1:colcon.colcon_core.package_identification:_identify(src/lms_data) by extension 'ros'
[3.580s] DEBUG:colcon.colcon_core.package_identification:Package 'src/lms_data' with type 'ros.ament_python' and name 'lms_data'
[3.580s] Level 1:colcon.colcon_core.package_identification:_identify(src/lms_mapper) by extensions ['ignore', 'ignore_ament_install']
[3.581s] Level 1:colcon.colcon_core.package_identification:_identify(src/lms_mapper) by extension 'ignore'
[3.581s] Level 1:colcon.colcon_core.package_identification:_identify(src/lms_mapper) by extension 'ignore_ament_install'
[3.581s] Level 1:colcon.colcon_core.package_identification:_identify(src/lms_mapper) by extensions ['colcon_pkg']
[3.581s] Level 1:colcon.colcon_core.package_identification:_identify(src/lms_mapper) by extension 'colcon_pkg'
[3.581s] Level 1:colcon.colcon_core.package_identification:_identify(src/lms_mapper) by extensions ['colcon_meta']
[3.581s] Level 1:colcon.colcon_core.package_identification:_identify(src/lms_mapper) by extension 'colcon_meta'
[3.581s] Level 1:colcon.colcon_core.package_identification:_identify(src/lms_mapper) by extensions ['ros']
[3.581s] Level 1:colcon.colcon_core.package_identification:_identify(src/lms_mapper) by extension 'ros'
[3.597s] DEBUG:colcon.colcon_core.package_identification:Package 'src/lms_mapper' with type 'ros.ament_python' and name 'lms_mapper'
[3.597s] Level 1:colcon.colcon_core.package_discovery:discover_packages(recursive) using defaults
[3.597s] Level 1:colcon.colcon_core.package_discovery:discover_packages(ignore) discover
[3.597s] Level 1:colcon.colcon_core.package_discovery:discover_packages(ignore) using defaults
[3.597s] Level 1:colcon.colcon_core.package_discovery:discover_packages(path) discover
[3.597s] Level 1:colcon.colcon_core.package_discovery:discover_packages(path) using defaults
[3.670s] Level 5:colcon.colcon_core.verb:set package 'lms_data' build argument 'cmake_args' from command line to 'None'
[3.670s] Level 5:colcon.colcon_core.verb:set package 'lms_data' build argument 'cmake_target' from command line to 'None'
[3.670s] Level 5:colcon.colcon_core.verb:set package 'lms_data' build argument 'cmake_target_skip_unavailable' from command line to 'False'
[3.670s] Level 5:colcon.colcon_core.verb:set package 'lms_data' build argument 'cmake_clean_cache' from command line to 'False'
[3.670s] Level 5:colcon.colcon_core.verb:set package 'lms_data' build argument 'cmake_clean_first' from command line to 'False'
[3.670s] Level 5:colcon.colcon_core.verb:set package 'lms_data' build argument 'cmake_force_configure' from command line to 'False'
[3.670s] Level 5:colcon.colcon_core.verb:set package 'lms_data' build argument 'ament_cmake_args' from command line to 'None'
[3.670s] Level 5:colcon.colcon_core.verb:set package 'lms_data' build argument 'catkin_cmake_args' from command line to 'None'
[3.670s] Level 5:colcon.colcon_core.verb:set package 'lms_data' build argument 'catkin_skip_building_tests' from command line to 'False'
[3.670s] DEBUG:colcon.colcon_core.verb:Building package 'lms_data' with the following arguments: {'ament_cmake_args': None, 'build_base': '/IntelligentMobileRobots2025/work3/build/lms_data', 'catkin_cmake_args': None, 'catkin_skip_building_tests': False, 'cmake_args': None, 'cmake_clean_cache': False, 'cmake_clean_first': False, 'cmake_force_configure': False, 'cmake_target': None, 'cmake_target_skip_unavailable': False, 'install_base': '/IntelligentMobileRobots2025/work3/install/lms_data', 'merge_install': False, 'path': '/IntelligentMobileRobots2025/work3/src/lms_data', 'symlink_install': True, 'test_result_base': None}
[3.678s] Level 5:colcon.colcon_core.verb:set package 'lms_mapper' build argument 'cmake_args' from command line to 'None'
[3.678s] Level 5:colcon.colcon_core.verb:set package 'lms_mapper' build argument 'cmake_target' from command line to 'None'
[3.678s] Level 5:colcon.colcon_core.verb:set package 'lms_mapper' build argument 'cmake_target_skip_unavailable' from command line to 'False'
[3.678s] Level 5:colcon.colcon_core.verb:set package 'lms_mapper' build argument 'cmake_clean_cache' from command line to 'False'
[3.678s] Level 5:colcon.colcon_core.verb:set package 'lms_mapper' build argument 'cmake_clean_first' from command line to 'False'
[3.678s] Level 5:colcon.colcon_core.verb:set package 'lms_mapper' build argument 'cmake_force_configure' from command line to 'False'
[3.678s] Level 5:colcon.colcon_core.verb:set package 'lms_mapper' build argument 'ament_cmake_args' from command line to 'None'
[3.678s] Level 5:colcon.colcon_core.verb:set package 'lms_mapper' build argument 'catkin_cmake_args' from command line to 'None'
[3.678s] Level 5:colcon.colcon_core.verb:set package 'lms_mapper' build argument 'catkin_skip_building_tests' from command line to 'False'
[3.678s] DEBUG:colcon.colcon_core.verb:Building package 'lms_mapper' with the following arguments: {'ament_cmake_args': None, 'build_base': '/IntelligentMobileRobots2025/work3/build/lms_mapper', 'catkin_cmake_args': None, 'catkin_skip_building_tests': False, 'cmake_args': None, 'cmake_clean_cache': False, 'cmake_clean_first': False, 'cmake_force_configure': False, 'cmake_target': None, 'cmake_target_skip_unavailable': False, 'install_base': '/IntelligentMobileRobots2025/work3/install/lms_mapper', 'merge_install': False, 'path': '/IntelligentMobileRobots2025/work3/src/lms_mapper', 'symlink_install': True, 'test_result_base': None}
[3.678s] INFO:colcon.colcon_core.executor:Executing jobs using 'parallel' executor
[3.684s] DEBUG:colcon.colcon_parallel_executor.executor.parallel:run_until_complete
[3.684s] INFO:colcon.colcon_ros.task.ament_python.build:Building ROS package in '/IntelligentMobileRobots2025/work3/src/lms_data' with build type 'ament_python'
[3.690s] Level 1:colcon.colcon_core.shell:create_environment_hook('lms_data', 'ament_prefix_path')
[3.697s] INFO:colcon.colcon_core.plugin_system:Skipping extension 'colcon_core.shell.bat': Not used on non-Windows systems
[3.697s] INFO:colcon.colcon_core.shell:Creating environment hook '/IntelligentMobileRobots2025/work3/install/lms_data/share/lms_data/hook/ament_prefix_path.ps1'
[3.704s] INFO:colcon.colcon_core.shell:Creating environment descriptor '/IntelligentMobileRobots2025/work3/install/lms_data/share/lms_data/hook/ament_prefix_path.dsv'
[3.704s] INFO:colcon.colcon_core.shell:Creating environment hook '/IntelligentMobileRobots2025/work3/install/lms_data/share/lms_data/hook/ament_prefix_path.sh'
[3.705s] INFO:colcon.colcon_core.shell:Skip shell extension 'powershell' for command environment: Not usable outside of PowerShell
[3.705s] DEBUG:colcon.colcon_core.shell:Skip shell extension 'dsv' for command environment
[3.728s] INFO:colcon.colcon_ros.task.ament_python.build:Building ROS package in '/IntelligentMobileRobots2025/work3/src/lms_mapper' with build type 'ament_python'
[3.730s] Level 1:colcon.colcon_core.shell:create_environment_hook('lms_mapper', 'ament_prefix_path')
[3.730s] INFO:colcon.colcon_core.shell:Creating environment hook '/IntelligentMobileRobots2025/work3/install/lms_mapper/share/lms_mapper/hook/ament_prefix_path.ps1'
[3.731s] INFO:colcon.colcon_core.shell:Creating environment descriptor '/IntelligentMobileRobots2025/work3/install/lms_mapper/share/lms_mapper/hook/ament_prefix_path.dsv'
[3.732s] INFO:colcon.colcon_core.shell:Creating environment hook '/IntelligentMobileRobots2025/work3/install/lms_mapper/share/lms_mapper/hook/ament_prefix_path.sh'
[3.734s] INFO:colcon.colcon_core.shell:Skip shell extension 'powershell' for command environment: Not usable outside of PowerShell
[3.734s] DEBUG:colcon.colcon_core.shell:Skip shell extension 'dsv' for command environment
[6.104s] INFO:colcon.colcon_core.task.python.build:Building Python package in '/IntelligentMobileRobots2025/work3/src/lms_mapper'
[6.104s] INFO:colcon.colcon_core.shell:Skip shell extension 'powershell' for command environment: Not usable outside of PowerShell
[6.104s] DEBUG:colcon.colcon_core.shell:Skip shell extension 'dsv' for command environment
[9.069s] INFO:colcon.colcon_core.task.python.build:Building Python package in '/IntelligentMobileRobots2025/work3/src/lms_data'
[9.070s] INFO:colcon.colcon_core.shell:Skip shell extension 'powershell' for command environment: Not usable outside of PowerShell
[9.070s] DEBUG:colcon.colcon_core.shell:Skip shell extension 'dsv' for command environment
[12.901s] DEBUG:colcon.colcon_core.event_handler.log_command:Invoking command in '/IntelligentMobileRobots2025/work3/build/lms_data': PYTHONPATH=/IntelligentMobileRobots2025/work3/build/lms_data/prefix_override:/usr/lib/python3/dist-packages/colcon_core/task/python/colcon_distutils_commands:/IntelligentMobileRobots2025/work3/install/lms_data/lib/python3.10/site-packages:${PYTHONPATH} /usr/bin/python3 -W ignore:setup.py install is deprecated -W ignore:easy_install command is deprecated setup.py develop --editable --build-directory /IntelligentMobileRobots2025/work3/build/lms_data/build --no-deps symlink_data
[13.100s] DEBUG:colcon.colcon_core.event_handler.log_command:Invoking command in '/IntelligentMobileRobots2025/work3/build/lms_mapper': PYTHONPATH=/IntelligentMobileRobots2025/work3/build/lms_mapper/prefix_override:/usr/lib/python3/dist-packages/colcon_core/task/python/colcon_distutils_commands:/IntelligentMobileRobots2025/work3/install/lms_mapper/lib/python3.10/site-packages:${PYTHONPATH} /usr/bin/python3 -W ignore:setup.py install is deprecated -W ignore:easy_install command is deprecated setup.py develop --editable --build-directory /IntelligentMobileRobots2025/work3/build/lms_mapper/build --no-deps symlink_data
[17.536s] Level 1:colcon.colcon_core.shell:create_environment_hook('lms_data', 'pythonpath_develop')
[17.541s] INFO:colcon.colcon_core.shell:Creating environment hook '/IntelligentMobileRobots2025/work3/build/lms_data/share/lms_data/hook/pythonpath_develop.ps1'
[17.602s] DEBUG:colcon.colcon_core.event_handler.log_command:Invoked command in '/IntelligentMobileRobots2025/work3/build/lms_data' returned '0': PYTHONPATH=/IntelligentMobileRobots2025/work3/build/lms_data/prefix_override:/usr/lib/python3/dist-packages/colcon_core/task/python/colcon_distutils_commands:/IntelligentMobileRobots2025/work3/install/lms_data/lib/python3.10/site-packages:${PYTHONPATH} /usr/bin/python3 -W ignore:setup.py install is deprecated -W ignore:easy_install command is deprecated setup.py develop --editable --build-directory /IntelligentMobileRobots2025/work3/build/lms_data/build --no-deps symlink_data
[17.603s] INFO:colcon.colcon_core.shell:Creating environment descriptor '/IntelligentMobileRobots2025/work3/build/lms_data/share/lms_data/hook/pythonpath_develop.dsv'
[17.603s] INFO:colcon.colcon_core.shell:Creating environment hook '/IntelligentMobileRobots2025/work3/build/lms_data/share/lms_data/hook/pythonpath_develop.sh'
[17.617s] Level 1:colcon.colcon_core.environment:checking '/IntelligentMobileRobots2025/work3/install/lms_data' for CMake module files
[17.618s] Level 1:colcon.colcon_core.environment:checking '/IntelligentMobileRobots2025/work3/install/lms_data' for CMake config files
[17.620s] Level 1:colcon.colcon_core.environment:checking '/IntelligentMobileRobots2025/work3/install/lms_data/lib'
[17.620s] Level 1:colcon.colcon_core.environment:checking '/IntelligentMobileRobots2025/work3/install/lms_data/bin'
[17.620s] Level 1:colcon.colcon_core.shell:create_environment_hook('lms_data', 'path')
[17.620s] INFO:colcon.colcon_core.shell:Creating environment hook '/IntelligentMobileRobots2025/work3/install/lms_data/share/lms_data/hook/path.ps1'
[17.621s] INFO:colcon.colcon_core.shell:Creating environment descriptor '/IntelligentMobileRobots2025/work3/install/lms_data/share/lms_data/hook/path.dsv'
[17.621s] INFO:colcon.colcon_core.shell:Creating environment hook '/IntelligentMobileRobots2025/work3/install/lms_data/share/lms_data/hook/path.sh'
[17.621s] Level 1:colcon.colcon_core.environment:checking '/IntelligentMobileRobots2025/work3/install/lms_data/lib/pkgconfig/lms_data.pc'
[17.622s] Level 1:colcon.colcon_core.environment:checking '/IntelligentMobileRobots2025/work3/install/lms_data/lib/python3.10/site-packages'
[17.622s] Level 1:colcon.colcon_core.shell:create_environment_hook('lms_data', 'pythonpath')
[17.622s] INFO:colcon.colcon_core.shell:Creating environment hook '/IntelligentMobileRobots2025/work3/install/lms_data/share/lms_data/hook/pythonpath.ps1'
[17.622s] INFO:colcon.colcon_core.shell:Creating environment descriptor '/IntelligentMobileRobots2025/work3/install/lms_data/share/lms_data/hook/pythonpath.dsv'
[17.623s] INFO:colcon.colcon_core.shell:Creating environment hook '/IntelligentMobileRobots2025/work3/install/lms_data/share/lms_data/hook/pythonpath.sh'
[17.623s] Level 1:colcon.colcon_core.environment:checking '/IntelligentMobileRobots2025/work3/install/lms_data/bin'
[17.623s] Level 1:colcon.colcon_core.shell:create_environment_hook('lms_data', 'pythonscriptspath')
[17.630s] INFO:colcon.colcon_core.shell:Creating environment hook '/IntelligentMobileRobots2025/work3/install/lms_data/share/lms_data/hook/pythonscriptspath.ps1'
[17.631s] INFO:colcon.colcon_core.shell:Creating environment descriptor '/IntelligentMobileRobots2025/work3/install/lms_data/share/lms_data/hook/pythonscriptspath.dsv'
[17.631s] INFO:colcon.colcon_core.shell:Creating environment hook '/IntelligentMobileRobots2025/work3/install/lms_data/share/lms_data/hook/pythonscriptspath.sh'
[17.631s] Level 1:colcon.colcon_core.environment:create_environment_scripts_only(lms_data)
[17.632s] INFO:colcon.colcon_core.shell:Creating package script '/IntelligentMobileRobots2025/work3/install/lms_data/share/lms_data/package.ps1'
[17.633s] INFO:colcon.colcon_core.shell:Creating package descriptor '/IntelligentMobileRobots2025/work3/install/lms_data/share/lms_data/package.dsv'
[17.634s] INFO:colcon.colcon_core.shell:Creating package script '/IntelligentMobileRobots2025/work3/install/lms_data/share/lms_data/package.sh'
[17.642s] INFO:colcon.colcon_core.shell:Creating package script '/IntelligentMobileRobots2025/work3/install/lms_data/share/lms_data/package.bash'
[17.652s] INFO:colcon.colcon_core.shell:Creating package script '/IntelligentMobileRobots2025/work3/install/lms_data/share/lms_data/package.zsh'
[17.652s] Level 1:colcon.colcon_core.environment:create_file_with_runtime_dependencies(/IntelligentMobileRobots2025/work3/install/lms_data/share/colcon-core/packages/lms_data)
[17.657s] Level 1:colcon.colcon_core.shell:create_environment_hook('lms_mapper', 'pythonpath_develop')
[17.658s] INFO:colcon.colcon_core.shell:Creating environment hook '/IntelligentMobileRobots2025/work3/build/lms_mapper/share/lms_mapper/hook/pythonpath_develop.ps1'
[17.664s] DEBUG:colcon.colcon_core.event_handler.log_command:Invoked command in '/IntelligentMobileRobots2025/work3/build/lms_mapper' returned '0': PYTHONPATH=/IntelligentMobileRobots2025/work3/build/lms_mapper/prefix_override:/usr/lib/python3/dist-packages/colcon_core/task/python/colcon_distutils_commands:/IntelligentMobileRobots2025/work3/install/lms_mapper/lib/python3.10/site-packages:${PYTHONPATH} /usr/bin/python3 -W ignore:setup.py install is deprecated -W ignore:easy_install command is deprecated setup.py develop --editable --build-directory /IntelligentMobileRobots2025/work3/build/lms_mapper/build --no-deps symlink_data
[17.665s] INFO:colcon.colcon_core.shell:Creating environment descriptor '/IntelligentMobileRobots2025/work3/build/lms_mapper/share/lms_mapper/hook/pythonpath_develop.dsv'
[17.666s] INFO:colcon.colcon_core.shell:Creating environment hook '/IntelligentMobileRobots2025/work3/build/lms_mapper/share/lms_mapper/hook/pythonpath_develop.sh'
[17.668s] Level 1:colcon.colcon_core.environment:checking '/IntelligentMobileRobots2025/work3/install/lms_mapper' for CMake module files
[17.668s] Level 1:colcon.colcon_core.environment:checking '/IntelligentMobileRobots2025/work3/install/lms_mapper' for CMake config files
[17.669s] Level 1:colcon.colcon_core.environment:checking '/IntelligentMobileRobots2025/work3/install/lms_mapper/lib'
[17.669s] Level 1:colcon.colcon_core.environment:checking '/IntelligentMobileRobots2025/work3/install/lms_mapper/bin'
[17.669s] Level 1:colcon.colcon_core.shell:create_environment_hook('lms_mapper', 'path')
[17.669s] INFO:colcon.colcon_core.shell:Creating environment hook '/IntelligentMobileRobots2025/work3/install/lms_mapper/share/lms_mapper/hook/path.ps1'
[17.688s] INFO:colcon.colcon_core.shell:Creating environment descriptor '/IntelligentMobileRobots2025/work3/install/lms_mapper/share/lms_mapper/hook/path.dsv'
[17.688s] INFO:colcon.colcon_core.shell:Creating environment hook '/IntelligentMobileRobots2025/work3/install/lms_mapper/share/lms_mapper/hook/path.sh'
[17.688s] Level 1:colcon.colcon_core.environment:checking '/IntelligentMobileRobots2025/work3/install/lms_mapper/lib/pkgconfig/lms_mapper.pc'
[17.688s] Level 1:colcon.colcon_core.environment:checking '/IntelligentMobileRobots2025/work3/install/lms_mapper/lib/python3.10/site-packages'
[17.688s] Level 1:colcon.colcon_core.shell:create_environment_hook('lms_mapper', 'pythonpath')
[17.689s] INFO:colcon.colcon_core.shell:Creating environment hook '/IntelligentMobileRobots2025/work3/install/lms_mapper/share/lms_mapper/hook/pythonpath.ps1'
[17.689s] INFO:colcon.colcon_core.shell:Creating environment descriptor '/IntelligentMobileRobots2025/work3/install/lms_mapper/share/lms_mapper/hook/pythonpath.dsv'
[17.689s] INFO:colcon.colcon_core.shell:Creating environment hook '/IntelligentMobileRobots2025/work3/install/lms_mapper/share/lms_mapper/hook/pythonpath.sh'
[17.690s] Level 1:colcon.colcon_core.environment:checking '/IntelligentMobileRobots2025/work3/install/lms_mapper/bin'
[17.690s] Level 1:colcon.colcon_core.shell:create_environment_hook('lms_mapper', 'pythonscriptspath')
[17.690s] INFO:colcon.colcon_core.shell:Creating environment hook '/IntelligentMobileRobots2025/work3/install/lms_mapper/share/lms_mapper/hook/pythonscriptspath.ps1'
[17.697s] INFO:colcon.colcon_core.shell:Creating environment descriptor '/IntelligentMobileRobots2025/work3/install/lms_mapper/share/lms_mapper/hook/pythonscriptspath.dsv'
[17.698s] INFO:colcon.colcon_core.shell:Creating environment hook '/IntelligentMobileRobots2025/work3/install/lms_mapper/share/lms_mapper/hook/pythonscriptspath.sh'
[17.698s] Level 1:colcon.colcon_core.environment:create_environment_scripts_only(lms_mapper)
[17.698s] INFO:colcon.colcon_core.shell:Creating package script '/IntelligentMobileRobots2025/work3/install/lms_mapper/share/lms_mapper/package.ps1'
[17.699s] INFO:colcon.colcon_core.shell:Creating package descriptor '/IntelligentMobileRobots2025/work3/install/lms_mapper/share/lms_mapper/package.dsv'
[17.699s] INFO:colcon.colcon_core.shell:Creating package script '/IntelligentMobileRobots2025/work3/install/lms_mapper/share/lms_mapper/package.sh'
[17.700s] INFO:colcon.colcon_core.shell:Creating package script '/IntelligentMobileRobots2025/work3/install/lms_mapper/share/lms_mapper/package.bash'
[17.701s] INFO:colcon.colcon_core.shell:Creating package script '/IntelligentMobileRobots2025/work3/install/lms_mapper/share/lms_mapper/package.zsh'
[17.701s] Level 1:colcon.colcon_core.environment:create_file_with_runtime_dependencies(/IntelligentMobileRobots2025/work3/install/lms_mapper/share/colcon-core/packages/lms_mapper)
[17.707s] DEBUG:colcon.colcon_parallel_executor.executor.parallel:closing loop
[17.707s] DEBUG:colcon.colcon_parallel_executor.executor.parallel:loop closed
[17.707s] DEBUG:colcon.colcon_parallel_executor.executor.parallel:run_until_complete finished with '0'
[17.707s] DEBUG:colcon.colcon_core.event_reactor:joining thread
[17.735s] INFO:colcon.colcon_core.plugin_system:Skipping extension 'colcon_notification.desktop_notification.notify_send': Could not find 'notify-send'
[17.735s] INFO:colcon.colcon_core.plugin_system:Skipping extension 'colcon_notification.desktop_notification.terminal_notifier': Not used on non-Darwin systems
[17.735s] INFO:colcon.colcon_core.plugin_system:Skipping extension 'colcon_notification.desktop_notification.win32': Not used on non-Windows systems
[17.739s] INFO:colcon.colcon_notification.desktop_notification:Sending desktop notification using 'notify2'
[17.768s] DEBUG:colcon.colcon_notification.desktop_notification.notify2:Failed to initialize notify2: org.freedesktop.DBus.Error.Spawn.ExecFailed: /usr/bin/dbus-launch terminated abnormally without any error message
[17.769s] DEBUG:colcon.colcon_core.event_reactor:joined thread
[17.770s] INFO:colcon.colcon_core.shell:Creating prefix script '/IntelligentMobileRobots2025/work3/install/local_setup.ps1'
[17.793s] INFO:colcon.colcon_core.shell:Creating prefix util module '/IntelligentMobileRobots2025/work3/install/_local_setup_util_ps1.py'
[17.794s] INFO:colcon.colcon_core.shell:Creating prefix chain script '/IntelligentMobileRobots2025/work3/install/setup.ps1'
[17.804s] INFO:colcon.colcon_core.shell:Creating prefix script '/IntelligentMobileRobots2025/work3/install/local_setup.sh'
[17.805s] INFO:colcon.colcon_core.shell:Creating prefix util module '/IntelligentMobileRobots2025/work3/install/_local_setup_util_sh.py'
[17.805s] INFO:colcon.colcon_core.shell:Creating prefix chain script '/IntelligentMobileRobots2025/work3/install/setup.sh'
[17.806s] INFO:colcon.colcon_core.shell:Creating prefix script '/IntelligentMobileRobots2025/work3/install/local_setup.bash'
[17.843s] INFO:colcon.colcon_core.shell:Creating prefix chain script '/IntelligentMobileRobots2025/work3/install/setup.bash'
[17.855s] INFO:colcon.colcon_core.shell:Creating prefix script '/IntelligentMobileRobots2025/work3/install/local_setup.zsh'
[17.856s] INFO:colcon.colcon_core.shell:Creating prefix chain script '/IntelligentMobileRobots2025/work3/install/setup.zsh'
