[18.014s] Invoking command in '/IntelligentMobileRobots2025/work3/build/lms_data': PYTHONPATH=/IntelligentMobileRobots2025/work3/build/lms_data/prefix_override:/usr/lib/python3/dist-packages/colcon_core/task/python/colcon_distutils_commands:/IntelligentMobileRobots2025/work3/install/lms_data/lib/python3.10/site-packages:${PYTHONPATH} /usr/bin/python3 -W ignore:setup.py install is deprecated -W ignore:easy_install command is deprecated setup.py develop --editable --build-directory /IntelligentMobileRobots2025/work3/build/lms_data/build --no-deps symlink_data
[22.217s] running develop
[23.452s] running egg_info
[23.452s] creating lms_data.egg-info
[23.453s] writing lms_data.egg-info/PKG-INFO
[23.453s] writing dependency_links to lms_data.egg-info/dependency_links.txt
[23.453s] writing entry points to lms_data.egg-info/entry_points.txt
[23.454s] writing requirements to lms_data.egg-info/requires.txt
[23.454s] writing top-level names to lms_data.egg-info/top_level.txt
[23.454s] writing manifest file 'lms_data.egg-info/SOURCES.txt'
[23.483s] reading manifest file 'lms_data.egg-info/SOURCES.txt'
[23.483s] writing manifest file 'lms_data.egg-info/SOURCES.txt'
[23.513s] running build_ext
[23.513s] Creating /IntelligentMobileRobots2025/work3/install/lms_data/lib/python3.10/site-packages/lms-data.egg-link (link to .)
[23.521s] Installing lms_to_rosbag script to /IntelligentMobileRobots2025/work3/install/lms_data/bin
[23.521s] 
[23.522s] Installed /IntelligentMobileRobots2025/work3/build/lms_data
[23.522s] running symlink_data
[23.522s] creating /IntelligentMobileRobots2025/work3/install/lms_data/share/ament_index
[23.558s] creating /IntelligentMobileRobots2025/work3/install/lms_data/share/ament_index/resource_index
[23.558s] creating /IntelligentMobileRobots2025/work3/install/lms_data/share/ament_index/resource_index/packages
[23.558s] symbolically linking /IntelligentMobileRobots2025/work3/build/lms_data/resource/lms_data -> /IntelligentMobileRobots2025/work3/install/lms_data/share/ament_index/resource_index/packages
[23.558s] symbolically linking /IntelligentMobileRobots2025/work3/build/lms_data/package.xml -> /IntelligentMobileRobots2025/work3/install/lms_data/share/lms_data
[24.005s] Invoked command in '/IntelligentMobileRobots2025/work3/build/lms_data' returned '0': PYTHONPATH=/IntelligentMobileRobots2025/work3/build/lms_data/prefix_override:/usr/lib/python3/dist-packages/colcon_core/task/python/colcon_distutils_commands:/IntelligentMobileRobots2025/work3/install/lms_data/lib/python3.10/site-packages:${PYTHONPATH} /usr/bin/python3 -W ignore:setup.py install is deprecated -W ignore:easy_install command is deprecated setup.py develop --editable --build-directory /IntelligentMobileRobots2025/work3/build/lms_data/build --no-deps symlink_data
