======== 运行日志开始 Sat Mar 22 16:25:53 CST 2025 ========
======== 开始执行作业3 ========
正在创建ROS2工作空间...
ROS2工作空间结构创建完成！
Starting >>> lms_data
Starting >>> lms_mapper
Finished <<< lms_mapper [10.3s]
Finished <<< lms_data [15.6s]

Summary: 2 packages finished [18.1s]
/IntelligentMobileRobots2025/work3
/IntelligentMobileRobots2025/work3
检查安装的可执行文件...
total 8
drwxr-xr-x 2 root root 4096 Mar 22 16:26 .
drwxr-xr-x 4 root root 4096 Mar 22 16:26 ..
lrwxrwxrwx 1 root root   50 Mar 22 16:26 lms_to_rosbag -> ../../../../src/lms_data/lms_data/lms_to_rosbag.py
total 8
drwxr-xr-x 2 root root 4096 Mar 22 16:26 .
drwxr-xr-x 4 root root 4096 Mar 22 16:26 ..
lrwxrwxrwx 1 root root   56 Mar 22 16:26 lms_mapper_node -> ../../../../src/lms_mapper/lms_mapper/lms_mapper_node.py
检查ROS2环境...
lms_data
lms_mapper
正在构建ROS2包...
执行: colcon build --symlink-install
Starting >>> lms_data
Starting >>> lms_mapper
Finished <<< lms_data [14.0s]
Finished <<< lms_mapper [14.0s]

Summary: 2 packages finished [16.2s]
检查可执行文件...
警告: 没有找到lms_to_rosbag可执行文件，将直接使用Python调用
警告: 没有找到lms_mapper_node可执行文件，将直接使用Python调用
正在转换原始数据为rosbag格式...
执行: python3 /IntelligentMobileRobots2025/work3/src/lms_data/lms_data/lms_to_rosbag.py ../data/URG_X_20130903_195003.lms ../data/ld.nav lms_data.bag
⏱️ 执行命令 (最长300秒): python3 /IntelligentMobileRobots2025/work3/src/lms_data/lms_data/lms_to_rosbag.py ../data/URG_X_20130903_195003.lms ../data/ld.nav lms_data.bag
开始处理: LMS文件: ../data/URG_X_20130903_195003.lms, NAV文件: ../data/ld.nav, BAG输出: lms_data.bag
读取LMS激光数据...
警告：在时间戳 72054545 处读取的激光数据长度不一致
成功读取 10428 帧激光雷达数据
时间戳范围: 71403847 - 72054470
平均时间间隔: 62.40ms
读取NAV轨迹数据...
成功读取 2355 个轨迹点
激光数据原始时间戳范围: 71403847 - 72054470
轨迹数据时间戳范围: 71407205 - 71554079
使用轨迹数据作为标准时间范围: 71407205 - 71554079
创建时间戳映射...
映射激光数据时间戳到轨迹时间范围...
处理进度: 1/10428 (0.0%)
  样本映射: 71403847 -> 71407205
处理进度: 101/10428 (1.0%)
处理进度: 201/10428 (1.9%)
处理进度: 301/10428 (2.9%)
处理进度: 401/10428 (3.8%)
处理进度: 501/10428 (4.8%)
处理进度: 601/10428 (5.8%)
处理进度: 701/10428 (6.7%)
处理进度: 801/10428 (7.7%)
处理进度: 901/10428 (8.6%)
处理进度: 1001/10428 (9.6%)
处理进度: 1101/10428 (10.6%)
处理进度: 1201/10428 (11.5%)
处理进度: 1301/10428 (12.5%)
处理进度: 1401/10428 (13.4%)
处理进度: 1501/10428 (14.4%)
处理进度: 1601/10428 (15.4%)
处理进度: 1701/10428 (16.3%)
处理进度: 1801/10428 (17.3%)
处理进度: 1901/10428 (18.2%)
处理进度: 2001/10428 (19.2%)
处理进度: 2101/10428 (20.1%)
处理进度: 2201/10428 (21.1%)
处理进度: 2301/10428 (22.1%)
处理进度: 2401/10428 (23.0%)
处理进度: 2501/10428 (24.0%)
处理进度: 2601/10428 (24.9%)
处理进度: 2701/10428 (25.9%)
处理进度: 2801/10428 (26.9%)
处理进度: 2901/10428 (27.8%)
处理进度: 3001/10428 (28.8%)
处理进度: 3101/10428 (29.7%)
处理进度: 3201/10428 (30.7%)
处理进度: 3301/10428 (31.7%)
处理进度: 3401/10428 (32.6%)
处理进度: 3501/10428 (33.6%)
处理进度: 3601/10428 (34.5%)
处理进度: 3701/10428 (35.5%)
处理进度: 3801/10428 (36.4%)
处理进度: 3901/10428 (37.4%)
处理进度: 4001/10428 (38.4%)
处理进度: 4101/10428 (39.3%)
处理进度: 4201/10428 (40.3%)
处理进度: 4301/10428 (41.2%)
处理进度: 4401/10428 (42.2%)
处理进度: 4501/10428 (43.2%)
处理进度: 4601/10428 (44.1%)
处理进度: 4701/10428 (45.1%)
处理进度: 4801/10428 (46.0%)
处理进度: 4901/10428 (47.0%)
处理进度: 5001/10428 (48.0%)
处理进度: 5101/10428 (48.9%)
处理进度: 5201/10428 (49.9%)
处理进度: 5301/10428 (50.8%)
处理进度: 5401/10428 (51.8%)
处理进度: 5501/10428 (52.8%)
处理进度: 5601/10428 (53.7%)
处理进度: 5701/10428 (54.7%)
处理进度: 5801/10428 (55.6%)
处理进度: 5901/10428 (56.6%)
处理进度: 6001/10428 (57.5%)
处理进度: 6101/10428 (58.5%)
处理进度: 6201/10428 (59.5%)
处理进度: 6301/10428 (60.4%)
处理进度: 6401/10428 (61.4%)
处理进度: 6501/10428 (62.3%)
处理进度: 6601/10428 (63.3%)
处理进度: 6701/10428 (64.3%)
处理进度: 6801/10428 (65.2%)
处理进度: 6901/10428 (66.2%)
处理进度: 7001/10428 (67.1%)
处理进度: 7101/10428 (68.1%)
处理进度: 7201/10428 (69.1%)
处理进度: 7301/10428 (70.0%)
处理进度: 7401/10428 (71.0%)
处理进度: 7501/10428 (71.9%)
处理进度: 7601/10428 (72.9%)
处理进度: 7701/10428 (73.8%)
处理进度: 7801/10428 (74.8%)
处理进度: 7901/10428 (75.8%)
处理进度: 8001/10428 (76.7%)
处理进度: 8101/10428 (77.7%)
处理进度: 8201/10428 (78.6%)
处理进度: 8301/10428 (79.6%)
处理进度: 8401/10428 (80.6%)
处理进度: 8501/10428 (81.5%)
处理进度: 8601/10428 (82.5%)
处理进度: 8701/10428 (83.4%)
处理进度: 8801/10428 (84.4%)
处理进度: 8901/10428 (85.4%)
处理进度: 9001/10428 (86.3%)
处理进度: 9101/10428 (87.3%)
处理进度: 9201/10428 (88.2%)
处理进度: 9301/10428 (89.2%)
处理进度: 9401/10428 (90.2%)
处理进度: 9501/10428 (91.1%)
处理进度: 9601/10428 (92.1%)
处理进度: 9701/10428 (93.0%)
处理进度: 9801/10428 (94.0%)
处理进度: 9901/10428 (94.9%)
处理进度: 10001/10428 (95.9%)
处理进度: 10101/10428 (96.9%)
处理进度: 10201/10428 (97.8%)
处理进度: 10301/10428 (98.8%)
处理进度: 10401/10428 (99.7%)
处理进度: 10428/10428 (100.0%)
  样本映射: 72054470 -> 71554079
已完成激光数据时间戳映射
映射后激光数据时间戳范围: 71407205 - 71554079
在轨迹时间范围内的激光帧数: 10428/10428 (100.0%)
过滤有效的激光扫描数据...
过滤进度: 1/10428 (0.0%), 当前有效帧: 1
过滤进度: 101/10428 (1.0%), 当前有效帧: 101
过滤进度: 201/10428 (1.9%), 当前有效帧: 201
过滤进度: 301/10428 (2.9%), 当前有效帧: 301
过滤进度: 401/10428 (3.8%), 当前有效帧: 401
过滤进度: 501/10428 (4.8%), 当前有效帧: 501
过滤进度: 601/10428 (5.8%), 当前有效帧: 601
过滤进度: 701/10428 (6.7%), 当前有效帧: 701
过滤进度: 801/10428 (7.7%), 当前有效帧: 801
过滤进度: 901/10428 (8.6%), 当前有效帧: 901
过滤进度: 1001/10428 (9.6%), 当前有效帧: 1001
过滤进度: 1101/10428 (10.6%), 当前有效帧: 1101
过滤进度: 1201/10428 (11.5%), 当前有效帧: 1201
过滤进度: 1301/10428 (12.5%), 当前有效帧: 1301
过滤进度: 1401/10428 (13.4%), 当前有效帧: 1401
过滤进度: 1501/10428 (14.4%), 当前有效帧: 1501
过滤进度: 1601/10428 (15.4%), 当前有效帧: 1601
过滤进度: 1701/10428 (16.3%), 当前有效帧: 1701
过滤进度: 1801/10428 (17.3%), 当前有效帧: 1801
过滤进度: 1901/10428 (18.2%), 当前有效帧: 1901
过滤进度: 2001/10428 (19.2%), 当前有效帧: 2001
过滤进度: 2101/10428 (20.1%), 当前有效帧: 2101
过滤进度: 2201/10428 (21.1%), 当前有效帧: 2201
过滤进度: 2301/10428 (22.1%), 当前有效帧: 2301
过滤进度: 2401/10428 (23.0%), 当前有效帧: 2401
过滤进度: 2501/10428 (24.0%), 当前有效帧: 2501
过滤进度: 2601/10428 (24.9%), 当前有效帧: 2601
过滤进度: 2701/10428 (25.9%), 当前有效帧: 2701
过滤进度: 2801/10428 (26.9%), 当前有效帧: 2801
过滤进度: 2901/10428 (27.8%), 当前有效帧: 2901
过滤进度: 3001/10428 (28.8%), 当前有效帧: 3001
过滤进度: 3101/10428 (29.7%), 当前有效帧: 3101
过滤进度: 3201/10428 (30.7%), 当前有效帧: 3201
过滤进度: 3301/10428 (31.7%), 当前有效帧: 3301
过滤进度: 3401/10428 (32.6%), 当前有效帧: 3401
过滤进度: 3501/10428 (33.6%), 当前有效帧: 3501
过滤进度: 3601/10428 (34.5%), 当前有效帧: 3601
过滤进度: 3701/10428 (35.5%), 当前有效帧: 3701
过滤进度: 3801/10428 (36.4%), 当前有效帧: 3801
过滤进度: 3901/10428 (37.4%), 当前有效帧: 3901
过滤进度: 4001/10428 (38.4%), 当前有效帧: 4001
过滤进度: 4101/10428 (39.3%), 当前有效帧: 4101
过滤进度: 4201/10428 (40.3%), 当前有效帧: 4201
过滤进度: 4301/10428 (41.2%), 当前有效帧: 4301
过滤进度: 4401/10428 (42.2%), 当前有效帧: 4401
过滤进度: 4501/10428 (43.2%), 当前有效帧: 4501
过滤进度: 4601/10428 (44.1%), 当前有效帧: 4601
过滤进度: 4701/10428 (45.1%), 当前有效帧: 4701
过滤进度: 4801/10428 (46.0%), 当前有效帧: 4801
过滤进度: 4901/10428 (47.0%), 当前有效帧: 4901
过滤进度: 5001/10428 (48.0%), 当前有效帧: 5001
过滤进度: 5101/10428 (48.9%), 当前有效帧: 5101
过滤进度: 5201/10428 (49.9%), 当前有效帧: 5201
过滤进度: 5301/10428 (50.8%), 当前有效帧: 5301
过滤进度: 5401/10428 (51.8%), 当前有效帧: 5401
过滤进度: 5501/10428 (52.8%), 当前有效帧: 5501
过滤进度: 5601/10428 (53.7%), 当前有效帧: 5601
过滤进度: 5701/10428 (54.7%), 当前有效帧: 5701
过滤进度: 5801/10428 (55.6%), 当前有效帧: 5801
过滤进度: 5901/10428 (56.6%), 当前有效帧: 5901
过滤进度: 6001/10428 (57.5%), 当前有效帧: 6001
过滤进度: 6101/10428 (58.5%), 当前有效帧: 6101
过滤进度: 6201/10428 (59.5%), 当前有效帧: 6201
过滤进度: 6301/10428 (60.4%), 当前有效帧: 6301
过滤进度: 6401/10428 (61.4%), 当前有效帧: 6401
过滤进度: 6501/10428 (62.3%), 当前有效帧: 6501
过滤进度: 6601/10428 (63.3%), 当前有效帧: 6601
过滤进度: 6701/10428 (64.3%), 当前有效帧: 6701
过滤进度: 6801/10428 (65.2%), 当前有效帧: 6801⏳ 正在转换数据 - 已等待 10/300 秒...
⏳ 正在转换数据 - 已等待 20/300 秒...
[INFO] [1742632056.342055008] [rosbag2_storage]: Opened database 'lms_data.bag/lms_data.bag_0.db3' for READ_WRITE.
⏳ 正在转换数据 - 已等待 30/300 秒...

过滤进度: 6901/10428 (66.2%), 当前有效帧: 6901
过滤进度: 7001/10428 (67.1%), 当前有效帧: 7001
过滤进度: 7101/10428 (68.1%), 当前有效帧: 7101
过滤进度: 7201/10428 (69.1%), 当前有效帧: 7201
过滤进度: 7301/10428 (70.0%), 当前有效帧: 7301
过滤进度: 7401/10428 (71.0%), 当前有效帧: 7401
过滤进度: 7501/10428 (71.9%), 当前有效帧: 7501
过滤进度: 7601/10428 (72.9%), 当前有效帧: 7601
过滤进度: 7701/10428 (73.8%), 当前有效帧: 7701
过滤进度: 7801/10428 (74.8%), 当前有效帧: 7801
过滤进度: 7901/10428 (75.8%), 当前有效帧: 7901
过滤进度: 8001/10428 (76.7%), 当前有效帧: 8001
过滤进度: 8101/10428 (77.7%), 当前有效帧: 8101
过滤进度: 8201/10428 (78.6%), 当前有效帧: 8201
过滤进度: 8301/10428 (79.6%), 当前有效帧: 8301
过滤进度: 8401/10428 (80.6%), 当前有效帧: 8401
过滤进度: 8501/10428 (81.5%), 当前有效帧: 8501
过滤进度: 8601/10428 (82.5%), 当前有效帧: 8601
过滤进度: 8701/10428 (83.4%), 当前有效帧: 8701
过滤进度: 8801/10428 (84.4%), 当前有效帧: 8801
过滤进度: 8901/10428 (85.4%), 当前有效帧: 8901
过滤进度: 9001/10428 (86.3%), 当前有效帧: 9001
过滤进度: 9101/10428 (87.3%), 当前有效帧: 9101
过滤进度: 9201/10428 (88.2%), 当前有效帧: 9201
过滤进度: 9301/10428 (89.2%), 当前有效帧: 9301
过滤进度: 9401/10428 (90.2%), 当前有效帧: 9401
过滤进度: 9501/10428 (91.1%), 当前有效帧: 9501
过滤进度: 9601/10428 (92.1%), 当前有效帧: 9601
过滤进度: 9701/10428 (93.0%), 当前有效帧: 9701
过滤进度: 9801/10428 (94.0%), 当前有效帧: 9801
过滤进度: 9901/10428 (94.9%), 当前有效帧: 9901
过滤进度: 10001/10428 (95.9%), 当前有效帧: 10001
过滤进度: 10101/10428 (96.9%), 当前有效帧: 10101
过滤进度: 10201/10428 (97.8%), 当前有效帧: 10201
过滤进度: 10301/10428 (98.8%), 当前有效帧: 10301
过滤进度: 10401/10428 (99.7%), 当前有效帧: 10401
过滤进度: 10428/10428 (100.0%), 当前有效帧: 10428
有效激光扫描数据帧数: 10428/10428
在轨迹时间范围内 (71407205 - 71554079) 的有效帧占总帧数的 100.0%
创建插值轨迹点...
插值进度: 1/10428 (0.0%)
插值进度: 101/10428 (1.0%)
插值进度: 201/10428 (1.9%)
插值进度: 301/10428 (2.9%)
插值进度: 401/10428 (3.8%)
插值进度: 501/10428 (4.8%)
插值进度: 601/10428 (5.8%)
插值进度: 701/10428 (6.7%)
插值进度: 801/10428 (7.7%)
插值进度: 901/10428 (8.6%)
插值进度: 1001/10428 (9.6%)
插值进度: 1101/10428 (10.6%)
插值进度: 1201/10428 (11.5%)
插值进度: 1301/10428 (12.5%)
插值进度: 1401/10428 (13.4%)
插值进度: 1501/10428 (14.4%)
插值进度: 1601/10428 (15.4%)
插值进度: 1701/10428 (16.3%)
插值进度: 1801/10428 (17.3%)
插值进度: 1901/10428 (18.2%)
插值进度: 2001/10428 (19.2%)
插值进度: 2101/10428 (20.1%)
插值进度: 2201/10428 (21.1%)
插值进度: 2301/10428 (22.1%)
插值进度: 2401/10428 (23.0%)
插值进度: 2501/10428 (24.0%)
插值进度: 2601/10428 (24.9%)
插值进度: 2701/10428 (25.9%)
插值进度: 2801/10428 (26.9%)
插值进度: 2901/10428 (27.8%)
插值进度: 3001/10428 (28.8%)
插值进度: 3101/10428 (29.7%)
插值进度: 3201/10428 (30.7%)
插值进度: 3301/10428 (31.7%)
插值进度: 3401/10428 (32.6%)
插值进度: 3501/10428 (33.6%)
插值进度: 3601/10428 (34.5%)
插值进度: 3701/10428 (35.5%)
插值进度: 3801/10428 (36.4%)
插值进度: 3901/10428 (37.4%)
插值进度: 4001/10428 (38.4%)
插值进度: 4101/10428 (39.3%)
插值进度: 4201/10428 (40.3%)
插值进度: 4301/10428 (41.2%)
插值进度: 4401/10428 (42.2%)
插值进度: 4501/10428 (43.2%)
插值进度: 4601/10428 (44.1%)
插值进度: 4701/10428 (45.1%)
插值进度: 4801/10428 (46.0%)
插值进度: 4901/10428 (47.0%)
插值进度: 5001/10428 (48.0%)
插值进度: 5101/10428 (48.9%)
插值进度: 5201/10428 (49.9%)
插值进度: 5301/10428 (50.8%)
插值进度: 5401/10428 (51.8%)
插值进度: 5501/10428 (52.8%)
插值进度: 5601/10428 (53.7%)
插值进度: 5701/10428 (54.7%)
插值进度: 5801/10428 (55.6%)
插值进度: 5901/10428 (56.6%)
插值进度: 6001/10428 (57.5%)
插值进度: 6101/10428 (58.5%)
插值进度: 6201/10428 (59.5%)
插值进度: 6301/10428 (60.4%)
插值进度: 6401/10428 (61.4%)
插值进度: 6501/10428 (62.3%)
插值进度: 6601/10428 (63.3%)
插值进度: 6701/10428 (64.3%)
插值进度: 6801/10428 (65.2%)
插值进度: 6901/10428 (66.2%)
插值进度: 7001/10428 (67.1%)
插值进度: 7101/10428 (68.1%)
插值进度: 7201/10428 (69.1%)
插值进度: 7301/10428 (70.0%)
插值进度: 7401/10428 (71.0%)
插值进度: 7501/10428 (71.9%)
插值进度: 7601/10428 (72.9%)
插值进度: 7701/10428 (73.8%)
插值进度: 7801/10428 (74.8%)
插值进度: 7901/10428 (75.8%)
插值进度: 8001/10428 (76.7%)
插值进度: 8101/10428 (77.7%)
插值进度: 8201/10428 (78.6%)
插值进度: 8301/10428 (79.6%)
插值进度: 8401/10428 (80.6%)
插值进度: 8501/10428 (81.5%)
插值进度: 8601/10428 (82.5%)
插值进度: 8701/10428 (83.4%)
插值进度: 8801/10428 (84.4%)
插值进度: 8901/10428 (85.4%)
插值进度: 9001/10428 (86.3%)
插值进度: 9101/10428 (87.3%)
插值进度: 9201/10428 (88.2%)
插值进度: 9301/10428 (89.2%)
插值进度: 9401/10428 (90.2%)
插值进度: 9501/10428 (91.1%)
插值进度: 9601/10428 (92.1%)
插值进度: 9701/10428 (93.0%)
插值进度: 9801/10428 (94.0%)
插值进度: 9901/10428 (94.9%)
插值进度: 10001/10428 (95.9%)
插值进度: 10101/10428 (96.9%)
插值进度: 10201/10428 (97.8%)
插值进度: 10301/10428 (98.8%)
插值进度: 10401/10428 (99.7%)
插值进度: 10428/10428 (100.0%)
扩充轨迹点: 原始=2355, 扩充后=10428
时间戳完全匹配的激光帧数: 10428/10428 (100.0%)
创建rosbag文件: lms_data.bag
生成rosbag时间戳...
写入所有轨迹点...
轨迹写入进度: 1/10428 (0.0%)
轨迹写入进度: 101/10428 (1.0%)
轨迹写入进度: 201/10428 (1.9%)
轨迹写入进度: 301/10428 (2.9%)
轨迹写入进度: 401/10428 (3.8%)
轨迹写入进度: 501/10428 (4.8%)
轨迹写入进度: 601/10428 (5.8%)
轨迹写入进度: 701/10428 (6.7%)
轨迹写入进度: 801/10428 (7.7%)
轨迹写入进度: 901/10428 (8.6%)
轨迹写入进度: 1001/10428 (9.6%)
轨迹写入进度: 1101/10428 (10.6%)
轨迹写入进度: 1201/10428 (11.5%)
轨迹写入进度: 1301/10428 (12.5%)
轨迹写入进度: 1401/10428 (13.4%)
轨迹写入进度: 1501/10428 (14.4%)
轨迹写入进度: 1601/10428 (15.4%)
轨迹写入进度: 1701/10428 (16.3%)
轨迹写入进度: 1801/10428 (17.3%)
轨迹写入进度: 1901/10428 (18.2%)
轨迹写入进度: 2001/10428 (19.2%)
轨迹写入进度: 2101/10428 (20.1%)
轨迹写入进度: 2201/10428 (21.1%)
轨迹写入进度: 2301/10428 (22.1%)
轨迹写入进度: 2401/10428 (23.0%)
轨迹写入进度: 2501/10428 (24.0%)
轨迹写入进度: 2601/10428 (24.9%)
轨迹写入进度: 2701/10428 (25.9%)
轨迹写入进度: 2801/10428 (26.9%)
轨迹写入进度: 2901/10428 (27.8%)
轨迹写入进度: 3001/10428 (28.8%)
轨迹写入进度: 3101/10428 (29.7%)
轨迹写入进度: 3201/10428 (30.7%)
轨迹写入进度: 3301/10428 (31.7%)
轨迹写入进度: 3401/10428 (32.6%)
轨迹写入进度: 3501/10428 (33.6%)
轨迹写入进度: 3601/10428 (34.5%)
轨迹写入进度: 3701/10428 (35.5%)
轨迹写入进度: 3801/10428 (36.4%)
轨迹写入进度: 3901/10428 (37.4%)
轨迹写入进度: 4001/10428 (38.4%)
轨迹写入进度: 4101/10428 (39.3%)
轨迹写入进度: 4201/10428 (40.3%)
轨迹写入进度: 4301/10428 (41.2%)
轨迹写入进度: 4401/10428 (42.2%)
轨迹写入进度: 4501/10428 (43.2%)
轨迹写入进度: 4601/10428 (44.1%)
轨迹写入进度: 4701/10428 (45.1%)
轨迹写入进度: 4801/10428 (46.0%)
轨迹写入进度: 4901/10428 (47.0%)
轨迹写入进度: 5001/10428 (48.0%)
轨迹写入进度: 5101/10428 (48.9%)
轨迹写入进度: 5201/10428 (49.9%)
轨迹写入进度: 5301/10428 (50.8%)
轨迹写入进度: 5401/10428 (51.8%)
轨迹写入进度: 5501/10428 (52.8%)
轨迹写入进度: 5601/10428 (53.7%)
轨迹写入进度: 5701/10428 (54.7%)
轨迹写入进度: 5801/10428 (55.6%)
轨迹写入进度: 5901/10428 (56.6%)
轨迹写入进度: 6001/10428 (57.5%)
轨迹写入进度: 6101/10428 (58.5%)
轨迹写入进度: 6201/10428 (59.5%)
轨迹写入进度: 6301/10428 (60.4%)
轨迹写入进度: 6401/10428 (61.4%)
轨迹写入进度: 6501/10428 (62.3%)
轨迹写入进度: 6601/10428 (63.3%)
轨迹写入进度: 6701/10428 (64.3%)
轨迹写入进度: 6801/10428 (65.2%)
轨迹写入进度: 6901/10428 (66.2%)
轨迹写入进度: 7001/10428 (67.1%)
轨迹写入进度: 7101/10428 (68.1%)
轨迹写入进度: 7201/10428 (69.1%)
轨迹写入进度: 7301/10428 (70.0%)
轨迹写入进度: 7401/10428 (71.0%)
轨迹写入进度: 7501/10428 (71.9%)
轨迹写入进度: 7601/10428 (72.9%)
轨迹写入进度: 7701/10428 (73.8%)
轨迹写入进度: 7801/10428 (74.8%)
轨迹写入进度: 7901/10428 (75.8%)
轨迹写入进度: 8001/10428 (76.7%)
轨迹写入进度: 8101/10428 (77.7%)
轨迹写入进度: 8201/10428 (78.6%)
轨迹写入进度: 8301/10428 (79.6%)
轨迹写入进度: 8401/10428 (80.6%)
轨迹写入进度: 8501/10428 (81.5%)
轨迹写入进度: 8601/10428 (82.5%)
轨迹写入进度: 8701/10428 (83.4%)
轨迹写入进度: 8801/10428 (84.4%)
轨迹写入进度: 8901/10428 (85.4%)
轨迹写入进度: 9001/10428 (86.3%)
轨迹写入进度: 9101/10428 (87.3%)
轨迹写入进度: 9201/10428 (88.2%)
轨迹写入进度: 9301/10428 (89.2%)
轨迹写入进度: 9401/10428 (90.2%)
轨迹写入进度: 9501/10428 (91.1%)
轨迹写入进度: 9601/10428 (92.1%)
轨迹写入进度: 9701/10428 (93.0%)
轨迹写入进度: 9801/10428 (94.0%)
轨迹写入进度: 9901/10428 (94.9%)
轨迹写入进度: 10001/10428 (95.9%)
轨迹写入进度: 10101/10428 (96.9%)
轨迹写入进度: 10201/10428 (97.8%)
轨迹写入进度: 10301/10428 (98.8%)
轨迹写入进度: 10401/10428 (99.7%)
轨迹写入进度: 10428/10428 (100.0%)
写入所有激光帧...
激光帧写入进度: 1/10428 (0.0%)
激光帧写入进度: 101/10428 (1.0%)
激光帧写入进度: 201/10428 (1.9%)
激光帧写入进度: 301/10428 (2.9%)
激光帧写入进度: 401/10428 (3.8%)
激光帧写入进度: 501/10428 (4.8%)
激光帧写入进度: 601/10428 (5.8%)
激光帧写入进度: 701/10428 (6.7%)
激光帧写入进度: 801/10428 (7.7%)
激光帧写入进度: 901/10428 (8.6%)
激光帧写入进度: 1001/10428 (9.6%)
激光帧写入进度: 1101/10428 (10.6%)
激光帧写入进度: 1201/10428 (11.5%)
激光帧写入进度: 1301/10428 (12.5%)
激光帧写入进度: 1401/10428 (13.4%)
激光帧写入进度: 1501/10428 (14.4%)
激光帧写入进度: 1601/10428 (15.4%)
激光帧写入进度: 1701/10428 (16.3%)
激光帧写入进度: 1801/10428 (17.3%)
激光帧写入进度: 1901/10428 (18.2%)
激光帧写入进度: 2001/10428 (19.2%)
激光帧写入进度: 2101/10428 (20.1%)
激光帧写入进度: 2201/10428 (21.1%)
激光帧写入进度: 2301/10428 (22.1%)
激光帧写入进度: 2401/10428 (23.0%)
激光帧写入进度: 2501/10428 (24.0%)
激光帧写入进度: 2601/10428 (24.9%)
激光帧写入进度: 2701/10428 (25.9%)
激光帧写入进度: 2801/10428 (26.9%)
激光帧写入进度: 2901/10428 (27.8%)
激光帧写入进度: 3001/10428 (28.8%)
激光帧写入进度: 3101/10428 (29.7%)
激光帧写入进度: 3201/10428 (30.7%)
激光帧写入进度: 3301/10428 (31.7%)
激光帧写入进度: 3401/10428 (32.6%)
激光帧写入进度: 3501/10428 (33.6%)
激光帧写入进度: 3601/10428 (34.5%)
激光帧写入进度: 3701/10428 (35.5%)
激光帧写入进度: 3801/10428 (36.4%)
激光帧写入进度: 3901/10428 (37.4%)
激光帧写入进度: 4001/10428 (38.4%)
激光帧写入进度: 4101/10428 (39.3%)
激光帧写入进度: 4201/10428 (40.3%)
激光帧写入进度: 4301/10428 (41.2%)
激光帧写入进度: 4401/10428 (42.2%)
激光帧写入进度: 4501/10428 (43.2%)
激光帧写入进度: 4601/10428 (44.1%)
激光帧写入进度: 4701/10428 (45.1%)
激光帧写入进度: 4801/10428 (46.0%)
激光帧写入进度: 4901/10428 (47.0%)
激光帧写入进度: 5001/10428 (48.0%)
激光帧写入进度: 5101/10428 (48.9%)
激光帧写入进度: 5201/10428 (49.9%)
激光帧写入进度: 5301/10428 (50.8%)
激光帧写入进度: 5401/10428 (51.8%)
激光帧写入进度: 5501/10428 (52.8%)
激光帧写入进度: 5601/10428 (53.7%)
激光帧写入进度: 5701/10428 (54.7%)
激光帧写入进度: 5801/10428 (55.6%)
激光帧写入进度: 5901/10428 (56.6%)
激光帧写入进度: 6001/10428 (57.5%)
激光帧写入进度: 6101/10428 (58.5%)
激光帧写入进度: 6201/10428 (59.5%)
激光帧写入进度: 6301/10428 (60.4%)
激光帧写入进度: 6401/10428 (61.4%)
激光帧写入进度: 6501/10428 (62.3%)
激光帧写入进度: 6601/10428 (63.3%)
激光帧写入进度: 6701/10428 (64.3%)
激光帧写入进度: 6801/10428 (65.2%)
激光帧写入进度: 6901/10428 (66.2%)
激光帧写入进度: 7001/10428 (67.1%)
激光帧写入进度: 7101/10428 (68.1%)
激光帧写入进度: 7201/10428 (69.1%)
激光帧写入进度: 7301/10428 (70.0%)
激光帧写入进度: 7401/10428 (71.0%)
激光帧写入进度: 7501/10428 (71.9%)
激光帧写入进度: 7601/10428 (72.9%)
激光帧写入进度: 7701/10428 (73.8%)
激光帧写入进度: 7801/10428 (74.8%)
激光帧写入进度: 7901/10428 (75.8%)
激光帧写入进度: 8001/10428 (76.7%)
激光帧写入进度: 8101/10428 (77.7%)
激光帧写入进度: 8201/10428 (78.6%)
激光帧写入进度: 8301/10428 (79.6%)
激光帧写入进度: 8401/10428 (80.6%)
激光帧写入进度: 8501/10428 (81.5%)
激光帧写入进度: 8601/10428 (82.5%)
激光帧写入进度: 8701/10428 (83.4%)
激光帧写入进度: 8801/10428 (84.4%)
激光帧写入进度: 8901/10428 (85.4%)
激光帧写入进度: 9001/10428 (86.3%)
激光帧写入进度: 9101/10428 (87.3%)
激光帧写入进度: 9201/10428 (88.2%)
激光帧写入进度: 9301/10428 (89.2%)
激光帧写入进度: 9401/10428 (90.2%)
激光帧写入进度: 9501/10428 (91.1%)
激光帧写入进度: 9601/10428 (92.1%)
激光帧写入进度: 9701/10428 (93.0%)
激光帧写入进度: 9801/10428 (94.0%)
激光帧写入进度: 9901/10428 (94.9%)
激光帧写入进度: 10001/10428 (95.9%)
激光帧写入进度: 10101/10428 (96.9%)
激光帧写入进度: 10201/10428 (97.8%)
激光帧写入进度: 10301/10428 (98.8%)
激光帧写入进度: 10401/10428 (99.7%)
激光帧写入进度: 10428/10428 (100.0%)
成功将数据写入ROS2 bag文件: lms_data.bag
总共写入帧数: 10428
总有效激光点数: 3715347, 平均每帧: 356.3
使用的轨迹时间戳范围: 71407205 - 71554079
处理用时: 53.83秒
ROS2 Bag文件写入完成
⏳ 正在转换数据 - 已等待 40/300 秒...
✅ 命令已完成
检查rosbag内容...
⏱️ 执行命令 (最长30秒): ros2 bag info lms_data.bag

Files:             lms_data.bag_0.db3
Bag size:          31.3 MiB
Storage id:        sqlite3
Duration:          146.874000000s
Start:             Jan  1 1970 08:00:01.000000000 (1.000000000)
End:               Jan  1 1970 08:02:27.874000000 (147.874000000)
Messages:          41712
Topic information: Topic: /clock | Type: rosgraph_msgs/msg/Clock | Count: 10428 | Serialization Format: cdr
                   Topic: scan | Type: sensor_msgs/msg/LaserScan | Count: 10428 | Serialization Format: cdr
                   Topic: odom | Type: nav_msgs/msg/Odometry | Count: 10428 | Serialization Format: cdr
                   Topic: tf | Type: tf2_msgs/msg/TFMessage | Count: 10428 | Serialization Format: cdr

✅ 命令已完成
正在启动LMS Mapper节点...
执行: python3 /IntelligentMobileRobots2025/work3/src/lms_mapper/lms_mapper/lms_mapper_node.py --ros-args -p map_save_path:=occupancy_grid.png
设置ROS2使用模拟时钟...
usage: ros2 param set [-h] [--spin-time SPIN_TIME] [-s] [--no-daemon]
                      [--include-hidden-nodes]
                      node_name parameter_name value
ros2 param set: error: the following arguments are required: value
无法设置全局参数，将在节点启动时设置
等待节点启动...
[INFO] [1742632101.085255293] [lms_mapper]: 地图参数: 尺寸=1000x1000, 分辨率=0.1米/格
[INFO] [1742632101.107744293] [lms_mapper]: 地图重置功能已禁用，将持续累积所有障碍物数据
[INFO] [1742632101.108027209] [lms_mapper]: 中间地图保存间隔: 60.0秒
[INFO] [1742632101.108233168] [lms_mapper]: 清除过期障碍物功能已禁用，将保留所有检测到的障碍物
[INFO] [1742632101.108449293] [lms_mapper]: 运动过滤功能已启用：最小运动距离=0.5米，静止忽略时间=0.2秒
[INFO] [1742632101.108717793] [lms_mapper]: 使用自适应阈值：基础阈值=2，距离因子=0.5
[INFO] [1742632101.265908793] [lms_mapper]: LMS mapper node已启动
节点已启动，PID: 6462
检查可用的话题...
/clock
/map
/odom
/parameter_events
/rosout
/scan
等待话题准备就绪...
✅ /map 话题已准备就绪
正在播放rosbag数据...
等待系统准备就绪，确保时钟同步...
开始播放rosbag...
等待rosbag播放完成...
stdin is not a terminal device. Keyboard handling disabled.[INFO] [1742632131.691800834] [rosbag2_storage]: Opened database 'lms_data.bag/lms_data.bag_0.db3' for READ_ONLY.
[INFO] [1742632131.705784376] [rosbag2_player]: Set rate to 0.1
[INFO] [1742632131.823467335] [rosbag2_player]: Adding keyboard callbacks.
[INFO] [1742632131.823779210] [rosbag2_player]: Press SPACE for Pause/Resume
[INFO] [1742632131.823806376] [rosbag2_player]: Press CURSOR_RIGHT for Play Next Message
[INFO] [1742632131.823823835] [rosbag2_player]: Press CURSOR_UP for Increase Rate 10%
[INFO] [1742632131.823855168] [rosbag2_player]: Press CURSOR_DOWN for Decrease Rate 10%
[INFO] [1742632131.835773751] [rosbag2_storage]: Opened database 'lms_data.bag/lms_data.bag_0.db3' for READ_ONLY.
[INFO] [1742632132.041767001] [lms_mapper]: 记录起始位置: x=0.00, y=0.00, theta=0.00
[INFO] [1742632132.114840001] [lms_mapper]: 接收到激光数据: frame_id=laser, 点数=361
[INFO] [1742632132.115168293] [lms_mapper]: 【激光雷达坐标】x=0.0000, y=0.0000, theta=0.0000
[INFO] [1742632132.116831210] [lms_mapper]: 记录起始位置: x=0.00, y=0.00, theta=0.00
[INFO] [1742632132.117311085] [lms_mapper]: 接收到激光数据: 361个点, 角度范围=[0.00, 3.14]
[INFO] [1742632132.118263001] [lms_mapper]: 有效激光点: 351/361
[INFO] [1742632132.120644460] [lms_mapper]: 机器人位姿: x=0.00, y=0.00, theta=0.00, cos_theta=1.00, sin_theta=0.00
[INFO] [1742632132.150405751] [lms_mapper]: 激光点世界坐标范围: x=[-1.76, 0.96], y=[0.00, 25.71]
[INFO] [1742632132.222455585] [lms_mapper]: 【坐标转换样本】: 激光坐标(0.96,0.00)→世界坐标(0.96,0.00) | 激光坐标(0.94,0.89)→世界坐标(0.94,0.89) | 激光坐标(0.39,11.30)→世界坐标(0.39,11.30) | 激光坐标(-1.21,1.15)→世界坐标(-1.21,1.15) | 激光坐标(-1.16,0.00)→世界坐标(-1.16,0.00)
[INFO] [1742632132.223430543] [lms_mapper]: 当前使用的障碍物计数阈值: 1
[INFO] [1742632138.704138046] [lms_mapper]: 机器人静止中 (6.7秒)，跳过处理激光数据
[INFO] [1742632145.865026133] [lms_mapper]: 机器人静止中 (13.9秒)，跳过处理激光数据
[INFO] [1742632146.069581216] [lms_mapper]: 接收到激光数据: frame_id=laser, 点数=361
[INFO] [1742632146.070758508] [lms_mapper]: 【激光雷达坐标】x=0.0000, y=0.0000, theta=0.0000
⏳ 正在播放rosbag - 已等待 15/3600 秒...
当前活跃话题:
/clock
/events/read_split
/map
/odom
/parameter_events
/rosout
/scan
/tf
[INFO] [1742632153.451522928] [lms_mapper]: 机器人静止中 (21.5秒)，跳过处理激光数据
[INFO] [1742632159.973940667] [lms_mapper]: 机器人静止中 (28.0秒)，跳过处理激光数据
[INFO] [1742632159.977577125] [lms_mapper]: 机器人静止中: 28.0秒, 位置: (0.00, 0.00)
[INFO] [1742632160.128314417] [lms_mapper]: 接收到激光数据: frame_id=laser, 点数=361
[INFO] [1742632160.128707500] [lms_mapper]: 【激光雷达坐标】x=0.0000, y=0.0000, theta=0.0000
[INFO] [1742632166.980361004] [lms_mapper]: 机器人静止中 (35.0秒)，跳过处理激光数据
⏳ 正在播放rosbag - 已等待 30/3600 秒...
当前活跃话题:
/clock
/events/read_split
/map
/odom
/parameter_events
/rosout
/scan
/tf
[INFO] [1742632173.483211715] [lms_mapper]: 【进度报告】运行时间: 72.3秒, 处理扫描: 284帧, 轨迹点: 284个, 障碍物格子: 59个, 轨迹已更新
[INFO] [1742632173.519488465] [lms_mapper]: 共绘制障碍物点 59个
[INFO] [1742632173.520535090] [lms_mapper]: 障碍物世界坐标范围: X=-1.30到0.90, Y=0.00到4.20
[INFO] [1742632173.520820132] [lms_mapper]: 中间地图 #1: 绘制轨迹 284个点, 障碍物 59个
[INFO] [1742632180.452875885] [lms_mapper]: 地图显示边界: X=-20.0到50.0, Y=-20.0到55.0
[INFO] [1742632181.108358094] [lms_mapper]: 已保存中间地图 #1 到: map_checkpoint_1.png
[INFO] [1742632183.522477553] [lms_mapper]: 机器人静止中 (51.5秒)，跳过处理激光数据
[INFO] [1742632183.523495053] [lms_mapper]: 接收到激光数据: frame_id=laser, 点数=361
[INFO] [1742632183.523732553] [lms_mapper]: 【激光雷达坐标】x=0.0000, y=0.0000, theta=0.0000
[INFO] [1742632189.133083333] [lms_mapper]: 机器人静止中 (57.2秒)，跳过处理激光数据
⏳ 正在播放rosbag - 已等待 45/3600 秒...
当前活跃话题:
/clock
/events/read_split
/map
/odom
/parameter_events
/rosout
/scan
/tf
[INFO] [1742632196.202005253] [lms_mapper]: 机器人静止中 (64.2秒)，跳过处理激光数据
[INFO] [1742632196.315109712] [lms_mapper]: 接收到激光数据: frame_id=laser, 点数=361
[INFO] [1742632196.315641295] [lms_mapper]: 【激光雷达坐标】x=0.0000, y=0.0000, theta=0.0000
[INFO] [1742632196.317703003] [lms_mapper]: 机器人静止中: 64.3秒, 位置: (0.00, 0.00)
[INFO] [1742632203.488166548] [lms_mapper]: 机器人静止中 (71.5秒)，跳过处理激光数据
[INFO] [1742632210.403557302] [lms_mapper]: 机器人静止中 (78.4秒)，跳过处理激光数据
⏳ 正在播放rosbag - 已等待 60/3600 秒...
当前活跃话题:
[INFO] [1742632210.518156468] [lms_mapper]: 接收到激光数据: frame_id=laser, 点数=361
[INFO] [1742632210.518504635] [lms_mapper]: 【激光雷达坐标】x=0.0000, y=0.0000, theta=0.0000
/clock
/events/read_split
/map
/odom
/parameter_events
/rosout
/scan
/tf
[INFO] [1742632217.878295764] [lms_mapper]: 机器人静止中 (85.9秒)，跳过处理激光数据
[INFO] [1742632223.314655044] [lms_mapper]: 【进度报告】运行时间: 122.2秒, 处理扫描: 578帧, 轨迹点: 577个, 障碍物格子: 59个, 轨迹已更新
[INFO] [1742632223.341771169] [lms_mapper]: 共绘制障碍物点 59个
[INFO] [1742632223.342386835] [lms_mapper]: 障碍物世界坐标范围: X=-1.30到0.90, Y=0.00到4.20
[INFO] [1742632223.342667002] [lms_mapper]: 中间地图 #2: 绘制轨迹 577个点, 障碍物 59个
[INFO] [1742632224.083423086] [lms_mapper]: 地图显示边界: X=-20.0到50.0, Y=-20.0到55.0
[INFO] [1742632226.860196170] [lms_mapper]: 已保存中间地图 #2 到: map_checkpoint_2.png
[INFO] [1742632228.456370254] [lms_mapper]: 机器人静止中 (96.5秒)，跳过处理激光数据
[INFO] [1742632228.562692421] [lms_mapper]: 接收到激光数据: frame_id=laser, 点数=361
[INFO] [1742632228.563041254] [lms_mapper]: 【激光雷达坐标】x=0.0000, y=0.0000, theta=0.0000
[INFO] [1742632228.563594629] [lms_mapper]: 机器人静止中: 96.6秒, 位置: (0.00, 0.00)
⏳ 正在播放rosbag - 已等待 75/3600 秒...
当前活跃话题:
/clock
/events/read_split
/map
/odom
/parameter_events
/rosout
/scan
/tf
[INFO] [1742632235.768085383] [lms_mapper]: 机器人静止中 (103.8秒)，跳过处理激光数据
[INFO] [1742632244.409477845] [lms_mapper]: 机器人静止中 (112.4秒)，跳过处理激光数据
[INFO] [1742632244.411278095] [lms_mapper]: 接收到激光数据: frame_id=laser, 点数=361
[INFO] [1742632244.411588845] [lms_mapper]: 【激光雷达坐标】x=0.0000, y=0.0000, theta=0.0000
⏳ 正在播放rosbag - 已等待 90/3600 秒...
当前活跃话题:
[INFO] [1742632250.830202042] [lms_mapper]: 机器人静止中 (118.9秒)，跳过处理激光数据
/clock
/events/read_split
/map
/odom
/parameter_events
/rosout
/scan
/tf
[INFO] [1742632259.052518963] [lms_mapper]: 机器人静止中 (127.0秒)，跳过处理激光数据
[INFO] [1742632259.132642671] [lms_mapper]: 接收到激光数据: frame_id=laser, 点数=361
[INFO] [1742632259.140328880] [lms_mapper]: 【激光雷达坐标】x=0.0000, y=0.0000, theta=0.0000
[INFO] [1742632259.152668796] [lms_mapper]: 机器人静止中: 127.2秒, 位置: (0.00, 0.00)
[INFO] [1742632266.316645425] [lms_mapper]: 机器人静止中 (134.3秒)，跳过处理激光数据
[INFO] [1742632273.212478095] [lms_mapper]: 【进度报告】运行时间: 172.1秒, 处理扫描: 889帧, 轨迹点: 888个, 障碍物格子: 59个, 轨迹已更新
[INFO] [1742632273.300420595] [lms_mapper]: 共绘制障碍物点 59个
[INFO] [1742632273.301136511] [lms_mapper]: 障碍物世界坐标范围: X=-1.30到0.90, Y=0.00到4.20
[INFO] [1742632273.301567636] [lms_mapper]: 中间地图 #3: 绘制轨迹 888个点, 障碍物 59个
⏳ 正在播放rosbag - 已等待 105/3600 秒...
当前活跃话题:
[INFO] [1742632274.244342387] [lms_mapper]: 地图显示边界: X=-20.0到50.0, Y=-20.0到55.0
[INFO] [1742632275.188280137] [lms_mapper]: 已保存中间地图 #3 到: map_checkpoint_3.png
[INFO] [1742632275.351618012] [lms_mapper]: 机器人静止中 (143.4秒)，跳过处理激光数据
[INFO] [1742632275.474955887] [lms_mapper]: 接收到激光数据: frame_id=laser, 点数=361
[INFO] [1742632275.498061179] [lms_mapper]: 【激光雷达坐标】x=0.0000, y=0.0000, theta=0.0000
/clock
/events/read_split
/map
/odom
/parameter_events
/rosout
/scan
/tf
[INFO] [1742632283.478251127] [lms_mapper]: 机器人静止中 (151.5秒)，跳过处理激光数据
[INFO] [1742632289.570832338] [lms_mapper]: 机器人静止中 (157.6秒)，跳过处理激光数据
[INFO] [1742632289.739206797] [lms_mapper]: 接收到激光数据: frame_id=laser, 点数=361
[INFO] [1742632289.740306213] [lms_mapper]: 【激光雷达坐标】x=0.0000, y=0.0000, theta=0.0000
[INFO] [1742632289.749241088] [lms_mapper]: 机器人静止中: 157.8秒, 位置: (0.00, 0.00)
⏳ 正在播放rosbag - 已等待 120/3600 秒...
当前活跃话题:
[INFO] [1742632296.751099675] [lms_mapper]: 机器人静止中 (164.8秒)，跳过处理激光数据
/clock
/events/read_split
/map
/odom
/parameter_events
/rosout
/scan
/tf
[INFO] [1742632304.214003970] [lms_mapper]: 机器人静止中 (172.2秒)，跳过处理激光数据
[INFO] [1742632304.372267137] [lms_mapper]: 接收到激光数据: frame_id=laser, 点数=361
[INFO] [1742632304.375900262] [lms_mapper]: 【激光雷达坐标】x=0.0000, y=0.0000, theta=0.0000
[INFO] [1742632311.296652459] [lms_mapper]: 机器人静止中 (179.3秒)，跳过处理激光数据
⏳ 正在播放rosbag - 已等待 135/3600 秒...
当前活跃话题:
[INFO] [1742632318.306331129] [lms_mapper]: 机器人静止中 (186.3秒)，跳过处理激光数据
[INFO] [1742632318.472547921] [lms_mapper]: 接收到激光数据: frame_id=laser, 点数=361
[INFO] [1742632318.472929629] [lms_mapper]: 【激光雷达坐标】x=0.0000, y=0.0000, theta=0.0000
[INFO] [1742632318.475215629] [lms_mapper]: 机器人静止中: 186.5秒, 位置: (0.00, 0.00)
/clock
/events/read_split
/map
/odom
/parameter_events
/rosout
/scan
/tf
[INFO] [1742632323.119009548] [lms_mapper]: 【进度报告】运行时间: 222.0秒, 处理扫描: 1225帧, 轨迹点: 1224个, 障碍物格子: 59个, 轨迹已更新
[INFO] [1742632323.192710090] [lms_mapper]: 共绘制障碍物点 59个
[INFO] [1742632323.202037048] [lms_mapper]: 障碍物世界坐标范围: X=-1.30到0.90, Y=0.00到4.20
[INFO] [1742632323.202539882] [lms_mapper]: 中间地图 #4: 绘制轨迹 1224个点, 障碍物 59个
[INFO] [1742632323.932190632] [lms_mapper]: 地图显示边界: X=-20.0到50.0, Y=-20.0到55.0
[INFO] [1742632326.861538967] [lms_mapper]: 已保存中间地图 #4 到: map_checkpoint_4.png
[INFO] [1742632328.875563843] [lms_mapper]: 机器人静止中 (196.9秒)，跳过处理激光数据
[INFO] [1742632335.887427763] [lms_mapper]: 机器人静止中 (203.9秒)，跳过处理激光数据
[INFO] [1742632336.055122888] [lms_mapper]: 接收到激光数据: frame_id=laser, 点数=361
[INFO] [1742632336.055568846] [lms_mapper]: 【激光雷达坐标】x=0.0000, y=0.0000, theta=0.0000
⏳ 正在播放rosbag - 已等待 150/3600 秒...
当前活跃话题:
/clock
/events/read_split
/map
/odom
/parameter_events
/rosout
/scan
/tf
[INFO] [1742632343.660053710] [lms_mapper]: 机器人静止中 (211.7秒)，跳过处理激光数据
[INFO] [1742632350.310033505] [lms_mapper]: 机器人静止中 (218.3秒)，跳过处理激光数据
[INFO] [1742632350.416033339] [lms_mapper]: 接收到激光数据: frame_id=laser, 点数=361
[INFO] [1742632350.416370714] [lms_mapper]: 【激光雷达坐标】x=0.0000, y=0.0000, theta=0.0000
[INFO] [1742632350.416935964] [lms_mapper]: 机器人静止中: 218.4秒, 位置: (0.00, 0.00)
[INFO] [1742632357.340028467] [lms_mapper]: 机器人静止中 (225.3秒)，跳过处理激光数据
⏳ 正在播放rosbag - 已等待 165/3600 秒...
当前活跃话题:
/clock
/events/read_split
/map
/odom
/parameter_events
/rosout
/scan
/tf
[INFO] [1742632365.795459471] [lms_mapper]: 机器人静止中 (233.8秒)，跳过处理激光数据
[INFO] [1742632365.912793304] [lms_mapper]: 接收到激光数据: frame_id=laser, 点数=361
[INFO] [1742632365.913206263] [lms_mapper]: 【激光雷达坐标】x=0.0000, y=0.0000, theta=0.0000
[INFO] [1742632373.483611169] [lms_mapper]: 【进度报告】运行时间: 272.4秒, 处理扫描: 1543帧, 轨迹点: 1542个, 障碍物格子: 59个, 轨迹已更新
[INFO] [1742632373.504167335] [lms_mapper]: 共绘制障碍物点 59个
[INFO] [1742632373.504969627] [lms_mapper]: 障碍物世界坐标范围: X=-1.30到0.90, Y=0.00到4.20
[INFO] [1742632373.505719335] [lms_mapper]: 中间地图 #5: 绘制轨迹 1542个点, 障碍物 59个
[INFO] [1742632375.422754670] [lms_mapper]: 地图显示边界: X=-20.0到50.0, Y=-20.0到55.0
[INFO] [1742632378.424056421] [lms_mapper]: 已保存中间地图 #5 到: map_checkpoint_5.png
[INFO] [1742632378.497230421] [lms_mapper]: 机器人静止中 (246.5秒)，跳过处理激光数据
⏳ 正在播放rosbag - 已等待 180/3600 秒...
当前活跃话题:
[INFO] [1742632385.647994008] [lms_mapper]: 机器人静止中 (253.7秒)，跳过处理激光数据
[INFO] [1742632385.754255716] [lms_mapper]: 接收到激光数据: frame_id=laser, 点数=361
[INFO] [1742632385.754770883] [lms_mapper]: 【激光雷达坐标】x=0.0000, y=0.0000, theta=0.0000
[INFO] [1742632385.929720800] [lms_mapper]: 机器人静止中: 253.9秒, 位置: (0.00, 0.00)
/clock
/events/read_split
/map
/odom
/parameter_events
/rosout
/scan
/tf
[INFO] [1742632393.184881470] [lms_mapper]: 机器人静止中 (261.2秒)，跳过处理激光数据
[INFO] [1742632399.732882417] [lms_mapper]: 机器人静止中 (267.8秒)，跳过处理激光数据
[INFO] [1742632399.833507084] [lms_mapper]: 接收到激光数据: frame_id=laser, 点数=361
[INFO] [1742632399.833899042] [lms_mapper]: 【激光雷达坐标】x=0.0000, y=0.0000, theta=0.0000
⏳ 正在播放rosbag - 已等待 195/3600 秒...
当前活跃话题:
[INFO] [1742632406.785819004] [lms_mapper]: 机器人静止中 (274.8秒)，跳过处理激光数据
/clock
/events/read_split
/map
/odom
/parameter_events
/rosout
/scan
/tf
[INFO] [1742632413.792809132] [lms_mapper]: 机器人静止中 (281.8秒)，跳过处理激光数据
[INFO] [1742632413.964802049] [lms_mapper]: 接收到激光数据: frame_id=laser, 点数=361
[INFO] [1742632413.965951049] [lms_mapper]: 【激光雷达坐标】x=0.0000, y=0.0000, theta=0.0000
[INFO] [1742632414.073462090] [lms_mapper]: 机器人静止中: 282.1秒, 位置: (0.00, 0.00)
[INFO] [1742632420.878485344] [lms_mapper]: 机器人静止中 (288.9秒)，跳过处理激光数据
⏳ 正在播放rosbag - 已等待 210/3600 秒...
当前活跃话题:
[INFO] [1742632424.538688095] [lms_mapper]: 【进度报告】运行时间: 323.3秒, 处理扫描: 1857帧, 轨迹点: 1855个, 障碍物格子: 59个, 轨迹已更新
[INFO] [1742632424.601411512] [lms_mapper]: 共绘制障碍物点 59个
[INFO] [1742632424.602730220] [lms_mapper]: 障碍物世界坐标范围: X=-1.30到0.90, Y=0.00到4.20
[INFO] [1742632424.640507970] [lms_mapper]: 中间地图 #6: 绘制轨迹 1855个点, 障碍物 59个
[INFO] [1742632425.987975054] [lms_mapper]: 地图显示边界: X=-20.0到50.0, Y=-20.0到55.0
[INFO] [1742632429.290327375] [lms_mapper]: 已保存中间地图 #6 到: map_checkpoint_6.png
/clock
/events/read_split
/map
/odom
/parameter_events
/rosout
/scan
/tf
[INFO] [1742632434.256316794] [lms_mapper]: 机器人静止中 (302.3秒)，跳过处理激光数据
[INFO] [1742632434.366020919] [lms_mapper]: 接收到激光数据: frame_id=laser, 点数=361
[INFO] [1742632434.383096336] [lms_mapper]: 【激光雷达坐标】x=0.0000, y=0.0000, theta=0.0000
[INFO] [1742632441.260839756] [lms_mapper]: 机器人静止中 (309.3秒)，跳过处理激光数据
⏳ 正在播放rosbag - 已等待 225/3600 秒...
当前活跃话题:
[INFO] [1742632448.439886926] [lms_mapper]: 机器人静止中 (316.5秒)，跳过处理激光数据
[INFO] [1742632448.622254717] [lms_mapper]: 接收到激光数据: frame_id=laser, 点数=361
[INFO] [1742632448.622599301] [lms_mapper]: 【激光雷达坐标】x=0.0000, y=0.0000, theta=0.0000
[INFO] [1742632448.728610093] [lms_mapper]: 机器人静止中: 316.7秒, 位置: (0.00, 0.00)
/clock
/events/read_split
/map
/odom
/parameter_events
/rosout
/scan
/tf
[INFO] [1742632455.498393804] [lms_mapper]: 机器人静止中 (323.5秒)，跳过处理激光数据
[INFO] [1742632463.577259169] [lms_mapper]: 机器人静止中 (331.6秒)，跳过处理激光数据
[INFO] [1742632463.581498169] [lms_mapper]: 接收到激光数据: frame_id=laser, 点数=361
[INFO] [1742632463.600380252] [lms_mapper]: 【激光雷达坐标】x=0.0013, y=0.4617, theta=-0.0005
⏳ 正在播放rosbag - 已等待 240/3600 秒...
当前活跃话题:
[INFO] [1742632469.873462213] [lms_mapper]: 机器人静止中 (337.9秒)，跳过处理激光数据
/clock
/events/read_split
/map
/odom
/parameter_events
/rosout
/scan
/tf
[INFO] [1742632473.595525715] [lms_mapper]: 【进度报告】运行时间: 372.5秒, 处理扫描: 2164帧, 轨迹点: 2162个, 障碍物格子: 59个, 轨迹已更新
[INFO] [1742632473.643491048] [lms_mapper]: 共绘制障碍物点 59个
[INFO] [1742632473.644336298] [lms_mapper]: 障碍物世界坐标范围: X=-1.30到0.90, Y=0.00到4.20
[INFO] [1742632473.674248882] [lms_mapper]: 中间地图 #7: 绘制轨迹 2162个点, 障碍物 59个
[INFO] [1742632474.995661049] [lms_mapper]: 地图显示边界: X=-20.0到50.0, Y=-20.0到55.0
[INFO] [1742632478.187910009] [lms_mapper]: 已保存中间地图 #7 到: map_checkpoint_7.png
[INFO] [1742632478.210298759] [lms_mapper]: 检测到机器人开始行驶，总静止时间: 346.23秒，当前位置: (-0.01, 1.71)
[WARN] [1742632478.210966759] [lms_mapper]: 激光扫描处理间隔较长: 346.10秒
[INFO] [1742632478.258329217] [lms_mapper]: 检测到机器人可能已到达终点，静止时间: 346.26秒，总行驶距离: 1.73米
[INFO] [1742632481.856626386] [lms_mapper]: 机器人静止中 (3.6秒)，跳过处理激光数据
[INFO] [1742632483.482144886] [lms_mapper]: 接收到激光数据: frame_id=laser, 点数=361
[INFO] [1742632483.482495553] [lms_mapper]: 【激光雷达坐标】x=-0.0103, y=2.1598, theta=-0.0065
[INFO] [1742632483.536236011] [lms_mapper]: 机器人静止中: 351.5秒, 位置: (-0.01, 2.20)
⏳ 正在播放rosbag - 已等待 255/3600 秒...
当前活跃话题:
[INFO] [1742632489.064842583] [lms_mapper]: 机器人静止中 (10.8秒)，跳过处理激光数据
/clock
/events/read_split
/map
/odom
/parameter_events
/rosout
/scan
/tf
[INFO] [1742632496.095087003] [lms_mapper]: 机器人静止中 (17.9秒)，跳过处理激光数据
[INFO] [1742632496.214638962] [lms_mapper]: 接收到激光数据: frame_id=laser, 点数=361
[INFO] [1742632496.215126878] [lms_mapper]: 【激光雷达坐标】x=-0.0381, y=3.5410, theta=0.0159
[INFO] [1742632503.251515923] [lms_mapper]: 机器人静止中 (25.0秒)，跳过处理激光数据
⏳ 正在播放rosbag - 已等待 270/3600 秒...
当前活跃话题:
/clock
/events/read_split
/map
/odom
/parameter_events
/rosout
/scan
/tf
[INFO] [1742632510.158528135] [lms_mapper]: 机器人静止中 (31.9秒)，跳过处理激光数据
[INFO] [1742632510.316111260] [lms_mapper]: 接收到激光数据: frame_id=laser, 点数=361
[INFO] [1742632510.316407385] [lms_mapper]: 【激光雷达坐标】x=-0.1077, y=4.8872, theta=0.0637
[INFO] [1742632510.439704843] [lms_mapper]: 机器人静止中: 378.5秒, 位置: (-0.11, 4.91)
[INFO] [1742632517.224335430] [lms_mapper]: 机器人静止中 (39.0秒)，跳过处理激光数据
[INFO] [1742632523.399099919] [lms_mapper]: 【进度报告】运行时间: 422.3秒, 处理扫描: 2483帧, 轨迹点: 2481个, 障碍物格子: 262个, 轨迹已更新
[INFO] [1742632523.425953710] [lms_mapper]: 共绘制障碍物点 262个
[INFO] [1742632523.427675252] [lms_mapper]: 障碍物世界坐标范围: X=-1.30到1.10, Y=0.00到10.40
[INFO] [1742632523.460501835] [lms_mapper]: 中间地图 #8: 绘制轨迹 2481个点, 障碍物 262个
[INFO] [1742632524.708683502] [lms_mapper]: 地图显示边界: X=-20.0到50.0, Y=-20.0到55.0
⏳ 正在播放rosbag - 已等待 285/3600 秒...
当前活跃话题:
[INFO] [1742632527.114505712] [lms_mapper]: 已保存中间地图 #8 到: map_checkpoint_8.png
[WARN] [1742632527.116261420] [lms_mapper]: 激光扫描处理间隔较长: 48.71秒
[INFO] [1742632528.093431671] [lms_mapper]: 机器人静止中 (1.0秒)，跳过处理激光数据
[INFO] [1742632528.179267004] [lms_mapper]: 接收到激光数据: frame_id=laser, 点数=361
[INFO] [1742632528.179615879] [lms_mapper]: 【激光雷达坐标】x=-0.2795, y=6.6007, theta=0.0785
/clock
/events/read_split
/map
/odom
/parameter_events
/rosout
/scan
/tf
[INFO] [1742632535.130806841] [lms_mapper]: 机器人静止中 (8.0秒)，跳过处理激光数据
[INFO] [1742632542.839316136] [lms_mapper]: 机器人静止中 (15.7秒)，跳过处理激光数据
[INFO] [1742632542.841873844] [lms_mapper]: 接收到激光数据: frame_id=laser, 点数=361
[INFO] [1742632542.846121886] [lms_mapper]: 【激光雷达坐标】x=-0.4298, y=8.0241, theta=0.0727
[INFO] [1742632542.855013553] [lms_mapper]: 机器人静止中: 410.9秒, 位置: (-0.43, 8.05)
⏳ 正在播放rosbag - 已等待 300/3600 秒...
当前活跃话题:
[INFO] [1742632549.218815583] [lms_mapper]: 机器人静止中 (22.1秒)，跳过处理激光数据
/clock
/events/read_split
/map
/odom
/parameter_events
/rosout
/scan
/tf
[INFO] [1742632556.821346420] [lms_mapper]: 机器人静止中 (29.7秒)，跳过处理激光数据
[INFO] [1742632556.933207504] [lms_mapper]: 接收到激光数据: frame_id=laser, 点数=361
[INFO] [1742632556.933611837] [lms_mapper]: 【激光雷达坐标】x=-0.4728, y=9.5003, theta=0.0118
[INFO] [1742632563.819124049] [lms_mapper]: 机器人静止中 (36.7秒)，跳过处理激光数据
⏳ 正在播放rosbag - 已等待 315/3600 秒...
当前活跃话题:
[INFO] [1742632570.895691635] [lms_mapper]: 机器人静止中 (43.8秒)，跳过处理激光数据
[INFO] [1742632571.004220844] [lms_mapper]: 接收到激光数据: frame_id=laser, 点数=361
[INFO] [1742632571.004582219] [lms_mapper]: 【激光雷达坐标】x=-0.4943, y=10.9017, theta=0.0026
[INFO] [1742632571.005162594] [lms_mapper]: 机器人静止中: 439.0秒, 位置: (-0.49, 10.91)
/clock
/events/read_split
/map
/odom
/parameter_events
/rosout
/scan
/tf
[INFO] [1742632573.964929803] [lms_mapper]: 【进度报告】运行时间: 472.8秒, 处理扫描: 2807帧, 轨迹点: 2806个, 障碍物格子: 454个, 轨迹已更新
[INFO] [1742632574.037180762] [lms_mapper]: 共绘制障碍物点 454个
[INFO] [1742632574.115589095] [lms_mapper]: 障碍物世界坐标范围: X=-3.00到1.10, Y=0.00到11.50
[INFO] [1742632574.123236720] [lms_mapper]: 中间地图 #9: 绘制轨迹 2806个点, 障碍物 454个
[INFO] [1742632575.382266012] [lms_mapper]: 地图显示边界: X=-20.0到50.0, Y=-20.0到55.0
[INFO] [1742632578.466212166] [lms_mapper]: 已保存中间地图 #9 到: map_checkpoint_9.png
[WARN] [1742632578.523944625] [lms_mapper]: 激光扫描处理间隔较长: 51.22秒
[WARN] [1742632583.824325835] [lms_mapper]: 激光扫描处理间隔较长: 5.10秒
[INFO] [1742632584.042944085] [lms_mapper]: 机器人静止中 (0.2秒)，跳过处理激光数据
⏳ 正在播放rosbag - 已等待 330/3600 秒...
当前活跃话题:
[INFO] [1742632590.490738839] [lms_mapper]: 机器人静止中 (6.7秒)，跳过处理激光数据
[INFO] [1742632590.597572089] [lms_mapper]: 接收到激光数据: frame_id=laser, 点数=361
[INFO] [1742632590.597916089] [lms_mapper]: 【激光雷达坐标】x=-0.4869, y=12.7606, theta=-0.0146
/clock
/events/read_split
/map
/odom
/parameter_events
/rosout
/scan
/tf
[WARN] [1742632593.916162882] [lms_mapper]: 激光扫描处理间隔较长: 9.90秒
[INFO] [1742632598.051475551] [lms_mapper]: 机器人静止中 (4.1秒)，跳过处理激光数据
[INFO] [1742632605.227413804] [lms_mapper]: 机器人静止中 (11.3秒)，跳过处理激光数据
[INFO] [1742632605.394387471] [lms_mapper]: 接收到激光数据: frame_id=laser, 点数=361
[INFO] [1742632605.394764471] [lms_mapper]: 【激光雷达坐标】x=-0.4768, y=14.4641, theta=-0.0264
[INFO] [1742632605.395298554] [lms_mapper]: 机器人静止中: 473.4秒, 位置: (-0.47, 14.49)
⏳ 正在播放rosbag - 已等待 345/3600 秒...
当前活跃话题:
[WARN] [1742632613.622284460] [lms_mapper]: 激光扫描处理间隔较长: 19.50秒
/clock
/events/read_split
/map
/odom
/parameter_events
/rosout
/scan
/tf
[INFO] [1742632619.747222297] [lms_mapper]: 机器人静止中 (6.2秒)，跳过处理激光数据
[INFO] [1742632619.915502005] [lms_mapper]: 接收到激光数据: frame_id=laser, 点数=361
[INFO] [1742632619.915945255] [lms_mapper]: 【激光雷达坐标】x=-0.5429, y=16.5633, theta=0.0550
[INFO] [1742632623.750332882] [lms_mapper]: 【进度报告】运行时间: 522.6秒, 处理扫描: 3114帧, 轨迹点: 3113个, 障碍物格子: 1235个, 轨迹已更新
[INFO] [1742632623.753485298] [lms_mapper]: 共绘制障碍物点 1235个
[INFO] [1742632623.829490923] [lms_mapper]: 障碍物世界坐标范围: X=-7.90到2.40, Y=0.00到20.90
[INFO] [1742632623.829830798] [lms_mapper]: 中间地图 #10: 绘制轨迹 3113个点, 障碍物 1235个
[INFO] [1742632625.311001174] [lms_mapper]: 地图显示边界: X=-30.9到50.0, Y=-20.0到55.0
[INFO] [1742632628.822277218] [lms_mapper]: 已保存中间地图 #10 到: map_checkpoint_10.png
[WARN] [1742632628.899088968] [lms_mapper]: 激光扫描处理间隔较长: 15.12秒
⏳ 正在播放rosbag - 已等待 360/3600 秒...
当前活跃话题:
[WARN] [1742632633.778350428] [lms_mapper]: 激光扫描处理间隔较长: 4.74秒
/clock
/events/read_split
/map
/odom
/parameter_events
/rosout
/scan
/tf
[INFO] [1742632640.072514875] [lms_mapper]: 机器人静止中 (6.3秒)，跳过处理激光数据
[INFO] [1742632640.187226375] [lms_mapper]: 接收到激光数据: frame_id=laser, 点数=361
[INFO] [1742632640.195943042] [lms_mapper]: 【激光雷达坐标】x=-0.8937, y=19.6470, theta=0.1030
[INFO] [1742632640.213643709] [lms_mapper]: 机器人静止中: 508.2秒, 位置: (-0.89, 19.66)
[INFO] [1742632647.088002837] [lms_mapper]: 机器人静止中 (13.3秒)，跳过处理激光数据
⏳ 正在播放rosbag - 已等待 375/3600 秒...
当前活跃话题:
[WARN] [1742632653.581099715] [lms_mapper]: 激光扫描处理间隔较长: 19.64秒
[INFO] [1742632654.595183507] [lms_mapper]: 机器人静止中 (1.0秒)，跳过处理激光数据
[INFO] [1742632654.715143632] [lms_mapper]: 接收到激光数据: frame_id=laser, 点数=361
[INFO] [1742632654.715484924] [lms_mapper]: 【激光雷达坐标】x=-1.0329, y=21.3952, theta=0.0286
/clock
/events/read_split
/map
/odom
/parameter_events
/rosout
/scan
/tf
[INFO] [1742632661.595737594] [lms_mapper]: 机器人静止中 (8.0秒)，跳过处理激光数据
[INFO] [1742632668.655912958] [lms_mapper]: 机器人静止中 (15.1秒)，跳过处理激光数据
[INFO] [1742632669.020828375] [lms_mapper]: 接收到激光数据: frame_id=laser, 点数=361
[INFO] [1742632669.686616208] [lms_mapper]: 【激光雷达坐标】x=-1.0854, y=23.3887, theta=0.0084
[INFO] [1742632669.713449125] [lms_mapper]: 机器人静止中: 537.7秒, 位置: (-1.09, 23.40)
⏳ 正在播放rosbag - 已等待 390/3600 秒...
当前活跃话题:
[INFO] [1742632673.794129127] [lms_mapper]: 【进度报告】运行时间: 572.7秒, 处理扫描: 3423帧, 轨迹点: 3422个, 障碍物格子: 1667个, 轨迹已更新
[INFO] [1742632673.838811919] [lms_mapper]: 共绘制障碍物点 1667个
[INFO] [1742632673.947585377] [lms_mapper]: 障碍物世界坐标范围: X=-7.90到2.40, Y=0.00到26.50
[INFO] [1742632673.948658669] [lms_mapper]: 中间地图 #11: 绘制轨迹 3422个点, 障碍物 1667个
[INFO] [1742632675.403982919] [lms_mapper]: 地图显示边界: X=-30.9到50.0, Y=-20.0到64.1
/clock
/events/read_split
/map
/odom
/parameter_events
/rosout
/scan
/tf
[INFO] [1742632679.076829963] [lms_mapper]: 已保存中间地图 #11 到: map_checkpoint_11.png
[WARN] [1742632679.078720880] [lms_mapper]: 激光扫描处理间隔较长: 25.31秒
⏳ 正在播放rosbag - 已等待 405/3600 秒...
当前活跃话题:
/clock
/events/read_split
/map
/odom
/parameter_events
/rosout
/scan
/tf
[WARN] [1742632706.898156420] [lms_mapper]: 激光扫描处理间隔较长: 27.72秒
[INFO] [1742632706.903196837] [lms_mapper]: 【障碍物计算】机器人位置: x=-1.12, y=29.24, theta=-0.02, 状态: 直线行驶
[INFO] [1742632708.220773754] [lms_mapper]: 机器人停止移动
[WARN] [1742632708.221378837] [lms_mapper]: 激光扫描处理间隔较长: 1.27秒
[INFO] [1742632709.745725005] [lms_mapper]: 机器人静止中 (1.6秒)，跳过处理激光数据
[WARN] [1742632713.864463048] [lms_mapper]: 激光扫描处理间隔较长: 5.47秒
⏳ 正在播放rosbag - 已等待 420/3600 秒...
当前活跃话题:
[INFO] [1742632717.367010758] [lms_mapper]: 机器人静止中 (3.5秒)，跳过处理激光数据
[INFO] [1742632717.537668259] [lms_mapper]: 接收到激光数据: frame_id=laser, 点数=361
[INFO] [1742632717.538112259] [lms_mapper]: 【激光雷达坐标】x=-1.0874, y=31.0937, theta=-0.0390
/clock
/events/read_split
/map
/odom
/parameter_events
/rosout
/scan
/tf
[INFO] [1742632723.639959678] [lms_mapper]: 【进度报告】运行时间: 622.5秒, 处理扫描: 3531帧, 轨迹点: 3530个, 障碍物格子: 2565个, 轨迹已更新
[INFO] [1742632723.694012511] [lms_mapper]: 共绘制障碍物点 2565个
[INFO] [1742632723.807163678] [lms_mapper]: 障碍物世界坐标范围: X=-5.30到3.00, Y=0.00到36.30
[INFO] [1742632723.830407887] [lms_mapper]: 中间地图 #12: 绘制轨迹 3530个点, 障碍物 2565个
[INFO] [1742632725.301015887] [lms_mapper]: 地图显示边界: X=-30.9到50.0, Y=-20.0到70.7
[INFO] [1742632728.356350055] [lms_mapper]: 已保存中间地图 #12 到: map_checkpoint_12.png
[WARN] [1742632728.373505722] [lms_mapper]: 激光扫描处理间隔较长: 14.29秒
[INFO] [1742632729.500769958] [lms_mapper]: 机器人静止中 (1.1秒)，跳过处理激光数据
[WARN] [1742632733.742461419] [lms_mapper]: 激光扫描处理间隔较长: 5.16秒
⏳ 正在播放rosbag - 已等待 435/3600 秒...
当前活跃话题:
[INFO] [1742632736.955699920] [lms_mapper]: 机器人静止中 (3.2秒)，跳过处理激光数据
[INFO] [1742632737.119751254] [lms_mapper]: 接收到激光数据: frame_id=laser, 点数=361
[INFO] [1742632737.120164504] [lms_mapper]: 【激光雷达坐标】x=-0.9876, y=34.0531, theta=-0.0576
[INFO] [1742632737.225333837] [lms_mapper]: 机器人静止中: 605.2秒, 位置: (-0.99, 34.07)
/clock
/events/read_split
/map
/odom
/parameter_events
/rosout
/scan
/tf
[WARN] [1742632743.672915173] [lms_mapper]: 激光扫描处理间隔较长: 9.76秒
[INFO] [1742632744.395813882] [lms_mapper]: 机器人静止中 (0.7秒)，跳过处理激光数据
[INFO] [1742632751.466686427] [lms_mapper]: 机器人静止中 (7.8秒)，跳过处理激光数据
[INFO] [1742632751.629548844] [lms_mapper]: 接收到激光数据: frame_id=laser, 点数=361
[INFO] [1742632751.629854719] [lms_mapper]: 【激光雷达坐标】x=-0.9047, y=36.1727, theta=-0.0255
[INFO] [1742632758.809984833] [lms_mapper]: 机器人静止中 (15.1秒)，跳过处理激光数据
⏳ 正在播放rosbag - 已等待 450/3600 秒...
当前活跃话题:
[WARN] [1742632763.529808710] [lms_mapper]: 激光扫描处理间隔较长: 19.67秒
/clock
/events/read_split
/map
/odom
/parameter_events
/rosout
/scan
/tf
[INFO] [1742632766.147821211] [lms_mapper]: 机器人静止中 (2.6秒)，跳过处理激光数据
[INFO] [1742632766.248021753] [lms_mapper]: 接收到激光数据: frame_id=laser, 点数=361
[INFO] [1742632766.248344753] [lms_mapper]: 【激光雷达坐标】x=-0.8959, y=37.7063, theta=-0.1069
[INFO] [1742632766.427457920] [lms_mapper]: 机器人静止中: 634.4秒, 位置: (-0.89, 37.73)
[INFO] [1742632773.354718298] [lms_mapper]: 【进度报告】运行时间: 672.2秒, 处理扫描: 3840帧, 轨迹点: 3838个, 障碍物格子: 3215个, 轨迹已更新
[INFO] [1742632773.385231632] [lms_mapper]: 共绘制障碍物点 3215个
[INFO] [1742632773.561890382] [lms_mapper]: 障碍物世界坐标范围: X=-5.70到3.00, Y=0.00到43.20
[INFO] [1742632773.565546548] [lms_mapper]: 中间地图 #13: 绘制轨迹 3838个点, 障碍物 3215个
[INFO] [1742632775.061536216] [lms_mapper]: 地图显示边界: X=-30.9到50.0, Y=-20.0到78.5
[INFO] [1742632777.646702759] [lms_mapper]: 已保存中间地图 #13 到: map_checkpoint_13.png
[INFO] [1742632777.678441800] [lms_mapper]: 检测到机器人开始转弯，角度变化率: 0.0759 rad/s
[WARN] [1742632777.681248175] [lms_mapper]: 激光扫描处理间隔较长: 13.95秒
[INFO] [1742632777.872733509] [lms_mapper]: 机器人转弯结束，角度变化率降低到: 0.0120 rad/s
[INFO] [1742632777.893052092] [lms_mapper]: 机器人静止中 (0.2秒)，跳过处理激光数据
⏳ 正在播放rosbag - 已等待 465/3600 秒...
当前活跃话题:
[WARN] [1742632783.566216136] [lms_mapper]: 激光扫描处理间隔较长: 5.69秒
/clock
/events/read_split
/map
/odom
/parameter_events
/rosout
/scan
/tf
[INFO] [1742632784.982932554] [lms_mapper]: 机器人静止中 (1.4秒)，跳过处理激光数据
[INFO] [1742632785.154928887] [lms_mapper]: 接收到激光数据: frame_id=laser, 点数=361
[INFO] [1742632785.155254846] [lms_mapper]: 【激光雷达坐标】x=0.6606, y=38.7625, theta=-1.3950
[INFO] [1742632794.569409211] [lms_mapper]: 机器人静止中 (11.0秒)，跳过处理激光数据
[WARN] [1742632794.571089836] [lms_mapper]: 激光扫描处理间隔较长: 10.82秒
[INFO] [1742632794.679753336] [lms_mapper]: 地图统计: 总栅格数=1000000, 占用数=3996, 占用率=0.40%
[INFO] [1742632794.682429127] [lms_mapper]: 地图边界: x=[-15.94, 14.57], y=[0.00, 58.54]
[INFO] [1742632794.740468419] [lms_mapper]: 总共处理了3954个激光帧, 35269个有效激光点
[INFO] [1742632794.741152211] [lms_mapper]: 已记录35630个原始障碍物点坐标，用于最终地图生成
⏳ 正在播放rosbag - 已等待 480/3600 秒...
当前活跃话题:
/clock
/events/read_split
/map
/odom
/parameter_events
/rosout
/scan
/tf
⏳ 正在播放rosbag - 已等待 495/3600 秒...
当前活跃话题:
[WARN] [1742632821.795294793] [lms_mapper]: 激光扫描处理间隔较长: 27.14秒
[INFO] [1742632821.821804084] [lms_mapper]: 【障碍物计算】机器人位置: x=5.81, y=39.15, theta=-1.57, 状态: 直线行驶
/clock
/events/read_split
/map
/odom
/parameter_events
/rosout
/scan
/tf
[INFO] [1742632823.909512544] [lms_mapper]: 【进度报告】运行时间: 722.8秒, 处理扫描: 3957帧, 轨迹点: 3956个, 障碍物格子: 4060个, 轨迹已更新
[INFO] [1742632823.937000210] [lms_mapper]: 共绘制障碍物点 4060个
[INFO] [1742632824.118981960] [lms_mapper]: 障碍物世界坐标范围: X=-5.70到11.90, Y=0.00到45.00
[INFO] [1742632824.126157960] [lms_mapper]: 中间地图 #14: 绘制轨迹 3956个点, 障碍物 4060个
[INFO] [1742632825.615028378] [lms_mapper]: 地图显示边界: X=-30.9到50.0, Y=-20.0到78.5
[INFO] [1742632826.732768628] [lms_mapper]: 已保存中间地图 #14 到: map_checkpoint_14.png
[WARN] [1742632826.734372337] [lms_mapper]: 激光扫描处理间隔较长: 4.79秒
[INFO] [1742632831.326597797] [lms_mapper]: 机器人静止中 (4.4秒)，跳过处理激光数据
[INFO] [1742632831.492699006] [lms_mapper]: 接收到激光数据: frame_id=laser, 点数=361
[INFO] [1742632831.493017006] [lms_mapper]: 【激光雷达坐标】x=7.5352, y=39.1879, theta=-1.5686
[INFO] [1742632831.493562172] [lms_mapper]: 机器人静止中: 699.5秒, 位置: (7.57, 39.19)
[INFO] [1742632838.377618384] [lms_mapper]: 机器人静止中 (11.5秒)，跳过处理激光数据
⏳ 正在播放rosbag - 已等待 510/3600 秒...
当前活跃话题:
[INFO] [1742632844.199094803] [lms_mapper]: 机器人停止移动
[WARN] [1742632844.230221387] [lms_mapper]: 激光扫描处理间隔较长: 17.10秒
/clock
/events/read_split
/map
/odom
/parameter_events
/rosout
/scan
/tf
[INFO] [1742632845.832448221] [lms_mapper]: 机器人静止中 (1.6秒)，跳过处理激光数据
[INFO] [1742632846.012268846] [lms_mapper]: 接收到激光数据: frame_id=laser, 点数=361
[INFO] [1742632846.013634638] [lms_mapper]: 【激光雷达坐标】x=9.8750, y=39.2527, theta=-1.5448
[WARN] [1742632855.094262544] [lms_mapper]: 激光扫描处理间隔较长: 10.70秒
⏳ 正在播放rosbag - 已等待 525/3600 秒...
当前活跃话题:
[INFO] [1742632861.245323172] [lms_mapper]: 机器人静止中 (6.2秒)，跳过处理激光数据
[INFO] [1742632861.356346589] [lms_mapper]: 接收到激光数据: frame_id=laser, 点数=361
[INFO] [1742632861.356934256] [lms_mapper]: 【激光雷达坐标】x=12.3093, y=39.3684, theta=-1.5288
[INFO] [1742632861.357599922] [lms_mapper]: 机器人静止中: 729.4秒, 位置: (12.33, 39.37)
[WARN] [1742632863.942948132] [lms_mapper]: 激光扫描处理间隔较长: 8.69秒
/clock
/events/read_split
/map
/odom
/parameter_events
/rosout
/scan
/tf
[INFO] [1742632868.513682217] [lms_mapper]: 机器人静止中 (4.6秒)，跳过处理激光数据
[INFO] [1742632871.882819052] [lms_mapper]: 【进度报告】运行时间: 770.8秒, 处理扫描: 4273帧, 轨迹点: 4272个, 障碍物格子: 4785个, 轨迹已更新
[INFO] [1742632871.902608136] [lms_mapper]: 共绘制障碍物点 4785个
[INFO] [1742632872.001739386] [lms_mapper]: 障碍物世界坐标范围: X=-5.70到23.50, Y=0.00到45.00
[INFO] [1742632872.002891219] [lms_mapper]: 中间地图 #15: 绘制轨迹 4272个点, 障碍物 4785个
[INFO] [1742632873.493928178] [lms_mapper]: 地图显示边界: X=-30.9到53.2, Y=-20.0到78.5
[INFO] [1742632877.019917971] [lms_mapper]: 已保存中间地图 #15 到: map_checkpoint_15.png
[WARN] [1742632877.049574388] [lms_mapper]: 激光扫描处理间隔较长: 12.96秒
[WARN] [1742632878.778917666] [lms_mapper]: 激光扫描处理间隔较长: 1.73秒
[INFO] [1742632880.814440417] [lms_mapper]: 机器人静止中 (2.0秒)，跳过处理激光数据
[INFO] [1742632880.930797917] [lms_mapper]: 接收到激光数据: frame_id=laser, 点数=361
[INFO] [1742632880.931078126] [lms_mapper]: 【激光雷达坐标】x=15.4217, y=39.5091, theta=-1.5208
⏳ 正在播放rosbag - 已等待 540/3600 秒...
当前活跃话题:
/clock
/events/read_split
/map
/odom
/parameter_events
/rosout
/scan
/tf
[INFO] [1742632887.810141837] [lms_mapper]: 机器人静止中 (9.0秒)，跳过处理激光数据
[INFO] [1742632894.858272716] [lms_mapper]: 机器人静止中 (16.1秒)，跳过处理激光数据
[INFO] [1742632895.028865674] [lms_mapper]: 接收到激光数据: frame_id=laser, 点数=361
[INFO] [1742632895.029244091] [lms_mapper]: 【激光雷达坐标】x=17.6694, y=39.6561, theta=-1.5338
[INFO] [1742632895.029845924] [lms_mapper]: 机器人静止中: 763.1秒, 位置: (17.69, 39.66)
[INFO] [1742632901.936902177] [lms_mapper]: 机器人静止中 (23.1秒)，跳过处理激光数据
⏳ 正在播放rosbag - 已等待 555/3600 秒...
当前活跃话题:
/clock
/events/read_split
/map
/odom
/parameter_events
/rosout
/scan
/tf
[INFO] [1742632909.081413250] [lms_mapper]: 机器人静止中 (30.3秒)，跳过处理激光数据
[INFO] [1742632909.254818041] [lms_mapper]: 接收到激光数据: frame_id=laser, 点数=361
[INFO] [1742632909.255122791] [lms_mapper]: 【激光雷达坐标】x=19.9536, y=39.5636, theta=-1.6681
[INFO] [1742632916.336015003] [lms_mapper]: 机器人静止中 (37.5秒)，跳过处理激光数据
[INFO] [1742632921.875691839] [lms_mapper]: 【进度报告】运行时间: 820.8秒, 处理扫描: 4589帧, 轨迹点: 4588个, 障碍物格子: 4918个, 轨迹已更新
[INFO] [1742632921.912956006] [lms_mapper]: 共绘制障碍物点 4918个
[INFO] [1742632922.238637548] [lms_mapper]: 障碍物世界坐标范围: X=-5.70到26.70, Y=0.00到45.00
[INFO] [1742632922.306231881] [lms_mapper]: 中间地图 #16: 绘制轨迹 4588个点, 障碍物 4918个
⏳ 正在播放rosbag - 已等待 570/3600 秒...
当前活跃话题:
[INFO] [1742632924.623462007] [lms_mapper]: 地图显示边界: X=-30.9到55.1, Y=-20.0到78.5
[INFO] [1742632927.915204592] [lms_mapper]: 已保存中间地图 #16 到: map_checkpoint_16.png
[WARN] [1742632927.943796050] [lms_mapper]: 激光扫描处理间隔较长: 48.98秒
/clock
/events/read_split
/map
/odom
/parameter_events
/rosout
/scan
/tf
[WARN] [1742632930.161428426] [lms_mapper]: 激光扫描处理间隔较长: 2.16秒
⏳ 正在播放rosbag - 已等待 585/3600 秒...
当前活跃话题:
/clock
/events/read_split
/map
/odom
/parameter_events
/rosout
/scan
/tf
[WARN] [1742632961.785895927] [lms_mapper]: 激光扫描处理间隔较长: 31.50秒
[INFO] [1742632961.812008511] [lms_mapper]: 【障碍物计算】机器人位置: x=28.03, y=40.11, theta=-1.57, 状态: 直线行驶
[INFO] [1742632963.553955845] [lms_mapper]: 机器人静止中 (1.8秒)，跳过处理激光数据
[INFO] [1742632963.555227845] [lms_mapper]: 接收到激光数据: frame_id=laser, 点数=361
[INFO] [1742632963.555516386] [lms_mapper]: 【激光雷达坐标】x=28.3513, y=40.0937, theta=-1.5860
[WARN] [1742632963.555835303] [lms_mapper]: 激光扫描处理间隔较长: 1.71秒
[INFO] [1742632963.556135011] [lms_mapper]: 接收到激光数据: 361个点, 角度范围=[0.00, 3.14]
[INFO] [1742632963.556426470] [lms_mapper]: 有效激光点: 358/361
[INFO] [1742632963.556685720] [lms_mapper]: 机器人位姿: x=28.35, y=40.09, theta=-1.59, cos_theta=-0.02, sin_theta=-1.00
[INFO] [1742632963.557188220] [lms_mapper]: 激光点世界坐标范围: x=[28.34, 44.47], y=[17.25, 44.03]
[INFO] [1742632963.602715095] [lms_mapper]: 【坐标转换样本】: 激光坐标(0.88,0.00)→世界坐标(28.34,39.21) | 激光坐标(5.15,5.34)→世界坐标(33.61,34.86) | 激光坐标(-0.03,1.86)→世界坐标(30.21,40.10) | 激光坐标(-3.92,3.85)→世界坐标(32.26,43.95) | 激光坐标(-1.43,0.00)→世界坐标(28.37,41.52)
[INFO] [1742632963.630348386] [lms_mapper]: 机器人静止中: 831.7秒, 位置: (28.37, 40.09)
⏳ 正在播放rosbag - 已等待 600/3600 秒...
当前活跃话题:
[WARN] [1742632965.380569637] [lms_mapper]: 激光扫描处理间隔较长: 1.83秒
/clock
/events/read_split
/map
/odom
/parameter_events
/rosout
/scan
/tf
[INFO] [1742632970.802637459] [lms_mapper]: 机器人静止中 (5.4秒)，跳过处理激光数据
[INFO] [1742632971.895988834] [lms_mapper]: 【进度报告】运行时间: 870.8秒, 处理扫描: 4657帧, 轨迹点: 4656个, 障碍物格子: 5489个, 轨迹已更新
[INFO] [1742632971.917313293] [lms_mapper]: 共绘制障碍物点 5489个
[INFO] [1742632972.124953959] [lms_mapper]: 障碍物世界坐标范围: X=-5.70到34.50, Y=0.00到45.00
[INFO] [1742632972.125340501] [lms_mapper]: 中间地图 #17: 绘制轨迹 4656个点, 障碍物 5489个
[INFO] [1742632974.848492544] [lms_mapper]: 地图显示边界: X=-30.9到67.6, Y=-20.0到78.5
[INFO] [1742632979.814345005] [lms_mapper]: 已保存中间地图 #17 到: map_checkpoint_17.png
[WARN] [1742632980.004970797] [lms_mapper]: 激光扫描处理间隔较长: 14.44秒
[WARN] [1742632980.981585755] [lms_mapper]: 激光扫描处理间隔较长: 0.98秒
[INFO] [1742632984.223850215] [lms_mapper]: 机器人停止移动
[WARN] [1742632984.224368465] [lms_mapper]: 激光扫描处理间隔较长: 3.04秒
⏳ 正在播放rosbag - 已等待 615/3600 秒...
当前活跃话题:
[INFO] [1742632985.901883549] [lms_mapper]: 机器人静止中 (1.7秒)，跳过处理激光数据
[INFO] [1742632986.032742341] [lms_mapper]: 接收到激光数据: frame_id=laser, 点数=361
[INFO] [1742632986.040592549] [lms_mapper]: 【激光雷达坐标】x=32.0677, y=39.7748, theta=-1.7322
/clock
/events/read_split
/map
/odom
/parameter_events
/rosout
/scan
/tf
[INFO] [1742632993.995694137] [lms_mapper]: 机器人静止中 (9.8秒)，跳过处理激光数据
[INFO] [1742633000.152667542] [lms_mapper]: 机器人静止中 (16.0秒)，跳过处理激光数据
[INFO] [1742633000.246768209] [lms_mapper]: 接收到激光数据: frame_id=laser, 点数=361
[INFO] [1742633000.247106084] [lms_mapper]: 【激光雷达坐标】x=33.5748, y=39.4653, theta=-1.8216
[INFO] [1742633000.247766959] [lms_mapper]: 机器人静止中: 868.3秒, 位置: (33.58, 39.46)
⏳ 正在播放rosbag - 已等待 630/3600 秒...
当前活跃话题:
[INFO] [1742633007.127504212] [lms_mapper]: 机器人静止中 (22.9秒)，跳过处理激光数据
/clock
/events/read_split
/map
/odom
/parameter_events
/rosout
/scan
/tf
[WARN] [1742633014.218466924] [lms_mapper]: 激光扫描处理间隔较长: 29.84秒
[INFO] [1742633014.738017965] [lms_mapper]: 机器人静止中 (0.5秒)，跳过处理激光数据
[INFO] [1742633014.905702924] [lms_mapper]: 接收到激光数据: frame_id=laser, 点数=361
[INFO] [1742633014.906023507] [lms_mapper]: 【激光雷达坐标】x=34.5192, y=38.7796, theta=-2.3238
[INFO] [1742633021.782374802] [lms_mapper]: 机器人静止中 (7.6秒)，跳过处理激光数据
[INFO] [1742633021.882416761] [lms_mapper]: 【进度报告】运行时间: 920.8秒, 处理扫描: 4950帧, 轨迹点: 4949个, 障碍物格子: 6084个, 轨迹已更新
[INFO] [1742633021.918022511] [lms_mapper]: 共绘制障碍物点 6084个
[INFO] [1742633022.150111219] [lms_mapper]: 障碍物世界坐标范围: X=-5.70到39.30, Y=0.00到45.00
[INFO] [1742633022.150485302] [lms_mapper]: 中间地图 #18: 绘制轨迹 4949个点, 障碍物 6084个
[INFO] [1742633023.529076511] [lms_mapper]: 地图显示边界: X=-30.9到67.6, Y=-20.0到78.5
⏳ 正在播放rosbag - 已等待 645/3600 秒...
当前活跃话题:
[INFO] [1742633027.271631721] [lms_mapper]: 已保存中间地图 #18 到: map_checkpoint_18.png
[WARN] [1742633027.299759013] [lms_mapper]: 激光扫描处理间隔较长: 12.89秒
[WARN] [1742633028.990842875] [lms_mapper]: 激光扫描处理间隔较长: 1.66秒
/clock
/events/read_split
/map
/odom
/parameter_events
/rosout
/scan
/tf
[INFO] [1742633034.244643377] [lms_mapper]: 机器人停止移动
[WARN] [1742633034.245075127] [lms_mapper]: 激光扫描处理间隔较长: 5.10秒
[INFO] [1742633034.493578086] [lms_mapper]: 机器人静止中 (0.2秒)，跳过处理激光数据
[INFO] [1742633034.598237711] [lms_mapper]: 机器人静止中: 902.6秒, 位置: (34.93, 36.33)
[INFO] [1742633034.604915711] [lms_mapper]: 接收到激光数据: frame_id=laser, 点数=361
[INFO] [1742633034.605237502] [lms_mapper]: 【激光雷达坐标】x=34.9349, y=36.3272, theta=3.1014
[INFO] [1742633041.564303756] [lms_mapper]: 机器人静止中 (7.3秒)，跳过处理激光数据
[WARN] [1742633044.652802007] [lms_mapper]: 激光扫描处理间隔较长: 10.23秒
⏳ 正在播放rosbag - 已等待 660/3600 秒...
当前活跃话题:
[INFO] [1742633049.533004009] [lms_mapper]: 机器人静止中 (4.9秒)，跳过处理激光数据
[INFO] [1742633049.701830051] [lms_mapper]: 接收到激光数据: frame_id=laser, 点数=361
[INFO] [1742633049.702193010] [lms_mapper]: 【激光雷达坐标】x=34.8801, y=34.0990, theta=3.1250
/clock
/events/read_split
/map
/odom
/parameter_events
/rosout
/scan
/tf
[INFO] [1742633056.751166055] [lms_mapper]: 机器人静止中 (12.1秒)，跳过处理激光数据
[WARN] [1742633064.052405252] [lms_mapper]: 激光扫描处理间隔较长: 19.22秒
[INFO] [1742633064.102712877] [lms_mapper]: 地图统计: 总栅格数=1000000, 占用数=6744, 占用率=0.67%
[INFO] [1742633064.103092794] [lms_mapper]: 地图边界: x=[-15.94, 52.62], y=[0.00, 58.54]
[INFO] [1742633064.103336585] [lms_mapper]: 总共处理了5191个激光帧, 70885个有效激光点
[INFO] [1742633064.103617835] [lms_mapper]: 已记录71236个原始障碍物点坐标，用于最终地图生成
⏳ 正在播放rosbag - 已等待 675/3600 秒...
当前活跃话题:
/clock
/events/read_split
/map
/odom
/parameter_events
/rosout
/scan
/tf
[WARN] [1742633079.737030968] [lms_mapper]: 激光扫描处理间隔较长: 15.68秒
[INFO] [1742633079.737897301] [lms_mapper]: 【障碍物计算】机器人位置: x=35.04, y=29.57, theta=-3.13, 状态: 直线行驶
[INFO] [1742633081.481730260] [lms_mapper]: 【进度报告】运行时间: 980.3秒, 处理扫描: 5193帧, 轨迹点: 5192个, 障碍物格子: 6832个, 轨迹已更新
[INFO] [1742633081.485212010] [lms_mapper]: 共绘制障碍物点 6832个
[INFO] [1742633081.800213511] [lms_mapper]: 障碍物世界坐标范围: X=-5.70到39.30, Y=0.00到45.00
[INFO] [1742633081.827055552] [lms_mapper]: 中间地图 #19: 绘制轨迹 5192个点, 障碍物 6832个
[INFO] [1742633083.604195428] [lms_mapper]: 地图显示边界: X=-30.9到67.6, Y=-20.0到78.5
[INFO] [1742633086.866874096] [lms_mapper]: 已保存中间地图 #19 到: map_checkpoint_19.png
[WARN] [1742633086.894371180] [lms_mapper]: 激光扫描处理间隔较长: 7.10秒
[WARN] [1742633088.799447458] [lms_mapper]: 激光扫描处理间隔较长: 1.85秒
[INFO] [1742633088.920312375] [lms_mapper]: 接收到激光数据: frame_id=laser, 点数=361
[INFO] [1742633088.931543625] [lms_mapper]: 【激光雷达坐标】x=35.0752, y=28.0510, theta=-3.1225
[INFO] [1742633088.931822875] [lms_mapper]: 接收到激光数据: 361个点, 角度范围=[0.00, 3.14]
[INFO] [1742633088.932093541] [lms_mapper]: 有效激光点: 357/361
[INFO] [1742633088.944744750] [lms_mapper]: 机器人位姿: x=35.08, y=28.05, theta=-3.12, cos_theta=-1.00, sin_theta=-0.02
[INFO] [1742633088.945296125] [lms_mapper]: 激光点世界坐标范围: x=[33.75, 36.20], y=[1.68, 28.07]
[INFO] [1742633088.945528416] [lms_mapper]: 【坐标转换样本】: 激光坐标(1.21,0.00)→世界坐标(33.87,28.03) | 激光坐标(1.24,1.22)→世界坐标(33.86,26.81) | 激光坐标(0.46,26.19)→世界坐标(35.12,1.86) | 激光坐标(-0.90,0.88)→世界坐标(35.99,27.19) | 激光坐标(-0.92,0.00)→世界坐标(35.99,28.07)
[INFO] [1742633088.976145333] [lms_mapper]: 机器人静止中: 957.0秒, 位置: (35.08, 28.03)
⏳ 正在播放rosbag - 已等待 690/3600 秒...
当前活跃话题:
/clock
/events/read_split
/map
/odom
/parameter_events
/rosout
/scan
/tf
[WARN] [1742633093.848843752] [lms_mapper]: 激光扫描处理间隔较长: 4.93秒
[INFO] [1742633095.070908169] [lms_mapper]: 机器人静止中 (1.2秒)，跳过处理激光数据
[INFO] [1742633102.106354881] [lms_mapper]: 机器人静止中 (8.3秒)，跳过处理激光数据
[INFO] [1742633102.225178839] [lms_mapper]: 接收到激光数据: frame_id=laser, 点数=361
[INFO] [1742633102.225612464] [lms_mapper]: 【激光雷达坐标】x=35.1408, y=25.7627, theta=-3.1264
[WARN] [1742633104.232575215] [lms_mapper]: 激光扫描处理间隔较长: 10.21秒
[INFO] [1742633109.722524926] [lms_mapper]: 机器人静止中 (5.5秒)，跳过处理激光数据
⏳ 正在播放rosbag - 已等待 705/3600 秒...
当前活跃话题:
/clock
/events/read_split
/map
/odom
/parameter_events
/rosout
/scan
/tf
[INFO] [1742633116.879934138] [lms_mapper]: 机器人静止中 (12.6秒)，跳过处理激光数据
[INFO] [1742633117.058362096] [lms_mapper]: 接收到激光数据: frame_id=laser, 点数=361
[INFO] [1742633117.058684721] [lms_mapper]: 【激光雷达坐标】x=35.2261, y=23.3891, theta=-3.0897
[INFO] [1742633117.059348471] [lms_mapper]: 机器人静止中: 985.1秒, 位置: (35.23, 23.36)
[INFO] [1742633121.882753376] [lms_mapper]: 【进度报告】运行时间: 1020.8秒, 处理扫描: 5435帧, 轨迹点: 5434个, 障碍物格子: 7261个, 轨迹已更新
[INFO] [1742633121.958983626] [lms_mapper]: 共绘制障碍物点 7261个
[INFO] [1742633122.228786460] [lms_mapper]: 障碍物世界坐标范围: X=-5.70到39.30, Y=0.00到45.00
[INFO] [1742633122.236176668] [lms_mapper]: 中间地图 #20: 绘制轨迹 5434个点, 障碍物 7261个
[INFO] [1742633124.173127919] [lms_mapper]: 地图显示边界: X=-30.9到67.6, Y=-20.0到78.5
[INFO] [1742633127.134031337] [lms_mapper]: 已保存中间地图 #20 到: map_checkpoint_20.png
[WARN] [1742633127.151053754] [lms_mapper]: 激光扫描处理间隔较长: 22.92秒
[INFO] [1742633128.412015879] [lms_mapper]: 机器人停止移动
[WARN] [1742633128.412399046] [lms_mapper]: 激光扫描处理间隔较长: 1.24秒
[INFO] [1742633128.654286171] [lms_mapper]: 机器人静止中 (0.2秒)，跳过处理激光数据
⏳ 正在播放rosbag - 已等待 720/3600 秒...
当前活跃话题:
/clock
/events/read_split
/map
/odom
/parameter_events
/rosout
/scan
/tf
[INFO] [1742633135.599851841] [lms_mapper]: 机器人静止中 (7.2秒)，跳过处理激光数据
[INFO] [1742633135.776320174] [lms_mapper]: 接收到激光数据: frame_id=laser, 点数=361
[INFO] [1742633135.776647841] [lms_mapper]: 【激光雷达坐标】x=35.6514, y=20.4320, theta=-3.0131
[INFO] [1742633144.202824970] [lms_mapper]: 机器人停止移动
[WARN] [1742633144.204398970] [lms_mapper]: 激光扫描处理间隔较长: 15.58秒
[INFO] [1742633149.974559792] [lms_mapper]: 机器人静止中 (5.8秒)，跳过处理激光数据
[INFO] [1742633150.136335125] [lms_mapper]: 接收到激光数据: frame_id=laser, 点数=361
[INFO] [1742633150.136717709] [lms_mapper]: 【激光雷达坐标】x=35.9596, y=18.1214, theta=-3.0180
[INFO] [1742633150.257868625] [lms_mapper]: 机器人静止中: 1018.3秒, 位置: (35.97, 18.07)
⏳ 正在播放rosbag - 已等待 735/3600 秒...
当前活跃话题:
[WARN] [1742633154.228731085] [lms_mapper]: 激光扫描处理间隔较长: 9.85秒
/clock
/events/read_split
/map
/odom
/parameter_events
/rosout
/scan
/tf
[INFO] [1742633157.598338129] [lms_mapper]: 机器人静止中 (3.4秒)，跳过处理激光数据
[WARN] [1742633164.534648715] [lms_mapper]: 激光扫描处理间隔较长: 10.08秒
[INFO] [1742633165.373902757] [lms_mapper]: 机器人静止中 (0.9秒)，跳过处理激光数据
[INFO] [1742633165.479415091] [lms_mapper]: 接收到激光数据: frame_id=laser, 点数=361
[INFO] [1742633165.479800007] [lms_mapper]: 【激光雷达坐标】x=36.3203, y=16.0970, theta=-2.8718
[INFO] [1742633171.886433094] [lms_mapper]: 【进度报告】运行时间: 1070.8秒, 处理扫描: 5746帧, 轨迹点: 5743个, 障碍物格子: 7784个, 轨迹已更新
[INFO] [1742633171.943974511] [lms_mapper]: 共绘制障碍物点 7784个
[INFO] [1742633172.334807552] [lms_mapper]: 障碍物世界坐标范围: X=-5.70到39.30, Y=0.00到45.00
[INFO] [1742633172.335880136] [lms_mapper]: 中间地图 #21: 绘制轨迹 5743个点, 障碍物 7784个
⏳ 正在播放rosbag - 已等待 750/3600 秒...
当前活跃话题:
[INFO] [1742633175.364444179] [lms_mapper]: 地图显示边界: X=-30.9到67.6, Y=-20.1到78.5
/clock
/events/read_split
/map
/odom
/parameter_events
/rosout
/scan
/tf
[INFO] [1742633180.232785584] [lms_mapper]: 已保存中间地图 #21 到: map_checkpoint_21.png
[INFO] [1742633180.373372709] [lms_mapper]: 检测到机器人开始转弯，角度变化率: 0.0816 rad/s
[WARN] [1742633180.404522167] [lms_mapper]: 激光扫描处理间隔较长: 15.90秒
[INFO] [1742633182.758938710] [lms_mapper]: 机器人停止移动
[WARN] [1742633182.759328793] [lms_mapper]: 激光扫描处理间隔较长: 2.35秒
[WARN] [1742633184.963519294] [lms_mapper]: 激光扫描处理间隔较长: 2.20秒
[INFO] [1742633185.020062127] [lms_mapper]: 机器人转弯结束，角度变化率降低到: 0.0309 rad/s
[INFO] [1742633190.593329172] [lms_mapper]: 机器人静止中 (5.6秒)，跳过处理激光数据
[INFO] [1742633190.691458880] [lms_mapper]: 接收到激光数据: frame_id=laser, 点数=361
[INFO] [1742633190.691918589] [lms_mapper]: 【激光雷达坐标】x=38.2573, y=13.4967, theta=-2.4786
[INFO] [1742633190.963582964] [lms_mapper]: 机器人静止中: 1059.0秒, 位置: (38.28, 13.45)
[WARN] [1742633194.583870507] [lms_mapper]: 激光扫描处理间隔较长: 9.41秒
⏳ 正在播放rosbag - 已等待 765/3600 秒...
当前活跃话题:
[INFO] [1742633198.308800425] [lms_mapper]: 机器人静止中 (3.7秒)，跳过处理激光数据
[INFO] [1742633204.015539262] [lms_mapper]: 机器人停止移动
[WARN] [1742633204.026848553] [lms_mapper]: 激光扫描处理间隔较长: 9.28秒
/clock
/events/read_split
/map
/odom
/parameter_events
/rosout
/scan
/tf
[INFO] [1742633205.617413387] [lms_mapper]: 机器人静止中 (1.6秒)，跳过处理激光数据
[INFO] [1742633205.791451346] [lms_mapper]: 接收到激光数据: frame_id=laser, 点数=361
[INFO] [1742633205.791844971] [lms_mapper]: 【激光雷达坐标】x=38.9737, y=11.3823, theta=-2.9520
[INFO] [1742633213.366857918] [lms_mapper]: 机器人静止中 (9.4秒)，跳过处理激光数据
[INFO] [1742633219.723243338] [lms_mapper]: 机器人静止中 (15.7秒)，跳过处理激光数据
[INFO] [1742633219.880341630] [lms_mapper]: 接收到激光数据: frame_id=laser, 点数=361
[INFO] [1742633219.884957463] [lms_mapper]: 【激光雷达坐标】x=39.0467, y=9.2243, theta=3.1210
[INFO] [1742633220.168562963] [lms_mapper]: 机器人静止中: 1088.2秒, 位置: (39.05, 9.15)
⏳ 正在播放rosbag - 已等待 780/3600 秒...
当前活跃话题:
[INFO] [1742633223.033015965] [lms_mapper]: 【进度报告】运行时间: 1121.8秒, 处理扫描: 6015帧, 轨迹点: 6013个, 障碍物格子: 8410个, 轨迹已更新
[INFO] [1742633223.149182590] [lms_mapper]: 共绘制障碍物点 8410个
[INFO] [1742633223.675583798] [lms_mapper]: 障碍物世界坐标范围: X=-5.70到42.00, Y=0.00到45.00
[INFO] [1742633223.700789965] [lms_mapper]: 中间地图 #22: 绘制轨迹 6013个点, 障碍物 8410个
/clock
/events/read_split
/map
/odom
/parameter_events
/rosout
/scan
/tf
[INFO] [1742633230.927864927] [lms_mapper]: 地图显示边界: X=-30.9到67.6, Y=-23.0到78.5
[INFO] [1742633234.674213762] [lms_mapper]: 已保存中间地图 #22 到: map_checkpoint_22.png
[WARN] [1742633234.690185970] [lms_mapper]: 激光扫描处理间隔较长: 30.59秒
[WARN] [1742633237.755157055] [lms_mapper]: 激光扫描处理间隔较长: 3.06秒
[INFO] [1742633237.801229222] [lms_mapper]: 机器人停止移动
[INFO] [1742633240.695349459] [lms_mapper]: 机器人静止中 (2.9秒)，跳过处理激光数据
⏳ 正在播放rosbag - 已等待 795/3600 秒...
当前活跃话题:
/clock
/events/read_split
/map
/odom
/parameter_events
/rosout
/scan
/tf
[INFO] [1742633247.915825046] [lms_mapper]: 机器人静止中 (10.1秒)，跳过处理激光数据
[INFO] [1742633248.021521546] [lms_mapper]: 接收到激光数据: frame_id=laser, 点数=361
[INFO] [1742633248.021892504] [lms_mapper]: 【激光雷达坐标】x=38.8564, y=4.7786, theta=3.0146
[WARN] [1742633254.375787424] [lms_mapper]: 激光扫描处理间隔较长: 16.38秒
⏳ 正在播放rosbag - 已等待 810/3600 秒...
当前活跃话题:
/clock
/events/read_split
/map
/odom
/parameter_events
/rosout
/scan
/tf
⏳ 正在播放rosbag - 已等待 825/3600 秒...
当前活跃话题:
[INFO] [1742633287.759458550] [lms_mapper]: 检测到机器人开始转弯，角度变化率: 0.1631 rad/s
[WARN] [1742633287.796421592] [lms_mapper]: 激光扫描处理间隔较长: 33.42秒
[INFO] [1742633287.817407675] [lms_mapper]: 【障碍物计算】机器人位置: x=36.13, y=-0.39, theta=2.25, 状态: 正在转弯
/clock
/events/read_split
/map
/odom
/parameter_events
/rosout
/scan
/tf
[INFO] [1742633289.884409343] [lms_mapper]: 【进度报告】运行时间: 1188.7秒, 处理扫描: 6135帧, 轨迹点: 6132个, 障碍物格子: 8881个, 轨迹已更新
[INFO] [1742633289.923067135] [lms_mapper]: 共绘制障碍物点 8881个
[INFO] [1742633290.410485635] [lms_mapper]: 障碍物世界坐标范围: X=-5.70到41.90, Y=-4.30到45.00
[INFO] [1742633290.418362593] [lms_mapper]: 中间地图 #23: 绘制轨迹 6132个点, 障碍物 8881个
[INFO] [1742633293.527476220] [lms_mapper]: 地图显示边界: X=-30.9到67.6, Y=-34.5到78.5
[INFO] [1742633295.694959596] [lms_mapper]: 已保存中间地图 #23 到: map_checkpoint_23.png
[WARN] [1742633295.702108429] [lms_mapper]: 激光扫描处理间隔较长: 7.83秒
[INFO] [1742633296.355941346] [lms_mapper]: 机器人转弯结束，角度变化率降低到: 0.0006 rad/s
[INFO] [1742633296.490446054] [lms_mapper]: 机器人静止中 (0.8秒)，跳过处理激光数据
[WARN] [1742633304.266939544] [lms_mapper]: 激光扫描处理间隔较长: 8.52秒
[INFO] [1742633304.490655461] [lms_mapper]: 机器人静止中 (0.2秒)，跳过处理激光数据
[INFO] [1742633304.491667252] [lms_mapper]: 接收到激光数据: frame_id=laser, 点数=361
[INFO] [1742633304.491905419] [lms_mapper]: 【激光雷达坐标】x=33.5715, y=-1.0252, theta=1.7338
[INFO] [1742633304.515595794] [lms_mapper]: 机器人静止中: 1172.5秒, 位置: (33.51, -1.04)
⏳ 正在播放rosbag - 已等待 840/3600 秒...
当前活跃话题:
/clock
/events/read_split
/map
/odom
/parameter_events
/rosout
/scan
/tf
[INFO] [1742633311.161460005] [lms_mapper]: 机器人静止中 (6.9秒)，跳过处理激光数据
[INFO] [1742633318.326683509] [lms_mapper]: 机器人静止中 (14.1秒)，跳过处理激光数据
[INFO] [1742633318.494937926] [lms_mapper]: 接收到激光数据: frame_id=laser, 点数=361
[INFO] [1742633318.496011884] [lms_mapper]: 【激光雷达坐标】x=31.5037, y=-1.0742, theta=1.5430
[INFO] [1742633321.902068552] [lms_mapper]: 【进度报告】运行时间: 1220.8秒, 处理扫描: 6325帧, 轨迹点: 6322个, 障碍物格子: 9185个, 轨迹已更新
[INFO] [1742633321.932998469] [lms_mapper]: 共绘制障碍物点 9185个
[INFO] [1742633322.357867511] [lms_mapper]: 障碍物世界坐标范围: X=-5.70到41.90, Y=-4.30到45.00
[INFO] [1742633322.358220136] [lms_mapper]: 中间地图 #24: 绘制轨迹 6322个点, 障碍物 9185个
[INFO] [1742633324.550804845] [lms_mapper]: 地图显示边界: X=-30.9到67.6, Y=-34.5到78.5
⏳ 正在播放rosbag - 已等待 855/3600 秒...
当前活跃话题:
[INFO] [1742633327.753228930] [lms_mapper]: 已保存中间地图 #24 到: map_checkpoint_24.png
[WARN] [1742633327.779846013] [lms_mapper]: 激光扫描处理间隔较长: 23.35秒
[INFO] [1742633329.356319041] [lms_mapper]: 机器人停止移动
[WARN] [1742633329.363344708] [lms_mapper]: 激光扫描处理间隔较长: 1.52秒
[INFO] [1742633330.992171584] [lms_mapper]: 机器人静止中 (1.6秒)，跳过处理激光数据
/clock
/events/read_split
/map
/odom
/parameter_events
/rosout
/scan
/tf
[INFO] [1742633338.057091296] [lms_mapper]: 机器人静止中 (8.7秒)，跳过处理激光数据
[INFO] [1742633338.197292671] [lms_mapper]: 接收到激光数据: frame_id=laser, 点数=361
[INFO] [1742633338.197615171] [lms_mapper]: 【激光雷达坐标】x=28.4095, y=-0.9474, theta=1.5050
[INFO] [1742633338.492606254] [lms_mapper]: 机器人静止中: 1206.5秒, 位置: (28.36, -0.95)
[WARN] [1742633343.979556215] [lms_mapper]: 激光扫描处理间隔较长: 14.46秒
[INFO] [1742633345.826100716] [lms_mapper]: 机器人静止中 (1.8秒)，跳过处理激光数据
⏳ 正在播放rosbag - 已等待 870/3600 秒...
当前活跃话题:
/clock
/events/read_split
/map
/odom
/parameter_events
/rosout
/scan
/tf
[INFO] [1742633354.111051637] [lms_mapper]: 机器人静止中 (10.1秒)，跳过处理激光数据
[INFO] [1742633354.112937053] [lms_mapper]: 接收到激光数据: frame_id=laser, 点数=361
[INFO] [1742633354.121530553] [lms_mapper]: 【激光雷达坐标】x=26.1360, y=-0.8516, theta=1.5235
[WARN] [1742633354.145029470] [lms_mapper]: 激光扫描处理间隔较长: 9.99秒
[INFO] [1742633354.145623137] [lms_mapper]: 接收到激光数据: 361个点, 角度范围=[0.00, 3.14]
[INFO] [1742633354.146057720] [lms_mapper]: 有效激光点: 361/361
[INFO] [1742633354.146315512] [lms_mapper]: 机器人位姿: x=26.14, y=-0.85, theta=1.52, cos_theta=0.05, sin_theta=1.00
[INFO] [1742633354.147041512] [lms_mapper]: 激光点世界坐标范围: x=[16.83, 26.18], y=[-2.29, 0.16]
[INFO] [1742633354.147468428] [lms_mapper]: 【坐标转换样本】: 激光坐标(0.94,0.00)→世界坐标(26.18,0.09) | 激光坐标(0.91,0.91)→世界坐标(25.27,0.10) | 激光坐标(0.00,9.30)→世界坐标(16.85,-0.41) | 激光坐标(-1.03,1.03)→世界坐标(25.06,-1.83) | 激光坐标(-0.98,0.00)→世界坐标(26.09,-1.83)
[INFO] [1742633359.909622708] [lms_mapper]: 机器人静止中 (5.8秒)，跳过处理激光数据
[WARN] [1742633364.633951211] [lms_mapper]: 激光扫描处理间隔较长: 10.34秒
[INFO] [1742633367.806395087] [lms_mapper]: 机器人静止中 (3.2秒)，跳过处理激光数据
[INFO] [1742633367.906005920] [lms_mapper]: 接收到激光数据: frame_id=laser, 点数=361
[INFO] [1742633367.906329337] [lms_mapper]: 【激光雷达坐标】x=23.7125, y=-0.8025, theta=1.5366
[INFO] [1742633368.198199046] [lms_mapper]: 机器人静止中: 1236.2秒, 位置: (23.64, -0.80)
⏳ 正在播放rosbag - 已等待 885/3600 秒...
当前活跃话题:
[INFO] [1742633371.916824797] [lms_mapper]: 【进度报告】运行时间: 1270.8秒, 处理扫描: 6629帧, 轨迹点: 6626个, 障碍物格子: 9998个, 轨迹已更新
[INFO] [1742633371.950995006] [lms_mapper]: 共绘制障碍物点 9998个
[INFO] [1742633373.565755465] [lms_mapper]: 障碍物世界坐标范围: X=-5.70到41.90, Y=-4.30到45.00
[INFO] [1742633373.589930840] [lms_mapper]: 中间地图 #25: 绘制轨迹 6626个点, 障碍物 9998个
/clock
/events/read_split
/map
/odom
/parameter_events
/rosout
/scan
/tf
[INFO] [1742633375.532181882] [lms_mapper]: 地图显示边界: X=-30.9到67.6, Y=-34.5到78.5
[INFO] [1742633377.658331383] [lms_mapper]: 已保存中间地图 #25 到: map_checkpoint_25.png
[WARN] [1742633377.690392842] [lms_mapper]: 激光扫描处理间隔较长: 12.86秒
[WARN] [1742633379.671736509] [lms_mapper]: 激光扫描处理间隔较长: 1.95秒
[INFO] [1742633380.762792260] [lms_mapper]: 机器人静止中 (1.1秒)，跳过处理激光数据
[WARN] [1742633384.571426345] [lms_mapper]: 激光扫描处理间隔较长: 4.72秒
[INFO] [1742633388.479049180] [lms_mapper]: 机器人静止中 (3.9秒)，跳过处理激光数据
[INFO] [1742633388.647427597] [lms_mapper]: 接收到激光数据: frame_id=laser, 点数=361
[INFO] [1742633388.647814514] [lms_mapper]: 【激光雷达坐标】x=20.4086, y=-0.7617, theta=1.5162
⏳ 正在播放rosbag - 已等待 900/3600 秒...
当前活跃话题:
[INFO] [1742633395.249923419] [lms_mapper]: 机器人停止移动
[WARN] [1742633395.289642461] [lms_mapper]: 激光扫描处理间隔较长: 10.49秒
[INFO] [1742633396.856380212] [lms_mapper]: 机器人静止中 (1.6秒)，跳过处理激光数据
/clock
/events/read_split
/map
/odom
/parameter_events
/rosout
/scan
/tf
[WARN] [1742633405.122908216] [lms_mapper]: 激光扫描处理间隔较长: 9.68秒
[INFO] [1742633405.194356341] [lms_mapper]: 地图统计: 总栅格数=1000000, 占用数=10952, 占用率=1.10%
[INFO] [1742633405.194725507] [lms_mapper]: 地图边界: x=[-15.94, 52.62], y=[-19.54, 58.54]
[INFO] [1742633405.194975757] [lms_mapper]: 总共处理了6791个激光帧, 106662个有效激光点
[INFO] [1742633405.195235299] [lms_mapper]: 已记录107019个原始障碍物点坐标，用于最终地图生成
⏳ 正在播放rosbag - 已等待 915/3600 秒...
当前活跃话题:
/clock
/events/read_split
/map
/odom
/parameter_events
/rosout
/scan
/tf
⏳ 正在播放rosbag - 已等待 930/3600 秒...
当前活跃话题:
[WARN] [1742633444.886496304] [lms_mapper]: 激光扫描处理间隔较长: 39.77秒
[INFO] [1742633444.888890304] [lms_mapper]: 【障碍物计算】机器人位置: x=11.71, y=-0.49, theta=1.54, 状态: 直线行驶
[INFO] [1742633446.739274054] [lms_mapper]: 【进度报告】运行时间: 1345.6秒, 处理扫描: 6793帧, 轨迹点: 6790个, 障碍物格子: 11003个, 轨迹已更新
[INFO] [1742633446.750771596] [lms_mapper]: 共绘制障碍物点 11003个
[INFO] [1742633447.069447596] [lms_mapper]: 障碍物世界坐标范围: X=-5.70到41.90, Y=-4.20到45.00
[INFO] [1742633447.089259388] [lms_mapper]: 中间地图 #26: 绘制轨迹 6790个点, 障碍物 11003个
[INFO] [1742633448.877594389] [lms_mapper]: 地图显示边界: X=-30.9到67.6, Y=-34.5到78.5
/clock
/events/read_split
/map
/odom
/parameter_events
/rosout
/scan
/tf
[INFO] [1742633451.840202668] [lms_mapper]: 已保存中间地图 #26 到: map_checkpoint_26.png
[WARN] [1742633451.877816376] [lms_mapper]: 激光扫描处理间隔较长: 7.02秒
[INFO] [1742633452.122510293] [lms_mapper]: 机器人静止中 (0.2秒)，跳过处理激光数据
[INFO] [1742633452.171647168] [lms_mapper]: 接收到激光数据: frame_id=laser, 点数=361
[INFO] [1742633452.172018793] [lms_mapper]: 【激光雷达坐标】x=10.4569, y=-0.4504, theta=1.5389
[INFO] [1742633452.173514334] [lms_mapper]: 机器人静止中: 1320.2秒, 位置: (10.39, -0.45)
[INFO] [1742633458.348486671] [lms_mapper]: 机器人静止中 (6.5秒)，跳过处理激光数据
[INFO] [1742633464.265184257] [lms_mapper]: 机器人停止移动
[WARN] [1742633464.266021132] [lms_mapper]: 激光扫描处理间隔较长: 12.20秒
[INFO] [1742633465.812041466] [lms_mapper]: 机器人静止中 (1.5秒)，跳过处理激光数据
⏳ 正在播放rosbag - 已等待 945/3600 秒...
当前活跃话题:
[INFO] [1742633465.960557924] [lms_mapper]: 接收到激光数据: frame_id=laser, 点数=361
[INFO] [1742633465.960895258] [lms_mapper]: 【激光雷达坐标】x=8.1164, y=-0.4639, theta=1.5859
/clock
/events/read_split
/map
/odom
/parameter_events
/rosout
/scan
/tf
[INFO] [1742633472.108291677] [lms_mapper]: 【进度报告】运行时间: 1370.9秒, 处理扫描: 6943帧, 轨迹点: 6940个, 障碍物格子: 11281个, 轨迹已更新
[INFO] [1742633472.165064052] [lms_mapper]: 共绘制障碍物点 11281个
[INFO] [1742633473.948133345] [lms_mapper]: 障碍物世界坐标范围: X=-5.70到41.90, Y=-4.20到45.00
[INFO] [1742633473.988542845] [lms_mapper]: 中间地图 #27: 绘制轨迹 6940个点, 障碍物 11281个
[INFO] [1742633476.671972763] [lms_mapper]: 地图显示边界: X=-30.9到67.6, Y=-34.5到78.5
[INFO] [1742633479.810426208] [lms_mapper]: 已保存中间地图 #27 到: map_checkpoint_27.png
[WARN] [1742633479.893935708] [lms_mapper]: 激光扫描处理间隔较长: 15.43秒
[WARN] [1742633481.740894834] [lms_mapper]: 激光扫描处理间隔较长: 1.85秒
[WARN] [1742633484.105438210] [lms_mapper]: 激光扫描处理间隔较长: 2.24秒
[INFO] [1742633488.219039379] [lms_mapper]: 机器人静止中 (4.1秒)，跳过处理激光数据
⏳ 正在播放rosbag - 已等待 960/3600 秒...
当前活跃话题:
[INFO] [1742633488.356153337] [lms_mapper]: 接收到激光数据: frame_id=laser, 点数=361
[INFO] [1742633488.356537296] [lms_mapper]: 【激光雷达坐标】x=4.4179, y=-0.4129, theta=1.5377
[INFO] [1742633488.617259504] [lms_mapper]: 机器人静止中: 1356.6秒, 位置: (4.35, -0.42)
/clock
/events/read_split
/map
/odom
/parameter_events
/rosout
/scan
/tf
[WARN] [1742633494.089051382] [lms_mapper]: 激光扫描处理间隔较长: 9.82秒
[INFO] [1742633495.546084257] [lms_mapper]: 机器人静止中 (1.5秒)，跳过处理激光数据
[INFO] [1742633504.672214845] [lms_mapper]: 机器人停止移动
[WARN] [1742633504.673024512] [lms_mapper]: 激光扫描处理间隔较长: 10.40秒
[INFO] [1742633504.828032595] [lms_mapper]: 接收到激光数据: frame_id=laser, 点数=361
[INFO] [1742633504.828454429] [lms_mapper]: 【激光雷达坐标】x=1.7890, y=-0.6595, theta=1.4597
[INFO] [1742633504.828769595] [lms_mapper]: 接收到激光数据: 361个点, 角度范围=[0.00, 3.14]
[INFO] [1742633504.829042304] [lms_mapper]: 有效激光点: 359/361
[INFO] [1742633504.844674512] [lms_mapper]: 机器人位姿: x=1.79, y=-0.66, theta=1.46, cos_theta=0.11, sin_theta=0.99
[INFO] [1742633504.845619887] [lms_mapper]: 激光点世界坐标范围: x=[-12.85, 1.89], y=[-1.63, 1.34]
[INFO] [1742633504.847324345] [lms_mapper]: 【坐标转换样本】: 激光坐标(0.94,0.00)→世界坐标(1.89,0.27) | 激光坐标(0.89,0.88)→世界坐标(1.02,0.32) | 激光坐标(0.13,14.63)→世界坐标(-12.74,1.09) | 激光坐标(-1.03,1.01)→世界坐标(0.67,-1.57) | 激光坐标(-0.98,0.00)→世界坐标(1.68,-1.63)
⏳ 正在播放rosbag - 已等待 975/3600 秒...
当前活跃话题:
[INFO] [1742633511.254047501] [lms_mapper]: 机器人静止中 (6.5秒)，跳过处理激光数据
[WARN] [1742633514.330701960] [lms_mapper]: 激光扫描处理间隔较长: 9.48秒
/clock
/events/read_split
/map
/odom
/parameter_events
/rosout
/scan
/tf
[INFO] [1742633518.091474921] [lms_mapper]: 机器人静止中 (3.8秒)，跳过处理激光数据
[INFO] [1742633518.212007296] [lms_mapper]: 接收到激光数据: frame_id=laser, 点数=361
[INFO] [1742633518.212750337] [lms_mapper]: 【激光雷达坐标】x=0.0409, y=0.6997, theta=0.5023
[INFO] [1742633518.491098546] [lms_mapper]: 机器人静止中: 1386.5秒, 位置: (0.02, 0.74)
[INFO] [1742633521.903374756] [lms_mapper]: 【进度报告】运行时间: 1420.8秒, 处理扫描: 7227帧, 轨迹点: 7224个, 障碍物格子: 11981个, 轨迹已更新
[INFO] [1742633521.943475589] [lms_mapper]: 共绘制障碍物点 11981个
[INFO] [1742633522.614057173] [lms_mapper]: 障碍物世界坐标范围: X=-5.70到41.90, Y=-5.10到45.00
[INFO] [1742633522.614815756] [lms_mapper]: 中间地图 #28: 绘制轨迹 7224个点, 障碍物 11981个
[INFO] [1742633527.763953717] [lms_mapper]: 地图显示边界: X=-38.7到67.6, Y=-34.5到78.5
[INFO] [1742633533.385715178] [lms_mapper]: 已保存中间地图 #28 到: map_checkpoint_28.png
[INFO] [1742633533.485835261] [lms_mapper]: 检测到机器人开始转弯，角度变化率: 0.0823 rad/s
[WARN] [1742633533.487052178] [lms_mapper]: 激光扫描处理间隔较长: 19.02秒
⏳ 正在播放rosbag - 已等待 990/3600 秒...
当前活跃话题:
[WARN] [1742633535.192333554] [lms_mapper]: 激光扫描处理间隔较长: 1.71秒
[INFO] [1742633535.297990762] [lms_mapper]: 机器人转弯结束，角度变化率降低到: 0.0010 rad/s
[INFO] [1742633536.682531638] [lms_mapper]: 机器人静止中 (1.5秒)，跳过处理激光数据
/clock
/events/read_split
/map
/odom
/parameter_events
/rosout
/scan
/tf
[WARN] [1742633544.189367877] [lms_mapper]: 激光扫描处理间隔较长: 8.83秒
[INFO] [1742633544.392926169] [lms_mapper]: 机器人静止中 (0.2秒)，跳过处理激光数据
[INFO] [1742633544.421833877] [lms_mapper]: 接收到激光数据: frame_id=laser, 点数=361
[INFO] [1742633544.422131669] [lms_mapper]: 【激光雷达坐标】x=-0.4087, y=4.1173, theta=-0.0394
[INFO] [1742633551.169334880] [lms_mapper]: 机器人静止中 (7.0秒)，跳过处理激光数据
⏳ 正在播放rosbag - 已等待 1005/3600 秒...
当前活跃话题:
[INFO] [1742633558.213619592] [lms_mapper]: 机器人静止中 (14.0秒)，跳过处理激光数据
[INFO] [1742633558.439967175] [lms_mapper]: 接收到激光数据: frame_id=laser, 点数=361
[INFO] [1742633558.440374425] [lms_mapper]: 【激光雷达坐标】x=-0.4264, y=6.1955, theta=0.0112
[INFO] [1742633558.676222592] [lms_mapper]: 机器人静止中: 1426.7秒, 位置: (-0.43, 6.26)
/clock
/events/read_split
/map
/odom
/parameter_events
/rosout
/scan
/tf
[WARN] [1742633564.601399345] [lms_mapper]: 激光扫描处理间隔较长: 20.22秒
[INFO] [1742633566.088303637] [lms_mapper]: 机器人静止中 (1.5秒)，跳过处理激光数据
[INFO] [1742633571.890566209] [lms_mapper]: 【进度报告】运行时间: 1470.8秒, 处理扫描: 7491帧, 轨迹点: 7488个, 障碍物格子: 12804个, 轨迹已更新
[INFO] [1742633571.917800626] [lms_mapper]: 共绘制障碍物点 12804个
[INFO] [1742633572.299055084] [lms_mapper]: 障碍物世界坐标范围: X=-5.70到41.90, Y=-5.10到45.00
[INFO] [1742633572.314891584] [lms_mapper]: 中间地图 #29: 绘制轨迹 7488个点, 障碍物 12804个
⏳ 正在播放rosbag - 已等待 1020/3600 秒...
当前活跃话题:
/clock
/events/read_split
/map
/odom
/parameter_events
/rosout
/scan
/tf
[INFO] [1742633583.785048132] [lms_mapper]: 地图显示边界: X=-38.7到67.6, Y=-34.5到78.5
[INFO] [1742633588.376212467] [lms_mapper]: 已保存中间地图 #29 到: map_checkpoint_29.png
[WARN] [1742633588.593395717] [lms_mapper]: 激光扫描处理间隔较长: 23.81秒
[WARN] [1742633589.382663759] [lms_mapper]: 激光扫描处理间隔较长: 0.71秒
⏳ 正在播放rosbag - 已等待 1035/3600 秒...
当前活跃话题:
/clock
/map
/odom
/parameter_events
/rosout
/scan
rosbag播放已完成或终止
等待处理完成...
[WARN] [1742633612.823099006] [lms_mapper]: 激光扫描处理间隔较长: 23.40秒
[INFO] [1742633612.826048089] [lms_mapper]: 【障碍物计算】机器人位置: x=-0.57, y=12.48, theta=-0.02, 状态: 直线行驶
[INFO] [1742633612.840360714] [lms_mapper]: 接收到激光数据: frame_id=laser, 点数=361
[INFO] [1742633612.841579506] [lms_mapper]: 【激光雷达坐标】x=-0.5719, y=12.5241, theta=-0.0156
[INFO] [1742633612.842430756] [lms_mapper]: 接收到激光数据: 361个点, 角度范围=[0.00, 3.14]
[INFO] [1742633612.843070714] [lms_mapper]: 有效激光点: 361/361
[INFO] [1742633612.844056173] [lms_mapper]: 机器人位姿: x=-0.57, y=12.52, theta=-0.02, cos_theta=1.00, sin_theta=-0.02
[INFO] [1742633612.844959464] [lms_mapper]: 激光点世界坐标范围: x=[-1.43, 0.85], y=[12.51, 20.14]
[INFO] [1742633612.845602506] [lms_mapper]: 【坐标转换样本】: 激光坐标(0.88,0.00)→世界坐标(0.31,12.51) | 激光坐标(0.89,0.89)→世界坐标(0.33,13.40) | 激光坐标(0.00,7.60)→世界坐标(-0.45,20.12) | 激光坐标(-0.81,0.81)→世界坐标(-1.37,13.34) | 激光坐标(-0.81,0.00)→世界坐标(-1.38,12.54)
