======== 阶段03-地图生成 日志开始 Fri Mar 21 19:01:04 CST 2025 ========
正在设置ROS2环境...
设置工作空间环境...
提示: 没有找到lms_mapper_node可执行文件，将直接使用Python脚本
正在启动LMS Mapper节点...
执行: python3 /IntelligentMobileRobots2025/work3/src/lms_mapper/lms_mapper/lms_mapper_node.py --ros-args -p map_save_path:=occupancy_grid.png
设置ROS2使用模拟时钟...
usage: ros2 param set [-h] [--spin-time SPIN_TIME] [-s] [--no-daemon]
                      [--include-hidden-nodes]
                      node_name parameter_name value
ros2 param set: error: the following arguments are required: value
无法设置全局参数，将在节点启动时设置
等待节点启动...
[INFO] [1742554887.343254010] [lms_mapper_node]: 地图重置功能已禁用，将持续累积所有障碍物数据
[INFO] [1742554887.352298343] [lms_mapper_node]: 中间地图保存间隔: 60.0秒
[INFO] [1742554887.352538385] [lms_mapper_node]: 清除过期障碍物功能已禁用，将保留所有检测到的障碍物
[INFO] [1742554887.448859301] [lms_mapper_node]: LMS mapper node已启动
[INFO] [1742554887.449714051] [lms_mapper_node]: LMS mapper node已启动，等待数据...
[WARN] [1742554888.584224344] [lms_mapper_node]: 等待数据中... 20/600秒
[WARN] [1742554890.061429178] [lms_mapper_node]: 等待数据中... 40/600秒
[WARN] [1742554891.260676720] [lms_mapper_node]: 等待数据中... 60/600秒
节点已启动，PID: 47695
检查可用的话题...
[WARN] [1742554892.433174845] [lms_mapper_node]: 等待数据中... 80/600秒
[WARN] [1742554893.768912304] [lms_mapper_node]: 等待数据中... 100/600秒
[WARN] [1742554895.816915389] [lms_mapper_node]: 等待数据中... 120/600秒
[WARN] [1742554897.172622125] [lms_mapper_node]: 等待数据中... 140/600秒
/clock
/map
/odom
/parameter_events
/rosout
/scan
[WARN] [1742554898.333988126] [lms_mapper_node]: 等待数据中... 160/600秒
等待话题准备就绪...
[WARN] [1742554899.468166293] [lms_mapper_node]: 等待数据中... 180/600秒
[WARN] [1742554900.593082127] [lms_mapper_node]: 等待数据中... 200/600秒
✅ /map 话题已准备就绪
正在播放rosbag数据...
等待系统准备就绪，确保时钟同步...
[WARN] [1742554901.640292377] [lms_mapper_node]: 等待数据中... 220/600秒
[WARN] [1742554902.764178419] [lms_mapper_node]: 等待数据中... 240/600秒
[WARN] [1742554903.943178837] [lms_mapper_node]: 等待数据中... 260/600秒
[WARN] [1742554905.074264587] [lms_mapper_node]: 等待数据中... 280/600秒
开始播放rosbag...
[WARN] [1742554906.329571879] [lms_mapper_node]: 等待数据中... 300/600秒
[WARN] [1742554907.441441797] [lms_mapper_node]: 等待数据中... 320/600秒
[WARN] [1742554908.581127131] [lms_mapper_node]: 等待数据中... 340/600秒
stdin is not a terminal device. Keyboard handling disabled.[WARN] [1742554909.736916048] [lms_mapper_node]: 等待数据中... 360/600秒
等待rosbag播放完成...
[INFO] [1742554910.366687256] [rosbag2_storage]: Opened database 'lms_data.bag/lms_data.bag_0.db3' for READ_ONLY.
[INFO] [1742554910.369404215] [rosbag2_player]: Set rate to 0.1
[INFO] [1742554910.431963715] [rosbag2_player]: Adding keyboard callbacks.
[INFO] [1742554910.432281965] [rosbag2_player]: Press SPACE for Pause/Resume
[INFO] [1742554910.432313173] [rosbag2_player]: Press CURSOR_RIGHT for Play Next Message
[INFO] [1742554910.432331131] [rosbag2_player]: Press CURSOR_UP for Increase Rate 10%
[INFO] [1742554910.432362548] [rosbag2_player]: Press CURSOR_DOWN for Decrease Rate 10%
[INFO] [1742554910.440200881] [rosbag2_storage]: Opened database 'lms_data.bag/lms_data.bag_0.db3' for READ_ONLY.
[WARN] [1742554910.737771423] [lms_mapper_node]: 接收到激光数据，但没有位姿信息，跳过处理
[INFO] [1742554910.765252798] [lms_mapper_node]: 接收到里程计消息: frame_id=odom, child_frame_id=base_link
[INFO] [1742554910.769330298] [lms_mapper_node]: 位置: x=0.00, y=0.00, z=0.00
[INFO] [1742554910.776978965] [lms_mapper_node]: 【轨迹坐标】x=0.0000, y=0.0000, z=0.0000
[INFO] [1742554910.798744507] [lms_mapper_node]: 添加轨迹点 #1: (0.00, 0.00)
[INFO] [1742554910.798979048] [lms_mapper_node]: 轨迹统计: 总点数=1, 开始=(0.00, 0.00), 最新=(0.00, 0.00)
[INFO] [1742554910.799476132] [lms_mapper_node]: 【姿态角度】roll=0.00°, pitch=0.00°, yaw=0.00°
[INFO] [1742554910.800470673] [lms_mapper_node]: 接收到第一帧激光数据
[INFO] [1742554910.990996215] [lms_mapper_node]: 【最近障碍物】距离机器人: (0.95,0.12)=0.96m, (0.95,0.13)=0.96m, (0.96,0.08)=0.96m, (0.95,0.14)=0.96m, (0.96,0.05)=0.96m
[INFO] [1742554910.991936590] [lms_mapper_node]: 1.小车的当前绝对坐标: (0.00m,0.00m), 朝向=0.00rad
[INFO] [1742554910.992378257] [lms_mapper_node]: 2.障碍物相对于小车的坐标: (0.95m,0.12m), (0.95m,0.13m), (0.96m,0.08m), (0.95m,0.14m), (0.96m,0.05m)
[INFO] [1742554910.994077923] [lms_mapper_node]: 3.障碍物的绝对坐标: (0.95m,0.12m), (0.95m,0.13m), (0.96m,0.08m), (0.95m,0.14m), (0.96m,0.05m)
[INFO] [1742554911.009716590] [lms_mapper_node]: 【地图边界】x=[-1.75, 0.97], y=[-0.00, 25.66]
[INFO] [1742554911.026350298] [lms_mapper_node]: 添加了60个新障碍物点到地图
[INFO] [1742554911.027413465] [lms_mapper_node]: 地图统计: 障碍物单元格=60, 地图边界=[-1.8, 1.0]x[-0.0, 25.7]
[INFO] [1742554911.115422632] [lms_mapper_node]: 【最近障碍物】距离机器人: (0.95,0.13)=0.96m, (0.96,0.05)=0.96m, (0.96,0.02)=0.96m, (0.96,0.03)=0.96m, (0.96,0.06)=0.96m
[INFO] [1742554911.130845132] [lms_mapper_node]: 1.小车的当前绝对坐标: (0.00m,0.00m), 朝向=0.00rad
[INFO] [1742554911.131315090] [lms_mapper_node]: 2.障碍物相对于小车的坐标: (0.95m,0.13m), (0.96m,0.05m), (0.96m,0.02m), (0.96m,0.03m), (0.96m,0.06m)
[INFO] [1742554911.131702965] [lms_mapper_node]: 3.障碍物的绝对坐标: (0.95m,0.13m), (0.96m,0.05m), (0.96m,0.02m), (0.96m,0.03m), (0.96m,0.06m)
[INFO] [1742554911.132070632] [lms_mapper_node]: 【地图边界】x=[-1.78, 0.97], y=[-0.00, 25.67]
[INFO] [1742554911.132798340] [lms_mapper_node]: 添加了54个新障碍物点到地图
[INFO] [1742554911.227787965] [lms_mapper_node]: 【最近障碍物】距离机器人: (0.95,0.12)=0.96m, (0.95,0.13)=0.96m, (0.96,0.08)=0.96m, (0.95,0.14)=0.96m, (0.96,0.05)=0.96m
[INFO] [1742554911.239138507] [lms_mapper_node]: 1.小车的当前绝对坐标: (0.00m,0.00m), 朝向=0.00rad
[INFO] [1742554911.239386923] [lms_mapper_node]: 2.障碍物相对于小车的坐标: (0.95m,0.12m), (0.95m,0.13m), (0.96m,0.08m), (0.95m,0.14m), (0.96m,0.05m)
[INFO] [1742554911.239616590] [lms_mapper_node]: 3.障碍物的绝对坐标: (0.95m,0.12m), (0.95m,0.13m), (0.96m,0.08m), (0.95m,0.14m), (0.96m,0.05m)
[INFO] [1742554911.239859382] [lms_mapper_node]: 【地图边界】x=[-1.78, 0.97], y=[-0.00, 25.71]
[INFO] [1742554911.410674382] [lms_mapper_node]: 【最近障碍物】距离机器人: (0.95,0.07)=0.95m, (0.95,0.17)=0.96m, (0.95,0.14)=0.96m, (0.96,0.05)=0.96m, (0.96,0.00)=0.96m
[INFO] [1742554911.414011549] [lms_mapper_node]: 1.小车的当前绝对坐标: (0.00m,0.00m), 朝向=0.00rad
[INFO] [1742554911.416471715] [lms_mapper_node]: 2.障碍物相对于小车的坐标: (0.95m,0.07m), (0.95m,0.17m), (0.95m,0.14m), (0.96m,0.05m), (0.96m,0.00m)
[INFO] [1742554911.422659674] [lms_mapper_node]: 3.障碍物的绝对坐标: (0.95m,0.07m), (0.95m,0.17m), (0.95m,0.14m), (0.96m,0.05m), (0.96m,0.00m)
[INFO] [1742554911.423048632] [lms_mapper_node]: 【地图边界】x=[-1.78, 0.97], y=[-0.00, 25.71]
[INFO] [1742554911.531822757] [lms_mapper_node]: 【最近障碍物】距离机器人: (0.95,0.04)=0.95m, (0.95,0.13)=0.96m, (0.96,0.08)=0.96m, (0.95,0.14)=0.96m, (0.96,0.05)=0.96m
[INFO] [1742554911.532126257] [lms_mapper_node]: 1.小车的当前绝对坐标: (0.00m,0.00m), 朝向=0.00rad
[INFO] [1742554911.532391215] [lms_mapper_node]: 2.障碍物相对于小车的坐标: (0.95m,0.04m), (0.95m,0.13m), (0.96m,0.08m), (0.95m,0.14m), (0.96m,0.05m)
[INFO] [1742554911.550854049] [lms_mapper_node]: 3.障碍物的绝对坐标: (0.95m,0.04m), (0.95m,0.13m), (0.96m,0.08m), (0.95m,0.14m), (0.96m,0.05m)
[INFO] [1742554911.551249465] [lms_mapper_node]: 【地图边界】x=[-1.78, 0.97], y=[-0.00, 25.71]
[INFO] [1742554911.678176049] [lms_mapper_node]: 【最近障碍物】距离机器人: (0.95,0.17)=0.96m, (0.94,0.17)=0.96m, (0.96,0.05)=0.96m, (0.96,0.00)=0.96m, (0.95,0.10)=0.96m
[INFO] [1742554911.686782465] [lms_mapper_node]: 1.小车的当前绝对坐标: (0.00m,0.00m), 朝向=0.00rad
[INFO] [1742554911.687401757] [lms_mapper_node]: 2.障碍物相对于小车的坐标: (0.95m,0.17m), (0.94m,0.17m), (0.96m,0.05m), (0.96m,0.00m), (0.95m,0.10m)
[INFO] [1742554911.706088215] [lms_mapper_node]: 3.障碍物的绝对坐标: (0.95m,0.17m), (0.94m,0.17m), (0.96m,0.05m), (0.96m,0.00m), (0.95m,0.10m)
[INFO] [1742554911.708323882] [lms_mapper_node]: 【地图边界】x=[-1.78, 0.97], y=[-0.00, 25.71]
[INFO] [1742554911.790003382] [lms_mapper_node]: 【最近障碍物】距离机器人: (0.95,0.12)=0.96m, (0.95,0.13)=0.96m, (0.96,0.08)=0.96m, (0.96,0.05)=0.96m, (0.96,0.06)=0.96m
[INFO] [1742554911.798773840] [lms_mapper_node]: 1.小车的当前绝对坐标: (0.00m,0.00m), 朝向=0.00rad
[INFO] [1742554911.799016799] [lms_mapper_node]: 2.障碍物相对于小车的坐标: (0.95m,0.12m), (0.95m,0.13m), (0.96m,0.08m), (0.96m,0.05m), (0.96m,0.06m)
[INFO] [1742554911.799223757] [lms_mapper_node]: 3.障碍物的绝对坐标: (0.95m,0.12m), (0.95m,0.13m), (0.96m,0.08m), (0.96m,0.05m), (0.96m,0.06m)
[INFO] [1742554911.799464757] [lms_mapper_node]: 【地图边界】x=[-1.78, 0.97], y=[-0.00, 25.72]
[INFO] [1742554911.985829465] [lms_mapper_node]: 【最近障碍物】距离机器人: (0.95,0.02)=0.95m, (0.95,0.02)=0.95m, (0.95,0.12)=0.96m, (0.95,0.13)=0.96m, (0.96,0.08)=0.96m
[INFO] [1742554911.998904507] [lms_mapper_node]: 1.小车的当前绝对坐标: (0.00m,0.00m), 朝向=0.00rad
[INFO] [1742554911.999192174] [lms_mapper_node]: 2.障碍物相对于小车的坐标: (0.95m,0.02m), (0.95m,0.02m), (0.95m,0.12m), (0.95m,0.13m), (0.96m,0.08m)
[INFO] [1742554911.999399174] [lms_mapper_node]: 3.障碍物的绝对坐标: (0.95m,0.02m), (0.95m,0.02m), (0.95m,0.12m), (0.95m,0.13m), (0.96m,0.08m)
[INFO] [1742554912.011971674] [lms_mapper_node]: 【地图边界】x=[-1.78, 0.97], y=[-0.00, 25.72]
[INFO] [1742554912.070339674] [lms_mapper_node]: 【最近障碍物】距离机器人: (0.95,0.13)=0.96m, (0.96,0.08)=0.96m, (0.96,0.05)=0.96m, (0.96,0.00)=0.96m, (0.96,0.02)=0.96m
[INFO] [1742554912.074867632] [lms_mapper_node]: 1.小车的当前绝对坐标: (0.00m,0.00m), 朝向=0.00rad
[INFO] [1742554912.075135799] [lms_mapper_node]: 2.障碍物相对于小车的坐标: (0.95m,0.13m), (0.96m,0.08m), (0.96m,0.05m), (0.96m,0.00m), (0.96m,0.02m)
[INFO] [1742554912.075348257] [lms_mapper_node]: 3.障碍物的绝对坐标: (0.95m,0.13m), (0.96m,0.08m), (0.96m,0.05m), (0.96m,0.00m), (0.96m,0.02m)
[INFO] [1742554912.075622299] [lms_mapper_node]: 【地图边界】x=[-1.78, 0.97], y=[-0.00, 25.72]
[INFO] [1742554912.241380674] [lms_mapper_node]: 【最近障碍物】距离机器人: (0.94,0.19)=0.96m, (0.95,0.14)=0.96m, (0.96,0.05)=0.96m, (0.94,0.18)=0.96m, (0.96,0.00)=0.96m
[INFO] [1742554912.241740257] [lms_mapper_node]: 1.小车的当前绝对坐标: (0.00m,0.00m), 朝向=0.00rad
[INFO] [1742554912.242019091] [lms_mapper_node]: 2.障碍物相对于小车的坐标: (0.94m,0.19m), (0.95m,0.14m), (0.96m,0.05m), (0.94m,0.18m), (0.96m,0.00m)
[INFO] [1742554912.242261757] [lms_mapper_node]: 3.障碍物的绝对坐标: (0.94m,0.19m), (0.95m,0.14m), (0.96m,0.05m), (0.94m,0.18m), (0.96m,0.00m)
[INFO] [1742554912.268106299] [lms_mapper_node]: 【地图边界】x=[-1.78, 0.97], y=[-0.00, 25.72]
[INFO] [1742554912.377564924] [lms_mapper_node]: 【最近障碍物】距离机器人: (0.95,0.02)=0.95m, (0.95,0.03)=0.95m, (0.95,0.17)=0.96m, (0.94,0.17)=0.96m, (0.95,0.12)=0.96m
[INFO] [1742554912.381793924] [lms_mapper_node]: 1.小车的当前绝对坐标: (0.00m,0.00m), 朝向=0.00rad
[INFO] [1742554912.382045341] [lms_mapper_node]: 2.障碍物相对于小车的坐标: (0.95m,0.02m), (0.95m,0.03m), (0.95m,0.17m), (0.94m,0.17m), (0.95m,0.12m)
[INFO] [1742554912.382260091] [lms_mapper_node]: 3.障碍物的绝对坐标: (0.95m,0.02m), (0.95m,0.03m), (0.95m,0.17m), (0.94m,0.17m), (0.95m,0.12m)
[INFO] [1742554912.406680882] [lms_mapper_node]: 【地图边界】x=[-1.82, 0.97], y=[-0.00, 25.72]
[INFO] [1742554912.526139507] [lms_mapper_node]: 【最近障碍物】距离机器人: (0.94,0.17)=0.96m, (0.95,0.12)=0.96m, (0.95,0.13)=0.96m, (0.96,0.08)=0.96m, (0.95,0.14)=0.96m
[INFO] [1742554912.526400799] [lms_mapper_node]: 1.小车的当前绝对坐标: (0.00m,0.00m), 朝向=0.00rad
[INFO] [1742554912.526655466] [lms_mapper_node]: 2.障碍物相对于小车的坐标: (0.94m,0.17m), (0.95m,0.12m), (0.95m,0.13m), (0.96m,0.08m), (0.95m,0.14m)
[INFO] [1742554912.526865132] [lms_mapper_node]: 3.障碍物的绝对坐标: (0.94m,0.17m), (0.95m,0.12m), (0.95m,0.13m), (0.96m,0.08m), (0.95m,0.14m)
[INFO] [1742554912.527102966] [lms_mapper_node]: 【地图边界】x=[-1.82, 0.97], y=[-0.00, 25.72]
[INFO] [1742554912.667238757] [lms_mapper_node]: 【最近障碍物】距离机器人: (0.95,0.05)=0.95m, (0.95,0.06)=0.95m, (0.94,0.21)=0.96m, (0.95,0.12)=0.96m, (0.95,0.13)=0.96m
[INFO] [1742554912.667542466] [lms_mapper_node]: 1.小车的当前绝对坐标: (0.00m,0.00m), 朝向=0.00rad
[INFO] [1742554912.667781716] [lms_mapper_node]: 2.障碍物相对于小车的坐标: (0.95m,0.05m), (0.95m,0.06m), (0.94m,0.21m), (0.95m,0.12m), (0.95m,0.13m)
[INFO] [1742554912.667990341] [lms_mapper_node]: 3.障碍物的绝对坐标: (0.95m,0.05m), (0.95m,0.06m), (0.94m,0.21m), (0.95m,0.12m), (0.95m,0.13m)
[INFO] [1742554912.668239799] [lms_mapper_node]: 【地图边界】x=[-1.82, 0.97], y=[-0.00, 25.72]
[INFO] [1742554912.827566508] [lms_mapper_node]: 【最近障碍物】距离机器人: (0.95,0.05)=0.95m, (0.94,0.10)=0.95m, (0.95,0.09)=0.95m, (0.95,0.06)=0.95m, (0.95,0.12)=0.96m
[INFO] [1742554912.831888549] [lms_mapper_node]: 1.小车的当前绝对坐标: (0.00m,0.00m), 朝向=0.00rad
[INFO] [1742554912.832157966] [lms_mapper_node]: 2.障碍物相对于小车的坐标: (0.95m,0.05m), (0.94m,0.10m), (0.95m,0.09m), (0.95m,0.06m), (0.95m,0.12m)
[INFO] [1742554912.832370383] [lms_mapper_node]: 3.障碍物的绝对坐标: (0.95m,0.05m), (0.94m,0.10m), (0.95m,0.09m), (0.95m,0.06m), (0.95m,0.12m)
[INFO] [1742554912.849471841] [lms_mapper_node]: 【地图边界】x=[-1.82, 0.97], y=[-0.00, 25.72]
[INFO] [1742554912.946958508] [lms_mapper_node]: 【最近障碍物】距离机器人: (0.95,0.02)=0.95m, (0.95,0.03)=0.95m, (0.95,0.12)=0.96m, (0.95,0.13)=0.96m, (0.96,0.08)=0.96m
[INFO] [1742554912.947432758] [lms_mapper_node]: 1.小车的当前绝对坐标: (0.00m,0.00m), 朝向=0.00rad
[INFO] [1742554912.948948008] [lms_mapper_node]: 2.障碍物相对于小车的坐标: (0.95m,0.02m), (0.95m,0.03m), (0.95m,0.12m), (0.95m,0.13m), (0.96m,0.08m)
[INFO] [1742554912.949229758] [lms_mapper_node]: 3.障碍物的绝对坐标: (0.95m,0.02m), (0.95m,0.03m), (0.95m,0.12m), (0.95m,0.13m), (0.96m,0.08m)
[INFO] [1742554912.949516633] [lms_mapper_node]: 【地图边界】x=[-1.82, 0.97], y=[-0.00, 25.72]
[INFO] [1742554913.074260258] [lms_mapper_node]: 【最近障碍物】距离机器人: (0.95,0.12)=0.96m, (0.95,0.13)=0.96m, (0.96,0.08)=0.96m, (0.95,0.14)=0.96m, (0.96,0.05)=0.96m
[INFO] [1742554913.079723424] [lms_mapper_node]: 1.小车的当前绝对坐标: (0.00m,0.00m), 朝向=0.00rad
[INFO] [1742554913.091335258] [lms_mapper_node]: 2.障碍物相对于小车的坐标: (0.95m,0.12m), (0.95m,0.13m), (0.96m,0.08m), (0.95m,0.14m), (0.96m,0.05m)
[INFO] [1742554913.091591508] [lms_mapper_node]: 3.障碍物的绝对坐标: (0.95m,0.12m), (0.95m,0.13m), (0.96m,0.08m), (0.95m,0.14m), (0.96m,0.05m)
[INFO] [1742554913.091856008] [lms_mapper_node]: 【地图边界】x=[-1.82, 0.97], y=[-0.00, 25.72]
[INFO] [1742554913.194392466] [lms_mapper_node]: 【最近障碍物】距离机器人: (0.95,0.00)=0.95m, (0.95,0.12)=0.96m, (0.96,0.08)=0.96m, (0.96,0.05)=0.96m, (0.96,0.02)=0.96m
[INFO] [1742554913.194677924] [lms_mapper_node]: 1.小车的当前绝对坐标: (0.00m,0.00m), 朝向=0.00rad
[INFO] [1742554913.194917424] [lms_mapper_node]: 2.障碍物相对于小车的坐标: (0.95m,0.00m), (0.95m,0.12m), (0.96m,0.08m), (0.96m,0.05m), (0.96m,0.02m)
[INFO] [1742554913.195143508] [lms_mapper_node]: 3.障碍物的绝对坐标: (0.95m,0.00m), (0.95m,0.12m), (0.96m,0.08m), (0.96m,0.05m), (0.96m,0.02m)
[INFO] [1742554913.221347716] [lms_mapper_node]: 【地图边界】x=[-1.82, 0.97], y=[-0.00, 25.73]
[INFO] [1742554913.382874883] [lms_mapper_node]: 【最近障碍物】距离机器人: (0.95,0.07)=0.95m, (0.94,0.12)=0.95m, (0.95,0.08)=0.95m, (0.95,0.13)=0.96m, (0.96,0.05)=0.96m
[INFO] [1742554913.383577966] [lms_mapper_node]: 1.小车的当前绝对坐标: (0.00m,0.00m), 朝向=0.00rad
[INFO] [1742554913.402003049] [lms_mapper_node]: 2.障碍物相对于小车的坐标: (0.95m,0.07m), (0.94m,0.12m), (0.95m,0.08m), (0.95m,0.13m), (0.96m,0.05m)
[INFO] [1742554913.402288174] [lms_mapper_node]: 3.障碍物的绝对坐标: (0.95m,0.07m), (0.94m,0.12m), (0.95m,0.08m), (0.95m,0.13m), (0.96m,0.05m)
[INFO] [1742554913.402598091] [lms_mapper_node]: 【地图边界】x=[-1.82, 0.97], y=[-0.00, 25.73]
[INFO] [1742554913.500203258] [lms_mapper_node]: 【最近障碍物】距离机器人: (0.95,0.06)=0.95m, (0.95,0.12)=0.96m, (0.96,0.05)=0.96m, (0.96,0.02)=0.96m, (0.95,0.10)=0.96m
[INFO] [1742554913.506655300] [lms_mapper_node]: 1.小车的当前绝对坐标: (0.00m,0.00m), 朝向=0.00rad
[INFO] [1742554913.507002716] [lms_mapper_node]: 2.障碍物相对于小车的坐标: (0.95m,0.06m), (0.95m,0.12m), (0.96m,0.05m), (0.96m,0.02m), (0.95m,0.10m)
[INFO] [1742554913.507224466] [lms_mapper_node]: 3.障碍物的绝对坐标: (0.95m,0.06m), (0.95m,0.12m), (0.96m,0.05m), (0.96m,0.02m), (0.95m,0.10m)
[INFO] [1742554913.512994091] [lms_mapper_node]: 【地图边界】x=[-1.83, 0.97], y=[-0.00, 25.73]
[INFO] [1742554913.657608008] [lms_mapper_node]: 【最近障碍物】距离机器人: (0.95,0.12)=0.96m, (0.95,0.13)=0.96m, (0.96,0.08)=0.96m, (0.95,0.14)=0.96m, (0.96,0.05)=0.96m
[INFO] [1742554913.658059466] [lms_mapper_node]: 1.小车的当前绝对坐标: (0.00m,0.00m), 朝向=0.00rad
[INFO] [1742554913.658384466] [lms_mapper_node]: 2.障碍物相对于小车的坐标: (0.95m,0.12m), (0.95m,0.13m), (0.96m,0.08m), (0.95m,0.14m), (0.96m,0.05m)
[INFO] [1742554913.659862883] [lms_mapper_node]: 3.障碍物的绝对坐标: (0.95m,0.12m), (0.95m,0.13m), (0.96m,0.08m), (0.95m,0.14m), (0.96m,0.05m)
[INFO] [1742554913.660166758] [lms_mapper_node]: 【地图边界】x=[-1.83, 0.97], y=[-0.00, 25.73]
[INFO] [1742554913.770986300] [lms_mapper_node]: 【最近障碍物】距离机器人: (0.95,0.00)=0.95m, (0.95,0.12)=0.96m, (0.95,0.13)=0.96m, (0.96,0.05)=0.96m, (0.96,0.02)=0.96m
[INFO] [1742554913.793375258] [lms_mapper_node]: 1.小车的当前绝对坐标: (0.00m,0.00m), 朝向=0.00rad
[INFO] [1742554913.794026550] [lms_mapper_node]: 2.障碍物相对于小车的坐标: (0.95m,0.00m), (0.95m,0.12m), (0.95m,0.13m), (0.96m,0.05m), (0.96m,0.02m)
[INFO] [1742554913.794254675] [lms_mapper_node]: 3.障碍物的绝对坐标: (0.95m,0.00m), (0.95m,0.12m), (0.95m,0.13m), (0.96m,0.05m), (0.96m,0.02m)
[INFO] [1742554913.794554633] [lms_mapper_node]: 【地图边界】x=[-1.83, 0.98], y=[-0.00, 25.73]
[INFO] [1742554913.950462508] [lms_mapper_node]: 【最近障碍物】距离机器人: (0.94,0.10)=0.95m, (0.95,0.09)=0.95m, (0.95,0.17)=0.96m, (0.94,0.17)=0.96m, (0.96,0.08)=0.96m
[INFO] [1742554913.950761550] [lms_mapper_node]: 1.小车的当前绝对坐标: (0.00m,0.00m), 朝向=0.00rad
[INFO] [1742554913.951003216] [lms_mapper_node]: 2.障碍物相对于小车的坐标: (0.94m,0.10m), (0.95m,0.09m), (0.95m,0.17m), (0.94m,0.17m), (0.96m,0.08m)
[INFO] [1742554913.951209966] [lms_mapper_node]: 3.障碍物的绝对坐标: (0.94m,0.10m), (0.95m,0.09m), (0.95m,0.17m), (0.94m,0.17m), (0.96m,0.08m)
[INFO] [1742554913.951466008] [lms_mapper_node]: 【地图边界】x=[-1.83, 0.98], y=[-0.00, 25.73]
[INFO] [1742554914.106955466] [lms_mapper_node]: 【最近障碍物】距离机器人: (0.95,0.07)=0.95m, (0.95,0.06)=0.95m, (0.95,0.17)=0.96m, (0.94,0.17)=0.96m, (0.95,0.12)=0.96m
[INFO] [1742554914.107287133] [lms_mapper_node]: 1.小车的当前绝对坐标: (0.00m,0.00m), 朝向=0.00rad
[INFO] [1742554914.107556508] [lms_mapper_node]: 2.障碍物相对于小车的坐标: (0.95m,0.07m), (0.95m,0.06m), (0.95m,0.17m), (0.94m,0.17m), (0.95m,0.12m)
[INFO] [1742554914.107770675] [lms_mapper_node]: 3.障碍物的绝对坐标: (0.95m,0.07m), (0.95m,0.06m), (0.95m,0.17m), (0.94m,0.17m), (0.95m,0.12m)
[INFO] [1742554914.108029216] [lms_mapper_node]: 【地图边界】x=[-1.83, 0.98], y=[-0.00, 25.73]
[INFO] [1742554914.236760675] [lms_mapper_node]: 【最近障碍物】距离机器人: (0.95,0.04)=0.95m, (0.95,0.05)=0.95m, (0.94,0.19)=0.96m, (0.95,0.12)=0.96m, (0.95,0.13)=0.96m
[INFO] [1742554914.240891133] [lms_mapper_node]: 1.小车的当前绝对坐标: (0.00m,0.00m), 朝向=0.00rad
[INFO] [1742554914.241207175] [lms_mapper_node]: 2.障碍物相对于小车的坐标: (0.95m,0.04m), (0.95m,0.05m), (0.94m,0.19m), (0.95m,0.12m), (0.95m,0.13m)
[INFO] [1742554914.266822550] [lms_mapper_node]: 3.障碍物的绝对坐标: (0.95m,0.04m), (0.95m,0.05m), (0.94m,0.19m), (0.95m,0.12m), (0.95m,0.13m)
[INFO] [1742554914.267265425] [lms_mapper_node]: 【地图边界】x=[-1.83, 0.98], y=[-0.00, 25.73]
[INFO] [1742554914.353426550] [lms_mapper_node]: 【最近障碍物】距离机器人: (0.95,0.04)=0.95m, (0.95,0.07)=0.95m, (0.95,0.03)=0.95m, (0.94,0.17)=0.96m, (0.95,0.12)=0.96m
[INFO] [1742554914.376752675] [lms_mapper_node]: 1.小车的当前绝对坐标: (0.00m,0.00m), 朝向=0.00rad
[INFO] [1742554914.377174342] [lms_mapper_node]: 2.障碍物相对于小车的坐标: (0.95m,0.04m), (0.95m,0.07m), (0.95m,0.03m), (0.94m,0.17m), (0.95m,0.12m)
[INFO] [1742554914.377394883] [lms_mapper_node]: 3.障碍物的绝对坐标: (0.95m,0.04m), (0.95m,0.07m), (0.95m,0.03m), (0.94m,0.17m), (0.95m,0.12m)
[INFO] [1742554914.377837717] [lms_mapper_node]: 【地图边界】x=[-1.83, 0.98], y=[-0.00, 25.73]
[INFO] [1742554914.500388050] [lms_mapper_node]: 【最近障碍物】距离机器人: (0.95,0.17)=0.96m, (0.95,0.12)=0.96m, (0.95,0.13)=0.96m, (0.96,0.08)=0.96m, (0.96,0.05)=0.96m
[INFO] [1742554914.500698300] [lms_mapper_node]: 1.小车的当前绝对坐标: (0.00m,0.00m), 朝向=0.00rad
[INFO] [1742554914.500939383] [lms_mapper_node]: 2.障碍物相对于小车的坐标: (0.95m,0.17m), (0.95m,0.12m), (0.95m,0.13m), (0.96m,0.08m), (0.96m,0.05m)
[INFO] [1742554914.501148425] [lms_mapper_node]: 3.障碍物的绝对坐标: (0.95m,0.17m), (0.95m,0.12m), (0.95m,0.13m), (0.96m,0.08m), (0.96m,0.05m)
[INFO] [1742554914.501399842] [lms_mapper_node]: 【地图边界】x=[-1.83, 0.98], y=[-0.00, 25.73]
[INFO] [1742554914.602310550] [lms_mapper_node]: 【最近障碍物】距离机器人: (0.95,0.17)=0.96m, (0.95,0.12)=0.96m, (0.95,0.13)=0.96m, (0.96,0.08)=0.96m, (0.96,0.05)=0.96m
[INFO] [1742554914.635655633] [lms_mapper_node]: 1.小车的当前绝对坐标: (0.00m,0.00m), 朝向=0.00rad
[INFO] [1742554914.636151258] [lms_mapper_node]: 2.障碍物相对于小车的坐标: (0.95m,0.17m), (0.95m,0.12m), (0.95m,0.13m), (0.96m,0.08m), (0.96m,0.05m)
[INFO] [1742554914.636375925] [lms_mapper_node]: 3.障碍物的绝对坐标: (0.95m,0.17m), (0.95m,0.12m), (0.95m,0.13m), (0.96m,0.08m), (0.96m,0.05m)
[INFO] [1742554914.636820550] [lms_mapper_node]: 【地图边界】x=[-1.83, 0.98], y=[-0.00, 25.73]
[INFO] [1742554914.813198175] [lms_mapper_node]: 【最近障碍物】距离机器人: (0.94,0.17)=0.96m, (0.95,0.12)=0.96m, (0.95,0.13)=0.96m, (0.96,0.08)=0.96m, (0.96,0.05)=0.96m
[INFO] [1742554914.813512342] [lms_mapper_node]: 1.小车的当前绝对坐标: (0.00m,0.00m), 朝向=0.00rad
[INFO] [1742554914.813775550] [lms_mapper_node]: 2.障碍物相对于小车的坐标: (0.94m,0.17m), (0.95m,0.12m), (0.95m,0.13m), (0.96m,0.08m), (0.96m,0.05m)
[INFO] [1742554914.813986133] [lms_mapper_node]: 3.障碍物的绝对坐标: (0.94m,0.17m), (0.95m,0.12m), (0.95m,0.13m), (0.96m,0.08m), (0.96m,0.05m)
[INFO] [1742554914.814235717] [lms_mapper_node]: 【地图边界】x=[-1.83, 0.98], y=[-0.00, 25.73]
[INFO] [1742554914.881865884] [lms_mapper_node]: 【最近障碍物】距离机器人: (0.95,0.12)=0.96m, (0.95,0.13)=0.96m, (0.96,0.08)=0.96m, (0.96,0.05)=0.96m, (0.96,0.00)=0.96m
[INFO] [1742554914.882135925] [lms_mapper_node]: 1.小车的当前绝对坐标: (0.00m,0.00m), 朝向=0.00rad
[INFO] [1742554914.882371592] [lms_mapper_node]: 2.障碍物相对于小车的坐标: (0.95m,0.12m), (0.95m,0.13m), (0.96m,0.08m), (0.96m,0.05m), (0.96m,0.00m)
[INFO] [1742554914.898102300] [lms_mapper_node]: 3.障碍物的绝对坐标: (0.95m,0.12m), (0.95m,0.13m), (0.96m,0.08m), (0.96m,0.05m), (0.96m,0.00m)
[INFO] [1742554914.898535509] [lms_mapper_node]: 【地图边界】x=[-1.83, 0.98], y=[-0.00, 25.73]
[INFO] [1742554915.113436842] [lms_mapper_node]: 【最近障碍物】距离机器人: (0.95,0.09)=0.95m, (0.95,0.08)=0.95m, (0.95,0.17)=0.96m, (0.94,0.17)=0.96m, (0.95,0.12)=0.96m
[INFO] [1742554915.113754884] [lms_mapper_node]: 1.小车的当前绝对坐标: (0.00m,0.00m), 朝向=0.00rad
[INFO] [1742554915.114000884] [lms_mapper_node]: 2.障碍物相对于小车的坐标: (0.95m,0.09m), (0.95m,0.08m), (0.95m,0.17m), (0.94m,0.17m), (0.95m,0.12m)
[INFO] [1742554915.114215134] [lms_mapper_node]: 3.障碍物的绝对坐标: (0.95m,0.09m), (0.95m,0.08m), (0.95m,0.17m), (0.94m,0.17m), (0.95m,0.12m)
[INFO] [1742554915.114476384] [lms_mapper_node]: 【地图边界】x=[-1.83, 0.98], y=[-0.00, 25.73]
[INFO] [1742554915.158919050] [lms_mapper_node]: 【最近障碍物】距离机器人: (0.95,0.12)=0.96m, (0.95,0.13)=0.96m, (0.96,0.08)=0.96m, (0.95,0.14)=0.96m, (0.96,0.00)=0.96m
[INFO] [1742554915.159182842] [lms_mapper_node]: 1.小车的当前绝对坐标: (0.00m,0.00m), 朝向=0.00rad
[INFO] [1742554915.159415759] [lms_mapper_node]: 2.障碍物相对于小车的坐标: (0.95m,0.12m), (0.95m,0.13m), (0.96m,0.08m), (0.95m,0.14m), (0.96m,0.00m)
[INFO] [1742554915.183848717] [lms_mapper_node]: 3.障碍物的绝对坐标: (0.95m,0.12m), (0.95m,0.13m), (0.96m,0.08m), (0.95m,0.14m), (0.96m,0.00m)
[INFO] [1742554915.184285967] [lms_mapper_node]: 【地图边界】x=[-1.83, 0.98], y=[-0.00, 25.73]
[INFO] [1742554915.327365634] [lms_mapper_node]: 【最近障碍物】距离机器人: (0.94,0.07)=0.94m, (0.94,0.08)=0.94m, (0.95,0.12)=0.96m, (0.95,0.13)=0.96m, (0.95,0.14)=0.96m
[INFO] [1742554915.337007717] [lms_mapper_node]: 1.小车的当前绝对坐标: (0.00m,0.00m), 朝向=0.00rad
[INFO] [1742554915.350094592] [lms_mapper_node]: 2.障碍物相对于小车的坐标: (0.94m,0.07m), (0.94m,0.08m), (0.95m,0.12m), (0.95m,0.13m), (0.95m,0.14m)
[INFO] [1742554915.350349092] [lms_mapper_node]: 3.障碍物的绝对坐标: (0.94m,0.07m), (0.94m,0.08m), (0.95m,0.12m), (0.95m,0.13m), (0.95m,0.14m)
[INFO] [1742554915.350657050] [lms_mapper_node]: 【地图边界】x=[-1.83, 0.98], y=[-0.00, 25.74]
[INFO] [1742554915.463920050] [lms_mapper_node]: 【最近障碍物】距离机器人: (0.95,0.04)=0.95m, (0.95,0.07)=0.95m, (0.94,0.12)=0.95m, (0.95,0.03)=0.95m, (0.95,0.06)=0.95m
[INFO] [1742554915.487375092] [lms_mapper_node]: 1.小车的当前绝对坐标: (0.00m,0.00m), 朝向=0.00rad
[INFO] [1742554915.487894800] [lms_mapper_node]: 2.障碍物相对于小车的坐标: (0.95m,0.04m), (0.95m,0.07m), (0.94m,0.12m), (0.95m,0.03m), (0.95m,0.06m)
[INFO] [1742554915.488126009] [lms_mapper_node]: 3.障碍物的绝对坐标: (0.95m,0.04m), (0.95m,0.07m), (0.94m,0.12m), (0.95m,0.03m), (0.95m,0.06m)
[INFO] [1742554915.488408509] [lms_mapper_node]: 【地图边界】x=[-1.83, 0.98], y=[-0.00, 25.74]
[INFO] [1742554915.604567092] [lms_mapper_node]: 【最近障碍物】距离机器人: (0.95,0.02)=0.95m, (0.95,0.03)=0.95m, (0.95,0.17)=0.96m, (0.94,0.17)=0.96m, (0.95,0.12)=0.96m
[INFO] [1742554915.612825176] [lms_mapper_node]: 1.小车的当前绝对坐标: (0.00m,0.00m), 朝向=0.00rad
[INFO] [1742554915.617322842] [lms_mapper_node]: 2.障碍物相对于小车的坐标: (0.95m,0.02m), (0.95m,0.03m), (0.95m,0.17m), (0.94m,0.17m), (0.95m,0.12m)
[INFO] [1742554915.617576092] [lms_mapper_node]: 3.障碍物的绝对坐标: (0.95m,0.02m), (0.95m,0.03m), (0.95m,0.17m), (0.94m,0.17m), (0.95m,0.12m)
[INFO] [1742554915.617840051] [lms_mapper_node]: 【地图边界】x=[-1.83, 0.98], y=[-0.00, 25.74]
[INFO] [1742554915.765212967] [lms_mapper_node]: 【最近障碍物】距离机器人: (0.95,0.12)=0.96m, (0.95,0.13)=0.96m, (0.96,0.08)=0.96m, (0.95,0.14)=0.96m, (0.96,0.05)=0.96m
[INFO] [1742554915.765842967] [lms_mapper_node]: 1.小车的当前绝对坐标: (0.00m,0.00m), 朝向=0.00rad
[INFO] [1742554915.766168634] [lms_mapper_node]: 2.障碍物相对于小车的坐标: (0.95m,0.12m), (0.95m,0.13m), (0.96m,0.08m), (0.95m,0.14m), (0.96m,0.05m)
[INFO] [1742554915.766384801] [lms_mapper_node]: 3.障碍物的绝对坐标: (0.95m,0.12m), (0.95m,0.13m), (0.96m,0.08m), (0.95m,0.14m), (0.96m,0.05m)
[INFO] [1742554915.766665676] [lms_mapper_node]: 【地图边界】x=[-1.83, 0.98], y=[-0.00, 25.74]
[INFO] [1742554915.914752592] [lms_mapper_node]: 【最近障碍物】距离机器人: (0.95,0.06)=0.95m, (0.94,0.17)=0.96m, (0.95,0.12)=0.96m, (0.95,0.13)=0.96m, (0.96,0.08)=0.96m
[INFO] [1742554915.915036551] [lms_mapper_node]: 1.小车的当前绝对坐标: (0.00m,0.00m), 朝向=0.00rad
[INFO] [1742554915.915274342] [lms_mapper_node]: 2.障碍物相对于小车的坐标: (0.95m,0.06m), (0.94m,0.17m), (0.95m,0.12m), (0.95m,0.13m), (0.96m,0.08m)
[INFO] [1742554915.915501301] [lms_mapper_node]: 3.障碍物的绝对坐标: (0.95m,0.06m), (0.94m,0.17m), (0.95m,0.12m), (0.95m,0.13m), (0.96m,0.08m)
[INFO] [1742554915.915753717] [lms_mapper_node]: 【地图边界】x=[-1.83, 0.98], y=[-0.00, 25.74]
[INFO] [1742554916.042471926] [lms_mapper_node]: 【最近障碍物】距离机器人: (0.95,0.17)=0.96m, (0.95,0.12)=0.96m, (0.95,0.13)=0.96m, (0.96,0.08)=0.96m, (0.95,0.14)=0.96m
[INFO] [1742554916.063217759] [lms_mapper_node]: 1.小车的当前绝对坐标: (0.00m,0.00m), 朝向=0.00rad
[INFO] [1742554916.063649426] [lms_mapper_node]: 2.障碍物相对于小车的坐标: (0.95m,0.17m), (0.95m,0.12m), (0.95m,0.13m), (0.96m,0.08m), (0.95m,0.14m)
[INFO] [1742554916.063893467] [lms_mapper_node]: 3.障碍物的绝对坐标: (0.95m,0.17m), (0.95m,0.12m), (0.95m,0.13m), (0.96m,0.08m), (0.95m,0.14m)
[INFO] [1742554916.064162509] [lms_mapper_node]: 【地图边界】x=[-1.83, 0.98], y=[-0.00, 25.74]
[INFO] [1742554916.179192092] [lms_mapper_node]: 【最近障碍物】距离机器人: (0.95,0.04)=0.95m, (0.95,0.05)=0.95m, (0.94,0.13)=0.95m, (0.94,0.11)=0.95m, (0.94,0.14)=0.95m
[INFO] [1742554916.179452759] [lms_mapper_node]: 1.小车的当前绝对坐标: (0.00m,0.00m), 朝向=0.00rad
[INFO] [1742554916.205628009] [lms_mapper_node]: 2.障碍物相对于小车的坐标: (0.95m,0.04m), (0.95m,0.05m), (0.94m,0.13m), (0.94m,0.11m), (0.94m,0.14m)
[INFO] [1742554916.208274592] [lms_mapper_node]: 3.障碍物的绝对坐标: (0.95m,0.04m), (0.95m,0.05m), (0.94m,0.13m), (0.94m,0.11m), (0.94m,0.14m)
[INFO] [1742554916.212417009] [lms_mapper_node]: 【地图边界】x=[-1.83, 0.98], y=[-0.00, 25.74]
[INFO] [1742554916.301910259] [lms_mapper_node]: 【最近障碍物】距离机器人: (0.95,0.01)=0.95m, (0.95,0.02)=0.95m, (0.95,0.12)=0.96m, (0.95,0.13)=0.96m, (0.96,0.08)=0.96m
[INFO] [1742554916.310012426] [lms_mapper_node]: 1.小车的当前绝对坐标: (0.00m,0.00m), 朝向=0.00rad
[INFO] [1742554916.314979926] [lms_mapper_node]: 2.障碍物相对于小车的坐标: (0.95m,0.01m), (0.95m,0.02m), (0.95m,0.12m), (0.95m,0.13m), (0.96m,0.08m)
[INFO] [1742554916.326414134] [lms_mapper_node]: 3.障碍物的绝对坐标: (0.95m,0.01m), (0.95m,0.02m), (0.95m,0.12m), (0.95m,0.13m), (0.96m,0.08m)
[INFO] [1742554916.326732259] [lms_mapper_node]: 【地图边界】x=[-1.83, 0.98], y=[-0.00, 25.74]
[INFO] [1742554916.479918343] [lms_mapper_node]: 【最近障碍物】距离机器人: (0.95,0.02)=0.95m, (0.95,0.03)=0.95m, (0.95,0.12)=0.96m, (0.95,0.13)=0.96m, (0.96,0.08)=0.96m
[INFO] [1742554916.504092176] [lms_mapper_node]: 1.小车的当前绝对坐标: (0.00m,0.00m), 朝向=0.00rad
[INFO] [1742554916.504384843] [lms_mapper_node]: 2.障碍物相对于小车的坐标: (0.95m,0.02m), (0.95m,0.03m), (0.95m,0.12m), (0.95m,0.13m), (0.96m,0.08m)
[INFO] [1742554916.504611676] [lms_mapper_node]: 3.障碍物的绝对坐标: (0.95m,0.02m), (0.95m,0.03m), (0.95m,0.12m), (0.95m,0.13m), (0.96m,0.08m)
[INFO] [1742554916.504875759] [lms_mapper_node]: 【地图边界】x=[-1.83, 0.98], y=[-0.00, 25.74]
[INFO] [1742554916.573385509] [lms_mapper_node]: 【最近障碍物】距离机器人: (0.95,0.05)=0.95m, (0.95,0.09)=0.95m, (0.95,0.06)=0.95m, (0.95,0.08)=0.95m, (0.95,0.12)=0.96m
[INFO] [1742554916.573848843] [lms_mapper_node]: 1.小车的当前绝对坐标: (0.00m,0.00m), 朝向=0.00rad
[INFO] [1742554916.574272176] [lms_mapper_node]: 2.障碍物相对于小车的坐标: (0.95m,0.05m), (0.95m,0.09m), (0.95m,0.06m), (0.95m,0.08m), (0.95m,0.12m)
[INFO] [1742554916.586558468] [lms_mapper_node]: 3.障碍物的绝对坐标: (0.95m,0.05m), (0.95m,0.09m), (0.95m,0.06m), (0.95m,0.08m), (0.95m,0.12m)
[INFO] [1742554916.588252759] [lms_mapper_node]: 【地图边界】x=[-1.83, 0.98], y=[-0.00, 25.74]
[INFO] [1742554916.728647384] [lms_mapper_node]: 【最近障碍物】距离机器人: (0.95,0.06)=0.95m, (0.95,0.17)=0.96m, (0.94,0.17)=0.96m, (0.96,0.05)=0.96m, (0.96,0.00)=0.96m
[INFO] [1742554916.729386218] [lms_mapper_node]: 1.小车的当前绝对坐标: (0.00m,0.00m), 朝向=0.00rad
[INFO] [1742554916.743913801] [lms_mapper_node]: 2.障碍物相对于小车的坐标: (0.95m,0.06m), (0.95m,0.17m), (0.94m,0.17m), (0.96m,0.05m), (0.96m,0.00m)
[INFO] [1742554916.744142551] [lms_mapper_node]: 3.障碍物的绝对坐标: (0.95m,0.06m), (0.95m,0.17m), (0.94m,0.17m), (0.96m,0.05m), (0.96m,0.00m)
[INFO] [1742554916.744405259] [lms_mapper_node]: 【地图边界】x=[-1.83, 0.98], y=[-0.00, 25.74]
[INFO] [1742554916.861178926] [lms_mapper_node]: 【最近障碍物】距离机器人: (0.95,0.07)=0.95m, (0.95,0.09)=0.95m, (0.94,0.12)=0.95m, (0.95,0.08)=0.95m, (0.95,0.17)=0.96m
[INFO] [1742554916.869820384] [lms_mapper_node]: 1.小车的当前绝对坐标: (0.00m,0.00m), 朝向=0.00rad
[INFO] [1742554916.882907676] [lms_mapper_node]: 2.障碍物相对于小车的坐标: (0.95m,0.07m), (0.95m,0.09m), (0.94m,0.12m), (0.95m,0.08m), (0.95m,0.17m)
[INFO] [1742554916.883186593] [lms_mapper_node]: 3.障碍物的绝对坐标: (0.95m,0.07m), (0.95m,0.09m), (0.94m,0.12m), (0.95m,0.08m), (0.95m,0.17m)
[INFO] [1742554916.883467218] [lms_mapper_node]: 【地图边界】x=[-1.83, 0.98], y=[-0.00, 25.74]
[INFO] [1742554917.020955635] [lms_mapper_node]: 【最近障碍物】距离机器人: (0.95,0.17)=0.96m, (0.96,0.08)=0.96m, (0.96,0.05)=0.96m, (0.96,0.00)=0.96m, (0.96,0.02)=0.96m
[INFO] [1742554917.024750176] [lms_mapper_node]: 1.小车的当前绝对坐标: (0.00m,0.00m), 朝向=0.00rad
[INFO] [1742554917.032686676] [lms_mapper_node]: 2.障碍物相对于小车的坐标: (0.95m,0.17m), (0.96m,0.08m), (0.96m,0.05m), (0.96m,0.00m), (0.96m,0.02m)
[INFO] [1742554917.032914968] [lms_mapper_node]: 3.障碍物的绝对坐标: (0.95m,0.17m), (0.96m,0.08m), (0.96m,0.05m), (0.96m,0.00m), (0.96m,0.02m)
[INFO] [1742554917.033172551] [lms_mapper_node]: 【地图边界】x=[-1.84, 0.98], y=[-0.00, 25.74]
[INFO] [1742554917.144275843] [lms_mapper_node]: 【最近障碍物】距离机器人: (0.95,0.05)=0.95m, (0.95,0.06)=0.95m, (0.95,0.12)=0.96m, (0.96,0.08)=0.96m, (0.96,0.00)=0.96m
[INFO] [1742554917.144567593] [lms_mapper_node]: 1.小车的当前绝对坐标: (0.00m,0.00m), 朝向=0.00rad
[INFO] [1742554917.144803093] [lms_mapper_node]: 2.障碍物相对于小车的坐标: (0.95m,0.05m), (0.95m,0.06m), (0.95m,0.12m), (0.96m,0.08m), (0.96m,0.00m)
[INFO] [1742554917.145221718] [lms_mapper_node]: 3.障碍物的绝对坐标: (0.95m,0.05m), (0.95m,0.06m), (0.95m,0.12m), (0.96m,0.08m), (0.96m,0.00m)
[INFO] [1742554917.182811343] [lms_mapper_node]: 【地图边界】x=[-1.84, 0.98], y=[-0.00, 25.74]
[INFO] [1742554917.302131510] [lms_mapper_node]: 接收到激光数据: frame_id=laser, 点数=361
[INFO] [1742554917.302568135] [lms_mapper_node]: 【激光雷达坐标】x=0.0000, y=0.0000, theta=0.0000
[INFO] [1742554917.304775551] [lms_mapper_node]: 接收到激光数据: 361个点, 角度范围=[0.00, 3.14]
[INFO] [1742554917.305098260] [lms_mapper_node]: 有效激光点: 351/361
[INFO] [1742554917.305381301] [lms_mapper_node]: 机器人位姿: x=0.00, y=0.00, theta=0.00, cos_theta=1.00, sin_theta=0.00
[INFO] [1742554917.306557135] [lms_mapper_node]: 激光点世界坐标范围: x=[-1.78, 0.97], y=[-0.00, 25.70]
[INFO] [1742554917.307301635] [lms_mapper_node]: 【坐标转换样本】: 激光坐标(0.96,0.00)→世界坐标(0.96,0.00) | 激光坐标(0.94,0.89)→世界坐标(0.94,0.89) | 激光坐标(0.39,11.29)→世界坐标(0.39,11.29) | 激光坐标(-1.21,1.17)→世界坐标(-1.21,1.17) | 激光坐标(-1.16,-0.00)→世界坐标(-1.16,-0.00)
[INFO] [1742554917.315849760] [lms_mapper_node]: 【最近障碍物】距离机器人: (0.95,0.17)=0.96m, (0.95,0.13)=0.96m, (0.96,0.08)=0.96m, (0.95,0.14)=0.96m, (0.96,0.05)=0.96m
[INFO] [1742554917.318777843] [lms_mapper_node]: 1.小车的当前绝对坐标: (0.00m,0.00m), 朝向=0.00rad
[INFO] [1742554917.319024468] [lms_mapper_node]: 2.障碍物相对于小车的坐标: (0.95m,0.17m), (0.95m,0.13m), (0.96m,0.08m), (0.95m,0.14m), (0.96m,0.05m)
[INFO] [1742554917.319233343] [lms_mapper_node]: 3.障碍物的绝对坐标: (0.95m,0.17m), (0.95m,0.13m), (0.96m,0.08m), (0.95m,0.14m), (0.96m,0.05m)
[INFO] [1742554917.319499843] [lms_mapper_node]: 【地图边界】x=[-1.84, 0.98], y=[-0.00, 25.74]
[INFO] [1742554917.324846468] [lms_mapper_node]: 更新地图: 添加了351个点
[INFO] [1742554917.325136218] [lms_mapper_node]: 【实时位姿】x=0.000, y=0.000, theta=0.000rad, 用于计算障碍物与机器人相对位置
[INFO] [1742554917.325803468] [lms_mapper_node]: 【激光点距离】最近=0.96m, 最远=25.70m
[INFO] [1742554917.326303468] [lms_mapper_node]: 【坐标转换示例】世界坐标→相对坐标→栅格坐标:
[INFO] [1742554917.334635218] [lms_mapper_node]:   点20: 世界坐标(0.95,0.17) → 相对坐标(0.95,0.17) → 栅格坐标(259,252)
[INFO] [1742554917.335003385] [lms_mapper_node]:   点0: 世界坐标(0.96,0.00) → 相对坐标(0.96,0.00) → 栅格坐标(260,250)
[INFO] [1742554917.335235301] [lms_mapper_node]:   点17: 世界坐标(0.95,0.14) → 相对坐标(0.95,0.14) → 栅格坐标(259,251)
[INFO] [1742554917.411067801] [lms_mapper_node]: 【最近障碍物】距离机器人: (0.95,0.04)=0.95m, (0.95,0.05)=0.95m, (0.95,0.06)=0.95m, (0.95,0.08)=0.95m, (0.95,0.12)=0.96m
[INFO] [1742554917.429029093] [lms_mapper_node]: 1.小车的当前绝对坐标: (0.00m,0.00m), 朝向=0.00rad
[INFO] [1742554917.442939260] [lms_mapper_node]: 2.障碍物相对于小车的坐标: (0.95m,0.04m), (0.95m,0.05m), (0.95m,0.06m), (0.95m,0.08m), (0.95m,0.12m)
[INFO] [1742554917.444757010] [lms_mapper_node]: 3.障碍物的绝对坐标: (0.95m,0.04m), (0.95m,0.05m), (0.95m,0.06m), (0.95m,0.08m), (0.95m,0.12m)
[INFO] [1742554917.445806260] [lms_mapper_node]: 【地图边界】x=[-1.84, 0.98], y=[-0.00, 25.74]
[INFO] [1742554917.581136885] [lms_mapper_node]: 【最近障碍物】距离机器人: (0.95,0.02)=0.95m, (0.95,0.04)=0.95m, (0.95,0.05)=0.95m, (0.95,0.03)=0.95m, (0.95,0.06)=0.95m
[INFO] [1742554917.581443635] [lms_mapper_node]: 1.小车的当前绝对坐标: (0.00m,0.00m), 朝向=0.00rad
[INFO] [1742554917.613096218] [lms_mapper_node]: 2.障碍物相对于小车的坐标: (0.95m,0.02m), (0.95m,0.04m), (0.95m,0.05m), (0.95m,0.03m), (0.95m,0.06m)
[INFO] [1742554917.613388801] [lms_mapper_node]: 3.障碍物的绝对坐标: (0.95m,0.02m), (0.95m,0.04m), (0.95m,0.05m), (0.95m,0.03m), (0.95m,0.06m)
[INFO] [1742554917.613677676] [lms_mapper_node]: 【地图边界】x=[-1.84, 0.98], y=[-0.00, 25.74]
[INFO] [1742554917.791434093] [lms_mapper_node]: 【最近障碍物】距离机器人: (0.95,0.07)=0.95m, (0.95,0.06)=0.95m, (0.95,0.12)=0.96m, (0.95,0.13)=0.96m, (0.96,0.05)=0.96m
[INFO] [1742554917.796919802] [lms_mapper_node]: 1.小车的当前绝对坐标: (0.00m,0.00m), 朝向=0.00rad
[INFO] [1742554917.800824093] [lms_mapper_node]: 2.障碍物相对于小车的坐标: (0.95m,0.07m), (0.95m,0.06m), (0.95m,0.12m), (0.95m,0.13m), (0.96m,0.05m)
[INFO] [1742554917.801040218] [lms_mapper_node]: 3.障碍物的绝对坐标: (0.95m,0.07m), (0.95m,0.06m), (0.95m,0.12m), (0.95m,0.13m), (0.96m,0.05m)
[INFO] [1742554917.801305385] [lms_mapper_node]: 【地图边界】x=[-1.84, 0.98], y=[-0.00, 25.74]
[INFO] [1742554917.856767718] [lms_mapper_node]: 【最近障碍物】距离机器人: (0.95,0.07)=0.95m, (0.95,0.06)=0.95m, (0.95,0.17)=0.96m, (0.94,0.19)=0.96m, (0.95,0.13)=0.96m
[INFO] [1742554917.892852343] [lms_mapper_node]: 1.小车的当前绝对坐标: (0.00m,0.00m), 朝向=0.00rad
[INFO] [1742554917.893254177] [lms_mapper_node]: 2.障碍物相对于小车的坐标: (0.95m,0.07m), (0.95m,0.06m), (0.95m,0.17m), (0.94m,0.19m), (0.95m,0.13m)
[INFO] [1742554917.893472885] [lms_mapper_node]: 3.障碍物的绝对坐标: (0.95m,0.07m), (0.95m,0.06m), (0.95m,0.17m), (0.94m,0.19m), (0.95m,0.13m)
[INFO] [1742554917.893761885] [lms_mapper_node]: 【地图边界】x=[-1.84, 0.98], y=[-0.00, 25.74]
[INFO] [1742554918.054149385] [lms_mapper_node]: 【最近障碍物】距离机器人: (0.95,0.17)=0.96m, (0.95,0.12)=0.96m, (0.95,0.13)=0.96m, (0.96,0.08)=0.96m, (0.95,0.14)=0.96m
[INFO] [1742554918.054551927] [lms_mapper_node]: 1.小车的当前绝对坐标: (0.00m,0.00m), 朝向=0.00rad
[INFO] [1742554918.054846552] [lms_mapper_node]: 2.障碍物相对于小车的坐标: (0.95m,0.17m), (0.95m,0.12m), (0.95m,0.13m), (0.96m,0.08m), (0.95m,0.14m)
[INFO] [1742554918.055064635] [lms_mapper_node]: 3.障碍物的绝对坐标: (0.95m,0.17m), (0.95m,0.12m), (0.95m,0.13m), (0.96m,0.08m), (0.95m,0.14m)
[INFO] [1742554918.055358593] [lms_mapper_node]: 【地图边界】x=[-1.84, 0.98], y=[-0.00, 25.74]
[INFO] [1742554918.148973843] [lms_mapper_node]: 【最近障碍物】距离机器人: (0.95,0.08)=0.95m, (0.95,0.17)=0.96m, (0.94,0.19)=0.96m, (0.95,0.12)=0.96m, (0.95,0.13)=0.96m
[INFO] [1742554918.149234468] [lms_mapper_node]: 1.小车的当前绝对坐标: (0.00m,0.00m), 朝向=0.00rad
[INFO] [1742554918.149469635] [lms_mapper_node]: 2.障碍物相对于小车的坐标: (0.95m,0.08m), (0.95m,0.17m), (0.94m,0.19m), (0.95m,0.12m), (0.95m,0.13m)
[INFO] [1742554918.175858718] [lms_mapper_node]: 3.障碍物的绝对坐标: (0.95m,0.08m), (0.95m,0.17m), (0.94m,0.19m), (0.95m,0.12m), (0.95m,0.13m)
[INFO] [1742554918.176136385] [lms_mapper_node]: 【地图边界】x=[-1.84, 0.98], y=[-0.00, 25.74]
[INFO] [1742554918.252256302] [lms_mapper_node]: 【最近障碍物】距离机器人: (0.95,0.12)=0.96m, (0.95,0.13)=0.96m, (0.96,0.08)=0.96m, (0.95,0.14)=0.96m, (0.96,0.05)=0.96m
[INFO] [1742554918.268995593] [lms_mapper_node]: 1.小车的当前绝对坐标: (0.00m,0.00m), 朝向=0.00rad
[INFO] [1742554918.269290760] [lms_mapper_node]: 2.障碍物相对于小车的坐标: (0.95m,0.12m), (0.95m,0.13m), (0.96m,0.08m), (0.95m,0.14m), (0.96m,0.05m)
[INFO] [1742554918.292282385] [lms_mapper_node]: 3.障碍物的绝对坐标: (0.95m,0.12m), (0.95m,0.13m), (0.96m,0.08m), (0.95m,0.14m), (0.96m,0.05m)
[INFO] [1742554918.292775593] [lms_mapper_node]: 【地图边界】x=[-1.84, 0.98], y=[-0.00, 25.74]
[INFO] [1742554918.518125969] [lms_mapper_node]: 【最近障碍物】距离机器人: (0.96,0.08)=0.96m, (0.96,0.05)=0.96m, (0.96,0.00)=0.96m, (0.96,0.02)=0.96m, (0.95,0.10)=0.96m
[INFO] [1742554918.518438094] [lms_mapper_node]: 1.小车的当前绝对坐标: (0.00m,0.00m), 朝向=0.00rad
[INFO] [1742554918.518719594] [lms_mapper_node]: 2.障碍物相对于小车的坐标: (0.96m,0.08m), (0.96m,0.05m), (0.96m,0.00m), (0.96m,0.02m), (0.95m,0.10m)
[INFO] [1742554918.518952177] [lms_mapper_node]: 3.障碍物的绝对坐标: (0.96m,0.08m), (0.96m,0.05m), (0.96m,0.00m), (0.96m,0.02m), (0.95m,0.10m)
[INFO] [1742554918.519238052] [lms_mapper_node]: 【地图边界】x=[-1.84, 0.98], y=[-0.00, 25.74]
[INFO] [1742554918.633173344] [lms_mapper_node]: 【最近障碍物】距离机器人: (0.95,0.07)=0.95m, (0.95,0.06)=0.95m, (0.95,0.17)=0.96m, (0.94,0.17)=0.96m, (0.95,0.12)=0.96m
[INFO] [1742554918.666055052] [lms_mapper_node]: 1.小车的当前绝对坐标: (0.00m,0.00m), 朝向=0.00rad
[INFO] [1742554918.666986760] [lms_mapper_node]: 2.障碍物相对于小车的坐标: (0.95m,0.07m), (0.95m,0.06m), (0.95m,0.17m), (0.94m,0.17m), (0.95m,0.12m)
[INFO] [1742554918.671124385] [lms_mapper_node]: 3.障碍物的绝对坐标: (0.95m,0.07m), (0.95m,0.06m), (0.95m,0.17m), (0.94m,0.17m), (0.95m,0.12m)
[INFO] [1742554918.680069802] [lms_mapper_node]: 【地图边界】x=[-1.84, 0.98], y=[-0.00, 25.74]
[INFO] [1742554918.892299844] [lms_mapper_node]: 【最近障碍物】距离机器人: (0.95,0.05)=0.95m, (0.95,0.07)=0.95m, (0.95,0.06)=0.95m, (0.95,0.12)=0.96m, (0.95,0.13)=0.96m
[INFO] [1742554918.892968927] [lms_mapper_node]: 1.小车的当前绝对坐标: (0.00m,0.00m), 朝向=0.00rad
[INFO] [1742554918.893337969] [lms_mapper_node]: 2.障碍物相对于小车的坐标: (0.95m,0.05m), (0.95m,0.07m), (0.95m,0.06m), (0.95m,0.12m), (0.95m,0.13m)
[INFO] [1742554918.893584344] [lms_mapper_node]: 3.障碍物的绝对坐标: (0.95m,0.05m), (0.95m,0.07m), (0.95m,0.06m), (0.95m,0.12m), (0.95m,0.13m)
[INFO] [1742554918.893853844] [lms_mapper_node]: 【地图边界】x=[-1.84, 0.98], y=[-0.00, 25.74]
[INFO] [1742554919.117635844] [lms_mapper_node]: 【最近障碍物】距离机器人: (0.95,0.17)=0.96m, (0.94,0.17)=0.96m, (0.95,0.13)=0.96m, (0.96,0.08)=0.96m, (0.96,0.00)=0.96m
[INFO] [1742554919.118236011] [lms_mapper_node]: 1.小车的当前绝对坐标: (0.00m,0.00m), 朝向=0.00rad
[INFO] [1742554919.118567344] [lms_mapper_node]: 2.障碍物相对于小车的坐标: (0.95m,0.17m), (0.94m,0.17m), (0.95m,0.13m), (0.96m,0.08m), (0.96m,0.00m)
[INFO] [1742554919.118786469] [lms_mapper_node]: 3.障碍物的绝对坐标: (0.95m,0.17m), (0.94m,0.17m), (0.95m,0.13m), (0.96m,0.08m), (0.96m,0.00m)
[INFO] [1742554919.119057011] [lms_mapper_node]: 【地图边界】x=[-1.84, 0.98], y=[-0.00, 25.74]
[INFO] [1742554919.262105969] [lms_mapper_node]: 【最近障碍物】距离机器人: (0.95,0.09)=0.95m, (0.95,0.07)=0.95m, (0.95,0.06)=0.95m, (0.95,0.08)=0.95m, (0.95,0.17)=0.96m
[INFO] [1742554919.266773844] [lms_mapper_node]: 1.小车的当前绝对坐标: (0.00m,0.00m), 朝向=0.00rad
[INFO] [1742554919.270753052] [lms_mapper_node]: 2.障碍物相对于小车的坐标: (0.95m,0.09m), (0.95m,0.07m), (0.95m,0.06m), (0.95m,0.08m), (0.95m,0.17m)
[INFO] [1742554919.280783594] [lms_mapper_node]: 3.障碍物的绝对坐标: (0.95m,0.09m), (0.95m,0.07m), (0.95m,0.06m), (0.95m,0.08m), (0.95m,0.17m)
[INFO] [1742554919.281052469] [lms_mapper_node]: 【地图边界】x=[-1.84, 0.98], y=[-0.00, 25.74]
[INFO] [1742554919.490086677] [lms_mapper_node]: 【最近障碍物】距离机器人: (0.95,0.04)=0.95m, (0.95,0.05)=0.95m, (0.95,0.17)=0.96m, (0.95,0.12)=0.96m, (0.95,0.13)=0.96m
[INFO] [1742554919.490389427] [lms_mapper_node]: 1.小车的当前绝对坐标: (0.00m,0.00m), 朝向=0.00rad
[INFO] [1742554919.490816261] [lms_mapper_node]: 2.障碍物相对于小车的坐标: (0.95m,0.04m), (0.95m,0.05m), (0.95m,0.17m), (0.95m,0.12m), (0.95m,0.13m)
[INFO] [1742554919.491445927] [lms_mapper_node]: 3.障碍物的绝对坐标: (0.95m,0.04m), (0.95m,0.05m), (0.95m,0.17m), (0.95m,0.12m), (0.95m,0.13m)
[INFO] [1742554919.494780177] [lms_mapper_node]: 【地图边界】x=[-1.84, 0.98], y=[-0.00, 25.74]
[INFO] [1742554919.538689844] [lms_mapper_node]: 【最近障碍物】距离机器人: (0.94,0.16)=0.95m, (0.94,0.15)=0.95m, (0.94,0.17)=0.96m, (0.95,0.12)=0.96m, (0.95,0.13)=0.96m
[INFO] [1742554919.560416886] [lms_mapper_node]: 1.小车的当前绝对坐标: (0.00m,0.00m), 朝向=0.00rad
[INFO] [1742554919.564405052] [lms_mapper_node]: 2.障碍物相对于小车的坐标: (0.94m,0.16m), (0.94m,0.15m), (0.94m,0.17m), (0.95m,0.12m), (0.95m,0.13m)
[INFO] [1742554919.570618719] [lms_mapper_node]: 3.障碍物的绝对坐标: (0.94m,0.16m), (0.94m,0.15m), (0.94m,0.17m), (0.95m,0.12m), (0.95m,0.13m)
[INFO] [1742554919.591266802] [lms_mapper_node]: 【地图边界】x=[-1.84, 0.98], y=[-0.00, 25.74]
[INFO] [1742554919.716364052] [lms_mapper_node]: 【最近障碍物】距离机器人: (0.94,0.21)=0.96m, (0.95,0.12)=0.96m, (0.96,0.08)=0.96m, (0.95,0.14)=0.96m, (0.96,0.05)=0.96m
[INFO] [1742554919.726063427] [lms_mapper_node]: 1.小车的当前绝对坐标: (0.00m,0.00m), 朝向=0.00rad
[INFO] [1742554919.727155969] [lms_mapper_node]: 2.障碍物相对于小车的坐标: (0.94m,0.21m), (0.95m,0.12m), (0.96m,0.08m), (0.95m,0.14m), (0.96m,0.05m)
[INFO] [1742554919.727529927] [lms_mapper_node]: 3.障碍物的绝对坐标: (0.94m,0.21m), (0.95m,0.12m), (0.96m,0.08m), (0.95m,0.14m), (0.96m,0.05m)
[INFO] [1742554919.727830427] [lms_mapper_node]: 【地图边界】x=[-1.84, 0.98], y=[-0.00, 25.74]
[INFO] [1742554919.823982219] [lms_mapper_node]: 【最近障碍物】距离机器人: (0.95,0.12)=0.96m, (0.95,0.13)=0.96m, (0.95,0.14)=0.96m, (0.96,0.02)=0.96m, (0.95,0.10)=0.96m
[INFO] [1742554919.852689386] [lms_mapper_node]: 1.小车的当前绝对坐标: (0.00m,0.00m), 朝向=0.00rad
[INFO] [1742554919.853299428] [lms_mapper_node]: 2.障碍物相对于小车的坐标: (0.95m,0.12m), (0.95m,0.13m), (0.95m,0.14m), (0.96m,0.02m), (0.95m,0.10m)
[INFO] [1742554919.853549386] [lms_mapper_node]: 3.障碍物的绝对坐标: (0.95m,0.12m), (0.95m,0.13m), (0.95m,0.14m), (0.96m,0.02m), (0.95m,0.10m)
[INFO] [1742554919.853817636] [lms_mapper_node]: 【地图边界】x=[-1.84, 0.98], y=[-0.00, 25.74]
[INFO] [1742554919.994186219] [lms_mapper_node]: 【最近障碍物】距离机器人: (0.94,0.19)=0.96m, (0.95,0.12)=0.96m, (0.95,0.13)=0.96m, (0.96,0.08)=0.96m, (0.95,0.14)=0.96m
[INFO] [1742554919.994448219] [lms_mapper_node]: 1.小车的当前绝对坐标: (0.00m,0.00m), 朝向=0.00rad
[INFO] [1742554919.994705136] [lms_mapper_node]: 2.障碍物相对于小车的坐标: (0.94m,0.19m), (0.95m,0.12m), (0.95m,0.13m), (0.96m,0.08m), (0.95m,0.14m)
[INFO] [1742554919.994911678] [lms_mapper_node]: 3.障碍物的绝对坐标: (0.94m,0.19m), (0.95m,0.12m), (0.95m,0.13m), (0.96m,0.08m), (0.95m,0.14m)
[INFO] [1742554919.995219886] [lms_mapper_node]: 【地图边界】x=[-1.84, 0.98], y=[-0.00, 25.74]
[INFO] [1742554920.109347469] [lms_mapper_node]: 【最近障碍物】距离机器人: (0.95,0.07)=0.95m, (0.95,0.07)=0.95m, (0.95,0.17)=0.96m, (0.94,0.21)=0.96m, (0.95,0.12)=0.96m
[INFO] [1742554920.109664678] [lms_mapper_node]: 1.小车的当前绝对坐标: (0.00m,0.00m), 朝向=0.00rad
[INFO] [1742554920.109899636] [lms_mapper_node]: 2.障碍物相对于小车的坐标: (0.95m,0.07m), (0.95m,0.07m), (0.95m,0.17m), (0.94m,0.21m), (0.95m,0.12m)
[INFO] [1742554920.110106969] [lms_mapper_node]: 3.障碍物的绝对坐标: (0.95m,0.07m), (0.95m,0.07m), (0.95m,0.17m), (0.94m,0.21m), (0.95m,0.12m)
[INFO] [1742554920.110342303] [lms_mapper_node]: 【地图边界】x=[-1.84, 0.98], y=[-0.00, 25.74]
[INFO] [1742554920.301298886] [lms_mapper_node]: 【最近障碍物】距离机器人: (0.95,0.02)=0.95m, (0.95,0.17)=0.96m, (0.95,0.13)=0.96m, (0.95,0.14)=0.96m, (0.96,0.00)=0.96m
[INFO] [1742554920.308866886] [lms_mapper_node]: 1.小车的当前绝对坐标: (0.00m,0.00m), 朝向=0.00rad
[INFO] [1742554920.327092511] [lms_mapper_node]: 2.障碍物相对于小车的坐标: (0.95m,0.02m), (0.95m,0.17m), (0.95m,0.13m), (0.95m,0.14m), (0.96m,0.00m)
[INFO] [1742554920.327326136] [lms_mapper_node]: 3.障碍物的绝对坐标: (0.95m,0.02m), (0.95m,0.17m), (0.95m,0.13m), (0.95m,0.14m), (0.96m,0.00m)
[INFO] [1742554920.327621219] [lms_mapper_node]: 【地图边界】x=[-1.84, 0.98], y=[-0.00, 25.74]
[INFO] [1742554920.402860761] [lms_mapper_node]: 【最近障碍物】距离机器人: (0.95,0.09)=0.95m, (0.95,0.06)=0.95m, (0.95,0.08)=0.95m, (0.95,0.17)=0.96m, (0.95,0.12)=0.96m
[INFO] [1742554920.417347636] [lms_mapper_node]: 1.小车的当前绝对坐标: (0.00m,0.00m), 朝向=0.00rad
[INFO] [1742554920.417678719] [lms_mapper_node]: 2.障碍物相对于小车的坐标: (0.95m,0.09m), (0.95m,0.06m), (0.95m,0.08m), (0.95m,0.17m), (0.95m,0.12m)
[INFO] [1742554920.417907928] [lms_mapper_node]: 3.障碍物的绝对坐标: (0.95m,0.09m), (0.95m,0.06m), (0.95m,0.08m), (0.95m,0.17m), (0.95m,0.12m)
[INFO] [1742554920.418176511] [lms_mapper_node]: 【地图边界】x=[-1.84, 0.98], y=[-0.00, 25.74]
[INFO] [1742554920.725972636] [lms_mapper_node]: 【最近障碍物】距离机器人: (0.95,0.05)=0.95m, (0.95,0.06)=0.95m, (0.94,0.19)=0.96m, (0.95,0.12)=0.96m, (0.96,0.00)=0.96m
[INFO] [1742554920.754212636] [lms_mapper_node]: 1.小车的当前绝对坐标: (0.00m,0.00m), 朝向=0.00rad
[INFO] [1742554920.754685261] [lms_mapper_node]: 2.障碍物相对于小车的坐标: (0.95m,0.05m), (0.95m,0.06m), (0.94m,0.19m), (0.95m,0.12m), (0.96m,0.00m)
[INFO] [1742554920.754916928] [lms_mapper_node]: 3.障碍物的绝对坐标: (0.95m,0.05m), (0.95m,0.06m), (0.94m,0.19m), (0.95m,0.12m), (0.96m,0.00m)
[INFO] [1742554920.755210511] [lms_mapper_node]: 【地图边界】x=[-1.84, 0.98], y=[-0.00, 25.74]
[INFO] [1742554920.959976595] [lms_mapper_node]: 【最近障碍物】距离机器人: (0.94,0.21)=0.96m, (0.95,0.12)=0.96m, (0.95,0.13)=0.96m, (0.96,0.08)=0.96m, (0.96,0.05)=0.96m
[INFO] [1742554920.973893345] [lms_mapper_node]: 1.小车的当前绝对坐标: (0.00m,0.00m), 朝向=0.00rad
[INFO] [1742554920.986238303] [lms_mapper_node]: 2.障碍物相对于小车的坐标: (0.94m,0.21m), (0.95m,0.12m), (0.95m,0.13m), (0.96m,0.08m), (0.96m,0.05m)
[INFO] [1742554920.986497345] [lms_mapper_node]: 3.障碍物的绝对坐标: (0.94m,0.21m), (0.95m,0.12m), (0.95m,0.13m), (0.96m,0.08m), (0.96m,0.05m)
[INFO] [1742554920.987099386] [lms_mapper_node]: 【地图边界】x=[-1.84, 0.98], y=[-0.00, 25.74]
[INFO] [1742554921.209902470] [lms_mapper_node]: 【最近障碍物】距离机器人: (0.94,0.17)=0.96m, (0.95,0.12)=0.96m, (0.96,0.08)=0.96m, (0.96,0.05)=0.96m, (0.94,0.18)=0.96m
[INFO] [1742554921.210260428] [lms_mapper_node]: 1.小车的当前绝对坐标: (0.00m,0.00m), 朝向=0.00rad
[INFO] [1742554921.210583345] [lms_mapper_node]: 2.障碍物相对于小车的坐标: (0.94m,0.17m), (0.95m,0.12m), (0.96m,0.08m), (0.96m,0.05m), (0.94m,0.18m)
[INFO] [1742554921.210798303] [lms_mapper_node]: 3.障碍物的绝对坐标: (0.94m,0.17m), (0.95m,0.12m), (0.96m,0.08m), (0.96m,0.05m), (0.94m,0.18m)
[INFO] [1742554921.211070720] [lms_mapper_node]: 【地图边界】x=[-1.84, 0.98], y=[-0.00, 25.74]
[INFO] [1742554921.251930053] [lms_mapper_node]: 【最近障碍物】距离机器人: (0.94,0.12)=0.95m, (0.95,0.17)=0.96m, (0.95,0.13)=0.96m, (0.96,0.08)=0.96m, (0.95,0.14)=0.96m
[INFO] [1742554921.252237387] [lms_mapper_node]: 1.小车的当前绝对坐标: (0.00m,0.00m), 朝向=0.00rad
[INFO] [1742554921.285064303] [lms_mapper_node]: 2.障碍物相对于小车的坐标: (0.94m,0.12m), (0.95m,0.17m), (0.95m,0.13m), (0.96m,0.08m), (0.95m,0.14m)
[INFO] [1742554921.286367762] [lms_mapper_node]: 3.障碍物的绝对坐标: (0.94m,0.12m), (0.95m,0.17m), (0.95m,0.13m), (0.96m,0.08m), (0.95m,0.14m)
[INFO] [1742554921.313776887] [lms_mapper_node]: 【地图边界】x=[-1.84, 0.98], y=[-0.00, 25.74]
[INFO] [1742554921.419628262] [lms_mapper_node]: 【最近障碍物】距离机器人: (0.95,0.07)=0.95m, (0.95,0.07)=0.95m, (0.96,0.05)=0.96m, (0.96,0.00)=0.96m, (0.95,0.10)=0.96m
[INFO] [1742554921.420921762] [lms_mapper_node]: 1.小车的当前绝对坐标: (0.00m,0.00m), 朝向=0.00rad
[INFO] [1742554921.424924012] [lms_mapper_node]: 2.障碍物相对于小车的坐标: (0.95m,0.07m), (0.95m,0.07m), (0.96m,0.05m), (0.96m,0.00m), (0.95m,0.10m)
[INFO] [1742554921.429857595] [lms_mapper_node]: 3.障碍物的绝对坐标: (0.95m,0.07m), (0.95m,0.07m), (0.96m,0.05m), (0.96m,0.00m), (0.95m,0.10m)
[INFO] [1742554921.430167262] [lms_mapper_node]: 【地图边界】x=[-1.84, 0.98], y=[-0.00, 25.74]
[INFO] [1742554921.558589137] [lms_mapper_node]: 【最近障碍物】距离机器人: (0.94,0.17)=0.96m, (0.95,0.13)=0.96m, (0.96,0.08)=0.96m, (0.96,0.05)=0.96m, (0.94,0.18)=0.96m
[INFO] [1742554921.558931845] [lms_mapper_node]: 1.小车的当前绝对坐标: (0.00m,0.00m), 朝向=0.00rad
[INFO] [1742554921.559203803] [lms_mapper_node]: 2.障碍物相对于小车的坐标: (0.94m,0.17m), (0.95m,0.13m), (0.96m,0.08m), (0.96m,0.05m), (0.94m,0.18m)
[INFO] [1742554921.559415595] [lms_mapper_node]: 3.障碍物的绝对坐标: (0.94m,0.17m), (0.95m,0.13m), (0.96m,0.08m), (0.96m,0.05m), (0.94m,0.18m)
[INFO] [1742554921.577931887] [lms_mapper_node]: 【地图边界】x=[-1.84, 0.98], y=[-0.00, 25.74]
[INFO] [1742554921.639235887] [lms_mapper_node]: 【最近障碍物】距离机器人: (0.95,0.02)=0.95m, (0.95,0.04)=0.95m, (0.95,0.03)=0.95m, (0.95,0.12)=0.96m, (0.95,0.13)=0.96m
[INFO] [1742554921.657827762] [lms_mapper_node]: 1.小车的当前绝对坐标: (0.00m,0.00m), 朝向=0.00rad
[INFO] [1742554921.658170428] [lms_mapper_node]: 2.障碍物相对于小车的坐标: (0.95m,0.02m), (0.95m,0.04m), (0.95m,0.03m), (0.95m,0.12m), (0.95m,0.13m)
[INFO] [1742554921.658387220] [lms_mapper_node]: 3.障碍物的绝对坐标: (0.95m,0.02m), (0.95m,0.04m), (0.95m,0.03m), (0.95m,0.12m), (0.95m,0.13m)
[INFO] [1742554921.658667095] [lms_mapper_node]: 【地图边界】x=[-1.84, 0.98], y=[-0.00, 25.74]
[INFO] [1742554921.814639928] [lms_mapper_node]: 【最近障碍物】距离机器人: (0.95,0.07)=0.95m, (0.95,0.05)=0.95m, (0.95,0.09)=0.95m, (0.95,0.06)=0.95m, (0.95,0.08)=0.95m
[INFO] [1742554921.814926053] [lms_mapper_node]: 1.小车的当前绝对坐标: (0.00m,0.00m), 朝向=0.00rad
[INFO] [1742554921.815170387] [lms_mapper_node]: 2.障碍物相对于小车的坐标: (0.95m,0.07m), (0.95m,0.05m), (0.95m,0.09m), (0.95m,0.06m), (0.95m,0.08m)
[INFO] [1742554921.815379220] [lms_mapper_node]: 3.障碍物的绝对坐标: (0.95m,0.07m), (0.95m,0.05m), (0.95m,0.09m), (0.95m,0.06m), (0.95m,0.08m)
[INFO] [1742554921.816141678] [lms_mapper_node]: 【地图边界】x=[-1.84, 0.98], y=[-0.00, 25.74]
[INFO] [1742554921.936470470] [lms_mapper_node]: 【最近障碍物】距离机器人: (0.95,0.12)=0.96m, (0.95,0.13)=0.96m, (0.96,0.08)=0.96m, (0.95,0.14)=0.96m, (0.96,0.05)=0.96m
[INFO] [1742554921.955810262] [lms_mapper_node]: 1.小车的当前绝对坐标: (0.00m,0.00m), 朝向=0.00rad
[INFO] [1742554921.956091845] [lms_mapper_node]: 2.障碍物相对于小车的坐标: (0.95m,0.12m), (0.95m,0.13m), (0.96m,0.08m), (0.95m,0.14m), (0.96m,0.05m)
[INFO] [1742554921.956297720] [lms_mapper_node]: 3.障碍物的绝对坐标: (0.95m,0.12m), (0.95m,0.13m), (0.96m,0.08m), (0.95m,0.14m), (0.96m,0.05m)
[INFO] [1742554921.956633720] [lms_mapper_node]: 【地图边界】x=[-1.84, 0.98], y=[-0.00, 25.74]
[INFO] [1742554922.085772095] [lms_mapper_node]: 【最近障碍物】距离机器人: (0.94,0.11)=0.95m, (0.95,0.12)=0.96m, (0.96,0.08)=0.96m, (0.96,0.05)=0.96m, (0.96,0.00)=0.96m
[INFO] [1742554922.103466345] [lms_mapper_node]: 1.小车的当前绝对坐标: (0.00m,0.00m), 朝向=0.00rad
[INFO] [1742554922.104470804] [lms_mapper_node]: 2.障碍物相对于小车的坐标: (0.94m,0.11m), (0.95m,0.12m), (0.96m,0.08m), (0.96m,0.05m), (0.96m,0.00m)
[INFO] [1742554922.104720470] [lms_mapper_node]: 3.障碍物的绝对坐标: (0.94m,0.11m), (0.95m,0.12m), (0.96m,0.08m), (0.96m,0.05m), (0.96m,0.00m)
[INFO] [1742554922.105100179] [lms_mapper_node]: 【地图边界】x=[-1.84, 0.98], y=[-0.00, 25.74]
[INFO] [1742554922.199215345] [lms_mapper_node]: 【最近障碍物】距离机器人: (0.95,0.12)=0.96m, (0.95,0.13)=0.96m, (0.96,0.08)=0.96m, (0.95,0.14)=0.96m, (0.96,0.05)=0.96m
[INFO] [1742554922.200463262] [lms_mapper_node]: 1.小车的当前绝对坐标: (0.00m,0.00m), 朝向=0.00rad
[INFO] [1742554922.212273054] [lms_mapper_node]: 2.障碍物相对于小车的坐标: (0.95m,0.12m), (0.95m,0.13m), (0.96m,0.08m), (0.95m,0.14m), (0.96m,0.05m)
[INFO] [1742554922.221775304] [lms_mapper_node]: 3.障碍物的绝对坐标: (0.95m,0.12m), (0.95m,0.13m), (0.96m,0.08m), (0.95m,0.14m), (0.96m,0.05m)
[INFO] [1742554922.222095387] [lms_mapper_node]: 【地图边界】x=[-1.84, 0.98], y=[-0.00, 25.74]
[INFO] [1742554922.386035012] [lms_mapper_node]: 【最近障碍物】距离机器人: (0.95,0.05)=0.95m, (0.95,0.09)=0.95m, (0.95,0.17)=0.96m, (0.94,0.17)=0.96m, (0.95,0.12)=0.96m
[INFO] [1742554922.389981179] [lms_mapper_node]: 1.小车的当前绝对坐标: (0.00m,0.00m), 朝向=0.00rad
[INFO] [1742554922.409013595] [lms_mapper_node]: 2.障碍物相对于小车的坐标: (0.95m,0.05m), (0.95m,0.09m), (0.95m,0.17m), (0.94m,0.17m), (0.95m,0.12m)
[INFO] [1742554922.409336179] [lms_mapper_node]: 3.障碍物的绝对坐标: (0.95m,0.05m), (0.95m,0.09m), (0.95m,0.17m), (0.94m,0.17m), (0.95m,0.12m)
[INFO] [1742554922.410013470] [lms_mapper_node]: 【地图边界】x=[-1.84, 0.98], y=[-0.00, 25.74]
[INFO] [1742554922.506874345] [lms_mapper_node]: 【最近障碍物】距离机器人: (0.95,0.02)=0.95m, (0.94,0.10)=0.95m, (0.95,0.09)=0.95m, (0.95,0.02)=0.95m, (0.95,0.17)=0.96m
[INFO] [1742554922.507213554] [lms_mapper_node]: 1.小车的当前绝对坐标: (0.00m,0.00m), 朝向=0.00rad
[INFO] [1742554922.507518804] [lms_mapper_node]: 2.障碍物相对于小车的坐标: (0.95m,0.02m), (0.94m,0.10m), (0.95m,0.09m), (0.95m,0.02m), (0.95m,0.17m)
[INFO] [1742554922.507730387] [lms_mapper_node]: 3.障碍物的绝对坐标: (0.95m,0.02m), (0.94m,0.10m), (0.95m,0.09m), (0.95m,0.02m), (0.95m,0.17m)
[INFO] [1742554922.507989137] [lms_mapper_node]: 【地图边界】x=[-1.84, 0.98], y=[-0.00, 25.74]
[INFO] [1742554922.655911554] [lms_mapper_node]: 【最近障碍物】距离机器人: (0.95,0.17)=0.96m, (0.95,0.12)=0.96m, (0.96,0.08)=0.96m, (0.95,0.14)=0.96m, (0.96,0.05)=0.96m
[INFO] [1742554922.656172179] [lms_mapper_node]: 1.小车的当前绝对坐标: (0.00m,0.00m), 朝向=0.00rad
[INFO] [1742554922.656405137] [lms_mapper_node]: 2.障碍物相对于小车的坐标: (0.95m,0.17m), (0.95m,0.12m), (0.96m,0.08m), (0.95m,0.14m), (0.96m,0.05m)
[INFO] [1742554922.679581096] [lms_mapper_node]: 3.障碍物的绝对坐标: (0.95m,0.17m), (0.95m,0.12m), (0.96m,0.08m), (0.95m,0.14m), (0.96m,0.05m)
[INFO] [1742554922.679930471] [lms_mapper_node]: 【地图边界】x=[-1.84, 0.98], y=[-0.00, 25.74]
[INFO] [1742554922.788959096] [lms_mapper_node]: 【最近障碍物】距离机器人: (0.95,0.01)=0.95m, (0.94,0.10)=0.95m, (0.95,0.09)=0.95m, (0.94,0.11)=0.95m, (0.95,0.12)=0.96m
[INFO] [1742554922.789399887] [lms_mapper_node]: 1.小车的当前绝对坐标: (0.00m,0.00m), 朝向=0.00rad
[INFO] [1742554922.789721471] [lms_mapper_node]: 2.障碍物相对于小车的坐标: (0.95m,0.01m), (0.94m,0.10m), (0.95m,0.09m), (0.94m,0.11m), (0.95m,0.12m)
[INFO] [1742554922.790757221] [lms_mapper_node]: 3.障碍物的绝对坐标: (0.95m,0.01m), (0.94m,0.10m), (0.95m,0.09m), (0.94m,0.11m), (0.95m,0.12m)
[INFO] [1742554922.792743179] [lms_mapper_node]: 【地图边界】x=[-1.84, 0.98], y=[-0.00, 25.74]
[INFO] [1742554922.989324637] [lms_mapper_node]: 【最近障碍物】距离机器人: (0.95,0.07)=0.95m, (0.95,0.06)=0.95m, (0.95,0.12)=0.96m, (0.95,0.13)=0.96m, (0.95,0.14)=0.96m
[INFO] [1742554922.989619637] [lms_mapper_node]: 1.小车的当前绝对坐标: (0.00m,0.00m), 朝向=0.00rad
[INFO] [1742554922.989852346] [lms_mapper_node]: 2.障碍物相对于小车的坐标: (0.95m,0.07m), (0.95m,0.06m), (0.95m,0.12m), (0.95m,0.13m), (0.95m,0.14m)
[INFO] [1742554922.990057221] [lms_mapper_node]: 3.障碍物的绝对坐标: (0.95m,0.07m), (0.95m,0.06m), (0.95m,0.12m), (0.95m,0.13m), (0.95m,0.14m)
[INFO] [1742554922.990307346] [lms_mapper_node]: 【地图边界】x=[-1.84, 0.98], y=[-0.00, 25.74]
[INFO] [1742554923.056393471] [lms_mapper_node]: 【最近障碍物】距离机器人: (0.94,0.10)=0.95m, (0.94,0.11)=0.95m, (0.95,0.17)=0.96m, (0.94,0.19)=0.96m, (0.95,0.13)=0.96m
[INFO] [1742554923.066768387] [lms_mapper_node]: 1.小车的当前绝对坐标: (0.00m,0.00m), 朝向=0.00rad
[INFO] [1742554923.067222304] [lms_mapper_node]: 2.障碍物相对于小车的坐标: (0.94m,0.10m), (0.94m,0.11m), (0.95m,0.17m), (0.94m,0.19m), (0.95m,0.13m)
[INFO] [1742554923.077859804] [lms_mapper_node]: 3.障碍物的绝对坐标: (0.94m,0.10m), (0.94m,0.11m), (0.95m,0.17m), (0.94m,0.19m), (0.95m,0.13m)
[INFO] [1742554923.079817012] [lms_mapper_node]: 【地图边界】x=[-1.84, 0.98], y=[-0.00, 25.74]
[INFO] [1742554923.227389096] [lms_mapper_node]: 【最近障碍物】距离机器人: (0.95,0.01)=0.95m, (0.95,0.02)=0.95m, (0.95,0.12)=0.96m, (0.96,0.08)=0.96m, (0.95,0.14)=0.96m
[INFO] [1742554923.245976971] [lms_mapper_node]: 1.小车的当前绝对坐标: (0.00m,0.00m), 朝向=0.00rad
[INFO] [1742554923.246338596] [lms_mapper_node]: 2.障碍物相对于小车的坐标: (0.95m,0.01m), (0.95m,0.02m), (0.95m,0.12m), (0.96m,0.08m), (0.95m,0.14m)
[INFO] [1742554923.246577262] [lms_mapper_node]: 3.障碍物的绝对坐标: (0.95m,0.01m), (0.95m,0.02m), (0.95m,0.12m), (0.96m,0.08m), (0.95m,0.14m)
[INFO] [1742554923.246863637] [lms_mapper_node]: 【地图边界】x=[-1.84, 0.98], y=[-0.00, 25.74]
[INFO] [1742554923.325224971] [lms_mapper_node]: 【最近障碍物】距离机器人: (0.95,0.17)=0.96m, (0.94,0.17)=0.96m, (0.95,0.13)=0.96m, (0.96,0.08)=0.96m, (0.94,0.18)=0.96m
[INFO] [1742554923.344282221] [lms_mapper_node]: 1.小车的当前绝对坐标: (0.00m,0.00m), 朝向=0.00rad
[INFO] [1742554923.357407804] [lms_mapper_node]: 2.障碍物相对于小车的坐标: (0.95m,0.17m), (0.94m,0.17m), (0.95m,0.13m), (0.96m,0.08m), (0.94m,0.18m)
[INFO] [1742554923.357778013] [lms_mapper_node]: 3.障碍物的绝对坐标: (0.95m,0.17m), (0.94m,0.17m), (0.95m,0.13m), (0.96m,0.08m), (0.94m,0.18m)
[INFO] [1742554923.358082763] [lms_mapper_node]: 【地图边界】x=[-1.84, 0.98], y=[-0.00, 25.74]
[INFO] [1742554923.502373679] [lms_mapper_node]: 【最近障碍物】距离机器人: (0.96,0.08)=0.96m, (0.95,0.14)=0.96m, (0.96,0.05)=0.96m, (0.96,0.00)=0.96m, (0.96,0.02)=0.96m
[INFO] [1742554923.507901138] [lms_mapper_node]: 1.小车的当前绝对坐标: (0.00m,0.00m), 朝向=0.00rad
[INFO] [1742554923.525322971] [lms_mapper_node]: 2.障碍物相对于小车的坐标: (0.96m,0.08m), (0.95m,0.14m), (0.96m,0.05m), (0.96m,0.00m), (0.96m,0.02m)
[INFO] [1742554923.567100679] [lms_mapper_node]: 3.障碍物的绝对坐标: (0.96m,0.08m), (0.95m,0.14m), (0.96m,0.05m), (0.96m,0.00m), (0.96m,0.02m)
[INFO] [1742554923.567407804] [lms_mapper_node]: 【地图边界】x=[-1.84, 0.98], y=[-0.00, 25.74]
[INFO] [1742554923.630852346] [lms_mapper_node]: 【最近障碍物】距离机器人: (0.95,0.07)=0.95m, (0.95,0.07)=0.95m, (0.95,0.14)=0.96m, (0.96,0.05)=0.96m, (0.96,0.00)=0.96m
[INFO] [1742554923.661933096] [lms_mapper_node]: 1.小车的当前绝对坐标: (0.00m,0.00m), 朝向=0.00rad
[INFO] [1742554923.665216888] [lms_mapper_node]: 2.障碍物相对于小车的坐标: (0.95m,0.07m), (0.95m,0.07m), (0.95m,0.14m), (0.96m,0.05m), (0.96m,0.00m)
[INFO] [1742554923.696897388] [lms_mapper_node]: 3.障碍物的绝对坐标: (0.95m,0.07m), (0.95m,0.07m), (0.95m,0.14m), (0.96m,0.05m), (0.96m,0.00m)
[INFO] [1742554923.697303679] [lms_mapper_node]: 【地图边界】x=[-1.84, 0.98], y=[-0.00, 25.74]
[INFO] [1742554923.785567263] [lms_mapper_node]: 【最近障碍物】距离机器人: (0.95,0.12)=0.96m, (0.96,0.08)=0.96m, (0.96,0.00)=0.96m, (0.95,0.10)=0.96m, (0.95,0.13)=0.96m
[INFO] [1742554923.785959929] [lms_mapper_node]: 1.小车的当前绝对坐标: (0.00m,0.00m), 朝向=0.00rad
[INFO] [1742554923.809740888] [lms_mapper_node]: 2.障碍物相对于小车的坐标: (0.95m,0.12m), (0.96m,0.08m), (0.96m,0.00m), (0.95m,0.10m), (0.95m,0.13m)
[INFO] [1742554923.810078429] [lms_mapper_node]: 3.障碍物的绝对坐标: (0.95m,0.12m), (0.96m,0.08m), (0.96m,0.00m), (0.95m,0.10m), (0.95m,0.13m)
[INFO] [1742554923.810353888] [lms_mapper_node]: 【地图边界】x=[-1.84, 0.98], y=[-0.00, 25.74]
[INFO] [1742554923.906281388] [lms_mapper_node]: 【最近障碍物】距离机器人: (0.95,0.17)=0.96m, (0.94,0.17)=0.96m, (0.95,0.12)=0.96m, (0.95,0.13)=0.96m, (0.96,0.08)=0.96m
[INFO] [1742554923.935711013] [lms_mapper_node]: 1.小车的当前绝对坐标: (0.00m,0.00m), 朝向=0.00rad
[INFO] [1742554923.936039763] [lms_mapper_node]: 2.障碍物相对于小车的坐标: (0.95m,0.17m), (0.94m,0.17m), (0.95m,0.12m), (0.95m,0.13m), (0.96m,0.08m)
[INFO] [1742554923.936255013] [lms_mapper_node]: 3.障碍物的绝对坐标: (0.95m,0.17m), (0.94m,0.17m), (0.95m,0.12m), (0.95m,0.13m), (0.96m,0.08m)
[INFO] [1742554923.936853763] [lms_mapper_node]: 【地图边界】x=[-1.84, 0.98], y=[-0.00, 25.74]
[INFO] [1742554924.064866096] [lms_mapper_node]: 【最近障碍物】距离机器人: (0.95,0.04)=0.95m, (0.95,0.05)=0.95m, (0.95,0.12)=0.96m, (0.95,0.13)=0.96m, (0.95,0.14)=0.96m
[INFO] [1742554924.071769721] [lms_mapper_node]: 1.小车的当前绝对坐标: (0.00m,0.00m), 朝向=0.00rad
[INFO] [1742554924.072457888] [lms_mapper_node]: 2.障碍物相对于小车的坐标: (0.95m,0.04m), (0.95m,0.05m), (0.95m,0.12m), (0.95m,0.13m), (0.95m,0.14m)
[INFO] [1742554924.096748930] [lms_mapper_node]: 3.障碍物的绝对坐标: (0.95m,0.04m), (0.95m,0.05m), (0.95m,0.12m), (0.95m,0.13m), (0.95m,0.14m)
[INFO] [1742554924.108036555] [lms_mapper_node]: 【地图边界】x=[-1.84, 0.98], y=[-0.00, 25.74]
[INFO] [1742554924.186381555] [lms_mapper_node]: 【最近障碍物】距离机器人: (0.95,0.12)=0.96m, (0.96,0.08)=0.96m, (0.95,0.14)=0.96m, (0.96,0.05)=0.96m, (0.96,0.03)=0.96m
[INFO] [1742554924.186675221] [lms_mapper_node]: 1.小车的当前绝对坐标: (0.00m,0.00m), 朝向=0.00rad
[INFO] [1742554924.187041930] [lms_mapper_node]: 2.障碍物相对于小车的坐标: (0.95m,0.12m), (0.96m,0.08m), (0.95m,0.14m), (0.96m,0.05m), (0.96m,0.03m)
[INFO] [1742554924.187256346] [lms_mapper_node]: 3.障碍物的绝对坐标: (0.95m,0.12m), (0.96m,0.08m), (0.95m,0.14m), (0.96m,0.05m), (0.96m,0.03m)
[INFO] [1742554924.191543430] [lms_mapper_node]: 【地图边界】x=[-1.84, 0.98], y=[-0.00, 25.74]
[INFO] [1742554924.343405471] [lms_mapper_node]: 接收到激光数据: frame_id=laser, 点数=361
[INFO] [1742554924.344421846] [lms_mapper_node]: 【激光雷达坐标】x=0.0000, y=0.0000, theta=0.0000
[INFO] [1742554924.345092596] [lms_mapper_node]: 接收到激光数据: 361个点, 角度范围=[0.00, 3.14]
[INFO] [1742554924.345475180] [lms_mapper_node]: 有效激光点: 351/361
[INFO] [1742554924.360926930] [lms_mapper_node]: 机器人位姿: x=0.00, y=0.00, theta=0.00, cos_theta=1.00, sin_theta=0.00
[INFO] [1742554924.361883388] [lms_mapper_node]: 激光点世界坐标范围: x=[-1.75, 0.96], y=[-0.00, 25.69]
[INFO] [1742554924.362399721] [lms_mapper_node]: 【坐标转换样本】: 激光坐标(0.96,0.00)→世界坐标(0.96,0.00) | 激光坐标(0.94,0.89)→世界坐标(0.94,0.89) | 激光坐标(0.39,11.27)→世界坐标(0.39,11.27) | 激光坐标(-1.22,1.17)→世界坐标(-1.22,1.17) | 激光坐标(-1.16,-0.00)→世界坐标(-1.16,-0.00)
[INFO] [1742554924.386799096] [lms_mapper_node]: 【最近障碍物】距离机器人: (0.95,0.12)=0.96m, (0.96,0.08)=0.96m, (0.96,0.05)=0.96m, (0.96,0.00)=0.96m, (0.96,0.02)=0.96m
[INFO] [1742554924.392750930] [lms_mapper_node]: 1.小车的当前绝对坐标: (0.00m,0.00m), 朝向=0.00rad
[INFO] [1742554924.409965388] [lms_mapper_node]: 2.障碍物相对于小车的坐标: (0.95m,0.12m), (0.96m,0.08m), (0.96m,0.05m), (0.96m,0.00m), (0.96m,0.02m)
[INFO] [1742554924.410841888] [lms_mapper_node]: 3.障碍物的绝对坐标: (0.95m,0.12m), (0.96m,0.08m), (0.96m,0.05m), (0.96m,0.00m), (0.96m,0.02m)
[INFO] [1742554924.411225055] [lms_mapper_node]: 【地图边界】x=[-1.84, 0.98], y=[-0.00, 25.74]
[INFO] [1742554924.434321221] [lms_mapper_node]: 更新地图: 添加了351个点
[INFO] [1742554924.435424680] [lms_mapper_node]: 【实时位姿】x=0.000, y=0.000, theta=0.000rad, 用于计算障碍物与机器人相对位置
[INFO] [1742554924.435820846] [lms_mapper_node]: 【激光点距离】最近=0.96m, 最远=25.69m
[INFO] [1742554924.484026263] [lms_mapper_node]: 【坐标转换示例】世界坐标→相对坐标→栅格坐标:
[INFO] [1742554924.484515638] [lms_mapper_node]:   点0: 世界坐标(0.96,0.00) → 相对坐标(0.96,0.00) → 栅格坐标(260,250)
[INFO] [1742554924.484867555] [lms_mapper_node]:   点14: 世界坐标(0.95,0.12) → 相对坐标(0.95,0.12) → 栅格坐标(260,251)
[INFO] [1742554924.485179263] [lms_mapper_node]:   点11: 世界坐标(0.96,0.09) → 相对坐标(0.96,0.09) → 栅格坐标(260,251)
[INFO] [1742554924.508221263] [lms_mapper_node]: 已接收轨迹点: 100
[INFO] [1742554924.519082888] [lms_mapper_node]: 已接收轨迹点: 100
[INFO] [1742554924.533145971] [lms_mapper_node]: 【最近障碍物】距离机器人: (0.95,0.07)=0.95m, (0.95,0.04)=0.95m, (0.95,0.05)=0.95m, (0.95,0.08)=0.95m, (0.95,0.12)=0.96m
[INFO] [1742554924.545267180] [lms_mapper_node]: 1.小车的当前绝对坐标: (0.00m,0.00m), 朝向=0.00rad
[INFO] [1742554924.560142846] [lms_mapper_node]: 2.障碍物相对于小车的坐标: (0.95m,0.07m), (0.95m,0.04m), (0.95m,0.05m), (0.95m,0.08m), (0.95m,0.12m)
[INFO] [1742554924.560361680] [lms_mapper_node]: 3.障碍物的绝对坐标: (0.95m,0.07m), (0.95m,0.04m), (0.95m,0.05m), (0.95m,0.08m), (0.95m,0.12m)
[INFO] [1742554924.560659013] [lms_mapper_node]: 【地图边界】x=[-1.84, 0.98], y=[-0.00, 25.74]
[INFO] [1742554924.562097346] [lms_mapper_node]: 已接收轨迹点: 100
[INFO] [1742554924.562727305] [lms_mapper_node]: 接收到里程计消息: frame_id=odom, child_frame_id=base_link
[INFO] [1742554924.562956638] [lms_mapper_node]: 位置: x=0.00, y=0.00, z=0.00
[INFO] [1742554924.563164055] [lms_mapper_node]: 【轨迹坐标】x=0.0000, y=0.0000, z=0.0000
[INFO] [1742554924.563453763] [lms_mapper_node]: 添加轨迹点 #101: (0.00, 0.00)
[INFO] [1742554924.591627596] [lms_mapper_node]: 轨迹统计: 总点数=101, 开始=(0.00, 0.00), 最新=(0.00, 0.00)
[INFO] [1742554924.591955388] [lms_mapper_node]: 【姿态角度】roll=0.00°, pitch=0.00°, yaw=0.00°
[INFO] [1742554924.642857680] [lms_mapper_node]: 【最近障碍物】距离机器人: (0.94,0.17)=0.96m, (0.95,0.12)=0.96m, (0.96,0.08)=0.96m, (0.95,0.14)=0.96m, (0.96,0.05)=0.96m
[INFO] [1742554924.688667555] [lms_mapper_node]: 1.小车的当前绝对坐标: (0.00m,0.00m), 朝向=0.00rad
[INFO] [1742554924.689093097] [lms_mapper_node]: 2.障碍物相对于小车的坐标: (0.94m,0.17m), (0.95m,0.12m), (0.96m,0.08m), (0.95m,0.14m), (0.96m,0.05m)
[INFO] [1742554924.689315555] [lms_mapper_node]: 3.障碍物的绝对坐标: (0.94m,0.17m), (0.95m,0.12m), (0.96m,0.08m), (0.95m,0.14m), (0.96m,0.05m)
[INFO] [1742554924.689605805] [lms_mapper_node]: 【地图边界】x=[-1.84, 0.98], y=[-0.00, 25.74]
[INFO] [1742554924.797317597] [lms_mapper_node]: 【最近障碍物】距离机器人: (0.95,0.02)=0.95m, (0.95,0.04)=0.95m, (0.95,0.01)=0.95m, (0.95,0.05)=0.95m, (0.95,0.02)=0.95m
[INFO] [1742554924.797639305] [lms_mapper_node]: 1.小车的当前绝对坐标: (0.00m,0.00m), 朝向=0.00rad
[INFO] [1742554924.797913930] [lms_mapper_node]: 2.障碍物相对于小车的坐标: (0.95m,0.02m), (0.95m,0.04m), (0.95m,0.01m), (0.95m,0.05m), (0.95m,0.02m)
[INFO] [1742554924.798122888] [lms_mapper_node]: 3.障碍物的绝对坐标: (0.95m,0.02m), (0.95m,0.04m), (0.95m,0.01m), (0.95m,0.05m), (0.95m,0.02m)
[INFO] [1742554924.798379388] [lms_mapper_node]: 【地图边界】x=[-1.84, 0.98], y=[-0.00, 25.74]
[INFO] [1742554924.921079472] [lms_mapper_node]: 【最近障碍物】距离机器人: (0.95,0.04)=0.95m, (0.95,0.03)=0.95m, (0.95,0.13)=0.96m, (0.96,0.08)=0.96m, (0.95,0.14)=0.96m
[INFO] [1742554924.946254638] [lms_mapper_node]: 1.小车的当前绝对坐标: (0.00m,0.00m), 朝向=0.00rad
[INFO] [1742554924.952989013] [lms_mapper_node]: 2.障碍物相对于小车的坐标: (0.95m,0.04m), (0.95m,0.03m), (0.95m,0.13m), (0.96m,0.08m), (0.95m,0.14m)
[INFO] [1742554924.984645013] [lms_mapper_node]: 3.障碍物的绝对坐标: (0.95m,0.04m), (0.95m,0.03m), (0.95m,0.13m), (0.96m,0.08m), (0.95m,0.14m)
[INFO] [1742554925.016338972] [lms_mapper_node]: 【地图边界】x=[-1.84, 0.98], y=[-0.00, 25.74]
[INFO] [1742554925.101881638] [lms_mapper_node]: 【最近障碍物】距离机器人: (0.95,0.12)=0.96m, (0.95,0.13)=0.96m, (0.96,0.08)=0.96m, (0.95,0.14)=0.96m, (0.96,0.05)=0.96m
[INFO] [1742554925.102159430] [lms_mapper_node]: 1.小车的当前绝对坐标: (0.00m,0.00m), 朝向=0.00rad
[INFO] [1742554925.102397180] [lms_mapper_node]: 2.障碍物相对于小车的坐标: (0.95m,0.12m), (0.95m,0.13m), (0.96m,0.08m), (0.95m,0.14m), (0.96m,0.05m)
[INFO] [1742554925.102623930] [lms_mapper_node]: 3.障碍物的绝对坐标: (0.95m,0.12m), (0.95m,0.13m), (0.96m,0.08m), (0.95m,0.14m), (0.96m,0.05m)
[INFO] [1742554925.102877097] [lms_mapper_node]: 【地图边界】x=[-1.84, 0.98], y=[-0.00, 25.74]
[INFO] [1742554925.218362347] [lms_mapper_node]: 【最近障碍物】距离机器人: (0.95,0.09)=0.95m, (0.95,0.07)=0.95m, (0.95,0.06)=0.95m, (0.95,0.08)=0.95m, (0.95,0.17)=0.96m
[INFO] [1742554925.222893263] [lms_mapper_node]: 1.小车的当前绝对坐标: (0.00m,0.00m), 朝向=0.00rad
[INFO] [1742554925.227931138] [lms_mapper_node]: 2.障碍物相对于小车的坐标: (0.95m,0.09m), (0.95m,0.07m), (0.95m,0.06m), (0.95m,0.08m), (0.95m,0.17m)
[INFO] [1742554925.248437972] [lms_mapper_node]: 3.障碍物的绝对坐标: (0.95m,0.09m), (0.95m,0.07m), (0.95m,0.06m), (0.95m,0.08m), (0.95m,0.17m)
[INFO] [1742554925.253229555] [lms_mapper_node]: 【地图边界】x=[-1.84, 0.98], y=[-0.00, 25.74]
[INFO] [1742554925.319942013] [lms_mapper_node]: 【最近障碍物】距离机器人: (0.95,0.07)=0.95m, (0.95,0.02)=0.95m, (0.95,0.00)=0.95m, (0.95,0.08)=0.95m, (0.95,0.02)=0.95m
[INFO] [1742554925.324812305] [lms_mapper_node]: 1.小车的当前绝对坐标: (0.00m,0.00m), 朝向=0.00rad
[INFO] [1742554925.325066472] [lms_mapper_node]: 2.障碍物相对于小车的坐标: (0.95m,0.07m), (0.95m,0.02m), (0.95m,0.00m), (0.95m,0.08m), (0.95m,0.02m)
[INFO] [1742554925.325276388] [lms_mapper_node]: 3.障碍物的绝对坐标: (0.95m,0.07m), (0.95m,0.02m), (0.95m,0.00m), (0.95m,0.08m), (0.95m,0.02m)
[INFO] [1742554925.373602222] [lms_mapper_node]: 【地图边界】x=[-1.84, 0.98], y=[-0.00, 25.74]
[INFO] [1742554925.505149805] [lms_mapper_node]: 【最近障碍物】距离机器人: (0.95,0.12)=0.96m, (0.95,0.13)=0.96m, (0.96,0.08)=0.96m, (0.96,0.05)=0.96m, (0.96,0.02)=0.96m
[INFO] [1742554925.506272930] [lms_mapper_node]: 1.小车的当前绝对坐标: (0.00m,0.00m), 朝向=0.00rad
[INFO] [1742554925.512192389] [lms_mapper_node]: 2.障碍物相对于小车的坐标: (0.95m,0.12m), (0.95m,0.13m), (0.96m,0.08m), (0.96m,0.05m), (0.96m,0.02m)
[INFO] [1742554925.529248305] [lms_mapper_node]: 3.障碍物的绝对坐标: (0.95m,0.12m), (0.95m,0.13m), (0.96m,0.08m), (0.96m,0.05m), (0.96m,0.02m)
[INFO] [1742554925.529559347] [lms_mapper_node]: 【地图边界】x=[-1.84, 0.98], y=[-0.00, 25.74]
[INFO] [1742554925.600417097] [lms_mapper_node]: 【最近障碍物】距离机器人: (0.94,0.10)=0.95m, (0.95,0.12)=0.96m, (0.96,0.08)=0.96m, (0.95,0.14)=0.96m, (0.96,0.05)=0.96m
[INFO] [1742554925.612987305] [lms_mapper_node]: 1.小车的当前绝对坐标: (0.00m,0.00m), 朝向=0.00rad
[INFO] [1742554925.628872305] [lms_mapper_node]: 2.障碍物相对于小车的坐标: (0.94m,0.10m), (0.95m,0.12m), (0.96m,0.08m), (0.95m,0.14m), (0.96m,0.05m)
[INFO] [1742554925.629094639] [lms_mapper_node]: 3.障碍物的绝对坐标: (0.94m,0.10m), (0.95m,0.12m), (0.96m,0.08m), (0.95m,0.14m), (0.96m,0.05m)
[INFO] [1742554925.629363097] [lms_mapper_node]: 【地图边界】x=[-1.84, 0.98], y=[-0.00, 25.74]
[INFO] [1742554925.767851180] [lms_mapper_node]: 【最近障碍物】距离机器人: (0.95,0.12)=0.96m, (0.95,0.13)=0.96m, (0.96,0.08)=0.96m, (0.95,0.14)=0.96m, (0.96,0.05)=0.96m
[INFO] [1742554925.768111055] [lms_mapper_node]: 1.小车的当前绝对坐标: (0.00m,0.00m), 朝向=0.00rad
[INFO] [1742554925.768344597] [lms_mapper_node]: 2.障碍物相对于小车的坐标: (0.95m,0.12m), (0.95m,0.13m), (0.96m,0.08m), (0.95m,0.14m), (0.96m,0.05m)
[INFO] [1742554925.793790139] [lms_mapper_node]: 3.障碍物的绝对坐标: (0.95m,0.12m), (0.95m,0.13m), (0.96m,0.08m), (0.95m,0.14m), (0.96m,0.05m)
[INFO] [1742554925.794193722] [lms_mapper_node]: 【地图边界】x=[-1.84, 0.98], y=[-0.00, 25.74]
[INFO] [1742554925.874364514] [lms_mapper_node]: 【最近障碍物】距离机器人: (0.95,0.12)=0.96m, (0.95,0.13)=0.96m, (0.96,0.08)=0.96m, (0.96,0.05)=0.96m, (0.96,0.02)=0.96m
[INFO] [1742554925.885846597] [lms_mapper_node]: 1.小车的当前绝对坐标: (0.00m,0.00m), 朝向=0.00rad
[INFO] [1742554925.901592680] [lms_mapper_node]: 2.障碍物相对于小车的坐标: (0.95m,0.12m), (0.95m,0.13m), (0.96m,0.08m), (0.96m,0.05m), (0.96m,0.02m)
[INFO] [1742554925.901821222] [lms_mapper_node]: 3.障碍物的绝对坐标: (0.95m,0.12m), (0.95m,0.13m), (0.96m,0.08m), (0.96m,0.05m), (0.96m,0.02m)
[INFO] [1742554925.902093472] [lms_mapper_node]: 【地图边界】x=[-1.84, 0.98], y=[-0.00, 25.74]
[INFO] [1742554926.053503166] [lms_mapper_node]: 【最近障碍物】距离机器人: (0.95,0.00)=0.95m, (0.94,0.12)=0.95m, (0.95,0.17)=0.96m, (0.95,0.13)=0.96m, (0.96,0.08)=0.96m
[INFO] [1742554926.083221166] [lms_mapper_node]: 1.小车的当前绝对坐标: (0.00m,0.00m), 朝向=0.00rad
[INFO] [1742554926.083620750] [lms_mapper_node]: 2.障碍物相对于小车的坐标: (0.95m,0.00m), (0.94m,0.12m), (0.95m,0.17m), (0.95m,0.13m), (0.96m,0.08m)
[INFO] [1742554926.083838625] [lms_mapper_node]: 3.障碍物的绝对坐标: (0.95m,0.00m), (0.94m,0.12m), (0.95m,0.17m), (0.95m,0.13m), (0.96m,0.08m)
[INFO] [1742554926.084104708] [lms_mapper_node]: 【地图边界】x=[-1.84, 0.98], y=[-0.00, 25.74]
[INFO] [1742554926.170304333] [lms_mapper_node]: 【最近障碍物】距离机器人: (0.95,0.02)=0.95m, (0.94,0.12)=0.95m, (0.94,0.12)=0.95m, (0.96,0.08)=0.96m, (0.96,0.05)=0.96m
[INFO] [1742554926.195930791] [lms_mapper_node]: 1.小车的当前绝对坐标: (0.00m,0.00m), 朝向=0.00rad
[INFO] [1742554926.196221541] [lms_mapper_node]: 2.障碍物相对于小车的坐标: (0.95m,0.02m), (0.94m,0.12m), (0.94m,0.12m), (0.96m,0.08m), (0.96m,0.05m)
[INFO] [1742554926.196432458] [lms_mapper_node]: 3.障碍物的绝对坐标: (0.95m,0.02m), (0.94m,0.12m), (0.94m,0.12m), (0.96m,0.08m), (0.96m,0.05m)
[INFO] [1742554926.196713250] [lms_mapper_node]: 【地图边界】x=[-1.84, 0.98], y=[-0.00, 25.74]
[INFO] [1742554926.339354375] [lms_mapper_node]: 【最近障碍物】距离机器人: (0.95,0.07)=0.95m, (0.95,0.07)=0.95m, (0.95,0.17)=0.96m, (0.94,0.17)=0.96m, (0.95,0.12)=0.96m
[INFO] [1742554926.339637666] [lms_mapper_node]: 1.小车的当前绝对坐标: (0.00m,0.00m), 朝向=0.00rad
[INFO] [1742554926.339875208] [lms_mapper_node]: 2.障碍物相对于小车的坐标: (0.95m,0.07m), (0.95m,0.07m), (0.95m,0.17m), (0.94m,0.17m), (0.95m,0.12m)
[INFO] [1742554926.340084000] [lms_mapper_node]: 3.障碍物的绝对坐标: (0.95m,0.07m), (0.95m,0.07m), (0.95m,0.17m), (0.94m,0.17m), (0.95m,0.12m)
[INFO] [1742554926.340326791] [lms_mapper_node]: 【地图边界】x=[-1.84, 0.98], y=[-0.00, 25.74]
⏳ 正在播放rosbag - 已等待 15/1800 秒...
当前活跃话题:
[INFO] [1742554926.450243250] [lms_mapper_node]: 【最近障碍物】距离机器人: (0.95,0.05)=0.95m, (0.94,0.13)=0.95m, (0.94,0.12)=0.95m, (0.95,0.12)=0.96m, (0.96,0.08)=0.96m
[INFO] [1742554926.460123166] [lms_mapper_node]: 1.小车的当前绝对坐标: (0.00m,0.00m), 朝向=0.00rad
[INFO] [1742554926.460409833] [lms_mapper_node]: 2.障碍物相对于小车的坐标: (0.95m,0.05m), (0.94m,0.13m), (0.94m,0.12m), (0.95m,0.12m), (0.96m,0.08m)
[INFO] [1742554926.460650916] [lms_mapper_node]: 3.障碍物的绝对坐标: (0.95m,0.05m), (0.94m,0.13m), (0.94m,0.12m), (0.95m,0.12m), (0.96m,0.08m)
[INFO] [1742554926.460910541] [lms_mapper_node]: 【地图边界】x=[-1.84, 0.98], y=[-0.00, 25.74]
[INFO] [1742554926.623204208] [lms_mapper_node]: 【最近障碍物】距离机器人: (0.94,0.12)=0.95m, (0.95,0.13)=0.96m, (0.96,0.08)=0.96m, (0.95,0.14)=0.96m, (0.96,0.05)=0.96m
[INFO] [1742554926.628949083] [lms_mapper_node]: 1.小车的当前绝对坐标: (0.00m,0.00m), 朝向=0.00rad
[INFO] [1742554926.635019458] [lms_mapper_node]: 2.障碍物相对于小车的坐标: (0.94m,0.12m), (0.95m,0.13m), (0.96m,0.08m), (0.95m,0.14m), (0.96m,0.05m)
[INFO] [1742554926.638224375] [lms_mapper_node]: 3.障碍物的绝对坐标: (0.94m,0.12m), (0.95m,0.13m), (0.96m,0.08m), (0.95m,0.14m), (0.96m,0.05m)
[INFO] [1742554926.641309833] [lms_mapper_node]: 【地图边界】x=[-1.84, 0.98], y=[-0.00, 25.74]
[INFO] [1742554926.734164625] [lms_mapper_node]: 【最近障碍物】距离机器人: (0.94,0.19)=0.96m, (0.95,0.12)=0.96m, (0.96,0.08)=0.96m, (0.96,0.05)=0.96m, (0.94,0.18)=0.96m
[INFO] [1742554926.742945583] [lms_mapper_node]: 1.小车的当前绝对坐标: (0.00m,0.00m), 朝向=0.00rad
[INFO] [1742554926.743233583] [lms_mapper_node]: 2.障碍物相对于小车的坐标: (0.94m,0.19m), (0.95m,0.12m), (0.96m,0.08m), (0.96m,0.05m), (0.94m,0.18m)
[INFO] [1742554926.743466250] [lms_mapper_node]: 3.障碍物的绝对坐标: (0.94m,0.19m), (0.95m,0.12m), (0.96m,0.08m), (0.96m,0.05m), (0.94m,0.18m)
[INFO] [1742554926.743726667] [lms_mapper_node]: 【地图边界】x=[-1.84, 0.98], y=[-0.00, 25.74]
[INFO] [1742554926.880094792] [lms_mapper_node]: 【最近障碍物】距离机器人: (0.94,0.10)=0.95m, (0.95,0.12)=0.96m, (0.95,0.13)=0.96m, (0.96,0.08)=0.96m, (0.95,0.14)=0.96m
[INFO] [1742554926.880578667] [lms_mapper_node]: 1.小车的当前绝对坐标: (0.00m,0.00m), 朝向=0.00rad
[INFO] [1742554926.880869250] [lms_mapper_node]: 2.障碍物相对于小车的坐标: (0.94m,0.10m), (0.95m,0.12m), (0.95m,0.13m), (0.96m,0.08m), (0.95m,0.14m)
[INFO] [1742554926.881080167] [lms_mapper_node]: 3.障碍物的绝对坐标: (0.94m,0.10m), (0.95m,0.12m), (0.95m,0.13m), (0.96m,0.08m), (0.95m,0.14m)
[INFO] [1742554926.881345167] [lms_mapper_node]: 【地图边界】x=[-1.84, 0.98], y=[-0.00, 25.74]
[INFO] [1742554927.027563833] [lms_mapper_node]: 【最近障碍物】距离机器人: (0.95,0.04)=0.95m, (0.95,0.01)=0.95m, (0.95,0.05)=0.95m, (0.95,0.00)=0.95m, (0.94,0.14)=0.95m
[INFO] [1742554927.040100667] [lms_mapper_node]: 1.小车的当前绝对坐标: (0.00m,0.00m), 朝向=0.00rad
[INFO] [1742554927.057038583] [lms_mapper_node]: 2.障碍物相对于小车的坐标: (0.95m,0.04m), (0.95m,0.01m), (0.95m,0.05m), (0.95m,0.00m), (0.94m,0.14m)
[INFO] [1742554927.057304333] [lms_mapper_node]: 3.障碍物的绝对坐标: (0.95m,0.04m), (0.95m,0.01m), (0.95m,0.05m), (0.95m,0.00m), (0.94m,0.14m)
[INFO] [1742554927.057636833] [lms_mapper_node]: 【地图边界】x=[-1.84, 0.98], y=[-0.00, 25.74]
[INFO] [1742554927.163221667] [lms_mapper_node]: 【最近障碍物】距离机器人: (0.94,0.10)=0.95m, (0.95,0.09)=0.95m, (0.95,0.08)=0.95m, (0.95,0.12)=0.96m, (0.95,0.13)=0.96m
[INFO] [1742554927.167924417] [lms_mapper_node]: 1.小车的当前绝对坐标: (0.00m,0.00m), 朝向=0.00rad
[INFO] [1742554927.172109292] [lms_mapper_node]: 2.障碍物相对于小车的坐标: (0.94m,0.10m), (0.95m,0.09m), (0.95m,0.08m), (0.95m,0.12m), (0.95m,0.13m)
[INFO] [1742554927.186611333] [lms_mapper_node]: 3.障碍物的绝对坐标: (0.94m,0.10m), (0.95m,0.09m), (0.95m,0.08m), (0.95m,0.12m), (0.95m,0.13m)
[INFO] [1742554927.187034500] [lms_mapper_node]: 【地图边界】x=[-1.84, 0.98], y=[-0.00, 25.74]
[INFO] [1742554927.322953250] [lms_mapper_node]: 【最近障碍物】距离机器人: (0.94,0.10)=0.95m, (0.94,0.11)=0.95m, (0.95,0.12)=0.96m, (0.96,0.08)=0.96m, (0.96,0.05)=0.96m
[INFO] [1742554927.329838375] [lms_mapper_node]: 1.小车的当前绝对坐标: (0.00m,0.00m), 朝向=0.00rad
[INFO] [1742554927.334071375] [lms_mapper_node]: 2.障碍物相对于小车的坐标: (0.94m,0.10m), (0.94m,0.11m), (0.95m,0.12m), (0.96m,0.08m), (0.96m,0.05m)
[INFO] [1742554927.343174792] [lms_mapper_node]: 3.障碍物的绝对坐标: (0.94m,0.10m), (0.94m,0.11m), (0.95m,0.12m), (0.96m,0.08m), (0.96m,0.05m)
[INFO] [1742554927.344491250] [lms_mapper_node]: 【地图边界】x=[-1.84, 0.98], y=[-0.00, 25.74]
[INFO] [1742554927.415781834] [lms_mapper_node]: 【最近障碍物】距离机器人: (0.95,0.07)=0.95m, (0.95,0.01)=0.95m, (0.95,0.07)=0.95m, (0.95,0.02)=0.95m, (0.95,0.12)=0.96m
[INFO] [1742554927.433079959] [lms_mapper_node]: 1.小车的当前绝对坐标: (0.00m,0.00m), 朝向=0.00rad
[INFO] [1742554927.433415167] [lms_mapper_node]: 2.障碍物相对于小车的坐标: (0.95m,0.07m), (0.95m,0.01m), (0.95m,0.07m), (0.95m,0.02m), (0.95m,0.12m)
[INFO] [1742554927.433839500] [lms_mapper_node]: 3.障碍物的绝对坐标: (0.95m,0.07m), (0.95m,0.01m), (0.95m,0.07m), (0.95m,0.02m), (0.95m,0.12m)
[INFO] [1742554927.434171292] [lms_mapper_node]: 【地图边界】x=[-1.84, 0.98], y=[-0.00, 25.74]
[INFO] [1742554927.602348334] [lms_mapper_node]: 【最近障碍物】距离机器人: (0.95,0.17)=0.96m, (0.94,0.17)=0.96m, (0.95,0.12)=0.96m, (0.95,0.13)=0.96m, (0.96,0.08)=0.96m
[INFO] [1742554927.606215625] [lms_mapper_node]: 1.小车的当前绝对坐标: (0.00m,0.00m), 朝向=0.00rad
[INFO] [1742554927.606495709] [lms_mapper_node]: 2.障碍物相对于小车的坐标: (0.95m,0.17m), (0.94m,0.17m), (0.95m,0.12m), (0.95m,0.13m), (0.96m,0.08m)
[INFO] [1742554927.606704709] [lms_mapper_node]: 3.障碍物的绝对坐标: (0.95m,0.17m), (0.94m,0.17m), (0.95m,0.12m), (0.95m,0.13m), (0.96m,0.08m)
[INFO] [1742554927.606959084] [lms_mapper_node]: 【地图边界】x=[-1.84, 0.98], y=[-0.00, 25.74]
[INFO] [1742554927.708100375] [lms_mapper_node]: 【最近障碍物】距离机器人: (0.95,0.04)=0.95m, (0.95,0.05)=0.95m, (0.94,0.10)=0.95m, (0.95,0.00)=0.95m, (0.95,0.09)=0.95m
[INFO] [1742554927.708379334] [lms_mapper_node]: 1.小车的当前绝对坐标: (0.00m,0.00m), 朝向=0.00rad
[INFO] [1742554927.708643084] [lms_mapper_node]: 2.障碍物相对于小车的坐标: (0.95m,0.04m), (0.95m,0.05m), (0.94m,0.10m), (0.95m,0.00m), (0.95m,0.09m)
[INFO] [1742554927.708852584] [lms_mapper_node]: 3.障碍物的绝对坐标: (0.95m,0.04m), (0.95m,0.05m), (0.94m,0.10m), (0.95m,0.00m), (0.95m,0.09m)
[INFO] [1742554927.709104667] [lms_mapper_node]: 【地图边界】x=[-1.84, 0.98], y=[-0.00, 25.74]
[INFO] [1742554927.870707417] [lms_mapper_node]: 【最近障碍物】距离机器人: (0.94,0.19)=0.96m, (0.95,0.12)=0.96m, (0.95,0.13)=0.96m, (0.96,0.08)=0.96m, (0.95,0.14)=0.96m
[INFO] [1742554927.874678959] [lms_mapper_node]: 1.小车的当前绝对坐标: (0.00m,0.00m), 朝向=0.00rad
[INFO] [1742554927.879916334] [lms_mapper_node]: 2.障碍物相对于小车的坐标: (0.94m,0.19m), (0.95m,0.12m), (0.95m,0.13m), (0.96m,0.08m), (0.95m,0.14m)
[INFO] [1742554927.880145125] [lms_mapper_node]: 3.障碍物的绝对坐标: (0.94m,0.19m), (0.95m,0.12m), (0.95m,0.13m), (0.96m,0.08m), (0.95m,0.14m)
[INFO] [1742554927.880407917] [lms_mapper_node]: 【地图边界】x=[-1.84, 0.98], y=[-0.00, 25.74]
[INFO] [1742554927.980258959] [lms_mapper_node]: 【最近障碍物】距离机器人: (0.94,0.19)=0.96m, (0.95,0.12)=0.96m, (0.95,0.13)=0.96m, (0.96,0.08)=0.96m, (0.95,0.14)=0.96m
[INFO] [1742554927.994878584] [lms_mapper_node]: 1.小车的当前绝对坐标: (0.00m,0.00m), 朝向=0.00rad
[INFO] [1742554927.995277042] [lms_mapper_node]: 2.障碍物相对于小车的坐标: (0.94m,0.19m), (0.95m,0.12m), (0.95m,0.13m), (0.96m,0.08m), (0.95m,0.14m)
[INFO] [1742554927.995545625] [lms_mapper_node]: 3.障碍物的绝对坐标: (0.94m,0.19m), (0.95m,0.12m), (0.95m,0.13m), (0.96m,0.08m), (0.95m,0.14m)
[INFO] [1742554927.995819459] [lms_mapper_node]: 【地图边界】x=[-1.84, 0.98], y=[-0.00, 25.74]
[INFO] [1742554928.153336001] [lms_mapper_node]: 【最近障碍物】距离机器人: (0.95,0.02)=0.95m, (0.95,0.08)=0.95m, (0.95,0.02)=0.95m, (0.95,0.12)=0.96m, (0.95,0.13)=0.96m
[INFO] [1742554928.164151959] [lms_mapper_node]: 1.小车的当前绝对坐标: (0.00m,0.00m), 朝向=0.00rad
[INFO] [1742554928.164525792] [lms_mapper_node]: 2.障碍物相对于小车的坐标: (0.95m,0.02m), (0.95m,0.08m), (0.95m,0.02m), (0.95m,0.12m), (0.95m,0.13m)
[INFO] [1742554928.164741209] [lms_mapper_node]: 3.障碍物的绝对坐标: (0.95m,0.02m), (0.95m,0.08m), (0.95m,0.02m), (0.95m,0.12m), (0.95m,0.13m)
[INFO] [1742554928.165010792] [lms_mapper_node]: 【地图边界】x=[-1.84, 0.98], y=[-0.00, 25.74]
[INFO] [1742554928.264079834] [lms_mapper_node]: 【最近障碍物】距离机器人: (0.95,0.04)=0.95m, (0.95,0.05)=0.95m, (0.95,0.00)=0.95m, (0.95,0.17)=0.96m, (0.95,0.12)=0.96m
[INFO] [1742554928.264846667] [lms_mapper_node]: 1.小车的当前绝对坐标: (0.00m,0.00m), 朝向=0.00rad
[INFO] [1742554928.268726167] [lms_mapper_node]: 2.障碍物相对于小车的坐标: (0.95m,0.04m), (0.95m,0.05m), (0.95m,0.00m), (0.95m,0.17m), (0.95m,0.12m)
[INFO] [1742554928.273758084] [lms_mapper_node]: 3.障碍物的绝对坐标: (0.95m,0.04m), (0.95m,0.05m), (0.95m,0.00m), (0.95m,0.17m), (0.95m,0.12m)
[INFO] [1742554928.274010917] [lms_mapper_node]: 【地图边界】x=[-1.84, 0.98], y=[-0.00, 25.74]
[INFO] [1742554928.434904792] [lms_mapper_node]: 【最近障碍物】距离机器人: (0.95,0.07)=0.95m, (0.94,0.10)=0.95m, (0.95,0.09)=0.95m, (0.94,0.11)=0.95m, (0.95,0.08)=0.95m
[INFO] [1742554928.435183542] [lms_mapper_node]: 1.小车的当前绝对坐标: (0.00m,0.00m), 朝向=0.00rad
[INFO] [1742554928.435423626] [lms_mapper_node]: 2.障碍物相对于小车的坐标: (0.95m,0.07m), (0.94m,0.10m), (0.95m,0.09m), (0.94m,0.11m), (0.95m,0.08m)
[INFO] [1742554928.440833126] [lms_mapper_node]: 3.障碍物的绝对坐标: (0.95m,0.07m), (0.94m,0.10m), (0.95m,0.09m), (0.94m,0.11m), (0.95m,0.08m)
[INFO] [1742554928.441340626] [lms_mapper_node]: 【地图边界】x=[-1.84, 0.98], y=[-0.00, 25.74]
[INFO] [1742554928.539902251] [lms_mapper_node]: 【最近障碍物】距离机器人: (0.95,0.07)=0.95m, (0.95,0.02)=0.95m, (0.95,0.08)=0.95m, (0.95,0.02)=0.95m, (0.95,0.12)=0.96m
[INFO] [1742554928.552592209] [lms_mapper_node]: 1.小车的当前绝对坐标: (0.00m,0.00m), 朝向=0.00rad
[INFO] [1742554928.552885292] [lms_mapper_node]: 2.障碍物相对于小车的坐标: (0.95m,0.07m), (0.95m,0.02m), (0.95m,0.08m), (0.95m,0.02m), (0.95m,0.12m)
[INFO] [1742554928.553098376] [lms_mapper_node]: 3.障碍物的绝对坐标: (0.95m,0.07m), (0.95m,0.02m), (0.95m,0.08m), (0.95m,0.02m), (0.95m,0.12m)
[INFO] [1742554928.553361167] [lms_mapper_node]: 【地图边界】x=[-1.84, 0.98], y=[-0.00, 25.74]
[INFO] [1742554928.764867334] [lms_mapper_node]: 【最近障碍物】距离机器人: (0.94,0.10)=0.95m, (0.94,0.11)=0.95m, (0.95,0.12)=0.96m, (0.96,0.08)=0.96m, (0.96,0.05)=0.96m
[INFO] [1742554928.765192667] [lms_mapper_node]: 1.小车的当前绝对坐标: (0.00m,0.00m), 朝向=0.00rad
[INFO] [1742554928.765494584] [lms_mapper_node]: 2.障碍物相对于小车的坐标: (0.94m,0.10m), (0.94m,0.11m), (0.95m,0.12m), (0.96m,0.08m), (0.96m,0.05m)
[INFO] [1742554928.765708001] [lms_mapper_node]: 3.障碍物的绝对坐标: (0.94m,0.10m), (0.94m,0.11m), (0.95m,0.12m), (0.96m,0.08m), (0.96m,0.05m)
[INFO] [1742554928.765985084] [lms_mapper_node]: 【地图边界】x=[-1.84, 0.98], y=[-0.00, 25.74]
[INFO] [1742554928.830112584] [lms_mapper_node]: 【最近障碍物】距离机器人: (0.95,0.13)=0.96m, (0.96,0.08)=0.96m, (0.96,0.05)=0.96m, (0.96,0.00)=0.96m, (0.96,0.02)=0.96m
[INFO] [1742554928.830367668] [lms_mapper_node]: 1.小车的当前绝对坐标: (0.00m,0.00m), 朝向=0.00rad
[INFO] [1742554928.830619126] [lms_mapper_node]: 2.障碍物相对于小车的坐标: (0.95m,0.13m), (0.96m,0.08m), (0.96m,0.05m), (0.96m,0.00m), (0.96m,0.02m)
[INFO] [1742554928.830865376] [lms_mapper_node]: 3.障碍物的绝对坐标: (0.95m,0.13m), (0.96m,0.08m), (0.96m,0.05m), (0.96m,0.00m), (0.96m,0.02m)
[INFO] [1742554928.831098418] [lms_mapper_node]: 【地图边界】x=[-1.84, 0.98], y=[-0.00, 25.74]
[INFO] [1742554928.991287668] [lms_mapper_node]: 【最近障碍物】距离机器人: (0.94,0.10)=0.95m, (0.94,0.17)=0.96m, (0.95,0.12)=0.96m, (0.95,0.13)=0.96m, (0.96,0.08)=0.96m
[INFO] [1742554928.991572209] [lms_mapper_node]: 1.小车的当前绝对坐标: (0.00m,0.00m), 朝向=0.00rad
[INFO] [1742554928.991804334] [lms_mapper_node]: 2.障碍物相对于小车的坐标: (0.94m,0.10m), (0.94m,0.17m), (0.95m,0.12m), (0.95m,0.13m), (0.96m,0.08m)
[INFO] [1742554928.992007918] [lms_mapper_node]: 3.障碍物的绝对坐标: (0.94m,0.10m), (0.94m,0.17m), (0.95m,0.12m), (0.95m,0.13m), (0.96m,0.08m)
[INFO] [1742554928.992243126] [lms_mapper_node]: 【地图边界】x=[-1.84, 0.98], y=[-0.00, 25.74]
[INFO] [1742554929.106936668] [lms_mapper_node]: 【最近障碍物】距离机器人: (0.94,0.10)=0.95m, (0.95,0.09)=0.95m, (0.95,0.07)=0.95m, (0.94,0.11)=0.95m, (0.95,0.17)=0.96m
[INFO] [1742554929.125001751] [lms_mapper_node]: 1.小车的当前绝对坐标: (0.00m,0.00m), 朝向=0.00rad
[INFO] [1742554929.125313251] [lms_mapper_node]: 2.障碍物相对于小车的坐标: (0.94m,0.10m), (0.95m,0.09m), (0.95m,0.07m), (0.94m,0.11m), (0.95m,0.17m)
[INFO] [1742554929.125551334] [lms_mapper_node]: 3.障碍物的绝对坐标: (0.94m,0.10m), (0.95m,0.09m), (0.95m,0.07m), (0.94m,0.11m), (0.95m,0.17m)
[INFO] [1742554929.125815626] [lms_mapper_node]: 【地图边界】x=[-1.84, 0.98], y=[-0.00, 25.74]
[INFO] [1742554929.303055251] [lms_mapper_node]: 【最近障碍物】距离机器人: (0.95,0.07)=0.95m, (0.95,0.08)=0.95m, (0.95,0.13)=0.96m, (0.95,0.14)=0.96m, (0.96,0.05)=0.96m
[INFO] [1742554929.310557126] [lms_mapper_node]: 1.小车的当前绝对坐标: (0.00m,0.00m), 朝向=0.00rad
[INFO] [1742554929.323606584] [lms_mapper_node]: 2.障碍物相对于小车的坐标: (0.95m,0.07m), (0.95m,0.08m), (0.95m,0.13m), (0.95m,0.14m), (0.96m,0.05m)
[INFO] [1742554929.324025501] [lms_mapper_node]: 3.障碍物的绝对坐标: (0.95m,0.07m), (0.95m,0.08m), (0.95m,0.13m), (0.95m,0.14m), (0.96m,0.05m)
[INFO] [1742554929.324316918] [lms_mapper_node]: 【地图边界】x=[-1.84, 0.98], y=[-0.00, 25.74]
[INFO] [1742554929.389663334] [lms_mapper_node]: 【最近障碍物】距离机器人: (0.95,0.01)=0.95m, (0.95,0.17)=0.96m, (0.94,0.19)=0.96m, (0.94,0.17)=0.96m, (0.95,0.12)=0.96m
[INFO] [1742554929.401970293] [lms_mapper_node]: 1.小车的当前绝对坐标: (0.00m,0.00m), 朝向=0.00rad
[INFO] [1742554929.402285918] [lms_mapper_node]: 2.障碍物相对于小车的坐标: (0.95m,0.01m), (0.95m,0.17m), (0.94m,0.19m), (0.94m,0.17m), (0.95m,0.12m)
[INFO] [1742554929.402542543] [lms_mapper_node]: 3.障碍物的绝对坐标: (0.95m,0.01m), (0.95m,0.17m), (0.94m,0.19m), (0.94m,0.17m), (0.95m,0.12m)
[INFO] [1742554929.402810584] [lms_mapper_node]: 【地图边界】x=[-1.84, 0.98], y=[-0.00, 25.74]
[INFO] [1742554929.583417126] [lms_mapper_node]: 【最近障碍物】距离机器人: (0.94,0.17)=0.96m, (0.95,0.12)=0.96m, (0.95,0.13)=0.96m, (0.96,0.08)=0.96m, (0.95,0.14)=0.96m
[INFO] [1742554929.590375210] [lms_mapper_node]: 1.小车的当前绝对坐标: (0.00m,0.00m), 朝向=0.00rad
[INFO] [1742554929.603970376] [lms_mapper_node]: 2.障碍物相对于小车的坐标: (0.94m,0.17m), (0.95m,0.12m), (0.95m,0.13m), (0.96m,0.08m), (0.95m,0.14m)
[INFO] [1742554929.604237126] [lms_mapper_node]: 3.障碍物的绝对坐标: (0.94m,0.17m), (0.95m,0.12m), (0.95m,0.13m), (0.96m,0.08m), (0.95m,0.14m)
[INFO] [1742554929.604553376] [lms_mapper_node]: 【地图边界】x=[-1.84, 0.98], y=[-0.00, 25.74]
[INFO] [1742554929.697813168] [lms_mapper_node]: 【最近障碍物】距离机器人: (0.95,0.12)=0.96m, (0.95,0.13)=0.96m, (0.96,0.08)=0.96m, (0.95,0.14)=0.96m, (0.96,0.05)=0.96m
[INFO] [1742554929.701783710] [lms_mapper_node]: 1.小车的当前绝对坐标: (0.00m,0.00m), 朝向=0.00rad
[INFO] [1742554929.702038543] [lms_mapper_node]: 2.障碍物相对于小车的坐标: (0.95m,0.12m), (0.95m,0.13m), (0.96m,0.08m), (0.95m,0.14m), (0.96m,0.05m)
[INFO] [1742554929.702282168] [lms_mapper_node]: 3.障碍物的绝对坐标: (0.95m,0.12m), (0.95m,0.13m), (0.96m,0.08m), (0.95m,0.14m), (0.96m,0.05m)
[INFO] [1742554929.716628585] [lms_mapper_node]: 【地图边界】x=[-1.84, 0.98], y=[-0.00, 25.74]
[INFO] [1742554929.880434626] [lms_mapper_node]: 【最近障碍物】距离机器人: (0.95,0.09)=0.95m, (0.95,0.12)=0.96m, (0.96,0.08)=0.96m, (0.95,0.14)=0.96m, (0.96,0.05)=0.96m
[INFO] [1742554929.881321293] [lms_mapper_node]: 1.小车的当前绝对坐标: (0.00m,0.00m), 朝向=0.00rad
[INFO] [1742554929.881608210] [lms_mapper_node]: 2.障碍物相对于小车的坐标: (0.95m,0.09m), (0.95m,0.12m), (0.96m,0.08m), (0.95m,0.14m), (0.96m,0.05m)
[INFO] [1742554929.881851085] [lms_mapper_node]: 3.障碍物的绝对坐标: (0.95m,0.09m), (0.95m,0.12m), (0.96m,0.08m), (0.95m,0.14m), (0.96m,0.05m)
[INFO] [1742554929.882121418] [lms_mapper_node]: 【地图边界】x=[-1.84, 0.98], y=[-0.00, 25.74]
[INFO] [1742554929.969075210] [lms_mapper_node]: 【最近障碍物】距离机器人: (0.95,0.03)=0.95m, (0.95,0.12)=0.96m, (0.95,0.13)=0.96m, (0.96,0.08)=0.96m, (0.95,0.14)=0.96m
[INFO] [1742554929.969344418] [lms_mapper_node]: 1.小车的当前绝对坐标: (0.00m,0.00m), 朝向=0.00rad
[INFO] [1742554929.969602293] [lms_mapper_node]: 2.障碍物相对于小车的坐标: (0.95m,0.03m), (0.95m,0.12m), (0.95m,0.13m), (0.96m,0.08m), (0.95m,0.14m)
[INFO] [1742554929.969809126] [lms_mapper_node]: 3.障碍物的绝对坐标: (0.95m,0.03m), (0.95m,0.12m), (0.95m,0.13m), (0.96m,0.08m), (0.95m,0.14m)
[INFO] [1742554929.970058001] [lms_mapper_node]: 【地图边界】x=[-1.84, 0.98], y=[-0.00, 25.74]
[INFO] [1742554930.141219001] [lms_mapper_node]: 【最近障碍物】距离机器人: (0.95,0.07)=0.95m, (0.95,0.08)=0.95m, (0.95,0.12)=0.96m, (0.95,0.13)=0.96m, (0.95,0.14)=0.96m
[INFO] [1742554930.163111585] [lms_mapper_node]: 1.小车的当前绝对坐标: (0.00m,0.00m), 朝向=0.00rad
[INFO] [1742554930.164116626] [lms_mapper_node]: 2.障碍物相对于小车的坐标: (0.95m,0.07m), (0.95m,0.08m), (0.95m,0.12m), (0.95m,0.13m), (0.95m,0.14m)
[INFO] [1742554930.165743668] [lms_mapper_node]: 3.障碍物的绝对坐标: (0.95m,0.07m), (0.95m,0.08m), (0.95m,0.12m), (0.95m,0.13m), (0.95m,0.14m)
[INFO] [1742554930.166089001] [lms_mapper_node]: 【地图边界】x=[-1.84, 0.98], y=[-0.00, 25.74]
[INFO] [1742554930.237094668] [lms_mapper_node]: 【最近障碍物】距离机器人: (0.95,0.12)=0.96m, (0.95,0.13)=0.96m, (0.95,0.14)=0.96m, (0.96,0.05)=0.96m, (0.96,0.00)=0.96m
[INFO] [1742554930.241962418] [lms_mapper_node]: 1.小车的当前绝对坐标: (0.00m,0.00m), 朝向=0.00rad
[INFO] [1742554930.252955168] [lms_mapper_node]: 2.障碍物相对于小车的坐标: (0.95m,0.12m), (0.95m,0.13m), (0.95m,0.14m), (0.96m,0.05m), (0.96m,0.00m)
[INFO] [1742554930.253189418] [lms_mapper_node]: 3.障碍物的绝对坐标: (0.95m,0.12m), (0.95m,0.13m), (0.95m,0.14m), (0.96m,0.05m), (0.96m,0.00m)
[INFO] [1742554930.253481377] [lms_mapper_node]: 【地图边界】x=[-1.84, 0.98], y=[-0.00, 25.74]
[INFO] [1742554930.426116502] [lms_mapper_node]: 【最近障碍物】距离机器人: (0.95,0.07)=0.95m, (0.94,0.14)=0.95m, (0.95,0.06)=0.95m, (0.94,0.15)=0.95m, (0.95,0.12)=0.96m
[INFO] [1742554930.426378418] [lms_mapper_node]: 1.小车的当前绝对坐标: (0.00m,0.00m), 朝向=0.00rad
[INFO] [1742554930.426631752] [lms_mapper_node]: 2.障碍物相对于小车的坐标: (0.95m,0.07m), (0.94m,0.14m), (0.95m,0.06m), (0.94m,0.15m), (0.95m,0.12m)
[INFO] [1742554930.426837127] [lms_mapper_node]: 3.障碍物的绝对坐标: (0.95m,0.07m), (0.94m,0.14m), (0.95m,0.06m), (0.94m,0.15m), (0.95m,0.12m)
[INFO] [1742554930.427069918] [lms_mapper_node]: 【地图边界】x=[-1.84, 0.98], y=[-0.00, 25.74]
[INFO] [1742554931.037123460] [lms_mapper_node]: 【最近障碍物】距离机器人: (0.95,0.12)=0.96m, (0.95,0.13)=0.96m, (0.96,0.08)=0.96m, (0.96,0.05)=0.96m, (0.96,0.00)=0.96m
[INFO] [1742554931.041893835] [lms_mapper_node]: 1.小车的当前绝对坐标: (0.00m,0.00m), 朝向=0.00rad
[INFO] [1742554931.052021419] [lms_mapper_node]: 2.障碍物相对于小车的坐标: (0.95m,0.12m), (0.95m,0.13m), (0.96m,0.08m), (0.96m,0.05m), (0.96m,0.00m)
[INFO] [1742554931.054222794] [lms_mapper_node]: 3.障碍物的绝对坐标: (0.95m,0.12m), (0.95m,0.13m), (0.96m,0.08m), (0.96m,0.05m), (0.96m,0.00m)
[INFO] [1742554931.073089460] [lms_mapper_node]: 【地图边界】x=[-1.84, 0.98], y=[-0.00, 25.74]
[INFO] [1742554931.115251460] [lms_mapper_node]: 【最近障碍物】距离机器人: (0.95,0.05)=0.95m, (0.94,0.10)=0.95m, (0.95,0.09)=0.95m, (0.94,0.11)=0.95m, (0.95,0.06)=0.95m
[INFO] [1742554931.124782210] [lms_mapper_node]: 1.小车的当前绝对坐标: (0.00m,0.00m), 朝向=0.00rad
[INFO] [1742554931.126065335] [lms_mapper_node]: 2.障碍物相对于小车的坐标: (0.95m,0.05m), (0.94m,0.10m), (0.95m,0.09m), (0.94m,0.11m), (0.95m,0.06m)
[INFO] [1742554931.136582377] [lms_mapper_node]: 3.障碍物的绝对坐标: (0.95m,0.05m), (0.94m,0.10m), (0.95m,0.09m), (0.94m,0.11m), (0.95m,0.06m)
[INFO] [1742554931.139300585] [lms_mapper_node]: 【地图边界】x=[-1.84, 0.98], y=[-0.00, 25.74]
/clock
/events/read_split
/map
/odom
/parameter_events
/rosout
/scan
/tf
[INFO] [1742554931.281568169] [lms_mapper_node]: 【最近障碍物】距离机器人: (0.95,0.12)=0.96m, (0.96,0.08)=0.96m, (0.95,0.14)=0.96m, (0.96,0.02)=0.96m, (0.95,0.10)=0.96m
[INFO] [1742554931.281841502] [lms_mapper_node]: 1.小车的当前绝对坐标: (0.00m,0.00m), 朝向=0.00rad
[INFO] [1742554931.282078752] [lms_mapper_node]: 2.障碍物相对于小车的坐标: (0.95m,0.12m), (0.96m,0.08m), (0.95m,0.14m), (0.96m,0.02m), (0.95m,0.10m)
[INFO] [1742554931.282286377] [lms_mapper_node]: 3.障碍物的绝对坐标: (0.95m,0.12m), (0.96m,0.08m), (0.95m,0.14m), (0.96m,0.02m), (0.95m,0.10m)
[INFO] [1742554931.282554919] [lms_mapper_node]: 【地图边界】x=[-1.84, 0.98], y=[-0.00, 25.74]
[INFO] [1742554931.364996585] [lms_mapper_node]: 接收到激光数据: frame_id=laser, 点数=361
[INFO] [1742554931.365273044] [lms_mapper_node]: 【激光雷达坐标】x=0.0000, y=0.0000, theta=0.0000
[INFO] [1742554931.365555169] [lms_mapper_node]: 接收到激光数据: 361个点, 角度范围=[0.00, 3.14]
[INFO] [1742554931.365854044] [lms_mapper_node]: 有效激光点: 351/361
[INFO] [1742554931.366098419] [lms_mapper_node]: 机器人位姿: x=0.00, y=0.00, theta=0.00, cos_theta=1.00, sin_theta=0.00
[INFO] [1742554931.366342669] [lms_mapper_node]: 激光点世界坐标范围: x=[-1.75, 0.97], y=[-0.00, 25.72]
[INFO] [1742554931.366669460] [lms_mapper_node]: 【坐标转换样本】: 激光坐标(0.96,0.00)→世界坐标(0.96,0.00) | 激光坐标(0.94,0.89)→世界坐标(0.94,0.89) | 激光坐标(0.39,11.29)→世界坐标(0.39,11.29) | 激光坐标(-1.21,1.17)→世界坐标(-1.21,1.17) | 激光坐标(-1.16,-0.00)→世界坐标(-1.16,-0.00)
[INFO] [1742554931.396357335] [lms_mapper_node]: 【最近障碍物】距离机器人: (0.94,0.10)=0.95m, (0.95,0.09)=0.95m, (0.94,0.17)=0.96m, (0.95,0.12)=0.96m, (0.96,0.05)=0.96m
[INFO] [1742554931.396653252] [lms_mapper_node]: 1.小车的当前绝对坐标: (0.00m,0.00m), 朝向=0.00rad
[INFO] [1742554931.397230460] [lms_mapper_node]: 2.障碍物相对于小车的坐标: (0.94m,0.10m), (0.95m,0.09m), (0.94m,0.17m), (0.95m,0.12m), (0.96m,0.05m)
[INFO] [1742554931.397817585] [lms_mapper_node]: 3.障碍物的绝对坐标: (0.94m,0.10m), (0.95m,0.09m), (0.94m,0.17m), (0.95m,0.12m), (0.96m,0.05m)
[INFO] [1742554931.398255294] [lms_mapper_node]: 【地图边界】x=[-1.84, 0.98], y=[-0.00, 25.74]
[INFO] [1742554931.426520919] [lms_mapper_node]: 更新地图: 添加了351个点
[INFO] [1742554931.426802085] [lms_mapper_node]: 【实时位姿】x=0.000, y=0.000, theta=0.000rad, 用于计算障碍物与机器人相对位置
[INFO] [1742554931.428504044] [lms_mapper_node]: 【激光点距离】最近=0.95m, 最远=25.72m
[INFO] [1742554931.460831127] [lms_mapper_node]: 【坐标转换示例】世界坐标→相对坐标→栅格坐标:
[INFO] [1742554931.463311835] [lms_mapper_node]:   点12: 世界坐标(0.94,0.10) → 相对坐标(0.94,0.10) → 栅格坐标(259,251)
[INFO] [1742554931.464361877] [lms_mapper_node]:   点11: 世界坐标(0.95,0.09) → 相对坐标(0.95,0.09) → 栅格坐标(259,251)
[INFO] [1742554931.488101877] [lms_mapper_node]:   点0: 世界坐标(0.96,0.00) → 相对坐标(0.96,0.00) → 栅格坐标(260,250)
[INFO] [1742554931.541899752] [lms_mapper_node]: 【最近障碍物】距离机器人: (0.95,0.07)=0.95m, (0.95,0.07)=0.95m, (0.95,0.06)=0.95m, (0.95,0.12)=0.96m, (0.95,0.13)=0.96m
[INFO] [1742554931.542162502] [lms_mapper_node]: 1.小车的当前绝对坐标: (0.00m,0.00m), 朝向=0.00rad
[INFO] [1742554931.542397085] [lms_mapper_node]: 2.障碍物相对于小车的坐标: (0.95m,0.07m), (0.95m,0.07m), (0.95m,0.06m), (0.95m,0.12m), (0.95m,0.13m)
[INFO] [1742554931.560209419] [lms_mapper_node]: 3.障碍物的绝对坐标: (0.95m,0.07m), (0.95m,0.07m), (0.95m,0.06m), (0.95m,0.12m), (0.95m,0.13m)
[INFO] [1742554931.560605335] [lms_mapper_node]: 【地图边界】x=[-1.84, 0.98], y=[-0.00, 25.74]
[INFO] [1742554931.670570127] [lms_mapper_node]: 【最近障碍物】距离机器人: (0.95,0.02)=0.95m, (0.95,0.04)=0.95m, (0.95,0.05)=0.95m, (0.94,0.10)=0.95m, (0.94,0.11)=0.95m
[INFO] [1742554931.670834252] [lms_mapper_node]: 1.小车的当前绝对坐标: (0.00m,0.00m), 朝向=0.00rad
[INFO] [1742554931.671067919] [lms_mapper_node]: 2.障碍物相对于小车的坐标: (0.95m,0.02m), (0.95m,0.04m), (0.95m,0.05m), (0.94m,0.10m), (0.94m,0.11m)
[INFO] [1742554931.671271336] [lms_mapper_node]: 3.障碍物的绝对坐标: (0.95m,0.02m), (0.95m,0.04m), (0.95m,0.05m), (0.94m,0.10m), (0.94m,0.11m)
[INFO] [1742554931.699865961] [lms_mapper_node]: 【地图边界】x=[-1.84, 0.98], y=[-0.00, 25.74]
[INFO] [1742554931.832335377] [lms_mapper_node]: 【最近障碍物】距离机器人: (0.95,0.17)=0.96m, (0.95,0.12)=0.96m, (0.95,0.13)=0.96m, (0.95,0.14)=0.96m, (0.96,0.05)=0.96m
[INFO] [1742554931.835699669] [lms_mapper_node]: 1.小车的当前绝对坐标: (0.00m,0.00m), 朝向=0.00rad
[INFO] [1742554931.836102669] [lms_mapper_node]: 2.障碍物相对于小车的坐标: (0.95m,0.17m), (0.95m,0.12m), (0.95m,0.13m), (0.95m,0.14m), (0.96m,0.05m)
[INFO] [1742554931.844185127] [lms_mapper_node]: 3.障碍物的绝对坐标: (0.95m,0.17m), (0.95m,0.12m), (0.95m,0.13m), (0.95m,0.14m), (0.96m,0.05m)
[INFO] [1742554931.844500877] [lms_mapper_node]: 【地图边界】x=[-1.84, 0.98], y=[-0.00, 25.74]
[INFO] [1742554931.937614461] [lms_mapper_node]: 【最近障碍物】距离机器人: (0.95,0.17)=0.96m, (0.95,0.12)=0.96m, (0.95,0.14)=0.96m, (0.96,0.05)=0.96m, (0.96,0.00)=0.96m
[INFO] [1742554931.940706377] [lms_mapper_node]: 1.小车的当前绝对坐标: (0.00m,0.00m), 朝向=0.00rad
[INFO] [1742554931.950962794] [lms_mapper_node]: 2.障碍物相对于小车的坐标: (0.95m,0.17m), (0.95m,0.12m), (0.95m,0.14m), (0.96m,0.05m), (0.96m,0.00m)
[INFO] [1742554931.975040544] [lms_mapper_node]: 3.障碍物的绝对坐标: (0.95m,0.17m), (0.95m,0.12m), (0.95m,0.14m), (0.96m,0.05m), (0.96m,0.00m)
[INFO] [1742554931.977149586] [lms_mapper_node]: 【地图边界】x=[-1.84, 0.98], y=[-0.00, 25.74]
[INFO] [1742554932.109223711] [lms_mapper_node]: 【最近障碍物】距离机器人: (0.96,0.08)=0.96m, (0.96,0.05)=0.96m, (0.96,0.00)=0.96m, (0.96,0.02)=0.96m, (0.95,0.10)=0.96m
[INFO] [1742554932.109510544] [lms_mapper_node]: 1.小车的当前绝对坐标: (0.00m,0.00m), 朝向=0.00rad
[INFO] [1742554932.109744711] [lms_mapper_node]: 2.障碍物相对于小车的坐标: (0.96m,0.08m), (0.96m,0.05m), (0.96m,0.00m), (0.96m,0.02m), (0.95m,0.10m)
[INFO] [1742554932.109949544] [lms_mapper_node]: 3.障碍物的绝对坐标: (0.96m,0.08m), (0.96m,0.05m), (0.96m,0.00m), (0.96m,0.02m), (0.95m,0.10m)
[INFO] [1742554932.110181961] [lms_mapper_node]: 【地图边界】x=[-1.84, 0.98], y=[-0.00, 25.74]
[INFO] [1742554932.216651336] [lms_mapper_node]: 【最近障碍物】距离机器人: (0.95,0.17)=0.96m, (0.95,0.12)=0.96m, (0.95,0.13)=0.96m, (0.96,0.08)=0.96m, (0.95,0.14)=0.96m
[INFO] [1742554932.227194586] [lms_mapper_node]: 1.小车的当前绝对坐标: (0.00m,0.00m), 朝向=0.00rad
[INFO] [1742554932.244608544] [lms_mapper_node]: 2.障碍物相对于小车的坐标: (0.95m,0.17m), (0.95m,0.12m), (0.95m,0.13m), (0.96m,0.08m), (0.95m,0.14m)
[INFO] [1742554932.245877502] [lms_mapper_node]: 3.障碍物的绝对坐标: (0.95m,0.17m), (0.95m,0.12m), (0.95m,0.13m), (0.96m,0.08m), (0.95m,0.14m)
[INFO] [1742554932.265179169] [lms_mapper_node]: 【地图边界】x=[-1.84, 0.98], y=[-0.00, 25.74]
[INFO] [1742554932.340192169] [lms_mapper_node]: 【最近障碍物】距离机器人: (0.95,0.07)=0.95m, (0.95,0.04)=0.95m, (0.95,0.05)=0.95m, (0.95,0.07)=0.95m, (0.95,0.06)=0.95m
[INFO] [1742554932.343711378] [lms_mapper_node]: 1.小车的当前绝对坐标: (0.00m,0.00m), 朝向=0.00rad
[INFO] [1742554932.343948836] [lms_mapper_node]: 2.障碍物相对于小车的坐标: (0.95m,0.07m), (0.95m,0.04m), (0.95m,0.05m), (0.95m,0.07m), (0.95m,0.06m)
[INFO] [1742554932.344155711] [lms_mapper_node]: 3.障碍物的绝对坐标: (0.95m,0.07m), (0.95m,0.04m), (0.95m,0.05m), (0.95m,0.07m), (0.95m,0.06m)
[INFO] [1742554932.344397753] [lms_mapper_node]: 【地图边界】x=[-1.84, 0.98], y=[-0.00, 25.74]
[INFO] [1742554932.539868378] [lms_mapper_node]: 【最近障碍物】距离机器人: (0.94,0.13)=0.95m, (0.94,0.14)=0.95m, (0.94,0.19)=0.96m, (0.95,0.12)=0.96m, (0.96,0.08)=0.96m
[INFO] [1742554932.540209294] [lms_mapper_node]: 1.小车的当前绝对坐标: (0.00m,0.00m), 朝向=0.00rad
[INFO] [1742554932.540586711] [lms_mapper_node]: 2.障碍物相对于小车的坐标: (0.94m,0.13m), (0.94m,0.14m), (0.94m,0.19m), (0.95m,0.12m), (0.96m,0.08m)
[INFO] [1742554932.540859503] [lms_mapper_node]: 3.障碍物的绝对坐标: (0.94m,0.13m), (0.94m,0.14m), (0.94m,0.19m), (0.95m,0.12m), (0.96m,0.08m)
[INFO] [1742554932.541245086] [lms_mapper_node]: 【地图边界】x=[-1.84, 0.98], y=[-0.00, 25.74]
[INFO] [1742554932.641788544] [lms_mapper_node]: 【最近障碍物】距离机器人: (0.95,0.12)=0.96m, (0.95,0.13)=0.96m, (0.96,0.08)=0.96m, (0.95,0.14)=0.96m, (0.96,0.05)=0.96m
[INFO] [1742554932.642244794] [lms_mapper_node]: 1.小车的当前绝对坐标: (0.00m,0.00m), 朝向=0.00rad
[INFO] [1742554932.645816086] [lms_mapper_node]: 2.障碍物相对于小车的坐标: (0.95m,0.12m), (0.95m,0.13m), (0.96m,0.08m), (0.95m,0.14m), (0.96m,0.05m)
[INFO] [1742554932.649912503] [lms_mapper_node]: 3.障碍物的绝对坐标: (0.95m,0.12m), (0.95m,0.13m), (0.96m,0.08m), (0.95m,0.14m), (0.96m,0.05m)
[INFO] [1742554932.650321294] [lms_mapper_node]: 【地图边界】x=[-1.84, 0.98], y=[-0.00, 25.74]
