======== 阶段02-数据转换 日志开始 Sat Mar 22 16:19:34 CST 2025 ========
正在设置ROS2环境...
设置工作空间环境...
检查原始数据文件...
提示: 没有找到lms_to_rosbag可执行文件，将直接使用Python脚本
正在转换原始数据为rosbag格式...
执行: python3 /IntelligentMobileRobots2025/work3/src/lms_data/lms_data/lms_to_rosbag.py ../data/URG_X_20130903_195003.lms ../data/ld.nav lms_data.bag
删除旧的rosbag目录...
⏱️ 执行命令 (最长300秒): python3 /IntelligentMobileRobots2025/work3/src/lms_data/lms_data/lms_to_rosbag.py ../data/URG_X_20130903_195003.lms ../data/ld.nav lms_data.bag
开始处理: LMS文件: ../data/URG_X_20130903_195003.lms, NAV文件: ../data/ld.nav, BAG输出: lms_data.bag
读取LMS激光数据...
警告：在时间戳 72054545 处读取的激光数据长度不一致
成功读取 10428 帧激光雷达数据
时间戳范围: 71403847 - 72054470
平均时间间隔: 62.40ms
读取NAV轨迹数据...
成功读取 2355 个轨迹点
激光数据原始时间戳范围: 71403847 - 72054470
轨迹数据时间戳范围: 71407205 - 71554079
使用轨迹数据作为标准时间范围: 71407205 - 71554079
创建时间戳映射...
映射激光数据时间戳到轨迹时间范围...
处理进度: 1/10428 (0.0%)
  样本映射: 71403847 -> 71407205
处理进度: 101/10428 (1.0%)
处理进度: 201/10428 (1.9%)
处理进度: 301/10428 (2.9%)
处理进度: 401/10428 (3.8%)
处理进度: 501/10428 (4.8%)
处理进度: 601/10428 (5.8%)
处理进度: 701/10428 (6.7%)
处理进度: 801/10428 (7.7%)
处理进度: 901/10428 (8.6%)
处理进度: 1001/10428 (9.6%)
处理进度: 1101/10428 (10.6%)
处理进度: 1201/10428 (11.5%)
处理进度: 1301/10428 (12.5%)
处理进度: 1401/10428 (13.4%)
处理进度: 1501/10428 (14.4%)
处理进度: 1601/10428 (15.4%)
处理进度: 1701/10428 (16.3%)
处理进度: 1801/10428 (17.3%)
处理进度: 1901/10428 (18.2%)
处理进度: 2001/10428 (19.2%)
处理进度: 2101/10428 (20.1%)
处理进度: 2201/10428 (21.1%)
处理进度: 2301/10428 (22.1%)
处理进度: 2401/10428 (23.0%)
处理进度: 2501/10428 (24.0%)
处理进度: 2601/10428 (24.9%)
处理进度: 2701/10428 (25.9%)
处理进度: 2801/10428 (26.9%)
处理进度: 2901/10428 (27.8%)
处理进度: 3001/10428 (28.8%)
处理进度: 3101/10428 (29.7%)
处理进度: 3201/10428 (30.7%)
处理进度: 3301/10428 (31.7%)
处理进度: 3401/10428 (32.6%)
处理进度: 3501/10428 (33.6%)
处理进度: 3601/10428 (34.5%)
处理进度: 3701/10428 (35.5%)
处理进度: 3801/10428 (36.4%)
处理进度: 3901/10428 (37.4%)
处理进度: 4001/10428 (38.4%)
处理进度: 4101/10428 (39.3%)
处理进度: 4201/10428 (40.3%)
处理进度: 4301/10428 (41.2%)
处理进度: 4401/10428 (42.2%)
处理进度: 4501/10428 (43.2%)
处理进度: 4601/10428 (44.1%)
处理进度: 4701/10428 (45.1%)
处理进度: 4801/10428 (46.0%)
处理进度: 4901/10428 (47.0%)
处理进度: 5001/10428 (48.0%)
处理进度: 5101/10428 (48.9%)
处理进度: 5201/10428 (49.9%)
处理进度: 5301/10428 (50.8%)
处理进度: 5401/10428 (51.8%)
处理进度: 5501/10428 (52.8%)
处理进度: 5601/10428 (53.7%)
处理进度: 5701/10428 (54.7%)
处理进度: 5801/10428 (55.6%)
处理进度: 5901/10428 (56.6%)
处理进度: 6001/10428 (57.5%)
处理进度: 6101/10428 (58.5%)
处理进度: 6201/10428 (59.5%)
处理进度: 6301/10428 (60.4%)
处理进度: 6401/10428 (61.4%)
处理进度: 6501/10428 (62.3%)
处理进度: 6601/10428 (63.3%)
处理进度: 6701/10428 (64.3%)
处理进度: 6801/10428 (65.2%)
处理进度: 6901/10428 (66.2%)
处理进度: 7001/10428 (67.1%)
处理进度: 7101/10428 (68.1%)
处理进度: 7201/10428 (69.1%)
处理进度: 7301/10428 (70.0%)
处理进度: 7401/10428 (71.0%)
处理进度: 7501/10428 (71.9%)
处理进度: 7601/10428 (72.9%)
处理进度: 7701/10428 (73.8%)
处理进度: 7801/10428 (74.8%)
处理进度: 7901/10428 (75.8%)
处理进度: 8001/10428 (76.7%)
处理进度: 8101/10428 (77.7%)
处理进度: 8201/10428 (78.6%)
处理进度: 8301/10428 (79.6%)
处理进度: 8401/10428 (80.6%)
处理进度: 8501/10428 (81.5%)
处理进度: 8601/10428 (82.5%)
处理进度: 8701/10428 (83.4%)
处理进度: 8801/10428 (84.4%)
处理进度: 8901/10428 (85.4%)
处理进度: 9001/10428 (86.3%)
处理进度: 9101/10428 (87.3%)
处理进度: 9201/10428 (88.2%)
处理进度: 9301/10428 (89.2%)
处理进度: 9401/10428 (90.2%)
处理进度: 9501/10428 (91.1%)
处理进度: 9601/10428 (92.1%)
处理进度: 9701/10428 (93.0%)
处理进度: 9801/10428 (94.0%)
处理进度: 9901/10428 (94.9%)
处理进度: 10001/10428 (95.9%)
处理进度: 10101/10428 (96.9%)
处理进度: 10201/10428 (97.8%)
处理进度: 10301/10428 (98.8%)
处理进度: 10401/10428 (99.7%)
处理进度: 10428/10428 (100.0%)
  样本映射: 72054470 -> 71554079
已完成激光数据时间戳映射
映射后激光数据时间戳范围: 71407205 - 71554079
在轨迹时间范围内的激光帧数: 10428/10428 (100.0%)
过滤有效的激光扫描数据...
过滤进度: 1/10428 (0.0%), 当前有效帧: 1
过滤进度: 101/10428 (1.0%), 当前有效帧: 101
过滤进度: 201/10428 (1.9%), 当前有效帧: 201
过滤进度: 301/10428 (2.9%), 当前有效帧: 301
过滤进度: 401/10428 (3.8%), 当前有效帧: 401
过滤进度: 501/10428 (4.8%), 当前有效帧: 501
过滤进度: 601/10428 (5.8%), 当前有效帧: 601
过滤进度: 701/10428 (6.7%), 当前有效帧: 701
过滤进度: 801/10428 (7.7%), 当前有效帧: 801
过滤进度: 901/10428 (8.6%), 当前有效帧: 901
过滤进度: 1001/10428 (9.6%), 当前有效帧: 1001
过滤进度: 1101/10428 (10.6%), 当前有效帧: 1101
过滤进度: 1201/10428 (11.5%), 当前有效帧: 1201
过滤进度: 1301/10428 (12.5%), 当前有效帧: 1301
过滤进度: 1401/10428 (13.4%), 当前有效帧: 1401
过滤进度: 1501/10428 (14.4%), 当前有效帧: 1501
过滤进度: 1601/10428 (15.4%), 当前有效帧: 1601
过滤进度: 1701/10428 (16.3%), 当前有效帧: 1701
过滤进度: 1801/10428 (17.3%), 当前有效帧: 1801
过滤进度: 1901/10428 (18.2%), 当前有效帧: 1901
过滤进度: 2001/10428 (19.2%), 当前有效帧: 2001
过滤进度: 2101/10428 (20.1%), 当前有效帧: 2101
过滤进度: 2201/10428 (21.1%), 当前有效帧: 2201
过滤进度: 2301/10428 (22.1%), 当前有效帧: 2301
过滤进度: 2401/10428 (23.0%), 当前有效帧: 2401
过滤进度: 2501/10428 (24.0%), 当前有效帧: 2501
过滤进度: 2601/10428 (24.9%), 当前有效帧: 2601
过滤进度: 2701/10428 (25.9%), 当前有效帧: 2701
过滤进度: 2801/10428 (26.9%), 当前有效帧: 2801
过滤进度: 2901/10428 (27.8%), 当前有效帧: 2901
过滤进度: 3001/10428 (28.8%), 当前有效帧: 3001
过滤进度: 3101/10428 (29.7%), 当前有效帧: 3101
过滤进度: 3201/10428 (30.7%), 当前有效帧: 3201
过滤进度: 3301/10428 (31.7%), 当前有效帧: 3301
过滤进度: 3401/10428 (32.6%), 当前有效帧: 3401
过滤进度: 3501/10428 (33.6%), 当前有效帧: 3501
过滤进度: 3601/10428 (34.5%), 当前有效帧: 3601
过滤进度: 3701/10428 (35.5%), 当前有效帧: 3701
过滤进度: 3801/10428 (36.4%), 当前有效帧: 3801
过滤进度: 3901/10428 (37.4%), 当前有效帧: 3901
过滤进度: 4001/10428 (38.4%), 当前有效帧: 4001
过滤进度: 4101/10428 (39.3%), 当前有效帧: 4101
过滤进度: 4201/10428 (40.3%), 当前有效帧: 4201
过滤进度: 4301/10428 (41.2%), 当前有效帧: 4301
过滤进度: 4401/10428 (42.2%), 当前有效帧: 4401
过滤进度: 4501/10428 (43.2%), 当前有效帧: 4501
过滤进度: 4601/10428 (44.1%), 当前有效帧: 4601
过滤进度: 4701/10428 (45.1%), 当前有效帧: 4701
过滤进度: 4801/10428 (46.0%), 当前有效帧: 4801
过滤进度: 4901/10428 (47.0%), 当前有效帧: 4901
过滤进度: 5001/10428 (48.0%), 当前有效帧: 5001
过滤进度: 5101/10428 (48.9%), 当前有效帧: 5101
过滤进度: 5201/10428 (49.9%), 当前有效帧: 5201
过滤进度: 5301/10428 (50.8%), 当前有效帧: 5301
过滤进度: 5401/10428 (51.8%), 当前有效帧: 5401
过滤进度: 5501/10428 (52.8%), 当前有效帧: 5501
过滤进度: 5601/10428 (53.7%), 当前有效帧: 5601
过滤进度: 5701/10428 (54.7%), 当前有效帧: 5701
过滤进度: 5801/10428 (55.6%), 当前有效帧: 5801
过滤进度: 5901/10428 (56.6%), 当前有效帧: 5901
过滤进度: 6001/10428 (57.5%), 当前有效帧: 6001
过滤进度: 6101/10428 (58.5%), 当前有效帧: 6101
过滤进度: 6201/10428 (59.5%), 当前有效帧: 6201
过滤进度: 6301/10428 (60.4%), 当前有效帧: 6301
过滤进度: 6401/10428 (61.4%), 当前有效帧: 6401
过滤进度: 6501/10428 (62.3%), 当前有效帧: 6501
过滤进度: 6601/10428 (63.3%), 当前有效帧: 6601
过滤进度: 6701/10428 (64.3%), 当前有效帧: 6701
过滤进度: 6801/10428 (65.2%), 当前有效帧: 6801