======== 运行日志开始 Fri Mar 21 15:51:49 CST 2025 ========
======== 开始执行作业3 ========
正在创建ROS2工作空间...
ROS2工作空间结构创建完成！
Starting >>> lms_data
Starting >>> lms_mapper
Finished <<< lms_mapper [8.72s]
Finished <<< lms_data [11.5s]

Summary: 2 packages finished [11.9s]
/IntelligentMobileRobots2025/work3
/IntelligentMobileRobots2025/work3
检查安装的可执行文件...
total 8
drwxr-xr-x 2 root root 4096 Mar 21 15:52 .
drwxr-xr-x 4 root root 4096 Mar 21 15:52 ..
lrwxrwxrwx 1 root root   50 Mar 21 15:52 lms_to_rosbag -> ../../../../src/lms_data/lms_data/lms_to_rosbag.py
total 8
drwxr-xr-x 2 root root 4096 Mar 21 15:52 .
drwxr-xr-x 4 root root 4096 Mar 21 15:52 ..
lrwxrwxrwx 1 root root   56 Mar 21 15:52 lms_mapper_node -> ../../../../src/lms_mapper/lms_mapper/lms_mapper_node.py
检查ROS2环境...
lms_data
lms_mapper
正在构建ROS2包...
执行: colcon build --symlink-install
Starting >>> lms_data
Starting >>> lms_mapper
Finished <<< lms_mapper [11.0s]
Finished <<< lms_data [11.6s]

Summary: 2 packages finished [13.4s]
检查可执行文件...
警告: 没有找到lms_to_rosbag可执行文件，将直接使用Python调用
警告: 没有找到lms_mapper_node可执行文件，将直接使用Python调用
正在转换原始数据为rosbag格式...
执行: python3 /IntelligentMobileRobots2025/work3/src/lms_data/lms_data/lms_to_rosbag.py ../data/URG_X_20130903_195003.lms ../data/ld.nav lms_data.bag
删除旧的rosbag目录...
⏱️ 执行命令 (最长300秒): python3 /IntelligentMobileRobots2025/work3/src/lms_data/lms_data/lms_to_rosbag.py ../data/URG_X_20130903_195003.lms ../data/ld.nav lms_data.bag
开始处理: LMS文件: ../data/URG_X_20130903_195003.lms, NAV文件: ../data/ld.nav, BAG输出: lms_data.bag
读取LMS激光数据...
警告：在时间戳 72054545 处读取的激光数据长度不一致
成功读取 10428 帧激光雷达数据
时间戳范围: 71403847 - 72054470
平均时间间隔: 62.40ms
读取NAV轨迹数据...
成功读取 2355 个轨迹点
激光数据原始时间戳范围: 71403847 - 72054470
轨迹数据时间戳范围: 71407205 - 71554079
使用轨迹数据作为标准时间范围: 71407205 - 71554079
创建时间戳映射...
映射激光数据时间戳到轨迹时间范围...
处理进度: 1/10428 (0.0%)
  样本映射: 71403847 -> 71407205
处理进度: 101/10428 (1.0%)
处理进度: 201/10428 (1.9%)
处理进度: 301/10428 (2.9%)
处理进度: 401/10428 (3.8%)
处理进度: 501/10428 (4.8%)
处理进度: 601/10428 (5.8%)
处理进度: 701/10428 (6.7%)
处理进度: 801/10428 (7.7%)
处理进度: 901/10428 (8.6%)
处理进度: 1001/10428 (9.6%)
处理进度: 1101/10428 (10.6%)
处理进度: 1201/10428 (11.5%)
处理进度: 1301/10428 (12.5%)
处理进度: 1401/10428 (13.4%)
处理进度: 1501/10428 (14.4%)
处理进度: 1601/10428 (15.4%)
处理进度: 1701/10428 (16.3%)
处理进度: 1801/10428 (17.3%)
处理进度: 1901/10428 (18.2%)
处理进度: 2001/10428 (19.2%)
处理进度: 2101/10428 (20.1%)
处理进度: 2201/10428 (21.1%)
处理进度: 2301/10428 (22.1%)
处理进度: 2401/10428 (23.0%)
处理进度: 2501/10428 (24.0%)
处理进度: 2601/10428 (24.9%)
处理进度: 2701/10428 (25.9%)
处理进度: 2801/10428 (26.9%)
处理进度: 2901/10428 (27.8%)
处理进度: 3001/10428 (28.8%)
处理进度: 3101/10428 (29.7%)
处理进度: 3201/10428 (30.7%)
处理进度: 3301/10428 (31.7%)
处理进度: 3401/10428 (32.6%)
处理进度: 3501/10428 (33.6%)
处理进度: 3601/10428 (34.5%)
处理进度: 3701/10428 (35.5%)
处理进度: 3801/10428 (36.4%)
处理进度: 3901/10428 (37.4%)
处理进度: 4001/10428 (38.4%)
处理进度: 4101/10428 (39.3%)
处理进度: 4201/10428 (40.3%)
处理进度: 4301/10428 (41.2%)
处理进度: 4401/10428 (42.2%)
处理进度: 4501/10428 (43.2%)
处理进度: 4601/10428 (44.1%)
处理进度: 4701/10428 (45.1%)
处理进度: 4801/10428 (46.0%)
处理进度: 4901/10428 (47.0%)
处理进度: 5001/10428 (48.0%)
处理进度: 5101/10428 (48.9%)
处理进度: 5201/10428 (49.9%)
处理进度: 5301/10428 (50.8%)
处理进度: 5401/10428 (51.8%)
处理进度: 5501/10428 (52.8%)
处理进度: 5601/10428 (53.7%)
处理进度: 5701/10428 (54.7%)
处理进度: 5801/10428 (55.6%)
处理进度: 5901/10428 (56.6%)
处理进度: 6001/10428 (57.5%)
处理进度: 6101/10428 (58.5%)
处理进度: 6201/10428 (59.5%)
处理进度: 6301/10428 (60.4%)
处理进度: 6401/10428 (61.4%)
处理进度: 6501/10428 (62.3%)
处理进度: 6601/10428 (63.3%)
处理进度: 6701/10428 (64.3%)
处理进度: 6801/10428 (65.2%)
处理进度: 6901/10428 (66.2%)
处理进度: 7001/10428 (67.1%)
处理进度: 7101/10428 (68.1%)
处理进度: 7201/10428 (69.1%)
处理进度: 7301/10428 (70.0%)
处理进度: 7401/10428 (71.0%)
处理进度: 7501/10428 (71.9%)
处理进度: 7601/10428 (72.9%)
处理进度: 7701/10428 (73.8%)
处理进度: 7801/10428 (74.8%)
处理进度: 7901/10428 (75.8%)
处理进度: 8001/10428 (76.7%)
处理进度: 8101/10428 (77.7%)
处理进度: 8201/10428 (78.6%)
处理进度: 8301/10428 (79.6%)
处理进度: 8401/10428 (80.6%)
处理进度: 8501/10428 (81.5%)
处理进度: 8601/10428 (82.5%)
处理进度: 8701/10428 (83.4%)
处理进度: 8801/10428 (84.4%)
处理进度: 8901/10428 (85.4%)
处理进度: 9001/10428 (86.3%)
处理进度: 9101/10428 (87.3%)
处理进度: 9201/10428 (88.2%)
处理进度: 9301/10428 (89.2%)
处理进度: 9401/10428 (90.2%)
处理进度: 9501/10428 (91.1%)
处理进度: 9601/10428 (92.1%)
处理进度: 9701/10428 (93.0%)
处理进度: 9801/10428 (94.0%)
处理进度: 9901/10428 (94.9%)
处理进度: 10001/10428 (95.9%)
处理进度: 10101/10428 (96.9%)
处理进度: 10201/10428 (97.8%)
处理进度: 10301/10428 (98.8%)
处理进度: 10401/10428 (99.7%)
处理进度: 10428/10428 (100.0%)
  样本映射: 72054470 -> 71554079
已完成激光数据时间戳映射
映射后激光数据时间戳范围: 71407205 - 71554079
在轨迹时间范围内的激光帧数: 10428/10428 (100.0%)
过滤有效的激光扫描数据...
过滤进度: 1/10428 (0.0%), 当前有效帧: 1
过滤进度: 101/10428 (1.0%), 当前有效帧: 101
过滤进度: 201/10428 (1.9%), 当前有效帧: 201
过滤进度: 301/10428 (2.9%), 当前有效帧: 301
过滤进度: 401/10428 (3.8%), 当前有效帧: 401
过滤进度: 501/10428 (4.8%), 当前有效帧: 501
过滤进度: 601/10428 (5.8%), 当前有效帧: 601
过滤进度: 701/10428 (6.7%), 当前有效帧: 701
过滤进度: 801/10428 (7.7%), 当前有效帧: 801
过滤进度: 901/10428 (8.6%), 当前有效帧: 901
过滤进度: 1001/10428 (9.6%), 当前有效帧: 1001
过滤进度: 1101/10428 (10.6%), 当前有效帧: 1101
过滤进度: 1201/10428 (11.5%), 当前有效帧: 1201
过滤进度: 1301/10428 (12.5%), 当前有效帧: 1301
过滤进度: 1401/10428 (13.4%), 当前有效帧: 1401
过滤进度: 1501/10428 (14.4%), 当前有效帧: 1501
过滤进度: 1601/10428 (15.4%), 当前有效帧: 1601
过滤进度: 1701/10428 (16.3%), 当前有效帧: 1701
过滤进度: 1801/10428 (17.3%), 当前有效帧: 1801
过滤进度: 1901/10428 (18.2%), 当前有效帧: 1901
过滤进度: 2001/10428 (19.2%), 当前有效帧: 2001
过滤进度: 2101/10428 (20.1%), 当前有效帧: 2101
过滤进度: 2201/10428 (21.1%), 当前有效帧: 2201
过滤进度: 2301/10428 (22.1%), 当前有效帧: 2301
过滤进度: 2401/10428 (23.0%), 当前有效帧: 2401
过滤进度: 2501/10428 (24.0%), 当前有效帧: 2501
过滤进度: 2601/10428 (24.9%), 当前有效帧: 2601
过滤进度: 2701/10428 (25.9%), 当前有效帧: 2701
过滤进度: 2801/10428 (26.9%), 当前有效帧: 2801
过滤进度: 2901/10428 (27.8%), 当前有效帧: 2901
过滤进度: 3001/10428 (28.8%), 当前有效帧: 3001
过滤进度: 3101/10428 (29.7%), 当前有效帧: 3101
过滤进度: 3201/10428 (30.7%), 当前有效帧: 3201
过滤进度: 3301/10428 (31.7%), 当前有效帧: 3301
过滤进度: 3401/10428 (32.6%), 当前有效帧: 3401
过滤进度: 3501/10428 (33.6%), 当前有效帧: 3501
过滤进度: 3601/10428 (34.5%), 当前有效帧: 3601
过滤进度: 3701/10428 (35.5%), 当前有效帧: 3701
过滤进度: 3801/10428 (36.4%), 当前有效帧: 3801
过滤进度: 3901/10428 (37.4%), 当前有效帧: 3901
过滤进度: 4001/10428 (38.4%), 当前有效帧: 4001
过滤进度: 4101/10428 (39.3%), 当前有效帧: 4101
过滤进度: 4201/10428 (40.3%), 当前有效帧: 4201
过滤进度: 4301/10428 (41.2%), 当前有效帧: 4301
过滤进度: 4401/10428 (42.2%), 当前有效帧: 4401
过滤进度: 4501/10428 (43.2%), 当前有效帧: 4501
过滤进度: 4601/10428 (44.1%), 当前有效帧: 4601
过滤进度: 4701/10428 (45.1%), 当前有效帧: 4701
过滤进度: 4801/10428 (46.0%), 当前有效帧: 4801
过滤进度: 4901/10428 (47.0%), 当前有效帧: 4901
过滤进度: 5001/10428 (48.0%), 当前有效帧: 5001
过滤进度: 5101/10428 (48.9%), 当前有效帧: 5101
过滤进度: 5201/10428 (49.9%), 当前有效帧: 5201
过滤进度: 5301/10428 (50.8%), 当前有效帧: 5301
过滤进度: 5401/10428 (51.8%), 当前有效帧: 5401
过滤进度: 5501/10428 (52.8%), 当前有效帧: 5501
过滤进度: 5601/10428 (53.7%), 当前有效帧: 5601
过滤进度: 5701/10428 (54.7%), 当前有效帧: 5701
过滤进度: 5801/10428 (55.6%), 当前有效帧: 5801
过滤进度: 5901/10428 (56.6%), 当前有效帧: 5901
过滤进度: 6001/10428 (57.5%), 当前有效帧: 6001
过滤进度: 6101/10428 (58.5%), 当前有效帧: 6101
过滤进度: 6201/10428 (59.5%), 当前有效帧: 6201
过滤进度: 6301/10428 (60.4%), 当前有效帧: 6301
过滤进度: 6401/10428 (61.4%), 当前有效帧: 6401
过滤进度: 6501/10428 (62.3%), 当前有效帧: 6501
过滤进度: 6601/10428 (63.3%), 当前有效帧: 6601
过滤进度: 6701/10428 (64.3%), 当前有效帧: 6701
过滤进度: 6801/10428 (65.2%), 当前有效帧: 6801⏳ 正在转换数据 - 已等待 10/300 秒...
[INFO] [1742543584.329167346] [rosbag2_storage]: Opened database 'lms_data.bag/lms_data.bag_0.db3' for READ_WRITE.
⏳ 正在转换数据 - 已等待 20/300 秒...

过滤进度: 6901/10428 (66.2%), 当前有效帧: 6901
过滤进度: 7001/10428 (67.1%), 当前有效帧: 7001
过滤进度: 7101/10428 (68.1%), 当前有效帧: 7101
过滤进度: 7201/10428 (69.1%), 当前有效帧: 7201
过滤进度: 7301/10428 (70.0%), 当前有效帧: 7301
过滤进度: 7401/10428 (71.0%), 当前有效帧: 7401
过滤进度: 7501/10428 (71.9%), 当前有效帧: 7501
过滤进度: 7601/10428 (72.9%), 当前有效帧: 7601
过滤进度: 7701/10428 (73.8%), 当前有效帧: 7701
过滤进度: 7801/10428 (74.8%), 当前有效帧: 7801
过滤进度: 7901/10428 (75.8%), 当前有效帧: 7901
过滤进度: 8001/10428 (76.7%), 当前有效帧: 8001
过滤进度: 8101/10428 (77.7%), 当前有效帧: 8101
过滤进度: 8201/10428 (78.6%), 当前有效帧: 8201
过滤进度: 8301/10428 (79.6%), 当前有效帧: 8301
过滤进度: 8401/10428 (80.6%), 当前有效帧: 8401
过滤进度: 8501/10428 (81.5%), 当前有效帧: 8501
过滤进度: 8601/10428 (82.5%), 当前有效帧: 8601
过滤进度: 8701/10428 (83.4%), 当前有效帧: 8701
过滤进度: 8801/10428 (84.4%), 当前有效帧: 8801
过滤进度: 8901/10428 (85.4%), 当前有效帧: 8901
过滤进度: 9001/10428 (86.3%), 当前有效帧: 9001
过滤进度: 9101/10428 (87.3%), 当前有效帧: 9101
过滤进度: 9201/10428 (88.2%), 当前有效帧: 9201
过滤进度: 9301/10428 (89.2%), 当前有效帧: 9301
过滤进度: 9401/10428 (90.2%), 当前有效帧: 9401
过滤进度: 9501/10428 (91.1%), 当前有效帧: 9501
过滤进度: 9601/10428 (92.1%), 当前有效帧: 9601
过滤进度: 9701/10428 (93.0%), 当前有效帧: 9701
过滤进度: 9801/10428 (94.0%), 当前有效帧: 9801
过滤进度: 9901/10428 (94.9%), 当前有效帧: 9901
过滤进度: 10001/10428 (95.9%), 当前有效帧: 10001
过滤进度: 10101/10428 (96.9%), 当前有效帧: 10101
过滤进度: 10201/10428 (97.8%), 当前有效帧: 10201
过滤进度: 10301/10428 (98.8%), 当前有效帧: 10301
过滤进度: 10401/10428 (99.7%), 当前有效帧: 10401
过滤进度: 10428/10428 (100.0%), 当前有效帧: 10428
有效激光扫描数据帧数: 10428/10428
在轨迹时间范围内 (71407205 - 71554079) 的有效帧占总帧数的 100.0%
创建插值轨迹点...
插值进度: 1/10428 (0.0%)
插值进度: 101/10428 (1.0%)
插值进度: 201/10428 (1.9%)
插值进度: 301/10428 (2.9%)
插值进度: 401/10428 (3.8%)
插值进度: 501/10428 (4.8%)
插值进度: 601/10428 (5.8%)
插值进度: 701/10428 (6.7%)
插值进度: 801/10428 (7.7%)
插值进度: 901/10428 (8.6%)
插值进度: 1001/10428 (9.6%)
插值进度: 1101/10428 (10.6%)
插值进度: 1201/10428 (11.5%)
插值进度: 1301/10428 (12.5%)
插值进度: 1401/10428 (13.4%)
插值进度: 1501/10428 (14.4%)
插值进度: 1601/10428 (15.4%)
插值进度: 1701/10428 (16.3%)
插值进度: 1801/10428 (17.3%)
插值进度: 1901/10428 (18.2%)
插值进度: 2001/10428 (19.2%)
插值进度: 2101/10428 (20.1%)
插值进度: 2201/10428 (21.1%)
插值进度: 2301/10428 (22.1%)
插值进度: 2401/10428 (23.0%)
插值进度: 2501/10428 (24.0%)
插值进度: 2601/10428 (24.9%)
插值进度: 2701/10428 (25.9%)
插值进度: 2801/10428 (26.9%)
插值进度: 2901/10428 (27.8%)
插值进度: 3001/10428 (28.8%)
插值进度: 3101/10428 (29.7%)
插值进度: 3201/10428 (30.7%)
插值进度: 3301/10428 (31.7%)
插值进度: 3401/10428 (32.6%)
插值进度: 3501/10428 (33.6%)
插值进度: 3601/10428 (34.5%)
插值进度: 3701/10428 (35.5%)
插值进度: 3801/10428 (36.4%)
插值进度: 3901/10428 (37.4%)
插值进度: 4001/10428 (38.4%)
插值进度: 4101/10428 (39.3%)
插值进度: 4201/10428 (40.3%)
插值进度: 4301/10428 (41.2%)
插值进度: 4401/10428 (42.2%)
插值进度: 4501/10428 (43.2%)
插值进度: 4601/10428 (44.1%)
插值进度: 4701/10428 (45.1%)
插值进度: 4801/10428 (46.0%)
插值进度: 4901/10428 (47.0%)
插值进度: 5001/10428 (48.0%)
插值进度: 5101/10428 (48.9%)
插值进度: 5201/10428 (49.9%)
插值进度: 5301/10428 (50.8%)
插值进度: 5401/10428 (51.8%)
插值进度: 5501/10428 (52.8%)
插值进度: 5601/10428 (53.7%)
插值进度: 5701/10428 (54.7%)
插值进度: 5801/10428 (55.6%)
插值进度: 5901/10428 (56.6%)
插值进度: 6001/10428 (57.5%)
插值进度: 6101/10428 (58.5%)
插值进度: 6201/10428 (59.5%)
插值进度: 6301/10428 (60.4%)
插值进度: 6401/10428 (61.4%)
插值进度: 6501/10428 (62.3%)
插值进度: 6601/10428 (63.3%)
插值进度: 6701/10428 (64.3%)
插值进度: 6801/10428 (65.2%)
插值进度: 6901/10428 (66.2%)
插值进度: 7001/10428 (67.1%)
插值进度: 7101/10428 (68.1%)
插值进度: 7201/10428 (69.1%)
插值进度: 7301/10428 (70.0%)
插值进度: 7401/10428 (71.0%)
插值进度: 7501/10428 (71.9%)
插值进度: 7601/10428 (72.9%)
插值进度: 7701/10428 (73.8%)
插值进度: 7801/10428 (74.8%)
插值进度: 7901/10428 (75.8%)
插值进度: 8001/10428 (76.7%)
插值进度: 8101/10428 (77.7%)
插值进度: 8201/10428 (78.6%)
插值进度: 8301/10428 (79.6%)
插值进度: 8401/10428 (80.6%)
插值进度: 8501/10428 (81.5%)
插值进度: 8601/10428 (82.5%)
插值进度: 8701/10428 (83.4%)
插值进度: 8801/10428 (84.4%)
插值进度: 8901/10428 (85.4%)
插值进度: 9001/10428 (86.3%)
插值进度: 9101/10428 (87.3%)
插值进度: 9201/10428 (88.2%)
插值进度: 9301/10428 (89.2%)
插值进度: 9401/10428 (90.2%)
插值进度: 9501/10428 (91.1%)
插值进度: 9601/10428 (92.1%)
插值进度: 9701/10428 (93.0%)
插值进度: 9801/10428 (94.0%)
插值进度: 9901/10428 (94.9%)
插值进度: 10001/10428 (95.9%)
插值进度: 10101/10428 (96.9%)
插值进度: 10201/10428 (97.8%)
插值进度: 10301/10428 (98.8%)
插值进度: 10401/10428 (99.7%)
插值进度: 10428/10428 (100.0%)
扩充轨迹点: 原始=2355, 扩充后=10428
时间戳完全匹配的激光帧数: 10428/10428 (100.0%)
创建rosbag文件: lms_data.bag
生成rosbag时间戳...
写入所有轨迹点...
轨迹写入进度: 1/10428 (0.0%)
轨迹写入进度: 101/10428 (1.0%)
轨迹写入进度: 201/10428 (1.9%)
轨迹写入进度: 301/10428 (2.9%)
轨迹写入进度: 401/10428 (3.8%)
轨迹写入进度: 501/10428 (4.8%)
轨迹写入进度: 601/10428 (5.8%)
轨迹写入进度: 701/10428 (6.7%)
轨迹写入进度: 801/10428 (7.7%)
轨迹写入进度: 901/10428 (8.6%)
轨迹写入进度: 1001/10428 (9.6%)
轨迹写入进度: 1101/10428 (10.6%)
轨迹写入进度: 1201/10428 (11.5%)
轨迹写入进度: 1301/10428 (12.5%)
轨迹写入进度: 1401/10428 (13.4%)
轨迹写入进度: 1501/10428 (14.4%)
轨迹写入进度: 1601/10428 (15.4%)
轨迹写入进度: 1701/10428 (16.3%)
轨迹写入进度: 1801/10428 (17.3%)
轨迹写入进度: 1901/10428 (18.2%)
轨迹写入进度: 2001/10428 (19.2%)
轨迹写入进度: 2101/10428 (20.1%)
轨迹写入进度: 2201/10428 (21.1%)
轨迹写入进度: 2301/10428 (22.1%)
轨迹写入进度: 2401/10428 (23.0%)
轨迹写入进度: 2501/10428 (24.0%)
轨迹写入进度: 2601/10428 (24.9%)
轨迹写入进度: 2701/10428 (25.9%)
轨迹写入进度: 2801/10428 (26.9%)
轨迹写入进度: 2901/10428 (27.8%)
轨迹写入进度: 3001/10428 (28.8%)
轨迹写入进度: 3101/10428 (29.7%)
轨迹写入进度: 3201/10428 (30.7%)
轨迹写入进度: 3301/10428 (31.7%)
轨迹写入进度: 3401/10428 (32.6%)
轨迹写入进度: 3501/10428 (33.6%)
轨迹写入进度: 3601/10428 (34.5%)
轨迹写入进度: 3701/10428 (35.5%)
轨迹写入进度: 3801/10428 (36.4%)
轨迹写入进度: 3901/10428 (37.4%)
轨迹写入进度: 4001/10428 (38.4%)
轨迹写入进度: 4101/10428 (39.3%)
轨迹写入进度: 4201/10428 (40.3%)
轨迹写入进度: 4301/10428 (41.2%)
轨迹写入进度: 4401/10428 (42.2%)
轨迹写入进度: 4501/10428 (43.2%)
轨迹写入进度: 4601/10428 (44.1%)
轨迹写入进度: 4701/10428 (45.1%)
轨迹写入进度: 4801/10428 (46.0%)
轨迹写入进度: 4901/10428 (47.0%)
轨迹写入进度: 5001/10428 (48.0%)
轨迹写入进度: 5101/10428 (48.9%)
轨迹写入进度: 5201/10428 (49.9%)
轨迹写入进度: 5301/10428 (50.8%)
轨迹写入进度: 5401/10428 (51.8%)
轨迹写入进度: 5501/10428 (52.8%)
轨迹写入进度: 5601/10428 (53.7%)
轨迹写入进度: 5701/10428 (54.7%)
轨迹写入进度: 5801/10428 (55.6%)
⏳ 正在转换数据 - 已等待 30/300 秒...
轨迹写入进度: 5901/10428 (56.6%)
轨迹写入进度: 6001/10428 (57.5%)
轨迹写入进度: 6101/10428 (58.5%)
轨迹写入进度: 6201/10428 (59.5%)
轨迹写入进度: 6301/10428 (60.4%)
轨迹写入进度: 6401/10428 (61.4%)
轨迹写入进度: 6501/10428 (62.3%)
轨迹写入进度: 6601/10428 (63.3%)
轨迹写入进度: 6701/10428 (64.3%)
轨迹写入进度: 6801/10428 (65.2%)
轨迹写入进度: 6901/10428 (66.2%)
轨迹写入进度: 7001/10428 (67.1%)
轨迹写入进度: 7101/10428 (68.1%)
轨迹写入进度: 7201/10428 (69.1%)
轨迹写入进度: 7301/10428 (70.0%)
轨迹写入进度: 7401/10428 (71.0%)
轨迹写入进度: 7501/10428 (71.9%)
轨迹写入进度: 7601/10428 (72.9%)
轨迹写入进度: 7701/10428 (73.8%)
轨迹写入进度: 7801/10428 (74.8%)
轨迹写入进度: 7901/10428 (75.8%)
轨迹写入进度: 8001/10428 (76.7%)
轨迹写入进度: 8101/10428 (77.7%)
轨迹写入进度: 8201/10428 (78.6%)
轨迹写入进度: 8301/10428 (79.6%)
轨迹写入进度: 8401/10428 (80.6%)
轨迹写入进度: 8501/10428 (81.5%)
轨迹写入进度: 8601/10428 (82.5%)
轨迹写入进度: 8701/10428 (83.4%)
轨迹写入进度: 8801/10428 (84.4%)
轨迹写入进度: 8901/10428 (85.4%)
轨迹写入进度: 9001/10428 (86.3%)
轨迹写入进度: 9101/10428 (87.3%)
轨迹写入进度: 9201/10428 (88.2%)
轨迹写入进度: 9301/10428 (89.2%)
轨迹写入进度: 9401/10428 (90.2%)
轨迹写入进度: 9501/10428 (91.1%)
轨迹写入进度: 9601/10428 (92.1%)
轨迹写入进度: 9701/10428 (93.0%)
轨迹写入进度: 9801/10428 (94.0%)
轨迹写入进度: 9901/10428 (94.9%)
轨迹写入进度: 10001/10428 (95.9%)
轨迹写入进度: 10101/10428 (96.9%)
轨迹写入进度: 10201/10428 (97.8%)
轨迹写入进度: 10301/10428 (98.8%)
轨迹写入进度: 10401/10428 (99.7%)
轨迹写入进度: 10428/10428 (100.0%)
写入所有激光帧...
激光帧写入进度: 1/10428 (0.0%)
激光帧写入进度: 101/10428 (1.0%)
激光帧写入进度: 201/10428 (1.9%)
激光帧写入进度: 301/10428 (2.9%)
激光帧写入进度: 401/10428 (3.8%)
激光帧写入进度: 501/10428 (4.8%)
激光帧写入进度: 601/10428 (5.8%)
激光帧写入进度: 701/10428 (6.7%)
激光帧写入进度: 801/10428 (7.7%)
激光帧写入进度: 901/10428 (8.6%)
激光帧写入进度: 1001/10428 (9.6%)
激光帧写入进度: 1101/10428 (10.6%)
激光帧写入进度: 1201/10428 (11.5%)
激光帧写入进度: 1301/10428 (12.5%)
激光帧写入进度: 1401/10428 (13.4%)
激光帧写入进度: 1501/10428 (14.4%)
激光帧写入进度: 1601/10428 (15.4%)
激光帧写入进度: 1701/10428 (16.3%)
激光帧写入进度: 1801/10428 (17.3%)
激光帧写入进度: 1901/10428 (18.2%)
激光帧写入进度: 2001/10428 (19.2%)
激光帧写入进度: 2101/10428 (20.1%)
激光帧写入进度: 2201/10428 (21.1%)
激光帧写入进度: 2301/10428 (22.1%)
激光帧写入进度: 2401/10428 (23.0%)
激光帧写入进度: 2501/10428 (24.0%)
激光帧写入进度: 2601/10428 (24.9%)
激光帧写入进度: 2701/10428 (25.9%)
激光帧写入进度: 2801/10428 (26.9%)
激光帧写入进度: 2901/10428 (27.8%)
激光帧写入进度: 3001/10428 (28.8%)
激光帧写入进度: 3101/10428 (29.7%)
激光帧写入进度: 3201/10428 (30.7%)
激光帧写入进度: 3301/10428 (31.7%)
激光帧写入进度: 3401/10428 (32.6%)
激光帧写入进度: 3501/10428 (33.6%)
激光帧写入进度: 3601/10428 (34.5%)
激光帧写入进度: 3701/10428 (35.5%)
激光帧写入进度: 3801/10428 (36.4%)
激光帧写入进度: 3901/10428 (37.4%)
激光帧写入进度: 4001/10428 (38.4%)
激光帧写入进度: 4101/10428 (39.3%)
激光帧写入进度: 4201/10428 (40.3%)
激光帧写入进度: 4301/10428 (41.2%)
激光帧写入进度: 4401/10428 (42.2%)
激光帧写入进度: 4501/10428 (43.2%)
激光帧写入进度: 4601/10428 (44.1%)
激光帧写入进度: 4701/10428 (45.1%)
激光帧写入进度: 4801/10428 (46.0%)
激光帧写入进度: 4901/10428 (47.0%)
激光帧写入进度: 5001/10428 (48.0%)
激光帧写入进度: 5101/10428 (48.9%)
激光帧写入进度: 5201/10428 (49.9%)
激光帧写入进度: 5301/10428 (50.8%)
激光帧写入进度: 5401/10428 (51.8%)
激光帧写入进度: 5501/10428 (52.8%)
激光帧写入进度: 5601/10428 (53.7%)
激光帧写入进度: 5701/10428 (54.7%)
激光帧写入进度: 5801/10428 (55.6%)
激光帧写入进度: 5901/10428 (56.6%)
激光帧写入进度: 6001/10428 (57.5%)
激光帧写入进度: 6101/10428 (58.5%)
激光帧写入进度: 6201/10428 (59.5%)
激光帧写入进度: 6301/10428 (60.4%)
激光帧写入进度: 6401/10428 (61.4%)
激光帧写入进度: 6501/10428 (62.3%)
激光帧写入进度: 6601/10428 (63.3%)
激光帧写入进度: 6701/10428 (64.3%)
激光帧写入进度: 6801/10428 (65.2%)
激光帧写入进度: 6901/10428 (66.2%)
激光帧写入进度: 7001/10428 (67.1%)
激光帧写入进度: 7101/10428 (68.1%)
激光帧写入进度: 7201/10428 (69.1%)
激光帧写入进度: 7301/10428 (70.0%)
激光帧写入进度: 7401/10428 (71.0%)
激光帧写入进度: 7501/10428 (71.9%)
激光帧写入进度: 7601/10428 (72.9%)
激光帧写入进度: 7701/10428 (73.8%)
激光帧写入进度: 7801/10428 (74.8%)
激光帧写入进度: 7901/10428 (75.8%)
激光帧写入进度: 8001/10428 (76.7%)
激光帧写入进度: 8101/10428 (77.7%)
激光帧写入进度: 8201/10428 (78.6%)
激光帧写入进度: 8301/10428 (79.6%)
激光帧写入进度: 8401/10428 (80.6%)
激光帧写入进度: 8501/10428 (81.5%)
激光帧写入进度: 8601/10428 (82.5%)
激光帧写入进度: 8701/10428 (83.4%)
激光帧写入进度: 8801/10428 (84.4%)
激光帧写入进度: 8901/10428 (85.4%)
激光帧写入进度: 9001/10428 (86.3%)
激光帧写入进度: 9101/10428 (87.3%)
激光帧写入进度: 9201/10428 (88.2%)
激光帧写入进度: 9301/10428 (89.2%)
激光帧写入进度: 9401/10428 (90.2%)
激光帧写入进度: 9501/10428 (91.1%)
激光帧写入进度: 9601/10428 (92.1%)
激光帧写入进度: 9701/10428 (93.0%)
激光帧写入进度: 9801/10428 (94.0%)
激光帧写入进度: 9901/10428 (94.9%)
激光帧写入进度: 10001/10428 (95.9%)
激光帧写入进度: 10101/10428 (96.9%)
激光帧写入进度: 10201/10428 (97.8%)
激光帧写入进度: 10301/10428 (98.8%)
激光帧写入进度: 10401/10428 (99.7%)
激光帧写入进度: 10428/10428 (100.0%)
成功将数据写入ROS2 bag文件: lms_data.bag
总共写入帧数: 10428
总有效激光点数: 3715347, 平均每帧: 356.3
使用的轨迹时间戳范围: 71407205 - 71554079
处理用时: 42.82秒
ROS2 Bag文件写入完成
✅ 命令已完成
检查rosbag内容...
⏱️ 执行命令 (最长30秒): ros2 bag info lms_data.bag

Files:             lms_data.bag_0.db3
Bag size:          31.3 MiB
Storage id:        sqlite3
Duration:          146.874000000s
Start:             Jan  1 1970 08:00:01.000000000 (1.000000000)
End:               Jan  1 1970 08:02:27.874000000 (147.874000000)
Messages:          41712
Topic information: Topic: /clock | Type: rosgraph_msgs/msg/Clock | Count: 10428 | Serialization Format: cdr
                   Topic: scan | Type: sensor_msgs/msg/LaserScan | Count: 10428 | Serialization Format: cdr
                   Topic: odom | Type: nav_msgs/msg/Odometry | Count: 10428 | Serialization Format: cdr
                   Topic: tf | Type: tf2_msgs/msg/TFMessage | Count: 10428 | Serialization Format: cdr

✅ 命令已完成
正在启动LMS Mapper节点...
执行: python3 /IntelligentMobileRobots2025/work3/src/lms_mapper/lms_mapper/lms_mapper_node.py --ros-args -p map_save_path:=occupancy_grid.png
设置ROS2使用模拟时钟...
usage: ros2 param set [-h] [--spin-time SPIN_TIME] [-s] [--no-daemon]
                      [--include-hidden-nodes]
                      node_name parameter_name value
ros2 param set: error: the following arguments are required: value
无法设置全局参数，将在节点启动时设置
等待节点启动...
[INFO] [1742543623.663324045] [lms_mapper_node]: 地图重置功能已禁用，将持续累积所有障碍物数据
[INFO] [1742543623.681359753] [lms_mapper_node]: 清除过期障碍物功能已禁用，将保留所有检测到的障碍物
[INFO] [1742543623.779336587] [lms_mapper_node]: LMS mapper node已启动
[INFO] [1742543623.779605837] [lms_mapper_node]: LMS mapper node已启动，等待数据...
[WARN] [1742543624.340874003] [lms_mapper_node]: 等待数据中... 10/600秒
[WARN] [1742543624.889836462] [lms_mapper_node]: 等待数据中... 20/600秒
[WARN] [1742543625.465645504] [lms_mapper_node]: 等待数据中... 30/600秒
[WARN] [1742543626.024871796] [lms_mapper_node]: 等待数据中... 40/600秒
[WARN] [1742543626.576819088] [lms_mapper_node]: 等待数据中... 50/600秒
[WARN] [1742543627.221685838] [lms_mapper_node]: 等待数据中... 60/600秒
[WARN] [1742543627.796829713] [lms_mapper_node]: 等待数据中... 70/600秒
[WARN] [1742543628.348854005] [lms_mapper_node]: 等待数据中... 80/600秒
[WARN] [1742543628.910861422] [lms_mapper_node]: 等待数据中... 90/600秒
[WARN] [1742543629.472855423] [lms_mapper_node]: 等待数据中... 100/600秒
[WARN] [1742543630.028836798] [lms_mapper_node]: 等待数据中... 110/600秒
[WARN] [1742543630.584854173] [lms_mapper_node]: 等待数据中... 120/600秒
节点已启动，PID: 47870
检查可用的话题...
[WARN] [1742543631.160879840] [lms_mapper_node]: 等待数据中... 130/600秒
[WARN] [1742543631.724838215] [lms_mapper_node]: 等待数据中... 140/600秒
[WARN] [1742543632.575890632] [lms_mapper_node]: 等待数据中... 150/600秒
[WARN] [1742543633.154907049] [lms_mapper_node]: 等待数据中... 160/600秒
[WARN] [1742543633.722865050] [lms_mapper_node]: 等待数据中... 170/600秒
[WARN] [1742543634.259546800] [lms_mapper_node]: 等待数据中... 180/600秒
[WARN] [1742543634.826820300] [lms_mapper_node]: 等待数据中... 190/600秒
[WARN] [1742543635.387782342] [lms_mapper_node]: 等待数据中... 200/600秒
/clock
/map
/odom
/parameter_events
/rosout
/scan
[WARN] [1742543635.947818134] [lms_mapper_node]: 等待数据中... 210/600秒
等待话题准备就绪...
[WARN] [1742543636.517843759] [lms_mapper_node]: 等待数据中... 220/600秒
[WARN] [1742543637.081985176] [lms_mapper_node]: 等待数据中... 230/600秒
[WARN] [1742543637.652799302] [lms_mapper_node]: 等待数据中... 240/600秒
[WARN] [1742543638.215804760] [lms_mapper_node]: 等待数据中... 250/600秒
[WARN] [1742543638.753820302] [lms_mapper_node]: 等待数据中... 260/600秒
[WARN] [1742543639.297835344] [lms_mapper_node]: 等待数据中... 270/600秒
[WARN] [1742543639.850652928] [lms_mapper_node]: 等待数据中... 280/600秒
✅ /map 话题已准备就绪
正在播放rosbag数据...
等待系统准备就绪，确保时钟同步...
[WARN] [1742543640.398846761] [lms_mapper_node]: 等待数据中... 290/600秒
[WARN] [1742543641.422610262] [lms_mapper_node]: 等待数据中... 300/600秒
[WARN] [1742543641.979299429] [lms_mapper_node]: 等待数据中... 310/600秒
[WARN] [1742543642.547872262] [lms_mapper_node]: 等待数据中... 320/600秒
[WARN] [1742543643.112929179] [lms_mapper_node]: 等待数据中... 330/600秒
[WARN] [1742543643.653037721] [lms_mapper_node]: 等待数据中... 340/600秒
[WARN] [1742543644.203570930] [lms_mapper_node]: 等待数据中... 350/600秒
[WARN] [1742543644.731779097] [lms_mapper_node]: 等待数据中... 360/600秒
开始播放rosbag...
[WARN] [1742543645.279789930] [lms_mapper_node]: 等待数据中... 370/600秒
[WARN] [1742543645.837844514] [lms_mapper_node]: 等待数据中... 380/600秒
[WARN] [1742543646.420435041] [lms_mapper_node]: 等待数据中... 390/600秒
[WARN] [1742543646.988740875] [lms_mapper_node]: 等待数据中... 400/600秒
[WARN] [1742543647.559601084] [lms_mapper_node]: 等待数据中... 410/600秒
[WARN] [1742543648.158025209] [lms_mapper_node]: 等待数据中... 420/600秒
等待rosbag播放完成...
[WARN] [1742543648.731048584] [lms_mapper_node]: 等待数据中... 430/600秒
stdin is not a terminal device. Keyboard handling disabled.[WARN] [1742543649.288469876] [lms_mapper_node]: 等待数据中... 440/600秒
[WARN] [1742543649.840015501] [lms_mapper_node]: 等待数据中... 450/600秒
[INFO] [1742543649.931678460] [rosbag2_storage]: Opened database 'lms_data.bag/lms_data.bag_0.db3' for READ_ONLY.
[INFO] [1742543649.938411001] [rosbag2_player]: Set rate to 0.1
[INFO] [1742543649.992334501] [rosbag2_player]: Adding keyboard callbacks.
[INFO] [1742543649.992669751] [rosbag2_player]: Press SPACE for Pause/Resume
[INFO] [1742543649.992700793] [rosbag2_player]: Press CURSOR_RIGHT for Play Next Message
[INFO] [1742543649.992722876] [rosbag2_player]: Press CURSOR_UP for Increase Rate 10%
[INFO] [1742543649.992751876] [rosbag2_player]: Press CURSOR_DOWN for Decrease Rate 10%
[INFO] [1742543649.999017376] [rosbag2_storage]: Opened database 'lms_data.bag/lms_data.bag_0.db3' for READ_ONLY.
[INFO] [1742543650.117111626] [lms_mapper_node]: 接收到里程计消息: frame_id=odom, child_frame_id=base_link
[INFO] [1742543650.119332668] [lms_mapper_node]: 位置: x=0.00, y=0.00, z=0.00
[INFO] [1742543650.120475126] [lms_mapper_node]: 添加轨迹点 #1: (0.00, 0.00)
[INFO] [1742543650.124177335] [lms_mapper_node]: 轨迹统计: 总点数=1, 开始=(0.00, 0.00), 最新=(0.00, 0.00)
[INFO] [1742543650.136313626] [lms_mapper_node]: 接收到第一帧激光数据
[INFO] [1742543650.247263502] [lms_mapper_node]: 添加了58个新障碍物点到地图
[INFO] [1742543650.252590210] [lms_mapper_node]: 地图统计: 障碍物单元格=58, 地图边界=[-1.8, 1.0]x[-0.0, 25.7]
[INFO] [1742543650.401940668] [lms_mapper_node]: 添加了55个新障碍物点到地图
[INFO] [1742543656.860767213] [lms_mapper_node]: 接收到激光数据: frame_id=laser, 点数=361
[INFO] [1742543656.861497380] [lms_mapper_node]: 接收到激光数据: 361个点, 角度范围=[0.00, 3.14]
[INFO] [1742543656.861782880] [lms_mapper_node]: 有效激光点: 351/361
[INFO] [1742543656.862079046] [lms_mapper_node]: 机器人位姿: x=0.00, y=0.00, theta=0.00, cos_theta=1.00, sin_theta=0.00
[INFO] [1742543656.862451463] [lms_mapper_node]: 激光点世界坐标范围: x=[-1.78, 0.97], y=[-0.00, 25.70]
[INFO] [1742543656.863367213] [lms_mapper_node]: 更新地图: 添加了351个点
[INFO] [1742543656.874849713] [lms_mapper_node]: 已接收轨迹点: 50
[INFO] [1742543656.876230046] [lms_mapper_node]: 已接收轨迹点: 50
[INFO] [1742543656.898623463] [lms_mapper_node]: 已接收轨迹点: 50
[INFO] [1742543656.922403963] [lms_mapper_node]: 已接收轨迹点: 50
[INFO] [1742543656.946889338] [lms_mapper_node]: 已接收轨迹点: 50
[INFO] [1742543663.925922050] [lms_mapper_node]: 接收到激光数据: frame_id=laser, 点数=361
[INFO] [1742543663.926281883] [lms_mapper_node]: 接收到激光数据: 361个点, 角度范围=[0.00, 3.14]
[INFO] [1742543663.926562383] [lms_mapper_node]: 有效激光点: 351/361
[INFO] [1742543663.926819800] [lms_mapper_node]: 机器人位姿: x=0.00, y=0.00, theta=0.00, cos_theta=1.00, sin_theta=0.00
[INFO] [1742543663.928404508] [lms_mapper_node]: 激光点世界坐标范围: x=[-1.75, 0.96], y=[-0.00, 25.69]
[INFO] [1742543663.956791550] [lms_mapper_node]: 更新地图: 添加了351个点
[INFO] [1742543663.957618008] [lms_mapper_node]: 已接收轨迹点: 100
[INFO] [1742543663.984609341] [lms_mapper_node]: 已接收轨迹点: 100
[INFO] [1742543664.009558716] [lms_mapper_node]: 已接收轨迹点: 100
[INFO] [1742543664.029618883] [lms_mapper_node]: 已接收轨迹点: 100
[INFO] [1742543664.063129133] [lms_mapper_node]: 已接收轨迹点: 100
[INFO] [1742543664.088517216] [lms_mapper_node]: 已接收轨迹点: 100
[INFO] [1742543664.089191425] [lms_mapper_node]: 接收到里程计消息: frame_id=odom, child_frame_id=base_link
[INFO] [1742543664.090426258] [lms_mapper_node]: 位置: x=0.00, y=0.00, z=0.00
[INFO] [1742543664.099218341] [lms_mapper_node]: 添加轨迹点 #101: (0.00, 0.00)
[INFO] [1742543664.100074466] [lms_mapper_node]: 轨迹统计: 总点数=101, 开始=(0.00, 0.00), 最新=(0.00, 0.00)
⏳ 正在播放rosbag - 已等待 15/3600 秒...
当前活跃话题:
/clock
/events/read_split
/map
/odom
/parameter_events
/rosout
/scan
/tf
[INFO] [1742543670.932211970] [lms_mapper_node]: 已接收轨迹点: 150
[INFO] [1742543670.935872928] [lms_mapper_node]: 已接收轨迹点: 150
[INFO] [1742543670.936219511] [lms_mapper_node]: 接收到激光数据: frame_id=laser, 点数=361
[INFO] [1742543670.936492928] [lms_mapper_node]: 接收到激光数据: 361个点, 角度范围=[0.00, 3.14]
[INFO] [1742543670.936758303] [lms_mapper_node]: 有效激光点: 351/361
[INFO] [1742543670.959259553] [lms_mapper_node]: 机器人位姿: x=0.00, y=0.00, theta=0.00, cos_theta=1.00, sin_theta=0.00
[INFO] [1742543670.960540595] [lms_mapper_node]: 激光点世界坐标范围: x=[-1.75, 0.97], y=[-0.00, 25.72]
[INFO] [1742543670.982375636] [lms_mapper_node]: 更新地图: 添加了351个点
[INFO] [1742543671.006455803] [lms_mapper_node]: 已接收轨迹点: 150
[INFO] [1742543671.007101636] [lms_mapper_node]: 已接收轨迹点: 150
[INFO] [1742543671.030722345] [lms_mapper_node]: 已接收轨迹点: 150
[INFO] [1742543671.062560761] [lms_mapper_node]: 已接收轨迹点: 150
[INFO] [1742543671.084570845] [lms_mapper_node]: 已接收轨迹点: 150
[INFO] [1742543671.104750011] [lms_mapper_node]: 已接收轨迹点: 150
[INFO] [1742543671.106595428] [lms_mapper_node]: 已接收轨迹点: 150
[INFO] [1742543678.010334959] [lms_mapper_node]: 接收到激光数据: frame_id=laser, 点数=361
[INFO] [1742543678.010718000] [lms_mapper_node]: 接收到激光数据: 361个点, 角度范围=[0.00, 3.14]
[INFO] [1742543678.011002875] [lms_mapper_node]: 有效激光点: 352/361
[INFO] [1742543678.011274459] [lms_mapper_node]: 机器人位姿: x=0.00, y=0.00, theta=0.00, cos_theta=1.00, sin_theta=0.00
[INFO] [1742543678.014934834] [lms_mapper_node]: 激光点世界坐标范围: x=[-1.83, 0.97], y=[-0.00, 25.72]
[INFO] [1742543678.016383584] [lms_mapper_node]: 更新地图: 添加了352个点
[INFO] [1742543678.036375750] [lms_mapper_node]: 已接收轨迹点: 200
[INFO] [1742543678.037012917] [lms_mapper_node]: 已接收轨迹点: 200
[INFO] [1742543678.051240084] [lms_mapper_node]: 已接收轨迹点: 200
[INFO] [1742543678.078235959] [lms_mapper_node]: 已接收轨迹点: 200
[INFO] [1742543678.110036959] [lms_mapper_node]: 已接收轨迹点: 200
[INFO] [1742543678.123883001] [lms_mapper_node]: 已接收轨迹点: 200
[INFO] [1742543678.159023584] [lms_mapper_node]: 已接收轨迹点: 200
[INFO] [1742543678.181195459] [lms_mapper_node]: 接收到里程计消息: frame_id=odom, child_frame_id=base_link
[INFO] [1742543678.181563917] [lms_mapper_node]: 位置: x=0.00, y=0.00, z=0.00
[INFO] [1742543678.181934876] [lms_mapper_node]: 添加轨迹点 #201: (0.00, 0.00)
[INFO] [1742543678.182146917] [lms_mapper_node]: 轨迹统计: 总点数=201, 开始=(0.00, 0.00), 最新=(0.00, 0.00)
⏳ 正在播放rosbag - 已等待 30/3600 秒...
当前活跃话题:
[INFO] [1742543685.067991962] [lms_mapper_node]: 接收到激光数据: frame_id=laser, 点数=361
[INFO] [1742543685.099456337] [lms_mapper_node]: 接收到激光数据: 361个点, 角度范围=[0.00, 3.14]
[INFO] [1742543685.124015671] [lms_mapper_node]: 有效激光点: 351/361
[INFO] [1742543685.124462379] [lms_mapper_node]: 机器人位姿: x=0.00, y=0.00, theta=0.00, cos_theta=1.00, sin_theta=0.00
[INFO] [1742543685.124767337] [lms_mapper_node]: 激光点世界坐标范围: x=[-1.75, 0.97], y=[-0.00, 25.69]
[INFO] [1742543685.125759712] [lms_mapper_node]: 更新地图: 添加了351个点
[INFO] [1742543685.126389421] [lms_mapper_node]: 已接收轨迹点: 250
[INFO] [1742543685.126678671] [lms_mapper_node]: 已接收轨迹点: 250
[INFO] [1742543685.127160171] [lms_mapper_node]: 已接收轨迹点: 250
[INFO] [1742543685.154993004] [lms_mapper_node]: 已接收轨迹点: 250
[INFO] [1742543685.178319796] [lms_mapper_node]: 已接收轨迹点: 250
/clock
/events/read_split
/map
/odom
/parameter_events
/rosout
/scan
/tf
[INFO] [1742543690.023492548] [lms_mapper_node]: 【进度报告】运行时间: 66.3秒, 处理扫描: 285帧, 轨迹点: 285个, 障碍物格子: 175个, 轨迹已更新
[INFO] [1742543690.052400798] [lms_mapper_node]: 中间地图中绘制轨迹: 285个点
[WARN] [1742543690.052898131] [lms_mapper_node]: 标记轨迹起终点时出错: 'LmsMapperNode' object has no attribute 'world_to_grid'
⏳ 正在播放rosbag - 已等待 45/3600 秒...
当前活跃话题:
/clock
/events/read_split
/map
/odom
/parameter_events
/rosout
/scan
/tf
[INFO] [1742543708.162128042] [lms_mapper_node]: 中间地图坐标范围: extent=[-25.0, 25.0, -25.0, 25.0], 障碍物数量=175
[INFO] [1742543708.162503001] [lms_mapper_node]: 地图统计: 地图大小=500x500, 原点=(250, 250), 分辨率=0.1
[INFO] [1742543708.162844917] [lms_mapper_node]: 轨迹边界: x=[0.00, 0.00], y=[0.00, 0.00]
[INFO] [1742543708.273970417] [lms_mapper_node]: 使用扩展显示边界: x=[-21.8, 21.0], y=[-20.6, 46.3]
findfont: Font family ['sans-serif'] not found. Falling back to DejaVu Sans.
findfont: Generic family 'sans-serif' not found because none of the following families were found: SimHei
/IntelligentMobileRobots2025/work3/src/lms_mapper/lms_mapper/lms_mapper_node.py:1426: UserWarning: Glyph 20013 (\N{CJK UNIFIED IDEOGRAPH-4E2D}) missing from current font.
  plt.savefig(checkpoint_path, dpi=150)  # 降低dpi以加快保存速度
/IntelligentMobileRobots2025/work3/src/lms_mapper/lms_mapper/lms_mapper_node.py:1426: UserWarning: Glyph 38388 (\N{CJK UNIFIED IDEOGRAPH-95F4}) missing from current font.
  plt.savefig(checkpoint_path, dpi=150)  # 降低dpi以加快保存速度
/IntelligentMobileRobots2025/work3/src/lms_mapper/lms_mapper/lms_mapper_node.py:1426: UserWarning: Glyph 22320 (\N{CJK UNIFIED IDEOGRAPH-5730}) missing from current font.
  plt.savefig(checkpoint_path, dpi=150)  # 降低dpi以加快保存速度
/IntelligentMobileRobots2025/work3/src/lms_mapper/lms_mapper/lms_mapper_node.py:1426: UserWarning: Glyph 22270 (\N{CJK UNIFIED IDEOGRAPH-56FE}) missing from current font.
  plt.savefig(checkpoint_path, dpi=150)  # 降低dpi以加快保存速度
/IntelligentMobileRobots2025/work3/src/lms_mapper/lms_mapper/lms_mapper_node.py:1426: UserWarning: Glyph 32467 (\N{CJK UNIFIED IDEOGRAPH-7ED3}) missing from current font.
  plt.savefig(checkpoint_path, dpi=150)  # 降低dpi以加快保存速度
/IntelligentMobileRobots2025/work3/src/lms_mapper/lms_mapper/lms_mapper_node.py:1426: UserWarning: Glyph 26524 (\N{CJK UNIFIED IDEOGRAPH-679C}) missing from current font.
  plt.savefig(checkpoint_path, dpi=150)  # 降低dpi以加快保存速度
/IntelligentMobileRobots2025/work3/src/lms_mapper/lms_mapper/lms_mapper_node.py:1426: UserWarning: Glyph 26816 (\N{CJK UNIFIED IDEOGRAPH-68C0}) missing from current font.
  plt.savefig(checkpoint_path, dpi=150)  # 降低dpi以加快保存速度
/IntelligentMobileRobots2025/work3/src/lms_mapper/lms_mapper/lms_mapper_node.py:1426: UserWarning: Glyph 26597 (\N{CJK UNIFIED IDEOGRAPH-67E5}) missing from current font.
  plt.savefig(checkpoint_path, dpi=150)  # 降低dpi以加快保存速度
/IntelligentMobileRobots2025/work3/src/lms_mapper/lms_mapper/lms_mapper_node.py:1426: UserWarning: Glyph 28857 (\N{CJK UNIFIED IDEOGRAPH-70B9}) missing from current font.
  plt.savefig(checkpoint_path, dpi=150)  # 降低dpi以加快保存速度
/IntelligentMobileRobots2025/work3/src/lms_mapper/lms_mapper/lms_mapper_node.py:1426: UserWarning: Glyph 26102 (\N{CJK UNIFIED IDEOGRAPH-65F6}) missing from current font.
  plt.savefig(checkpoint_path, dpi=150)  # 降低dpi以加快保存速度
/IntelligentMobileRobots2025/work3/src/lms_mapper/lms_mapper/lms_mapper_node.py:1426: UserWarning: Glyph 31186 (\N{CJK UNIFIED IDEOGRAPH-79D2}) missing from current font.
  plt.savefig(checkpoint_path, dpi=150)  # 降低dpi以加快保存速度
/IntelligentMobileRobots2025/work3/src/lms_mapper/lms_mapper/lms_mapper_node.py:1426: UserWarning: Glyph 36712 (\N{CJK UNIFIED IDEOGRAPH-8F68}) missing from current font.
  plt.savefig(checkpoint_path, dpi=150)  # 降低dpi以加快保存速度
/IntelligentMobileRobots2025/work3/src/lms_mapper/lms_mapper/lms_mapper_node.py:1426: UserWarning: Glyph 36857 (\N{CJK UNIFIED IDEOGRAPH-8FF9}) missing from current font.
  plt.savefig(checkpoint_path, dpi=150)  # 降低dpi以加快保存速度
/IntelligentMobileRobots2025/work3/src/lms_mapper/lms_mapper/lms_mapper_node.py:1426: UserWarning: Glyph 25968 (\N{CJK UNIFIED IDEOGRAPH-6570}) missing from current font.
  plt.savefig(checkpoint_path, dpi=150)  # 降低dpi以加快保存速度
/IntelligentMobileRobots2025/work3/src/lms_mapper/lms_mapper/lms_mapper_node.py:1426: UserWarning: Glyph 20010 (\N{CJK UNIFIED IDEOGRAPH-4E2A}) missing from current font.
  plt.savefig(checkpoint_path, dpi=150)  # 降低dpi以加快保存速度
findfont: Font family ['sans-serif'] not found. Falling back to DejaVu Sans.
findfont: Generic family 'sans-serif' not found because none of the following families were found: SimHei
[INFO] [1742543709.519105001] [lms_mapper_node]: 已保存中间地图到: map_checkpoint_1.png, 显示范围: x=[-21.8, 21.0], y=[-20.6, 46.3]
[INFO] [1742543710.583790793] [lms_mapper_node]: 接收到激光数据: frame_id=laser, 点数=361
[INFO] [1742543710.587639918] [lms_mapper_node]: 已接收轨迹点: 300
[INFO] [1742543710.609165668] [lms_mapper_node]: 已接收轨迹点: 300
[INFO] [1742543710.627772460] [lms_mapper_node]: 已接收轨迹点: 300
[INFO] [1742543710.668888002] [lms_mapper_node]: 已接收轨迹点: 300
[INFO] [1742543710.719488752] [lms_mapper_node]: 已接收轨迹点: 300
[INFO] [1742543710.720469585] [lms_mapper_node]: 已接收轨迹点: 300
[INFO] [1742543710.721813377] [lms_mapper_node]: 已接收轨迹点: 300
[INFO] [1742543710.736802043] [lms_mapper_node]: 接收到里程计消息: frame_id=odom, child_frame_id=base_link
[INFO] [1742543710.737099252] [lms_mapper_node]: 位置: x=0.00, y=0.00, z=0.00
[INFO] [1742543710.737487293] [lms_mapper_node]: 添加轨迹点 #301: (0.00, 0.00)
[INFO] [1742543710.737700418] [lms_mapper_node]: 轨迹统计: 总点数=301, 开始=(0.00, 0.00), 最新=(0.00, 0.00)
[INFO] [1742543717.590843838] [lms_mapper_node]: 接收到激光数据: frame_id=laser, 点数=361
[INFO] [1742543717.591219755] [lms_mapper_node]: 接收到激光数据: 361个点, 角度范围=[0.00, 3.14]
[INFO] [1742543717.591500672] [lms_mapper_node]: 有效激光点: 351/361
[INFO] [1742543717.591758172] [lms_mapper_node]: 机器人位姿: x=0.00, y=0.00, theta=0.00, cos_theta=1.00, sin_theta=0.00
[INFO] [1742543717.592037713] [lms_mapper_node]: 激光点世界坐标范围: x=[-1.75, 0.97], y=[-0.00, 25.70]
[INFO] [1742543717.592967505] [lms_mapper_node]: 更新地图: 添加了351个点
[INFO] [1742543717.617601297] [lms_mapper_node]: 已接收轨迹点: 350
[INFO] [1742543717.618272588] [lms_mapper_node]: 已接收轨迹点: 350
[INFO] [1742543717.629457922] [lms_mapper_node]: 已接收轨迹点: 350
[INFO] [1742543717.665447422] [lms_mapper_node]: 已接收轨迹点: 350
[INFO] [1742543717.677734880] [lms_mapper_node]: 已接收轨迹点: 350
[INFO] [1742543717.691890630] [lms_mapper_node]: 已接收轨迹点: 350
[INFO] [1742543717.713767630] [lms_mapper_node]: 已接收轨迹点: 350
⏳ 正在播放rosbag - 已等待 60/3600 秒...
当前活跃话题:
[INFO] [1742543724.629972633] [lms_mapper_node]: 接收到激光数据: frame_id=laser, 点数=361
[INFO] [1742543724.630593217] [lms_mapper_node]: 接收到激光数据: 361个点, 角度范围=[0.00, 3.14]
[INFO] [1742543724.649431050] [lms_mapper_node]: 有效激光点: 351/361
[INFO] [1742543724.685472967] [lms_mapper_node]: 机器人位姿: x=0.00, y=0.00, theta=0.00, cos_theta=1.00, sin_theta=0.00
[INFO] [1742543724.685932383] [lms_mapper_node]: 激光点世界坐标范围: x=[-1.75, 0.96], y=[-0.00, 25.70]
[INFO] [1742543724.686908717] [lms_mapper_node]: 更新地图: 添加了351个点
[INFO] [1742543724.687570925] [lms_mapper_node]: 已接收轨迹点: 400
[INFO] [1742543724.688094050] [lms_mapper_node]: 已接收轨迹点: 400
[INFO] [1742543724.709195133] [lms_mapper_node]: 已接收轨迹点: 400
[INFO] [1742543724.725567842] [lms_mapper_node]: 已接收轨迹点: 400
[INFO] [1742543724.759840342] [lms_mapper_node]: 已接收轨迹点: 400
[INFO] [1742543724.773955633] [lms_mapper_node]: 已接收轨迹点: 400
[INFO] [1742543724.798142592] [lms_mapper_node]: 已接收轨迹点: 400
[INFO] [1742543724.820249050] [lms_mapper_node]: 已接收轨迹点: 400
[INFO] [1742543724.824859550] [lms_mapper_node]: 接收到里程计消息: frame_id=odom, child_frame_id=base_link
[INFO] [1742543724.832509883] [lms_mapper_node]: 位置: x=0.00, y=0.00, z=0.00
[INFO] [1742543724.914276050] [lms_mapper_node]: 添加轨迹点 #401: (0.00, 0.00)
[INFO] [1742543724.914722509] [lms_mapper_node]: 轨迹统计: 总点数=401, 开始=(0.00, 0.00), 最新=(0.00, 0.00)
/clock
/events/read_split
/map
/odom
/parameter_events
/rosout
/scan
/tf
[INFO] [1742543731.672910053] [lms_mapper_node]: 已接收轨迹点: 450
[INFO] [1742543731.721677678] [lms_mapper_node]: 已接收轨迹点: 450
[INFO] [1742543731.732411887] [lms_mapper_node]: 接收到激光数据: frame_id=laser, 点数=361
[INFO] [1742543731.754803470] [lms_mapper_node]: 接收到激光数据: 361个点, 角度范围=[0.00, 3.14]
[INFO] [1742543731.765365137] [lms_mapper_node]: 有效激光点: 350/361
[INFO] [1742543731.765865428] [lms_mapper_node]: 机器人位姿: x=0.00, y=0.00, theta=0.00, cos_theta=1.00, sin_theta=0.00
[INFO] [1742543731.766432137] [lms_mapper_node]: 激光点世界坐标范围: x=[-1.90, 0.96], y=[-0.00, 25.36]
[INFO] [1742543731.769264220] [lms_mapper_node]: 更新地图: 添加了350个点
[INFO] [1742543731.769599470] [lms_mapper_node]: 已接收轨迹点: 450
[INFO] [1742543731.771666178] [lms_mapper_node]: 已接收轨迹点: 450
[INFO] [1742543731.811000095] [lms_mapper_node]: 已接收轨迹点: 450
[INFO] [1742543731.820319053] [lms_mapper_node]: 已接收轨迹点: 450
[INFO] [1742543735.206619722] [lms_mapper_node]: 地图统计: 障碍物单元格=569, 地图边界=[-2.1, 1.0]x[-0.0, 26.2]
[INFO] [1742543738.695945126] [lms_mapper_node]: 接收到激光数据: frame_id=laser, 点数=361
[INFO] [1742543738.696367459] [lms_mapper_node]: 接收到激光数据: 361个点, 角度范围=[0.00, 3.14]
[INFO] [1742543738.696653751] [lms_mapper_node]: 有效激光点: 356/361
[INFO] [1742543738.696912626] [lms_mapper_node]: 机器人位姿: x=0.00, y=0.00, theta=0.00, cos_theta=1.00, sin_theta=0.00
[INFO] [1742543738.723447751] [lms_mapper_node]: 激光点世界坐标范围: x=[-2.14, 0.90], y=[-0.00, 29.80]
[INFO] [1742543738.724588084] [lms_mapper_node]: 更新地图: 添加了356个点
[INFO] [1742543738.725265542] [lms_mapper_node]: 已接收轨迹点: 500
[INFO] [1742543738.725794084] [lms_mapper_node]: 已接收轨迹点: 500
[INFO] [1742543738.772744917] [lms_mapper_node]: 已接收轨迹点: 500
[INFO] [1742543738.777457001] [lms_mapper_node]: 已接收轨迹点: 500
[INFO] [1742543738.796388459] [lms_mapper_node]: 已接收轨迹点: 500
[INFO] [1742543738.830731126] [lms_mapper_node]: 已接收轨迹点: 500
[INFO] [1742543738.849241251] [lms_mapper_node]: 已接收轨迹点: 500
[INFO] [1742543738.872754209] [lms_mapper_node]: 已接收轨迹点: 500
[INFO] [1742543738.874942584] [lms_mapper_node]: 已接收轨迹点: 500
[INFO] [1742543738.895163376] [lms_mapper_node]: 接收到里程计消息: frame_id=odom, child_frame_id=base_link
[INFO] [1742543738.899444251] [lms_mapper_node]: 位置: x=0.00, y=0.00, z=0.00
[INFO] [1742543738.922797293] [lms_mapper_node]: 添加轨迹点 #501: (0.00, 0.00)
[INFO] [1742543738.923112251] [lms_mapper_node]: 轨迹统计: 总点数=501, 开始=(0.00, 0.00), 最新=(0.00, 0.00)
[INFO] [1742543740.312719627] [lms_mapper_node]: 【进度报告】运行时间: 116.6秒, 处理扫描: 509帧, 轨迹点: 509个, 障碍物格子: 1051个, 轨迹已更新
[INFO] [1742543740.354645293] [lms_mapper_node]: 中间地图中绘制轨迹: 509个点
[WARN] [1742543740.355994752] [lms_mapper_node]: 标记轨迹起终点时出错: 'LmsMapperNode' object has no attribute 'world_to_grid'
[INFO] [1742543740.848933043] [lms_mapper_node]: 中间地图坐标范围: extent=[-25.0, 25.0, -25.0, 25.0], 障碍物数量=1051
[INFO] [1742543740.849272668] [lms_mapper_node]: 地图统计: 地图大小=500x500, 原点=(250, 250), 分辨率=0.1
[INFO] [1742543740.849601043] [lms_mapper_node]: 轨迹边界: x=[0.00, 0.00], y=[0.00, 0.00]
[INFO] [1742543741.023297002] [lms_mapper_node]: 使用扩展显示边界: x=[-22.3, 21.0], y=[-21.0, 50.9]
[INFO] [1742543741.728330127] [lms_mapper_node]: 已保存中间地图到: map_checkpoint_2.png, 显示范围: x=[-22.3, 21.0], y=[-21.0, 50.9]
[INFO] [1742543741.798616461] [lms_mapper_node]: 地图统计: 障碍物单元格=1089, 地图边界=[-3.1, 1.1]x[-0.0, 29.9]
⏳ 正在播放rosbag - 已等待 75/3600 秒...
当前活跃话题:
[INFO] [1742543744.360860920] [lms_mapper_node]: 地图统计: 障碍物单元格=1591, 地图边界=[-6.2, 1.9]x[-0.0, 29.9]
[INFO] [1742543746.068368713] [lms_mapper_node]: 接收到激光数据: frame_id=laser, 点数=361
[INFO] [1742543746.068756754] [lms_mapper_node]: 接收到激光数据: 361个点, 角度范围=[0.00, 3.14]
[INFO] [1742543746.069073088] [lms_mapper_node]: 有效激光点: 352/361
[INFO] [1742543746.069337629] [lms_mapper_node]: 机器人位姿: x=0.00, y=0.00, theta=0.00, cos_theta=1.00, sin_theta=0.00
[INFO] [1742543746.069593546] [lms_mapper_node]: 激光点世界坐标范围: x=[-2.26, 2.33], y=[-0.00, 26.72]
[INFO] [1742543746.070610046] [lms_mapper_node]: 更新地图: 添加了352个点
[INFO] [1742543746.101584088] [lms_mapper_node]: 已接收轨迹点: 550
[INFO] [1742543746.119225921] [lms_mapper_node]: 已接收轨迹点: 550
[INFO] [1742543746.131774671] [lms_mapper_node]: 已接收轨迹点: 550
[INFO] [1742543746.146322671] [lms_mapper_node]: 已接收轨迹点: 550
[INFO] [1742543746.193419671] [lms_mapper_node]: 已接收轨迹点: 550
[INFO] [1742543746.194827754] [lms_mapper_node]: 已接收轨迹点: 550
/clock
/events/read_split
/map
/odom
/parameter_events
/rosout
/scan
/tf
[INFO] [1742543749.101574672] [lms_mapper_node]: 地图统计: 障碍物单元格=2096, 地图边界=[-6.2, 2.4]x[-0.0, 29.9]
[INFO] [1742543753.067400591] [lms_mapper_node]: 接收到激光数据: frame_id=laser, 点数=361
[INFO] [1742543753.068508466] [lms_mapper_node]: 接收到激光数据: 361个点, 角度范围=[0.00, 3.14]
[INFO] [1742543753.085188591] [lms_mapper_node]: 有效激光点: 353/361
[INFO] [1742543753.086385716] [lms_mapper_node]: 机器人位姿: x=0.00, y=0.00, theta=0.00, cos_theta=1.00, sin_theta=0.00
[INFO] [1742543753.087379674] [lms_mapper_node]: 激光点世界坐标范围: x=[-1.44, 1.17], y=[-0.00, 23.62]
[INFO] [1742543753.155074924] [lms_mapper_node]: 更新地图: 添加了353个点
[INFO] [1742543753.180473799] [lms_mapper_node]: 已接收轨迹点: 600
[INFO] [1742543753.181174258] [lms_mapper_node]: 已接收轨迹点: 600
[INFO] [1742543753.181529799] [lms_mapper_node]: 已接收轨迹点: 600
[INFO] [1742543753.181930133] [lms_mapper_node]: 接收到里程计消息: frame_id=odom, child_frame_id=base_link
[INFO] [1742543753.182166008] [lms_mapper_node]: 位置: x=0.00, y=0.00, z=0.00
[INFO] [1742543753.182461174] [lms_mapper_node]: 添加轨迹点 #601: (0.00, 0.00)
[INFO] [1742543753.182660633] [lms_mapper_node]: 轨迹统计: 总点数=601, 开始=(0.00, 0.00), 最新=(0.00, 0.00)
[INFO] [1742543757.991903468] [lms_mapper_node]: 地图统计: 障碍物单元格=2598, 地图边界=[-6.2, 2.4]x[-0.0, 29.9]
[INFO] [1742543760.354363053] [lms_mapper_node]: 接收到激光数据: frame_id=laser, 点数=361
[INFO] [1742543760.354987344] [lms_mapper_node]: 已接收轨迹点: 650
[INFO] [1742543760.355483219] [lms_mapper_node]: 已接收轨迹点: 650
⏳ 正在播放rosbag - 已等待 90/3600 秒...
当前活跃话题:
/clock
/events/read_split
/map
/odom
/parameter_events
/rosout
/scan
/tf
[INFO] [1742543767.156853750] [lms_mapper_node]: 接收到激光数据: frame_id=laser, 点数=361
[INFO] [1742543767.157226875] [lms_mapper_node]: 接收到激光数据: 361个点, 角度范围=[0.00, 3.14]
[INFO] [1742543767.157504667] [lms_mapper_node]: 有效激光点: 351/361
[INFO] [1742543767.157757792] [lms_mapper_node]: 机器人位姿: x=0.00, y=0.00, theta=0.00, cos_theta=1.00, sin_theta=0.00
[INFO] [1742543767.158004750] [lms_mapper_node]: 激光点世界坐标范围: x=[-1.30, 1.19], y=[-0.00, 23.77]
[INFO] [1742543767.170294500] [lms_mapper_node]: 更新地图: 添加了351个点
[INFO] [1742543767.170978167] [lms_mapper_node]: 已接收轨迹点: 700
[INFO] [1742543767.195600125] [lms_mapper_node]: 已接收轨迹点: 700
[INFO] [1742543767.196293042] [lms_mapper_node]: 已接收轨迹点: 700
[INFO] [1742543767.224854458] [lms_mapper_node]: 已接收轨迹点: 700
[INFO] [1742543767.249880875] [lms_mapper_node]: 已接收轨迹点: 700
[INFO] [1742543767.273873042] [lms_mapper_node]: 已接收轨迹点: 700
[INFO] [1742543767.275573083] [lms_mapper_node]: 已接收轨迹点: 700
[INFO] [1742543767.277957625] [lms_mapper_node]: 已接收轨迹点: 700
[INFO] [1742543767.282907375] [lms_mapper_node]: 接收到里程计消息: frame_id=odom, child_frame_id=base_link
[INFO] [1742543767.285876208] [lms_mapper_node]: 位置: x=0.00, y=0.00, z=0.00
[INFO] [1742543767.287515500] [lms_mapper_node]: 添加轨迹点 #701: (0.00, 0.00)
[INFO] [1742543767.293353125] [lms_mapper_node]: 轨迹统计: 总点数=701, 开始=(0.00, 0.00), 最新=(0.00, 0.00)
[INFO] [1742543769.251624209] [lms_mapper_node]: 地图统计: 障碍物单元格=3112, 地图边界=[-6.2, 2.5]x[-0.0, 29.9]
[INFO] [1742543773.205672961] [lms_mapper_node]: 地图统计: 障碍物单元格=3612, 地图边界=[-6.2, 3.4]x[-0.0, 29.9]
[INFO] [1742543774.201595587] [lms_mapper_node]: 接收到激光数据: frame_id=laser, 点数=361
[INFO] [1742543774.201987462] [lms_mapper_node]: 接收到激光数据: 361个点, 角度范围=[0.00, 3.14]
[INFO] [1742543774.202300212] [lms_mapper_node]: 有效激光点: 358/361
[INFO] [1742543774.202563212] [lms_mapper_node]: 机器人位姿: x=0.00, y=0.00, theta=0.00, cos_theta=1.00, sin_theta=0.00
[INFO] [1742543774.202838587] [lms_mapper_node]: 激光点世界坐标范围: x=[-0.73, 3.03], y=[-0.00, 29.24]
[INFO] [1742543774.206310462] [lms_mapper_node]: 更新地图: 添加了358个点
[INFO] [1742543774.218053087] [lms_mapper_node]: 已接收轨迹点: 750
[INFO] [1742543774.218645670] [lms_mapper_node]: 已接收轨迹点: 750
[INFO] [1742543774.233659670] [lms_mapper_node]: 已接收轨迹点: 750
[INFO] [1742543774.248186295] [lms_mapper_node]: 已接收轨迹点: 750
[INFO] [1742543774.272621962] [lms_mapper_node]: 已接收轨迹点: 750
[INFO] [1742543774.303681878] [lms_mapper_node]: 已接收轨迹点: 750
[INFO] [1742543774.323904837] [lms_mapper_node]: 已接收轨迹点: 750
[INFO] [1742543774.355220420] [lms_mapper_node]: 已接收轨迹点: 750
[INFO] [1742543774.375602837] [lms_mapper_node]: 已接收轨迹点: 750
[INFO] [1742543781.249043173] [lms_mapper_node]: 接收到激光数据: frame_id=laser, 点数=361
[INFO] [1742543781.249442465] [lms_mapper_node]: 接收到激光数据: 361个点, 角度范围=[0.00, 3.14]
[INFO] [1742543781.249727590] [lms_mapper_node]: 有效激光点: 353/361
[INFO] [1742543781.249985840] [lms_mapper_node]: 机器人位姿: x=0.00, y=0.00, theta=0.00, cos_theta=1.00, sin_theta=0.00
[INFO] [1742543781.250260340] [lms_mapper_node]: 激光点世界坐标范围: x=[-1.29, 1.48], y=[-0.00, 24.92]
[INFO] [1742543781.251290090] [lms_mapper_node]: 更新地图: 添加了353个点
[INFO] [1742543781.251804382] [lms_mapper_node]: 已接收轨迹点: 800
[INFO] [1742543781.291837465] [lms_mapper_node]: 已接收轨迹点: 800
[INFO] [1742543781.301298673] [lms_mapper_node]: 已接收轨迹点: 800
[INFO] [1742543781.334785632] [lms_mapper_node]: 已接收轨迹点: 800
[INFO] [1742543781.360821090] [lms_mapper_node]: 已接收轨迹点: 800
[INFO] [1742543781.362282507] [lms_mapper_node]: 已接收轨迹点: 800
[INFO] [1742543781.362710298] [lms_mapper_node]: 接收到里程计消息: frame_id=odom, child_frame_id=base_link
[INFO] [1742543781.362934590] [lms_mapper_node]: 位置: x=0.00, y=0.00, z=0.00
[INFO] [1742543781.383700007] [lms_mapper_node]: 添加轨迹点 #801: (0.00, 0.00)
[INFO] [1742543781.385368340] [lms_mapper_node]: 轨迹统计: 总点数=801, 开始=(0.00, 0.00), 最新=(0.00, 0.00)
⏳ 正在播放rosbag - 已等待 105/3600 秒...
当前活跃话题:
[INFO] [1742543786.206356467] [lms_mapper_node]: 地图统计: 障碍物单元格=4114, 地图边界=[-6.2, 3.4]x[-0.0, 29.9]
/clock
/events/read_split
/map
/odom
/parameter_events
/rosout
/scan
/tf
[INFO] [1742543788.252949468] [lms_mapper_node]: 接收到激光数据: frame_id=laser, 点数=361
[INFO] [1742543788.253361427] [lms_mapper_node]: 接收到激光数据: 361个点, 角度范围=[0.00, 3.14]
[INFO] [1742543788.253687677] [lms_mapper_node]: 有效激光点: 355/361
[INFO] [1742543788.253954677] [lms_mapper_node]: 机器人位姿: x=0.00, y=0.00, theta=0.00, cos_theta=1.00, sin_theta=0.00
[INFO] [1742543788.254228218] [lms_mapper_node]: 激光点世界坐标范围: x=[-1.71, 1.44], y=[-0.00, 19.86]
[INFO] [1742543788.255235135] [lms_mapper_node]: 更新地图: 添加了355个点
[INFO] [1742543788.311412552] [lms_mapper_node]: 已接收轨迹点: 850
[INFO] [1742543788.312171177] [lms_mapper_node]: 已接收轨迹点: 850
[INFO] [1742543788.340003427] [lms_mapper_node]: 已接收轨迹点: 850
[INFO] [1742543788.348786010] [lms_mapper_node]: 已接收轨迹点: 850
[INFO] [1742543788.390796385] [lms_mapper_node]: 已接收轨迹点: 850
[INFO] [1742543788.408123844] [lms_mapper_node]: 已接收轨迹点: 850
[INFO] [1742543788.438726719] [lms_mapper_node]: 已接收轨迹点: 850
[INFO] [1742543788.440167885] [lms_mapper_node]: 已接收轨迹点: 850
[INFO] [1742543790.026584469] [lms_mapper_node]: 【进度报告】运行时间: 166.3秒, 处理扫描: 862帧, 轨迹点: 862个, 障碍物格子: 4220个, 轨迹已更新
[INFO] [1742543790.055469761] [lms_mapper_node]: 中间地图中绘制轨迹: 862个点
[WARN] [1742543790.056492594] [lms_mapper_node]: 标记轨迹起终点时出错: 'LmsMapperNode' object has no attribute 'world_to_grid'
[INFO] [1742543792.041644429] [lms_mapper_node]: 中间地图坐标范围: extent=[-25.0, 25.0, -25.0, 25.0], 障碍物数量=4220
[INFO] [1742543792.065609887] [lms_mapper_node]: 地图统计: 地图大小=500x500, 原点=(250, 250), 分辨率=0.1
[INFO] [1742543792.066229220] [lms_mapper_node]: 轨迹边界: x=[0.00, 0.00], y=[0.00, 0.00]
[INFO] [1742543792.124835804] [lms_mapper_node]: 使用扩展显示边界: x=[-26.2, 23.4], y=[-21.0, 50.9]
[INFO] [1742543792.456660887] [lms_mapper_node]: 已保存中间地图到: map_checkpoint_3.png, 显示范围: x=[-26.2, 23.4], y=[-21.0, 50.9]
[INFO] [1742543796.288978500] [lms_mapper_node]: 接收到激光数据: frame_id=laser, 点数=361
[INFO] [1742543796.289355375] [lms_mapper_node]: 接收到激光数据: 361个点, 角度范围=[0.00, 3.14]
[INFO] [1742543796.289646750] [lms_mapper_node]: 有效激光点: 357/361
[INFO] [1742543796.289907000] [lms_mapper_node]: 机器人位姿: x=0.00, y=0.00, theta=0.00, cos_theta=1.00, sin_theta=0.00
[INFO] [1742543796.290156375] [lms_mapper_node]: 激光点世界坐标范围: x=[-2.24, 1.13], y=[-0.00, 14.47]
[INFO] [1742543796.291131041] [lms_mapper_node]: 更新地图: 添加了357个点
[INFO] [1742543796.315770500] [lms_mapper_node]: 已接收轨迹点: 900
[INFO] [1742543796.344277166] [lms_mapper_node]: 已接收轨迹点: 900
[INFO] [1742543796.346141916] [lms_mapper_node]: 已接收轨迹点: 900
[INFO] [1742543796.365852416] [lms_mapper_node]: 已接收轨迹点: 900
[INFO] [1742543796.379448375] [lms_mapper_node]: 已接收轨迹点: 900
[INFO] [1742543796.405382125] [lms_mapper_node]: 已接收轨迹点: 900
[INFO] [1742543796.436487083] [lms_mapper_node]: 已接收轨迹点: 900
[INFO] [1742543796.447009166] [lms_mapper_node]: 已接收轨迹点: 900
[INFO] [1742543796.464609250] [lms_mapper_node]: 已接收轨迹点: 900
[INFO] [1742543796.484924583] [lms_mapper_node]: 已接收轨迹点: 900
[INFO] [1742543796.485543666] [lms_mapper_node]: 接收到里程计消息: frame_id=odom, child_frame_id=base_link
[INFO] [1742543796.485762541] [lms_mapper_node]: 位置: x=0.00, y=0.00, z=0.00
[INFO] [1742543796.486063625] [lms_mapper_node]: 添加轨迹点 #901: (0.00, 0.00)
[INFO] [1742543796.486293958] [lms_mapper_node]: 轨迹统计: 总点数=901, 开始=(0.00, 0.00), 最新=(0.00, 0.00)
[INFO] [1742543800.269686877] [lms_mapper_node]: 地图统计: 障碍物单元格=4637, 地图边界=[-6.2, 4.6]x[-0.0, 29.9]
⏳ 正在播放rosbag - 已等待 120/3600 秒...
当前活跃话题:
[INFO] [1742543803.368993378] [lms_mapper_node]: 接收到激光数据: frame_id=laser, 点数=361
[INFO] [1742543803.369382586] [lms_mapper_node]: 接收到激光数据: 361个点, 角度范围=[0.00, 3.14]
[INFO] [1742543803.369670836] [lms_mapper_node]: 有效激光点: 348/361
[INFO] [1742543803.369928378] [lms_mapper_node]: 机器人位姿: x=0.00, y=0.00, theta=0.00, cos_theta=1.00, sin_theta=0.00
[INFO] [1742543803.370176753] [lms_mapper_node]: 激光点世界坐标范围: x=[-10.28, 9.09], y=[-0.00, 14.09]
[INFO] [1742543803.400709711] [lms_mapper_node]: 更新地图: 添加了348个点
[INFO] [1742543803.402312586] [lms_mapper_node]: 已接收轨迹点: 950
[INFO] [1742543803.403607378] [lms_mapper_node]: 已接收轨迹点: 950
[INFO] [1742543803.431616628] [lms_mapper_node]: 已接收轨迹点: 950
[INFO] [1742543803.455949461] [lms_mapper_node]: 已接收轨迹点: 950
[INFO] [1742543803.479395003] [lms_mapper_node]: 已接收轨迹点: 950
[INFO] [1742543803.507778586] [lms_mapper_node]: 已接收轨迹点: 950
[INFO] [1742543803.935081337] [lms_mapper_node]: 地图统计: 障碍物单元格=5164, 地图边界=[-10.5, 16.4]x[-0.0, 29.9]
/clock
/events/read_split
/map
/odom
/parameter_events
/rosout
/scan
/tf
[INFO] [1742543810.386914381] [lms_mapper_node]: 接收到激光数据: frame_id=laser, 点数=361
[INFO] [1742543810.409114798] [lms_mapper_node]: 已接收轨迹点: 1000
[INFO] [1742543810.423110090] [lms_mapper_node]: 已接收轨迹点: 1000
[INFO] [1742543810.429449756] [lms_mapper_node]: 已接收轨迹点: 1000
[INFO] [1742543810.449803548] [lms_mapper_node]: 已接收轨迹点: 1000
[INFO] [1742543810.473073465] [lms_mapper_node]: 已接收轨迹点: 1000
[INFO] [1742543810.511540215] [lms_mapper_node]: 已接收轨迹点: 1000
[INFO] [1742543810.533972506] [lms_mapper_node]: 已接收轨迹点: 1000
[INFO] [1742543810.568923631] [lms_mapper_node]: 已接收轨迹点: 1000
[INFO] [1742543810.588760756] [lms_mapper_node]: 已接收轨迹点: 1000
[INFO] [1742543810.605477840] [lms_mapper_node]: 接收到里程计消息: frame_id=odom, child_frame_id=base_link
[INFO] [1742543810.609478090] [lms_mapper_node]: 位置: x=0.00, y=0.00, z=0.00
[INFO] [1742543810.609873673] [lms_mapper_node]: 添加轨迹点 #1001: (0.00, 0.00)
[INFO] [1742543810.615863048] [lms_mapper_node]: 轨迹统计: 总点数=1001, 开始=(0.00, 0.00), 最新=(0.00, 0.00)
[INFO] [1742543817.450433260] [lms_mapper_node]: 已接收轨迹点: 1050
[INFO] [1742543817.466306843] [lms_mapper_node]: 已接收轨迹点: 1050
[INFO] [1742543817.466723301] [lms_mapper_node]: 接收到激光数据: frame_id=laser, 点数=361
[INFO] [1742543817.466991760] [lms_mapper_node]: 接收到激光数据: 361个点, 角度范围=[0.00, 3.14]
[INFO] [1742543817.467286468] [lms_mapper_node]: 有效激光点: 349/361
[INFO] [1742543817.467537385] [lms_mapper_node]: 机器人位姿: x=0.00, y=0.00, theta=0.00, cos_theta=1.00, sin_theta=0.00
[INFO] [1742543817.467784426] [lms_mapper_node]: 激光点世界坐标范围: x=[-1.31, 1.21], y=[-0.00, 26.89]
[INFO] [1742543817.468775260] [lms_mapper_node]: 更新地图: 添加了349个点
[INFO] [1742543817.469772676] [lms_mapper_node]: 已接收轨迹点: 1050
[INFO] [1742543817.521948218] [lms_mapper_node]: 已接收轨迹点: 1050
[INFO] [1742543817.523474885] [lms_mapper_node]: 已接收轨迹点: 1050
[INFO] [1742543817.543377635] [lms_mapper_node]: 已接收轨迹点: 1050
[INFO] [1742543817.550532635] [lms_mapper_node]: 已接收轨迹点: 1050
[INFO] [1742543817.582200176] [lms_mapper_node]: 已接收轨迹点: 1050
[INFO] [1742543817.601208968] [lms_mapper_node]: 已接收轨迹点: 1050
[INFO] [1742543820.952254386] [lms_mapper_node]: 地图统计: 障碍物单元格=5665, 地图边界=[-10.5, 16.4]x[-0.0, 30.0]
⏳ 正在播放rosbag - 已等待 135/3600 秒...
当前活跃话题:
[INFO] [1742543824.461117096] [lms_mapper_node]: 接收到激光数据: frame_id=laser, 点数=361
[INFO] [1742543824.461508055] [lms_mapper_node]: 接收到激光数据: 361个点, 角度范围=[0.00, 3.14]
[INFO] [1742543824.461792638] [lms_mapper_node]: 有效激光点: 357/361
[INFO] [1742543824.462052346] [lms_mapper_node]: 机器人位姿: x=0.00, y=0.00, theta=0.00, cos_theta=1.00, sin_theta=0.00
[INFO] [1742543824.462322346] [lms_mapper_node]: 激光点世界坐标范围: x=[-1.91, 1.39], y=[-0.00, 25.76]
[INFO] [1742543824.464020721] [lms_mapper_node]: 更新地图: 添加了357个点
[INFO] [1742543824.485903096] [lms_mapper_node]: 已接收轨迹点: 1100
[INFO] [1742543824.487307263] [lms_mapper_node]: 已接收轨迹点: 1100
[INFO] [1742543824.545275180] [lms_mapper_node]: 已接收轨迹点: 1100
[INFO] [1742543824.546831180] [lms_mapper_node]: 已接收轨迹点: 1100
[INFO] [1742543824.603348096] [lms_mapper_node]: 已接收轨迹点: 1100
[INFO] [1742543824.629487513] [lms_mapper_node]: 已接收轨迹点: 1100
[INFO] [1742543824.631017763] [lms_mapper_node]: 已接收轨迹点: 1100
[INFO] [1742543824.667813971] [lms_mapper_node]: 已接收轨迹点: 1100
[INFO] [1742543824.670411096] [lms_mapper_node]: 已接收轨迹点: 1100
[INFO] [1742543824.693865347] [lms_mapper_node]: 接收到里程计消息: frame_id=odom, child_frame_id=base_link
[INFO] [1742543824.694161555] [lms_mapper_node]: 位置: x=0.00, y=0.00, z=0.00
[INFO] [1742543824.694522388] [lms_mapper_node]: 添加轨迹点 #1101: (0.00, 0.00)
[INFO] [1742543824.694729847] [lms_mapper_node]: 轨迹统计: 总点数=1101, 开始=(0.00, 0.00), 最新=(0.00, 0.00)
/clock
/events/read_split
/map
/odom
/parameter_events
/rosout
/scan
/tf
[INFO] [1742543831.524666502] [lms_mapper_node]: 接收到激光数据: frame_id=laser, 点数=361
[INFO] [1742543831.534228419] [lms_mapper_node]: 接收到激光数据: 361个点, 角度范围=[0.00, 3.14]
[INFO] [1742543831.538020252] [lms_mapper_node]: 有效激光点: 360/361
[INFO] [1742543831.546596210] [lms_mapper_node]: 机器人位姿: x=0.00, y=0.00, theta=0.00, cos_theta=1.00, sin_theta=0.00
[INFO] [1742543831.546908627] [lms_mapper_node]: 激光点世界坐标范围: x=[-2.16, 1.22], y=[-0.00, 20.72]
[INFO] [1742543831.567084919] [lms_mapper_node]: 更新地图: 添加了360个点
[INFO] [1742543831.570263585] [lms_mapper_node]: 已接收轨迹点: 1150
[INFO] [1742543831.588754460] [lms_mapper_node]: 已接收轨迹点: 1150
[INFO] [1742543831.595864294] [lms_mapper_node]: 已接收轨迹点: 1150
[INFO] [1742543831.623010002] [lms_mapper_node]: 已接收轨迹点: 1150
[INFO] [1742543831.660553169] [lms_mapper_node]: 已接收轨迹点: 1150
[INFO] [1742543831.662952711] [lms_mapper_node]: 已接收轨迹点: 1150
[INFO] [1742543832.378174794] [lms_mapper_node]: 地图统计: 障碍物单元格=6169, 地图边界=[-10.5, 16.4]x[-0.0, 30.0]
[INFO] [1742543838.601972839] [lms_mapper_node]: 接收到激光数据: frame_id=laser, 点数=361
[INFO] [1742543838.602350922] [lms_mapper_node]: 接收到激光数据: 361个点, 角度范围=[0.00, 3.14]
[INFO] [1742543838.602633755] [lms_mapper_node]: 有效激光点: 358/361
[INFO] [1742543838.602895547] [lms_mapper_node]: 机器人位姿: x=0.00, y=0.00, theta=0.00, cos_theta=1.00, sin_theta=0.00
[INFO] [1742543838.603176297] [lms_mapper_node]: 激光点世界坐标范围: x=[-0.89, 2.05], y=[-0.00, 15.76]
[INFO] [1742543838.604191714] [lms_mapper_node]: 更新地图: 添加了358个点
[INFO] [1742543838.621338756] [lms_mapper_node]: 已接收轨迹点: 1200
[INFO] [1742543838.623442422] [lms_mapper_node]: 已接收轨迹点: 1200
[INFO] [1742543838.645651964] [lms_mapper_node]: 已接收轨迹点: 1200
[INFO] [1742543838.699424214] [lms_mapper_node]: 已接收轨迹点: 1200
[INFO] [1742543838.700961047] [lms_mapper_node]: 已接收轨迹点: 1200
[INFO] [1742543838.720722172] [lms_mapper_node]: 已接收轨迹点: 1200
[INFO] [1742543838.744976422] [lms_mapper_node]: 已接收轨迹点: 1200
[INFO] [1742543838.767929381] [lms_mapper_node]: 接收到里程计消息: frame_id=odom, child_frame_id=base_link
[INFO] [1742543838.768193006] [lms_mapper_node]: 位置: x=0.00, y=0.00, z=0.00
[INFO] [1742543838.768516006] [lms_mapper_node]: 添加轨迹点 #1201: (0.00, 0.00)
[INFO] [1742543838.768719964] [lms_mapper_node]: 轨迹统计: 总点数=1201, 开始=(0.00, 0.00), 最新=(0.00, 0.00)
[INFO] [1742543840.039215215] [lms_mapper_node]: 【进度报告】运行时间: 216.3秒, 处理扫描: 1210帧, 轨迹点: 1210个, 障碍物格子: 6523个, 轨迹已更新
[INFO] [1742543840.060776131] [lms_mapper_node]: 中间地图中绘制轨迹: 1210个点
[WARN] [1742543840.061865465] [lms_mapper_node]: 标记轨迹起终点时出错: 'LmsMapperNode' object has no attribute 'world_to_grid'
[INFO] [1742543840.700262840] [lms_mapper_node]: 中间地图坐标范围: extent=[-25.0, 25.0, -25.0, 25.0], 障碍物数量=6523
[INFO] [1742543840.700613840] [lms_mapper_node]: 地图统计: 地图大小=500x500, 原点=(250, 250), 分辨率=0.1
[INFO] [1742543840.701172090] [lms_mapper_node]: 轨迹边界: x=[0.00, 0.00], y=[0.00, 0.00]
[INFO] [1742543840.803645215] [lms_mapper_node]: 使用扩展显示边界: x=[-31.2, 37.1], y=[-21.0, 51.0]
⏳ 正在播放rosbag - 已等待 150/3600 秒...
当前活跃话题:
[INFO] [1742543842.075430882] [lms_mapper_node]: 已保存中间地图到: map_checkpoint_4.png, 显示范围: x=[-31.2, 37.1], y=[-21.0, 51.0]
/clock
/events/read_split
/map
/odom
/parameter_events
/rosout
/scan
/tf
[INFO] [1742543845.821368759] [lms_mapper_node]: 地图统计: 障碍物单元格=6669, 地图边界=[-10.5, 16.4]x[-0.0, 30.0]
[INFO] [1742543846.292429801] [lms_mapper_node]: 接收到激光数据: frame_id=laser, 点数=361
[INFO] [1742543846.296622842] [lms_mapper_node]: 接收到激光数据: 361个点, 角度范围=[0.00, 3.14]
[INFO] [1742543846.311667843] [lms_mapper_node]: 有效激光点: 361/361
[INFO] [1742543846.311960926] [lms_mapper_node]: 机器人位姿: x=0.00, y=0.00, theta=0.00, cos_theta=1.00, sin_theta=0.00
[INFO] [1742543846.312249718] [lms_mapper_node]: 激光点世界坐标范围: x=[-1.43, 1.42], y=[-0.00, 10.37]
[INFO] [1742543846.313333134] [lms_mapper_node]: 更新地图: 添加了361个点
[INFO] [1742543846.314726468] [lms_mapper_node]: 已接收轨迹点: 1250
[INFO] [1742543846.339871093] [lms_mapper_node]: 已接收轨迹点: 1250
[INFO] [1742543846.422955884] [lms_mapper_node]: 已接收轨迹点: 1250
[INFO] [1742543846.424544176] [lms_mapper_node]: 已接收轨迹点: 1250
[INFO] [1742543846.446858926] [lms_mapper_node]: 已接收轨迹点: 1250
[INFO] [1742543846.464998134] [lms_mapper_node]: 已接收轨迹点: 1250
[INFO] [1742543846.485402551] [lms_mapper_node]: 已接收轨迹点: 1250
[INFO] [1742543853.363760596] [lms_mapper_node]: 已接收轨迹点: 1300
[INFO] [1742543853.365587096] [lms_mapper_node]: 已接收轨迹点: 1300
[INFO] [1742543853.385484888] [lms_mapper_node]: 接收到激光数据: frame_id=laser, 点数=361
[INFO] [1742543853.385817054] [lms_mapper_node]: 接收到激光数据: 361个点, 角度范围=[0.00, 3.14]
[INFO] [1742543853.386095138] [lms_mapper_node]: 有效激光点: 361/361
[INFO] [1742543853.386368638] [lms_mapper_node]: 机器人位姿: x=0.00, y=0.00, theta=0.00, cos_theta=1.00, sin_theta=0.00
[INFO] [1742543853.386617221] [lms_mapper_node]: 激光点世界坐标范围: x=[-2.76, 4.03], y=[-0.00, 6.16]
[INFO] [1742543853.387678721] [lms_mapper_node]: 更新地图: 添加了361个点
[INFO] [1742543853.409993679] [lms_mapper_node]: 已接收轨迹点: 1300
[INFO] [1742543853.433782929] [lms_mapper_node]: 已接收轨迹点: 1300
[INFO] [1742543853.456658138] [lms_mapper_node]: 已接收轨迹点: 1300
[INFO] [1742543853.473504971] [lms_mapper_node]: 已接收轨迹点: 1300
[INFO] [1742543853.498254013] [lms_mapper_node]: 已接收轨迹点: 1300
[INFO] [1742543853.498907054] [lms_mapper_node]: 接收到里程计消息: frame_id=odom, child_frame_id=base_link
[INFO] [1742543853.499157846] [lms_mapper_node]: 位置: x=0.00, y=0.00, z=0.00
[INFO] [1742543853.499471304] [lms_mapper_node]: 添加轨迹点 #1301: (0.00, 0.00)
[INFO] [1742543853.499674179] [lms_mapper_node]: 轨迹统计: 总点数=1301, 开始=(0.00, 0.00), 最新=(0.00, 0.00)
[INFO] [1742543853.934055096] [lms_mapper_node]: 地图统计: 障碍物单元格=7173, 地图边界=[-10.5, 16.4]x[-0.0, 30.0]
[INFO] [1742543856.016728139] [lms_mapper_node]: 添加了53个新障碍物点到地图
[INFO] [1742543856.017596055] [lms_mapper_node]: 地图统计: 障碍物单元格=7679, 地图边界=[-10.5, 24.8]x[-0.0, 30.0]
[INFO] [1742543859.304341959] [lms_mapper_node]: 地图统计: 障碍物单元格=8185, 地图边界=[-10.5, 24.8]x[-0.0, 30.0]
[INFO] [1742543860.434916293] [lms_mapper_node]: 接收到激光数据: frame_id=laser, 点数=361
[INFO] [1742543860.435286043] [lms_mapper_node]: 接收到激光数据: 361个点, 角度范围=[0.00, 3.14]
[INFO] [1742543860.435564668] [lms_mapper_node]: 有效激光点: 356/361
[INFO] [1742543860.435820377] [lms_mapper_node]: 机器人位姿: x=0.00, y=0.00, theta=0.00, cos_theta=1.00, sin_theta=0.00
[INFO] [1742543860.436066668] [lms_mapper_node]: 激光点世界坐标范围: x=[-2.10, 1.11], y=[-0.00, 24.12]
[INFO] [1742543860.437090127] [lms_mapper_node]: 更新地图: 添加了356个点
[INFO] [1742543860.478415335] [lms_mapper_node]: 已接收轨迹点: 1350
[INFO] [1742543860.479951918] [lms_mapper_node]: 已接收轨迹点: 1350
[INFO] [1742543860.501200460] [lms_mapper_node]: 已接收轨迹点: 1350
[INFO] [1742543860.573313127] [lms_mapper_node]: 已接收轨迹点: 1350
[INFO] [1742543860.586528210] [lms_mapper_node]: 已接收轨迹点: 1350
[INFO] [1742543860.592974168] [lms_mapper_node]: 已接收轨迹点: 1350
⏳ 正在播放rosbag - 已等待 165/3600 秒...
当前活跃话题:
/clock
/events/read_split
/map
/odom
/parameter_events
/rosout
/scan
/tf
[INFO] [1742543867.444091297] [lms_mapper_node]: 接收到激光数据: frame_id=laser, 点数=361
[INFO] [1742543867.444465255] [lms_mapper_node]: 接收到激光数据: 361个点, 角度范围=[0.00, 3.14]
[INFO] [1742543867.444744713] [lms_mapper_node]: 有效激光点: 360/361
[INFO] [1742543867.445004005] [lms_mapper_node]: 机器人位姿: x=0.00, y=0.00, theta=0.00, cos_theta=1.00, sin_theta=0.00
[INFO] [1742543867.445263505] [lms_mapper_node]: 激光点世界坐标范围: x=[-2.20, 0.87], y=[-0.00, 19.46]
[INFO] [1742543867.473775755] [lms_mapper_node]: 更新地图: 添加了360个点
[INFO] [1742543867.513960047] [lms_mapper_node]: 已接收轨迹点: 1400
[INFO] [1742543867.515607797] [lms_mapper_node]: 已接收轨迹点: 1400
[INFO] [1742543867.533002588] [lms_mapper_node]: 已接收轨迹点: 1400
[INFO] [1742543867.584905255] [lms_mapper_node]: 已接收轨迹点: 1400
[INFO] [1742543867.586657172] [lms_mapper_node]: 已接收轨迹点: 1400
[INFO] [1742543867.604211880] [lms_mapper_node]: 已接收轨迹点: 1400
[INFO] [1742543867.629275255] [lms_mapper_node]: 已接收轨迹点: 1400
[INFO] [1742543867.660129838] [lms_mapper_node]: 已接收轨迹点: 1400
[INFO] [1742543867.680846380] [lms_mapper_node]: 接收到里程计消息: frame_id=odom, child_frame_id=base_link
[INFO] [1742543867.681152713] [lms_mapper_node]: 位置: x=0.00, y=0.00, z=0.00
[INFO] [1742543867.681530797] [lms_mapper_node]: 添加轨迹点 #1401: (0.00, 0.00)
[INFO] [1742543867.681733172] [lms_mapper_node]: 轨迹统计: 总点数=1401, 开始=(0.00, 0.00), 最新=(0.00, 0.00)
