======== 运行日志开始 Sat Mar 22 17:44:30 CST 2025 ========
======== 开始执行作业3 ========
正在创建ROS2工作空间...
ROS2工作空间结构创建完成！
Starting >>> lms_data
Starting >>> lms_mapper
Finished <<< lms_data [19.7s]
Finished <<< lms_mapper [19.6s]

Summary: 2 packages finished [22.8s]
/IntelligentMobileRobots2025/work3
/IntelligentMobileRobots2025/work3
检查安装的可执行文件...
total 8
drwxr-xr-x 2 root root 4096 Mar 22 17:45 .
drwxr-xr-x 4 root root 4096 Mar 22 17:44 ..
lrwxrwxrwx 1 root root   50 Mar 22 17:45 lms_to_rosbag -> ../../../../src/lms_data/lms_data/lms_to_rosbag.py
total 8
drwxr-xr-x 2 root root 4096 Mar 22 17:45 .
drwxr-xr-x 4 root root 4096 Mar 22 17:44 ..
lrwxrwxrwx 1 root root   56 Mar 22 17:45 lms_mapper_node -> ../../../../src/lms_mapper/lms_mapper/lms_mapper_node.py
检查ROS2环境...
lms_data
lms_mapper
正在构建ROS2包...
执行: colcon build --symlink-install
Starting >>> lms_data
Starting >>> lms_mapper
Finished <<< lms_mapper [19.6s]
Finished <<< lms_data [21.9s]

Summary: 2 packages finished [22.6s]
检查可执行文件...
警告: 没有找到lms_to_rosbag可执行文件，将直接使用Python调用
警告: 没有找到lms_mapper_node可执行文件，将直接使用Python调用
正在转换原始数据为rosbag格式...
执行: python3 /IntelligentMobileRobots2025/work3/src/lms_data/lms_data/lms_to_rosbag.py ../data/URG_X_20130903_195003.lms ../data/ld.nav lms_data.bag
删除旧的rosbag目录...
⏱️ 执行命令 (最长300秒): python3 /IntelligentMobileRobots2025/work3/src/lms_data/lms_data/lms_to_rosbag.py ../data/URG_X_20130903_195003.lms ../data/ld.nav lms_data.bag
⏳ 正在转换数据 - 已等待 10/300 秒...
开始处理: LMS文件: ../data/URG_X_20130903_195003.lms, NAV文件: ../data/ld.nav, BAG输出: lms_data.bag
读取LMS激光数据...
警告：在时间戳 72054545 处读取的激光数据长度不一致
成功读取 10428 帧激光雷达数据
时间戳范围: 71403847 - 72054470
平均时间间隔: 62.40ms
读取NAV轨迹数据...
成功读取 2355 个轨迹点
激光数据原始时间戳范围: 71403847 - 72054470
轨迹数据时间戳范围: 71407205 - 71554079
使用轨迹数据作为标准时间范围: 71407205 - 71554079
创建时间戳映射...
映射激光数据时间戳到轨迹时间范围...
处理进度: 1/10428 (0.0%)
  样本映射: 71403847 -> 71407205
处理进度: 101/10428 (1.0%)
处理进度: 201/10428 (1.9%)
处理进度: 301/10428 (2.9%)
处理进度: 401/10428 (3.8%)
处理进度: 501/10428 (4.8%)
处理进度: 601/10428 (5.8%)
处理进度: 701/10428 (6.7%)
处理进度: 801/10428 (7.7%)
处理进度: 901/10428 (8.6%)
处理进度: 1001/10428 (9.6%)
处理进度: 1101/10428 (10.6%)
处理进度: 1201/10428 (11.5%)
处理进度: 1301/10428 (12.5%)
处理进度: 1401/10428 (13.4%)
处理进度: 1501/10428 (14.4%)
处理进度: 1601/10428 (15.4%)
处理进度: 1701/10428 (16.3%)
处理进度: 1801/10428 (17.3%)
处理进度: 1901/10428 (18.2%)
处理进度: 2001/10428 (19.2%)
处理进度: 2101/10428 (20.1%)
处理进度: 2201/10428 (21.1%)
处理进度: 2301/10428 (22.1%)
处理进度: 2401/10428 (23.0%)
处理进度: 2501/10428 (24.0%)
处理进度: 2601/10428 (24.9%)
处理进度: 2701/10428 (25.9%)
处理进度: 2801/10428 (26.9%)
处理进度: 2901/10428 (27.8%)
处理进度: 3001/10428 (28.8%)
处理进度: 3101/10428 (29.7%)
处理进度: 3201/10428 (30.7%)
处理进度: 3301/10428 (31.7%)
处理进度: 3401/10428 (32.6%)
处理进度: 3501/10428 (33.6%)
处理进度: 3601/10428 (34.5%)
处理进度: 3701/10428 (35.5%)
处理进度: 3801/10428 (36.4%)
处理进度: 3901/10428 (37.4%)
处理进度: 4001/10428 (38.4%)
处理进度: 4101/10428 (39.3%)
处理进度: 4201/10428 (40.3%)
处理进度: 4301/10428 (41.2%)
处理进度: 4401/10428 (42.2%)
处理进度: 4501/10428 (43.2%)
处理进度: 4601/10428 (44.1%)
处理进度: 4701/10428 (45.1%)
处理进度: 4801/10428 (46.0%)
处理进度: 4901/10428 (47.0%)
处理进度: 5001/10428 (48.0%)
处理进度: 5101/10428 (48.9%)
处理进度: 5201/10428 (49.9%)
处理进度: 5301/10428 (50.8%)
处理进度: 5401/10428 (51.8%)
处理进度: 5501/10428 (52.8%)
处理进度: 5601/10428 (53.7%)
处理进度: 5701/10428 (54.7%)
处理进度: 5801/10428 (55.6%)
处理进度: 5901/10428 (56.6%)
处理进度: 6001/10428 (57.5%)
处理进度: 6101/10428 (58.5%)
处理进度: 6201/10428 (59.5%)
处理进度: 6301/10428 (60.4%)
处理进度: 6401/10428 (61.4%)
处理进度: 6501/10428 (62.3%)
处理进度: 6601/10428 (63.3%)
处理进度: 6701/10428 (64.3%)
处理进度: 6801/10428 (65.2%)
处理进度: 6901/10428 (66.2%)
处理进度: 7001/10428 (67.1%)
处理进度: 7101/10428 (68.1%)
处理进度: 7201/10428 (69.1%)
处理进度: 7301/10428 (70.0%)
处理进度: 7401/10428 (71.0%)
处理进度: 7501/10428 (71.9%)
处理进度: 7601/10428 (72.9%)
处理进度: 7701/10428 (73.8%)
处理进度: 7801/10428 (74.8%)
处理进度: 7901/10428 (75.8%)
处理进度: 8001/10428 (76.7%)
处理进度: 8101/10428 (77.7%)
处理进度: 8201/10428 (78.6%)
处理进度: 8301/10428 (79.6%)
处理进度: 8401/10428 (80.6%)
处理进度: 8501/10428 (81.5%)
处理进度: 8601/10428 (82.5%)
处理进度: 8701/10428 (83.4%)
处理进度: 8801/10428 (84.4%)
处理进度: 8901/10428 (85.4%)
处理进度: 9001/10428 (86.3%)
处理进度: 9101/10428 (87.3%)
处理进度: 9201/10428 (88.2%)
处理进度: 9301/10428 (89.2%)
处理进度: 9401/10428 (90.2%)
处理进度: 9501/10428 (91.1%)
处理进度: 9601/10428 (92.1%)
处理进度: 9701/10428 (93.0%)
处理进度: 9801/10428 (94.0%)
处理进度: 9901/10428 (94.9%)
处理进度: 10001/10428 (95.9%)
处理进度: 10101/10428 (96.9%)
处理进度: 10201/10428 (97.8%)
处理进度: 10301/10428 (98.8%)
处理进度: 10401/10428 (99.7%)
处理进度: 10428/10428 (100.0%)
  样本映射: 72054470 -> 71554079
已完成激光数据时间戳映射
映射后激光数据时间戳范围: 71407205 - 71554079
在轨迹时间范围内的激光帧数: 10428/10428 (100.0%)
过滤有效的激光扫描数据...
过滤进度: 1/10428 (0.0%), 当前有效帧: 1
过滤进度: 101/10428 (1.0%), 当前有效帧: 101
过滤进度: 201/10428 (1.9%), 当前有效帧: 201
过滤进度: 301/10428 (2.9%), 当前有效帧: 301
过滤进度: 401/10428 (3.8%), 当前有效帧: 401
过滤进度: 501/10428 (4.8%), 当前有效帧: 501
过滤进度: 601/10428 (5.8%), 当前有效帧: 601
过滤进度: 701/10428 (6.7%), 当前有效帧: 701
过滤进度: 801/10428 (7.7%), 当前有效帧: 801
过滤进度: 901/10428 (8.6%), 当前有效帧: 901
过滤进度: 1001/10428 (9.6%), 当前有效帧: 1001
过滤进度: 1101/10428 (10.6%), 当前有效帧: 1101
过滤进度: 1201/10428 (11.5%), 当前有效帧: 1201
过滤进度: 1301/10428 (12.5%), 当前有效帧: 1301
过滤进度: 1401/10428 (13.4%), 当前有效帧: 1401
过滤进度: 1501/10428 (14.4%), 当前有效帧: 1501
过滤进度: 1601/10428 (15.4%), 当前有效帧: 1601
过滤进度: 1701/10428 (16.3%), 当前有效帧: 1701
过滤进度: 1801/10428 (17.3%), 当前有效帧: 1801
过滤进度: 1901/10428 (18.2%), 当前有效帧: 1901
过滤进度: 2001/10428 (19.2%), 当前有效帧: 2001
过滤进度: 2101/10428 (20.1%), 当前有效帧: 2101
过滤进度: 2201/10428 (21.1%), 当前有效帧: 2201
过滤进度: 2301/10428 (22.1%), 当前有效帧: 2301
过滤进度: 2401/10428 (23.0%), 当前有效帧: 2401
过滤进度: 2501/10428 (24.0%), 当前有效帧: 2501
过滤进度: 2601/10428 (24.9%), 当前有效帧: 2601
过滤进度: 2701/10428 (25.9%), 当前有效帧: 2701
过滤进度: 2801/10428 (26.9%), 当前有效帧: 2801
过滤进度: 2901/10428 (27.8%), 当前有效帧: 2901
过滤进度: 3001/10428 (28.8%), 当前有效帧: 3001
过滤进度: 3101/10428 (29.7%), 当前有效帧: 3101
过滤进度: 3201/10428 (30.7%), 当前有效帧: 3201
过滤进度: 3301/10428 (31.7%), 当前有效帧: 3301
过滤进度: 3401/10428 (32.6%), 当前有效帧: 3401
过滤进度: 3501/10428 (33.6%), 当前有效帧: 3501
过滤进度: 3601/10428 (34.5%), 当前有效帧: 3601
过滤进度: 3701/10428 (35.5%), 当前有效帧: 3701
过滤进度: 3801/10428 (36.4%), 当前有效帧: 3801
过滤进度: 3901/10428 (37.4%), 当前有效帧: 3901
过滤进度: 4001/10428 (38.4%), 当前有效帧: 4001
过滤进度: 4101/10428 (39.3%), 当前有效帧: 4101
过滤进度: 4201/10428 (40.3%), 当前有效帧: 4201
过滤进度: 4301/10428 (41.2%), 当前有效帧: 4301
过滤进度: 4401/10428 (42.2%), 当前有效帧: 4401
过滤进度: 4501/10428 (43.2%), 当前有效帧: 4501
过滤进度: 4601/10428 (44.1%), 当前有效帧: 4601
过滤进度: 4701/10428 (45.1%), 当前有效帧: 4701
过滤进度: 4801/10428 (46.0%), 当前有效帧: 4801
过滤进度: 4901/10428 (47.0%), 当前有效帧: 4901
过滤进度: 5001/10428 (48.0%), 当前有效帧: 5001
过滤进度: 5101/10428 (48.9%), 当前有效帧: 5101
过滤进度: 5201/10428 (49.9%), 当前有效帧: 5201
过滤进度: 5301/10428 (50.8%), 当前有效帧: 5301
过滤进度: 5401/10428 (51.8%), 当前有效帧: 5401
过滤进度: 5501/10428 (52.8%), 当前有效帧: 5501
过滤进度: 5601/10428 (53.7%), 当前有效帧: 5601
过滤进度: 5701/10428 (54.7%), 当前有效帧: 5701
过滤进度: 5801/10428 (55.6%), 当前有效帧: 5801
过滤进度: 5901/10428 (56.6%), 当前有效帧: 5901
过滤进度: 6001/10428 (57.5%), 当前有效帧: 6001
过滤进度: 6101/10428 (58.5%), 当前有效帧: 6101
过滤进度: 6201/10428 (59.5%), 当前有效帧: 6201
过滤进度: 6301/10428 (60.4%), 当前有效帧: 6301
过滤进度: 6401/10428 (61.4%), 当前有效帧: 6401
过滤进度: 6501/10428 (62.3%), 当前有效帧: 6501
过滤进度: 6601/10428 (63.3%), 当前有效帧: 6601
过滤进度: 6701/10428 (64.3%), 当前有效帧: 6701
过滤进度: 6801/10428 (65.2%), 当前有效帧: 6801⏳ 正在转换数据 - 已等待 20/300 秒...
[INFO] [1742636778.114559012] [rosbag2_storage]: Opened database 'lms_data.bag/lms_data.bag_0.db3' for READ_WRITE.

过滤进度: 6901/10428 (66.2%), 当前有效帧: 6901
过滤进度: 7001/10428 (67.1%), 当前有效帧: 7001
过滤进度: 7101/10428 (68.1%), 当前有效帧: 7101
过滤进度: 7201/10428 (69.1%), 当前有效帧: 7201
过滤进度: 7301/10428 (70.0%), 当前有效帧: 7301
过滤进度: 7401/10428 (71.0%), 当前有效帧: 7401
过滤进度: 7501/10428 (71.9%), 当前有效帧: 7501
过滤进度: 7601/10428 (72.9%), 当前有效帧: 7601
过滤进度: 7701/10428 (73.8%), 当前有效帧: 7701
过滤进度: 7801/10428 (74.8%), 当前有效帧: 7801
过滤进度: 7901/10428 (75.8%), 当前有效帧: 7901
过滤进度: 8001/10428 (76.7%), 当前有效帧: 8001
过滤进度: 8101/10428 (77.7%), 当前有效帧: 8101
过滤进度: 8201/10428 (78.6%), 当前有效帧: 8201
过滤进度: 8301/10428 (79.6%), 当前有效帧: 8301
过滤进度: 8401/10428 (80.6%), 当前有效帧: 8401
过滤进度: 8501/10428 (81.5%), 当前有效帧: 8501
过滤进度: 8601/10428 (82.5%), 当前有效帧: 8601
过滤进度: 8701/10428 (83.4%), 当前有效帧: 8701
过滤进度: 8801/10428 (84.4%), 当前有效帧: 8801
过滤进度: 8901/10428 (85.4%), 当前有效帧: 8901
过滤进度: 9001/10428 (86.3%), 当前有效帧: 9001
过滤进度: 9101/10428 (87.3%), 当前有效帧: 9101
过滤进度: 9201/10428 (88.2%), 当前有效帧: 9201
过滤进度: 9301/10428 (89.2%), 当前有效帧: 9301
过滤进度: 9401/10428 (90.2%), 当前有效帧: 9401
过滤进度: 9501/10428 (91.1%), 当前有效帧: 9501
过滤进度: 9601/10428 (92.1%), 当前有效帧: 9601
过滤进度: 9701/10428 (93.0%), 当前有效帧: 9701
过滤进度: 9801/10428 (94.0%), 当前有效帧: 9801
过滤进度: 9901/10428 (94.9%), 当前有效帧: 9901
过滤进度: 10001/10428 (95.9%), 当前有效帧: 10001
过滤进度: 10101/10428 (96.9%), 当前有效帧: 10101
过滤进度: 10201/10428 (97.8%), 当前有效帧: 10201
过滤进度: 10301/10428 (98.8%), 当前有效帧: 10301
过滤进度: 10401/10428 (99.7%), 当前有效帧: 10401
过滤进度: 10428/10428 (100.0%), 当前有效帧: 10428
有效激光扫描数据帧数: 10428/10428
在轨迹时间范围内 (71407205 - 71554079) 的有效帧占总帧数的 100.0%
创建插值轨迹点...
插值进度: 1/10428 (0.0%)
插值进度: 101/10428 (1.0%)
插值进度: 201/10428 (1.9%)
插值进度: 301/10428 (2.9%)
插值进度: 401/10428 (3.8%)
插值进度: 501/10428 (4.8%)
插值进度: 601/10428 (5.8%)
插值进度: 701/10428 (6.7%)
插值进度: 801/10428 (7.7%)
插值进度: 901/10428 (8.6%)
插值进度: 1001/10428 (9.6%)
插值进度: 1101/10428 (10.6%)
插值进度: 1201/10428 (11.5%)
插值进度: 1301/10428 (12.5%)
插值进度: 1401/10428 (13.4%)
插值进度: 1501/10428 (14.4%)
插值进度: 1601/10428 (15.4%)
插值进度: 1701/10428 (16.3%)
插值进度: 1801/10428 (17.3%)
插值进度: 1901/10428 (18.2%)
插值进度: 2001/10428 (19.2%)
插值进度: 2101/10428 (20.1%)
插值进度: 2201/10428 (21.1%)
插值进度: 2301/10428 (22.1%)
插值进度: 2401/10428 (23.0%)
插值进度: 2501/10428 (24.0%)
插值进度: 2601/10428 (24.9%)
插值进度: 2701/10428 (25.9%)
插值进度: 2801/10428 (26.9%)
插值进度: 2901/10428 (27.8%)
插值进度: 3001/10428 (28.8%)
插值进度: 3101/10428 (29.7%)
插值进度: 3201/10428 (30.7%)
插值进度: 3301/10428 (31.7%)
插值进度: 3401/10428 (32.6%)
插值进度: 3501/10428 (33.6%)
插值进度: 3601/10428 (34.5%)
插值进度: 3701/10428 (35.5%)
插值进度: 3801/10428 (36.4%)
插值进度: 3901/10428 (37.4%)
插值进度: 4001/10428 (38.4%)
插值进度: 4101/10428 (39.3%)
插值进度: 4201/10428 (40.3%)
插值进度: 4301/10428 (41.2%)
插值进度: 4401/10428 (42.2%)
插值进度: 4501/10428 (43.2%)
插值进度: 4601/10428 (44.1%)
插值进度: 4701/10428 (45.1%)
插值进度: 4801/10428 (46.0%)
插值进度: 4901/10428 (47.0%)
插值进度: 5001/10428 (48.0%)
插值进度: 5101/10428 (48.9%)
插值进度: 5201/10428 (49.9%)
插值进度: 5301/10428 (50.8%)
插值进度: 5401/10428 (51.8%)
插值进度: 5501/10428 (52.8%)
插值进度: 5601/10428 (53.7%)
插值进度: 5701/10428 (54.7%)
插值进度: 5801/10428 (55.6%)
插值进度: 5901/10428 (56.6%)
插值进度: 6001/10428 (57.5%)
插值进度: 6101/10428 (58.5%)
插值进度: 6201/10428 (59.5%)
插值进度: 6301/10428 (60.4%)
插值进度: 6401/10428 (61.4%)
插值进度: 6501/10428 (62.3%)
插值进度: 6601/10428 (63.3%)
插值进度: 6701/10428 (64.3%)
插值进度: 6801/10428 (65.2%)
插值进度: 6901/10428 (66.2%)
插值进度: 7001/10428 (67.1%)
插值进度: 7101/10428 (68.1%)
插值进度: 7201/10428 (69.1%)
插值进度: 7301/10428 (70.0%)
插值进度: 7401/10428 (71.0%)
插值进度: 7501/10428 (71.9%)
插值进度: 7601/10428 (72.9%)
插值进度: 7701/10428 (73.8%)
插值进度: 7801/10428 (74.8%)
插值进度: 7901/10428 (75.8%)
插值进度: 8001/10428 (76.7%)
插值进度: 8101/10428 (77.7%)
插值进度: 8201/10428 (78.6%)
插值进度: 8301/10428 (79.6%)
插值进度: 8401/10428 (80.6%)
插值进度: 8501/10428 (81.5%)
插值进度: 8601/10428 (82.5%)
插值进度: 8701/10428 (83.4%)
插值进度: 8801/10428 (84.4%)
插值进度: 8901/10428 (85.4%)
插值进度: 9001/10428 (86.3%)
插值进度: 9101/10428 (87.3%)
插值进度: 9201/10428 (88.2%)
插值进度: 9301/10428 (89.2%)
插值进度: 9401/10428 (90.2%)
插值进度: 9501/10428 (91.1%)
插值进度: 9601/10428 (92.1%)
插值进度: 9701/10428 (93.0%)
插值进度: 9801/10428 (94.0%)
插值进度: 9901/10428 (94.9%)
插值进度: 10001/10428 (95.9%)
插值进度: 10101/10428 (96.9%)
插值进度: 10201/10428 (97.8%)
插值进度: 10301/10428 (98.8%)
插值进度: 10401/10428 (99.7%)
插值进度: 10428/10428 (100.0%)
扩充轨迹点: 原始=2355, 扩充后=10428
时间戳完全匹配的激光帧数: 10428/10428 (100.0%)
创建rosbag文件: lms_data.bag
生成rosbag时间戳...
写入所有轨迹点...
轨迹写入进度: 1/10428 (0.0%)
轨迹写入进度: 101/10428 (1.0%)
轨迹写入进度: 201/10428 (1.9%)
轨迹写入进度: 301/10428 (2.9%)
轨迹写入进度: 401/10428 (3.8%)
轨迹写入进度: 501/10428 (4.8%)
轨迹写入进度: 601/10428 (5.8%)
轨迹写入进度: 701/10428 (6.7%)
轨迹写入进度: 801/10428 (7.7%)
轨迹写入进度: 901/10428 (8.6%)
轨迹写入进度: 1001/10428 (9.6%)
轨迹写入进度: 1101/10428 (10.6%)
轨迹写入进度: 1201/10428 (11.5%)
轨迹写入进度: 1301/10428 (12.5%)
轨迹写入进度: 1401/10428 (13.4%)
轨迹写入进度: 1501/10428 (14.4%)
轨迹写入进度: 1601/10428 (15.4%)
轨迹写入进度: 1701/10428 (16.3%)
轨迹写入进度: 1801/10428 (17.3%)
轨迹写入进度: 1901/10428 (18.2%)
轨迹写入进度: 2001/10428 (19.2%)
轨迹写入进度: 2101/10428 (20.1%)
轨迹写入进度: 2201/10428 (21.1%)
轨迹写入进度: 2301/10428 (22.1%)
轨迹写入进度: 2401/10428 (23.0%)
轨迹写入进度: 2501/10428 (24.0%)
轨迹写入进度: 2601/10428 (24.9%)
轨迹写入进度: 2701/10428 (25.9%)
轨迹写入进度: 2801/10428 (26.9%)
轨迹写入进度: 2901/10428 (27.8%)
轨迹写入进度: 3001/10428 (28.8%)
轨迹写入进度: 3101/10428 (29.7%)
轨迹写入进度: 3201/10428 (30.7%)
轨迹写入进度: 3301/10428 (31.7%)
轨迹写入进度: 3401/10428 (32.6%)
轨迹写入进度: 3501/10428 (33.6%)
轨迹写入进度: 3601/10428 (34.5%)
轨迹写入进度: 3701/10428 (35.5%)
轨迹写入进度: 3801/10428 (36.4%)
轨迹写入进度: 3901/10428 (37.4%)
轨迹写入进度: 4001/10428 (38.4%)
轨迹写入进度: 4101/10428 (39.3%)
轨迹写入进度: 4201/10428 (40.3%)
轨迹写入进度: 4301/10428 (41.2%)
轨迹写入进度: 4401/10428 (42.2%)
轨迹写入进度: 4501/10428 (43.2%)
轨迹写入进度: 4601/10428 (44.1%)
轨迹写入进度: 4701/10428 (45.1%)
轨迹写入进度: 4801/10428 (46.0%)
轨迹写入进度: 4901/10428 (47.0%)
轨迹写入进度: 5001/10428 (48.0%)
轨迹写入进度: 5101/10428 (48.9%)
轨迹写入进度: 5201/10428 (49.9%)
轨迹写入进度: 5301/10428 (50.8%)
轨迹写入进度: 5401/10428 (51.8%)
轨迹写入进度: 5501/10428 (52.8%)
轨迹写入进度: 5601/10428 (53.7%)
轨迹写入进度: 5701/10428 (54.7%)
轨迹写入进度: 5801/10428 (55.6%)
⏳ 正在转换数据 - 已等待 30/300 秒...
⏳ 正在转换数据 - 已等待 40/300 秒...
轨迹写入进度: 5901/10428 (56.6%)
轨迹写入进度: 6001/10428 (57.5%)
轨迹写入进度: 6101/10428 (58.5%)
轨迹写入进度: 6201/10428 (59.5%)
轨迹写入进度: 6301/10428 (60.4%)
轨迹写入进度: 6401/10428 (61.4%)
轨迹写入进度: 6501/10428 (62.3%)
轨迹写入进度: 6601/10428 (63.3%)
轨迹写入进度: 6701/10428 (64.3%)
轨迹写入进度: 6801/10428 (65.2%)
轨迹写入进度: 6901/10428 (66.2%)
轨迹写入进度: 7001/10428 (67.1%)
轨迹写入进度: 7101/10428 (68.1%)
轨迹写入进度: 7201/10428 (69.1%)
轨迹写入进度: 7301/10428 (70.0%)
轨迹写入进度: 7401/10428 (71.0%)
轨迹写入进度: 7501/10428 (71.9%)
轨迹写入进度: 7601/10428 (72.9%)
轨迹写入进度: 7701/10428 (73.8%)
轨迹写入进度: 7801/10428 (74.8%)
轨迹写入进度: 7901/10428 (75.8%)
轨迹写入进度: 8001/10428 (76.7%)
轨迹写入进度: 8101/10428 (77.7%)
轨迹写入进度: 8201/10428 (78.6%)
轨迹写入进度: 8301/10428 (79.6%)
轨迹写入进度: 8401/10428 (80.6%)
轨迹写入进度: 8501/10428 (81.5%)
轨迹写入进度: 8601/10428 (82.5%)
轨迹写入进度: 8701/10428 (83.4%)
轨迹写入进度: 8801/10428 (84.4%)
轨迹写入进度: 8901/10428 (85.4%)
轨迹写入进度: 9001/10428 (86.3%)
轨迹写入进度: 9101/10428 (87.3%)
轨迹写入进度: 9201/10428 (88.2%)
轨迹写入进度: 9301/10428 (89.2%)
轨迹写入进度: 9401/10428 (90.2%)
轨迹写入进度: 9501/10428 (91.1%)
轨迹写入进度: 9601/10428 (92.1%)
轨迹写入进度: 9701/10428 (93.0%)
轨迹写入进度: 9801/10428 (94.0%)
轨迹写入进度: 9901/10428 (94.9%)
轨迹写入进度: 10001/10428 (95.9%)
轨迹写入进度: 10101/10428 (96.9%)
轨迹写入进度: 10201/10428 (97.8%)
轨迹写入进度: 10301/10428 (98.8%)
轨迹写入进度: 10401/10428 (99.7%)
轨迹写入进度: 10428/10428 (100.0%)
写入所有激光帧...
激光帧写入进度: 1/10428 (0.0%)
激光帧写入进度: 101/10428 (1.0%)
激光帧写入进度: 201/10428 (1.9%)
激光帧写入进度: 301/10428 (2.9%)
激光帧写入进度: 401/10428 (3.8%)
激光帧写入进度: 501/10428 (4.8%)
激光帧写入进度: 601/10428 (5.8%)
激光帧写入进度: 701/10428 (6.7%)
激光帧写入进度: 801/10428 (7.7%)
激光帧写入进度: 901/10428 (8.6%)
激光帧写入进度: 1001/10428 (9.6%)
激光帧写入进度: 1101/10428 (10.6%)
激光帧写入进度: 1201/10428 (11.5%)
激光帧写入进度: 1301/10428 (12.5%)
激光帧写入进度: 1401/10428 (13.4%)
激光帧写入进度: 1501/10428 (14.4%)
激光帧写入进度: 1601/10428 (15.4%)
激光帧写入进度: 1701/10428 (16.3%)
激光帧写入进度: 1801/10428 (17.3%)
激光帧写入进度: 1901/10428 (18.2%)
激光帧写入进度: 2001/10428 (19.2%)
激光帧写入进度: 2101/10428 (20.1%)
激光帧写入进度: 2201/10428 (21.1%)
激光帧写入进度: 2301/10428 (22.1%)
激光帧写入进度: 2401/10428 (23.0%)
激光帧写入进度: 2501/10428 (24.0%)
激光帧写入进度: 2601/10428 (24.9%)
激光帧写入进度: 2701/10428 (25.9%)
激光帧写入进度: 2801/10428 (26.9%)
激光帧写入进度: 2901/10428 (27.8%)
激光帧写入进度: 3001/10428 (28.8%)
激光帧写入进度: 3101/10428 (29.7%)
激光帧写入进度: 3201/10428 (30.7%)
激光帧写入进度: 3301/10428 (31.7%)
激光帧写入进度: 3401/10428 (32.6%)
激光帧写入进度: 3501/10428 (33.6%)
激光帧写入进度: 3601/10428 (34.5%)
激光帧写入进度: 3701/10428 (35.5%)
激光帧写入进度: 3801/10428 (36.4%)
激光帧写入进度: 3901/10428 (37.4%)
激光帧写入进度: 4001/10428 (38.4%)
激光帧写入进度: 4101/10428 (39.3%)
激光帧写入进度: 4201/10428 (40.3%)
激光帧写入进度: 4301/10428 (41.2%)
激光帧写入进度: 4401/10428 (42.2%)
激光帧写入进度: 4501/10428 (43.2%)
激光帧写入进度: 4601/10428 (44.1%)
激光帧写入进度: 4701/10428 (45.1%)
激光帧写入进度: 4801/10428 (46.0%)
激光帧写入进度: 4901/10428 (47.0%)
激光帧写入进度: 5001/10428 (48.0%)
激光帧写入进度: 5101/10428 (48.9%)
激光帧写入进度: 5201/10428 (49.9%)
激光帧写入进度: 5301/10428 (50.8%)
激光帧写入进度: 5401/10428 (51.8%)
激光帧写入进度: 5501/10428 (52.8%)
激光帧写入进度: 5601/10428 (53.7%)
激光帧写入进度: 5701/10428 (54.7%)
激光帧写入进度: 5801/10428 (55.6%)
激光帧写入进度: 5901/10428 (56.6%)
激光帧写入进度: 6001/10428 (57.5%)
激光帧写入进度: 6101/10428 (58.5%)
激光帧写入进度: 6201/10428 (59.5%)
激光帧写入进度: 6301/10428 (60.4%)
激光帧写入进度: 6401/10428 (61.4%)
激光帧写入进度: 6501/10428 (62.3%)
激光帧写入进度: 6601/10428 (63.3%)
激光帧写入进度: 6701/10428 (64.3%)
激光帧写入进度: 6801/10428 (65.2%)
激光帧写入进度: 6901/10428 (66.2%)
激光帧写入进度: 7001/10428 (67.1%)
激光帧写入进度: 7101/10428 (68.1%)
激光帧写入进度: 7201/10428 (69.1%)
激光帧写入进度: 7301/10428 (70.0%)
激光帧写入进度: 7401/10428 (71.0%)
激光帧写入进度: 7501/10428 (71.9%)
激光帧写入进度: 7601/10428 (72.9%)
激光帧写入进度: 7701/10428 (73.8%)
激光帧写入进度: 7801/10428 (74.8%)
激光帧写入进度: 7901/10428 (75.8%)
激光帧写入进度: 8001/10428 (76.7%)
激光帧写入进度: 8101/10428 (77.7%)
激光帧写入进度: 8201/10428 (78.6%)
激光帧写入进度: 8301/10428 (79.6%)
激光帧写入进度: 8401/10428 (80.6%)
激光帧写入进度: 8501/10428 (81.5%)
激光帧写入进度: 8601/10428 (82.5%)
激光帧写入进度: 8701/10428 (83.4%)
激光帧写入进度: 8801/10428 (84.4%)
激光帧写入进度: 8901/10428 (85.4%)
激光帧写入进度: 9001/10428 (86.3%)
激光帧写入进度: 9101/10428 (87.3%)
激光帧写入进度: 9201/10428 (88.2%)
激光帧写入进度: 9301/10428 (89.2%)
激光帧写入进度: 9401/10428 (90.2%)
激光帧写入进度: 9501/10428 (91.1%)
激光帧写入进度: 9601/10428 (92.1%)
激光帧写入进度: 9701/10428 (93.0%)
激光帧写入进度: 9801/10428 (94.0%)
激光帧写入进度: 9901/10428 (94.9%)
激光帧写入进度: 10001/10428 (95.9%)
激光帧写入进度: 10101/10428 (96.9%)
激光帧写入进度: 10201/10428 (97.8%)
激光帧写入进度: 10301/10428 (98.8%)
激光帧写入进度: 10401/10428 (99.7%)
激光帧写入进度: 10428/10428 (100.0%)
成功将数据写入ROS2 bag文件: lms_data.bag
总共写入帧数: 10428
总有效激光点数: 3715347, 平均每帧: 356.3
使用的轨迹时间戳范围: 71407205 - 71554079
处理用时: 53.61秒
ROS2 Bag文件写入完成
✅ 命令已完成
检查rosbag内容...
⏱️ 执行命令 (最长30秒): ros2 bag info lms_data.bag

Files:             lms_data.bag_0.db3
Bag size:          31.3 MiB
Storage id:        sqlite3
Duration:          146.874000000s
Start:             Jan  1 1970 08:00:01.000000000 (1.000000000)
End:               Jan  1 1970 08:02:27.874000000 (147.874000000)
Messages:          41712
Topic information: Topic: /clock | Type: rosgraph_msgs/msg/Clock | Count: 10428 | Serialization Format: cdr
                   Topic: scan | Type: sensor_msgs/msg/LaserScan | Count: 10428 | Serialization Format: cdr
                   Topic: odom | Type: nav_msgs/msg/Odometry | Count: 10428 | Serialization Format: cdr
                   Topic: tf | Type: tf2_msgs/msg/TFMessage | Count: 10428 | Serialization Format: cdr

✅ 命令已完成
正在启动LMS Mapper节点...
执行: python3 /IntelligentMobileRobots2025/work3/src/lms_mapper/lms_mapper/lms_mapper_node.py --ros-args -p map_save_path:=occupancy_grid.png
设置ROS2使用模拟时钟...
usage: ros2 param set [-h] [--spin-time SPIN_TIME] [-s] [--no-daemon]
                      [--include-hidden-nodes]
                      node_name parameter_name value
ros2 param set: error: the following arguments are required: value
无法设置全局参数，将在节点启动时设置
等待节点启动...
[INFO] [1742636839.555742305] [lms_mapper_node]: 地图参数: 尺寸=1000x1000, 分辨率=0.1米/格
[INFO] [1742636839.559346763] [lms_mapper_node]: 地图重置功能已禁用，将持续累积所有障碍物数据
[INFO] [1742636839.563105513] [lms_mapper_node]: 中间地图保存间隔: 60.0秒
[INFO] [1742636839.563354221] [lms_mapper_node]: 清除过期障碍物功能已禁用，将保留所有检测到的障碍物
[INFO] [1742636839.563589513] [lms_mapper_node]: 运动过滤功能已启用：最小运动距离=0.5米，静止忽略时间=0.2秒
[INFO] [1742636839.566586263] [lms_mapper_node]: 使用自适应阈值：基础阈值=2，距离因子=0.5
[INFO] [1742636839.613299430] [lms_mapper_node]: LMS mapper node已启动
节点已启动，PID: 58597
检查可用的话题...
/clock
/map
/odom
/parameter_events
/rosout
/scan
等待话题准备就绪...
✅ /map 话题已准备就绪
正在播放rosbag数据...
等待系统准备就绪，确保时钟同步...
开始播放rosbag...
等待rosbag播放完成...
stdin is not a terminal device. Keyboard handling disabled.[INFO] [1742636860.562197300] [rosbag2_storage]: Opened database 'lms_data.bag/lms_data.bag_0.db3' for READ_ONLY.
[INFO] [1742636860.607535842] [rosbag2_player]: Set rate to 0.1
[INFO] [1742636860.783972592] [rosbag2_player]: Adding keyboard callbacks.
[INFO] [1742636860.787573759] [rosbag2_player]: Press SPACE for Pause/Resume
[INFO] [1742636860.788058800] [rosbag2_player]: Press CURSOR_RIGHT for Play Next Message
[INFO] [1742636860.788198509] [rosbag2_player]: Press CURSOR_UP for Increase Rate 10%
[INFO] [1742636860.788308800] [rosbag2_player]: Press CURSOR_DOWN for Decrease Rate 10%
[INFO] [1742636860.793539675] [rosbag2_storage]: Opened database 'lms_data.bag/lms_data.bag_0.db3' for READ_ONLY.
[INFO] [1742636861.289963467] [lms_mapper_node]: 接收到激光数据: frame_id=laser, 点数=361
[INFO] [1742636861.434139384] [lms_mapper_node]: 记录起始位置: x=0.00, y=0.00, theta=0.00
[INFO] [1742636861.466527551] [lms_mapper_node]: 记录起始位置: x=0.00, y=0.00, theta=0.00
[INFO] [1742636861.469420759] [lms_mapper_node]: 当前使用的障碍物计数阈值: 1
[INFO] [1742636867.777660887] [lms_mapper_node]: 机器人静止中 (6.4秒)，跳过处理激光数据
⏳ 正在播放rosbag - 已等待 15/3600 秒...
当前活跃话题:
[INFO] [1742636874.811841043] [lms_mapper_node]: 机器人静止中 (13.4秒)，跳过处理激光数据
[INFO] [1742636874.949704501] [lms_mapper_node]: 接收到激光数据: frame_id=laser, 点数=361
[INFO] [1742636874.950018459] [lms_mapper_node]: 【激光雷达坐标】x=0.0000, y=0.0000, theta=0.0000
/clock
/events/read_split
/map
/odom
/parameter_events
/rosout
/scan
/tf
[INFO] [1742636882.940532755] [lms_mapper_node]: 机器人静止中 (21.5秒)，跳过处理激光数据
[INFO] [1742636889.438426800] [lms_mapper_node]: 机器人静止中 (28.0秒)，跳过处理激光数据
[INFO] [1742636889.439103008] [lms_mapper_node]: 机器人静止中: 28.0秒, 位置: (0.00, 0.00)
[INFO] [1742636889.627345550] [lms_mapper_node]: 接收到激光数据: frame_id=laser, 点数=361
[INFO] [1742636889.627708883] [lms_mapper_node]: 【激光雷达坐标】x=0.0000, y=0.0000, theta=0.0000
⏳ 正在播放rosbag - 已等待 30/3600 秒...
当前活跃话题:
[INFO] [1742636896.919297512] [lms_mapper_node]: 机器人静止中 (35.5秒)，跳过处理激光数据
/clock
/events/read_split
/map
/odom
/parameter_events
/rosout
/scan
/tf
[INFO] [1742636903.335045167] [lms_mapper_node]: 【进度报告】运行时间: 63.8秒, 处理扫描: 278帧, 轨迹点: 278个, 障碍物格子: 98个, 轨迹已更新
[INFO] [1742636903.449071584] [lms_mapper_node]: 共绘制障碍物点 98个
[INFO] [1742636903.455037084] [lms_mapper_node]: 障碍物世界坐标范围: X=-1.50到0.90, Y=0.00到6.60
[INFO] [1742636903.455503084] [lms_mapper_node]: 中间地图 #1: 绘制轨迹 278个点, 障碍物 98个
⏳ 正在播放rosbag - 已等待 45/3600 秒...
当前活跃话题:
/clock
/events/read_split
/map
/odom
/parameter_events
/rosout
/scan
/tf
⏳ 正在播放rosbag - 已等待 60/3600 秒...
当前活跃话题:
/clock
/events/read_split
/map
/odom
/parameter_events
/rosout
/scan
/tf
⏳ 正在播放rosbag - 已等待 75/3600 秒...
当前活跃话题:
[INFO] [1742636965.415960043] [lms_mapper_node]: 地图显示边界: X=-20.0到50.0, Y=-20.0到55.0
/clock
/events/read_split
/map
/odom
/parameter_events
/rosout
/scan
/tf
[INFO] [1742636968.453659128] [lms_mapper_node]: 已保存中间地图 #1 到: map_checkpoint_1.png
[INFO] [1742636970.112053587] [lms_mapper_node]: 【进度报告】运行时间: 130.5秒, 处理扫描: 288帧, 轨迹点: 288个, 障碍物格子: 98个, 轨迹已更新
[INFO] [1742636970.146533670] [lms_mapper_node]: 共绘制障碍物点 98个
[INFO] [1742636970.147321670] [lms_mapper_node]: 障碍物世界坐标范围: X=-1.50到0.90, Y=0.00到6.60
[INFO] [1742636970.147681504] [lms_mapper_node]: 中间地图 #2: 绘制轨迹 288个点, 障碍物 98个
[INFO] [1742636977.222088215] [lms_mapper_node]: 地图显示边界: X=-20.0到50.0, Y=-20.0到55.0
[INFO] [1742636980.622941967] [lms_mapper_node]: 已保存中间地图 #2 到: map_checkpoint_2.png
[INFO] [1742636982.231267676] [lms_mapper_node]: 机器人静止中 (120.8秒)，跳过处理激光数据
⏳ 正在播放rosbag - 已等待 90/3600 秒...
当前活跃话题:
[INFO] [1742636984.342438094] [lms_mapper_node]: 接收到激光数据: frame_id=laser, 点数=361
[INFO] [1742636984.437163469] [lms_mapper_node]: 【激光雷达坐标】x=0.0000, y=0.0000, theta=0.0000
/clock
/events/read_split
/map
/odom
/parameter_events
/rosout
/scan
/tf
[INFO] [1742636989.889402971] [lms_mapper_node]: 机器人静止中 (128.5秒)，跳过处理激光数据
[INFO] [1742636997.249487836] [lms_mapper_node]: 机器人静止中 (135.8秒)，跳过处理激光数据
[INFO] [1742636997.365346919] [lms_mapper_node]: 接收到激光数据: frame_id=laser, 点数=361
[INFO] [1742636997.365793169] [lms_mapper_node]: 【激光雷达坐标】x=0.0000, y=0.0000, theta=0.0000
[INFO] [1742636997.379511794] [lms_mapper_node]: 机器人静止中: 136.0秒, 位置: (0.00, 0.00)
[INFO] [1742637003.690285422] [lms_mapper_node]: 【进度报告】运行时间: 164.1秒, 处理扫描: 426帧, 轨迹点: 425个, 障碍物格子: 98个, 轨迹已更新
[INFO] [1742637003.830035380] [lms_mapper_node]: 共绘制障碍物点 98个
[INFO] [1742637003.853683922] [lms_mapper_node]: 障碍物世界坐标范围: X=-1.50到0.90, Y=0.00到6.60
[INFO] [1742637003.855704047] [lms_mapper_node]: 中间地图 #3: 绘制轨迹 425个点, 障碍物 98个
⏳ 正在播放rosbag - 已等待 105/3600 秒...
当前活跃话题:
[INFO] [1742637007.451675382] [lms_mapper_node]: 地图显示边界: X=-20.0到50.0, Y=-20.0到55.0
/clock
/events/read_split
/map
/odom
/parameter_events
/rosout
/scan
/tf
[INFO] [1742637010.608737050] [lms_mapper_node]: 已保存中间地图 #3 到: map_checkpoint_3.png
[INFO] [1742637012.691891635] [lms_mapper_node]: 机器人静止中 (151.3秒)，跳过处理激光数据
[INFO] [1742637019.765241096] [lms_mapper_node]: 机器人静止中 (158.4秒)，跳过处理激光数据
[INFO] [1742637019.950981430] [lms_mapper_node]: 接收到激光数据: frame_id=laser, 点数=361
[INFO] [1742637019.951316221] [lms_mapper_node]: 【激光雷达坐标】x=0.0000, y=0.0000, theta=0.0000
⏳ 正在播放rosbag - 已等待 120/3600 秒...
当前活跃话题:
[INFO] [1742637026.769832710] [lms_mapper_node]: 机器人静止中 (165.4秒)，跳过处理激光数据
/clock
/events/read_split
/map
/odom
/parameter_events
/rosout
/scan
/tf
[INFO] [1742637033.985361755] [lms_mapper_node]: 机器人静止中 (172.6秒)，跳过处理激光数据
[INFO] [1742637034.162339839] [lms_mapper_node]: 接收到激光数据: frame_id=laser, 点数=361
[INFO] [1742637034.163521464] [lms_mapper_node]: 【激光雷达坐标】x=0.0000, y=0.0000, theta=0.0000
[INFO] [1742637035.914361131] [lms_mapper_node]: 机器人静止中: 174.4秒, 位置: (0.00, 0.00)
[INFO] [1742637043.130471510] [lms_mapper_node]: 机器人静止中 (181.7秒)，跳过处理激光数据
⏳ 正在播放rosbag - 已等待 135/3600 秒...
当前活跃话题:
[INFO] [1742637049.184433221] [lms_mapper_node]: 机器人静止中 (187.8秒)，跳过处理激光数据
[INFO] [1742637049.346739929] [lms_mapper_node]: 接收到激光数据: frame_id=laser, 点数=361
[INFO] [1742637049.347146346] [lms_mapper_node]: 【激光雷达坐标】x=0.0000, y=0.0000, theta=0.0000
/clock
/events/read_split
/map
/odom
/parameter_events
/rosout
/scan
/tf
[INFO] [1742637052.918011208] [lms_mapper_node]: 【进度报告】运行时间: 213.3秒, 处理扫描: 712帧, 轨迹点: 711个, 障碍物格子: 98个, 轨迹已更新
[INFO] [1742637052.998242500] [lms_mapper_node]: 共绘制障碍物点 98个
[INFO] [1742637053.022558917] [lms_mapper_node]: 障碍物世界坐标范围: X=-1.50到0.90, Y=0.00到6.60
[INFO] [1742637053.023024292] [lms_mapper_node]: 中间地图 #4: 绘制轨迹 711个点, 障碍物 98个
[INFO] [1742637059.077441545] [lms_mapper_node]: 地图显示边界: X=-20.0到50.0, Y=-20.0到55.0
[INFO] [1742637062.490275421] [lms_mapper_node]: 已保存中间地图 #4 到: map_checkpoint_4.png
⏳ 正在播放rosbag - 已等待 150/3600 秒...
当前活跃话题:
[INFO] [1742637068.064394382] [lms_mapper_node]: 机器人静止中 (206.7秒)，跳过处理激光数据
/clock
/events/read_split
/map
/odom
/parameter_events
/rosout
/scan
/tf
[INFO] [1742637075.523696178] [lms_mapper_node]: 机器人静止中 (214.1秒)，跳过处理激光数据
[INFO] [1742637075.708470886] [lms_mapper_node]: 接收到激光数据: frame_id=laser, 点数=361
[INFO] [1742637075.708892969] [lms_mapper_node]: 【激光雷达坐标】x=0.0000, y=0.0000, theta=0.0000
[INFO] [1742637075.709639761] [lms_mapper_node]: 机器人静止中: 214.3秒, 位置: (0.00, 0.00)
[INFO] [1742637083.012004042] [lms_mapper_node]: 机器人静止中 (221.6秒)，跳过处理激光数据
⏳ 正在播放rosbag - 已等待 165/3600 秒...
当前活跃话题:
[INFO] [1742637090.062952837] [lms_mapper_node]: 机器人静止中 (228.7秒)，跳过处理激光数据
[INFO] [1742637090.185860920] [lms_mapper_node]: 接收到激光数据: frame_id=laser, 点数=361
[INFO] [1742637090.186180712] [lms_mapper_node]: 【激光雷达坐标】x=0.0000, y=0.0000, theta=0.0000
/clock
/events/read_split
/map
/odom
/parameter_events
/rosout
/scan
/tf
[INFO] [1742637097.539642132] [lms_mapper_node]: 机器人静止中 (236.1秒)，跳过处理激光数据
[INFO] [1742637102.937730301] [lms_mapper_node]: 【进度报告】运行时间: 263.4秒, 处理扫描: 974帧, 轨迹点: 973个, 障碍物格子: 98个, 轨迹已更新
[INFO] [1742637103.006097551] [lms_mapper_node]: 共绘制障碍物点 98个
[INFO] [1742637103.094426551] [lms_mapper_node]: 障碍物世界坐标范围: X=-1.50到0.90, Y=0.00到6.60
[INFO] [1742637103.095227468] [lms_mapper_node]: 中间地图 #5: 绘制轨迹 973个点, 障碍物 98个
[INFO] [1742637105.981619303] [lms_mapper_node]: 地图显示边界: X=-20.0到50.0, Y=-20.0到55.0
⏳ 正在播放rosbag - 已等待 180/3600 秒...
当前活跃话题:
[INFO] [1742637110.983539138] [lms_mapper_node]: 已保存中间地图 #5 到: map_checkpoint_5.png
/clock
/events/read_split
/map
/odom
/parameter_events
/rosout
/scan
/tf
[INFO] [1742637114.550670334] [lms_mapper_node]: 机器人静止中 (253.1秒)，跳过处理激光数据
[INFO] [1742637114.714050376] [lms_mapper_node]: 接收到激光数据: frame_id=laser, 点数=361
[INFO] [1742637114.714373168] [lms_mapper_node]: 【激光雷达坐标】x=0.0000, y=0.0000, theta=0.0000
[INFO] [1742637114.714925584] [lms_mapper_node]: 机器人静止中: 253.3秒, 位置: (0.00, 0.00)
[INFO] [1742637122.502330671] [lms_mapper_node]: 机器人静止中 (261.1秒)，跳过处理激光数据
[INFO] [1742637128.789478466] [lms_mapper_node]: 机器人静止中 (267.4秒)，跳过处理激光数据
[INFO] [1742637128.906121133] [lms_mapper_node]: 接收到激光数据: frame_id=laser, 点数=361
[INFO] [1742637128.906487341] [lms_mapper_node]: 【激光雷达坐标】x=0.0000, y=0.0000, theta=0.0000
⏳ 正在播放rosbag - 已等待 195/3600 秒...
当前活跃话题:
/clock
/events/read_split
/map
/odom
/parameter_events
/rosout
/scan
/tf
[INFO] [1742637136.139202511] [lms_mapper_node]: 机器人静止中 (274.7秒)，跳过处理激光数据
[INFO] [1742637143.713631167] [lms_mapper_node]: 机器人静止中 (282.3秒)，跳过处理激光数据
[INFO] [1742637143.891678917] [lms_mapper_node]: 接收到激光数据: frame_id=laser, 点数=361
[INFO] [1742637143.930810126] [lms_mapper_node]: 【激光雷达坐标】x=0.0000, y=0.0000, theta=0.0000
[INFO] [1742637143.931590751] [lms_mapper_node]: 机器人静止中: 282.5秒, 位置: (0.00, 0.00)
[INFO] [1742637150.786140754] [lms_mapper_node]: 机器人静止中 (289.4秒)，跳过处理激光数据
⏳ 正在播放rosbag - 已等待 210/3600 秒...
当前活跃话题:
[INFO] [1742637152.676279380] [lms_mapper_node]: 【进度报告】运行时间: 313.1秒, 处理扫描: 1251帧, 轨迹点: 1250个, 障碍物格子: 98个, 轨迹已更新
[INFO] [1742637152.739107546] [lms_mapper_node]: 共绘制障碍物点 98个
[INFO] [1742637152.772522630] [lms_mapper_node]: 障碍物世界坐标范围: X=-1.50到0.90, Y=0.00到6.60
[INFO] [1742637152.773099130] [lms_mapper_node]: 中间地图 #6: 绘制轨迹 1250个点, 障碍物 98个
/clock
/events/read_split
/map
/odom
/parameter_events
/rosout
/scan
/tf
[INFO] [1742637159.995583342] [lms_mapper_node]: 地图显示边界: X=-20.0到50.0, Y=-20.0到55.0
[INFO] [1742637164.111455718] [lms_mapper_node]: 已保存中间地图 #6 到: map_checkpoint_6.png
[INFO] [1742637170.791359263] [lms_mapper_node]: 机器人静止中 (309.4秒)，跳过处理激光数据
[INFO] [1742637170.897560305] [lms_mapper_node]: 接收到激光数据: frame_id=laser, 点数=361
[INFO] [1742637170.897872055] [lms_mapper_node]: 【激光雷达坐标】x=0.0000, y=0.0000, theta=0.0000
⏳ 正在播放rosbag - 已等待 225/3600 秒...
当前活跃话题:
[INFO] [1742637178.087534794] [lms_mapper_node]: 机器人静止中 (316.7秒)，跳过处理激光数据
/clock
/events/read_split
/map
/odom
/parameter_events
/rosout
/scan
/tf
[INFO] [1742637185.151184589] [lms_mapper_node]: 机器人静止中 (323.8秒)，跳过处理激光数据
[INFO] [1742637185.272129506] [lms_mapper_node]: 接收到激光数据: frame_id=laser, 点数=361
[INFO] [1742637185.272437381] [lms_mapper_node]: 【激光雷达坐标】x=0.0000, y=0.0000, theta=0.0000
[INFO] [1742637185.272986006] [lms_mapper_node]: 机器人静止中: 323.9秒, 位置: (0.00, 0.00)
[INFO] [1742637192.385552926] [lms_mapper_node]: 机器人静止中 (331.0秒)，跳过处理激光数据
⏳ 正在播放rosbag - 已等待 240/3600 秒...
当前活跃话题:
[INFO] [1742637199.242337763] [lms_mapper_node]: 机器人静止中 (337.8秒)，跳过处理激光数据
[INFO] [1742637199.399553013] [lms_mapper_node]: 接收到激光数据: frame_id=laser, 点数=361
[INFO] [1742637199.433217388] [lms_mapper_node]: 【激光雷达坐标】x=0.0031, y=1.0830, theta=0.0006
[INFO] [1742637201.952430041] [lms_mapper_node]: 【进度报告】运行时间: 362.4秒, 处理扫描: 1512帧, 轨迹点: 1511个, 障碍物格子: 98个, 轨迹已更新
[INFO] [1742637202.011649958] [lms_mapper_node]: 共绘制障碍物点 98个
[INFO] [1742637202.050901166] [lms_mapper_node]: 障碍物世界坐标范围: X=-1.50到0.90, Y=0.00到6.60
[INFO] [1742637202.052094625] [lms_mapper_node]: 中间地图 #7: 绘制轨迹 1511个点, 障碍物 98个
/clock
/events/read_split
/map
/odom
/parameter_events
/rosout
/scan
/tf
[INFO] [1742637208.681140711] [lms_mapper_node]: 地图显示边界: X=-20.0到50.0, Y=-20.0到55.0
[INFO] [1742637211.388671087] [lms_mapper_node]: 已保存中间地图 #7 到: map_checkpoint_7.png
[INFO] [1742637211.427351546] [lms_mapper_node]: 检测到机器人开始行驶，总静止时间: 350.03秒，当前位置: (-0.01, 2.09)
[WARN] [1742637211.455527587] [lms_mapper_node]: 激光扫描处理间隔较长: 349.85秒
[INFO] [1742637211.485781129] [lms_mapper_node]: 检测到机器人可能已到达终点，静止时间: 350.08秒，总行驶距离: 2.11米
[WARN] [1742637213.608645922] [lms_mapper_node]: 激光扫描处理间隔较长: 2.14秒
[INFO] [1742637217.248292340] [lms_mapper_node]: 机器人静止中 (3.7秒)，跳过处理激光数据
⏳ 正在播放rosbag - 已等待 255/3600 秒...
当前活跃话题:
[WARN] [1742637223.115832801] [lms_mapper_node]: 激光扫描处理间隔较长: 9.37秒
/clock
/events/read_split
/map
/odom
/parameter_events
/rosout
/scan
/tf
[INFO] [1742637224.979685594] [lms_mapper_node]: 机器人静止中 (1.9秒)，跳过处理激光数据
[INFO] [1742637225.177107344] [lms_mapper_node]: 接收到激光数据: frame_id=laser, 点数=361
[INFO] [1742637225.178456844] [lms_mapper_node]: 【激光雷达坐标】x=-0.0370, y=3.5230, theta=0.0155
[INFO] [1742637225.179256344] [lms_mapper_node]: 机器人静止中: 363.8秒, 位置: (-0.04, 3.54)
[INFO] [1742637232.759419375] [lms_mapper_node]: 机器人静止中 (9.7秒)，跳过处理激光数据
[INFO] [1742637239.440691336] [lms_mapper_node]: 机器人静止中 (16.3秒)，跳过处理激光数据
[INFO] [1742637239.521192962] [lms_mapper_node]: 接收到激光数据: frame_id=laser, 点数=361
[INFO] [1742637239.521765420] [lms_mapper_node]: 【激光雷达坐标】x=-0.1066, y=4.9027, theta=0.0652
⏳ 正在播放rosbag - 已等待 270/3600 秒...
当前活跃话题:
/clock
/events/read_split
/map
/odom
/parameter_events
/rosout
/scan
/tf
[INFO] [1742637246.854611548] [lms_mapper_node]: 机器人静止中 (23.8秒)，跳过处理激光数据
[INFO] [1742637252.847226843] [lms_mapper_node]: 【进度报告】运行时间: 413.3秒, 处理扫描: 1779帧, 轨迹点: 1778个, 障碍物格子: 421个, 轨迹已更新
[INFO] [1742637252.945433635] [lms_mapper_node]: 共绘制障碍物点 421个
[INFO] [1742637253.000080510] [lms_mapper_node]: 障碍物世界坐标范围: X=-1.70到1.50, Y=0.00到8.30
[INFO] [1742637253.008109843] [lms_mapper_node]: 中间地图 #8: 绘制轨迹 1778个点, 障碍物 421个
⏳ 正在播放rosbag - 已等待 285/3600 秒...
当前活跃话题:
/clock
/events/read_split
/map
/odom
/parameter_events
/rosout
/scan
/tf
[INFO] [1742637270.273648504] [lms_mapper_node]: 地图显示边界: X=-20.0到50.0, Y=-20.0到55.0
[INFO] [1742637272.922272255] [lms_mapper_node]: 已保存中间地图 #8 到: map_checkpoint_8.png
[WARN] [1742637272.947123671] [lms_mapper_node]: 激光扫描处理间隔较长: 49.68秒
[WARN] [1742637273.942022672] [lms_mapper_node]: 激光扫描处理间隔较长: 0.93秒
[INFO] [1742637274.993468964] [lms_mapper_node]: 机器人静止中 (1.0秒)，跳过处理激光数据
[INFO] [1742637275.165273173] [lms_mapper_node]: 接收到激光数据: frame_id=laser, 点数=361
[INFO] [1742637275.184144214] [lms_mapper_node]: 【激光雷达坐标】x=-0.4461, y=8.3979, theta=0.0755
[INFO] [1742637275.184796881] [lms_mapper_node]: 机器人静止中: 413.8秒, 位置: (-0.45, 8.41)
⏳ 正在播放rosbag - 已等待 300/3600 秒...
当前活跃话题:
[WARN] [1742637283.956425510] [lms_mapper_node]: 激光扫描处理间隔较长: 9.80秒
[INFO] [1742637284.151468885] [lms_mapper_node]: 机器人静止中 (0.2秒)，跳过处理激光数据
/clock
/events/read_split
/map
/odom
/parameter_events
/rosout
/scan
/tf
[INFO] [1742637290.529568138] [lms_mapper_node]: 机器人静止中 (6.6秒)，跳过处理激光数据
[INFO] [1742637290.627395680] [lms_mapper_node]: 接收到激光数据: frame_id=laser, 点数=361
[INFO] [1742637290.627919430] [lms_mapper_node]: 【激光雷达坐标】x=-0.4886, y=9.9636, theta=0.0092
[INFO] [1742637297.868291502] [lms_mapper_node]: 机器人静止中 (14.0秒)，跳过处理激光数据
[INFO] [1742637302.092327671] [lms_mapper_node]: 【进度报告】运行时间: 462.5秒, 处理扫描: 1972帧, 轨迹点: 1970个, 障碍物格子: 733个, 轨迹已更新
[INFO] [1742637302.123406629] [lms_mapper_node]: 共绘制障碍物点 733个
[INFO] [1742637302.140867713] [lms_mapper_node]: 障碍物世界坐标范围: X=-1.80到2.50, Y=0.00到13.90
[INFO] [1742637302.150041171] [lms_mapper_node]: 中间地图 #9: 绘制轨迹 1970个点, 障碍物 733个
⏳ 正在播放rosbag - 已等待 315/3600 秒...
当前活跃话题:
/clock
/events/read_split
/map
/odom
/parameter_events
/rosout
/scan
/tf
[INFO] [1742637313.751193468] [lms_mapper_node]: 地图显示边界: X=-20.0到50.0, Y=-20.0到55.0
[INFO] [1742637316.708959761] [lms_mapper_node]: 已保存中间地图 #9 到: map_checkpoint_9.png
[WARN] [1742637316.730096761] [lms_mapper_node]: 激光扫描处理间隔较长: 32.80秒
[INFO] [1742637319.377365388] [lms_mapper_node]: 机器人静止中 (2.7秒)，跳过处理激光数据
[INFO] [1742637319.558091388] [lms_mapper_node]: 接收到激光数据: frame_id=laser, 点数=361
[INFO] [1742637319.558400721] [lms_mapper_node]: 【激光雷达坐标】x=-0.4870, y=12.7434, theta=-0.0147
[INFO] [1742637319.657390513] [lms_mapper_node]: 机器人静止中: 458.3秒, 位置: (-0.49, 12.77)
[INFO] [1742637326.713879210] [lms_mapper_node]: 机器人静止中 (10.0秒)，跳过处理激光数据
⏳ 正在播放rosbag - 已等待 330/3600 秒...
当前活跃话题:
[WARN] [1742637333.171942547] [lms_mapper_node]: 激光扫描处理间隔较长: 16.46秒
[INFO] [1742637334.584503339] [lms_mapper_node]: 机器人静止中 (1.4秒)，跳过处理激光数据
[INFO] [1742637334.752624756] [lms_mapper_node]: 接收到激光数据: frame_id=laser, 点数=361
[INFO] [1742637334.752968506] [lms_mapper_node]: 【激光雷达坐标】x=-0.4735, y=14.5038, theta=-0.0264
/clock
/events/read_split
/map
/odom
/parameter_events
/rosout
/scan
/tf
[WARN] [1742637344.188344218] [lms_mapper_node]: 激光扫描处理间隔较长: 10.79秒
[INFO] [1742637350.673155930] [lms_mapper_node]: 机器人静止中 (6.2秒)，跳过处理激光数据
[INFO] [1742637350.786467472] [lms_mapper_node]: 接收到激光数据: frame_id=laser, 点数=361
[INFO] [1742637350.786870888] [lms_mapper_node]: 【激光雷达坐标】x=-0.5654, y=16.8336, theta=0.0699
[INFO] [1742637351.675814764] [lms_mapper_node]: 【进度报告】运行时间: 512.1秒, 处理扫描: 2201帧, 轨迹点: 2198个, 障碍物格子: 1459个, 轨迹已更新
[INFO] [1742637351.741020305] [lms_mapper_node]: 共绘制障碍物点 1459个
[INFO] [1742637351.813369472] [lms_mapper_node]: 障碍物世界坐标范围: X=-5.10到2.50, Y=0.00到21.90
[INFO] [1742637351.838676139] [lms_mapper_node]: 中间地图 #10: 绘制轨迹 2198个点, 障碍物 1459个
⏳ 正在播放rosbag - 已等待 345/3600 秒...
当前活跃话题:
[INFO] [1742637352.671412500] [lms_mapper_node]: 地图显示边界: X=-27.7到50.0, Y=-20.0到58.6
[INFO] [1742637354.616321334] [lms_mapper_node]: 已保存中间地图 #10 到: map_checkpoint_10.png
[WARN] [1742637354.623957626] [lms_mapper_node]: 激光扫描处理间隔较长: 9.91秒
[INFO] [1742637354.643812376] [lms_mapper_node]: 机器人静止中: 493.2秒, 位置: (-0.59, 17.26)
[INFO] [1742637360.119557378] [lms_mapper_node]: 机器人静止中 (5.5秒)，跳过处理激光数据
/clock
/events/read_split
/map
/odom
/parameter_events
/rosout
/scan
/tf
[WARN] [1742637363.097214588] [lms_mapper_node]: 激光扫描处理间隔较长: 8.36秒
[INFO] [1742637368.019948924] [lms_mapper_node]: 机器人静止中 (4.9秒)，跳过处理激光数据
[INFO] [1742637368.126734132] [lms_mapper_node]: 接收到激光数据: frame_id=laser, 点数=361
[INFO] [1742637368.129983716] [lms_mapper_node]: 【激光雷达坐标】x=-0.8788, y=19.4827, theta=0.1035
[WARN] [1742637373.060799801] [lms_mapper_node]: 激光扫描处理间隔较长: 9.89秒
⏳ 正在播放rosbag - 已等待 360/3600 秒...
当前活跃话题:
/clock
/events/read_split
/map
/odom
/parameter_events
/rosout
/scan
/tf
⏳ 正在播放rosbag - 已等待 375/3600 秒...
当前活跃话题:
/clock
/events/read_split
/map
/odom
/parameter_events
/rosout
/scan
/tf
[WARN] [1742637409.542550763] [lms_mapper_node]: 激光扫描处理间隔较长: 36.42秒
[INFO] [1742637409.555835096] [lms_mapper_node]: 【障碍物计算】机器人位置: x=-1.09, y=24.98, theta=0.00, 状态: 直线行驶
[INFO] [1742637410.551382388] [lms_mapper_node]: 【进度报告】运行时间: 571.0秒, 处理扫描: 2325帧, 轨迹点: 2322个, 障碍物格子: 1879个, 轨迹已更新
[INFO] [1742637410.642272472] [lms_mapper_node]: 共绘制障碍物点 1879个
[INFO] [1742637410.696714097] [lms_mapper_node]: 障碍物世界坐标范围: X=-3.50到2.50, Y=0.00到31.10
[INFO] [1742637410.704255097] [lms_mapper_node]: 中间地图 #11: 绘制轨迹 2322个点, 障碍物 1879个
[INFO] [1742637417.603273169] [lms_mapper_node]: 地图显示边界: X=-27.7到50.0, Y=-20.0到69.4
[INFO] [1742637421.054025462] [lms_mapper_node]: 已保存中间地图 #11 到: map_checkpoint_11.png
[WARN] [1742637421.114585754] [lms_mapper_node]: 激光扫描处理间隔较长: 11.49秒
[WARN] [1742637422.720748005] [lms_mapper_node]: 激光扫描处理间隔较长: 1.64秒
⏳ 正在播放rosbag - 已等待 390/3600 秒...
当前活跃话题:
[INFO] [1742637424.520808339] [lms_mapper_node]: 机器人静止中 (1.8秒)，跳过处理激光数据
/clock
/events/read_split
/map
/odom
/parameter_events
/rosout
/scan
/tf
[WARN] [1742637432.492511093] [lms_mapper_node]: 激光扫描处理间隔较长: 9.59秒
[INFO] [1742637432.655301134] [lms_mapper_node]: 接收到激光数据: frame_id=laser, 点数=361
[INFO] [1742637432.673612676] [lms_mapper_node]: 【激光雷达坐标】x=-1.1035, y=28.7569, theta=-0.0128
[INFO] [1742637432.675945718] [lms_mapper_node]: 接收到激光数据: 361个点, 角度范围=[0.00, 3.14]
[INFO] [1742637432.686877634] [lms_mapper_node]: 有效激光点: 355/361
[INFO] [1742637432.705666968] [lms_mapper_node]: 机器人位姿: x=-1.10, y=28.76, theta=-0.01, cos_theta=1.00, sin_theta=-0.01
[INFO] [1742637432.708856301] [lms_mapper_node]: 激光点世界坐标范围: x=[-2.55, 0.59], y=[28.74, 43.34]
[INFO] [1742637432.714901301] [lms_mapper_node]: 【坐标转换样本】: 激光坐标(1.08,0.00)→世界坐标(-0.02,28.74) | 激光坐标(1.03,0.99)→世界坐标(-0.06,29.74) | 激光坐标(0.00,14.57)→世界坐标(-0.92,43.33) | 激光坐标(-0.88,0.85)→世界坐标(-1.98,29.62) | 激光坐标(-0.84,0.00)→世界坐标(-1.94,28.77)
[INFO] [1742637432.762108468] [lms_mapper_node]: 机器人静止中: 571.4秒, 位置: (-1.11, 28.83)
[INFO] [1742637438.710123971] [lms_mapper_node]: 机器人静止中 (6.2秒)，跳过处理激光数据
[WARN] [1742637442.716695917] [lms_mapper_node]: 激光扫描处理间隔较长: 10.03秒
⏳ 正在播放rosbag - 已等待 405/3600 秒...
当前活跃话题:
[INFO] [1742637446.162663043] [lms_mapper_node]: 机器人静止中 (3.5秒)，跳过处理激光数据
[INFO] [1742637446.330196960] [lms_mapper_node]: 接收到激光数据: frame_id=laser, 点数=361
[INFO] [1742637446.330579377] [lms_mapper_node]: 【激光雷达坐标】x=-1.0874, y=31.0470, theta=-0.0385
/clock
/events/read_split
/map
/odom
/parameter_events
/rosout
/scan
/tf
[INFO] [1742637452.656548171] [lms_mapper_node]: 【进度报告】运行时间: 613.1秒, 处理扫描: 2533帧, 轨迹点: 2529个, 障碍物格子: 2383个, 轨迹已更新
[INFO] [1742637452.727684630] [lms_mapper_node]: 共绘制障碍物点 2383个
[INFO] [1742637453.646755213] [lms_mapper_node]: 障碍物世界坐标范围: X=-3.50到2.50, Y=0.00到38.50
[INFO] [1742637453.647137547] [lms_mapper_node]: 中间地图 #12: 绘制轨迹 2529个点, 障碍物 2383个
[INFO] [1742637459.934135841] [lms_mapper_node]: 地图显示边界: X=-27.7到50.0, Y=-20.0到70.4
[INFO] [1742637464.049948093] [lms_mapper_node]: 已保存中间地图 #12 到: map_checkpoint_12.png
[WARN] [1742637464.130046677] [lms_mapper_node]: 激光扫描处理间隔较长: 21.29秒
[WARN] [1742637468.183031595] [lms_mapper_node]: 激光扫描处理间隔较长: 4.02秒
[INFO] [1742637468.554173429] [lms_mapper_node]: 机器人静止中 (0.4秒)，跳过处理激光数据
⏳ 正在播放rosbag - 已等待 420/3600 秒...
当前活跃话题:
/clock
/events/read_split
/map
/odom
/parameter_events
/rosout
/scan
/tf
[WARN] [1742637473.323654792] [lms_mapper_node]: 激光扫描处理间隔较长: 5.14秒
[INFO] [1742637476.481918918] [lms_mapper_node]: 机器人静止中 (3.2秒)，跳过处理激光数据
[INFO] [1742637476.575209543] [lms_mapper_node]: 接收到激光数据: frame_id=laser, 点数=361
[INFO] [1742637476.575605710] [lms_mapper_node]: 【激光雷达坐标】x=-0.9141, y=35.6467, theta=-0.0507
[INFO] [1742637477.144195085] [lms_mapper_node]: 机器人静止中: 615.7秒, 位置: (-0.91, 35.74)
[INFO] [1742637483.541859463] [lms_mapper_node]: 机器人静止中 (10.2秒)，跳过处理激光数据
⏳ 正在播放rosbag - 已等待 435/3600 秒...
当前活跃话题:
[INFO] [1742637490.530495508] [lms_mapper_node]: 机器人静止中 (17.2秒)，跳过处理激光数据
[INFO] [1742637490.697332633] [lms_mapper_node]: 接收到激光数据: frame_id=laser, 点数=361
[INFO] [1742637490.717392050] [lms_mapper_node]: 【激光雷达坐标】x=-0.9456, y=37.2383, theta=0.0210
[WARN] [1742637492.546971051] [lms_mapper_node]: 激光扫描处理间隔较长: 19.05秒
/clock
/events/read_split
/map
/odom
/parameter_events
/rosout
/scan
/tf
[INFO] [1742637497.853874470] [lms_mapper_node]: 机器人静止中 (5.3秒)，跳过处理激光数据
[INFO] [1742637502.372532791] [lms_mapper_node]: 【进度报告】运行时间: 662.8秒, 处理扫描: 2771帧, 轨迹点: 2766个, 障碍物格子: 2831个, 轨迹已更新
[INFO] [1742637502.448984000] [lms_mapper_node]: 共绘制障碍物点 2831个
[INFO] [1742637502.556014708] [lms_mapper_node]: 障碍物世界坐标范围: X=-3.50到2.50, Y=0.00到45.90
[INFO] [1742637502.556404791] [lms_mapper_node]: 中间地图 #13: 绘制轨迹 2766个点, 障碍物 2831个
⏳ 正在播放rosbag - 已等待 450/3600 秒...
当前活跃话题:
[INFO] [1742637511.677678129] [lms_mapper_node]: 地图显示边界: X=-27.7到50.0, Y=-20.0到76.3
/clock
/events/read_split
/map
/odom
/parameter_events
/rosout
/scan
/tf
[INFO] [1742637514.637053631] [lms_mapper_node]: 已保存中间地图 #13 到: map_checkpoint_13.png
[INFO] [1742637514.677371756] [lms_mapper_node]: 检测到机器人开始转弯，角度变化率: 0.1908 rad/s, 障碍物距离限制: 2.00m
[WARN] [1742637514.678310464] [lms_mapper_node]: 激光扫描处理间隔较长: 21.93秒
[WARN] [1742637516.426824048] [lms_mapper_node]: 激光扫描处理间隔较长: 1.74秒
[INFO] [1742637516.456594298] [lms_mapper_node]: 机器人转弯结束，角度变化率降低到: 0.0067 rad/s
[INFO] [1742637518.741266674] [lms_mapper_node]: 机器人静止中 (2.3秒)，跳过处理激光数据
[INFO] [1742637518.856613924] [lms_mapper_node]: 接收到激光数据: frame_id=laser, 点数=361
[INFO] [1742637518.856923216] [lms_mapper_node]: 【激光雷达坐标】x=1.2583, y=38.8593, theta=-1.4070
[INFO] [1742637519.437418258] [lms_mapper_node]: 机器人静止中: 658.0秒, 位置: (1.34, 38.88)
[INFO] [1742637525.747362303] [lms_mapper_node]: 机器人静止中 (9.3秒)，跳过处理激光数据
⏳ 正在播放rosbag - 已等待 465/3600 秒...
当前活跃话题:
[WARN] [1742637532.917993708] [lms_mapper_node]: 激光扫描处理间隔较长: 16.24秒
[INFO] [1742637533.383078209] [lms_mapper_node]: 机器人静止中 (0.5秒)，跳过处理激光数据
[INFO] [1742637533.543766375] [lms_mapper_node]: 接收到激光数据: frame_id=laser, 点数=361
[INFO] [1742637533.544160167] [lms_mapper_node]: 【激光雷达坐标】x=3.3188, y=39.1311, theta=-1.5472
/clock
/events/read_split
/map
/odom
/parameter_events
/rosout
/scan
/tf
[INFO] [1742637540.418756920] [lms_mapper_node]: 机器人静止中 (7.6秒)，跳过处理激光数据
[WARN] [1742637543.911317672] [lms_mapper_node]: 激光扫描处理间隔较长: 11.06秒
[INFO] [1742637549.025526466] [lms_mapper_node]: 机器人静止中 (5.1秒)，跳过处理激光数据
[INFO] [1742637549.176043008] [lms_mapper_node]: 接收到激光数据: frame_id=laser, 点数=361
[INFO] [1742637549.176477966] [lms_mapper_node]: 【激光雷达坐标】x=5.7242, y=39.1525, theta=-1.5684
[INFO] [1742637549.845319341] [lms_mapper_node]: 机器人静止中: 688.4秒, 位置: (5.88, 39.15)
[INFO] [1742637553.006595135] [lms_mapper_node]: 【进度报告】运行时间: 713.4秒, 处理扫描: 3013帧, 轨迹点: 3007个, 障碍物格子: 3364个, 轨迹已更新
[INFO] [1742637553.051086843] [lms_mapper_node]: 共绘制障碍物点 3364个
[INFO] [1742637553.197084385] [lms_mapper_node]: 障碍物世界坐标范围: X=-3.50到10.50, Y=0.00到45.90
[INFO] [1742637553.218492176] [lms_mapper_node]: 中间地图 #14: 绘制轨迹 3007个点, 障碍物 3364个
⏳ 正在播放rosbag - 已等待 480/3600 秒...
当前活跃话题:
/clock
/events/read_split
/map
/odom
/parameter_events
/rosout
/scan
/tf
[INFO] [1742637567.960936752] [lms_mapper_node]: 地图显示边界: X=-27.7到50.0, Y=-20.0到76.3
[INFO] [1742637571.111092421] [lms_mapper_node]: 已保存中间地图 #14 到: map_checkpoint_14.png
[WARN] [1742637571.124644296] [lms_mapper_node]: 激光扫描处理间隔较长: 27.03秒
[INFO] [1742637571.153516504] [lms_mapper_node]: 地图统计: 总栅格数=1000000, 占用数=3466, 占用率=0.35%
[INFO] [1742637571.169639754] [lms_mapper_node]: 地图边界: x=[-12.70, 25.55], y=[0.00, 56.32]
[INFO] [1742637571.181733337] [lms_mapper_node]: 总共处理了3015个激光帧, 35300个有效激光点
[INFO] [1742637571.184874921] [lms_mapper_node]: 已记录35659个原始障碍物点坐标，用于最终地图生成
⏳ 正在播放rosbag - 已等待 495/3600 秒...
当前活跃话题:
/clock
/events/read_split
/map
/odom
/parameter_events
/rosout
/scan
/tf
⏳ 正在播放rosbag - 已等待 510/3600 秒...
当前活跃话题:
/clock
/events/read_split
/map
/odom
/parameter_events
/rosout
/scan
/tf
[WARN] [1742637611.559454467] [lms_mapper_node]: 激光扫描处理间隔较长: 40.42秒
[INFO] [1742637611.560961217] [lms_mapper_node]: 【障碍物计算】机器人位置: x=15.46, y=39.51, theta=-1.52, 状态: 直线行驶
[INFO] [1742637614.562231094] [lms_mapper_node]: 【进度报告】运行时间: 775.0秒, 处理扫描: 3017帧, 轨迹点: 3011个, 障碍物格子: 3534个, 轨迹已更新
[INFO] [1742637614.663226927] [lms_mapper_node]: 共绘制障碍物点 3534个
[INFO] [1742637614.926483969] [lms_mapper_node]: 障碍物世界坐标范围: X=-3.50到20.10, Y=0.00到43.20
[INFO] [1742637614.949052885] [lms_mapper_node]: 中间地图 #15: 绘制轨迹 3011个点, 障碍物 3534个
[INFO] [1742637617.656701553] [lms_mapper_node]: 地图显示边界: X=-27.7到55.0, Y=-20.0到76.3
⏳ 正在播放rosbag - 已等待 525/3600 秒...
当前活跃话题:
[INFO] [1742637622.388369166] [lms_mapper_node]: 已保存中间地图 #15 到: map_checkpoint_15.png
[WARN] [1742637622.403496583] [lms_mapper_node]: 激光扫描处理间隔较长: 10.86秒
[INFO] [1742637625.567161918] [lms_mapper_node]: 机器人静止中 (3.1秒)，跳过处理激光数据
/clock
/events/read_split
/map
/odom
/parameter_events
/rosout
/scan
/tf
[INFO] [1742637632.841099005] [lms_mapper_node]: 机器人停止移动
[WARN] [1742637632.841879296] [lms_mapper_node]: 激光扫描处理间隔较长: 10.39秒
[INFO] [1742637633.117561755] [lms_mapper_node]: 机器人静止中 (0.2秒)，跳过处理激光数据
[INFO] [1742637633.195355421] [lms_mapper_node]: 接收到激光数据: frame_id=laser, 点数=361
[INFO] [1742637633.195788421] [lms_mapper_node]: 【激光雷达坐标】x=19.0997, y=39.6407, theta=-1.6276
[INFO] [1742637640.019988383] [lms_mapper_node]: 机器人静止中 (7.2秒)，跳过处理激光数据
[WARN] [1742637643.013964343] [lms_mapper_node]: 激光扫描处理间隔较长: 10.00秒
⏳ 正在播放rosbag - 已等待 540/3600 秒...
当前活跃话题:
[INFO] [1742637647.755804428] [lms_mapper_node]: 机器人静止中 (4.8秒)，跳过处理激光数据
[INFO] [1742637647.901942929] [lms_mapper_node]: 接收到激光数据: frame_id=laser, 点数=361
[INFO] [1742637647.902398720] [lms_mapper_node]: 【激光雷达坐标】x=21.4917, y=39.4931, theta=-1.5842
[INFO] [1742637648.864215512] [lms_mapper_node]: 机器人静止中: 787.5秒, 位置: (21.67, 39.50)
/clock
/events/read_split
/map
/odom
/parameter_events
/rosout
/scan
/tf
[INFO] [1742637653.655519042] [lms_mapper_node]: 【进度报告】运行时间: 814.1秒, 处理扫描: 3220帧, 轨迹点: 3212个, 障碍物格子: 3924个, 轨迹已更新
[INFO] [1742637653.680840084] [lms_mapper_node]: 共绘制障碍物点 3924个
[INFO] [1742637653.845385959] [lms_mapper_node]: 障碍物世界坐标范围: X=-3.50到25.50, Y=0.00到43.20
[INFO] [1742637653.882950750] [lms_mapper_node]: 中间地图 #16: 绘制轨迹 3212个点, 障碍物 3924个
[INFO] [1742637663.569862630] [lms_mapper_node]: 地图显示边界: X=-27.7到62.2, Y=-20.0到76.3
⏳ 正在播放rosbag - 已等待 555/3600 秒...
当前活跃话题:
[INFO] [1742637669.864490550] [lms_mapper_node]: 已保存中间地图 #16 到: map_checkpoint_16.png
[WARN] [1742637670.087823133] [lms_mapper_node]: 激光扫描处理间隔较长: 26.92秒
[WARN] [1742637672.673761968] [lms_mapper_node]: 激光扫描处理间隔较长: 2.58秒
[WARN] [1742637673.694382385] [lms_mapper_node]: 激光扫描处理间隔较长: 0.96秒
[INFO] [1742637676.066765136] [lms_mapper_node]: 机器人静止中 (2.3秒)，跳过处理激光数据
/clock
/events/read_split
/map
/odom
/parameter_events
/rosout
/scan
/tf
[WARN] [1742637682.888619792] [lms_mapper_node]: 激光扫描处理间隔较长: 9.15秒
[INFO] [1742637683.279669125] [lms_mapper_node]: 机器人静止中 (0.4秒)，跳过处理激光数据
[INFO] [1742637683.387454917] [lms_mapper_node]: 接收到激光数据: frame_id=laser, 点数=361
[INFO] [1742637683.387865625] [lms_mapper_node]: 【激光雷达坐标】x=27.0822, y=40.0521, theta=-1.5075
