======== 运行日志开始 Fri Mar 21 15:45:44 CST 2025 ========
======== 开始执行作业3 ========
正在创建ROS2工作空间...
ROS2工作空间结构创建完成！
Starting >>> lms_data
Starting >>> lms_mapper
Finished <<< lms_data [10.5s]
Finished <<< lms_mapper [11.1s]

Summary: 2 packages finished [12.9s]
/IntelligentMobileRobots2025/work3
/IntelligentMobileRobots2025/work3
检查安装的可执行文件...
total 8
drwxr-xr-x 2 root root 4096 Mar 21 15:46 .
drwxr-xr-x 4 root root 4096 Mar 21 15:45 ..
lrwxrwxrwx 1 root root   50 Mar 21 15:46 lms_to_rosbag -> ../../../../src/lms_data/lms_data/lms_to_rosbag.py
total 8
drwxr-xr-x 2 root root 4096 Mar 21 15:46 .
drwxr-xr-x 4 root root 4096 Mar 21 15:45 ..
lrwxrwxrwx 1 root root   56 Mar 21 15:46 lms_mapper_node -> ../../../../src/lms_mapper/lms_mapper/lms_mapper_node.py
检查ROS2环境...
lms_data
lms_mapper
正在构建ROS2包...
执行: colcon build --symlink-install
Starting >>> lms_data
Starting >>> lms_mapper
Finished <<< lms_data [11.0s]
Finished <<< lms_mapper [11.2s]

Summary: 2 packages finished [13.2s]
检查可执行文件...
警告: 没有找到lms_to_rosbag可执行文件，将直接使用Python调用
警告: 没有找到lms_mapper_node可执行文件，将直接使用Python调用
正在转换原始数据为rosbag格式...
执行: python3 /IntelligentMobileRobots2025/work3/src/lms_data/lms_data/lms_to_rosbag.py ../data/URG_X_20130903_195003.lms ../data/ld.nav lms_data.bag
删除旧的rosbag目录...
⏱️ 执行命令 (最长300秒): python3 /IntelligentMobileRobots2025/work3/src/lms_data/lms_data/lms_to_rosbag.py ../data/URG_X_20130903_195003.lms ../data/ld.nav lms_data.bag
开始处理: LMS文件: ../data/URG_X_20130903_195003.lms, NAV文件: ../data/ld.nav, BAG输出: lms_data.bag
读取LMS激光数据...
警告：在时间戳 72054545 处读取的激光数据长度不一致
成功读取 10428 帧激光雷达数据
时间戳范围: 71403847 - 72054470
平均时间间隔: 62.40ms
读取NAV轨迹数据...
成功读取 2355 个轨迹点
激光数据原始时间戳范围: 71403847 - 72054470
轨迹数据时间戳范围: 71407205 - 71554079
使用轨迹数据作为标准时间范围: 71407205 - 71554079
创建时间戳映射...
映射激光数据时间戳到轨迹时间范围...
处理进度: 1/10428 (0.0%)
  样本映射: 71403847 -> 71407205
处理进度: 101/10428 (1.0%)
处理进度: 201/10428 (1.9%)
处理进度: 301/10428 (2.9%)
处理进度: 401/10428 (3.8%)
处理进度: 501/10428 (4.8%)
处理进度: 601/10428 (5.8%)
处理进度: 701/10428 (6.7%)
处理进度: 801/10428 (7.7%)
处理进度: 901/10428 (8.6%)
处理进度: 1001/10428 (9.6%)
处理进度: 1101/10428 (10.6%)
处理进度: 1201/10428 (11.5%)
处理进度: 1301/10428 (12.5%)
处理进度: 1401/10428 (13.4%)
处理进度: 1501/10428 (14.4%)
处理进度: 1601/10428 (15.4%)
处理进度: 1701/10428 (16.3%)
处理进度: 1801/10428 (17.3%)
处理进度: 1901/10428 (18.2%)
处理进度: 2001/10428 (19.2%)
处理进度: 2101/10428 (20.1%)
处理进度: 2201/10428 (21.1%)
处理进度: 2301/10428 (22.1%)
处理进度: 2401/10428 (23.0%)
处理进度: 2501/10428 (24.0%)
处理进度: 2601/10428 (24.9%)
处理进度: 2701/10428 (25.9%)
处理进度: 2801/10428 (26.9%)
处理进度: 2901/10428 (27.8%)
处理进度: 3001/10428 (28.8%)
处理进度: 3101/10428 (29.7%)
处理进度: 3201/10428 (30.7%)
处理进度: 3301/10428 (31.7%)
处理进度: 3401/10428 (32.6%)
处理进度: 3501/10428 (33.6%)
处理进度: 3601/10428 (34.5%)
处理进度: 3701/10428 (35.5%)
处理进度: 3801/10428 (36.4%)
处理进度: 3901/10428 (37.4%)
处理进度: 4001/10428 (38.4%)
处理进度: 4101/10428 (39.3%)
处理进度: 4201/10428 (40.3%)
处理进度: 4301/10428 (41.2%)
处理进度: 4401/10428 (42.2%)
处理进度: 4501/10428 (43.2%)
处理进度: 4601/10428 (44.1%)
处理进度: 4701/10428 (45.1%)
处理进度: 4801/10428 (46.0%)
处理进度: 4901/10428 (47.0%)
处理进度: 5001/10428 (48.0%)
处理进度: 5101/10428 (48.9%)
处理进度: 5201/10428 (49.9%)
处理进度: 5301/10428 (50.8%)
处理进度: 5401/10428 (51.8%)
处理进度: 5501/10428 (52.8%)
处理进度: 5601/10428 (53.7%)
处理进度: 5701/10428 (54.7%)
处理进度: 5801/10428 (55.6%)
处理进度: 5901/10428 (56.6%)
处理进度: 6001/10428 (57.5%)
处理进度: 6101/10428 (58.5%)
处理进度: 6201/10428 (59.5%)
处理进度: 6301/10428 (60.4%)
处理进度: 6401/10428 (61.4%)
处理进度: 6501/10428 (62.3%)
处理进度: 6601/10428 (63.3%)
处理进度: 6701/10428 (64.3%)
处理进度: 6801/10428 (65.2%)
处理进度: 6901/10428 (66.2%)
处理进度: 7001/10428 (67.1%)
处理进度: 7101/10428 (68.1%)
处理进度: 7201/10428 (69.1%)
处理进度: 7301/10428 (70.0%)
处理进度: 7401/10428 (71.0%)
处理进度: 7501/10428 (71.9%)
处理进度: 7601/10428 (72.9%)
处理进度: 7701/10428 (73.8%)
处理进度: 7801/10428 (74.8%)
处理进度: 7901/10428 (75.8%)
处理进度: 8001/10428 (76.7%)
处理进度: 8101/10428 (77.7%)
处理进度: 8201/10428 (78.6%)
处理进度: 8301/10428 (79.6%)
处理进度: 8401/10428 (80.6%)
处理进度: 8501/10428 (81.5%)
处理进度: 8601/10428 (82.5%)
处理进度: 8701/10428 (83.4%)
处理进度: 8801/10428 (84.4%)
处理进度: 8901/10428 (85.4%)
处理进度: 9001/10428 (86.3%)
处理进度: 9101/10428 (87.3%)
处理进度: 9201/10428 (88.2%)
处理进度: 9301/10428 (89.2%)
处理进度: 9401/10428 (90.2%)
处理进度: 9501/10428 (91.1%)
处理进度: 9601/10428 (92.1%)
处理进度: 9701/10428 (93.0%)
处理进度: 9801/10428 (94.0%)
处理进度: 9901/10428 (94.9%)
处理进度: 10001/10428 (95.9%)
处理进度: 10101/10428 (96.9%)
处理进度: 10201/10428 (97.8%)
处理进度: 10301/10428 (98.8%)
处理进度: 10401/10428 (99.7%)
处理进度: 10428/10428 (100.0%)
  样本映射: 72054470 -> 71554079
已完成激光数据时间戳映射
映射后激光数据时间戳范围: 71407205 - 71554079
在轨迹时间范围内的激光帧数: 10428/10428 (100.0%)
过滤有效的激光扫描数据...
过滤进度: 1/10428 (0.0%), 当前有效帧: 1
过滤进度: 101/10428 (1.0%), 当前有效帧: 101
过滤进度: 201/10428 (1.9%), 当前有效帧: 201
过滤进度: 301/10428 (2.9%), 当前有效帧: 301
过滤进度: 401/10428 (3.8%), 当前有效帧: 401
过滤进度: 501/10428 (4.8%), 当前有效帧: 501
过滤进度: 601/10428 (5.8%), 当前有效帧: 601
过滤进度: 701/10428 (6.7%), 当前有效帧: 701
过滤进度: 801/10428 (7.7%), 当前有效帧: 801
过滤进度: 901/10428 (8.6%), 当前有效帧: 901
过滤进度: 1001/10428 (9.6%), 当前有效帧: 1001
过滤进度: 1101/10428 (10.6%), 当前有效帧: 1101
过滤进度: 1201/10428 (11.5%), 当前有效帧: 1201
过滤进度: 1301/10428 (12.5%), 当前有效帧: 1301
过滤进度: 1401/10428 (13.4%), 当前有效帧: 1401
过滤进度: 1501/10428 (14.4%), 当前有效帧: 1501
过滤进度: 1601/10428 (15.4%), 当前有效帧: 1601
过滤进度: 1701/10428 (16.3%), 当前有效帧: 1701
过滤进度: 1801/10428 (17.3%), 当前有效帧: 1801
过滤进度: 1901/10428 (18.2%), 当前有效帧: 1901
过滤进度: 2001/10428 (19.2%), 当前有效帧: 2001
过滤进度: 2101/10428 (20.1%), 当前有效帧: 2101
过滤进度: 2201/10428 (21.1%), 当前有效帧: 2201
过滤进度: 2301/10428 (22.1%), 当前有效帧: 2301
过滤进度: 2401/10428 (23.0%), 当前有效帧: 2401
过滤进度: 2501/10428 (24.0%), 当前有效帧: 2501
过滤进度: 2601/10428 (24.9%), 当前有效帧: 2601
过滤进度: 2701/10428 (25.9%), 当前有效帧: 2701
过滤进度: 2801/10428 (26.9%), 当前有效帧: 2801
过滤进度: 2901/10428 (27.8%), 当前有效帧: 2901
过滤进度: 3001/10428 (28.8%), 当前有效帧: 3001
过滤进度: 3101/10428 (29.7%), 当前有效帧: 3101
过滤进度: 3201/10428 (30.7%), 当前有效帧: 3201
过滤进度: 3301/10428 (31.7%), 当前有效帧: 3301
过滤进度: 3401/10428 (32.6%), 当前有效帧: 3401
过滤进度: 3501/10428 (33.6%), 当前有效帧: 3501
过滤进度: 3601/10428 (34.5%), 当前有效帧: 3601
过滤进度: 3701/10428 (35.5%), 当前有效帧: 3701
过滤进度: 3801/10428 (36.4%), 当前有效帧: 3801
过滤进度: 3901/10428 (37.4%), 当前有效帧: 3901
过滤进度: 4001/10428 (38.4%), 当前有效帧: 4001
过滤进度: 4101/10428 (39.3%), 当前有效帧: 4101
过滤进度: 4201/10428 (40.3%), 当前有效帧: 4201
过滤进度: 4301/10428 (41.2%), 当前有效帧: 4301
过滤进度: 4401/10428 (42.2%), 当前有效帧: 4401
过滤进度: 4501/10428 (43.2%), 当前有效帧: 4501
过滤进度: 4601/10428 (44.1%), 当前有效帧: 4601
过滤进度: 4701/10428 (45.1%), 当前有效帧: 4701
过滤进度: 4801/10428 (46.0%), 当前有效帧: 4801
过滤进度: 4901/10428 (47.0%), 当前有效帧: 4901
过滤进度: 5001/10428 (48.0%), 当前有效帧: 5001
过滤进度: 5101/10428 (48.9%), 当前有效帧: 5101
过滤进度: 5201/10428 (49.9%), 当前有效帧: 5201
过滤进度: 5301/10428 (50.8%), 当前有效帧: 5301
过滤进度: 5401/10428 (51.8%), 当前有效帧: 5401
过滤进度: 5501/10428 (52.8%), 当前有效帧: 5501
过滤进度: 5601/10428 (53.7%), 当前有效帧: 5601
过滤进度: 5701/10428 (54.7%), 当前有效帧: 5701
过滤进度: 5801/10428 (55.6%), 当前有效帧: 5801
过滤进度: 5901/10428 (56.6%), 当前有效帧: 5901
过滤进度: 6001/10428 (57.5%), 当前有效帧: 6001
过滤进度: 6101/10428 (58.5%), 当前有效帧: 6101
过滤进度: 6201/10428 (59.5%), 当前有效帧: 6201
过滤进度: 6301/10428 (60.4%), 当前有效帧: 6301
过滤进度: 6401/10428 (61.4%), 当前有效帧: 6401
过滤进度: 6501/10428 (62.3%), 当前有效帧: 6501
过滤进度: 6601/10428 (63.3%), 当前有效帧: 6601
过滤进度: 6701/10428 (64.3%), 当前有效帧: 6701
过滤进度: 6801/10428 (65.2%), 当前有效帧: 6801⏳ 正在转换数据 - 已等待 10/300 秒...
[INFO] [1742543212.993025799] [rosbag2_storage]: Opened database 'lms_data.bag/lms_data.bag_0.db3' for READ_WRITE.
⏳ 正在转换数据 - 已等待 20/300 秒...

过滤进度: 6901/10428 (66.2%), 当前有效帧: 6901
过滤进度: 7001/10428 (67.1%), 当前有效帧: 7001
过滤进度: 7101/10428 (68.1%), 当前有效帧: 7101
过滤进度: 7201/10428 (69.1%), 当前有效帧: 7201
过滤进度: 7301/10428 (70.0%), 当前有效帧: 7301
过滤进度: 7401/10428 (71.0%), 当前有效帧: 7401
过滤进度: 7501/10428 (71.9%), 当前有效帧: 7501
过滤进度: 7601/10428 (72.9%), 当前有效帧: 7601
过滤进度: 7701/10428 (73.8%), 当前有效帧: 7701
过滤进度: 7801/10428 (74.8%), 当前有效帧: 7801
过滤进度: 7901/10428 (75.8%), 当前有效帧: 7901
过滤进度: 8001/10428 (76.7%), 当前有效帧: 8001
过滤进度: 8101/10428 (77.7%), 当前有效帧: 8101
过滤进度: 8201/10428 (78.6%), 当前有效帧: 8201
过滤进度: 8301/10428 (79.6%), 当前有效帧: 8301
过滤进度: 8401/10428 (80.6%), 当前有效帧: 8401
过滤进度: 8501/10428 (81.5%), 当前有效帧: 8501
过滤进度: 8601/10428 (82.5%), 当前有效帧: 8601
过滤进度: 8701/10428 (83.4%), 当前有效帧: 8701
过滤进度: 8801/10428 (84.4%), 当前有效帧: 8801
过滤进度: 8901/10428 (85.4%), 当前有效帧: 8901
过滤进度: 9001/10428 (86.3%), 当前有效帧: 9001
过滤进度: 9101/10428 (87.3%), 当前有效帧: 9101
过滤进度: 9201/10428 (88.2%), 当前有效帧: 9201
过滤进度: 9301/10428 (89.2%), 当前有效帧: 9301
过滤进度: 9401/10428 (90.2%), 当前有效帧: 9401
过滤进度: 9501/10428 (91.1%), 当前有效帧: 9501
过滤进度: 9601/10428 (92.1%), 当前有效帧: 9601
过滤进度: 9701/10428 (93.0%), 当前有效帧: 9701
过滤进度: 9801/10428 (94.0%), 当前有效帧: 9801
过滤进度: 9901/10428 (94.9%), 当前有效帧: 9901
过滤进度: 10001/10428 (95.9%), 当前有效帧: 10001
过滤进度: 10101/10428 (96.9%), 当前有效帧: 10101
过滤进度: 10201/10428 (97.8%), 当前有效帧: 10201
过滤进度: 10301/10428 (98.8%), 当前有效帧: 10301
过滤进度: 10401/10428 (99.7%), 当前有效帧: 10401
过滤进度: 10428/10428 (100.0%), 当前有效帧: 10428
有效激光扫描数据帧数: 10428/10428
在轨迹时间范围内 (71407205 - 71554079) 的有效帧占总帧数的 100.0%
创建插值轨迹点...
插值进度: 1/10428 (0.0%)
插值进度: 101/10428 (1.0%)
插值进度: 201/10428 (1.9%)
插值进度: 301/10428 (2.9%)
插值进度: 401/10428 (3.8%)
插值进度: 501/10428 (4.8%)
插值进度: 601/10428 (5.8%)
插值进度: 701/10428 (6.7%)
插值进度: 801/10428 (7.7%)
插值进度: 901/10428 (8.6%)
插值进度: 1001/10428 (9.6%)
插值进度: 1101/10428 (10.6%)
插值进度: 1201/10428 (11.5%)
插值进度: 1301/10428 (12.5%)
插值进度: 1401/10428 (13.4%)
插值进度: 1501/10428 (14.4%)
插值进度: 1601/10428 (15.4%)
插值进度: 1701/10428 (16.3%)
插值进度: 1801/10428 (17.3%)
插值进度: 1901/10428 (18.2%)
插值进度: 2001/10428 (19.2%)
插值进度: 2101/10428 (20.1%)
插值进度: 2201/10428 (21.1%)
插值进度: 2301/10428 (22.1%)
插值进度: 2401/10428 (23.0%)
插值进度: 2501/10428 (24.0%)
插值进度: 2601/10428 (24.9%)
插值进度: 2701/10428 (25.9%)
插值进度: 2801/10428 (26.9%)
插值进度: 2901/10428 (27.8%)
插值进度: 3001/10428 (28.8%)
插值进度: 3101/10428 (29.7%)
插值进度: 3201/10428 (30.7%)
插值进度: 3301/10428 (31.7%)
插值进度: 3401/10428 (32.6%)
插值进度: 3501/10428 (33.6%)
插值进度: 3601/10428 (34.5%)
插值进度: 3701/10428 (35.5%)
插值进度: 3801/10428 (36.4%)
插值进度: 3901/10428 (37.4%)
插值进度: 4001/10428 (38.4%)
插值进度: 4101/10428 (39.3%)
插值进度: 4201/10428 (40.3%)
插值进度: 4301/10428 (41.2%)
插值进度: 4401/10428 (42.2%)
插值进度: 4501/10428 (43.2%)
插值进度: 4601/10428 (44.1%)
插值进度: 4701/10428 (45.1%)
插值进度: 4801/10428 (46.0%)
插值进度: 4901/10428 (47.0%)
插值进度: 5001/10428 (48.0%)
插值进度: 5101/10428 (48.9%)
插值进度: 5201/10428 (49.9%)
插值进度: 5301/10428 (50.8%)
插值进度: 5401/10428 (51.8%)
插值进度: 5501/10428 (52.8%)
插值进度: 5601/10428 (53.7%)
插值进度: 5701/10428 (54.7%)
插值进度: 5801/10428 (55.6%)
插值进度: 5901/10428 (56.6%)
插值进度: 6001/10428 (57.5%)
插值进度: 6101/10428 (58.5%)
插值进度: 6201/10428 (59.5%)
插值进度: 6301/10428 (60.4%)
插值进度: 6401/10428 (61.4%)
插值进度: 6501/10428 (62.3%)
插值进度: 6601/10428 (63.3%)
插值进度: 6701/10428 (64.3%)
插值进度: 6801/10428 (65.2%)
插值进度: 6901/10428 (66.2%)
插值进度: 7001/10428 (67.1%)
插值进度: 7101/10428 (68.1%)
插值进度: 7201/10428 (69.1%)
插值进度: 7301/10428 (70.0%)
插值进度: 7401/10428 (71.0%)
插值进度: 7501/10428 (71.9%)
插值进度: 7601/10428 (72.9%)
插值进度: 7701/10428 (73.8%)
插值进度: 7801/10428 (74.8%)
插值进度: 7901/10428 (75.8%)
插值进度: 8001/10428 (76.7%)
插值进度: 8101/10428 (77.7%)
插值进度: 8201/10428 (78.6%)
插值进度: 8301/10428 (79.6%)
插值进度: 8401/10428 (80.6%)
插值进度: 8501/10428 (81.5%)
插值进度: 8601/10428 (82.5%)
插值进度: 8701/10428 (83.4%)
插值进度: 8801/10428 (84.4%)
插值进度: 8901/10428 (85.4%)
插值进度: 9001/10428 (86.3%)
插值进度: 9101/10428 (87.3%)
插值进度: 9201/10428 (88.2%)
插值进度: 9301/10428 (89.2%)
插值进度: 9401/10428 (90.2%)
插值进度: 9501/10428 (91.1%)
插值进度: 9601/10428 (92.1%)
插值进度: 9701/10428 (93.0%)
插值进度: 9801/10428 (94.0%)
插值进度: 9901/10428 (94.9%)
插值进度: 10001/10428 (95.9%)
插值进度: 10101/10428 (96.9%)
插值进度: 10201/10428 (97.8%)
插值进度: 10301/10428 (98.8%)
插值进度: 10401/10428 (99.7%)
插值进度: 10428/10428 (100.0%)
扩充轨迹点: 原始=2355, 扩充后=10428
时间戳完全匹配的激光帧数: 10428/10428 (100.0%)
创建rosbag文件: lms_data.bag
生成rosbag时间戳...
写入所有轨迹点...
轨迹写入进度: 1/10428 (0.0%)
轨迹写入进度: 101/10428 (1.0%)
轨迹写入进度: 201/10428 (1.9%)
轨迹写入进度: 301/10428 (2.9%)
轨迹写入进度: 401/10428 (3.8%)
轨迹写入进度: 501/10428 (4.8%)
轨迹写入进度: 601/10428 (5.8%)
轨迹写入进度: 701/10428 (6.7%)
轨迹写入进度: 801/10428 (7.7%)
轨迹写入进度: 901/10428 (8.6%)
轨迹写入进度: 1001/10428 (9.6%)
轨迹写入进度: 1101/10428 (10.6%)
轨迹写入进度: 1201/10428 (11.5%)
轨迹写入进度: 1301/10428 (12.5%)
轨迹写入进度: 1401/10428 (13.4%)
轨迹写入进度: 1501/10428 (14.4%)
轨迹写入进度: 1601/10428 (15.4%)
轨迹写入进度: 1701/10428 (16.3%)
轨迹写入进度: 1801/10428 (17.3%)
轨迹写入进度: 1901/10428 (18.2%)
轨迹写入进度: 2001/10428 (19.2%)
轨迹写入进度: 2101/10428 (20.1%)
轨迹写入进度: 2201/10428 (21.1%)
轨迹写入进度: 2301/10428 (22.1%)
轨迹写入进度: 2401/10428 (23.0%)
轨迹写入进度: 2501/10428 (24.0%)
轨迹写入进度: 2601/10428 (24.9%)
轨迹写入进度: 2701/10428 (25.9%)
轨迹写入进度: 2801/10428 (26.9%)
轨迹写入进度: 2901/10428 (27.8%)
轨迹写入进度: 3001/10428 (28.8%)
轨迹写入进度: 3101/10428 (29.7%)
轨迹写入进度: 3201/10428 (30.7%)
轨迹写入进度: 3301/10428 (31.7%)
轨迹写入进度: 3401/10428 (32.6%)
轨迹写入进度: 3501/10428 (33.6%)
轨迹写入进度: 3601/10428 (34.5%)
轨迹写入进度: 3701/10428 (35.5%)
轨迹写入进度: 3801/10428 (36.4%)
轨迹写入进度: 3901/10428 (37.4%)
轨迹写入进度: 4001/10428 (38.4%)
轨迹写入进度: 4101/10428 (39.3%)
轨迹写入进度: 4201/10428 (40.3%)
轨迹写入进度: 4301/10428 (41.2%)
轨迹写入进度: 4401/10428 (42.2%)
轨迹写入进度: 4501/10428 (43.2%)
轨迹写入进度: 4601/10428 (44.1%)
轨迹写入进度: 4701/10428 (45.1%)
轨迹写入进度: 4801/10428 (46.0%)
轨迹写入进度: 4901/10428 (47.0%)
轨迹写入进度: 5001/10428 (48.0%)
轨迹写入进度: 5101/10428 (48.9%)
轨迹写入进度: 5201/10428 (49.9%)
轨迹写入进度: 5301/10428 (50.8%)
轨迹写入进度: 5401/10428 (51.8%)
轨迹写入进度: 5501/10428 (52.8%)
轨迹写入进度: 5601/10428 (53.7%)
轨迹写入进度: 5701/10428 (54.7%)
轨迹写入进度: 5801/10428 (55.6%)
⏳ 正在转换数据 - 已等待 30/300 秒...
轨迹写入进度: 5901/10428 (56.6%)
轨迹写入进度: 6001/10428 (57.5%)
轨迹写入进度: 6101/10428 (58.5%)
轨迹写入进度: 6201/10428 (59.5%)
轨迹写入进度: 6301/10428 (60.4%)
轨迹写入进度: 6401/10428 (61.4%)
轨迹写入进度: 6501/10428 (62.3%)
轨迹写入进度: 6601/10428 (63.3%)
轨迹写入进度: 6701/10428 (64.3%)
轨迹写入进度: 6801/10428 (65.2%)
轨迹写入进度: 6901/10428 (66.2%)
轨迹写入进度: 7001/10428 (67.1%)
轨迹写入进度: 7101/10428 (68.1%)
轨迹写入进度: 7201/10428 (69.1%)
轨迹写入进度: 7301/10428 (70.0%)
轨迹写入进度: 7401/10428 (71.0%)
轨迹写入进度: 7501/10428 (71.9%)
轨迹写入进度: 7601/10428 (72.9%)
轨迹写入进度: 7701/10428 (73.8%)
轨迹写入进度: 7801/10428 (74.8%)
轨迹写入进度: 7901/10428 (75.8%)
轨迹写入进度: 8001/10428 (76.7%)
轨迹写入进度: 8101/10428 (77.7%)
轨迹写入进度: 8201/10428 (78.6%)
轨迹写入进度: 8301/10428 (79.6%)
轨迹写入进度: 8401/10428 (80.6%)
轨迹写入进度: 8501/10428 (81.5%)
轨迹写入进度: 8601/10428 (82.5%)
轨迹写入进度: 8701/10428 (83.4%)
轨迹写入进度: 8801/10428 (84.4%)
轨迹写入进度: 8901/10428 (85.4%)
轨迹写入进度: 9001/10428 (86.3%)
轨迹写入进度: 9101/10428 (87.3%)
轨迹写入进度: 9201/10428 (88.2%)
轨迹写入进度: 9301/10428 (89.2%)
轨迹写入进度: 9401/10428 (90.2%)
轨迹写入进度: 9501/10428 (91.1%)
轨迹写入进度: 9601/10428 (92.1%)
轨迹写入进度: 9701/10428 (93.0%)
轨迹写入进度: 9801/10428 (94.0%)
轨迹写入进度: 9901/10428 (94.9%)
轨迹写入进度: 10001/10428 (95.9%)
轨迹写入进度: 10101/10428 (96.9%)
轨迹写入进度: 10201/10428 (97.8%)
轨迹写入进度: 10301/10428 (98.8%)
轨迹写入进度: 10401/10428 (99.7%)
轨迹写入进度: 10428/10428 (100.0%)
写入所有激光帧...
激光帧写入进度: 1/10428 (0.0%)
激光帧写入进度: 101/10428 (1.0%)
激光帧写入进度: 201/10428 (1.9%)
激光帧写入进度: 301/10428 (2.9%)
激光帧写入进度: 401/10428 (3.8%)
激光帧写入进度: 501/10428 (4.8%)
激光帧写入进度: 601/10428 (5.8%)
激光帧写入进度: 701/10428 (6.7%)
激光帧写入进度: 801/10428 (7.7%)
激光帧写入进度: 901/10428 (8.6%)
激光帧写入进度: 1001/10428 (9.6%)
激光帧写入进度: 1101/10428 (10.6%)
激光帧写入进度: 1201/10428 (11.5%)
激光帧写入进度: 1301/10428 (12.5%)
激光帧写入进度: 1401/10428 (13.4%)
激光帧写入进度: 1501/10428 (14.4%)
激光帧写入进度: 1601/10428 (15.4%)
激光帧写入进度: 1701/10428 (16.3%)
激光帧写入进度: 1801/10428 (17.3%)
激光帧写入进度: 1901/10428 (18.2%)
激光帧写入进度: 2001/10428 (19.2%)
激光帧写入进度: 2101/10428 (20.1%)
激光帧写入进度: 2201/10428 (21.1%)
激光帧写入进度: 2301/10428 (22.1%)
激光帧写入进度: 2401/10428 (23.0%)
激光帧写入进度: 2501/10428 (24.0%)
激光帧写入进度: 2601/10428 (24.9%)
激光帧写入进度: 2701/10428 (25.9%)
激光帧写入进度: 2801/10428 (26.9%)
激光帧写入进度: 2901/10428 (27.8%)
激光帧写入进度: 3001/10428 (28.8%)
激光帧写入进度: 3101/10428 (29.7%)
激光帧写入进度: 3201/10428 (30.7%)
激光帧写入进度: 3301/10428 (31.7%)
激光帧写入进度: 3401/10428 (32.6%)
激光帧写入进度: 3501/10428 (33.6%)
激光帧写入进度: 3601/10428 (34.5%)
激光帧写入进度: 3701/10428 (35.5%)
激光帧写入进度: 3801/10428 (36.4%)
激光帧写入进度: 3901/10428 (37.4%)
激光帧写入进度: 4001/10428 (38.4%)
激光帧写入进度: 4101/10428 (39.3%)
激光帧写入进度: 4201/10428 (40.3%)
激光帧写入进度: 4301/10428 (41.2%)
激光帧写入进度: 4401/10428 (42.2%)
激光帧写入进度: 4501/10428 (43.2%)
激光帧写入进度: 4601/10428 (44.1%)
激光帧写入进度: 4701/10428 (45.1%)
激光帧写入进度: 4801/10428 (46.0%)
激光帧写入进度: 4901/10428 (47.0%)
激光帧写入进度: 5001/10428 (48.0%)
激光帧写入进度: 5101/10428 (48.9%)
激光帧写入进度: 5201/10428 (49.9%)
激光帧写入进度: 5301/10428 (50.8%)
激光帧写入进度: 5401/10428 (51.8%)
激光帧写入进度: 5501/10428 (52.8%)
激光帧写入进度: 5601/10428 (53.7%)
激光帧写入进度: 5701/10428 (54.7%)
激光帧写入进度: 5801/10428 (55.6%)
激光帧写入进度: 5901/10428 (56.6%)
激光帧写入进度: 6001/10428 (57.5%)
激光帧写入进度: 6101/10428 (58.5%)
激光帧写入进度: 6201/10428 (59.5%)
激光帧写入进度: 6301/10428 (60.4%)
激光帧写入进度: 6401/10428 (61.4%)
激光帧写入进度: 6501/10428 (62.3%)
激光帧写入进度: 6601/10428 (63.3%)
激光帧写入进度: 6701/10428 (64.3%)
激光帧写入进度: 6801/10428 (65.2%)
激光帧写入进度: 6901/10428 (66.2%)
激光帧写入进度: 7001/10428 (67.1%)
激光帧写入进度: 7101/10428 (68.1%)
激光帧写入进度: 7201/10428 (69.1%)
激光帧写入进度: 7301/10428 (70.0%)
激光帧写入进度: 7401/10428 (71.0%)
激光帧写入进度: 7501/10428 (71.9%)
激光帧写入进度: 7601/10428 (72.9%)
激光帧写入进度: 7701/10428 (73.8%)
激光帧写入进度: 7801/10428 (74.8%)
激光帧写入进度: 7901/10428 (75.8%)
激光帧写入进度: 8001/10428 (76.7%)
激光帧写入进度: 8101/10428 (77.7%)
激光帧写入进度: 8201/10428 (78.6%)
激光帧写入进度: 8301/10428 (79.6%)
激光帧写入进度: 8401/10428 (80.6%)
激光帧写入进度: 8501/10428 (81.5%)
激光帧写入进度: 8601/10428 (82.5%)
激光帧写入进度: 8701/10428 (83.4%)
激光帧写入进度: 8801/10428 (84.4%)
激光帧写入进度: 8901/10428 (85.4%)
激光帧写入进度: 9001/10428 (86.3%)
激光帧写入进度: 9101/10428 (87.3%)
激光帧写入进度: 9201/10428 (88.2%)
激光帧写入进度: 9301/10428 (89.2%)
激光帧写入进度: 9401/10428 (90.2%)
激光帧写入进度: 9501/10428 (91.1%)
激光帧写入进度: 9601/10428 (92.1%)
激光帧写入进度: 9701/10428 (93.0%)
激光帧写入进度: 9801/10428 (94.0%)
激光帧写入进度: 9901/10428 (94.9%)
激光帧写入进度: 10001/10428 (95.9%)
激光帧写入进度: 10101/10428 (96.9%)
激光帧写入进度: 10201/10428 (97.8%)
激光帧写入进度: 10301/10428 (98.8%)
激光帧写入进度: 10401/10428 (99.7%)
激光帧写入进度: 10428/10428 (100.0%)
成功将数据写入ROS2 bag文件: lms_data.bag
总共写入帧数: 10428
总有效激光点数: 3715347, 平均每帧: 356.3
使用的轨迹时间戳范围: 71407205 - 71554079
处理用时: 40.95秒
ROS2 Bag文件写入完成
✅ 命令已完成
检查rosbag内容...
⏱️ 执行命令 (最长30秒): ros2 bag info lms_data.bag

Files:             lms_data.bag_0.db3
Bag size:          31.3 MiB
Storage id:        sqlite3
Duration:          146.874000000s
Start:             Jan  1 1970 08:00:01.000000000 (1.000000000)
End:               Jan  1 1970 08:02:27.874000000 (147.874000000)
Messages:          41712
Topic information: Topic: /clock | Type: rosgraph_msgs/msg/Clock | Count: 10428 | Serialization Format: cdr
                   Topic: scan | Type: sensor_msgs/msg/LaserScan | Count: 10428 | Serialization Format: cdr
                   Topic: odom | Type: nav_msgs/msg/Odometry | Count: 10428 | Serialization Format: cdr
                   Topic: tf | Type: tf2_msgs/msg/TFMessage | Count: 10428 | Serialization Format: cdr

✅ 命令已完成
正在启动LMS Mapper节点...
执行: python3 /IntelligentMobileRobots2025/work3/src/lms_mapper/lms_mapper/lms_mapper_node.py --ros-args -p map_save_path:=occupancy_grid.png
设置ROS2使用模拟时钟...
usage: ros2 param set [-h] [--spin-time SPIN_TIME] [-s] [--no-daemon]
                      [--include-hidden-nodes]
                      node_name parameter_name value
ros2 param set: error: the following arguments are required: value
无法设置全局参数，将在节点启动时设置
等待节点启动...
[INFO] [1742543251.160840053] [lms_mapper_node]: 地图重置功能已禁用，将持续累积所有障碍物数据
[INFO] [1742543251.324376845] [lms_mapper_node]: LMS mapper node已启动
[INFO] [1742543251.324732178] [lms_mapper_node]: LMS mapper node已启动，等待数据...
[WARN] [1742543251.876699512] [lms_mapper_node]: 等待数据中... 10/600秒
[WARN] [1742543252.441522512] [lms_mapper_node]: 等待数据中... 20/600秒
[WARN] [1742543252.999892262] [lms_mapper_node]: 等待数据中... 30/600秒
[WARN] [1742543253.550008846] [lms_mapper_node]: 等待数据中... 40/600秒
[WARN] [1742543254.103866305] [lms_mapper_node]: 等待数据中... 50/600秒
[WARN] [1742543254.670573555] [lms_mapper_node]: 等待数据中... 60/600秒
[WARN] [1742543255.252889222] [lms_mapper_node]: 等待数据中... 70/600秒
[WARN] [1742543255.820630639] [lms_mapper_node]: 等待数据中... 80/600秒
[WARN] [1742543256.352802458] [lms_mapper_node]: 等待数据中... 90/600秒
[WARN] [1742543256.912722375] [lms_mapper_node]: 等待数据中... 100/600秒
[WARN] [1742543257.481807542] [lms_mapper_node]: 等待数据中... 110/600秒
[WARN] [1742543258.026787792] [lms_mapper_node]: 等待数据中... 120/600秒
[WARN] [1742543258.572494292] [lms_mapper_node]: 等待数据中... 130/600秒
节点已启动，PID: 43193
检查可用的话题...
[WARN] [1742543259.120749459] [lms_mapper_node]: 等待数据中... 140/600秒
[WARN] [1742543259.679016376] [lms_mapper_node]: 等待数据中... 150/600秒
[WARN] [1742543260.205835793] [lms_mapper_node]: 等待数据中... 160/600秒
[WARN] [1742543260.771802419] [lms_mapper_node]: 等待数据中... 170/600秒
[WARN] [1742543261.338759044] [lms_mapper_node]: 等待数据中... 180/600秒
[WARN] [1742543261.896040086] [lms_mapper_node]: 等待数据中... 190/600秒
[WARN] [1742543262.462793169] [lms_mapper_node]: 等待数据中... 200/600秒
/clock
/map
/odom
/parameter_events
/rosout
/scan
等待话题准备就绪...
[WARN] [1742543263.005801753] [lms_mapper_node]: 等待数据中... 210/600秒
[WARN] [1742543263.567820878] [lms_mapper_node]: 等待数据中... 220/600秒
[WARN] [1742543264.139938170] [lms_mapper_node]: 等待数据中... 230/600秒
[WARN] [1742543264.679806129] [lms_mapper_node]: 等待数据中... 240/600秒
[WARN] [1742543265.199601504] [lms_mapper_node]: 等待数据中... 250/600秒
[WARN] [1742543265.736798629] [lms_mapper_node]: 等待数据中... 260/600秒
[WARN] [1742543266.340468755] [lms_mapper_node]: 等待数据中... 270/600秒
✅ /map 话题已准备就绪
正在播放rosbag数据...
等待系统准备就绪，确保时钟同步...
[WARN] [1742543266.907070963] [lms_mapper_node]: 等待数据中... 280/600秒
[WARN] [1742543267.474281213] [lms_mapper_node]: 等待数据中... 290/600秒
[WARN] [1742543268.059438005] [lms_mapper_node]: 等待数据中... 300/600秒
[WARN] [1742543268.707431256] [lms_mapper_node]: 等待数据中... 310/600秒
[WARN] [1742543269.261684881] [lms_mapper_node]: 等待数据中... 320/600秒
[WARN] [1742543269.786811673] [lms_mapper_node]: 等待数据中... 330/600秒
[WARN] [1742543270.319652715] [lms_mapper_node]: 等待数据中... 340/600秒
[WARN] [1742543270.869848798] [lms_mapper_node]: 等待数据中... 350/600秒
[WARN] [1742543271.423805299] [lms_mapper_node]: 等待数据中... 360/600秒
开始播放rosbag...
[WARN] [1742543271.985821466] [lms_mapper_node]: 等待数据中... 370/600秒
[WARN] [1742543272.547964632] [lms_mapper_node]: 等待数据中... 380/600秒
[WARN] [1742543273.136407924] [lms_mapper_node]: 等待数据中... 390/600秒
[WARN] [1742543273.676780550] [lms_mapper_node]: 等待数据中... 400/600秒
[WARN] [1742543274.231918175] [lms_mapper_node]: 等待数据中... 410/600秒
[WARN] [1742543274.787389175] [lms_mapper_node]: 等待数据中... 420/600秒
等待rosbag播放完成...
stdin is not a terminal device. Keyboard handling disabled.[WARN] [1742543275.409770967] [lms_mapper_node]: 等待数据中... 430/600秒
[INFO] [1742543275.908664509] [rosbag2_storage]: Opened database 'lms_data.bag/lms_data.bag_0.db3' for READ_ONLY.
[INFO] [1742543275.914019217] [rosbag2_player]: Set rate to 0.1
[INFO] [1742543275.940021342] [rosbag2_player]: Adding keyboard callbacks.
[INFO] [1742543275.940412551] [rosbag2_player]: Press SPACE for Pause/Resume
[INFO] [1742543275.940457884] [rosbag2_player]: Press CURSOR_RIGHT for Play Next Message
[INFO] [1742543275.940493759] [rosbag2_player]: Press CURSOR_UP for Increase Rate 10%
[INFO] [1742543275.940539426] [rosbag2_player]: Press CURSOR_DOWN for Decrease Rate 10%
[INFO] [1742543275.942796592] [rosbag2_storage]: Opened database 'lms_data.bag/lms_data.bag_0.db3' for READ_ONLY.
[WARN] [1742543275.967760842] [lms_mapper_node]: 等待数据中... 440/600秒
[WARN] [1742543276.545824468] [lms_mapper_node]: 等待数据中... 450/600秒
[WARN] [1742543277.088738926] [lms_mapper_node]: 等待数据中... 460/600秒
[WARN] [1742543277.657779760] [lms_mapper_node]: 等待数据中... 470/600秒
[WARN] [1742543278.198387302] [lms_mapper_node]: 等待数据中... 480/600秒
[WARN] [1742543278.321986302] [lms_mapper_node]: 接收到激光数据，但没有位姿信息，跳过处理
[INFO] [1742543278.349823385] [lms_mapper_node]: 接收到里程计消息: frame_id=odom, child_frame_id=base_link
[INFO] [1742543278.350255927] [lms_mapper_node]: 位置: x=0.00, y=0.00, z=0.00
[INFO] [1742543278.351130302] [lms_mapper_node]: 添加轨迹点 #1: (0.00, 0.00)
[INFO] [1742543278.373392927] [lms_mapper_node]: 轨迹统计: 总点数=1, 开始=(0.00, 0.00), 最新=(0.00, 0.00)
[INFO] [1742543278.442597219] [lms_mapper_node]: 接收到第一帧激光数据
[INFO] [1742543278.606493760] [lms_mapper_node]: 添加了62个新障碍物点到地图
[INFO] [1742543278.607906094] [lms_mapper_node]: 地图统计: 障碍物单元格=62, 地图边界=[-1.8, 1.0]x[-0.0, 25.7]
[INFO] [1742543285.223687597] [lms_mapper_node]: 接收到激光数据: frame_id=laser, 点数=361
[INFO] [1742543285.224044264] [lms_mapper_node]: 接收到激光数据: 361个点, 角度范围=[0.00, 3.14]
[INFO] [1742543285.224371639] [lms_mapper_node]: 有效激光点: 351/361
[INFO] [1742543285.224646597] [lms_mapper_node]: 机器人位姿: x=0.00, y=0.00, theta=0.00, cos_theta=1.00, sin_theta=0.00
[INFO] [1742543285.225063930] [lms_mapper_node]: 激光点世界坐标范围: x=[-1.75, 0.96], y=[-0.00, 25.67]
[INFO] [1742543285.245914597] [lms_mapper_node]: 更新地图: 添加了351个点
[INFO] [1742543285.246674305] [lms_mapper_node]: 已接收轨迹点: 50
[INFO] [1742543285.260538805] [lms_mapper_node]: 已接收轨迹点: 50
[INFO] [1742543285.270647264] [lms_mapper_node]: 已接收轨迹点: 50
[INFO] [1742543285.308454139] [lms_mapper_node]: 已接收轨迹点: 50
[INFO] [1742543285.341838847] [lms_mapper_node]: 已接收轨迹点: 50
[INFO] [1742543285.346807014] [lms_mapper_node]: 已接收轨迹点: 50
[INFO] [1742543285.348463347] [lms_mapper_node]: 已接收轨迹点: 50
⏳ 正在播放rosbag - 已等待 15/3600 秒...
当前活跃话题:
[INFO] [1742543292.235059503] [lms_mapper_node]: 接收到激光数据: frame_id=laser, 点数=361
[INFO] [1742543292.235412294] [lms_mapper_node]: 接收到激光数据: 361个点, 角度范围=[0.00, 3.14]
[INFO] [1742543292.235682461] [lms_mapper_node]: 有效激光点: 351/361
[INFO] [1742543292.235936419] [lms_mapper_node]: 机器人位姿: x=0.00, y=0.00, theta=0.00, cos_theta=1.00, sin_theta=0.00
[INFO] [1742543292.236188169] [lms_mapper_node]: 激光点世界坐标范围: x=[-1.75, 0.96], y=[-0.00, 25.70]
[INFO] [1742543292.239118294] [lms_mapper_node]: 更新地图: 添加了351个点
[INFO] [1742543292.239645711] [lms_mapper_node]: 已接收轨迹点: 100
[INFO] [1742543292.240120503] [lms_mapper_node]: 已接收轨迹点: 100
[INFO] [1742543292.291861211] [lms_mapper_node]: 已接收轨迹点: 100
[INFO] [1742543292.292680378] [lms_mapper_node]: 已接收轨迹点: 100
[INFO] [1742543292.316695086] [lms_mapper_node]: 已接收轨迹点: 100
[INFO] [1742543292.347429544] [lms_mapper_node]: 已接收轨迹点: 100
[INFO] [1742543292.406820753] [lms_mapper_node]: 已接收轨迹点: 100
[INFO] [1742543292.408275336] [lms_mapper_node]: 已接收轨迹点: 100
[INFO] [1742543292.408722961] [lms_mapper_node]: 接收到里程计消息: frame_id=odom, child_frame_id=base_link
[INFO] [1742543292.408938419] [lms_mapper_node]: 位置: x=0.00, y=0.00, z=0.00
[INFO] [1742543292.409198503] [lms_mapper_node]: 添加轨迹点 #101: (0.00, 0.00)
[INFO] [1742543292.409424669] [lms_mapper_node]: 轨迹统计: 总点数=101, 开始=(0.00, 0.00), 最新=(0.00, 0.00)
/clock
/events/read_split
/map
/odom
/parameter_events
/rosout
/scan
/tf
[INFO] [1742543299.261257173] [lms_mapper_node]: 接收到激光数据: frame_id=laser, 点数=361
[INFO] [1742543299.261626631] [lms_mapper_node]: 接收到激光数据: 361个点, 角度范围=[0.00, 3.14]
[INFO] [1742543299.261913006] [lms_mapper_node]: 有效激光点: 351/361
[INFO] [1742543299.262166673] [lms_mapper_node]: 机器人位姿: x=0.00, y=0.00, theta=0.00, cos_theta=1.00, sin_theta=0.00
[INFO] [1742543299.262441423] [lms_mapper_node]: 激光点世界坐标范围: x=[-1.77, 0.97], y=[-0.00, 25.69]
[INFO] [1742543299.263372214] [lms_mapper_node]: 更新地图: 添加了351个点
[INFO] [1742543299.263852589] [lms_mapper_node]: 已接收轨迹点: 150
[INFO] [1742543299.274856423] [lms_mapper_node]: 已接收轨迹点: 150
[INFO] [1742543299.296904548] [lms_mapper_node]: 已接收轨迹点: 150
[INFO] [1742543299.313161048] [lms_mapper_node]: 已接收轨迹点: 150
[INFO] [1742543299.346705798] [lms_mapper_node]: 已接收轨迹点: 150
[INFO] [1742543299.370067589] [lms_mapper_node]: 已接收轨迹点: 150
[INFO] [1742543299.394987589] [lms_mapper_node]: 已接收轨迹点: 150
[INFO] [1742543299.418065381] [lms_mapper_node]: 已接收轨迹点: 150
[INFO] [1742543299.441006589] [lms_mapper_node]: 已接收轨迹点: 150
[INFO] [1742543299.442357381] [lms_mapper_node]: 已接收轨迹点: 150
[INFO] [1742543306.342832009] [lms_mapper_node]: 接收到激光数据: frame_id=laser, 点数=361
[INFO] [1742543306.343337884] [lms_mapper_node]: 已接收轨迹点: 200
[INFO] [1742543306.351629093] [lms_mapper_node]: 已接收轨迹点: 200
[INFO] [1742543306.366613051] [lms_mapper_node]: 已接收轨迹点: 200
[INFO] [1742543306.397327301] [lms_mapper_node]: 已接收轨迹点: 200
[INFO] [1742543306.428847676] [lms_mapper_node]: 已接收轨迹点: 200
[INFO] [1742543306.453973968] [lms_mapper_node]: 已接收轨迹点: 200
[INFO] [1742543306.471770051] [lms_mapper_node]: 已接收轨迹点: 200
[INFO] [1742543306.476062218] [lms_mapper_node]: 接收到里程计消息: frame_id=odom, child_frame_id=base_link
[INFO] [1742543306.494767134] [lms_mapper_node]: 位置: x=0.00, y=0.00, z=0.00
[INFO] [1742543306.495271426] [lms_mapper_node]: 添加轨迹点 #201: (0.00, 0.00)
[INFO] [1742543306.495515676] [lms_mapper_node]: 轨迹统计: 总点数=201, 开始=(0.00, 0.00), 最新=(0.00, 0.00)
⏳ 正在播放rosbag - 已等待 30/3600 秒...
当前活跃话题:
/clock
/events/read_split
/map
/odom
/parameter_events
/rosout
/scan
/tf
[INFO] [1742543313.354957888] [lms_mapper_node]: 接收到激光数据: frame_id=laser, 点数=361
[INFO] [1742543313.355334263] [lms_mapper_node]: 接收到激光数据: 361个点, 角度范围=[0.00, 3.14]
[INFO] [1742543313.355640929] [lms_mapper_node]: 有效激光点: 351/361
[INFO] [1742543313.355922304] [lms_mapper_node]: 机器人位姿: x=0.00, y=0.00, theta=0.00, cos_theta=1.00, sin_theta=0.00
[INFO] [1742543313.356177263] [lms_mapper_node]: 激光点世界坐标范围: x=[-1.78, 0.97], y=[-0.00, 25.67]
[INFO] [1742543313.357099846] [lms_mapper_node]: 更新地图: 添加了351个点
[INFO] [1742543313.357612179] [lms_mapper_node]: 已接收轨迹点: 250
[INFO] [1742543313.373630179] [lms_mapper_node]: 已接收轨迹点: 250
[INFO] [1742543313.400894263] [lms_mapper_node]: 已接收轨迹点: 250
[INFO] [1742543313.416288513] [lms_mapper_node]: 已接收轨迹点: 250
[INFO] [1742543313.448020388] [lms_mapper_node]: 已接收轨迹点: 250
[INFO] [1742543313.468583138] [lms_mapper_node]: 已接收轨迹点: 250
[INFO] [1742543313.497058929] [lms_mapper_node]: 已接收轨迹点: 250
[INFO] [1742543313.528991346] [lms_mapper_node]: 已接收轨迹点: 250
[INFO] [1742543313.541578679] [lms_mapper_node]: 已接收轨迹点: 250
[INFO] [1742543313.542940179] [lms_mapper_node]: 已接收轨迹点: 250
[INFO] [1742543316.237939583] [lms_mapper_node]: 【进度报告】运行时间: 65.1秒, 处理扫描: 268帧, 轨迹点: 268个, 障碍物格子: 171个, 轨迹已更新
[INFO] [1742543316.240249791] [lms_mapper_node]: 中间地图中绘制轨迹: 268个点
[WARN] [1742543316.240702208] [lms_mapper_node]: 标记轨迹起终点时出错: 'LmsMapperNode' object has no attribute 'world_to_grid'
[INFO] [1742543320.444813210] [lms_mapper_node]: 中间地图坐标范围: extent=[-25.0, 25.0, -25.0, 25.0], 障碍物数量=171
[INFO] [1742543320.449259418] [lms_mapper_node]: 地图统计: 地图大小=500x500, 原点=(250, 250), 分辨率=0.1
[INFO] [1742543320.449605002] [lms_mapper_node]: 轨迹边界: x=[0.00, 0.00], y=[0.00, 0.00]
[INFO] [1742543320.677350960] [lms_mapper_node]: 使用扩展显示边界: x=[-21.8, 21.0], y=[-20.6, 46.3]
findfont: Font family ['sans-serif'] not found. Falling back to DejaVu Sans.
findfont: Generic family 'sans-serif' not found because none of the following families were found: SimHei
/IntelligentMobileRobots2025/work3/src/lms_mapper/lms_mapper/lms_mapper_node.py:1418: UserWarning: Glyph 20013 (\N{CJK UNIFIED IDEOGRAPH-4E2D}) missing from current font.
  plt.savefig(checkpoint_path, dpi=150)  # 降低dpi以加快保存速度
/IntelligentMobileRobots2025/work3/src/lms_mapper/lms_mapper/lms_mapper_node.py:1418: UserWarning: Glyph 38388 (\N{CJK UNIFIED IDEOGRAPH-95F4}) missing from current font.
  plt.savefig(checkpoint_path, dpi=150)  # 降低dpi以加快保存速度
/IntelligentMobileRobots2025/work3/src/lms_mapper/lms_mapper/lms_mapper_node.py:1418: UserWarning: Glyph 22320 (\N{CJK UNIFIED IDEOGRAPH-5730}) missing from current font.
  plt.savefig(checkpoint_path, dpi=150)  # 降低dpi以加快保存速度
/IntelligentMobileRobots2025/work3/src/lms_mapper/lms_mapper/lms_mapper_node.py:1418: UserWarning: Glyph 22270 (\N{CJK UNIFIED IDEOGRAPH-56FE}) missing from current font.
  plt.savefig(checkpoint_path, dpi=150)  # 降低dpi以加快保存速度
/IntelligentMobileRobots2025/work3/src/lms_mapper/lms_mapper/lms_mapper_node.py:1418: UserWarning: Glyph 32467 (\N{CJK UNIFIED IDEOGRAPH-7ED3}) missing from current font.
  plt.savefig(checkpoint_path, dpi=150)  # 降低dpi以加快保存速度
/IntelligentMobileRobots2025/work3/src/lms_mapper/lms_mapper/lms_mapper_node.py:1418: UserWarning: Glyph 26524 (\N{CJK UNIFIED IDEOGRAPH-679C}) missing from current font.
  plt.savefig(checkpoint_path, dpi=150)  # 降低dpi以加快保存速度
/IntelligentMobileRobots2025/work3/src/lms_mapper/lms_mapper/lms_mapper_node.py:1418: UserWarning: Glyph 26816 (\N{CJK UNIFIED IDEOGRAPH-68C0}) missing from current font.
  plt.savefig(checkpoint_path, dpi=150)  # 降低dpi以加快保存速度
/IntelligentMobileRobots2025/work3/src/lms_mapper/lms_mapper/lms_mapper_node.py:1418: UserWarning: Glyph 26597 (\N{CJK UNIFIED IDEOGRAPH-67E5}) missing from current font.
  plt.savefig(checkpoint_path, dpi=150)  # 降低dpi以加快保存速度
/IntelligentMobileRobots2025/work3/src/lms_mapper/lms_mapper/lms_mapper_node.py:1418: UserWarning: Glyph 28857 (\N{CJK UNIFIED IDEOGRAPH-70B9}) missing from current font.
  plt.savefig(checkpoint_path, dpi=150)  # 降低dpi以加快保存速度
/IntelligentMobileRobots2025/work3/src/lms_mapper/lms_mapper/lms_mapper_node.py:1418: UserWarning: Glyph 26102 (\N{CJK UNIFIED IDEOGRAPH-65F6}) missing from current font.
  plt.savefig(checkpoint_path, dpi=150)  # 降低dpi以加快保存速度
/IntelligentMobileRobots2025/work3/src/lms_mapper/lms_mapper/lms_mapper_node.py:1418: UserWarning: Glyph 31186 (\N{CJK UNIFIED IDEOGRAPH-79D2}) missing from current font.
  plt.savefig(checkpoint_path, dpi=150)  # 降低dpi以加快保存速度
/IntelligentMobileRobots2025/work3/src/lms_mapper/lms_mapper/lms_mapper_node.py:1418: UserWarning: Glyph 36712 (\N{CJK UNIFIED IDEOGRAPH-8F68}) missing from current font.
  plt.savefig(checkpoint_path, dpi=150)  # 降低dpi以加快保存速度
/IntelligentMobileRobots2025/work3/src/lms_mapper/lms_mapper/lms_mapper_node.py:1418: UserWarning: Glyph 36857 (\N{CJK UNIFIED IDEOGRAPH-8FF9}) missing from current font.
  plt.savefig(checkpoint_path, dpi=150)  # 降低dpi以加快保存速度
/IntelligentMobileRobots2025/work3/src/lms_mapper/lms_mapper/lms_mapper_node.py:1418: UserWarning: Glyph 25968 (\N{CJK UNIFIED IDEOGRAPH-6570}) missing from current font.
  plt.savefig(checkpoint_path, dpi=150)  # 降低dpi以加快保存速度
/IntelligentMobileRobots2025/work3/src/lms_mapper/lms_mapper/lms_mapper_node.py:1418: UserWarning: Glyph 20010 (\N{CJK UNIFIED IDEOGRAPH-4E2A}) missing from current font.
  plt.savefig(checkpoint_path, dpi=150)  # 降低dpi以加快保存速度
findfont: Font family ['sans-serif'] not found. Falling back to DejaVu Sans.
findfont: Generic family 'sans-serif' not found because none of the following families were found: SimHei
[INFO] [1742543322.154129336] [lms_mapper_node]: 已保存中间地图到: map_checkpoint_1.png, 显示范围: x=[-21.8, 21.0], y=[-20.6, 46.3]
[INFO] [1742543325.237395379] [lms_mapper_node]: 接收到激光数据: frame_id=laser, 点数=361
[INFO] [1742543325.237785546] [lms_mapper_node]: 接收到激光数据: 361个点, 角度范围=[0.00, 3.14]
[INFO] [1742543325.238081087] [lms_mapper_node]: 有效激光点: 352/361
[INFO] [1742543325.238336337] [lms_mapper_node]: 机器人位姿: x=0.00, y=0.00, theta=0.00, cos_theta=1.00, sin_theta=0.00
[INFO] [1742543325.238582837] [lms_mapper_node]: 激光点世界坐标范围: x=[-1.83, 0.97], y=[-0.00, 25.72]
[INFO] [1742543325.243617212] [lms_mapper_node]: 更新地图: 添加了352个点
[INFO] [1742543325.244268796] [lms_mapper_node]: 已接收轨迹点: 300
[INFO] [1742543325.244785462] [lms_mapper_node]: 已接收轨迹点: 300
[INFO] [1742543325.261856462] [lms_mapper_node]: 已接收轨迹点: 300
[INFO] [1742543325.268746337] [lms_mapper_node]: 已接收轨迹点: 300
[INFO] [1742543325.300571796] [lms_mapper_node]: 已接收轨迹点: 300
[INFO] [1742543325.321835712] [lms_mapper_node]: 已接收轨迹点: 300
[INFO] [1742543325.353444837] [lms_mapper_node]: 已接收轨迹点: 300
[INFO] [1742543325.362622462] [lms_mapper_node]: 已接收轨迹点: 300
[INFO] [1742543325.373479879] [lms_mapper_node]: 已接收轨迹点: 300
[INFO] [1742543325.381498212] [lms_mapper_node]: 接收到里程计消息: frame_id=odom, child_frame_id=base_link
[INFO] [1742543325.381735087] [lms_mapper_node]: 位置: x=0.00, y=0.00, z=0.00
[INFO] [1742543325.382065004] [lms_mapper_node]: 添加轨迹点 #301: (0.00, 0.00)
[INFO] [1742543325.382269129] [lms_mapper_node]: 轨迹统计: 总点数=301, 开始=(0.00, 0.00), 最新=(0.00, 0.00)
⏳ 正在播放rosbag - 已等待 45/3600 秒...
当前活跃话题:
/clock
/events/read_split
/map
/odom
/parameter_events
/rosout
/scan
/tf
[INFO] [1742543332.305486299] [lms_mapper_node]: 接收到激光数据: frame_id=laser, 点数=361
[INFO] [1742543332.306622674] [lms_mapper_node]: 接收到激光数据: 361个点, 角度范围=[0.00, 3.14]
[INFO] [1742543332.307034299] [lms_mapper_node]: 有效激光点: 351/361
[INFO] [1742543332.307311049] [lms_mapper_node]: 机器人位姿: x=0.00, y=0.00, theta=0.00, cos_theta=1.00, sin_theta=0.00
[INFO] [1742543332.307569757] [lms_mapper_node]: 激光点世界坐标范围: x=[-1.75, 0.96], y=[-0.00, 25.69]
[INFO] [1742543332.324617049] [lms_mapper_node]: 更新地图: 添加了351个点
[INFO] [1742543332.325290507] [lms_mapper_node]: 已接收轨迹点: 350
[INFO] [1742543332.352647841] [lms_mapper_node]: 已接收轨迹点: 350
[INFO] [1742543332.354242132] [lms_mapper_node]: 已接收轨迹点: 350
[INFO] [1742543332.387667049] [lms_mapper_node]: 已接收轨迹点: 350
[INFO] [1742543332.404512591] [lms_mapper_node]: 已接收轨迹点: 350
[INFO] [1742543332.426104132] [lms_mapper_node]: 已接收轨迹点: 350
[INFO] [1742543339.279964802] [lms_mapper_node]: 接收到激光数据: frame_id=laser, 点数=361
[INFO] [1742543339.280342427] [lms_mapper_node]: 接收到激光数据: 361个点, 角度范围=[0.00, 3.14]
[INFO] [1742543339.280624927] [lms_mapper_node]: 有效激光点: 352/361
[INFO] [1742543339.280880552] [lms_mapper_node]: 机器人位姿: x=0.00, y=0.00, theta=0.00, cos_theta=1.00, sin_theta=0.00
[INFO] [1742543339.281147136] [lms_mapper_node]: 激光点世界坐标范围: x=[-1.83, 0.97], y=[-0.00, 25.68]
[INFO] [1742543339.282186469] [lms_mapper_node]: 更新地图: 添加了352个点
[INFO] [1742543339.282756886] [lms_mapper_node]: 已接收轨迹点: 400
[INFO] [1742543339.304652636] [lms_mapper_node]: 已接收轨迹点: 400
[INFO] [1742543339.332340136] [lms_mapper_node]: 已接收轨迹点: 400
[INFO] [1742543339.355732802] [lms_mapper_node]: 已接收轨迹点: 400
[INFO] [1742543339.451430344] [lms_mapper_node]: 已接收轨迹点: 400
[INFO] [1742543339.454768802] [lms_mapper_node]: 已接收轨迹点: 400
[INFO] [1742543339.456062511] [lms_mapper_node]: 已接收轨迹点: 400
[INFO] [1742543339.456471802] [lms_mapper_node]: 接收到里程计消息: frame_id=odom, child_frame_id=base_link
[INFO] [1742543339.456685886] [lms_mapper_node]: 位置: x=0.00, y=0.00, z=0.00
[INFO] [1742543339.456944386] [lms_mapper_node]: 添加轨迹点 #401: (0.00, 0.00)
[INFO] [1742543339.461185719] [lms_mapper_node]: 轨迹统计: 总点数=401, 开始=(0.00, 0.00), 最新=(0.00, 0.00)
⏳ 正在播放rosbag - 已等待 60/3600 秒...
当前活跃话题:
[INFO] [1742543346.434763125] [lms_mapper_node]: 接收到激光数据: frame_id=laser, 点数=361
[INFO] [1742543346.457469958] [lms_mapper_node]: 已接收轨迹点: 450
[INFO] [1742543346.458171583] [lms_mapper_node]: 已接收轨迹点: 450
[INFO] [1742543346.486371791] [lms_mapper_node]: 已接收轨迹点: 450
[INFO] [1742543346.487780000] [lms_mapper_node]: 已接收轨迹点: 450
/clock
/events/read_split
/map
/odom
/parameter_events
/rosout
/scan
/tf
[INFO] [1742543353.384431795] [lms_mapper_node]: 已接收轨迹点: 500
[INFO] [1742543353.385821170] [lms_mapper_node]: 已接收轨迹点: 500
[INFO] [1742543353.386159295] [lms_mapper_node]: 接收到激光数据: frame_id=laser, 点数=361
[INFO] [1742543353.386414670] [lms_mapper_node]: 接收到激光数据: 361个点, 角度范围=[0.00, 3.14]
[INFO] [1742543353.388714545] [lms_mapper_node]: 有效激光点: 351/361
[INFO] [1742543353.388974503] [lms_mapper_node]: 机器人位姿: x=0.00, y=0.00, theta=0.00, cos_theta=1.00, sin_theta=0.00
[INFO] [1742543353.389223836] [lms_mapper_node]: 激光点世界坐标范围: x=[-1.78, 0.96], y=[-0.00, 25.71]
[INFO] [1742543353.390139711] [lms_mapper_node]: 更新地图: 添加了351个点
[INFO] [1742543353.390373295] [lms_mapper_node]: 已接收轨迹点: 500
[INFO] [1742543353.420379420] [lms_mapper_node]: 已接收轨迹点: 500
[INFO] [1742543353.442107045] [lms_mapper_node]: 已接收轨迹点: 500
[INFO] [1742543353.455276961] [lms_mapper_node]: 已接收轨迹点: 500
[INFO] [1742543353.477243003] [lms_mapper_node]: 已接收轨迹点: 500
[INFO] [1742543353.495251295] [lms_mapper_node]: 已接收轨迹点: 500
[INFO] [1742543353.505035003] [lms_mapper_node]: 已接收轨迹点: 500
[INFO] [1742543353.524718711] [lms_mapper_node]: 接收到里程计消息: frame_id=odom, child_frame_id=base_link
[INFO] [1742543353.543065170] [lms_mapper_node]: 位置: x=0.00, y=0.00, z=0.00
[INFO] [1742543353.548298670] [lms_mapper_node]: 添加轨迹点 #501: (0.00, 0.00)
[INFO] [1742543353.556308670] [lms_mapper_node]: 轨迹统计: 总点数=501, 开始=(0.00, 0.00), 最新=(0.00, 0.00)
[INFO] [1742543360.395379881] [lms_mapper_node]: 接收到激光数据: frame_id=laser, 点数=361
[INFO] [1742543360.424895673] [lms_mapper_node]: 接收到激光数据: 361个点, 角度范围=[0.00, 3.14]
[INFO] [1742543360.425262590] [lms_mapper_node]: 有效激光点: 351/361
[INFO] [1742543360.425533173] [lms_mapper_node]: 机器人位姿: x=0.00, y=0.00, theta=0.00, cos_theta=1.00, sin_theta=0.00
[INFO] [1742543360.425807215] [lms_mapper_node]: 激光点世界坐标范围: x=[-1.84, 0.93], y=[-0.00, 24.26]
[INFO] [1742543360.462383756] [lms_mapper_node]: 更新地图: 添加了351个点
[INFO] [1742543360.463143256] [lms_mapper_node]: 已接收轨迹点: 550
[INFO] [1742543360.463689423] [lms_mapper_node]: 已接收轨迹点: 550
[INFO] [1742543360.484770506] [lms_mapper_node]: 已接收轨迹点: 550
[INFO] [1742543360.494450881] [lms_mapper_node]: 已接收轨迹点: 550
[INFO] [1742543360.520030423] [lms_mapper_node]: 已接收轨迹点: 550
[INFO] [1742543360.544885673] [lms_mapper_node]: 已接收轨迹点: 550
[INFO] [1742543360.568604007] [lms_mapper_node]: 已接收轨迹点: 550
[INFO] [1742543360.570111840] [lms_mapper_node]: 已接收轨迹点: 550
[INFO] [1742543360.571397590] [lms_mapper_node]: 已接收轨迹点: 550
[INFO] [1742543360.976990548] [lms_mapper_node]: 地图统计: 障碍物单元格=562, 地图边界=[-2.1, 1.0]x[-0.0, 26.2]
⏳ 正在播放rosbag - 已等待 75/3600 秒...
当前活跃话题:
[INFO] [1742543366.312092259] [lms_mapper_node]: 【进度报告】运行时间: 115.1秒, 处理扫描: 589帧, 轨迹点: 589个, 障碍物格子: 1057个, 轨迹已更新
[INFO] [1742543366.323486301] [lms_mapper_node]: 中间地图中绘制轨迹: 589个点
[WARN] [1742543366.324038634] [lms_mapper_node]: 标记轨迹起终点时出错: 'LmsMapperNode' object has no attribute 'world_to_grid'
[INFO] [1742543366.781786509] [lms_mapper_node]: 中间地图坐标范围: extent=[-25.0, 25.0, -25.0, 25.0], 障碍物数量=1057
[INFO] [1742543366.782070426] [lms_mapper_node]: 地图统计: 地图大小=500x500, 原点=(250, 250), 分辨率=0.1
[INFO] [1742543366.782467926] [lms_mapper_node]: 轨迹边界: x=[0.00, 0.00], y=[0.00, 0.00]
[INFO] [1742543366.958804801] [lms_mapper_node]: 使用扩展显示边界: x=[-22.3, 21.0], y=[-21.0, 50.9]
[INFO] [1742543368.120820510] [lms_mapper_node]: 已保存中间地图到: map_checkpoint_2.png, 显示范围: x=[-22.3, 21.0], y=[-21.0, 50.9]
[INFO] [1742543368.153339385] [lms_mapper_node]: 已清除102个过期障碍物
[INFO] [1742543368.197873468] [lms_mapper_node]: 接收到激光数据: frame_id=laser, 点数=361
[INFO] [1742543368.198558260] [lms_mapper_node]: 已接收轨迹点: 600
[INFO] [1742543368.199096552] [lms_mapper_node]: 已接收轨迹点: 600
[INFO] [1742543368.230113968] [lms_mapper_node]: 已接收轨迹点: 600
[INFO] [1742543368.256229969] [lms_mapper_node]: 已接收轨迹点: 600
[INFO] [1742543368.279514802] [lms_mapper_node]: 已接收轨迹点: 600
[INFO] [1742543368.297259052] [lms_mapper_node]: 已接收轨迹点: 600
[INFO] [1742543368.324384635] [lms_mapper_node]: 已接收轨迹点: 600
[INFO] [1742543368.325233719] [lms_mapper_node]: 已清除17个过期障碍物
[INFO] [1742543368.326129010] [lms_mapper_node]: 已接收轨迹点: 600
[INFO] [1742543368.326535802] [lms_mapper_node]: 接收到里程计消息: frame_id=odom, child_frame_id=base_link
[INFO] [1742543368.326766802] [lms_mapper_node]: 位置: x=0.00, y=0.00, z=0.00
[INFO] [1742543368.327027635] [lms_mapper_node]: 添加轨迹点 #601: (0.00, 0.00)
[INFO] [1742543368.327229260] [lms_mapper_node]: 轨迹统计: 总点数=601, 开始=(0.00, 0.00), 最新=(0.00, 0.00)
/clock
/events/read_split
/map
/odom
/parameter_events
/rosout
/scan
/tf
[INFO] [1742543368.625252469] [lms_mapper_node]: 已清除13个过期障碍物
[INFO] [1742543368.626214802] [lms_mapper_node]: 地图统计: 障碍物单元格=1082, 地图边界=[-3.9, 1.3]x[-0.0, 29.9]
[INFO] [1742543368.896403094] [lms_mapper_node]: 已清除11个过期障碍物
[INFO] [1742543369.181298052] [lms_mapper_node]: 已清除18个过期障碍物
[INFO] [1742543369.454253802] [lms_mapper_node]: 已清除20个过期障碍物
[INFO] [1742543369.807418844] [lms_mapper_node]: 已清除14个过期障碍物
[INFO] [1742543370.011889928] [lms_mapper_node]: 已清除19个过期障碍物
[INFO] [1742543370.339174511] [lms_mapper_node]: 已清除15个过期障碍物
[INFO] [1742543370.585348178] [lms_mapper_node]: 已清除22个过期障碍物
[INFO] [1742543370.991758511] [lms_mapper_node]: 已清除12个过期障碍物
[INFO] [1742543371.279120928] [lms_mapper_node]: 已清除14个过期障碍物
[INFO] [1742543371.550782262] [lms_mapper_node]: 已清除24个过期障碍物
[INFO] [1742543371.858552054] [lms_mapper_node]: 已清除14个过期障碍物
[INFO] [1742543372.013989304] [lms_mapper_node]: 已清除12个过期障碍物
[INFO] [1742543372.288908220] [lms_mapper_node]: 已清除29个过期障碍物
[INFO] [1742543372.572592804] [lms_mapper_node]: 已清除13个过期障碍物
[INFO] [1742543372.712316971] [lms_mapper_node]: 已清除14个过期障碍物
[INFO] [1742543373.149749513] [lms_mapper_node]: 已清除26个过期障碍物
[INFO] [1742543373.263891096] [lms_mapper_node]: 已清除23个过期障碍物
[INFO] [1742543373.534928304] [lms_mapper_node]: 已清除21个过期障碍物
[INFO] [1742543373.724875596] [lms_mapper_node]: 已清除17个过期障碍物
[INFO] [1742543374.097738930] [lms_mapper_node]: 已清除31个过期障碍物
[INFO] [1742543374.382000930] [lms_mapper_node]: 已清除36个过期障碍物
[INFO] [1742543374.652026638] [lms_mapper_node]: 已清除30个过期障碍物
[INFO] [1742543374.944344972] [lms_mapper_node]: 已清除44个过期障碍物
[INFO] [1742543375.234278264] [lms_mapper_node]: 接收到激光数据: frame_id=laser, 点数=361
[INFO] [1742543375.234670347] [lms_mapper_node]: 接收到激光数据: 361个点, 角度范围=[0.00, 3.14]
[INFO] [1742543375.234971597] [lms_mapper_node]: 有效激光点: 353/361
[INFO] [1742543375.235277680] [lms_mapper_node]: 机器人位姿: x=0.00, y=0.00, theta=0.00, cos_theta=1.00, sin_theta=0.00
[INFO] [1742543375.235577514] [lms_mapper_node]: 激光点世界坐标范围: x=[-1.07, 1.98], y=[-0.00, 25.32]
[INFO] [1742543375.236409722] [lms_mapper_node]: 已清除72个过期障碍物
[INFO] [1742543375.247353139] [lms_mapper_node]: 更新地图: 添加了353个点
[INFO] [1742543375.247935514] [lms_mapper_node]: 已接收轨迹点: 650
[INFO] [1742543375.248423305] [lms_mapper_node]: 已接收轨迹点: 650
[INFO] [1742543375.282071014] [lms_mapper_node]: 已接收轨迹点: 650
[INFO] [1742543375.308754639] [lms_mapper_node]: 已接收轨迹点: 650
[INFO] [1742543375.329780014] [lms_mapper_node]: 已接收轨迹点: 650
[INFO] [1742543375.338295097] [lms_mapper_node]: 已接收轨迹点: 650
[INFO] [1742543375.339891472] [lms_mapper_node]: 已接收轨迹点: 650
[INFO] [1742543375.618478055] [lms_mapper_node]: 已清除48个过期障碍物
[INFO] [1742543375.791045222] [lms_mapper_node]: 已清除70个过期障碍物
[INFO] [1742543376.203720583] [lms_mapper_node]: 已清除54个过期障碍物
[INFO] [1742543378.168190417] [lms_mapper_node]: 已清除49个过期障碍物
[INFO] [1742543378.616835959] [lms_mapper_node]: 已清除19个过期障碍物
[INFO] [1742543378.735624918] [lms_mapper_node]: 已清除40个过期障碍物
[INFO] [1742543378.903585084] [lms_mapper_node]: 已清除15个过期障碍物
[INFO] [1742543379.123941418] [lms_mapper_node]: 已清除18个过期障碍物
[INFO] [1742543379.300610251] [lms_mapper_node]: 已清除38个过期障碍物
[INFO] [1742543379.491807501] [lms_mapper_node]: 已清除19个过期障碍物
[INFO] [1742543379.598300168] [lms_mapper_node]: 已清除22个过期障碍物
[INFO] [1742543379.873340501] [lms_mapper_node]: 已清除29个过期障碍物
[INFO] [1742543380.154651043] [lms_mapper_node]: 已清除33个过期障碍物
[INFO] [1742543380.471455877] [lms_mapper_node]: 已清除20个过期障碍物
[INFO] [1742543380.714861877] [lms_mapper_node]: 已清除30个过期障碍物
[INFO] [1742543380.999381710] [lms_mapper_node]: 已清除24个过期障碍物
[INFO] [1742543381.410544960] [lms_mapper_node]: 已清除15个过期障碍物
[INFO] [1742543381.573621711] [lms_mapper_node]: 已清除23个过期障碍物
[INFO] [1742543381.848572377] [lms_mapper_node]: 已清除20个过期障碍物
[INFO] [1742543381.958499669] [lms_mapper_node]: 已清除16个过期障碍物
[INFO] [1742543382.127030211] [lms_mapper_node]: 已清除19个过期障碍物
[INFO] [1742543382.252225128] [lms_mapper_node]: 接收到激光数据: frame_id=laser, 点数=361
[INFO] [1742543382.252599669] [lms_mapper_node]: 接收到激光数据: 361个点, 角度范围=[0.00, 3.14]
[INFO] [1742543382.252882044] [lms_mapper_node]: 有效激光点: 352/361
[INFO] [1742543382.253137628] [lms_mapper_node]: 机器人位姿: x=0.00, y=0.00, theta=0.00, cos_theta=1.00, sin_theta=0.00
[INFO] [1742543382.253406669] [lms_mapper_node]: 激光点世界坐标范围: x=[-1.55, 1.19], y=[-0.00, 22.24]
[INFO] [1742543382.260531044] [lms_mapper_node]: 更新地图: 添加了352个点
[INFO] [1742543382.261104544] [lms_mapper_node]: 已接收轨迹点: 700
[INFO] [1742543382.276689128] [lms_mapper_node]: 已接收轨迹点: 700
[INFO] [1742543382.294095336] [lms_mapper_node]: 已接收轨迹点: 700
[INFO] [1742543382.319223211] [lms_mapper_node]: 已接收轨迹点: 700
[INFO] [1742543382.352543044] [lms_mapper_node]: 已接收轨迹点: 700
[INFO] [1742543382.369011003] [lms_mapper_node]: 已接收轨迹点: 700
[INFO] [1742543382.399539503] [lms_mapper_node]: 已接收轨迹点: 700
[INFO] [1742543382.412425836] [lms_mapper_node]: 已接收轨迹点: 700
[INFO] [1742543382.413631169] [lms_mapper_node]: 已清除29个过期障碍物
[INFO] [1742543382.415910961] [lms_mapper_node]: 已接收轨迹点: 700
[INFO] [1742543382.417763169] [lms_mapper_node]: 接收到里程计消息: frame_id=odom, child_frame_id=base_link
[INFO] [1742543382.428127503] [lms_mapper_node]: 位置: x=0.00, y=0.00, z=0.00
[INFO] [1742543382.428578503] [lms_mapper_node]: 添加轨迹点 #701: (0.00, 0.00)
[INFO] [1742543382.428790128] [lms_mapper_node]: 轨迹统计: 总点数=701, 开始=(0.00, 0.00), 最新=(0.00, 0.00)
[INFO] [1742543382.692111253] [lms_mapper_node]: 已清除31个过期障碍物
[INFO] [1742543383.273589503] [lms_mapper_node]: 已清除18个过期障碍物
[INFO] [1742543383.373217461] [lms_mapper_node]: 已清除14个过期障碍物
[INFO] [1742543383.823829253] [lms_mapper_node]: 已清除15个过期障碍物
[INFO] [1742543383.941386837] [lms_mapper_node]: 已清除11个过期障碍物
[INFO] [1742543384.255835462] [lms_mapper_node]: 已清除17个过期障碍物
⏳ 正在播放rosbag - 已等待 90/3600 秒...
当前活跃话题:
[INFO] [1742543384.527153670] [lms_mapper_node]: 已清除11个过期障碍物
[INFO] [1742543384.959523379] [lms_mapper_node]: 已清除14个过期障碍物
[INFO] [1742543385.073651962] [lms_mapper_node]: 已清除16个过期障碍物
[INFO] [1742543385.368197254] [lms_mapper_node]: 已清除13个过期障碍物
[INFO] [1742543385.637368671] [lms_mapper_node]: 已清除14个过期障碍物
[INFO] [1742543385.922029171] [lms_mapper_node]: 已清除22个过期障碍物
[INFO] [1742543386.488517546] [lms_mapper_node]: 已清除37个过期障碍物
[INFO] [1742543386.769356213] [lms_mapper_node]: 已清除14个过期障碍物
[INFO] [1742543387.065394047] [lms_mapper_node]: 已清除38个过期障碍物
[INFO] [1742543387.394485713] [lms_mapper_node]: 已清除39个过期障碍物
[INFO] [1742543387.637188338] [lms_mapper_node]: 已清除97个过期障碍物
[INFO] [1742543387.897640505] [lms_mapper_node]: 已清除49个过期障碍物
[INFO] [1742543388.185419047] [lms_mapper_node]: 已清除41个过期障碍物
[INFO] [1742543388.464380797] [lms_mapper_node]: 已清除21个过期障碍物
/clock
/events/read_split
/map
/odom
/parameter_events
/rosout
/scan
/tf
[INFO] [1742543388.754805506] [lms_mapper_node]: 已清除23个过期障碍物
[INFO] [1742543389.034499214] [lms_mapper_node]: 已清除16个过期障碍物
[INFO] [1742543389.150881797] [lms_mapper_node]: 已清除11个过期障碍物
[INFO] [1742543389.323482798] [lms_mapper_node]: 接收到激光数据: frame_id=laser, 点数=361
[INFO] [1742543389.324561173] [lms_mapper_node]: 接收到激光数据: 361个点, 角度范围=[0.00, 3.14]
[INFO] [1742543389.349529964] [lms_mapper_node]: 有效激光点: 352/361
[INFO] [1742543389.349965464] [lms_mapper_node]: 机器人位姿: x=0.00, y=0.00, theta=0.00, cos_theta=1.00, sin_theta=0.00
[INFO] [1742543389.350259423] [lms_mapper_node]: 激光点世界坐标范围: x=[-1.98, 1.17], y=[-0.00, 19.11]
[INFO] [1742543389.351388923] [lms_mapper_node]: 更新地图: 添加了352个点
[INFO] [1742543389.352010423] [lms_mapper_node]: 已接收轨迹点: 750
[INFO] [1742543389.352543298] [lms_mapper_node]: 已接收轨迹点: 750
[INFO] [1742543389.575661173] [lms_mapper_node]: 已接收轨迹点: 750
[INFO] [1742543389.622036881] [lms_mapper_node]: 已接收轨迹点: 750
[INFO] [1742543389.796141798] [lms_mapper_node]: 已清除31个过期障碍物
[INFO] [1742543390.028308923] [lms_mapper_node]: 已清除17个过期障碍物
[INFO] [1742543390.164178423] [lms_mapper_node]: 已清除11个过期障碍物
[INFO] [1742543390.279341215] [lms_mapper_node]: 已清除12个过期障碍物
[INFO] [1742543390.748831132] [lms_mapper_node]: 已清除18个过期障碍物
[INFO] [1742543391.130343382] [lms_mapper_node]: 已清除14个过期障碍物
[INFO] [1742543391.403594924] [lms_mapper_node]: 已清除13个过期障碍物
[INFO] [1742543391.580344799] [lms_mapper_node]: 已清除11个过期障碍物
[INFO] [1742543391.692293215] [lms_mapper_node]: 已清除16个过期障碍物
[INFO] [1742543391.870552299] [lms_mapper_node]: 已清除16个过期障碍物
[INFO] [1742543391.974136049] [lms_mapper_node]: 已清除11个过期障碍物
[INFO] [1742543392.257821841] [lms_mapper_node]: 已清除19个过期障碍物
[INFO] [1742543392.546599299] [lms_mapper_node]: 已清除22个过期障碍物
[INFO] [1742543392.830401674] [lms_mapper_node]: 已清除31个过期障碍物
[INFO] [1742543393.101766508] [lms_mapper_node]: 已清除17个过期障碍物
[INFO] [1742543393.382521383] [lms_mapper_node]: 已清除19个过期障碍物
[INFO] [1742543393.673356133] [lms_mapper_node]: 已清除26个过期障碍物
[INFO] [1742543394.009944925] [lms_mapper_node]: 已清除26个过期障碍物
[INFO] [1742543394.232683133] [lms_mapper_node]: 已清除24个过期障碍物
[INFO] [1742543394.526398967] [lms_mapper_node]: 已清除17个过期障碍物
[INFO] [1742543394.809384134] [lms_mapper_node]: 已清除23个过期障碍物
[INFO] [1742543395.084661759] [lms_mapper_node]: 已清除25个过期障碍物
[INFO] [1742543395.369710634] [lms_mapper_node]: 已清除18个过期障碍物
[INFO] [1742543395.654835384] [lms_mapper_node]: 已清除15个过期障碍物
[INFO] [1742543395.964423384] [lms_mapper_node]: 已清除24个过期障碍物
[INFO] [1742543396.338359093] [lms_mapper_node]: 已接收轨迹点: 800
[INFO] [1742543396.338968384] [lms_mapper_node]: 接收到激光数据: frame_id=laser, 点数=361
[INFO] [1742543396.339257134] [lms_mapper_node]: 接收到激光数据: 361个点, 角度范围=[0.00, 3.14]
[INFO] [1742543396.339526759] [lms_mapper_node]: 有效激光点: 351/361
[INFO] [1742543396.339777134] [lms_mapper_node]: 机器人位姿: x=0.00, y=0.00, theta=0.00, cos_theta=1.00, sin_theta=0.00
[INFO] [1742543396.340057218] [lms_mapper_node]: 激光点世界坐标范围: x=[-1.14, 3.01], y=[-0.00, 21.46]
[INFO] [1742543396.341126759] [lms_mapper_node]: 更新地图: 添加了351个点
[INFO] [1742543396.360552009] [lms_mapper_node]: 已接收轨迹点: 800
[INFO] [1742543396.361192551] [lms_mapper_node]: 已接收轨迹点: 800
[INFO] [1742543396.384739259] [lms_mapper_node]: 已接收轨迹点: 800
[INFO] [1742543396.394215884] [lms_mapper_node]: 已接收轨迹点: 800
[INFO] [1742543396.430204759] [lms_mapper_node]: 已接收轨迹点: 800
[INFO] [1742543396.453912093] [lms_mapper_node]: 已接收轨迹点: 800
[INFO] [1742543396.479718926] [lms_mapper_node]: 已接收轨迹点: 800
[INFO] [1742543396.521668051] [lms_mapper_node]: 已接收轨迹点: 800
[INFO] [1742543396.523216176] [lms_mapper_node]: 已接收轨迹点: 800
[INFO] [1742543396.523669676] [lms_mapper_node]: 接收到里程计消息: frame_id=odom, child_frame_id=base_link
[INFO] [1742543396.523886218] [lms_mapper_node]: 位置: x=0.00, y=0.00, z=0.00
[INFO] [1742543396.524147676] [lms_mapper_node]: 添加轨迹点 #801: (0.00, 0.00)
[INFO] [1742543396.553517718] [lms_mapper_node]: 轨迹统计: 总点数=801, 开始=(0.00, 0.00), 最新=(0.00, 0.00)
[INFO] [1742543396.806597968] [lms_mapper_node]: 已清除17个过期障碍物
[INFO] [1742543396.967889510] [lms_mapper_node]: 已清除11个过期障碍物
[INFO] [1742543397.358529676] [lms_mapper_node]: 已清除24个过期障碍物
[INFO] [1742543397.482457218] [lms_mapper_node]: 已清除14个过期障碍物
[INFO] [1742543397.744569927] [lms_mapper_node]: 已清除15个过期障碍物
[INFO] [1742543398.060914510] [lms_mapper_node]: 已清除15个过期障碍物
[INFO] [1742543398.193443468] [lms_mapper_node]: 已清除20个过期障碍物
[INFO] [1742543398.311384052] [lms_mapper_node]: 已清除13个过期障碍物
[INFO] [1742543398.862601552] [lms_mapper_node]: 已清除28个过期障碍物
[INFO] [1742543398.872108427] [lms_mapper_node]: 已清除13个过期障碍物
[INFO] [1742543399.151489219] [lms_mapper_node]: 已清除24个过期障碍物
[INFO] [1742543399.446839011] [lms_mapper_node]: 已清除15个过期障碍物
[INFO] [1742543399.780560469] [lms_mapper_node]: 地图统计: 障碍物单元格=1589, 地图边界=[-6.2, 3.4]x[-0.0, 29.9]
[INFO] [1742543399.837583553] [lms_mapper_node]: 已清除16个过期障碍物
[INFO] [1742543400.301384844] [lms_mapper_node]: 已清除23个过期障碍物
[INFO] [1742543400.571596720] [lms_mapper_node]: 已清除23个过期障碍物
[INFO] [1742543400.876419886] [lms_mapper_node]: 已清除25个过期障碍物
[INFO] [1742543401.147477303] [lms_mapper_node]: 已清除30个过期障碍物
[INFO] [1742543401.422899095] [lms_mapper_node]: 已清除41个过期障碍物
[INFO] [1742543401.712449845] [lms_mapper_node]: 已清除40个过期障碍物
[INFO] [1742543401.997616345] [lms_mapper_node]: 已清除49个过期障碍物
[INFO] [1742543402.287744804] [lms_mapper_node]: 已清除76个过期障碍物
[INFO] [1742543402.562763012] [lms_mapper_node]: 已清除52个过期障碍物
[INFO] [1742543402.671169554] [lms_mapper_node]: 已清除38个过期障碍物
[INFO] [1742543402.835109179] [lms_mapper_node]: 已清除27个过期障碍物
[INFO] [1742543402.960748887] [lms_mapper_node]: 已清除26个过期障碍物
[INFO] [1742543403.152402429] [lms_mapper_node]: 已清除21个过期障碍物
[INFO] [1742543403.241456804] [lms_mapper_node]: 已清除27个过期障碍物
[INFO] [1742543403.407047554] [lms_mapper_node]: 接收到激光数据: frame_id=laser, 点数=361
[INFO] [1742543403.407403763] [lms_mapper_node]: 接收到激光数据: 361个点, 角度范围=[0.00, 3.14]
[INFO] [1742543403.407686638] [lms_mapper_node]: 有效激光点: 358/361
[INFO] [1742543403.409008429] [lms_mapper_node]: 机器人位姿: x=0.00, y=0.00, theta=0.00, cos_theta=1.00, sin_theta=0.00
[INFO] [1742543403.410110804] [lms_mapper_node]: 激光点世界坐标范围: x=[-0.95, 1.55], y=[-0.00, 27.44]
[INFO] [1742543403.461822304] [lms_mapper_node]: 已清除20个过期障碍物
[INFO] [1742543403.488512263] [lms_mapper_node]: 更新地图: 添加了358个点
[INFO] [1742543403.492972096] [lms_mapper_node]: 已接收轨迹点: 850
[INFO] [1742543403.496833096] [lms_mapper_node]: 已接收轨迹点: 850
[INFO] [1742543403.522605263] [lms_mapper_node]: 已接收轨迹点: 850
[INFO] [1742543403.523599054] [lms_mapper_node]: 已清除29个过期障碍物
[INFO] [1742543403.524550846] [lms_mapper_node]: 已接收轨迹点: 850
[INFO] [1742543403.697307013] [lms_mapper_node]: 已清除14个过期障碍物
[INFO] [1742543403.844117721] [lms_mapper_node]: 已清除25个过期障碍物
[INFO] [1742543404.097681388] [lms_mapper_node]: 已清除39个过期障碍物
[INFO] [1742543404.259857638] [lms_mapper_node]: 已清除14个过期障碍物
[INFO] [1742543404.398620680] [lms_mapper_node]: 已清除14个过期障碍物
[INFO] [1742543404.536216430] [lms_mapper_node]: 已清除14个过期障碍物
[INFO] [1742543404.656619472] [lms_mapper_node]: 已清除15个过期障碍物
⏳ 正在播放rosbag - 已等待 105/3600 秒...
当前活跃话题:
[INFO] [1742543404.847481763] [lms_mapper_node]: 已清除13个过期障碍物
[INFO] [1742543404.969517680] [lms_mapper_node]: 已清除14个过期障碍物
[INFO] [1742543405.105075305] [lms_mapper_node]: 已清除14个过期障碍物
[INFO] [1742543405.221685097] [lms_mapper_node]: 已清除15个过期障碍物
[INFO] [1742543405.655997680] [lms_mapper_node]: 已清除27个过期障碍物
[INFO] [1742543405.781784055] [lms_mapper_node]: 已清除18个过期障碍物
[INFO] [1742543406.368843250] [lms_mapper_node]: 已清除36个过期障碍物
[INFO] [1742543406.626404750] [lms_mapper_node]: 已清除17个过期障碍物
[INFO] [1742543407.031634625] [lms_mapper_node]: 已清除14个过期障碍物
[INFO] [1742543407.203004500] [lms_mapper_node]: 已清除19个过期障碍物
[INFO] [1742543407.609437084] [lms_mapper_node]: 已清除12个过期障碍物
[INFO] [1742543407.766808875] [lms_mapper_node]: 已清除16个过期障碍物
[INFO] [1742543408.154569667] [lms_mapper_node]: 已清除14个过期障碍物
[INFO] [1742543408.318148001] [lms_mapper_node]: 已清除21个过期障碍物
[INFO] [1742543408.888262668] [lms_mapper_node]: 已清除27个过期障碍物
/clock
/events/read_split
/map
/odom
/parameter_events
/rosout
/scan
/tf
[INFO] [1742543409.171980959] [lms_mapper_node]: 已清除27个过期障碍物
[INFO] [1742543409.454828960] [lms_mapper_node]: 已清除23个过期障碍物
[INFO] [1742543409.748626501] [lms_mapper_node]: 已清除19个过期障碍物
[INFO] [1742543409.849694418] [lms_mapper_node]: 已清除17个过期障碍物
[INFO] [1742543410.017861626] [lms_mapper_node]: 已清除11个过期障碍物
[INFO] [1742543410.132978460] [lms_mapper_node]: 已清除18个过期障碍物
[INFO] [1742543410.304052668] [lms_mapper_node]: 已清除21个过期障碍物
[INFO] [1742543410.437124168] [lms_mapper_node]: 接收到激光数据: frame_id=laser, 点数=361
[INFO] [1742543410.437504293] [lms_mapper_node]: 接收到激光数据: 361个点, 角度范围=[0.00, 3.14]
[INFO] [1742543410.437782210] [lms_mapper_node]: 有效激光点: 356/361
[INFO] [1742543410.438062502] [lms_mapper_node]: 机器人位姿: x=0.00, y=0.00, theta=0.00, cos_theta=1.00, sin_theta=0.00
[INFO] [1742543410.438352210] [lms_mapper_node]: 激光点世界坐标范围: x=[-1.57, 1.47], y=[-0.00, 22.65]
[INFO] [1742543410.438915710] [lms_mapper_node]: 已清除19个过期障碍物
[INFO] [1742543410.439799168] [lms_mapper_node]: 更新地图: 添加了356个点
[INFO] [1742543410.440301710] [lms_mapper_node]: 已接收轨迹点: 900
[INFO] [1742543410.467153418] [lms_mapper_node]: 已接收轨迹点: 900
[INFO] [1742543410.473730168] [lms_mapper_node]: 已接收轨迹点: 900
[INFO] [1742543410.497031168] [lms_mapper_node]: 已接收轨迹点: 900
[INFO] [1742543410.527668418] [lms_mapper_node]: 已接收轨迹点: 900
[INFO] [1742543410.557681502] [lms_mapper_node]: 已接收轨迹点: 900
[INFO] [1742543410.589416960] [lms_mapper_node]: 已接收轨迹点: 900
[INFO] [1742543410.591050877] [lms_mapper_node]: 已清除15个过期障碍物
[INFO] [1742543410.619888377] [lms_mapper_node]: 已接收轨迹点: 900
[INFO] [1742543410.620475085] [lms_mapper_node]: 接收到里程计消息: frame_id=odom, child_frame_id=base_link
[INFO] [1742543410.620694460] [lms_mapper_node]: 位置: x=0.00, y=0.00, z=0.00
[INFO] [1742543410.620992293] [lms_mapper_node]: 添加轨迹点 #901: (0.00, 0.00)
[INFO] [1742543410.621189418] [lms_mapper_node]: 轨迹统计: 总点数=901, 开始=(0.00, 0.00), 最新=(0.00, 0.00)
[INFO] [1742543410.698726293] [lms_mapper_node]: 已清除50个过期障碍物
[INFO] [1742543410.902920669] [lms_mapper_node]: 已清除46个过期障碍物
[INFO] [1742543410.987908710] [lms_mapper_node]: 已清除56个过期障碍物
[INFO] [1742543411.150669669] [lms_mapper_node]: 已清除19个过期障碍物
[INFO] [1742543411.262320377] [lms_mapper_node]: 已清除20个过期障碍物
[INFO] [1742543411.580801086] [lms_mapper_node]: 已清除18个过期障碍物
[INFO] [1742543411.734115419] [lms_mapper_node]: 已清除15个过期障碍物
[INFO] [1742543412.119435836] [lms_mapper_node]: 已清除12个过期障碍物
[INFO] [1742543412.563997628] [lms_mapper_node]: 已清除19个过期障碍物
[INFO] [1742543413.137794628] [lms_mapper_node]: 已清除13个过期障碍物
[INFO] [1742543413.269303836] [lms_mapper_node]: 已清除12个过期障碍物
[INFO] [1742543413.812464003] [lms_mapper_node]: 已清除16个过期障碍物
[INFO] [1742543414.679907754] [lms_mapper_node]: 已清除20个过期障碍物
[INFO] [1742543415.051338421] [lms_mapper_node]: 已清除11个过期障碍物
[INFO] [1742543415.231682046] [lms_mapper_node]: 已清除20个过期障碍物
[INFO] [1742543415.799817338] [lms_mapper_node]: 已清除19个过期障碍物
[INFO] [1742543416.282821421] [lms_mapper_node]: 【进度报告】运行时间: 165.1秒, 处理扫描: 939帧, 轨迹点: 939个, 障碍物格子: 1370个, 轨迹已更新
[INFO] [1742543416.289250963] [lms_mapper_node]: 中间地图中绘制轨迹: 939个点
[WARN] [1742543416.305401671] [lms_mapper_node]: 标记轨迹起终点时出错: 'LmsMapperNode' object has no attribute 'world_to_grid'
[INFO] [1742543418.215421797] [lms_mapper_node]: 中间地图坐标范围: extent=[-25.0, 25.0, -25.0, 25.0], 障碍物数量=1370
[INFO] [1742543418.215723380] [lms_mapper_node]: 地图统计: 地图大小=500x500, 原点=(250, 250), 分辨率=0.1
[INFO] [1742543418.216213630] [lms_mapper_node]: 轨迹边界: x=[0.00, 0.00], y=[0.00, 0.00]
[INFO] [1742543418.401036839] [lms_mapper_node]: 使用扩展显示边界: x=[-26.2, 23.4], y=[-21.0, 50.9]
[INFO] [1742543419.488590756] [lms_mapper_node]: 已保存中间地图到: map_checkpoint_3.png, 显示范围: x=[-26.2, 23.4], y=[-21.0, 50.9]
[INFO] [1742543419.509532881] [lms_mapper_node]: 已清除326个过期障碍物
[INFO] [1742543419.620928048] [lms_mapper_node]: 接收到激光数据: frame_id=laser, 点数=361
[INFO] [1742543419.621608048] [lms_mapper_node]: 已接收轨迹点: 950
[INFO] [1742543419.622139756] [lms_mapper_node]: 已接收轨迹点: 950
[INFO] [1742543419.640317839] [lms_mapper_node]: 已接收轨迹点: 950
[INFO] [1742543419.665394923] [lms_mapper_node]: 已接收轨迹点: 950
[INFO] [1742543419.693162673] [lms_mapper_node]: 已接收轨迹点: 950
[INFO] [1742543419.720265756] [lms_mapper_node]: 已接收轨迹点: 950
[INFO] [1742543419.755901006] [lms_mapper_node]: 已接收轨迹点: 950
[INFO] [1742543419.756944173] [lms_mapper_node]: 已接收轨迹点: 950
[INFO] [1742543419.758194131] [lms_mapper_node]: 已清除27个过期障碍物
[INFO] [1742543419.759113089] [lms_mapper_node]: 已接收轨迹点: 950
[INFO] [1742543419.870511673] [lms_mapper_node]: 已清除19个过期障碍物
[INFO] [1742543420.040592048] [lms_mapper_node]: 已清除14个过期障碍物
[INFO] [1742543420.138131923] [lms_mapper_node]: 已清除13个过期障碍物
[INFO] [1742543420.435679756] [lms_mapper_node]: 已清除14个过期障碍物
[INFO] [1742543420.543558506] [lms_mapper_node]: 已清除17个过期障碍物
[INFO] [1742543420.710809257] [lms_mapper_node]: 已清除28个过期障碍物
[INFO] [1742543420.987984048] [lms_mapper_node]: 已清除28个过期障碍物
[INFO] [1742543421.277823090] [lms_mapper_node]: 已清除31个过期障碍物
[INFO] [1742543421.560122090] [lms_mapper_node]: 已清除31个过期障碍物
[INFO] [1742543421.850775632] [lms_mapper_node]: 已清除35个过期障碍物
[INFO] [1742543422.117937466] [lms_mapper_node]: 已清除13个过期障碍物
[INFO] [1742543422.249683716] [lms_mapper_node]: 已清除24个过期障碍物
[INFO] [1742543422.413496924] [lms_mapper_node]: 已清除33个过期障碍物
[INFO] [1742543422.797579966] [lms_mapper_node]: 已清除26个过期障碍物
[INFO] [1742543422.990247091] [lms_mapper_node]: 已清除35个过期障碍物
[INFO] [1742543423.253244674] [lms_mapper_node]: 已清除19个过期障碍物
[INFO] [1742543423.367909383] [lms_mapper_node]: 已清除18个过期障碍物
[INFO] [1742543423.543184591] [lms_mapper_node]: 已清除34个过期障碍物
[INFO] [1742543423.653573258] [lms_mapper_node]: 已清除20个过期障碍物
[INFO] [1742543423.824667841] [lms_mapper_node]: 已清除17个过期障碍物
[INFO] [1742543424.098116133] [lms_mapper_node]: 已清除42个过期障碍物
[INFO] [1742543424.227558175] [lms_mapper_node]: 已清除25个过期障碍物
[INFO] [1742543424.395735133] [lms_mapper_node]: 已清除19个过期障碍物
[INFO] [1742543424.503332675] [lms_mapper_node]: 已清除21个过期障碍物
[INFO] [1742543424.684620633] [lms_mapper_node]: 已清除20个过期障碍物
[INFO] [1742543424.785638009] [lms_mapper_node]: 已清除20个过期障碍物
⏳ 正在播放rosbag - 已等待 120/3600 秒...
当前活跃话题:
[INFO] [1742543425.100687800] [lms_mapper_node]: 已清除25个过期障碍物
[INFO] [1742543425.351813967] [lms_mapper_node]: 已清除31个过期障碍物
/clock
/events/read_split
/map
/odom
/parameter_events
/rosout
/scan
/tf
[INFO] [1742543425.635583801] [lms_mapper_node]: 已清除15个过期障碍物
[INFO] [1742543425.800546342] [lms_mapper_node]: 已清除36个过期障碍物
[INFO] [1742543425.925071509] [lms_mapper_node]: 已清除41个过期障碍物
[INFO] [1742543426.647692509] [lms_mapper_node]: 接收到激光数据: frame_id=laser, 点数=361
[INFO] [1742543426.648045884] [lms_mapper_node]: 接收到激光数据: 361个点, 角度范围=[0.00, 3.14]
[INFO] [1742543426.648326801] [lms_mapper_node]: 有效激光点: 361/361
[INFO] [1742543426.648603301] [lms_mapper_node]: 机器人位姿: x=0.00, y=0.00, theta=0.00, cos_theta=1.00, sin_theta=0.00
[INFO] [1742543426.649000093] [lms_mapper_node]: 激光点世界坐标范围: x=[-2.79, 10.42], y=[-0.00, 12.05]
[INFO] [1742543426.650081593] [lms_mapper_node]: 更新地图: 添加了361个点
[INFO] [1742543426.669806259] [lms_mapper_node]: 已接收轨迹点: 1000
[INFO] [1742543426.674059968] [lms_mapper_node]: 已接收轨迹点: 1000
[INFO] [1742543426.699975884] [lms_mapper_node]: 已接收轨迹点: 1000
[INFO] [1742543426.715187843] [lms_mapper_node]: 已接收轨迹点: 1000
[INFO] [1742543426.785542676] [lms_mapper_node]: 已接收轨迹点: 1000
[INFO] [1742543426.800580009] [lms_mapper_node]: 已接收轨迹点: 1000
[INFO] [1742543426.809186968] [lms_mapper_node]: 接收到里程计消息: frame_id=odom, child_frame_id=base_link
[INFO] [1742543426.821952509] [lms_mapper_node]: 位置: x=0.00, y=0.00, z=0.00
[INFO] [1742543426.822416468] [lms_mapper_node]: 添加轨迹点 #1001: (0.00, 0.00)
[INFO] [1742543426.822638593] [lms_mapper_node]: 轨迹统计: 总点数=1001, 开始=(0.00, 0.00), 最新=(0.00, 0.00)
[INFO] [1742543429.616770677] [lms_mapper_node]: 已清除30个过期障碍物
[INFO] [1742543429.902576761] [lms_mapper_node]: 已清除18个过期障碍物
[INFO] [1742543429.903679928] [lms_mapper_node]: 地图统计: 障碍物单元格=2089, 地图边界=[-10.5, 16.4]x[-0.0, 29.9]
[INFO] [1742543430.164826719] [lms_mapper_node]: 已清除21个过期障碍物
[INFO] [1742543430.275651094] [lms_mapper_node]: 已清除11个过期障碍物
[INFO] [1742543430.575980678] [lms_mapper_node]: 已清除15个过期障碍物
[INFO] [1742543431.015460303] [lms_mapper_node]: 已清除16个过期障碍物
[INFO] [1742543431.155645762] [lms_mapper_node]: 已清除12个过期障碍物
[INFO] [1742543431.576407762] [lms_mapper_node]: 已清除18个过期障碍物
[INFO] [1742543431.696626470] [lms_mapper_node]: 已清除13个过期障碍物
[INFO] [1742543431.978660262] [lms_mapper_node]: 已清除12个过期障碍物
[INFO] [1742543432.247614304] [lms_mapper_node]: 已清除19个过期障碍物
[INFO] [1742543432.420640762] [lms_mapper_node]: 已清除18个过期障碍物
[INFO] [1742543432.578164012] [lms_mapper_node]: 已清除26个过期障碍物
[INFO] [1742543432.703475262] [lms_mapper_node]: 已清除13个过期障碍物
[INFO] [1742543432.827847262] [lms_mapper_node]: 已清除16个过期障碍物
[INFO] [1742543432.991251887] [lms_mapper_node]: 已清除13个过期障碍物
[INFO] [1742543433.107939471] [lms_mapper_node]: 已清除25个过期障碍物
[INFO] [1742543433.393721471] [lms_mapper_node]: 已清除18个过期障碍物
[INFO] [1742543433.557717638] [lms_mapper_node]: 已清除15个过期障碍物
[INFO] [1742543433.677920554] [lms_mapper_node]: 接收到激光数据: frame_id=laser, 点数=361
[INFO] [1742543433.697826888] [lms_mapper_node]: 接收到激光数据: 361个点, 角度范围=[0.00, 3.14]
[INFO] [1742543433.698237429] [lms_mapper_node]: 有效激光点: 349/361
[INFO] [1742543433.698560471] [lms_mapper_node]: 机器人位姿: x=0.00, y=0.00, theta=0.00, cos_theta=1.00, sin_theta=0.00
[INFO] [1742543433.698825971] [lms_mapper_node]: 激光点世界坐标范围: x=[-0.83, 3.87], y=[-0.00, 25.87]
[INFO] [1742543433.699528513] [lms_mapper_node]: 已清除23个过期障碍物
[INFO] [1742543433.700467679] [lms_mapper_node]: 更新地图: 添加了349个点
[INFO] [1742543433.701293346] [lms_mapper_node]: 已接收轨迹点: 1050
[INFO] [1742543433.745648054] [lms_mapper_node]: 已接收轨迹点: 1050
[INFO] [1742543433.757988721] [lms_mapper_node]: 已接收轨迹点: 1050
[INFO] [1742543433.775235763] [lms_mapper_node]: 已接收轨迹点: 1050
[INFO] [1742543433.793125679] [lms_mapper_node]: 已接收轨迹点: 1050
[INFO] [1742543433.822923804] [lms_mapper_node]: 已接收轨迹点: 1050
[INFO] [1742543433.847219846] [lms_mapper_node]: 已接收轨迹点: 1050
[INFO] [1742543433.848476471] [lms_mapper_node]: 已清除11个过期障碍物
[INFO] [1742543433.849562263] [lms_mapper_node]: 已接收轨迹点: 1050
[INFO] [1742543433.958706846] [lms_mapper_node]: 已清除32个过期障碍物
[INFO] [1742543434.128895346] [lms_mapper_node]: 已清除25个过期障碍物
[INFO] [1742543434.260548221] [lms_mapper_node]: 已清除30个过期障碍物
[INFO] [1742543434.415859180] [lms_mapper_node]: 已清除13个过期障碍物
[INFO] [1742543434.530721763] [lms_mapper_node]: 已清除27个过期障碍物
[INFO] [1742543434.816685597] [lms_mapper_node]: 已清除37个过期障碍物
[INFO] [1742543434.998180555] [lms_mapper_node]: 已清除21个过期障碍物
[INFO] [1742543435.085866305] [lms_mapper_node]: 已清除27个过期障碍物
[INFO] [1742543435.285766180] [lms_mapper_node]: 已清除33个过期障碍物
[INFO] [1742543435.367832555] [lms_mapper_node]: 已清除25个过期障碍物
[INFO] [1742543435.647977180] [lms_mapper_node]: 已清除48个过期障碍物
[INFO] [1742543435.938778125] [lms_mapper_node]: 已清除63个过期障碍物
[INFO] [1742543436.490882083] [lms_mapper_node]: 已清除115个过期障碍物
[INFO] [1742543436.788658250] [lms_mapper_node]: 已清除23个过期障碍物
[INFO] [1742543436.901614125] [lms_mapper_node]: 已清除37个过期障碍物
[INFO] [1742543437.067922042] [lms_mapper_node]: 已清除65个过期障碍物
[INFO] [1742543437.338191084] [lms_mapper_node]: 已清除58个过期障碍物
[INFO] [1742543437.455898500] [lms_mapper_node]: 已清除44个过期障碍物
[INFO] [1742543437.633283750] [lms_mapper_node]: 已清除34个过期障碍物
[INFO] [1742543437.915596834] [lms_mapper_node]: 已清除94个过期障碍物
[INFO] [1742543438.221896084] [lms_mapper_node]: 已清除74个过期障碍物
[INFO] [1742543438.364138542] [lms_mapper_node]: 已清除44个过期障碍物
[INFO] [1742543438.586789084] [lms_mapper_node]: 已清除35个过期障碍物
[INFO] [1742543438.757688084] [lms_mapper_node]: 已清除86个过期障碍物
[INFO] [1742543439.037402918] [lms_mapper_node]: 已清除45个过期障碍物
[INFO] [1742543439.157114043] [lms_mapper_node]: 已清除95个过期障碍物
[INFO] [1742543439.325555293] [lms_mapper_node]: 已清除38个过期障碍物
[INFO] [1742543439.461051626] [lms_mapper_node]: 已清除48个过期障碍物
[INFO] [1742543439.609525793] [lms_mapper_node]: 已清除44个过期障碍物
[INFO] [1742543439.737628710] [lms_mapper_node]: 已清除53个过期障碍物
[INFO] [1742543439.890513376] [lms_mapper_node]: 已清除41个过期障碍物
[INFO] [1742543440.166418377] [lms_mapper_node]: 已清除82个过期障碍物
[INFO] [1742543440.290560293] [lms_mapper_node]: 已清除36个过期障碍物
[INFO] [1742543440.456719210] [lms_mapper_node]: 已清除21个过期障碍物
[INFO] [1742543440.734729085] [lms_mapper_node]: 接收到激光数据: frame_id=laser, 点数=361
[INFO] [1742543440.735083877] [lms_mapper_node]: 接收到激光数据: 361个点, 角度范围=[0.00, 3.14]
[INFO] [1742543440.735368085] [lms_mapper_node]: 有效激光点: 350/361
[INFO] [1742543440.735624127] [lms_mapper_node]: 机器人位姿: x=0.00, y=0.00, theta=0.00, cos_theta=1.00, sin_theta=0.00
[INFO] [1742543440.735873793] [lms_mapper_node]: 激光点世界坐标范围: x=[-1.22, 1.17], y=[-0.00, 28.79]
[INFO] [1742543440.736534835] [lms_mapper_node]: 已清除24个过期障碍物
[INFO] [1742543440.737506085] [lms_mapper_node]: 更新地图: 添加了350个点
[INFO] [1742543440.738043793] [lms_mapper_node]: 已接收轨迹点: 1100
[INFO] [1742543440.798411919] [lms_mapper_node]: 已接收轨迹点: 1100
[INFO] [1742543440.829746919] [lms_mapper_node]: 已接收轨迹点: 1100
[INFO] [1742543440.844693377] [lms_mapper_node]: 已接收轨迹点: 1100
[INFO] [1742543440.848557044] [lms_mapper_node]: 接收到里程计消息: frame_id=odom, child_frame_id=base_link
[INFO] [1742543440.848788252] [lms_mapper_node]: 位置: x=0.00, y=0.00, z=0.00
[INFO] [1742543440.849116669] [lms_mapper_node]: 添加轨迹点 #1101: (0.00, 0.00)
[INFO] [1742543440.849336002] [lms_mapper_node]: 轨迹统计: 总点数=1101, 开始=(0.00, 0.00), 最新=(0.00, 0.00)
[INFO] [1742543441.419630710] [lms_mapper_node]: 已清除14个过期障碍物
⏳ 正在播放rosbag - 已等待 135/3600 秒...
当前活跃话题:
[INFO] [1742543441.590190752] [lms_mapper_node]: 已清除13个过期障碍物
[INFO] [1742543441.699038169] [lms_mapper_node]: 已清除12个过期障碍物
[INFO] [1742543441.978272544] [lms_mapper_node]: 已清除19个过期障碍物
[INFO] [1742543442.272119503] [lms_mapper_node]: 已清除26个过期障碍物
[INFO] [1742543442.935836836] [lms_mapper_node]: 已清除13个过期障碍物
[INFO] [1742543443.111207461] [lms_mapper_node]: 已清除32个过期障碍物
[INFO] [1742543443.395829211] [lms_mapper_node]: 已清除35个过期障碍物
[INFO] [1742543443.794199212] [lms_mapper_node]: 已清除16个过期障碍物
[INFO] [1742543443.975827962] [lms_mapper_node]: 已清除64个过期障碍物
[INFO] [1742543444.236480253] [lms_mapper_node]: 已清除25个过期障碍物
[INFO] [1742543444.375461837] [lms_mapper_node]: 已清除14个过期障碍物
[INFO] [1742543444.639316629] [lms_mapper_node]: 已清除16个过期障碍物
[INFO] [1742543444.811191295] [lms_mapper_node]: 已清除105个过期障碍物
[INFO] [1742543445.101593462] [lms_mapper_node]: 已清除61个过期障碍物
/clock
/events/read_split
/map
/odom
/parameter_events
/rosout
/scan
/tf
[INFO] [1742543445.386472129] [lms_mapper_node]: 已清除48个过期障碍物
[INFO] [1742543445.661731837] [lms_mapper_node]: 已清除11个过期障碍物
[INFO] [1742543447.073192963] [lms_mapper_node]: 已清除11个过期障碍物
[INFO] [1742543447.750304172] [lms_mapper_node]: 接收到激光数据: frame_id=laser, 点数=361
[INFO] [1742543447.750653505] [lms_mapper_node]: 接收到激光数据: 361个点, 角度范围=[0.00, 3.14]
[INFO] [1742543447.750938380] [lms_mapper_node]: 有效激光点: 356/361
[INFO] [1742543447.751219213] [lms_mapper_node]: 机器人位姿: x=0.00, y=0.00, theta=0.00, cos_theta=1.00, sin_theta=0.00
[INFO] [1742543447.751470880] [lms_mapper_node]: 激光点世界坐标范围: x=[-1.16, 1.45], y=[-0.00, 27.62]
[INFO] [1742543447.752670880] [lms_mapper_node]: 更新地图: 添加了356个点
[INFO] [1742543447.758287630] [lms_mapper_node]: 已接收轨迹点: 1150
[INFO] [1742543447.762737255] [lms_mapper_node]: 已接收轨迹点: 1150
[INFO] [1742543447.800737672] [lms_mapper_node]: 已接收轨迹点: 1150
[INFO] [1742543447.822876880] [lms_mapper_node]: 已接收轨迹点: 1150
[INFO] [1742543447.841200880] [lms_mapper_node]: 已接收轨迹点: 1150
[INFO] [1742543447.869383880] [lms_mapper_node]: 已接收轨迹点: 1150
[INFO] [1742543447.893835255] [lms_mapper_node]: 已接收轨迹点: 1150
[INFO] [1742543447.921756255] [lms_mapper_node]: 已接收轨迹点: 1150
[INFO] [1742543447.923309464] [lms_mapper_node]: 已接收轨迹点: 1150
[INFO] [1742543449.158314172] [lms_mapper_node]: 已清除12个过期障碍物
[INFO] [1742543450.596886340] [lms_mapper_node]: 已清除13个过期障碍物
[INFO] [1742543450.857255465] [lms_mapper_node]: 已清除14个过期障碍物
[INFO] [1742543451.144337507] [lms_mapper_node]: 已清除22个过期障碍物
[INFO] [1742543451.428671174] [lms_mapper_node]: 已清除15个过期障碍物
[INFO] [1742543451.705844299] [lms_mapper_node]: 已清除12个过期障碍物
[INFO] [1742543451.827497215] [lms_mapper_node]: 已清除11个过期障碍物
[INFO] [1742543452.034134466] [lms_mapper_node]: 已清除14个过期障碍物
[INFO] [1742543452.393077966] [lms_mapper_node]: 已清除23个过期障碍物
[INFO] [1742543452.675598883] [lms_mapper_node]: 已清除14个过期障碍物
[INFO] [1742543452.948503508] [lms_mapper_node]: 已清除16个过期障碍物
[INFO] [1742543453.116575216] [lms_mapper_node]: 已清除12个过期障碍物
[INFO] [1742543453.238487049] [lms_mapper_node]: 已清除14个过期障碍物
[INFO] [1742543453.529322550] [lms_mapper_node]: 已清除21个过期障碍物
[INFO] [1742543453.692479633] [lms_mapper_node]: 已清除17个过期障碍物
[INFO] [1742543453.796203508] [lms_mapper_node]: 已清除16个过期障碍物
[INFO] [1742543454.245890258] [lms_mapper_node]: 已清除32个过期障碍物
[INFO] [1742543454.537264800] [lms_mapper_node]: 已清除33个过期障碍物
[INFO] [1742543454.645803967] [lms_mapper_node]: 已清除13个过期障碍物
[INFO] [1742543454.821793009] [lms_mapper_node]: 接收到激光数据: frame_id=laser, 点数=361
[INFO] [1742543454.822174884] [lms_mapper_node]: 接收到激光数据: 361个点, 角度范围=[0.00, 3.14]
[INFO] [1742543454.822458467] [lms_mapper_node]: 有效激光点: 361/361
[INFO] [1742543454.822709217] [lms_mapper_node]: 机器人位姿: x=0.00, y=0.00, theta=0.00, cos_theta=1.00, sin_theta=0.00
[INFO] [1742543454.822955342] [lms_mapper_node]: 激光点世界坐标范围: x=[-0.72, 1.81], y=[-0.00, 22.63]
[INFO] [1742543454.824189175] [lms_mapper_node]: 更新地图: 添加了361个点
[INFO] [1742543454.824690967] [lms_mapper_node]: 已接收轨迹点: 1200
[INFO] [1742543454.848038634] [lms_mapper_node]: 已接收轨迹点: 1200
[INFO] [1742543454.864053259] [lms_mapper_node]: 已接收轨迹点: 1200
[INFO] [1742543454.894708009] [lms_mapper_node]: 已接收轨迹点: 1200
[INFO] [1742543454.913568009] [lms_mapper_node]: 已接收轨迹点: 1200
[INFO] [1742543454.931707300] [lms_mapper_node]: 已接收轨迹点: 1200
[INFO] [1742543454.933352092] [lms_mapper_node]: 已接收轨迹点: 1200
[INFO] [1742543454.933785800] [lms_mapper_node]: 接收到里程计消息: frame_id=odom, child_frame_id=base_link
[INFO] [1742543454.934002884] [lms_mapper_node]: 位置: x=0.00, y=0.00, z=0.00
[INFO] [1742543454.934291134] [lms_mapper_node]: 添加轨迹点 #1201: (0.00, 0.00)
[INFO] [1742543454.934493967] [lms_mapper_node]: 轨迹统计: 总点数=1201, 开始=(0.00, 0.00), 最新=(0.00, 0.00)
[INFO] [1742543455.215773384] [lms_mapper_node]: 已清除12个过期障碍物
[INFO] [1742543455.677198259] [lms_mapper_node]: 已清除16个过期障碍物
[INFO] [1742543455.804270676] [lms_mapper_node]: 已清除18个过期障碍物
[INFO] [1742543455.955538342] [lms_mapper_node]: 已清除24个过期障碍物
[INFO] [1742543456.369266426] [lms_mapper_node]: 已清除14个过期障碍物
[INFO] [1742543456.628576218] [lms_mapper_node]: 已清除11个过期障碍物
[INFO] [1742543456.947427301] [lms_mapper_node]: 已清除17个过期障碍物
[INFO] [1742543457.233219760] [lms_mapper_node]: 已清除14个过期障碍物
[INFO] [1742543458.895851052] [lms_mapper_node]: 已清除15个过期障碍物
[INFO] [1742543459.474761927] [lms_mapper_node]: 已清除12个过期障碍物
[INFO] [1742543459.741647178] [lms_mapper_node]: 已清除15个过期障碍物
[INFO] [1742543460.425204511] [lms_mapper_node]: 已清除26个过期障碍物
[INFO] [1742543460.712691011] [lms_mapper_node]: 已清除18个过期障碍物
[INFO] [1742543460.882572345] [lms_mapper_node]: 已清除16个过期障碍物
[INFO] [1742543460.999748845] [lms_mapper_node]: 已清除20个过期障碍物
⏳ 正在播放rosbag - 已等待 150/3600 秒...
当前活跃话题:
[INFO] [1742543461.160548178] [lms_mapper_node]: 已清除28个过期障碍物
[INFO] [1742543461.277775887] [lms_mapper_node]: 已清除29个过期障碍物
[INFO] [1742543461.437748012] [lms_mapper_node]: 已清除32个过期障碍物
[INFO] [1742543461.545449803] [lms_mapper_node]: 已清除38个过期障碍物
[INFO] [1742543461.726606470] [lms_mapper_node]: 已清除37个过期障碍物
[INFO] [1742543461.827895179] [lms_mapper_node]: 接收到激光数据: frame_id=laser, 点数=361
[INFO] [1742543461.828390887] [lms_mapper_node]: 接收到激光数据: 361个点, 角度范围=[0.00, 3.14]
[INFO] [1742543461.828731304] [lms_mapper_node]: 有效激光点: 357/361
[INFO] [1742543461.829757845] [lms_mapper_node]: 机器人位姿: x=0.00, y=0.00, theta=0.00, cos_theta=1.00, sin_theta=0.00
[INFO] [1742543461.832343262] [lms_mapper_node]: 激光点世界坐标范围: x=[-1.38, 1.10], y=[-0.00, 17.67]
[INFO] [1742543461.834842137] [lms_mapper_node]: 已清除36个过期障碍物
[INFO] [1742543461.837007345] [lms_mapper_node]: 更新地图: 添加了357个点
[INFO] [1742543461.845693262] [lms_mapper_node]: 已接收轨迹点: 1250
[INFO] [1742543461.846228804] [lms_mapper_node]: 已接收轨迹点: 1250
[INFO] [1742543461.867528595] [lms_mapper_node]: 已接收轨迹点: 1250
[INFO] [1742543461.894839429] [lms_mapper_node]: 已接收轨迹点: 1250
[INFO] [1742543461.916774637] [lms_mapper_node]: 已接收轨迹点: 1250
[INFO] [1742543461.946384220] [lms_mapper_node]: 已接收轨迹点: 1250
[INFO] [1742543461.975368720] [lms_mapper_node]: 已接收轨迹点: 1250
[INFO] [1742543461.993892304] [lms_mapper_node]: 已接收轨迹点: 1250
[INFO] [1742543461.998871679] [lms_mapper_node]: 已接收轨迹点: 1250
[INFO] [1742543462.005120679] [lms_mapper_node]: 已清除33个过期障碍物
[INFO] [1742543462.007163762] [lms_mapper_node]: 已接收轨迹点: 1250
[INFO] [1742543462.301313304] [lms_mapper_node]: 已清除76个过期障碍物
[INFO] [1742543462.396446929] [lms_mapper_node]: 已清除35个过期障碍物
[INFO] [1742543462.573300512] [lms_mapper_node]: 已清除28个过期障碍物
[INFO] [1742543462.707393429] [lms_mapper_node]: 已清除33个过期障碍物
[INFO] [1742543462.854487971] [lms_mapper_node]: 已清除26个过期障碍物
[INFO] [1742543462.959107346] [lms_mapper_node]: 已清除28个过期障碍物
[INFO] [1742543463.137056721] [lms_mapper_node]: 已清除23个过期障碍物
[INFO] [1742543463.245516804] [lms_mapper_node]: 已清除24个过期障碍物
[INFO] [1742543463.435314846] [lms_mapper_node]: 已清除21个过期障碍物
[INFO] [1742543463.532620929] [lms_mapper_node]: 已清除16个过期障碍物
[INFO] [1742543463.810332388] [lms_mapper_node]: 已清除18个过期障碍物
[INFO] [1742543464.108592305] [lms_mapper_node]: 已清除27个过期障碍物
[INFO] [1742543464.383275930] [lms_mapper_node]: 已清除23个过期障碍物
[INFO] [1742543464.559465138] [lms_mapper_node]: 已清除11个过期障碍物
[INFO] [1742543464.687598305] [lms_mapper_node]: 已清除11个过期障碍物
[INFO] [1742543464.945696347] [lms_mapper_node]: 已清除30个过期障碍物
[INFO] [1742543465.238599638] [lms_mapper_node]: 已清除35个过期障碍物
/clock
/events/read_split
/map
/odom
/parameter_events
/rosout
/scan
/tf
[INFO] [1742543465.523486805] [lms_mapper_node]: 已清除19个过期障碍物
[INFO] [1742543465.628786722] [lms_mapper_node]: 已清除20个过期障碍物
[INFO] [1742543465.797300097] [lms_mapper_node]: 已清除43个过期障碍物
[INFO] [1742543466.246183666] [lms_mapper_node]: 【进度报告】运行时间: 215.1秒, 处理扫描: 1279帧, 轨迹点: 1279个, 障碍物格子: 1949个, 轨迹已更新
[INFO] [1742543466.271115291] [lms_mapper_node]: 中间地图中绘制轨迹: 1279个点
[WARN] [1742543466.274173666] [lms_mapper_node]: 标记轨迹起终点时出错: 'LmsMapperNode' object has no attribute 'world_to_grid'
[INFO] [1742543468.075845501] [lms_mapper_node]: 中间地图坐标范围: extent=[-25.0, 25.0, -25.0, 25.0], 障碍物数量=1949
[INFO] [1742543468.076922209] [lms_mapper_node]: 地图统计: 地图大小=500x500, 原点=(250, 250), 分辨率=0.1
[INFO] [1742543468.114800167] [lms_mapper_node]: 轨迹边界: x=[0.00, 0.00], y=[0.00, 0.00]
[INFO] [1742543468.283487334] [lms_mapper_node]: 使用扩展显示边界: x=[-31.2, 37.1], y=[-21.0, 51.0]
[INFO] [1742543469.475683460] [lms_mapper_node]: 已保存中间地图到: map_checkpoint_4.png, 显示范围: x=[-31.2, 37.1], y=[-21.0, 51.0]
[INFO] [1742543469.634603001] [lms_mapper_node]: 已清除359个过期障碍物
[INFO] [1742543469.639151835] [lms_mapper_node]: 添加了66个新障碍物点到地图
[INFO] [1742543469.760501418] [lms_mapper_node]: 已清除16个过期障碍物
[INFO] [1742543469.880984168] [lms_mapper_node]: 已清除47个过期障碍物
[INFO] [1742543470.054740085] [lms_mapper_node]: 已清除43个过期障碍物
[INFO] [1742543470.154826710] [lms_mapper_node]: 已清除47个过期障碍物
[INFO] [1742543470.342027293] [lms_mapper_node]: 已清除34个过期障碍物
[INFO] [1742543470.474774668] [lms_mapper_node]: 已清除36个过期障碍物
[INFO] [1742543470.609340252] [lms_mapper_node]: 已清除35个过期障碍物
[INFO] [1742543470.732993543] [lms_mapper_node]: 已清除35个过期障碍物
[INFO] [1742543470.889519669] [lms_mapper_node]: 已清除26个过期障碍物
[INFO] [1742543471.006509877] [lms_mapper_node]: 已接收轨迹点: 1300
[INFO] [1742543471.018688460] [lms_mapper_node]: 已接收轨迹点: 1300
[INFO] [1742543471.019187252] [lms_mapper_node]: 接收到激光数据: frame_id=laser, 点数=361
[INFO] [1742543471.019486877] [lms_mapper_node]: 接收到激光数据: 361个点, 角度范围=[0.00, 3.14]
[INFO] [1742543471.019761169] [lms_mapper_node]: 有效激光点: 360/361
[INFO] [1742543471.020017419] [lms_mapper_node]: 机器人位姿: x=0.00, y=0.00, theta=0.00, cos_theta=1.00, sin_theta=0.00
[INFO] [1742543471.020267335] [lms_mapper_node]: 激光点世界坐标范围: x=[-1.07, 1.51], y=[-0.00, 11.22]
[INFO] [1742543471.020954669] [lms_mapper_node]: 已清除31个过期障碍物
[INFO] [1742543471.039029002] [lms_mapper_node]: 更新地图: 添加了360个点
[INFO] [1742543471.044835335] [lms_mapper_node]: 已接收轨迹点: 1300
[INFO] [1742543471.057141127] [lms_mapper_node]: 已接收轨迹点: 1300
[INFO] [1742543471.070193377] [lms_mapper_node]: 已接收轨迹点: 1300
[INFO] [1742543471.100030960] [lms_mapper_node]: 已接收轨迹点: 1300
[INFO] [1742543471.118689127] [lms_mapper_node]: 已接收轨迹点: 1300
[INFO] [1742543471.143295919] [lms_mapper_node]: 已接收轨迹点: 1300
[INFO] [1742543471.184173419] [lms_mapper_node]: 已接收轨迹点: 1300
[INFO] [1742543471.192509002] [lms_mapper_node]: 已接收轨迹点: 1300
[INFO] [1742543471.195677460] [lms_mapper_node]: 已清除32个过期障碍物
[INFO] [1742543471.199127710] [lms_mapper_node]: 已接收轨迹点: 1300
[INFO] [1742543471.218645585] [lms_mapper_node]: 接收到里程计消息: frame_id=odom, child_frame_id=base_link
[INFO] [1742543471.218901627] [lms_mapper_node]: 位置: x=0.00, y=0.00, z=0.00
[INFO] [1742543471.219229085] [lms_mapper_node]: 添加轨迹点 #1301: (0.00, 0.00)
[INFO] [1742543471.219795960] [lms_mapper_node]: 轨迹统计: 总点数=1301, 开始=(0.00, 0.00), 最新=(0.00, 0.00)
[INFO] [1742543471.285976585] [lms_mapper_node]: 已清除29个过期障碍物
[INFO] [1742543471.570097419] [lms_mapper_node]: 已清除54个过期障碍物
[INFO] [1742543471.851832336] [lms_mapper_node]: 已清除75个过期障碍物
[INFO] [1742543472.133492419] [lms_mapper_node]: 已清除73个过期障碍物
[INFO] [1742543472.423349211] [lms_mapper_node]: 已清除37个过期障碍物
[INFO] [1742543472.727900503] [lms_mapper_node]: 已清除40个过期障碍物
[INFO] [1742543472.981793545] [lms_mapper_node]: 已清除17个过期障碍物
[INFO] [1742543473.051420878] [lms_mapper_node]: 已清除23个过期障碍物
[INFO] [1742543473.266918420] [lms_mapper_node]: 已清除36个过期障碍物
[INFO] [1742543473.548145086] [lms_mapper_node]: 已清除32个过期障碍物
[INFO] [1742543473.824336295] [lms_mapper_node]: 已清除32个过期障碍物
[INFO] [1742543473.944021045] [lms_mapper_node]: 已清除17个过期障碍物
[INFO] [1742543474.133167087] [lms_mapper_node]: 已清除15个过期障碍物
[INFO] [1742543474.247974670] [lms_mapper_node]: 已清除21个过期障碍物
[INFO] [1742543474.456617837] [lms_mapper_node]: 已清除17个过期障碍物
[INFO] [1742543474.680626587] [lms_mapper_node]: 已清除14个过期障碍物
[INFO] [1742543474.797086545] [lms_mapper_node]: 已清除30个过期障碍物
[INFO] [1742543474.964667295] [lms_mapper_node]: 已清除16个过期障碍物
[INFO] [1742543475.076845171] [lms_mapper_node]: 已清除20个过期障碍物
[INFO] [1742543475.259909712] [lms_mapper_node]: 已清除14个过期障碍物
[INFO] [1742543475.352206671] [lms_mapper_node]: 已清除18个过期障碍物
[INFO] [1742543475.528493462] [lms_mapper_node]: 已清除14个过期障碍物
[INFO] [1742543475.651376546] [lms_mapper_node]: 已清除20个过期障碍物
[INFO] [1742543475.807970796] [lms_mapper_node]: 已清除17个过期障碍物
[INFO] [1742543475.928881546] [lms_mapper_node]: 已清除20个过期障碍物
[INFO] [1742543476.339629004] [lms_mapper_node]: 添加了52个新障碍物点到地图
[INFO] [1742543478.089179505] [lms_mapper_node]: 接收到激光数据: frame_id=laser, 点数=361
[INFO] [1742543478.089701255] [lms_mapper_node]: 接收到激光数据: 361个点, 角度范围=[0.00, 3.14]
[INFO] [1742543478.090138672] [lms_mapper_node]: 有效激光点: 361/361
[INFO] [1742543478.090561922] [lms_mapper_node]: 机器人位姿: x=0.00, y=0.00, theta=0.00, cos_theta=1.00, sin_theta=0.00
[INFO] [1742543478.090949714] [lms_mapper_node]: 激光点世界坐标范围: x=[-2.61, 1.75], y=[-0.00, 6.67]
[INFO] [1742543478.092314839] [lms_mapper_node]: 更新地图: 添加了361个点
[INFO] [1742543478.149153255] [lms_mapper_node]: 已接收轨迹点: 1350
[INFO] [1742543478.185336047] [lms_mapper_node]: 已接收轨迹点: 1350
[INFO] [1742543478.210063880] [lms_mapper_node]: 已接收轨迹点: 1350
[INFO] [1742543478.367555797] [lms_mapper_node]: 添加了55个新障碍物点到地图
[INFO] [1742543479.153147172] [lms_mapper_node]: 添加了51个新障碍物点到地图
[INFO] [1742543479.600501423] [lms_mapper_node]: 添加了52个新障碍物点到地图
[INFO] [1742543479.601004256] [lms_mapper_node]: 地图统计: 障碍物单元格=2634, 地图边界=[-10.5, 16.4]x[-0.0, 30.0]
[INFO] [1742543479.704881631] [lms_mapper_node]: 已清除21个过期障碍物
[INFO] [1742543479.888595173] [lms_mapper_node]: 已清除61个过期障碍物
[INFO] [1742543479.913065590] [lms_mapper_node]: 添加了51个新障碍物点到地图
[INFO] [1742543480.187265798] [lms_mapper_node]: 已清除73个过期障碍物
[INFO] [1742543480.188218423] [lms_mapper_node]: 添加了62个新障碍物点到地图
[INFO] [1742543480.454972131] [lms_mapper_node]: 已清除76个过期障碍物
[INFO] [1742543480.455821506] [lms_mapper_node]: 添加了55个新障碍物点到地图
[INFO] [1742543480.550841006] [lms_mapper_node]: 添加了53个新障碍物点到地图
[INFO] [1742543480.741246382] [lms_mapper_node]: 已清除63个过期障碍物
[INFO] [1742543480.767176090] [lms_mapper_node]: 添加了56个新障碍物点到地图
[INFO] [1742543481.030292257] [lms_mapper_node]: 已清除50个过期障碍物
[INFO] [1742543481.031303007] [lms_mapper_node]: 添加了61个新障碍物点到地图
[INFO] [1742543481.317788465] [lms_mapper_node]: 已清除49个过期障碍物
[INFO] [1742543481.326373299] [lms_mapper_node]: 添加了63个新障碍物点到地图
[INFO] [1742543481.411250590] [lms_mapper_node]: 已清除45个过期障碍物
⏳ 正在播放rosbag - 已等待 165/3600 秒...
当前活跃话题:
[INFO] [1742543481.608728174] [lms_mapper_node]: 已清除21个过期障碍物
[INFO] [1742543481.693850632] [lms_mapper_node]: 已清除33个过期障碍物
[INFO] [1742543481.864857049] [lms_mapper_node]: 已清除22个过期障碍物
[INFO] [1742543482.036908299] [lms_mapper_node]: 已清除35个过期障碍物
[INFO] [1742543482.038062341] [lms_mapper_node]: 添加了70个新障碍物点到地图
[INFO] [1742543482.145289507] [lms_mapper_node]: 已清除23个过期障碍物
[INFO] [1742543482.146144591] [lms_mapper_node]: 添加了51个新障碍物点到地图
[INFO] [1742543482.277414174] [lms_mapper_node]: 已清除35个过期障碍物
[INFO] [1742543482.283157632] [lms_mapper_node]: 添加了58个新障碍物点到地图
[INFO] [1742543482.433490216] [lms_mapper_node]: 已清除18个过期障碍物
[INFO] [1742543482.438302882] [lms_mapper_node]: 添加了52个新障碍物点到地图
[INFO] [1742543482.542426757] [lms_mapper_node]: 已清除29个过期障碍物
[INFO] [1742543482.745990049] [lms_mapper_node]: 已清除26个过期障碍物
[INFO] [1742543482.777551799] [lms_mapper_node]: 添加了52个新障碍物点到地图
[INFO] [1742543482.855896924] [lms_mapper_node]: 添加了54个新障碍物点到地图
[INFO] [1742543482.858221466] [lms_mapper_node]: 地图统计: 障碍物单元格=3142, 地图边界=[-10.5, 24.8]x[-0.0, 30.0]
[INFO] [1742543483.007904174] [lms_mapper_node]: 已清除27个过期障碍物
[INFO] [1742543483.032209716] [lms_mapper_node]: 添加了52个新障碍物点到地图
[INFO] [1742543483.105130758] [lms_mapper_node]: 已清除60个过期障碍物
[INFO] [1742543483.282675424] [lms_mapper_node]: 已清除33个过期障碍物
[INFO] [1742543483.560133341] [lms_mapper_node]: 已清除64个过期障碍物
[INFO] [1742543483.667154175] [lms_mapper_node]: 已清除29个过期障碍物
[INFO] [1742543483.849884425] [lms_mapper_node]: 已清除32个过期障碍物
[INFO] [1742543483.961111966] [lms_mapper_node]: 已清除41个过期障碍物
[INFO] [1742543484.146110342] [lms_mapper_node]: 已清除27个过期障碍物
[INFO] [1742543484.438963925] [lms_mapper_node]: 已清除37个过期障碍物
[INFO] [1742543484.684280758] [lms_mapper_node]: 已清除101个过期障碍物
[INFO] [1742543485.000740634] [lms_mapper_node]: 已清除72个过期障碍物
[INFO] [1742543485.088451884] [lms_mapper_node]: 接收到激光数据: frame_id=laser, 点数=361
[INFO] [1742543485.088930509] [lms_mapper_node]: 接收到激光数据: 361个点, 角度范围=[0.00, 3.14]
[INFO] [1742543485.089370842] [lms_mapper_node]: 有效激光点: 354/361
[INFO] [1742543485.089791967] [lms_mapper_node]: 机器人位姿: x=0.00, y=0.00, theta=0.00, cos_theta=1.00, sin_theta=0.00
[INFO] [1742543485.090650634] [lms_mapper_node]: 激光点世界坐标范围: x=[-0.89, 5.60], y=[-0.00, 24.63]
[INFO] [1742543485.113872550] [lms_mapper_node]: 已清除36个过期障碍物
[INFO] [1742543485.115108009] [lms_mapper_node]: 更新地图: 添加了354个点
[INFO] [1742543485.140904509] [lms_mapper_node]: 已接收轨迹点: 1400
[INFO] [1742543485.146223634] [lms_mapper_node]: 已接收轨迹点: 1400
[INFO] [1742543485.205034342] [lms_mapper_node]: 已接收轨迹点: 1400
[INFO] [1742543485.257148467] [lms_mapper_node]: 已接收轨迹点: 1400
[INFO] [1742543485.258877509] [lms_mapper_node]: 已接收轨迹点: 1400
[INFO] [1742543485.287863342] [lms_mapper_node]: 已接收轨迹点: 1400
[INFO] [1742543485.289280884] [lms_mapper_node]: 已清除25个过期障碍物
[INFO] [1742543485.380867342] [lms_mapper_node]: 已接收轨迹点: 1400
[INFO] [1742543485.403626342] [lms_mapper_node]: 接收到里程计消息: frame_id=odom, child_frame_id=base_link
[INFO] [1742543485.404445217] [lms_mapper_node]: 位置: x=0.00, y=0.00, z=0.00
[INFO] [1742543485.405184717] [lms_mapper_node]: 添加轨迹点 #1401: (0.00, 0.00)
[INFO] [1742543485.405775675] [lms_mapper_node]: 轨迹统计: 总点数=1401, 开始=(0.00, 0.00), 最新=(0.00, 0.00)
[INFO] [1742543485.544168759] [lms_mapper_node]: 已清除71个过期障碍物
[INFO] [1742543485.659294759] [lms_mapper_node]: 已清除46个过期障碍物
[INFO] [1742543485.855638301] [lms_mapper_node]: 已清除34个过期障碍物
[INFO] [1742543485.939316342] [lms_mapper_node]: 已清除59个过期障碍物
/clock
/events/read_split
/map
/odom
/parameter_events
/rosout
/scan
/tf
[INFO] [1742543486.443508759] [lms_mapper_node]: 已清除41个过期障碍物
[INFO] [1742543486.683694676] [lms_mapper_node]: 已清除97个过期障碍物
[INFO] [1742543486.955805885] [lms_mapper_node]: 已清除25个过期障碍物
[INFO] [1742543487.075899635] [lms_mapper_node]: 已清除44个过期障碍物
[INFO] [1742543487.347021468] [lms_mapper_node]: 已清除71个过期障碍物
[INFO] [1742543487.630025010] [lms_mapper_node]: 已清除73个过期障碍物
[INFO] [1742543487.912981802] [lms_mapper_node]: 已清除59个过期障碍物
[INFO] [1742543488.212003677] [lms_mapper_node]: 已清除44个过期障碍物
[INFO] [1742543488.470927510] [lms_mapper_node]: 已清除53个过期障碍物
[INFO] [1742543488.759659094] [lms_mapper_node]: 已清除42个过期障碍物
[INFO] [1742543489.069827469] [lms_mapper_node]: 已清除33个过期障碍物
[INFO] [1742543489.155938802] [lms_mapper_node]: 已清除18个过期障碍物
[INFO] [1742543489.431104886] [lms_mapper_node]: 已清除64个过期障碍物
[INFO] [1742543489.610769719] [lms_mapper_node]: 已清除44个过期障碍物
[INFO] [1742543489.727343928] [lms_mapper_node]: 已清除56个过期障碍物
[INFO] [1742543489.909398344] [lms_mapper_node]: 已清除36个过期障碍物
[INFO] [1742543490.002490386] [lms_mapper_node]: 已清除63个过期障碍物
[INFO] [1742543490.172159803] [lms_mapper_node]: 已清除38个过期障碍物
[INFO] [1742543490.385346261] [lms_mapper_node]: 已清除56个过期障碍物
[INFO] [1742543490.561079261] [lms_mapper_node]: 已清除108个过期障碍物
[INFO] [1742543490.855538970] [lms_mapper_node]: 已清除97个过期障碍物
[INFO] [1742543491.136104637] [lms_mapper_node]: 已清除108个过期障碍物
[INFO] [1742543491.314038678] [lms_mapper_node]: 已清除42个过期障碍物
[INFO] [1742543491.425024095] [lms_mapper_node]: 已清除49个过期障碍物
[INFO] [1742543491.593229637] [lms_mapper_node]: 已清除33个过期障碍物
[INFO] [1742543491.702015012] [lms_mapper_node]: 已清除62个过期障碍物
[INFO] [1742543491.906783012] [lms_mapper_node]: 已清除37个过期障碍物
[INFO] [1742543492.158141679] [lms_mapper_node]: 接收到激光数据: frame_id=laser, 点数=361
[INFO] [1742543492.158685512] [lms_mapper_node]: 接收到激光数据: 361个点, 角度范围=[0.00, 3.14]
[INFO] [1742543492.159137304] [lms_mapper_node]: 有效激光点: 359/361
[INFO] [1742543492.159564345] [lms_mapper_node]: 机器人位姿: x=0.00, y=0.00, theta=0.00, cos_theta=1.00, sin_theta=0.00
[INFO] [1742543492.159954345] [lms_mapper_node]: 激光点世界坐标范围: x=[-2.13, 0.85], y=[-0.00, 20.33]
[INFO] [1742543492.182973429] [lms_mapper_node]: 已清除115个过期障碍物
[INFO] [1742543492.184149262] [lms_mapper_node]: 更新地图: 添加了359个点
[INFO] [1742543492.211825845] [lms_mapper_node]: 已接收轨迹点: 1450
[INFO] [1742543492.213508220] [lms_mapper_node]: 已接收轨迹点: 1450
[INFO] [1742543492.286813845] [lms_mapper_node]: 已接收轨迹点: 1450
[INFO] [1742543492.313972470] [lms_mapper_node]: 已接收轨迹点: 1450
[INFO] [1742543492.347049095] [lms_mapper_node]: 已清除65个过期障碍物
[INFO] [1742543492.371887804] [lms_mapper_node]: 已接收轨迹点: 1450
[INFO] [1742543492.436964012] [lms_mapper_node]: 已清除44个过期障碍物
[INFO] [1742543492.713119179] [lms_mapper_node]: 已清除65个过期障碍物
[INFO] [1742543492.825963471] [lms_mapper_node]: 已清除54个过期障碍物
[INFO] [1742543493.000884637] [lms_mapper_node]: 已清除69个过期障碍物
[INFO] [1742543493.111174637] [lms_mapper_node]: 已清除122个过期障碍物
[INFO] [1742543493.296202054] [lms_mapper_node]: 已清除46个过期障碍物
[INFO] [1742543493.561293054] [lms_mapper_node]: 已清除99个过期障碍物
[INFO] [1742543493.676934471] [lms_mapper_node]: 已清除55个过期障碍物
[INFO] [1742543493.848283888] [lms_mapper_node]: 已清除48个过期障碍物
[INFO] [1742543493.964870180] [lms_mapper_node]: 已清除50个过期障碍物
[INFO] [1742543494.257298805] [lms_mapper_node]: 已清除32个过期障碍物
[INFO] [1742543494.521960180] [lms_mapper_node]: 已清除16个过期障碍物
[INFO] [1742543494.802174847] [lms_mapper_node]: 已清除18个过期障碍物
[INFO] [1742543495.096062055] [lms_mapper_node]: 已清除24个过期障碍物
[INFO] [1742543495.376692222] [lms_mapper_node]: 已清除16个过期障碍物
[INFO] [1742543495.679753555] [lms_mapper_node]: 已清除90个过期障碍物
[INFO] [1742543495.948714208] [lms_mapper_node]: 已清除142个过期障碍物
[INFO] [1742543496.513955291] [lms_mapper_node]: 已清除66个过期障碍物
[INFO] [1742543496.792449292] [lms_mapper_node]: 已清除56个过期障碍物
[INFO] [1742543497.071498250] [lms_mapper_node]: 已清除22个过期障碍物
[INFO] [1742543497.259675167] [lms_mapper_node]: 已清除41个过期障碍物
[INFO] [1742543497.471712084] [lms_mapper_node]: 已清除17个过期障碍物
[INFO] [1742543497.958134917] [lms_mapper_node]: 已清除12个过期障碍物
[INFO] [1742543498.313920167] [lms_mapper_node]: 已清除16个过期障碍物
[INFO] [1742543498.768762876] [lms_mapper_node]: 已清除24个过期障碍物
[INFO] [1742543499.106931168] [lms_mapper_node]: 已清除21个过期障碍物
[INFO] [1742543499.175167084] [lms_mapper_node]: 接收到激光数据: frame_id=laser, 点数=361
[INFO] [1742543499.179329918] [lms_mapper_node]: 接收到激光数据: 361个点, 角度范围=[0.00, 3.14]
[INFO] [1742543499.187878126] [lms_mapper_node]: 有效激光点: 360/361
[INFO] [1742543499.192890918] [lms_mapper_node]: 机器人位姿: x=0.00, y=0.00, theta=0.00, cos_theta=1.00, sin_theta=0.00
[INFO] [1742543499.197820834] [lms_mapper_node]: 激光点世界坐标范围: x=[-2.02, 0.67], y=[-0.00, 15.38]
[INFO] [1742543499.231281543] [lms_mapper_node]: 已清除16个过期障碍物
[INFO] [1742543499.260790834] [lms_mapper_node]: 更新地图: 添加了360个点
[INFO] [1742543499.262520376] [lms_mapper_node]: 已接收轨迹点: 1500
[INFO] [1742543499.282303209] [lms_mapper_node]: 已接收轨迹点: 1500
[INFO] [1742543499.305233751] [lms_mapper_node]: 已接收轨迹点: 1500
[INFO] [1742543499.333164251] [lms_mapper_node]: 已接收轨迹点: 1500
[INFO] [1742543499.349539668] [lms_mapper_node]: 已接收轨迹点: 1500
[INFO] [1742543499.371563293] [lms_mapper_node]: 已接收轨迹点: 1500
[INFO] [1742543499.391915418] [lms_mapper_node]: 接收到里程计消息: frame_id=odom, child_frame_id=base_link
[INFO] [1742543499.393476168] [lms_mapper_node]: 位置: x=0.00, y=0.00, z=0.00
[INFO] [1742543499.414057418] [lms_mapper_node]: 添加轨迹点 #1501: (0.00, 0.00)
[INFO] [1742543499.415914918] [lms_mapper_node]: 轨迹统计: 总点数=1501, 开始=(0.00, 0.00), 最新=(0.00, 0.00)
[INFO] [1742543499.467458043] [lms_mapper_node]: 已清除14个过期障碍物
[INFO] [1742543499.916453960] [lms_mapper_node]: 已清除30个过期障碍物
[INFO] [1742543500.054553001] [lms_mapper_node]: 已清除13个过期障碍物
[INFO] [1742543500.184442710] [lms_mapper_node]: 已清除11个过期障碍物
[INFO] [1742543500.464331210] [lms_mapper_node]: 已清除25个过期障碍物
[INFO] [1742543500.599676835] [lms_mapper_node]: 已清除13个过期障碍物
[INFO] [1742543501.031500627] [lms_mapper_node]: 已清除11个过期障碍物
[INFO] [1742543501.139116835] [lms_mapper_node]: 已清除13个过期障碍物
[INFO] [1742543501.722275627] [lms_mapper_node]: 已清除19个过期障碍物
[INFO] [1742543501.998929419] [lms_mapper_node]: 已清除11个过期障碍物
[INFO] [1742543502.445424253] [lms_mapper_node]: 已清除23个过期障碍物
⏳ 正在播放rosbag - 已等待 180/3600 秒...
当前活跃话题:
