======== 运行日志开始 Sat Mar 22 18:51:45 CST 2025 ========
======== 开始执行作业3 ========
正在创建ROS2工作空间...
ROS2工作空间结构创建完成！
Starting >>> lms_data
Starting >>> lms_mapper
Finished <<< lms_data [18.6s]
Finished <<< lms_mapper [21.8s]

Summary: 2 packages finished [25.1s]
/IntelligentMobileRobots2025/work3
/IntelligentMobileRobots2025/work3
检查安装的可执行文件...
total 8
drwxr-xr-x 2 root root 4096 Mar 22 18:52 .
drwxr-xr-x 4 root root 4096 Mar 22 18:52 ..
lrwxrwxrwx 1 root root   50 Mar 22 18:52 lms_to_rosbag -> ../../../../src/lms_data/lms_data/lms_to_rosbag.py
total 8
drwxr-xr-x 2 root root 4096 Mar 22 18:52 .
drwxr-xr-x 4 root root 4096 Mar 22 18:52 ..
lrwxrwxrwx 1 root root   56 Mar 22 18:52 lms_mapper_node -> ../../../../src/lms_mapper/lms_mapper/lms_mapper_node.py
检查ROS2环境...
lms_data
lms_mapper
正在构建ROS2包...
执行: colcon build --symlink-install
Starting >>> lms_data
Starting >>> lms_mapper
Finished <<< lms_mapper [19.0s]
Finished <<< lms_data [21.2s]

Summary: 2 packages finished [25.0s]
检查可执行文件...
警告: 没有找到lms_to_rosbag可执行文件，将直接使用Python调用
警告: 没有找到lms_mapper_node可执行文件，将直接使用Python调用
正在转换原始数据为rosbag格式...
执行: python3 /IntelligentMobileRobots2025/work3/src/lms_data/lms_data/lms_to_rosbag.py ../data/URG_X_20130903_195003.lms ../data/ld.nav lms_data.bag
删除旧的rosbag目录...
⏱️ 执行命令 (最长300秒): python3 /IntelligentMobileRobots2025/work3/src/lms_data/lms_data/lms_to_rosbag.py ../data/URG_X_20130903_195003.lms ../data/ld.nav lms_data.bag
⏳ 正在转换数据 - 已等待 10/300 秒...
开始处理: LMS文件: ../data/URG_X_20130903_195003.lms, NAV文件: ../data/ld.nav, BAG输出: lms_data.bag
读取LMS激光数据...
警告：在时间戳 72054545 处读取的激光数据长度不一致
成功读取 10428 帧激光雷达数据
时间戳范围: 71403847 - 72054470
平均时间间隔: 62.40ms
读取NAV轨迹数据...
成功读取 2355 个轨迹点
激光数据原始时间戳范围: 71403847 - 72054470
轨迹数据时间戳范围: 71407205 - 71554079
使用轨迹数据作为标准时间范围: 71407205 - 71554079
创建时间戳映射...
映射激光数据时间戳到轨迹时间范围...
处理进度: 1/10428 (0.0%)
  样本映射: 71403847 -> 71407205
处理进度: 101/10428 (1.0%)
处理进度: 201/10428 (1.9%)
处理进度: 301/10428 (2.9%)
处理进度: 401/10428 (3.8%)
处理进度: 501/10428 (4.8%)
处理进度: 601/10428 (5.8%)
处理进度: 701/10428 (6.7%)
处理进度: 801/10428 (7.7%)
处理进度: 901/10428 (8.6%)
处理进度: 1001/10428 (9.6%)
处理进度: 1101/10428 (10.6%)
处理进度: 1201/10428 (11.5%)
处理进度: 1301/10428 (12.5%)
处理进度: 1401/10428 (13.4%)
处理进度: 1501/10428 (14.4%)
处理进度: 1601/10428 (15.4%)
处理进度: 1701/10428 (16.3%)
处理进度: 1801/10428 (17.3%)
处理进度: 1901/10428 (18.2%)
处理进度: 2001/10428 (19.2%)
处理进度: 2101/10428 (20.1%)
处理进度: 2201/10428 (21.1%)
处理进度: 2301/10428 (22.1%)
处理进度: 2401/10428 (23.0%)
处理进度: 2501/10428 (24.0%)
处理进度: 2601/10428 (24.9%)
处理进度: 2701/10428 (25.9%)
处理进度: 2801/10428 (26.9%)
处理进度: 2901/10428 (27.8%)
处理进度: 3001/10428 (28.8%)
处理进度: 3101/10428 (29.7%)
处理进度: 3201/10428 (30.7%)
处理进度: 3301/10428 (31.7%)
处理进度: 3401/10428 (32.6%)
处理进度: 3501/10428 (33.6%)
处理进度: 3601/10428 (34.5%)
处理进度: 3701/10428 (35.5%)
处理进度: 3801/10428 (36.4%)
处理进度: 3901/10428 (37.4%)
处理进度: 4001/10428 (38.4%)
处理进度: 4101/10428 (39.3%)
处理进度: 4201/10428 (40.3%)
处理进度: 4301/10428 (41.2%)
处理进度: 4401/10428 (42.2%)
处理进度: 4501/10428 (43.2%)
处理进度: 4601/10428 (44.1%)
处理进度: 4701/10428 (45.1%)
处理进度: 4801/10428 (46.0%)
处理进度: 4901/10428 (47.0%)
处理进度: 5001/10428 (48.0%)
处理进度: 5101/10428 (48.9%)
处理进度: 5201/10428 (49.9%)
处理进度: 5301/10428 (50.8%)
处理进度: 5401/10428 (51.8%)
处理进度: 5501/10428 (52.8%)
处理进度: 5601/10428 (53.7%)
处理进度: 5701/10428 (54.7%)
处理进度: 5801/10428 (55.6%)
处理进度: 5901/10428 (56.6%)
处理进度: 6001/10428 (57.5%)
处理进度: 6101/10428 (58.5%)
处理进度: 6201/10428 (59.5%)
处理进度: 6301/10428 (60.4%)
处理进度: 6401/10428 (61.4%)
处理进度: 6501/10428 (62.3%)
处理进度: 6601/10428 (63.3%)
处理进度: 6701/10428 (64.3%)
处理进度: 6801/10428 (65.2%)
处理进度: 6901/10428 (66.2%)
处理进度: 7001/10428 (67.1%)
处理进度: 7101/10428 (68.1%)
处理进度: 7201/10428 (69.1%)
处理进度: 7301/10428 (70.0%)
处理进度: 7401/10428 (71.0%)
处理进度: 7501/10428 (71.9%)
处理进度: 7601/10428 (72.9%)
处理进度: 7701/10428 (73.8%)
处理进度: 7801/10428 (74.8%)
处理进度: 7901/10428 (75.8%)
处理进度: 8001/10428 (76.7%)
处理进度: 8101/10428 (77.7%)
处理进度: 8201/10428 (78.6%)
处理进度: 8301/10428 (79.6%)
处理进度: 8401/10428 (80.6%)
处理进度: 8501/10428 (81.5%)
处理进度: 8601/10428 (82.5%)
处理进度: 8701/10428 (83.4%)
处理进度: 8801/10428 (84.4%)
处理进度: 8901/10428 (85.4%)
处理进度: 9001/10428 (86.3%)
处理进度: 9101/10428 (87.3%)
处理进度: 9201/10428 (88.2%)
处理进度: 9301/10428 (89.2%)
处理进度: 9401/10428 (90.2%)
处理进度: 9501/10428 (91.1%)
处理进度: 9601/10428 (92.1%)
处理进度: 9701/10428 (93.0%)
处理进度: 9801/10428 (94.0%)
处理进度: 9901/10428 (94.9%)
处理进度: 10001/10428 (95.9%)
处理进度: 10101/10428 (96.9%)
处理进度: 10201/10428 (97.8%)
处理进度: 10301/10428 (98.8%)
处理进度: 10401/10428 (99.7%)
处理进度: 10428/10428 (100.0%)
  样本映射: 72054470 -> 71554079
已完成激光数据时间戳映射
映射后激光数据时间戳范围: 71407205 - 71554079
在轨迹时间范围内的激光帧数: 10428/10428 (100.0%)
过滤有效的激光扫描数据...
过滤进度: 1/10428 (0.0%), 当前有效帧: 1
过滤进度: 101/10428 (1.0%), 当前有效帧: 101
过滤进度: 201/10428 (1.9%), 当前有效帧: 201
过滤进度: 301/10428 (2.9%), 当前有效帧: 301
过滤进度: 401/10428 (3.8%), 当前有效帧: 401
过滤进度: 501/10428 (4.8%), 当前有效帧: 501
过滤进度: 601/10428 (5.8%), 当前有效帧: 601
过滤进度: 701/10428 (6.7%), 当前有效帧: 701
过滤进度: 801/10428 (7.7%), 当前有效帧: 801
过滤进度: 901/10428 (8.6%), 当前有效帧: 901
过滤进度: 1001/10428 (9.6%), 当前有效帧: 1001
过滤进度: 1101/10428 (10.6%), 当前有效帧: 1101
过滤进度: 1201/10428 (11.5%), 当前有效帧: 1201
过滤进度: 1301/10428 (12.5%), 当前有效帧: 1301
过滤进度: 1401/10428 (13.4%), 当前有效帧: 1401
过滤进度: 1501/10428 (14.4%), 当前有效帧: 1501
过滤进度: 1601/10428 (15.4%), 当前有效帧: 1601
过滤进度: 1701/10428 (16.3%), 当前有效帧: 1701
过滤进度: 1801/10428 (17.3%), 当前有效帧: 1801
过滤进度: 1901/10428 (18.2%), 当前有效帧: 1901
过滤进度: 2001/10428 (19.2%), 当前有效帧: 2001
过滤进度: 2101/10428 (20.1%), 当前有效帧: 2101
过滤进度: 2201/10428 (21.1%), 当前有效帧: 2201
过滤进度: 2301/10428 (22.1%), 当前有效帧: 2301
过滤进度: 2401/10428 (23.0%), 当前有效帧: 2401
过滤进度: 2501/10428 (24.0%), 当前有效帧: 2501
过滤进度: 2601/10428 (24.9%), 当前有效帧: 2601
过滤进度: 2701/10428 (25.9%), 当前有效帧: 2701
过滤进度: 2801/10428 (26.9%), 当前有效帧: 2801
过滤进度: 2901/10428 (27.8%), 当前有效帧: 2901
过滤进度: 3001/10428 (28.8%), 当前有效帧: 3001
过滤进度: 3101/10428 (29.7%), 当前有效帧: 3101
过滤进度: 3201/10428 (30.7%), 当前有效帧: 3201
过滤进度: 3301/10428 (31.7%), 当前有效帧: 3301
过滤进度: 3401/10428 (32.6%), 当前有效帧: 3401
过滤进度: 3501/10428 (33.6%), 当前有效帧: 3501
过滤进度: 3601/10428 (34.5%), 当前有效帧: 3601
过滤进度: 3701/10428 (35.5%), 当前有效帧: 3701
过滤进度: 3801/10428 (36.4%), 当前有效帧: 3801
过滤进度: 3901/10428 (37.4%), 当前有效帧: 3901
过滤进度: 4001/10428 (38.4%), 当前有效帧: 4001
过滤进度: 4101/10428 (39.3%), 当前有效帧: 4101
过滤进度: 4201/10428 (40.3%), 当前有效帧: 4201
过滤进度: 4301/10428 (41.2%), 当前有效帧: 4301
过滤进度: 4401/10428 (42.2%), 当前有效帧: 4401
过滤进度: 4501/10428 (43.2%), 当前有效帧: 4501
过滤进度: 4601/10428 (44.1%), 当前有效帧: 4601
过滤进度: 4701/10428 (45.1%), 当前有效帧: 4701
过滤进度: 4801/10428 (46.0%), 当前有效帧: 4801
过滤进度: 4901/10428 (47.0%), 当前有效帧: 4901
过滤进度: 5001/10428 (48.0%), 当前有效帧: 5001
过滤进度: 5101/10428 (48.9%), 当前有效帧: 5101
过滤进度: 5201/10428 (49.9%), 当前有效帧: 5201
过滤进度: 5301/10428 (50.8%), 当前有效帧: 5301
过滤进度: 5401/10428 (51.8%), 当前有效帧: 5401
过滤进度: 5501/10428 (52.8%), 当前有效帧: 5501
过滤进度: 5601/10428 (53.7%), 当前有效帧: 5601
过滤进度: 5701/10428 (54.7%), 当前有效帧: 5701
过滤进度: 5801/10428 (55.6%), 当前有效帧: 5801
过滤进度: 5901/10428 (56.6%), 当前有效帧: 5901
过滤进度: 6001/10428 (57.5%), 当前有效帧: 6001
过滤进度: 6101/10428 (58.5%), 当前有效帧: 6101
过滤进度: 6201/10428 (59.5%), 当前有效帧: 6201
过滤进度: 6301/10428 (60.4%), 当前有效帧: 6301
过滤进度: 6401/10428 (61.4%), 当前有效帧: 6401
过滤进度: 6501/10428 (62.3%), 当前有效帧: 6501
过滤进度: 6601/10428 (63.3%), 当前有效帧: 6601
过滤进度: 6701/10428 (64.3%), 当前有效帧: 6701
过滤进度: 6801/10428 (65.2%), 当前有效帧: 6801⏳ 正在转换数据 - 已等待 20/300 秒...
[INFO] [1742640828.030563719] [rosbag2_storage]: Opened database 'lms_data.bag/lms_data.bag_0.db3' for READ_WRITE.

过滤进度: 6901/10428 (66.2%), 当前有效帧: 6901
过滤进度: 7001/10428 (67.1%), 当前有效帧: 7001
过滤进度: 7101/10428 (68.1%), 当前有效帧: 7101
过滤进度: 7201/10428 (69.1%), 当前有效帧: 7201
过滤进度: 7301/10428 (70.0%), 当前有效帧: 7301
过滤进度: 7401/10428 (71.0%), 当前有效帧: 7401
过滤进度: 7501/10428 (71.9%), 当前有效帧: 7501
过滤进度: 7601/10428 (72.9%), 当前有效帧: 7601
过滤进度: 7701/10428 (73.8%), 当前有效帧: 7701
过滤进度: 7801/10428 (74.8%), 当前有效帧: 7801
过滤进度: 7901/10428 (75.8%), 当前有效帧: 7901
过滤进度: 8001/10428 (76.7%), 当前有效帧: 8001
过滤进度: 8101/10428 (77.7%), 当前有效帧: 8101
过滤进度: 8201/10428 (78.6%), 当前有效帧: 8201
过滤进度: 8301/10428 (79.6%), 当前有效帧: 8301
过滤进度: 8401/10428 (80.6%), 当前有效帧: 8401
过滤进度: 8501/10428 (81.5%), 当前有效帧: 8501
过滤进度: 8601/10428 (82.5%), 当前有效帧: 8601
过滤进度: 8701/10428 (83.4%), 当前有效帧: 8701
过滤进度: 8801/10428 (84.4%), 当前有效帧: 8801
过滤进度: 8901/10428 (85.4%), 当前有效帧: 8901
过滤进度: 9001/10428 (86.3%), 当前有效帧: 9001
过滤进度: 9101/10428 (87.3%), 当前有效帧: 9101
过滤进度: 9201/10428 (88.2%), 当前有效帧: 9201
过滤进度: 9301/10428 (89.2%), 当前有效帧: 9301
过滤进度: 9401/10428 (90.2%), 当前有效帧: 9401
过滤进度: 9501/10428 (91.1%), 当前有效帧: 9501
过滤进度: 9601/10428 (92.1%), 当前有效帧: 9601
过滤进度: 9701/10428 (93.0%), 当前有效帧: 9701
过滤进度: 9801/10428 (94.0%), 当前有效帧: 9801
过滤进度: 9901/10428 (94.9%), 当前有效帧: 9901
过滤进度: 10001/10428 (95.9%), 当前有效帧: 10001
过滤进度: 10101/10428 (96.9%), 当前有效帧: 10101
过滤进度: 10201/10428 (97.8%), 当前有效帧: 10201
过滤进度: 10301/10428 (98.8%), 当前有效帧: 10301
过滤进度: 10401/10428 (99.7%), 当前有效帧: 10401
过滤进度: 10428/10428 (100.0%), 当前有效帧: 10428
有效激光扫描数据帧数: 10428/10428
在轨迹时间范围内 (71407205 - 71554079) 的有效帧占总帧数的 100.0%
创建插值轨迹点...
插值进度: 1/10428 (0.0%)
插值进度: 101/10428 (1.0%)
插值进度: 201/10428 (1.9%)
插值进度: 301/10428 (2.9%)
插值进度: 401/10428 (3.8%)
插值进度: 501/10428 (4.8%)
插值进度: 601/10428 (5.8%)
插值进度: 701/10428 (6.7%)
插值进度: 801/10428 (7.7%)
插值进度: 901/10428 (8.6%)
插值进度: 1001/10428 (9.6%)
插值进度: 1101/10428 (10.6%)
插值进度: 1201/10428 (11.5%)
插值进度: 1301/10428 (12.5%)
插值进度: 1401/10428 (13.4%)
插值进度: 1501/10428 (14.4%)
插值进度: 1601/10428 (15.4%)
插值进度: 1701/10428 (16.3%)
插值进度: 1801/10428 (17.3%)
插值进度: 1901/10428 (18.2%)
插值进度: 2001/10428 (19.2%)
插值进度: 2101/10428 (20.1%)
插值进度: 2201/10428 (21.1%)
插值进度: 2301/10428 (22.1%)
插值进度: 2401/10428 (23.0%)
插值进度: 2501/10428 (24.0%)
插值进度: 2601/10428 (24.9%)
插值进度: 2701/10428 (25.9%)
插值进度: 2801/10428 (26.9%)
插值进度: 2901/10428 (27.8%)
插值进度: 3001/10428 (28.8%)
插值进度: 3101/10428 (29.7%)
插值进度: 3201/10428 (30.7%)
插值进度: 3301/10428 (31.7%)
插值进度: 3401/10428 (32.6%)
插值进度: 3501/10428 (33.6%)
插值进度: 3601/10428 (34.5%)
插值进度: 3701/10428 (35.5%)
插值进度: 3801/10428 (36.4%)
插值进度: 3901/10428 (37.4%)
插值进度: 4001/10428 (38.4%)
插值进度: 4101/10428 (39.3%)
插值进度: 4201/10428 (40.3%)
插值进度: 4301/10428 (41.2%)
插值进度: 4401/10428 (42.2%)
插值进度: 4501/10428 (43.2%)
插值进度: 4601/10428 (44.1%)
插值进度: 4701/10428 (45.1%)
插值进度: 4801/10428 (46.0%)
插值进度: 4901/10428 (47.0%)
插值进度: 5001/10428 (48.0%)
插值进度: 5101/10428 (48.9%)
插值进度: 5201/10428 (49.9%)
插值进度: 5301/10428 (50.8%)
插值进度: 5401/10428 (51.8%)
插值进度: 5501/10428 (52.8%)
插值进度: 5601/10428 (53.7%)
插值进度: 5701/10428 (54.7%)
插值进度: 5801/10428 (55.6%)
插值进度: 5901/10428 (56.6%)
插值进度: 6001/10428 (57.5%)
插值进度: 6101/10428 (58.5%)
插值进度: 6201/10428 (59.5%)
插值进度: 6301/10428 (60.4%)
插值进度: 6401/10428 (61.4%)
插值进度: 6501/10428 (62.3%)
插值进度: 6601/10428 (63.3%)
插值进度: 6701/10428 (64.3%)
插值进度: 6801/10428 (65.2%)
插值进度: 6901/10428 (66.2%)
插值进度: 7001/10428 (67.1%)
插值进度: 7101/10428 (68.1%)
插值进度: 7201/10428 (69.1%)
插值进度: 7301/10428 (70.0%)
插值进度: 7401/10428 (71.0%)
插值进度: 7501/10428 (71.9%)
插值进度: 7601/10428 (72.9%)
插值进度: 7701/10428 (73.8%)
插值进度: 7801/10428 (74.8%)
插值进度: 7901/10428 (75.8%)
插值进度: 8001/10428 (76.7%)
插值进度: 8101/10428 (77.7%)
插值进度: 8201/10428 (78.6%)
插值进度: 8301/10428 (79.6%)
插值进度: 8401/10428 (80.6%)
插值进度: 8501/10428 (81.5%)
插值进度: 8601/10428 (82.5%)
插值进度: 8701/10428 (83.4%)
插值进度: 8801/10428 (84.4%)
插值进度: 8901/10428 (85.4%)
插值进度: 9001/10428 (86.3%)
插值进度: 9101/10428 (87.3%)
插值进度: 9201/10428 (88.2%)
插值进度: 9301/10428 (89.2%)
插值进度: 9401/10428 (90.2%)
插值进度: 9501/10428 (91.1%)
插值进度: 9601/10428 (92.1%)
插值进度: 9701/10428 (93.0%)
插值进度: 9801/10428 (94.0%)
插值进度: 9901/10428 (94.9%)
插值进度: 10001/10428 (95.9%)
插值进度: 10101/10428 (96.9%)
插值进度: 10201/10428 (97.8%)
插值进度: 10301/10428 (98.8%)
插值进度: 10401/10428 (99.7%)
插值进度: 10428/10428 (100.0%)
扩充轨迹点: 原始=2355, 扩充后=10428
时间戳完全匹配的激光帧数: 10428/10428 (100.0%)
创建rosbag文件: lms_data.bag
生成rosbag时间戳...
写入所有轨迹点...
轨迹写入进度: 1/10428 (0.0%)
轨迹写入进度: 101/10428 (1.0%)
轨迹写入进度: 201/10428 (1.9%)
轨迹写入进度: 301/10428 (2.9%)
轨迹写入进度: 401/10428 (3.8%)
轨迹写入进度: 501/10428 (4.8%)
轨迹写入进度: 601/10428 (5.8%)
轨迹写入进度: 701/10428 (6.7%)
轨迹写入进度: 801/10428 (7.7%)
轨迹写入进度: 901/10428 (8.6%)
轨迹写入进度: 1001/10428 (9.6%)
轨迹写入进度: 1101/10428 (10.6%)
轨迹写入进度: 1201/10428 (11.5%)
轨迹写入进度: 1301/10428 (12.5%)
轨迹写入进度: 1401/10428 (13.4%)
轨迹写入进度: 1501/10428 (14.4%)
轨迹写入进度: 1601/10428 (15.4%)
轨迹写入进度: 1701/10428 (16.3%)
轨迹写入进度: 1801/10428 (17.3%)
轨迹写入进度: 1901/10428 (18.2%)
轨迹写入进度: 2001/10428 (19.2%)
轨迹写入进度: 2101/10428 (20.1%)
轨迹写入进度: 2201/10428 (21.1%)
轨迹写入进度: 2301/10428 (22.1%)
轨迹写入进度: 2401/10428 (23.0%)
轨迹写入进度: 2501/10428 (24.0%)
轨迹写入进度: 2601/10428 (24.9%)
轨迹写入进度: 2701/10428 (25.9%)
轨迹写入进度: 2801/10428 (26.9%)
轨迹写入进度: 2901/10428 (27.8%)
轨迹写入进度: 3001/10428 (28.8%)
轨迹写入进度: 3101/10428 (29.7%)
轨迹写入进度: 3201/10428 (30.7%)
轨迹写入进度: 3301/10428 (31.7%)
轨迹写入进度: 3401/10428 (32.6%)
轨迹写入进度: 3501/10428 (33.6%)
轨迹写入进度: 3601/10428 (34.5%)
轨迹写入进度: 3701/10428 (35.5%)
轨迹写入进度: 3801/10428 (36.4%)
轨迹写入进度: 3901/10428 (37.4%)
轨迹写入进度: 4001/10428 (38.4%)
轨迹写入进度: 4101/10428 (39.3%)
轨迹写入进度: 4201/10428 (40.3%)
轨迹写入进度: 4301/10428 (41.2%)
轨迹写入进度: 4401/10428 (42.2%)
轨迹写入进度: 4501/10428 (43.2%)
轨迹写入进度: 4601/10428 (44.1%)
轨迹写入进度: 4701/10428 (45.1%)
轨迹写入进度: 4801/10428 (46.0%)
轨迹写入进度: 4901/10428 (47.0%)
轨迹写入进度: 5001/10428 (48.0%)
轨迹写入进度: 5101/10428 (48.9%)
轨迹写入进度: 5201/10428 (49.9%)
轨迹写入进度: 5301/10428 (50.8%)
轨迹写入进度: 5401/10428 (51.8%)
轨迹写入进度: 5501/10428 (52.8%)
轨迹写入进度: 5601/10428 (53.7%)
轨迹写入进度: 5701/10428 (54.7%)
轨迹写入进度: 5801/10428 (55.6%)
⏳ 正在转换数据 - 已等待 30/300 秒...
轨迹写入进度: 5901/10428 (56.6%)
轨迹写入进度: 6001/10428 (57.5%)
轨迹写入进度: 6101/10428 (58.5%)
轨迹写入进度: 6201/10428 (59.5%)
轨迹写入进度: 6301/10428 (60.4%)
轨迹写入进度: 6401/10428 (61.4%)
轨迹写入进度: 6501/10428 (62.3%)
轨迹写入进度: 6601/10428 (63.3%)
轨迹写入进度: 6701/10428 (64.3%)
轨迹写入进度: 6801/10428 (65.2%)
轨迹写入进度: 6901/10428 (66.2%)
轨迹写入进度: 7001/10428 (67.1%)
轨迹写入进度: 7101/10428 (68.1%)
轨迹写入进度: 7201/10428 (69.1%)
轨迹写入进度: 7301/10428 (70.0%)
轨迹写入进度: 7401/10428 (71.0%)
轨迹写入进度: 7501/10428 (71.9%)
轨迹写入进度: 7601/10428 (72.9%)
轨迹写入进度: 7701/10428 (73.8%)
轨迹写入进度: 7801/10428 (74.8%)
轨迹写入进度: 7901/10428 (75.8%)
轨迹写入进度: 8001/10428 (76.7%)
轨迹写入进度: 8101/10428 (77.7%)
轨迹写入进度: 8201/10428 (78.6%)
轨迹写入进度: 8301/10428 (79.6%)
轨迹写入进度: 8401/10428 (80.6%)
轨迹写入进度: 8501/10428 (81.5%)
轨迹写入进度: 8601/10428 (82.5%)
轨迹写入进度: 8701/10428 (83.4%)
轨迹写入进度: 8801/10428 (84.4%)
轨迹写入进度: 8901/10428 (85.4%)
轨迹写入进度: 9001/10428 (86.3%)
轨迹写入进度: 9101/10428 (87.3%)
轨迹写入进度: 9201/10428 (88.2%)
轨迹写入进度: 9301/10428 (89.2%)
轨迹写入进度: 9401/10428 (90.2%)
轨迹写入进度: 9501/10428 (91.1%)
轨迹写入进度: 9601/10428 (92.1%)
轨迹写入进度: 9701/10428 (93.0%)
轨迹写入进度: 9801/10428 (94.0%)
轨迹写入进度: 9901/10428 (94.9%)
轨迹写入进度: 10001/10428 (95.9%)
轨迹写入进度: 10101/10428 (96.9%)
轨迹写入进度: 10201/10428 (97.8%)
轨迹写入进度: 10301/10428 (98.8%)
轨迹写入进度: 10401/10428 (99.7%)
轨迹写入进度: 10428/10428 (100.0%)
写入所有激光帧...
激光帧写入进度: 1/10428 (0.0%)
激光帧写入进度: 101/10428 (1.0%)
激光帧写入进度: 201/10428 (1.9%)
激光帧写入进度: 301/10428 (2.9%)
激光帧写入进度: 401/10428 (3.8%)
激光帧写入进度: 501/10428 (4.8%)
激光帧写入进度: 601/10428 (5.8%)
激光帧写入进度: 701/10428 (6.7%)
激光帧写入进度: 801/10428 (7.7%)
激光帧写入进度: 901/10428 (8.6%)
激光帧写入进度: 1001/10428 (9.6%)
激光帧写入进度: 1101/10428 (10.6%)
激光帧写入进度: 1201/10428 (11.5%)
激光帧写入进度: 1301/10428 (12.5%)
激光帧写入进度: 1401/10428 (13.4%)
激光帧写入进度: 1501/10428 (14.4%)
激光帧写入进度: 1601/10428 (15.4%)
激光帧写入进度: 1701/10428 (16.3%)
激光帧写入进度: 1801/10428 (17.3%)
激光帧写入进度: 1901/10428 (18.2%)
激光帧写入进度: 2001/10428 (19.2%)
激光帧写入进度: 2101/10428 (20.1%)
激光帧写入进度: 2201/10428 (21.1%)
激光帧写入进度: 2301/10428 (22.1%)
激光帧写入进度: 2401/10428 (23.0%)
激光帧写入进度: 2501/10428 (24.0%)
激光帧写入进度: 2601/10428 (24.9%)
激光帧写入进度: 2701/10428 (25.9%)
激光帧写入进度: 2801/10428 (26.9%)
激光帧写入进度: 2901/10428 (27.8%)
激光帧写入进度: 3001/10428 (28.8%)
激光帧写入进度: 3101/10428 (29.7%)
激光帧写入进度: 3201/10428 (30.7%)
激光帧写入进度: 3301/10428 (31.7%)
激光帧写入进度: 3401/10428 (32.6%)
激光帧写入进度: 3501/10428 (33.6%)
激光帧写入进度: 3601/10428 (34.5%)
激光帧写入进度: 3701/10428 (35.5%)
激光帧写入进度: 3801/10428 (36.4%)
激光帧写入进度: 3901/10428 (37.4%)
激光帧写入进度: 4001/10428 (38.4%)
激光帧写入进度: 4101/10428 (39.3%)
激光帧写入进度: 4201/10428 (40.3%)
激光帧写入进度: 4301/10428 (41.2%)
激光帧写入进度: 4401/10428 (42.2%)
激光帧写入进度: 4501/10428 (43.2%)
激光帧写入进度: 4601/10428 (44.1%)
激光帧写入进度: 4701/10428 (45.1%)
激光帧写入进度: 4801/10428 (46.0%)
激光帧写入进度: 4901/10428 (47.0%)
激光帧写入进度: 5001/10428 (48.0%)
激光帧写入进度: 5101/10428 (48.9%)
激光帧写入进度: 5201/10428 (49.9%)
激光帧写入进度: 5301/10428 (50.8%)
激光帧写入进度: 5401/10428 (51.8%)
激光帧写入进度: 5501/10428 (52.8%)
激光帧写入进度: 5601/10428 (53.7%)
激光帧写入进度: 5701/10428 (54.7%)
激光帧写入进度: 5801/10428 (55.6%)
激光帧写入进度: 5901/10428 (56.6%)
激光帧写入进度: 6001/10428 (57.5%)
激光帧写入进度: 6101/10428 (58.5%)
激光帧写入进度: 6201/10428 (59.5%)
激光帧写入进度: 6301/10428 (60.4%)
激光帧写入进度: 6401/10428 (61.4%)
激光帧写入进度: 6501/10428 (62.3%)
激光帧写入进度: 6601/10428 (63.3%)
激光帧写入进度: 6701/10428 (64.3%)
激光帧写入进度: 6801/10428 (65.2%)
激光帧写入进度: 6901/10428 (66.2%)
激光帧写入进度: 7001/10428 (67.1%)
激光帧写入进度: 7101/10428 (68.1%)
激光帧写入进度: 7201/10428 (69.1%)
激光帧写入进度: 7301/10428 (70.0%)
激光帧写入进度: 7401/10428 (71.0%)
激光帧写入进度: 7501/10428 (71.9%)
激光帧写入进度: 7601/10428 (72.9%)
激光帧写入进度: 7701/10428 (73.8%)
激光帧写入进度: 7801/10428 (74.8%)
激光帧写入进度: 7901/10428 (75.8%)
激光帧写入进度: 8001/10428 (76.7%)
激光帧写入进度: 8101/10428 (77.7%)
激光帧写入进度: 8201/10428 (78.6%)
激光帧写入进度: 8301/10428 (79.6%)
激光帧写入进度: 8401/10428 (80.6%)
激光帧写入进度: 8501/10428 (81.5%)
激光帧写入进度: 8601/10428 (82.5%)
激光帧写入进度: 8701/10428 (83.4%)
激光帧写入进度: 8801/10428 (84.4%)
激光帧写入进度: 8901/10428 (85.4%)
激光帧写入进度: 9001/10428 (86.3%)
激光帧写入进度: 9101/10428 (87.3%)
激光帧写入进度: 9201/10428 (88.2%)
激光帧写入进度: 9301/10428 (89.2%)
激光帧写入进度: 9401/10428 (90.2%)
激光帧写入进度: 9501/10428 (91.1%)
激光帧写入进度: 9601/10428 (92.1%)
激光帧写入进度: 9701/10428 (93.0%)
激光帧写入进度: 9801/10428 (94.0%)
激光帧写入进度: 9901/10428 (94.9%)
激光帧写入进度: 10001/10428 (95.9%)
激光帧写入进度: 10101/10428 (96.9%)
激光帧写入进度: 10201/10428 (97.8%)
激光帧写入进度: 10301/10428 (98.8%)
激光帧写入进度: 10401/10428 (99.7%)
激光帧写入进度: 10428/10428 (100.0%)
成功将数据写入ROS2 bag文件: lms_data.bag
总共写入帧数: 10428
总有效激光点数: 3715347, 平均每帧: 356.3
使用的轨迹时间戳范围: 71407205 - 71554079
处理用时: 44.30秒
ROS2 Bag文件写入完成
✅ 命令已完成
检查rosbag内容...
⏱️ 执行命令 (最长30秒): ros2 bag info lms_data.bag

Files:             lms_data.bag_0.db3
Bag size:          31.3 MiB
Storage id:        sqlite3
Duration:          146.874000000s
Start:             Jan  1 1970 08:00:01.000000000 (1.000000000)
End:               Jan  1 1970 08:02:27.874000000 (147.874000000)
Messages:          41712
Topic information: Topic: /clock | Type: rosgraph_msgs/msg/Clock | Count: 10428 | Serialization Format: cdr
                   Topic: scan | Type: sensor_msgs/msg/LaserScan | Count: 10428 | Serialization Format: cdr
                   Topic: odom | Type: nav_msgs/msg/Odometry | Count: 10428 | Serialization Format: cdr
                   Topic: tf | Type: tf2_msgs/msg/TFMessage | Count: 10428 | Serialization Format: cdr

✅ 命令已完成
正在启动LMS Mapper节点...
执行: python3 /IntelligentMobileRobots2025/work3/src/lms_mapper/lms_mapper/lms_mapper_node.py --ros-args -p map_save_path:=occupancy_grid.png
设置ROS2使用模拟时钟...
usage: ros2 param set [-h] [--spin-time SPIN_TIME] [-s] [--no-daemon]
                      [--include-hidden-nodes]
                      node_name parameter_name value
ros2 param set: error: the following arguments are required: value
无法设置全局参数，将在节点启动时设置
等待节点启动...
节点已启动，PID: 6133
检查可用的话题...
[INFO] [1742640884.004932300] [lms_mapper_node]: 地图参数: 尺寸=1000x1000, 分辨率=0.1米/格
[INFO] [1742640884.045066842] [lms_mapper_node]: 地图重置功能已禁用，将持续累积所有障碍物数据
[INFO] [1742640884.045360759] [lms_mapper_node]: 中间地图保存间隔: 60.0秒
[INFO] [1742640884.045570384] [lms_mapper_node]: 清除过期障碍物功能已禁用，将保留所有检测到的障碍物
[INFO] [1742640884.045811425] [lms_mapper_node]: 运动过滤功能已启用：最小运动距离=0.5米，静止忽略时间=0.2秒
[INFO] [1742640884.046021550] [lms_mapper_node]: 使用自适应阈值：基础阈值=2，距离因子=0.5
[INFO] [1742640884.264932509] [lms_mapper_node]: LMS mapper node已启动
/clock
/map
/odom
/parameter_events
/rosout
/scan
等待话题准备就绪...
✅ /map 话题已准备就绪
正在播放rosbag数据...
等待系统准备就绪，确保时钟同步...
开始播放rosbag...
等待rosbag播放完成...
stdin is not a terminal device. Keyboard handling disabled.[INFO] [1742640908.797069339] [rosbag2_storage]: Opened database 'lms_data.bag/lms_data.bag_0.db3' for READ_ONLY.
[INFO] [1742640908.852066131] [rosbag2_player]: Set rate to 0.1
[INFO] [1742640909.092669298] [rosbag2_player]: Adding keyboard callbacks.
[INFO] [1742640909.093178173] [rosbag2_player]: Press SPACE for Pause/Resume
[INFO] [1742640909.093212340] [rosbag2_player]: Press CURSOR_RIGHT for Play Next Message
[INFO] [1742640909.093231215] [rosbag2_player]: Press CURSOR_UP for Increase Rate 10%
[INFO] [1742640909.093265381] [rosbag2_player]: Press CURSOR_DOWN for Decrease Rate 10%
[INFO] [1742640909.121869673] [rosbag2_storage]: Opened database 'lms_data.bag/lms_data.bag_0.db3' for READ_ONLY.
[INFO] [1742640910.373222132] [lms_mapper_node]: 记录起始位置: x=0.00, y=0.00, theta=0.00
[INFO] [1742640910.380634007] [lms_mapper_node]: 接收到激光数据: frame_id=laser, 点数=361
[INFO] [1742640910.381136424] [lms_mapper_node]: 【激光雷达坐标】x=0.0000, y=0.0000, theta=0.0000
[INFO] [1742640910.381493882] [lms_mapper_node]: 记录起始位置: x=0.00, y=0.00, theta=0.00
[INFO] [1742640910.382914465] [lms_mapper_node]: 接收到激光数据: 361个点, 角度范围=[0.00, 3.14]
[INFO] [1742640910.384152632] [lms_mapper_node]: 有效激光点: 351/361
[INFO] [1742640910.391342590] [lms_mapper_node]: 机器人位姿: x=0.00, y=0.00, theta=0.00, cos_theta=1.00, sin_theta=0.00
[INFO] [1742640910.393334174] [lms_mapper_node]: 激光点世界坐标范围: x=[-1.75, 0.97], y=[0.00, 25.70]
[INFO] [1742640910.394132257] [lms_mapper_node]: 【坐标转换样本】: 激光坐标(0.96,0.00)→世界坐标(0.96,0.00) | 激光坐标(0.94,0.89)→世界坐标(0.94,0.89) | 激光坐标(0.39,11.29)→世界坐标(0.39,11.29) | 激光坐标(-1.20,1.14)→世界坐标(-1.20,1.14) | 激光坐标(-1.17,0.00)→世界坐标(-1.17,0.00)
[INFO] [1742640910.400394299] [lms_mapper_node]: 当前使用的障碍物计数阈值: 1
[INFO] [1742640918.334375469] [lms_mapper_node]: 机器人静止中 (7.8秒)，跳过处理激光数据
⏳ 正在播放rosbag - 已等待 15/3600 秒...
当前活跃话题:
[INFO] [1742640924.558216097] [lms_mapper_node]: 机器人静止中 (14.2秒)，跳过处理激光数据
[INFO] [1742640924.732920972] [lms_mapper_node]: 接收到激光数据: frame_id=laser, 点数=361
[INFO] [1742640924.733273389] [lms_mapper_node]: 【激光雷达坐标】x=0.0000, y=0.0000, theta=0.0000
/clock
/events/read_split
/map
/odom
/parameter_events
/rosout
/scan
/tf
[INFO] [1742640932.179878586] [lms_mapper_node]: 机器人静止中 (21.8秒)，跳过处理激光数据
[INFO] [1742640941.120688507] [lms_mapper_node]: 机器人静止中 (30.7秒)，跳过处理激光数据
[INFO] [1742640941.121573049] [lms_mapper_node]: 机器人静止中: 30.8秒, 位置: (0.00, 0.00)
[INFO] [1742640941.122123049] [lms_mapper_node]: 接收到激光数据: frame_id=laser, 点数=361
[INFO] [1742640941.183044924] [lms_mapper_node]: 【激光雷达坐标】x=0.0000, y=0.0000, theta=0.0000
⏳ 正在播放rosbag - 已等待 30/3600 秒...
当前活跃话题:
[INFO] [1742640946.809685677] [lms_mapper_node]: 机器人静止中 (36.4秒)，跳过处理激光数据
[INFO] [1742640951.011384929] [lms_mapper_node]: 【进度报告】运行时间: 66.9秒, 处理扫描: 266帧, 轨迹点: 266个, 障碍物格子: 97个, 轨迹已更新
[INFO] [1742640951.078899679] [lms_mapper_node]: 共绘制障碍物点 97个
[INFO] [1742640951.110864137] [lms_mapper_node]: 障碍物世界坐标范围: X=-1.50到0.90, Y=0.00到6.60
[INFO] [1742640951.111291095] [lms_mapper_node]: 中间地图 #1: 绘制轨迹 266个点, 障碍物 97个
/clock
/events/read_split
/map
/odom
/parameter_events
/rosout
/scan
/tf
⏳ 正在播放rosbag - 已等待 45/3600 秒...
当前活跃话题:
/clock
/events/read_split
/map
/odom
/parameter_events
/rosout
/scan
/tf
⏳ 正在播放rosbag - 已等待 60/3600 秒...
当前活跃话题:
[INFO] [1742640987.263734667] [lms_mapper_node]: 地图显示边界: X=-20.0到50.0, Y=-20.0到55.0
[INFO] [1742640991.347646794] [lms_mapper_node]: 已保存中间地图 #1 到: map_checkpoint_1.png
/clock
/events/read_split
/map
/odom
/parameter_events
/rosout
/scan
/tf
[INFO] [1742640996.567000838] [lms_mapper_node]: 机器人静止中 (86.2秒)，跳过处理激光数据
[INFO] [1742640996.682782047] [lms_mapper_node]: 接收到激光数据: frame_id=laser, 点数=361
[INFO] [1742640996.683525338] [lms_mapper_node]: 【激光雷达坐标】x=0.0000, y=0.0000, theta=0.0000
[INFO] [1742641001.233899424] [lms_mapper_node]: 【进度报告】运行时间: 117.2秒, 处理扫描: 318帧, 轨迹点: 318个, 障碍物格子: 97个, 轨迹已更新
[INFO] [1742641001.324792507] [lms_mapper_node]: 共绘制障碍物点 97个
[INFO] [1742641001.325585466] [lms_mapper_node]: 障碍物世界坐标范围: X=-1.50到0.90, Y=0.00到6.60
[INFO] [1742641001.325842632] [lms_mapper_node]: 中间地图 #2: 绘制轨迹 318个点, 障碍物 97个
[INFO] [1742641008.932210636] [lms_mapper_node]: 地图显示边界: X=-20.0到50.0, Y=-20.0到55.0
⏳ 正在播放rosbag - 已等待 75/3600 秒...
当前活跃话题:
[INFO] [1742641010.752832178] [lms_mapper_node]: 已保存中间地图 #2 到: map_checkpoint_2.png
/clock
/events/read_split
/map
/odom
/parameter_events
/rosout
/scan
/tf
[INFO] [1742641014.871965472] [lms_mapper_node]: 机器人静止中 (104.5秒)，跳过处理激光数据
[INFO] [1742641023.175450003] [lms_mapper_node]: 机器人静止中 (112.8秒)，跳过处理激光数据
[INFO] [1742641023.202820753] [lms_mapper_node]: 机器人静止中: 112.8秒, 位置: (0.00, 0.00)
[INFO] [1742641023.349209462] [lms_mapper_node]: 接收到激光数据: frame_id=laser, 点数=361
[INFO] [1742641023.349565420] [lms_mapper_node]: 【激光雷达坐标】x=0.0000, y=0.0000, theta=0.0000
[INFO] [1742641030.990258507] [lms_mapper_node]: 机器人静止中 (120.6秒)，跳过处理激光数据
⏳ 正在播放rosbag - 已等待 90/3600 秒...
当前活跃话题:
/clock
/events/read_split
/map
/odom
/parameter_events
/rosout
/scan
/tf
[INFO] [1742641037.535591760] [lms_mapper_node]: 机器人静止中 (127.2秒)，跳过处理激光数据
[INFO] [1742641037.717966719] [lms_mapper_node]: 接收到激光数据: frame_id=laser, 点数=361
[INFO] [1742641037.718323260] [lms_mapper_node]: 【激光雷达坐标】x=0.0000, y=0.0000, theta=0.0000
[INFO] [1742641046.814259792] [lms_mapper_node]: 机器人静止中 (136.4秒)，跳过处理激光数据
[INFO] [1742641051.115846586] [lms_mapper_node]: 【进度报告】运行时间: 167.1秒, 处理扫描: 566帧, 轨迹点: 566个, 障碍物格子: 97个, 轨迹已更新
[INFO] [1742641051.153281086] [lms_mapper_node]: 共绘制障碍物点 97个
[INFO] [1742641051.183291502] [lms_mapper_node]: 障碍物世界坐标范围: X=-1.50到0.90, Y=0.00到6.60
[INFO] [1742641051.223867127] [lms_mapper_node]: 中间地图 #3: 绘制轨迹 566个点, 障碍物 97个
⏳ 正在播放rosbag - 已等待 105/3600 秒...
当前活跃话题:
/clock
/events/read_split
/map
/odom
/parameter_events
/rosout
/scan
/tf
⏳ 正在播放rosbag - 已等待 120/3600 秒...
当前活跃话题:
/clock
/events/read_split
/map
/odom
/parameter_events
/rosout
/scan
/tf
[INFO] [1742641079.267435168] [lms_mapper_node]: 地图显示边界: X=-20.0到50.0, Y=-20.0到55.0
[INFO] [1742641082.567652878] [lms_mapper_node]: 已保存中间地图 #3 到: map_checkpoint_3.png
[INFO] [1742641086.022212880] [lms_mapper_node]: 机器人静止中 (175.7秒)，跳过处理激光数据
[INFO] [1742641086.030773963] [lms_mapper_node]: 机器人静止中: 175.7秒, 位置: (0.00, 0.00)
[INFO] [1742641086.129850880] [lms_mapper_node]: 接收到激光数据: frame_id=laser, 点数=361
[INFO] [1742641086.131369505] [lms_mapper_node]: 【激光雷达坐标】x=0.0000, y=0.0000, theta=0.0000
[INFO] [1742641093.889764550] [lms_mapper_node]: 机器人静止中 (183.5秒)，跳过处理激光数据
⏳ 正在播放rosbag - 已等待 135/3600 秒...
当前活跃话题:
[INFO] [1742641100.261234262] [lms_mapper_node]: 【进度报告】运行时间: 216.2秒, 处理扫描: 687帧, 轨迹点: 687个, 障碍物格子: 97个, 轨迹已更新
[INFO] [1742641100.287371928] [lms_mapper_node]: 共绘制障碍物点 97个
[INFO] [1742641100.338286137] [lms_mapper_node]: 障碍物世界坐标范围: X=-1.50到0.90, Y=0.00到6.60
/clock
/events/read_split
/map
/odom
/parameter_events
/rosout
/scan
/tf
[INFO] [1742641100.436241595] [lms_mapper_node]: 中间地图 #4: 绘制轨迹 687个点, 障碍物 97个
[INFO] [1742641101.610087179] [lms_mapper_node]: 地图显示边界: X=-20.0到50.0, Y=-20.0到55.0
[INFO] [1742641106.680008959] [lms_mapper_node]: 已保存中间地图 #4 到: map_checkpoint_4.png
[INFO] [1742641107.114472209] [lms_mapper_node]: 机器人静止中 (196.7秒)，跳过处理激光数据
[INFO] [1742641107.280128376] [lms_mapper_node]: 接收到激光数据: frame_id=laser, 点数=361
[INFO] [1742641107.280433209] [lms_mapper_node]: 【激光雷达坐标】x=0.0000, y=0.0000, theta=0.0000
[INFO] [1742641114.223847046] [lms_mapper_node]: 机器人静止中 (203.8秒)，跳过处理激光数据
⏳ 正在播放rosbag - 已等待 150/3600 秒...
当前活跃话题:
[INFO] [1742641121.354174632] [lms_mapper_node]: 机器人静止中 (211.0秒)，跳过处理激光数据
[INFO] [1742641121.354835632] [lms_mapper_node]: 机器人静止中: 211.0秒, 位置: (0.00, 0.00)
[INFO] [1742641121.465508424] [lms_mapper_node]: 接收到激光数据: frame_id=laser, 点数=361
[INFO] [1742641121.465935382] [lms_mapper_node]: 【激光雷达坐标】x=0.0000, y=0.0000, theta=0.0000
/clock
/events/read_split
/map
/odom
/parameter_events
/rosout
/scan
/tf
[INFO] [1742641128.428301177] [lms_mapper_node]: 机器人静止中 (218.1秒)，跳过处理激光数据
[INFO] [1742641135.895959625] [lms_mapper_node]: 机器人静止中 (225.5秒)，跳过处理激光数据
[INFO] [1742641136.017794375] [lms_mapper_node]: 接收到激光数据: frame_id=laser, 点数=361
[INFO] [1742641136.049837167] [lms_mapper_node]: 【激光雷达坐标】x=0.0000, y=0.0000, theta=0.0000
⏳ 正在播放rosbag - 已等待 165/3600 秒...
当前活跃话题:
/clock
/events/read_split
/map
/odom
/parameter_events
/rosout
/scan
/tf
[INFO] [1742641143.798056170] [lms_mapper_node]: 机器人静止中 (233.4秒)，跳过处理激光数据
[INFO] [1742641151.746689132] [lms_mapper_node]: 【进度报告】运行时间: 267.5秒, 处理扫描: 989帧, 轨迹点: 989个, 障碍物格子: 97个, 轨迹已更新
[INFO] [1742641151.969798716] [lms_mapper_node]: 共绘制障碍物点 97个
[INFO] [1742641152.011215341] [lms_mapper_node]: 障碍物世界坐标范围: X=-1.50到0.90, Y=0.00到6.60
[INFO] [1742641152.063123508] [lms_mapper_node]: 中间地图 #5: 绘制轨迹 989个点, 障碍物 97个
[INFO] [1742641154.903399551] [lms_mapper_node]: 地图显示边界: X=-20.0到50.0, Y=-20.0到55.0
⏳ 正在播放rosbag - 已等待 180/3600 秒...
当前活跃话题:
[INFO] [1742641159.275940094] [lms_mapper_node]: 已保存中间地图 #5 到: map_checkpoint_5.png
[INFO] [1742641160.583614428] [lms_mapper_node]: 机器人静止中 (250.2秒)，跳过处理激光数据
[INFO] [1742641160.584201303] [lms_mapper_node]: 机器人静止中: 250.2秒, 位置: (0.00, 0.00)
[INFO] [1742641160.584709012] [lms_mapper_node]: 接收到激光数据: frame_id=laser, 点数=361
[INFO] [1742641160.584996553] [lms_mapper_node]: 【激光雷达坐标】x=0.0000, y=0.0000, theta=0.0000
/clock
/events/read_split
/map
/odom
/parameter_events
/rosout
/scan
/tf
[INFO] [1742641167.283239501] [lms_mapper_node]: 机器人静止中 (256.9秒)，跳过处理激光数据
[INFO] [1742641174.991413338] [lms_mapper_node]: 机器人静止中 (264.6秒)，跳过处理激光数据
[INFO] [1742641175.034884921] [lms_mapper_node]: 接收到激光数据: frame_id=laser, 点数=361
[INFO] [1742641175.035403963] [lms_mapper_node]: 【激光雷达坐标】x=0.0000, y=0.0000, theta=0.0000
⏳ 正在播放rosbag - 已等待 195/3600 秒...
当前活跃话题:
[INFO] [1742641182.496598216] [lms_mapper_node]: 机器人静止中 (272.1秒)，跳过处理激光数据
/clock
/events/read_split
/map
/odom
/parameter_events
/rosout
/scan
/tf
[INFO] [1742641190.762729720] [lms_mapper_node]: 机器人静止中 (280.4秒)，跳过处理激光数据
[INFO] [1742641190.792925970] [lms_mapper_node]: 机器人静止中: 280.4秒, 位置: (0.00, 0.00)
[INFO] [1742641190.793602428] [lms_mapper_node]: 接收到激光数据: frame_id=laser, 点数=361
[INFO] [1742641190.793863220] [lms_mapper_node]: 【激光雷达坐标】x=0.0000, y=0.0000, theta=0.0000
[INFO] [1742641196.730769042] [lms_mapper_node]: 机器人静止中 (286.4秒)，跳过处理激光数据
[INFO] [1742641200.699282836] [lms_mapper_node]: 【进度报告】运行时间: 316.6秒, 处理扫描: 1267帧, 轨迹点: 1267个, 障碍物格子: 97个, 轨迹已更新
[INFO] [1742641200.776778877] [lms_mapper_node]: 共绘制障碍物点 97个
[INFO] [1742641200.777988211] [lms_mapper_node]: 障碍物世界坐标范围: X=-1.50到0.90, Y=0.00到6.60
[INFO] [1742641200.781664336] [lms_mapper_node]: 中间地图 #6: 绘制轨迹 1267个点, 障碍物 97个
⏳ 正在播放rosbag - 已等待 210/3600 秒...
当前活跃话题:
/clock
/events/read_split
/map
/odom
/parameter_events
/rosout
/scan
/tf
[INFO] [1742641208.215573756] [lms_mapper_node]: 地图显示边界: X=-20.0到50.0, Y=-20.0到55.0
[INFO] [1742641211.761714841] [lms_mapper_node]: 已保存中间地图 #6 到: map_checkpoint_6.png
[INFO] [1742641216.458611260] [lms_mapper_node]: 机器人静止中 (306.1秒)，跳过处理激光数据
[INFO] [1742641216.584324260] [lms_mapper_node]: 接收到激光数据: frame_id=laser, 点数=361
[INFO] [1742641216.609512801] [lms_mapper_node]: 【激光雷达坐标】x=0.0000, y=0.0000, theta=0.0000
⏳ 正在播放rosbag - 已等待 225/3600 秒...
当前活跃话题:
[INFO] [1742641223.921196513] [lms_mapper_node]: 机器人静止中 (313.6秒)，跳过处理激光数据
/clock
/events/read_split
/map
/odom
/parameter_events
/rosout
/scan
/tf
[INFO] [1742641231.827394544] [lms_mapper_node]: 机器人静止中: 321.5秒, 位置: (0.00, 0.00)
[INFO] [1742641231.833764211] [lms_mapper_node]: 机器人静止中 (321.5秒)，跳过处理激光数据
[INFO] [1742641231.943177378] [lms_mapper_node]: 接收到激光数据: frame_id=laser, 点数=361
[INFO] [1742641231.946903628] [lms_mapper_node]: 【激光雷达坐标】x=0.0000, y=0.0000, theta=0.0000
[INFO] [1742641238.837078714] [lms_mapper_node]: 机器人静止中 (328.5秒)，跳过处理激光数据
[INFO] [1742641245.895829176] [lms_mapper_node]: 机器人静止中 (335.5秒)，跳过处理激光数据
[INFO] [1742641246.012643343] [lms_mapper_node]: 接收到激光数据: frame_id=laser, 点数=361
[INFO] [1742641246.013110593] [lms_mapper_node]: 【激光雷达坐标】x=-0.0002, y=0.9623, theta=-0.0019
⏳ 正在播放rosbag - 已等待 240/3600 秒...
当前活跃话题:
[INFO] [1742641250.998616179] [lms_mapper_node]: 【进度报告】运行时间: 367.0秒, 处理扫描: 1523帧, 轨迹点: 1523个, 障碍物格子: 97个, 轨迹已更新
[INFO] [1742641251.073272054] [lms_mapper_node]: 共绘制障碍物点 97个
[INFO] [1742641251.104132220] [lms_mapper_node]: 障碍物世界坐标范围: X=-1.50到0.90, Y=0.00到6.60
[INFO] [1742641251.132504762] [lms_mapper_node]: 中间地图 #7: 绘制轨迹 1523个点, 障碍物 97个
[INFO] [1742641251.844972221] [lms_mapper_node]: 地图显示边界: X=-20.0到50.0, Y=-20.0到55.0
/clock
/events/read_split
/map
/odom
/parameter_events
/rosout
/scan
/tf
[INFO] [1742641255.351061916] [lms_mapper_node]: 已保存中间地图 #7 到: map_checkpoint_7.png
[INFO] [1742641255.397781375] [lms_mapper_node]: 检测到机器人开始行驶，总静止时间: 345.03秒，当前位置: (-0.01, 1.70)
[WARN] [1742641255.399064416] [lms_mapper_node]: 激光扫描处理间隔较长: 344.93秒
[INFO] [1742641255.434197291] [lms_mapper_node]: 检测到机器人可能已到达终点，静止时间: 345.07秒，总行驶距离: 1.72米
[INFO] [1742641257.737734334] [lms_mapper_node]: 机器人静止中 (2.3秒)，跳过处理激光数据
[WARN] [1742641260.991790961] [lms_mapper_node]: 激光扫描处理间隔较长: 5.40秒
[INFO] [1742641265.194159671] [lms_mapper_node]: 机器人静止中 (4.2秒)，跳过处理激光数据
[INFO] [1742641265.194789171] [lms_mapper_node]: 机器人静止中: 354.8秒, 位置: (-0.02, 2.75)
[INFO] [1742641265.341178963] [lms_mapper_node]: 接收到激光数据: frame_id=laser, 点数=361
[INFO] [1742641265.341532254] [lms_mapper_node]: 【激光雷达坐标】x=-0.0165, y=2.7533, theta=-0.0045
⏳ 正在播放rosbag - 已等待 255/3600 秒...
当前活跃话题:
[INFO] [1742641272.352096424] [lms_mapper_node]: 机器人静止中 (11.4秒)，跳过处理激光数据
/clock
/events/read_split
/map
/odom
/parameter_events
/rosout
/scan
/tf
[INFO] [1742641280.795466887] [lms_mapper_node]: 机器人静止中 (19.8秒)，跳过处理激光数据
[INFO] [1742641280.817288553] [lms_mapper_node]: 接收到激光数据: frame_id=laser, 点数=361
[INFO] [1742641280.825643762] [lms_mapper_node]: 【激光雷达坐标】x=-0.0585, y=4.1386, theta=0.0413
[INFO] [1742641286.587843917] [lms_mapper_node]: 机器人静止中 (25.6秒)，跳过处理激光数据
⏳ 正在播放rosbag - 已等待 270/3600 秒...
当前活跃话题:
[INFO] [1742641294.055230045] [lms_mapper_node]: 机器人静止中 (33.1秒)，跳过处理激光数据
[INFO] [1742641294.089930379] [lms_mapper_node]: 机器人静止中: 383.7秒, 位置: (-0.16, 5.51)
[INFO] [1742641294.205446254] [lms_mapper_node]: 接收到激光数据: frame_id=laser, 点数=361
[INFO] [1742641294.205835504] [lms_mapper_node]: 【激光雷达坐标】x=-0.1625, y=5.5088, theta=0.0826
/clock
/events/read_split
/map
/odom
/parameter_events
/rosout
/scan
/tf
[INFO] [1742641300.556320840] [lms_mapper_node]: 【进度报告】运行时间: 416.5秒, 处理扫描: 1836帧, 轨迹点: 1836个, 障碍物格子: 378个, 轨迹已更新
[INFO] [1742641300.579094590] [lms_mapper_node]: 共绘制障碍物点 378个
[INFO] [1742641300.590202674] [lms_mapper_node]: 障碍物世界坐标范围: X=-1.50到1.40, Y=0.00到8.80
[INFO] [1742641300.598330424] [lms_mapper_node]: 中间地图 #8: 绘制轨迹 1836个点, 障碍物 378个
[INFO] [1742641303.826260592] [lms_mapper_node]: 地图显示边界: X=-20.0到50.0, Y=-20.0到55.0
[INFO] [1742641306.484770926] [lms_mapper_node]: 已保存中间地图 #8 到: map_checkpoint_8.png
[WARN] [1742641306.511784301] [lms_mapper_node]: 激光扫描处理间隔较长: 45.36秒
[INFO] [1742641307.047874552] [lms_mapper_node]: 机器人静止中 (0.5秒)，跳过处理激光数据
⏳ 正在播放rosbag - 已等待 285/3600 秒...
当前活跃话题:
[INFO] [1742641314.203183263] [lms_mapper_node]: 机器人静止中 (7.7秒)，跳过处理激光数据
[INFO] [1742641314.322767138] [lms_mapper_node]: 接收到激光数据: frame_id=laser, 点数=361
[INFO] [1742641314.323105347] [lms_mapper_node]: 【激光雷达坐标】x=-0.3792, y=7.4869, theta=0.0743
/clock
/events/read_split
/map
/odom
/parameter_events
/rosout
/scan
/tf
[INFO] [1742641321.281130711] [lms_mapper_node]: 机器人静止中 (14.8秒)，跳过处理激光数据
[INFO] [1742641328.277386172] [lms_mapper_node]: 机器人静止中: 417.9秒, 位置: (-0.46, 8.91)
[INFO] [1742641328.280701797] [lms_mapper_node]: 机器人静止中 (21.8秒)，跳过处理激光数据
[INFO] [1742641328.461685506] [lms_mapper_node]: 接收到激光数据: frame_id=laser, 点数=361
[INFO] [1742641328.462027173] [lms_mapper_node]: 【激光雷达坐标】x=-0.4632, y=8.9298, theta=0.0201
⏳ 正在播放rosbag - 已等待 300/3600 秒...
当前活跃话题:
[INFO] [1742641335.335919176] [lms_mapper_node]: 机器人静止中 (28.8秒)，跳过处理激光数据
/clock
/events/read_split
/map
/odom
/parameter_events
/rosout
/scan
/tf
[INFO] [1742641342.680994721] [lms_mapper_node]: 机器人静止中 (36.2秒)，跳过处理激光数据
[INFO] [1742641342.797660346] [lms_mapper_node]: 接收到激光数据: frame_id=laser, 点数=361
[INFO] [1742641342.797992846] [lms_mapper_node]: 【激光雷达坐标】x=-0.4849, y=10.3414, theta=0.0060
[INFO] [1742641351.317153086] [lms_mapper_node]: 【进度报告】运行时间: 467.2秒, 处理扫描: 2144帧, 轨迹点: 2145个, 障碍物格子: 590个, 轨迹已更新
[INFO] [1742641351.351077919] [lms_mapper_node]: 共绘制障碍物点 590个
[INFO] [1742641351.414420044] [lms_mapper_node]: 障碍物世界坐标范围: X=-2.30到1.40, Y=0.00到12.80
[INFO] [1742641351.415249002] [lms_mapper_node]: 中间地图 #9: 绘制轨迹 2145个点, 障碍物 590个
⏳ 正在播放rosbag - 已等待 315/3600 秒...
当前活跃话题:
[INFO] [1742641358.103856089] [lms_mapper_node]: 地图显示边界: X=-20.0到50.0, Y=-20.0到55.0
/clock
/events/read_split
/map
/odom
/parameter_events
/rosout
/scan
/tf
[INFO] [1742641361.230090090] [lms_mapper_node]: 已保存中间地图 #9 到: map_checkpoint_9.png
[WARN] [1742641361.293331549] [lms_mapper_node]: 激光扫描处理间隔较长: 54.61秒
[WARN] [1742641363.347940050] [lms_mapper_node]: 激光扫描处理间隔较长: 1.99秒
[INFO] [1742641369.128022053] [lms_mapper_node]: 机器人静止中: 458.8秒, 位置: (-0.49, 12.90)
[INFO] [1742641371.537209887] [lms_mapper_node]: 机器人静止中 (8.2秒)，跳过处理激光数据
[INFO] [1742641371.569400179] [lms_mapper_node]: 接收到激光数据: frame_id=laser, 点数=361
[INFO] [1742641371.569778054] [lms_mapper_node]: 【激光雷达坐标】x=-0.4851, y=13.0092, theta=-0.0149
[WARN] [1742641371.570095679] [lms_mapper_node]: 激光扫描处理间隔较长: 8.07秒
[INFO] [1742641371.570376929] [lms_mapper_node]: 接收到激光数据: 361个点, 角度范围=[0.00, 3.14]
[INFO] [1742641371.584852595] [lms_mapper_node]: 有效激光点: 360/361
[INFO] [1742641371.585162512] [lms_mapper_node]: 机器人位姿: x=-0.49, y=13.01, theta=-0.01, cos_theta=1.00, sin_theta=-0.01
[INFO] [1742641371.585805345] [lms_mapper_node]: 激光点世界坐标范围: x=[-1.64, 4.44], y=[13.00, 26.78]
[INFO] [1742641371.586062804] [lms_mapper_node]: 【坐标转换样本】: 激光坐标(0.60,0.00)→世界坐标(0.11,13.00) | 激光坐标(1.00,1.00)→世界坐标(0.53,13.99) | 激光坐标(-0.04,4.08)→世界坐标(-0.46,17.09) | 激光坐标(-0.91,0.90)→世界坐标(-1.38,13.92) | 激光坐标(-1.16,0.00)→世界坐标(-1.64,13.03)
⏳ 正在播放rosbag - 已等待 330/3600 秒...
当前活跃话题:
[INFO] [1742641377.194143042] [lms_mapper_node]: 机器人静止中 (5.6秒)，跳过处理激光数据
/clock
/events/read_split
/map
/odom
/parameter_events
/rosout
/scan
/tf
[WARN] [1742641380.705975669] [lms_mapper_node]: 激光扫描处理间隔较长: 8.98秒
[INFO] [1742641384.486775962] [lms_mapper_node]: 机器人静止中 (3.8秒)，跳过处理激光数据
[INFO] [1742641384.659129004] [lms_mapper_node]: 接收到激光数据: frame_id=laser, 点数=361
[INFO] [1742641384.659550337] [lms_mapper_node]: 【激光雷达坐标】x=-0.4746, y=14.7411, theta=-0.0260
[INFO] [1742641391.546095007] [lms_mapper_node]: 机器人静止中 (10.8秒)，跳过处理激光数据
⏳ 正在播放rosbag - 已等待 345/3600 秒...
当前活跃话题:
[INFO] [1742641398.599788177] [lms_mapper_node]: 机器人静止中 (17.9秒)，跳过处理激光数据
[INFO] [1742641398.600425677] [lms_mapper_node]: 机器人静止中: 488.2秒, 位置: (-0.56, 16.79)
[INFO] [1742641398.713797844] [lms_mapper_node]: 接收到激光数据: frame_id=laser, 点数=361
[INFO] [1742641398.714149927] [lms_mapper_node]: 【激光雷达坐标】x=-0.5604, y=16.7895, theta=0.0681
[INFO] [1742641400.263386470] [lms_mapper_node]: 【进度报告】运行时间: 516.2秒, 处理扫描: 2403帧, 轨迹点: 2403个, 障碍物格子: 1190个, 轨迹已更新
[INFO] [1742641400.295472386] [lms_mapper_node]: 共绘制障碍物点 1190个
[INFO] [1742641400.375320220] [lms_mapper_node]: 障碍物世界坐标范围: X=-4.60到1.50, Y=0.00到21.60
[INFO] [1742641400.375731178] [lms_mapper_node]: 中间地图 #10: 绘制轨迹 2403个点, 障碍物 1190个
/clock
/events/read_split
/map
/odom
/parameter_events
/rosout
/scan
/tf
[INFO] [1742641406.976152209] [lms_mapper_node]: 地图显示边界: X=-20.0到50.0, Y=-20.0到55.0
[INFO] [1742641409.064762168] [lms_mapper_node]: 已保存中间地图 #10 到: map_checkpoint_10.png
[WARN] [1742641409.074635668] [lms_mapper_node]: 激光扫描处理间隔较长: 28.19秒
[WARN] [1742641411.986034503] [lms_mapper_node]: 激光扫描处理间隔较长: 2.84秒
[INFO] [1742641415.665041171] [lms_mapper_node]: 机器人静止中 (3.7秒)，跳过处理激光数据
⏳ 正在播放rosbag - 已等待 360/3600 秒...
当前活跃话题:
[WARN] [1742641421.102874382] [lms_mapper_node]: 激光扫描处理间隔较长: 8.95秒
[INFO] [1742641421.137673965] [lms_mapper_node]: 对栅格地图进行平滑处理，移除孤立点和填充墙壁空隙
/clock
/events/read_split
/map
/odom
/parameter_events
/rosout
/scan
/tf
⏳ 正在播放rosbag - 已等待 375/3600 秒...
当前活跃话题:
/clock
/events/read_split
/map
/odom
/parameter_events
/rosout
/scan
/tf
[INFO] [1742641457.827653760] [lms_mapper_node]: 平滑处理完成: 移除了38个孤立点，填充了7个空隙点
[WARN] [1742641458.088388677] [lms_mapper_node]: 激光扫描处理间隔较长: 36.96秒
[INFO] [1742641458.149737635] [lms_mapper_node]: 【障碍物计算】机器人位置: x=-1.09, y=25.02, theta=0.00, 状态: 直线行驶
⏳ 正在播放rosbag - 已等待 390/3600 秒...
当前活跃话题:
[INFO] [1742641460.603175553] [lms_mapper_node]: 【进度报告】运行时间: 576.6秒, 处理扫描: 2478帧, 轨迹点: 2478个, 障碍物格子: 1674个, 轨迹已更新
[INFO] [1742641460.685880762] [lms_mapper_node]: 共绘制障碍物点 1674个
[INFO] [1742641460.787167387] [lms_mapper_node]: 障碍物世界坐标范围: X=-4.60到1.70, Y=0.00到29.90
[INFO] [1742641460.787497928] [lms_mapper_node]: 中间地图 #11: 绘制轨迹 2478个点, 障碍物 1674个
[INFO] [1742641464.974281764] [lms_mapper_node]: 地图显示边界: X=-20.1到50.0, Y=-20.0到69.2
/clock
/events/read_split
/map
/odom
/parameter_events
/rosout
/scan
/tf
[INFO] [1742641468.635030251] [lms_mapper_node]: 已保存中间地图 #11 到: map_checkpoint_11.png
[INFO] [1742641468.637051376] [lms_mapper_node]: 机器人停止移动
[WARN] [1742641468.637536709] [lms_mapper_node]: 激光扫描处理间隔较长: 10.42秒
[WARN] [1742641470.792362085] [lms_mapper_node]: 激光扫描处理间隔较长: 2.10秒
[WARN] [1742641474.298555795] [lms_mapper_node]: 激光扫描处理间隔较长: 3.46秒
[INFO] [1742641475.134458504] [lms_mapper_node]: 机器人静止中 (0.9秒)，跳过处理激光数据
[INFO] [1742641475.225354754] [lms_mapper_node]: 接收到激光数据: frame_id=laser, 点数=361
[INFO] [1742641475.225825088] [lms_mapper_node]: 【激光雷达坐标】x=-1.0996, y=27.9622, theta=-0.0108
[INFO] [1742641482.126073424] [lms_mapper_node]: 机器人静止中 (7.9秒)，跳过处理激光数据
⏳ 正在播放rosbag - 已等待 405/3600 秒...
当前活跃话题:
/clock
/events/read_split
/map
/odom
/parameter_events
/rosout
/scan
/tf
[INFO] [1742641490.923317137] [lms_mapper_node]: 机器人静止中 (16.7秒)，跳过处理激光数据
[INFO] [1742641490.945758512] [lms_mapper_node]: 接收到激光数据: frame_id=laser, 点数=361
[INFO] [1742641490.946108512] [lms_mapper_node]: 【激光雷达坐标】x=-1.1002, y=30.3368, theta=-0.0319
[WARN] [1742641490.946376345] [lms_mapper_node]: 激光扫描处理间隔较长: 16.51秒
[INFO] [1742641490.946645303] [lms_mapper_node]: 接收到激光数据: 361个点, 角度范围=[0.00, 3.14]
[INFO] [1742641490.947000470] [lms_mapper_node]: 有效激光点: 348/361
[INFO] [1742641490.947277220] [lms_mapper_node]: 机器人位姿: x=-1.10, y=30.34, theta=-0.03, cos_theta=1.00, sin_theta=-0.03
[INFO] [1742641490.947836220] [lms_mapper_node]: 激光点世界坐标范围: x=[-2.71, -0.13], y=[30.31, 49.35]
[INFO] [1742641490.948137637] [lms_mapper_node]: 【坐标转换样本】: 激光坐标(0.84,0.00)→世界坐标(-0.26,30.31) | 激光坐标(0.78,0.74)→世界坐标(-0.30,31.05) | 激光坐标(0.43,8.22)→世界坐标(-0.41,38.54) | 激光坐标(-1.15,1.07)→世界坐标(-2.21,31.44) | 激光坐标(-1.07,0.00)→世界坐标(-2.17,30.37)
[INFO] [1742641490.974063012] [lms_mapper_node]: 机器人静止中: 580.6秒, 位置: (-1.10, 30.36)
[INFO] [1742641496.631839542] [lms_mapper_node]: 机器人静止中 (5.7秒)，跳过处理激光数据
[INFO] [1742641500.897701419] [lms_mapper_node]: 【进度报告】运行时间: 616.9秒, 处理扫描: 2667帧, 轨迹点: 2666个, 障碍物格子: 2072个, 轨迹已更新
[INFO] [1742641500.950461877] [lms_mapper_node]: 共绘制障碍物点 2072个
[INFO] [1742641501.062695461] [lms_mapper_node]: 障碍物世界坐标范围: X=-4.60到1.70, Y=0.00到36.60
[INFO] [1742641501.069145836] [lms_mapper_node]: 中间地图 #12: 绘制轨迹 2666个点, 障碍物 2072个
⏳ 正在播放rosbag - 已等待 420/3600 秒...
当前活跃话题:
/clock
/events/read_split
/map
/odom
/parameter_events
/rosout
/scan
/tf
[INFO] [1742641513.884707633] [lms_mapper_node]: 地图显示边界: X=-20.1到50.0, Y=-20.0到70.8
[INFO] [1742641516.735043760] [lms_mapper_node]: 已保存中间地图 #12 到: map_checkpoint_12.png
[WARN] [1742641516.736969260] [lms_mapper_node]: 激光扫描处理间隔较长: 25.59秒
[WARN] [1742641518.422231302] [lms_mapper_node]: 激光扫描处理间隔较长: 1.60秒
[WARN] [1742641521.208138679] [lms_mapper_node]: 激光扫描处理间隔较长: 2.57秒
[INFO] [1742641521.691032720] [lms_mapper_node]: 机器人静止中 (0.5秒)，跳过处理激光数据
[INFO] [1742641521.859089971] [lms_mapper_node]: 接收到激光数据: frame_id=laser, 点数=361
[INFO] [1742641521.859424971] [lms_mapper_node]: 【激光雷达坐标】x=-0.9259, y=35.1899, theta=-0.0589
⏳ 正在播放rosbag - 已等待 435/3600 秒...
当前活跃话题:
[INFO] [1742641528.760825626] [lms_mapper_node]: 机器人静止中 (7.6秒)，跳过处理激光数据
/clock
/events/read_split
/map
/odom
/parameter_events
/rosout
/scan
/tf
[INFO] [1742641535.831534296] [lms_mapper_node]: 机器人静止中 (14.6秒)，跳过处理激光数据
[INFO] [1742641536.038568380] [lms_mapper_node]: 接收到激光数据: frame_id=laser, 点数=361
[INFO] [1742641536.039233046] [lms_mapper_node]: 【激光雷达坐标】x=-0.9323, y=36.8753, theta=0.0050
[INFO] [1742641536.075058130] [lms_mapper_node]: 机器人静止中: 625.7秒, 位置: (-0.93, 36.89)
[INFO] [1742641542.866336925] [lms_mapper_node]: 机器人静止中 (21.7秒)，跳过处理激光数据
⏳ 正在播放rosbag - 已等待 450/3600 秒...
当前活跃话题:
[INFO] [1742641550.677207637] [lms_mapper_node]: 【进度报告】运行时间: 666.6秒, 处理扫描: 2894帧, 轨迹点: 2893个, 障碍物格子: 2388个, 轨迹已更新
[INFO] [1742641550.767179470] [lms_mapper_node]: 共绘制障碍物点 2388个
[INFO] [1742641551.841395096] [lms_mapper_node]: 障碍物世界坐标范围: X=-4.60到1.70, Y=0.00到42.50
[INFO] [1742641551.841790429] [lms_mapper_node]: 中间地图 #13: 绘制轨迹 2893个点, 障碍物 2388个
/clock
/events/read_split
/map
/odom
/parameter_events
/rosout
/scan
/tf
[INFO] [1742641563.175922128] [lms_mapper_node]: 地图显示边界: X=-20.1到50.0, Y=-20.0到70.8
[INFO] [1742641566.568587422] [lms_mapper_node]: 已保存中间地图 #13 到: map_checkpoint_13.png
[INFO] [1742641566.623422672] [lms_mapper_node]: 检测到机器人开始转弯，角度变化率: 0.1979 rad/s, 障碍物距离限制: 2.00m
[WARN] [1742641566.624427547] [lms_mapper_node]: 激光扫描处理间隔较长: 45.28秒
⏳ 正在播放rosbag - 已等待 465/3600 秒...
当前活跃话题:
[WARN] [1742641568.863782006] [lms_mapper_node]: 激光扫描处理间隔较长: 2.18秒
[INFO] [1742641569.049576381] [lms_mapper_node]: 机器人转弯中静止 (0.1秒)，继续处理激光数据以确保地图完整
[INFO] [1742641569.052272173] [lms_mapper_node]: 机器人转弯结束，角度变化率降低到: 0.0003 rad/s
[INFO] [1742641569.052956423] [lms_mapper_node]: 接收到激光数据: frame_id=laser, 点数=361
[INFO] [1742641569.092509839] [lms_mapper_node]: 【激光雷达坐标】x=1.3755, y=38.8862, theta=-1.4092
[INFO] [1742641569.092948006] [lms_mapper_node]: 接收到激光数据: 361个点, 角度范围=[0.00, 3.14]
[INFO] [1742641569.093283089] [lms_mapper_node]: 有效激光点: 361/361
[INFO] [1742641569.093510339] [lms_mapper_node]: 机器人位姿: x=1.38, y=38.89, theta=-1.41, cos_theta=0.16, sin_theta=-0.99
[INFO] [1742641569.094479464] [lms_mapper_node]: 激光点世界坐标范围: x=[1.21, 15.60], y=[34.61, 39.89]
[INFO] [1742641569.094905464] [lms_mapper_node]: 【坐标转换样本】: 激光坐标(0.79,0.00)→世界坐标(1.50,38.11) | 激光坐标(1.51,1.51)→世界坐标(3.11,37.64) | 激光坐标(0.00,2.65)→世界坐标(3.99,39.31) | 激光坐标(-0.73,0.73)→世界坐标(1.98,39.72) | 激光坐标(-1.01,0.00)→世界坐标(1.21,39.88)
[WARN] [1742641570.522774590] [lms_mapper_node]: 激光扫描处理间隔较长: 1.47秒
/clock
/events/read_split
/map
/odom
/parameter_events
/rosout
/scan
/tf
[INFO] [1742641575.272994842] [lms_mapper_node]: 机器人静止中 (4.8秒)，跳过处理激光数据
[INFO] [1742641582.325741554] [lms_mapper_node]: 机器人静止中 (11.8秒)，跳过处理激光数据
[INFO] [1742641582.418046096] [lms_mapper_node]: 接收到激光数据: frame_id=laser, 点数=361
[INFO] [1742641582.418393096] [lms_mapper_node]: 【激光雷达坐标】x=3.4303, y=39.1275, theta=-1.5606
[INFO] [1742641582.418974971] [lms_mapper_node]: 机器人静止中: 672.1秒, 位置: (3.45, 39.13)
⏳ 正在播放rosbag - 已等待 480/3600 秒...
当前活跃话题:
[INFO] [1742641590.669604585] [lms_mapper_node]: 机器人静止中 (20.1秒)，跳过处理激光数据
/clock
/events/read_split
/map
/odom
/parameter_events
/rosout
/scan
/tf
[INFO] [1742641596.674006047] [lms_mapper_node]: 机器人静止中 (26.1秒)，跳过处理激光数据
[INFO] [1742641596.716057922] [lms_mapper_node]: 接收到激光数据: frame_id=laser, 点数=361
[INFO] [1742641596.751846380] [lms_mapper_node]: 【激光雷达坐标】x=5.6272, y=39.1483, theta=-1.5679
[INFO] [1742641601.172136590] [lms_mapper_node]: 【进度报告】运行时间: 717.1秒, 处理扫描: 3118帧, 轨迹点: 3117个, 障碍物格子: 2832个, 轨迹已更新
[INFO] [1742641601.263637924] [lms_mapper_node]: 共绘制障碍物点 2832个
[INFO] [1742641601.458373507] [lms_mapper_node]: 障碍物世界坐标范围: X=-4.60到7.80, Y=0.00到42.50
[INFO] [1742641601.485701007] [lms_mapper_node]: 中间地图 #14: 绘制轨迹 3117个点, 障碍物 2832个
⏳ 正在播放rosbag - 已等待 495/3600 秒...
当前活跃话题:
[INFO] [1742641613.141783554] [lms_mapper_node]: 地图显示边界: X=-20.1到50.0, Y=-20.0到70.8
/clock
/events/read_split
/map
/odom
/parameter_events
/rosout
/scan
/tf
[INFO] [1742641616.379084583] [lms_mapper_node]: 已保存中间地图 #14 到: map_checkpoint_14.png
[INFO] [1742641616.410634208] [lms_mapper_node]: 机器人停止移动
[WARN] [1742641616.410990500] [lms_mapper_node]: 激光扫描处理间隔较长: 45.71秒
[WARN] [1742641618.330722751] [lms_mapper_node]: 激光扫描处理间隔较长: 1.86秒
[INFO] [1742641618.524531543] [lms_mapper_node]: 地图统计: 总栅格数=1000000, 占用数=3192, 占用率=0.32%
[INFO] [1742641618.528729876] [lms_mapper_node]: 地图边界: x=[-5.14, 27.32], y=[0.00, 50.79]
[INFO] [1742641618.528949126] [lms_mapper_node]: 总共处理了3128个激光帧, 35407个有效激光点
[INFO] [1742641618.529155334] [lms_mapper_node]: 已记录35766个原始障碍物点坐标，用于最终地图生成
[INFO] [1742641618.542146001] [lms_mapper_node]: 对栅格地图进行平滑处理，移除孤立点和填充墙壁空隙
⏳ 正在播放rosbag - 已等待 510/3600 秒...
当前活跃话题:
/clock
/events/read_split
/map
/odom
/parameter_events
/rosout
/scan
/tf
⏳ 正在播放rosbag - 已等待 525/3600 秒...
当前活跃话题:
[INFO] [1742641652.233999586] [lms_mapper_node]: 平滑处理完成: 移除了43个孤立点，填充了7个空隙点
[WARN] [1742641652.279621669] [lms_mapper_node]: 激光扫描处理间隔较长: 33.80秒
[INFO] [1742641652.281355919] [lms_mapper_node]: 【障碍物计算】机器人位置: x=14.27, y=39.45, theta=-1.53, 状态: 直线行驶
[INFO] [1742641654.239276504] [lms_mapper_node]: 【进度报告】运行时间: 770.2秒, 处理扫描: 3130帧, 轨迹点: 3129个, 障碍物格子: 3266个, 轨迹已更新
[INFO] [1742641654.282341379] [lms_mapper_node]: 共绘制障碍物点 3266个
[INFO] [1742641654.407804837] [lms_mapper_node]: 障碍物世界坐标范围: X=-4.60到19.80, Y=0.00到41.10
[INFO] [1742641654.408136004] [lms_mapper_node]: 中间地图 #15: 绘制轨迹 3129个点, 障碍物 3266个
/clock
/events/read_split
/map
/odom
/parameter_events
/rosout
/scan
/tf
[INFO] [1742641662.609164341] [lms_mapper_node]: 地图显示边界: X=-20.1到55.1, Y=-20.0到70.8
[INFO] [1742641666.193652509] [lms_mapper_node]: 已保存中间地图 #15 到: map_checkpoint_15.png
[WARN] [1742641666.328583968] [lms_mapper_node]: 激光扫描处理间隔较长: 13.97秒
[WARN] [1742641667.677638052] [lms_mapper_node]: 激光扫描处理间隔较长: 1.36秒
[INFO] [1742641668.761909052] [lms_mapper_node]: 机器人静止中 (1.1秒)，跳过处理激光数据
[WARN] [1742641670.811822928] [lms_mapper_node]: 激光扫描处理间隔较长: 2.93秒
⏳ 正在播放rosbag - 已等待 540/3600 秒...
当前活跃话题:
[INFO] [1742641676.087937458] [lms_mapper_node]: 机器人静止中 (5.3秒)，跳过处理激光数据
[INFO] [1742641676.265792083] [lms_mapper_node]: 接收到激光数据: frame_id=laser, 点数=361
[INFO] [1742641676.266910708] [lms_mapper_node]: 【激光雷达坐标】x=18.2635, y=39.6737, theta=-1.5698
[INFO] [1742641676.298870167] [lms_mapper_node]: 机器人静止中: 765.9秒, 位置: (18.29, 39.67)
/clock
/events/read_split
/map
/odom
/parameter_events
/rosout
/scan
/tf
[WARN] [1742641680.856527877] [lms_mapper_node]: 激光扫描处理间隔较长: 9.88秒
[INFO] [1742641683.428790462] [lms_mapper_node]: 机器人静止中 (2.6秒)，跳过处理激光数据
[WARN] [1742641691.007509674] [lms_mapper_node]: 激光扫描处理间隔较长: 9.95秒
[INFO] [1742641691.268554174] [lms_mapper_node]: 机器人静止中 (0.3秒)，跳过处理激光数据
[INFO] [1742641691.272640549] [lms_mapper_node]: 接收到激光数据: frame_id=laser, 点数=361
[INFO] [1742641691.291142007] [lms_mapper_node]: 【激光雷达坐标】x=20.6856, y=39.5230, theta=-1.6677
⏳ 正在播放rosbag - 已等待 555/3600 秒...
当前活跃话题:
/clock
/events/read_split
/map
/odom
/parameter_events
/rosout
/scan
/tf
[INFO] [1742641697.926934719] [lms_mapper_node]: 机器人静止中 (6.9秒)，跳过处理激光数据
[INFO] [1742641700.990487845] [lms_mapper_node]: 【进度报告】运行时间: 816.9秒, 处理扫描: 3358帧, 轨迹点: 3357个, 障碍物格子: 3933个, 轨迹已更新
[INFO] [1742641701.059117137] [lms_mapper_node]: 共绘制障碍物点 3933个
[INFO] [1742641701.209093512] [lms_mapper_node]: 障碍物世界坐标范围: X=-4.60到25.50, Y=0.00到41.10
[INFO] [1742641701.209436970] [lms_mapper_node]: 中间地图 #16: 绘制轨迹 3357个点, 障碍物 3933个
[INFO] [1742641710.957975669] [lms_mapper_node]: 地图显示边界: X=-20.1到62.3, Y=-20.0到70.8
[INFO] [1742641713.603491087] [lms_mapper_node]: 已保存中间地图 #16 到: map_checkpoint_16.png
[INFO] [1742641713.634183753] [lms_mapper_node]: 机器人停止移动
[WARN] [1742641713.638187003] [lms_mapper_node]: 激光扫描处理间隔较长: 22.43秒
⏳ 正在播放rosbag - 已等待 570/3600 秒...
当前活跃话题:
[WARN] [1742641715.613441296] [lms_mapper_node]: 激光扫描处理间隔较长: 1.94秒
/clock
/events/read_split
/map
/odom
/parameter_events
/rosout
/scan
/tf
[WARN] [1742641721.725410549] [lms_mapper_node]: 激光扫描处理间隔较长: 5.91秒
[INFO] [1742641721.966842507] [lms_mapper_node]: 接收到激光数据: frame_id=laser, 点数=361
[INFO] [1742641721.980853341] [lms_mapper_node]: 【激光雷达坐标】x=25.3762, y=39.8708, theta=-1.4529
[INFO] [1742641721.981407549] [lms_mapper_node]: 机器人静止中: 811.6秒, 位置: (25.40, 39.87)
[INFO] [1742641727.956539135] [lms_mapper_node]: 机器人静止中 (6.3秒)，跳过处理激光数据
[INFO] [1742641735.007888722] [lms_mapper_node]: 机器人静止中 (13.3秒)，跳过处理激光数据
[INFO] [1742641735.149402055] [lms_mapper_node]: 接收到激光数据: frame_id=laser, 点数=361
[INFO] [1742641735.150556264] [lms_mapper_node]: 【激光雷达坐标】x=27.6323, y=40.0937, theta=-1.5326
⏳ 正在播放rosbag - 已等待 585/3600 秒...
当前活跃话题:
[WARN] [1742641741.586940586] [lms_mapper_node]: 激光扫描处理间隔较长: 19.69秒
/clock
/events/read_split
/map
/odom
/parameter_events
/rosout
/scan
/tf
[INFO] [1742641743.018178295] [lms_mapper_node]: 机器人静止中 (1.4秒)，跳过处理激光数据
[INFO] [1742641750.442711007] [lms_mapper_node]: 【进度报告】运行时间: 866.4秒, 处理扫描: 3593帧, 轨迹点: 3592个, 障碍物格子: 4655个, 轨迹已更新
[INFO] [1742641750.565849382] [lms_mapper_node]: 共绘制障碍物点 4655个
[INFO] [1742641750.840899882] [lms_mapper_node]: 障碍物世界坐标范围: X=-4.60到33.20, Y=0.00到44.80
[INFO] [1742641750.841622924] [lms_mapper_node]: 中间地图 #17: 绘制轨迹 3592个点, 障碍物 4655个
[INFO] [1742641754.535274425] [lms_mapper_node]: 地图显示边界: X=-20.1到67.3, Y=-20.0到70.8
[INFO] [1742641757.220739635] [lms_mapper_node]: 已保存中间地图 #17 到: map_checkpoint_17.png
[WARN] [1742641757.262306427] [lms_mapper_node]: 激光扫描处理间隔较长: 15.46秒
[INFO] [1742641757.473122885] [lms_mapper_node]: 机器人静止中 (0.2秒)，跳过处理激光数据
[INFO] [1742641757.474033343] [lms_mapper_node]: 接收到激光数据: frame_id=laser, 点数=361
[INFO] [1742641757.474265260] [lms_mapper_node]: 【激光雷达坐标】x=31.0464, y=39.9145, theta=-1.6934
[INFO] [1742641757.474655510] [lms_mapper_node]: 机器人静止中: 847.1秒, 位置: (31.07, 39.91)
⏳ 正在播放rosbag - 已等待 600/3600 秒...
当前活跃话题:
[INFO] [1742641763.705391513] [lms_mapper_node]: 机器人静止中 (6.5秒)，跳过处理激光数据
/clock
/events/read_split
/map
/odom
/parameter_events
/rosout
/scan
/tf
[INFO] [1742641770.888415835] [lms_mapper_node]: 机器人停止移动
[WARN] [1742641770.889418835] [lms_mapper_node]: 激光扫描处理间隔较长: 13.48秒
[INFO] [1742641771.143094127] [lms_mapper_node]: 机器人静止中 (0.3秒)，跳过处理激光数据
[INFO] [1742641771.257582961] [lms_mapper_node]: 接收到激光数据: frame_id=laser, 点数=361
[INFO] [1742641771.257917294] [lms_mapper_node]: 【激光雷达坐标】x=33.0123, y=39.5991, theta=-1.7800
[INFO] [1742641778.104287172] [lms_mapper_node]: 机器人静止中 (7.2秒)，跳过处理激光数据
⏳ 正在播放rosbag - 已等待 615/3600 秒...
当前活跃话题:
[WARN] [1742641782.345876216] [lms_mapper_node]: 激光扫描处理间隔较长: 11.26秒
[INFO] [1742641782.489928966] [lms_mapper_node]: 对栅格地图进行平滑处理，移除孤立点和填充墙壁空隙
/clock
/events/read_split
/map
/odom
/parameter_events
/rosout
/scan
/tf
⏳ 正在播放rosbag - 已等待 630/3600 秒...
当前活跃话题:
/clock
/events/read_split
/map
/odom
/parameter_events
/rosout
/scan
/tf
[INFO] [1742641816.097073968] [lms_mapper_node]: 平滑处理完成: 移除了35个孤立点，填充了8个空隙点
[INFO] [1742641816.124341093] [lms_mapper_node]: 检测到机器人开始转弯，角度变化率: 0.2597 rad/s, 障碍物距离限制: 2.00m
[WARN] [1742641816.189746343] [lms_mapper_node]: 激光扫描处理间隔较长: 33.72秒
[INFO] [1742641816.190692426] [lms_mapper_node]: 【障碍物计算】机器人位置: x=34.91, y=35.93, theta=3.10, 状态: 正在转弯
[INFO] [1742641817.600277677] [lms_mapper_node]: 【进度报告】运行时间: 933.5秒, 处理扫描: 3763帧, 轨迹点: 3762个, 障碍物格子: 5096个, 轨迹已更新
[INFO] [1742641817.659817552] [lms_mapper_node]: 共绘制障碍物点 5096个
[INFO] [1742641817.922754510] [lms_mapper_node]: 障碍物世界坐标范围: X=-4.60到38.90, Y=0.00到44.80
[INFO] [1742641817.923161135] [lms_mapper_node]: 中间地图 #18: 绘制轨迹 3762个点, 障碍物 5096个
⏳ 正在播放rosbag - 已等待 645/3600 秒...
当前活跃话题:
/clock
/events/read_split
/map
/odom
/parameter_events
/rosout
/scan
/tf
[INFO] [1742641837.811065172] [lms_mapper_node]: 地图显示边界: X=-20.1到67.3, Y=-20.0到70.8
[INFO] [1742641841.692576382] [lms_mapper_node]: 已保存中间地图 #18 到: map_checkpoint_18.png
[WARN] [1742641841.816701716] [lms_mapper_node]: 激光扫描处理间隔较长: 25.61秒
⏳ 正在播放rosbag - 已等待 660/3600 秒...
当前活跃话题:
[WARN] [1742641845.008305384] [lms_mapper_node]: 激光扫描处理间隔较长: 3.06秒
[INFO] [1742641845.071839176] [lms_mapper_node]: 机器人转弯结束，角度变化率降低到: 0.0115 rad/s
/clock
/events/read_split
/map
/odom
/parameter_events
/rosout
/scan
/tf
[INFO] [1742641848.377929760] [lms_mapper_node]: 机器人静止中 (3.3秒)，跳过处理激光数据
[INFO] [1742641848.534301886] [lms_mapper_node]: 接收到激光数据: frame_id=laser, 点数=361
[INFO] [1742641848.534648011] [lms_mapper_node]: 【激光雷达坐标】x=35.0189, y=30.7531, theta=-3.1312
[INFO] [1742641848.668998927] [lms_mapper_node]: 机器人静止中: 938.3秒, 位置: (35.02, 30.70)
[INFO] [1742641849.164926927] [lms_mapper_node]: 【进度报告】运行时间: 965.1秒, 处理扫描: 3805帧, 轨迹点: 3803个, 障碍物格子: 5409个, 轨迹已更新
[INFO] [1742641849.210811261] [lms_mapper_node]: 共绘制障碍物点 5409个
[INFO] [1742641850.388620428] [lms_mapper_node]: 障碍物世界坐标范围: X=-4.60到38.90, Y=0.00到44.80
[INFO] [1742641850.389060886] [lms_mapper_node]: 中间地图 #19: 绘制轨迹 3803个点, 障碍物 5409个
[INFO] [1742641859.408776043] [lms_mapper_node]: 地图显示边界: X=-20.1到67.3, Y=-20.0到70.8
[INFO] [1742641862.984729128] [lms_mapper_node]: 已保存中间地图 #19 到: map_checkpoint_19.png
⏳ 正在播放rosbag - 已等待 675/3600 秒...
当前活跃话题:
[WARN] [1742641864.996598712] [lms_mapper_node]: 激光扫描处理间隔较长: 19.69秒
[WARN] [1742641867.042342713] [lms_mapper_node]: 激光扫描处理间隔较长: 2.05秒
/clock
/events/read_split
/map
/odom
/parameter_events
/rosout
/scan
/tf
[INFO] [1742641871.788294841] [lms_mapper_node]: 机器人静止中 (4.7秒)，跳过处理激光数据
[INFO] [1742641878.811068344] [lms_mapper_node]: 机器人静止中 (11.7秒)，跳过处理激光数据
[INFO] [1742641878.932465844] [lms_mapper_node]: 接收到激光数据: frame_id=laser, 点数=361
[INFO] [1742641878.932816636] [lms_mapper_node]: 【激光雷达坐标】x=35.1328, y=25.8684, theta=-3.1258
[WARN] [1742641880.946294137] [lms_mapper_node]: 激光扫描处理间隔较长: 13.69秒
⏳ 正在播放rosbag - 已等待 690/3600 秒...
当前活跃话题:
[INFO] [1742641886.271751458] [lms_mapper_node]: 机器人静止中 (5.3秒)，跳过处理激光数据
[WARN] [1742641890.904759752] [lms_mapper_node]: 激光扫描处理间隔较长: 9.79秒
/clock
/events/read_split
/map
/odom
/parameter_events
/rosout
/scan
/tf
[INFO] [1742641893.604076295] [lms_mapper_node]: 机器人静止中 (2.7秒)，跳过处理激光数据
[INFO] [1742641893.761910295] [lms_mapper_node]: 接收到激光数据: frame_id=laser, 点数=361
[INFO] [1742641893.762218837] [lms_mapper_node]: 【激光雷达坐标】x=35.2164, y=23.4735, theta=-3.1010
[INFO] [1742641893.891900295] [lms_mapper_node]: 机器人静止中: 983.5秒, 位置: (35.22, 23.43)
[INFO] [1742641899.182433798] [lms_mapper_node]: 【进度报告】运行时间: 1015.1秒, 处理扫描: 4039帧, 轨迹点: 4037个, 障碍物格子: 6009个, 轨迹已更新
[INFO] [1742641899.241028339] [lms_mapper_node]: 共绘制障碍物点 6009个
[INFO] [1742641899.568855590] [lms_mapper_node]: 障碍物世界坐标范围: X=-4.60到38.90, Y=0.00到44.80
[INFO] [1742641899.569212840] [lms_mapper_node]: 中间地图 #20: 绘制轨迹 4037个点, 障碍物 6009个
⏳ 正在播放rosbag - 已等待 705/3600 秒...
当前活跃话题:
/clock
/events/read_split
/map
/odom
/parameter_events
/rosout
/scan
/tf
[INFO] [1742641919.396238001] [lms_mapper_node]: 地图显示边界: X=-20.1到67.3, Y=-20.8到70.8
[INFO] [1742641922.842599878] [lms_mapper_node]: 已保存中间地图 #20 到: map_checkpoint_20.png
[WARN] [1742641923.975706920] [lms_mapper_node]: 激光扫描处理间隔较长: 32.87秒
[WARN] [1742641925.801778796] [lms_mapper_node]: 激光扫描处理间隔较长: 1.85秒
[INFO] [1742641926.106272088] [lms_mapper_node]: 机器人静止中 (0.3秒)，跳过处理激光数据
⏳ 正在播放rosbag - 已等待 720/3600 秒...
当前活跃话题:
[INFO] [1742641932.612056383] [lms_mapper_node]: 机器人静止中 (6.8秒)，跳过处理激光数据
[INFO] [1742641932.780874883] [lms_mapper_node]: 接收到激光数据: frame_id=laser, 点数=361
[INFO] [1742641932.781161633] [lms_mapper_node]: 【激光雷达坐标】x=36.0931, y=17.2502, theta=-3.0347
/clock
/events/read_split
/map
/odom
/parameter_events
/rosout
/scan
/tf
[INFO] [1742641940.148821928] [lms_mapper_node]: 机器人静止中 (14.3秒)，跳过处理激光数据
[INFO] [1742641946.717438583] [lms_mapper_node]: 机器人静止中 (20.9秒)，跳过处理激光数据
[INFO] [1742641946.889093250] [lms_mapper_node]: 接收到激光数据: frame_id=laser, 点数=361
[INFO] [1742641946.889453667] [lms_mapper_node]: 【激光雷达坐标】x=36.4698, y=15.6754, theta=-2.8173
[INFO] [1742641947.076378459] [lms_mapper_node]: 机器人静止中: 1036.7秒, 位置: (36.48, 15.64)
[INFO] [1742641949.164547293] [lms_mapper_node]: 【进度报告】运行时间: 1065.1秒, 处理扫描: 4217帧, 轨迹点: 4215个, 障碍物格子: 6461个, 轨迹已更新
[INFO] [1742641949.186663918] [lms_mapper_node]: 共绘制障碍物点 6461个
[INFO] [1742641949.372503668] [lms_mapper_node]: 障碍物世界坐标范围: X=-4.60到40.60, Y=0.00到44.80
[INFO] [1742641949.372843043] [lms_mapper_node]: 中间地图 #21: 绘制轨迹 4215个点, 障碍物 6461个
⏳ 正在播放rosbag - 已等待 735/3600 秒...
当前活跃话题:
/clock
/events/read_split
/map
/odom
/parameter_events
/rosout
/scan
/tf
[INFO] [1742641958.083637839] [lms_mapper_node]: 地图显示边界: X=-20.1到67.3, Y=-20.8到70.8
[INFO] [1742641960.906513799] [lms_mapper_node]: 已保存中间地图 #21 到: map_checkpoint_21.png
[INFO] [1742641960.910187799] [lms_mapper_node]: 检测到机器人开始转弯，角度变化率: 0.0516 rad/s, 障碍物距离限制: 3.31m
[WARN] [1742641962.462015758] [lms_mapper_node]: 激光扫描处理间隔较长: 36.50秒
[INFO] [1742641962.560811966] [lms_mapper_node]: 机器人停止移动
[WARN] [1742641964.633087175] [lms_mapper_node]: 激光扫描处理间隔较长: 2.07秒
[INFO] [1742641964.726967092] [lms_mapper_node]: 机器人转弯结束，角度变化率降低到: 0.0027 rad/s
[INFO] [1742641967.418673343] [lms_mapper_node]: 机器人静止中 (2.7秒)，跳过处理激光数据
[WARN] [1742641971.346591804] [lms_mapper_node]: 激光扫描处理间隔较长: 6.46秒
⏳ 正在播放rosbag - 已等待 750/3600 秒...
当前活跃话题:
[INFO] [1742641975.187140555] [lms_mapper_node]: 机器人静止中 (3.9秒)，跳过处理激光数据
[INFO] [1742641975.292771722] [lms_mapper_node]: 接收到激光数据: frame_id=laser, 点数=361
[INFO] [1742641975.293135722] [lms_mapper_node]: 【激光雷达坐标】x=38.6579, y=12.4806, theta=-2.8357
/clock
/events/read_split
/map
/odom
/parameter_events
/rosout
/scan
/tf
[INFO] [1742641982.345276419] [lms_mapper_node]: 机器人静止中 (11.0秒)，跳过处理激光数据
[INFO] [1742641990.727453673] [lms_mapper_node]: 机器人静止中 (19.4秒)，跳过处理激光数据
[INFO] [1742641990.744806882] [lms_mapper_node]: 接收到激光数据: frame_id=laser, 点数=361
[INFO] [1742641990.745162632] [lms_mapper_node]: 【激光雷达坐标】x=39.0460, y=10.3780, theta=3.1143
[INFO] [1742641990.769542715] [lms_mapper_node]: 机器人静止中: 1080.4秒, 位置: (39.05, 10.33)
⏳ 正在播放rosbag - 已等待 765/3600 秒...
当前活跃话题:
[INFO] [1742641996.597073176] [lms_mapper_node]: 机器人静止中 (25.3秒)，跳过处理激光数据
/clock
/events/read_split
/map
/odom
/parameter_events
/rosout
/scan
/tf
[INFO] [1742642001.100610345] [lms_mapper_node]: 【进度报告】运行时间: 1117.1秒, 处理扫描: 4468帧, 轨迹点: 4466个, 障碍物格子: 6756个, 轨迹已更新
[INFO] [1742642001.161657928] [lms_mapper_node]: 共绘制障碍物点 6756个
[INFO] [1742642001.567093929] [lms_mapper_node]: 障碍物世界坐标范围: X=-4.60到42.40, Y=0.00到44.80
[INFO] [1742642001.567468512] [lms_mapper_node]: 中间地图 #22: 绘制轨迹 4466个点, 障碍物 6756个
[INFO] [1742642003.698264221] [lms_mapper_node]: 地图显示边界: X=-20.1到67.3, Y=-20.8到70.8
[INFO] [1742642007.606446834] [lms_mapper_node]: 已保存中间地图 #22 到: map_checkpoint_22.png
[INFO] [1742642007.756688751] [lms_mapper_node]: 机器人停止移动
[WARN] [1742642007.777299751] [lms_mapper_node]: 激光扫描处理间隔较长: 36.23秒
[INFO] [1742642007.953973584] [lms_mapper_node]: 地图统计: 总栅格数=1000000, 占用数=6878, 占用率=0.69%
[INFO] [1742642007.958097501] [lms_mapper_node]: 地图边界: x=[-5.14, 52.29], y=[-5.77, 50.79]
[INFO] [1742642007.962886584] [lms_mapper_node]: 总共处理了4472个激光帧, 71074个有效激光点
[INFO] [1742642007.971864626] [lms_mapper_node]: 已记录71435个原始障碍物点坐标，用于最终地图生成
[INFO] [1742642007.978440167] [lms_mapper_node]: 对栅格地图进行平滑处理，移除孤立点和填充墙壁空隙
⏳ 正在播放rosbag - 已等待 780/3600 秒...
当前活跃话题:
/clock
/events/read_split
/map
/odom
/parameter_events
/rosout
/scan
/tf
⏳ 正在播放rosbag - 已等待 795/3600 秒...
当前活跃话题:
[INFO] [1742642038.621195084] [lms_mapper_node]: 平滑处理完成: 移除了37个孤立点，填充了10个空隙点
[WARN] [1742642038.902063126] [lms_mapper_node]: 激光扫描处理间隔较长: 30.97秒
[INFO] [1742642038.939520626] [lms_mapper_node]: 【障碍物计算】机器人位置: x=38.74, y=2.84, theta=3.02, 状态: 直线行驶
[INFO] [1742642039.063885918] [lms_mapper_node]: 检测到机器人开始转弯，角度变化率: 0.0309 rad/s, 障碍物距离限制: 3.59m
[INFO] [1742642039.121275376] [lms_mapper_node]: 机器人转弯结束，角度变化率降低到: 0.0294 rad/s
[INFO] [1742642040.924975710] [lms_mapper_node]: 检测到机器人开始转弯，角度变化率: 0.0546 rad/s, 障碍物距离限制: 3.27m
[WARN] [1742642040.929465377] [lms_mapper_node]: 激光扫描处理间隔较长: 1.84秒
[WARN] [1742642042.729973003] [lms_mapper_node]: 激光扫描处理间隔较长: 1.75秒
[INFO] [1742642042.923163378] [lms_mapper_node]: 机器人转弯结束，角度变化率降低到: 0.0147 rad/s
/clock
/events/read_split
/map
/odom
/parameter_events
/rosout
/scan
/tf
[INFO] [1742642044.461452837] [lms_mapper_node]: 机器人静止中 (1.7秒)，跳过处理激光数据
[INFO] [1742642044.634023171] [lms_mapper_node]: 接收到激光数据: frame_id=laser, 点数=361
[INFO] [1742642044.634430337] [lms_mapper_node]: 【激光雷达坐标】x=38.1614, y=1.8510, theta=2.3978
[INFO] [1742642051.233036674] [lms_mapper_node]: 【进度报告】运行时间: 1167.2秒, 处理扫描: 4533帧, 轨迹点: 4531个, 障碍物格子: 7088个, 轨迹已更新
[INFO] [1742642051.325599174] [lms_mapper_node]: 共绘制障碍物点 7088个
[INFO] [1742642051.585927924] [lms_mapper_node]: 障碍物世界坐标范围: X=-4.60到42.40, Y=-3.50到44.80
[INFO] [1742642051.599575132] [lms_mapper_node]: 中间地图 #23: 绘制轨迹 4531个点, 障碍物 7088个
[INFO] [1742642052.724441508] [lms_mapper_node]: 地图显示边界: X=-20.1到67.3, Y=-38.9到70.8
[INFO] [1742642055.263462801] [lms_mapper_node]: 已保存中间地图 #23 到: map_checkpoint_23.png
[WARN] [1742642055.304378759] [lms_mapper_node]: 激光扫描处理间隔较长: 12.36秒
[INFO] [1742642056.196112384] [lms_mapper_node]: 机器人静止中 (0.9秒)，跳过处理激光数据
⏳ 正在播放rosbag - 已等待 810/3600 秒...
当前活跃话题:
[WARN] [1742642061.725822470] [lms_mapper_node]: 激光扫描处理间隔较长: 6.23秒
/clock
/events/read_split
/map
/odom
/parameter_events
/rosout
/scan
/tf
[INFO] [1742642064.363648055] [lms_mapper_node]: 机器人静止中 (2.6秒)，跳过处理激光数据
[INFO] [1742642064.468916472] [lms_mapper_node]: 接收到激光数据: frame_id=laser, 点数=361
[INFO] [1742642064.491150888] [lms_mapper_node]: 【激光雷达坐标】x=36.0473, y=-0.4573, theta=2.2013
[INFO] [1742642064.641769930] [lms_mapper_node]: 机器人静止中: 1154.3秒, 位置: (36.01, -0.48)
[INFO] [1742642071.520960461] [lms_mapper_node]: 机器人静止中 (9.8秒)，跳过处理激光数据
[INFO] [1742642078.553638881] [lms_mapper_node]: 机器人静止中 (16.8秒)，跳过处理激光数据
[INFO] [1742642078.679360756] [lms_mapper_node]: 接收到激光数据: frame_id=laser, 点数=361
[INFO] [1742642078.679657381] [lms_mapper_node]: 【激光雷达坐标】x=34.0130, y=-0.9507, theta=1.7459
⏳ 正在播放rosbag - 已等待 825/3600 秒...
当前活跃话题:
[WARN] [1742642081.054159882] [lms_mapper_node]: 激光扫描处理间隔较长: 19.14秒
/clock
/events/read_split
/map
/odom
/parameter_events
/rosout
/scan
/tf
[INFO] [1742642086.008450676] [lms_mapper_node]: 机器人静止中 (5.0秒)，跳过处理激光数据
[INFO] [1742642091.613747429] [lms_mapper_node]: 机器人停止移动
[WARN] [1742642091.614918220] [lms_mapper_node]: 激光扫描处理间隔较长: 10.37秒
[INFO] [1742642094.624452138] [lms_mapper_node]: 机器人静止中 (3.1秒)，跳过处理激光数据
[INFO] [1742642094.748676138] [lms_mapper_node]: 接收到激光数据: frame_id=laser, 点数=361
[INFO] [1742642094.749732347] [lms_mapper_node]: 【激光雷达坐标】x=31.6688, y=-1.0801, theta=1.5392
[INFO] [1742642094.771094888] [lms_mapper_node]: 机器人静止中: 1184.4秒, 位置: (31.65, -1.08)
⏳ 正在播放rosbag - 已等待 840/3600 秒...
当前活跃话题:
[INFO] [1742642101.151352669] [lms_mapper_node]: 【进度报告】运行时间: 1217.1秒, 处理扫描: 4833帧, 轨迹点: 4832个, 障碍物格子: 7679个, 轨迹已更新
[INFO] [1742642101.187407752] [lms_mapper_node]: 共绘制障碍物点 7679个
[INFO] [1742642101.613021711] [lms_mapper_node]: 障碍物世界坐标范围: X=-4.60到42.40, Y=-5.40到44.80
[INFO] [1742642101.613414919] [lms_mapper_node]: 中间地图 #24: 绘制轨迹 4832个点, 障碍物 7679个
/clock
/events/read_split
/map
/odom
/parameter_events
/rosout
/scan
/tf
[INFO] [1742642111.866077591] [lms_mapper_node]: 地图显示边界: X=-20.1到67.3, Y=-38.9到70.8
[INFO] [1742642115.123678884] [lms_mapper_node]: 已保存中间地图 #24 到: map_checkpoint_24.png
[WARN] [1742642115.189505051] [lms_mapper_node]: 激光扫描处理间隔较长: 23.63秒
[WARN] [1742642117.203508051] [lms_mapper_node]: 激光扫描处理间隔较长: 2.01秒
[INFO] [1742642117.855019802] [lms_mapper_node]: 机器人静止中 (0.7秒)，跳过处理激光数据
⏳ 正在播放rosbag - 已等待 855/3600 秒...
当前活跃话题:
[INFO] [1742642125.123721222] [lms_mapper_node]: 机器人静止中 (7.9秒)，跳过处理激光数据
[INFO] [1742642125.198297055] [lms_mapper_node]: 接收到激光数据: frame_id=laser, 点数=361
[INFO] [1742642125.198641680] [lms_mapper_node]: 【激光雷达坐标】x=26.8908, y=-0.8844, theta=1.5153
/clock
/events/read_split
/map
/odom
/parameter_events
/rosout
/scan
/tf
[INFO] [1742642132.119960794] [lms_mapper_node]: 机器人静止中 (14.9秒)，跳过处理激光数据
[INFO] [1742642139.154443173] [lms_mapper_node]: 机器人静止中 (22.0秒)，跳过处理激光数据
[INFO] [1742642140.920231090] [lms_mapper_node]: 接收到激光数据: frame_id=laser, 点数=361
[INFO] [1742642140.920563215] [lms_mapper_node]: 【激光雷达坐标】x=24.6691, y=-0.8159, theta=1.5329
[WARN] [1742642140.941706465] [lms_mapper_node]: 激光扫描处理间隔较长: 23.54秒
⏳ 正在播放rosbag - 已等待 870/3600 秒...
当前活跃话题:
/clock
/events/read_split
/map
/odom
/parameter_events
/rosout
/scan
/tf
[INFO] [1742642146.483570009] [lms_mapper_node]: 机器人静止中 (5.5秒)，跳过处理激光数据
[INFO] [1742642152.462625929] [lms_mapper_node]: 【进度报告】运行时间: 1268.4秒, 处理扫描: 5069帧, 轨迹点: 5068个, 障碍物格子: 8263个, 轨迹已更新
[INFO] [1742642152.586003012] [lms_mapper_node]: 共绘制障碍物点 8263个
[INFO] [1742642153.057605846] [lms_mapper_node]: 障碍物世界坐标范围: X=-4.60到42.40, Y=-5.40到44.80
[INFO] [1742642153.087764221] [lms_mapper_node]: 中间地图 #25: 绘制轨迹 5068个点, 障碍物 8263个
⏳ 正在播放rosbag - 已等待 885/3600 秒...
当前活跃话题:
/clock
/events/read_split
/map
/odom
/parameter_events
/rosout
/scan
/tf
[INFO] [1742642180.219321720] [lms_mapper_node]: 地图显示边界: X=-20.1到67.3, Y=-38.9到70.8
[INFO] [1742642183.053564138] [lms_mapper_node]: 已保存中间地图 #25 到: map_checkpoint_25.png
[WARN] [1742642183.200772929] [lms_mapper_node]: 激光扫描处理间隔较长: 42.07秒
⏳ 正在播放rosbag - 已等待 900/3600 秒...
当前活跃话题:
[WARN] [1742642185.101341430] [lms_mapper_node]: 激光扫描处理间隔较长: 1.89秒
[INFO] [1742642185.189877264] [lms_mapper_node]: 对栅格地图进行平滑处理，移除孤立点和填充墙壁空隙
/clock
/events/read_split
/map
/odom
/parameter_events
/rosout
/scan
/tf
⏳ 正在播放rosbag - 已等待 915/3600 秒...
当前活跃话题:
/clock
/events/read_split
/map
/odom
/parameter_events
/rosout
/scan
/tf
[INFO] [1742642218.698657834] [lms_mapper_node]: 平滑处理完成: 移除了39个孤立点，填充了6个空隙点
[WARN] [1742642218.946196959] [lms_mapper_node]: 激光扫描处理间隔较长: 33.77秒
[INFO] [1742642218.947331584] [lms_mapper_node]: 【障碍物计算】机器人位置: x=12.22, y=-0.50, theta=1.54, 状态: 直线行驶
[INFO] [1742642220.540635877] [lms_mapper_node]: 【进度报告】运行时间: 1336.5秒, 处理扫描: 5079帧, 轨迹点: 5078个, 障碍物格子: 8595个, 轨迹已更新
[INFO] [1742642220.610477377] [lms_mapper_node]: 共绘制障碍物点 8595个
[INFO] [1742642222.065611836] [lms_mapper_node]: 障碍物世界坐标范围: X=-4.60到42.40, Y=-4.60到44.80
[INFO] [1742642222.099839211] [lms_mapper_node]: 中间地图 #26: 绘制轨迹 5078个点, 障碍物 8595个
⏳ 正在播放rosbag - 已等待 930/3600 秒...
当前活跃话题:
/clock
/events/read_split
/map
/odom
/parameter_events
/rosout
/scan
/tf
[INFO] [1742642238.937056219] [lms_mapper_node]: 地图显示边界: X=-21.2到67.3, Y=-38.9到70.8
[INFO] [1742642242.559883387] [lms_mapper_node]: 已保存中间地图 #26 到: map_checkpoint_26.png
[WARN] [1742642242.662005554] [lms_mapper_node]: 激光扫描处理间隔较长: 23.53秒
[WARN] [1742642244.533663472] [lms_mapper_node]: 激光扫描处理间隔较长: 1.84秒
[INFO] [1742642245.784457500] [lms_mapper_node]: 机器人静止中 (1.3秒)，跳过处理激光数据
[INFO] [1742642245.910378041] [lms_mapper_node]: 接收到激光数据: frame_id=laser, 点数=361
[INFO] [1742642245.925821958] [lms_mapper_node]: 【激光雷达坐标】x=7.7257, y=-0.4966, theta=1.5934
⏳ 正在播放rosbag - 已等待 945/3600 秒...
当前活跃话题:
[INFO] [1742642249.201975210] [lms_mapper_node]: 【进度报告】运行时间: 1365.1秒, 处理扫描: 5124帧, 轨迹点: 5123个, 障碍物格子: 8848个, 轨迹已更新
[INFO] [1742642249.277407460] [lms_mapper_node]: 共绘制障碍物点 8848个
[INFO] [1742642249.768533126] [lms_mapper_node]: 障碍物世界坐标范围: X=-4.60到42.40, Y=-4.60到44.80
[INFO] [1742642249.768927626] [lms_mapper_node]: 中间地图 #27: 绘制轨迹 5123个点, 障碍物 8848个
/clock
/events/read_split
/map
/odom
/parameter_events
/rosout
/scan
/tf
[INFO] [1742642257.333703588] [lms_mapper_node]: 地图显示边界: X=-21.3到67.3, Y=-38.9到70.8
[INFO] [1742642261.445686882] [lms_mapper_node]: 已保存中间地图 #27 到: map_checkpoint_27.png
[WARN] [1742642264.982540009] [lms_mapper_node]: 激光扫描处理间隔较长: 20.28秒
[INFO] [1742642267.042725551] [lms_mapper_node]: 机器人静止中 (2.0秒)，跳过处理激光数据
⏳ 正在播放rosbag - 已等待 960/3600 秒...
当前活跃话题:
[WARN] [1742642271.093723220] [lms_mapper_node]: 激光扫描处理间隔较长: 5.86秒
/clock
/events/read_split
/map
/odom
/parameter_events
/rosout
/scan
/tf
[INFO] [1742642274.544245763] [lms_mapper_node]: 机器人静止中 (3.4秒)，跳过处理激光数据
[INFO] [1742642274.647355513] [lms_mapper_node]: 接收到激光数据: frame_id=laser, 点数=361
[INFO] [1742642274.647792055] [lms_mapper_node]: 【激光雷达坐标】x=2.8369, y=-0.5995, theta=1.6229
[INFO] [1742642274.648491763] [lms_mapper_node]: 机器人静止中: 1364.3秒, 位置: (2.82, -0.60)
[WARN] [1742642281.049919002] [lms_mapper_node]: 激光扫描处理间隔较长: 9.74秒
[INFO] [1742642281.956513044] [lms_mapper_node]: 机器人静止中 (0.9秒)，跳过处理激光数据
⏳ 正在播放rosbag - 已等待 975/3600 秒...
当前活跃话题:
[INFO] [1742642288.994464048] [lms_mapper_node]: 机器人静止中 (8.0秒)，跳过处理激光数据
[INFO] [1742642289.172011881] [lms_mapper_node]: 接收到激光数据: frame_id=laser, 点数=361
[INFO] [1742642289.172392881] [lms_mapper_node]: 【激光雷达坐标】x=0.6667, y=-0.0389, theta=0.9405
/clock
/events/read_split
/map
/odom
/parameter_events
/rosout
/scan
/tf
[INFO] [1742642296.042601218] [lms_mapper_node]: 机器人静止中 (15.0秒)，跳过处理激光数据
[INFO] [1742642301.036552553] [lms_mapper_node]: 【进度报告】运行时间: 1417.0秒, 处理扫描: 5372帧, 轨迹点: 5371个, 障碍物格子: 9378个, 轨迹已更新
[INFO] [1742642301.118803762] [lms_mapper_node]: 共绘制障碍物点 9378个
[INFO] [1742642301.451280345] [lms_mapper_node]: 障碍物世界坐标范围: X=-4.60到42.40, Y=-5.10到44.80
[INFO] [1742642301.452462053] [lms_mapper_node]: 中间地图 #28: 绘制轨迹 5371个点, 障碍物 9378个
⏳ 正在播放rosbag - 已等待 990/3600 秒...
当前活跃话题:
[INFO] [1742642311.869162544] [lms_mapper_node]: 地图显示边界: X=-38.6到67.3, Y=-38.9到70.8
[INFO] [1742642313.266656920] [lms_mapper_node]: 已保存中间地图 #28 到: map_checkpoint_28.png
[INFO] [1742642313.270616836] [lms_mapper_node]: 检测到机器人开始转弯，角度变化率: 0.0811 rad/s, 障碍物距离限制: 2.92m
[WARN] [1742642313.271522045] [lms_mapper_node]: 激光扫描处理间隔较长: 32.05秒
/clock
/events/read_split
/map
/odom
/parameter_events
/rosout
/scan
/tf
[WARN] [1742642315.057900421] [lms_mapper_node]: 激光扫描处理间隔较长: 1.76秒
[INFO] [1742642315.163733254] [lms_mapper_node]: 机器人转弯结束，角度变化率降低到: 0.0010 rad/s
[INFO] [1742642317.082555380] [lms_mapper_node]: 机器人静止中 (2.0秒)，跳过处理激光数据
[INFO] [1742642317.176846672] [lms_mapper_node]: 接收到激光数据: frame_id=laser, 点数=361
[INFO] [1742642317.177220588] [lms_mapper_node]: 【激光雷达坐标】x=-0.4087, y=3.4752, theta=0.0110
[INFO] [1742642317.337029755] [lms_mapper_node]: 机器人静止中: 1407.0秒, 位置: (-0.41, 3.51)
[INFO] [1742642324.236241175] [lms_mapper_node]: 机器人静止中 (9.1秒)，跳过处理激光数据
⏳ 正在播放rosbag - 已等待 1005/3600 秒...
当前活跃话题:
[WARN] [1742642331.300252762] [lms_mapper_node]: 激光扫描处理间隔较长: 16.02秒
[INFO] [1742642331.823052345] [lms_mapper_node]: 机器人静止中 (0.6秒)，跳过处理激光数据
[INFO] [1742642332.064221970] [lms_mapper_node]: 接收到激光数据: frame_id=laser, 点数=361
[INFO] [1742642332.064644095] [lms_mapper_node]: 【激光雷达坐标】x=-0.4087, y=5.6559, theta=-0.0019
/clock
/events/read_split
/map
/odom
/parameter_events
/rosout
/scan
/tf
[INFO] [1742642339.258143626] [lms_mapper_node]: 机器人静止中 (7.8秒)，跳过处理激光数据
[WARN] [1742642341.830774044] [lms_mapper_node]: 激光扫描处理间隔较长: 10.41秒
[INFO] [1742642346.914098255] [lms_mapper_node]: 机器人静止中 (5.1秒)，跳过处理激光数据
[INFO] [1742642347.090551505] [lms_mapper_node]: 接收到激光数据: frame_id=laser, 点数=361
[INFO] [1742642347.090934838] [lms_mapper_node]: 【激光雷达坐标】x=-0.4305, y=7.9155, theta=-0.0110
[INFO] [1742642347.199189255] [lms_mapper_node]: 机器人静止中: 1436.8秒, 位置: (-0.44, 7.96)
⏳ 正在播放rosbag - 已等待 1020/3600 秒...
当前活跃话题:
[INFO] [1742642349.175929131] [lms_mapper_node]: 【进度报告】运行时间: 1465.1秒, 处理扫描: 5616帧, 轨迹点: 5614个, 障碍物格子: 9877个, 轨迹已更新
[INFO] [1742642349.235584631] [lms_mapper_node]: 共绘制障碍物点 9877个
[INFO] [1742642349.623401214] [lms_mapper_node]: 障碍物世界坐标范围: X=-4.60到42.40, Y=-5.10到44.80
[INFO] [1742642349.623752589] [lms_mapper_node]: 中间地图 #29: 绘制轨迹 5614个点, 障碍物 9877个
[INFO] [1742642351.708287174] [lms_mapper_node]: 地图显示边界: X=-38.6到67.3, Y=-38.9到70.8
/clock
/events/read_split
/map
/odom
/parameter_events
/rosout
/scan
/tf
[INFO] [1742642355.842779467] [lms_mapper_node]: 已保存中间地图 #29 到: map_checkpoint_29.png
[WARN] [1742642357.669348510] [lms_mapper_node]: 激光扫描处理间隔较长: 15.64秒
[INFO] [1742642360.886002428] [lms_mapper_node]: 机器人静止中 (3.2秒)，跳过处理激光数据
[INFO] [1742642367.957369959] [lms_mapper_node]: 机器人静止中 (10.2秒)，跳过处理激光数据
[INFO] [1742642368.122713167] [lms_mapper_node]: 接收到激光数据: frame_id=laser, 点数=361
[INFO] [1742642368.166788126] [lms_mapper_node]: 【激光雷达坐标】x=-0.5953, y=11.1329, theta=0.0290
⏳ 正在播放rosbag - 已等待 1035/3600 秒...
当前活跃话题:
[INFO] [1742642374.991171462] [lms_mapper_node]: 机器人静止中 (17.3秒)，跳过处理激光数据
/clock
/events/read_split
/map
/odom
/parameter_events
/rosout
/scan
/tf
rosbag播放已完成或终止
等待处理完成...
✅ 检测到地图已经生成: occupancy_grid.png
正在关闭节点...
发送SIGTERM信号，请求节点优雅关闭...
[INFO] [1742642622.831596674] [lms_mapper_node]: 收到SIGTERM信号，准备安全关闭节点...
[INFO] [1742642622.896510424] [lms_mapper_node]: 正在保存最终地图...
等待节点关闭... (1/600)
[INFO] [1742642623.412729299] [lms_mapper_node]: 收集到 103558 个原始障碍物点
[INFO] [1742642623.570195758] [lms_mapper_node]: 障碍物世界坐标范围: X=[-23.58, 52.29], Y=[-23.89, 50.79]
[INFO] [1742642623.599856216] [lms_mapper_node]: 轨迹包含 5769 个点
[INFO] [1742642623.601665800] [lms_mapper_node]: 轨迹世界坐标范围: X=[-1.12, 39.07], Y=[-1.09, 40.11]
[INFO] [1742642623.822235175] [lms_mapper_node]: 动态计算的显示范围: X=[-43.58, 72.29], Y=[-43.89, 70.79]
等待节点关闭... (2/600)
等待节点关闭... (3/600)
等待节点关闭... (4/600)
等待节点关闭... (5/600)
等待节点关闭... (6/600)
等待节点关闭... (7/600)
等待节点关闭... (8/600)
等待节点关闭... (9/600)
等待节点关闭... (10/600)
等待节点关闭... (11/600)
等待节点关闭... (12/600)
等待节点关闭... (13/600)
等待节点关闭... (14/600)
等待节点关闭... (15/600)
等待节点关闭... (16/600)
等待节点关闭... (17/600)
等待节点关闭... (18/600)
等待节点关闭... (19/600)
等待节点关闭... (20/600)
等待节点关闭... (21/600)
等待节点关闭... (22/600)
等待节点关闭... (23/600)
等待节点关闭... (24/600)
等待节点关闭... (25/600)
等待节点关闭... (26/600)
等待节点关闭... (27/600)
等待节点关闭... (28/600)
等待节点关闭... (29/600)
等待节点关闭... (30/600)
等待节点关闭... (31/600)
等待节点关闭... (32/600)
等待节点关闭... (33/600)
等待节点关闭... (34/600)
等待节点关闭... (35/600)
等待节点关闭... (36/600)
等待节点关闭... (37/600)
等待节点关闭... (38/600)
等待节点关闭... (39/600)
等待节点关闭... (40/600)
等待节点关闭... (41/600)
等待节点关闭... (42/600)
等待节点关闭... (43/600)
等待节点关闭... (44/600)
等待节点关闭... (45/600)
等待节点关闭... (46/600)
等待节点关闭... (47/600)
等待节点关闭... (48/600)
等待节点关闭... (49/600)
等待节点关闭... (50/600)
等待节点关闭... (51/600)
等待节点关闭... (52/600)
等待节点关闭... (53/600)
等待节点关闭... (54/600)
等待节点关闭... (55/600)
等待节点关闭... (56/600)
等待节点关闭... (57/600)
等待节点关闭... (58/600)
等待节点关闭... (59/600)
等待节点关闭... (60/600)
等待节点关闭... (61/600)
等待节点关闭... (62/600)
等待节点关闭... (63/600)
等待节点关闭... (64/600)
等待节点关闭... (65/600)
等待节点关闭... (66/600)
等待节点关闭... (67/600)
等待节点关闭... (68/600)
等待节点关闭... (69/600)
等待节点关闭... (70/600)
等待节点关闭... (71/600)
等待节点关闭... (72/600)
等待节点关闭... (73/600)
等待节点关闭... (74/600)
等待节点关闭... (75/600)
等待节点关闭... (76/600)
等待节点关闭... (77/600)
等待节点关闭... (78/600)
等待节点关闭... (79/600)
等待节点关闭... (80/600)
等待节点关闭... (81/600)
等待节点关闭... (82/600)
等待节点关闭... (83/600)
等待节点关闭... (84/600)
等待节点关闭... (85/600)
等待节点关闭... (86/600)
等待节点关闭... (87/600)
等待节点关闭... (88/600)
