======== 运行日志开始 Fri Mar 21 23:26:30 CST 2025 ========
======== 开始执行作业3 ========
正在创建ROS2工作空间...
ROS2工作空间结构创建完成！
Starting >>> lms_data
Starting >>> lms_mapper
Finished <<< lms_mapper [10.7s]
Finished <<< lms_data [11.9s]

Summary: 2 packages finished [12.2s]
/IntelligentMobileRobots2025/work3
/IntelligentMobileRobots2025/work3
检查安装的可执行文件...
total 8
drwxr-xr-x 2 root root 4096 Mar 21 23:26 .
drwxr-xr-x 4 root root 4096 Mar 21 23:26 ..
lrwxrwxrwx 1 root root   50 Mar 21 23:26 lms_to_rosbag -> ../../../../src/lms_data/lms_data/lms_to_rosbag.py
total 8
drwxr-xr-x 2 root root 4096 Mar 21 23:26 .
drwxr-xr-x 4 root root 4096 Mar 21 23:26 ..
lrwxrwxrwx 1 root root   56 Mar 21 23:26 lms_mapper_node -> ../../../../src/lms_mapper/lms_mapper/lms_mapper_node.py
检查ROS2环境...
lms_data
lms_mapper
正在构建ROS2包...
执行: colcon build --symlink-install
Starting >>> lms_data
Starting >>> lms_mapper
Finished <<< lms_mapper [10.9s]
Finished <<< lms_data [12.6s]

Summary: 2 packages finished [14.6s]
检查可执行文件...
警告: 没有找到lms_to_rosbag可执行文件，将直接使用Python调用
警告: 没有找到lms_mapper_node可执行文件，将直接使用Python调用
正在转换原始数据为rosbag格式...
执行: python3 /IntelligentMobileRobots2025/work3/src/lms_data/lms_data/lms_to_rosbag.py ../data/URG_X_20130903_195003.lms ../data/ld.nav lms_data.bag
删除旧的rosbag目录...
⏱️ 执行命令 (最长300秒): python3 /IntelligentMobileRobots2025/work3/src/lms_data/lms_data/lms_to_rosbag.py ../data/URG_X_20130903_195003.lms ../data/ld.nav lms_data.bag
⏳ 正在转换数据 - 已等待 10/300 秒...
开始处理: LMS文件: ../data/URG_X_20130903_195003.lms, NAV文件: ../data/ld.nav, BAG输出: lms_data.bag
读取LMS激光数据...
警告：在时间戳 72054545 处读取的激光数据长度不一致
成功读取 10428 帧激光雷达数据
时间戳范围: 71403847 - 72054470
平均时间间隔: 62.40ms
读取NAV轨迹数据...
成功读取 2355 个轨迹点
激光数据原始时间戳范围: 71403847 - 72054470
轨迹数据时间戳范围: 71407205 - 71554079
使用轨迹数据作为标准时间范围: 71407205 - 71554079
创建时间戳映射...
映射激光数据时间戳到轨迹时间范围...
处理进度: 1/10428 (0.0%)
  样本映射: 71403847 -> 71407205
处理进度: 101/10428 (1.0%)
处理进度: 201/10428 (1.9%)
处理进度: 301/10428 (2.9%)
处理进度: 401/10428 (3.8%)
处理进度: 501/10428 (4.8%)
处理进度: 601/10428 (5.8%)
处理进度: 701/10428 (6.7%)
处理进度: 801/10428 (7.7%)
处理进度: 901/10428 (8.6%)
处理进度: 1001/10428 (9.6%)
处理进度: 1101/10428 (10.6%)
处理进度: 1201/10428 (11.5%)
处理进度: 1301/10428 (12.5%)
处理进度: 1401/10428 (13.4%)
处理进度: 1501/10428 (14.4%)
处理进度: 1601/10428 (15.4%)
处理进度: 1701/10428 (16.3%)
处理进度: 1801/10428 (17.3%)
处理进度: 1901/10428 (18.2%)
处理进度: 2001/10428 (19.2%)
处理进度: 2101/10428 (20.1%)
处理进度: 2201/10428 (21.1%)
处理进度: 2301/10428 (22.1%)
处理进度: 2401/10428 (23.0%)
处理进度: 2501/10428 (24.0%)
处理进度: 2601/10428 (24.9%)
处理进度: 2701/10428 (25.9%)
处理进度: 2801/10428 (26.9%)
处理进度: 2901/10428 (27.8%)
处理进度: 3001/10428 (28.8%)
处理进度: 3101/10428 (29.7%)
处理进度: 3201/10428 (30.7%)
处理进度: 3301/10428 (31.7%)
处理进度: 3401/10428 (32.6%)
处理进度: 3501/10428 (33.6%)
处理进度: 3601/10428 (34.5%)
处理进度: 3701/10428 (35.5%)
处理进度: 3801/10428 (36.4%)
处理进度: 3901/10428 (37.4%)
处理进度: 4001/10428 (38.4%)
处理进度: 4101/10428 (39.3%)
处理进度: 4201/10428 (40.3%)
处理进度: 4301/10428 (41.2%)
处理进度: 4401/10428 (42.2%)
处理进度: 4501/10428 (43.2%)
处理进度: 4601/10428 (44.1%)
处理进度: 4701/10428 (45.1%)
处理进度: 4801/10428 (46.0%)
处理进度: 4901/10428 (47.0%)
处理进度: 5001/10428 (48.0%)
处理进度: 5101/10428 (48.9%)
处理进度: 5201/10428 (49.9%)
处理进度: 5301/10428 (50.8%)
处理进度: 5401/10428 (51.8%)
处理进度: 5501/10428 (52.8%)
处理进度: 5601/10428 (53.7%)
处理进度: 5701/10428 (54.7%)
处理进度: 5801/10428 (55.6%)
处理进度: 5901/10428 (56.6%)
处理进度: 6001/10428 (57.5%)
处理进度: 6101/10428 (58.5%)
处理进度: 6201/10428 (59.5%)
处理进度: 6301/10428 (60.4%)
处理进度: 6401/10428 (61.4%)
处理进度: 6501/10428 (62.3%)
处理进度: 6601/10428 (63.3%)
处理进度: 6701/10428 (64.3%)
处理进度: 6801/10428 (65.2%)
处理进度: 6901/10428 (66.2%)
处理进度: 7001/10428 (67.1%)
处理进度: 7101/10428 (68.1%)
处理进度: 7201/10428 (69.1%)
处理进度: 7301/10428 (70.0%)
处理进度: 7401/10428 (71.0%)
处理进度: 7501/10428 (71.9%)
处理进度: 7601/10428 (72.9%)
处理进度: 7701/10428 (73.8%)
处理进度: 7801/10428 (74.8%)
处理进度: 7901/10428 (75.8%)
处理进度: 8001/10428 (76.7%)
处理进度: 8101/10428 (77.7%)
处理进度: 8201/10428 (78.6%)
处理进度: 8301/10428 (79.6%)
处理进度: 8401/10428 (80.6%)
处理进度: 8501/10428 (81.5%)
处理进度: 8601/10428 (82.5%)
处理进度: 8701/10428 (83.4%)
处理进度: 8801/10428 (84.4%)
处理进度: 8901/10428 (85.4%)
处理进度: 9001/10428 (86.3%)
处理进度: 9101/10428 (87.3%)
处理进度: 9201/10428 (88.2%)
处理进度: 9301/10428 (89.2%)
处理进度: 9401/10428 (90.2%)
处理进度: 9501/10428 (91.1%)
处理进度: 9601/10428 (92.1%)
处理进度: 9701/10428 (93.0%)
处理进度: 9801/10428 (94.0%)
处理进度: 9901/10428 (94.9%)
处理进度: 10001/10428 (95.9%)
处理进度: 10101/10428 (96.9%)
处理进度: 10201/10428 (97.8%)
处理进度: 10301/10428 (98.8%)
处理进度: 10401/10428 (99.7%)
处理进度: 10428/10428 (100.0%)
  样本映射: 72054470 -> 71554079
已完成激光数据时间戳映射
映射后激光数据时间戳范围: 71407205 - 71554079
在轨迹时间范围内的激光帧数: 10428/10428 (100.0%)
过滤有效的激光扫描数据...
过滤进度: 1/10428 (0.0%), 当前有效帧: 1
过滤进度: 101/10428 (1.0%), 当前有效帧: 101
过滤进度: 201/10428 (1.9%), 当前有效帧: 201
过滤进度: 301/10428 (2.9%), 当前有效帧: 301
过滤进度: 401/10428 (3.8%), 当前有效帧: 401
过滤进度: 501/10428 (4.8%), 当前有效帧: 501
过滤进度: 601/10428 (5.8%), 当前有效帧: 601
过滤进度: 701/10428 (6.7%), 当前有效帧: 701
过滤进度: 801/10428 (7.7%), 当前有效帧: 801
过滤进度: 901/10428 (8.6%), 当前有效帧: 901
过滤进度: 1001/10428 (9.6%), 当前有效帧: 1001
过滤进度: 1101/10428 (10.6%), 当前有效帧: 1101
过滤进度: 1201/10428 (11.5%), 当前有效帧: 1201
过滤进度: 1301/10428 (12.5%), 当前有效帧: 1301
过滤进度: 1401/10428 (13.4%), 当前有效帧: 1401
过滤进度: 1501/10428 (14.4%), 当前有效帧: 1501
过滤进度: 1601/10428 (15.4%), 当前有效帧: 1601
过滤进度: 1701/10428 (16.3%), 当前有效帧: 1701
过滤进度: 1801/10428 (17.3%), 当前有效帧: 1801
过滤进度: 1901/10428 (18.2%), 当前有效帧: 1901
过滤进度: 2001/10428 (19.2%), 当前有效帧: 2001
过滤进度: 2101/10428 (20.1%), 当前有效帧: 2101
过滤进度: 2201/10428 (21.1%), 当前有效帧: 2201
过滤进度: 2301/10428 (22.1%), 当前有效帧: 2301
过滤进度: 2401/10428 (23.0%), 当前有效帧: 2401
过滤进度: 2501/10428 (24.0%), 当前有效帧: 2501
过滤进度: 2601/10428 (24.9%), 当前有效帧: 2601
过滤进度: 2701/10428 (25.9%), 当前有效帧: 2701
过滤进度: 2801/10428 (26.9%), 当前有效帧: 2801
过滤进度: 2901/10428 (27.8%), 当前有效帧: 2901
过滤进度: 3001/10428 (28.8%), 当前有效帧: 3001
过滤进度: 3101/10428 (29.7%), 当前有效帧: 3101
过滤进度: 3201/10428 (30.7%), 当前有效帧: 3201
过滤进度: 3301/10428 (31.7%), 当前有效帧: 3301
过滤进度: 3401/10428 (32.6%), 当前有效帧: 3401
过滤进度: 3501/10428 (33.6%), 当前有效帧: 3501
过滤进度: 3601/10428 (34.5%), 当前有效帧: 3601
过滤进度: 3701/10428 (35.5%), 当前有效帧: 3701
过滤进度: 3801/10428 (36.4%), 当前有效帧: 3801
过滤进度: 3901/10428 (37.4%), 当前有效帧: 3901
过滤进度: 4001/10428 (38.4%), 当前有效帧: 4001
过滤进度: 4101/10428 (39.3%), 当前有效帧: 4101
过滤进度: 4201/10428 (40.3%), 当前有效帧: 4201
过滤进度: 4301/10428 (41.2%), 当前有效帧: 4301
过滤进度: 4401/10428 (42.2%), 当前有效帧: 4401
过滤进度: 4501/10428 (43.2%), 当前有效帧: 4501
过滤进度: 4601/10428 (44.1%), 当前有效帧: 4601
过滤进度: 4701/10428 (45.1%), 当前有效帧: 4701
过滤进度: 4801/10428 (46.0%), 当前有效帧: 4801
过滤进度: 4901/10428 (47.0%), 当前有效帧: 4901
过滤进度: 5001/10428 (48.0%), 当前有效帧: 5001
过滤进度: 5101/10428 (48.9%), 当前有效帧: 5101
过滤进度: 5201/10428 (49.9%), 当前有效帧: 5201
过滤进度: 5301/10428 (50.8%), 当前有效帧: 5301
过滤进度: 5401/10428 (51.8%), 当前有效帧: 5401
过滤进度: 5501/10428 (52.8%), 当前有效帧: 5501
过滤进度: 5601/10428 (53.7%), 当前有效帧: 5601
过滤进度: 5701/10428 (54.7%), 当前有效帧: 5701
过滤进度: 5801/10428 (55.6%), 当前有效帧: 5801
过滤进度: 5901/10428 (56.6%), 当前有效帧: 5901
过滤进度: 6001/10428 (57.5%), 当前有效帧: 6001
过滤进度: 6101/10428 (58.5%), 当前有效帧: 6101
过滤进度: 6201/10428 (59.5%), 当前有效帧: 6201
过滤进度: 6301/10428 (60.4%), 当前有效帧: 6301
过滤进度: 6401/10428 (61.4%), 当前有效帧: 6401
过滤进度: 6501/10428 (62.3%), 当前有效帧: 6501
过滤进度: 6601/10428 (63.3%), 当前有效帧: 6601
过滤进度: 6701/10428 (64.3%), 当前有效帧: 6701
过滤进度: 6801/10428 (65.2%), 当前有效帧: 6801⏳ 正在转换数据 - 已等待 20/300 秒...
[INFO] [1742570881.616981550] [rosbag2_storage]: Opened database 'lms_data.bag/lms_data.bag_0.db3' for READ_WRITE.
⏳ 正在转换数据 - 已等待 30/300 秒...

过滤进度: 6901/10428 (66.2%), 当前有效帧: 6901
过滤进度: 7001/10428 (67.1%), 当前有效帧: 7001
过滤进度: 7101/10428 (68.1%), 当前有效帧: 7101
过滤进度: 7201/10428 (69.1%), 当前有效帧: 7201
过滤进度: 7301/10428 (70.0%), 当前有效帧: 7301
过滤进度: 7401/10428 (71.0%), 当前有效帧: 7401
过滤进度: 7501/10428 (71.9%), 当前有效帧: 7501
过滤进度: 7601/10428 (72.9%), 当前有效帧: 7601
过滤进度: 7701/10428 (73.8%), 当前有效帧: 7701
过滤进度: 7801/10428 (74.8%), 当前有效帧: 7801
过滤进度: 7901/10428 (75.8%), 当前有效帧: 7901
过滤进度: 8001/10428 (76.7%), 当前有效帧: 8001
过滤进度: 8101/10428 (77.7%), 当前有效帧: 8101
过滤进度: 8201/10428 (78.6%), 当前有效帧: 8201
过滤进度: 8301/10428 (79.6%), 当前有效帧: 8301
过滤进度: 8401/10428 (80.6%), 当前有效帧: 8401
过滤进度: 8501/10428 (81.5%), 当前有效帧: 8501
过滤进度: 8601/10428 (82.5%), 当前有效帧: 8601
过滤进度: 8701/10428 (83.4%), 当前有效帧: 8701
过滤进度: 8801/10428 (84.4%), 当前有效帧: 8801
过滤进度: 8901/10428 (85.4%), 当前有效帧: 8901
过滤进度: 9001/10428 (86.3%), 当前有效帧: 9001
过滤进度: 9101/10428 (87.3%), 当前有效帧: 9101
过滤进度: 9201/10428 (88.2%), 当前有效帧: 9201
过滤进度: 9301/10428 (89.2%), 当前有效帧: 9301
过滤进度: 9401/10428 (90.2%), 当前有效帧: 9401
过滤进度: 9501/10428 (91.1%), 当前有效帧: 9501
过滤进度: 9601/10428 (92.1%), 当前有效帧: 9601
过滤进度: 9701/10428 (93.0%), 当前有效帧: 9701
过滤进度: 9801/10428 (94.0%), 当前有效帧: 9801
过滤进度: 9901/10428 (94.9%), 当前有效帧: 9901
过滤进度: 10001/10428 (95.9%), 当前有效帧: 10001
过滤进度: 10101/10428 (96.9%), 当前有效帧: 10101
过滤进度: 10201/10428 (97.8%), 当前有效帧: 10201
过滤进度: 10301/10428 (98.8%), 当前有效帧: 10301
过滤进度: 10401/10428 (99.7%), 当前有效帧: 10401
过滤进度: 10428/10428 (100.0%), 当前有效帧: 10428
有效激光扫描数据帧数: 10428/10428
在轨迹时间范围内 (71407205 - 71554079) 的有效帧占总帧数的 100.0%
创建插值轨迹点...
插值进度: 1/10428 (0.0%)
插值进度: 101/10428 (1.0%)
插值进度: 201/10428 (1.9%)
插值进度: 301/10428 (2.9%)
插值进度: 401/10428 (3.8%)
插值进度: 501/10428 (4.8%)
插值进度: 601/10428 (5.8%)
插值进度: 701/10428 (6.7%)
插值进度: 801/10428 (7.7%)
插值进度: 901/10428 (8.6%)
插值进度: 1001/10428 (9.6%)
插值进度: 1101/10428 (10.6%)
插值进度: 1201/10428 (11.5%)
插值进度: 1301/10428 (12.5%)
插值进度: 1401/10428 (13.4%)
插值进度: 1501/10428 (14.4%)
插值进度: 1601/10428 (15.4%)
插值进度: 1701/10428 (16.3%)
插值进度: 1801/10428 (17.3%)
插值进度: 1901/10428 (18.2%)
插值进度: 2001/10428 (19.2%)
插值进度: 2101/10428 (20.1%)
插值进度: 2201/10428 (21.1%)
插值进度: 2301/10428 (22.1%)
插值进度: 2401/10428 (23.0%)
插值进度: 2501/10428 (24.0%)
插值进度: 2601/10428 (24.9%)
插值进度: 2701/10428 (25.9%)
插值进度: 2801/10428 (26.9%)
插值进度: 2901/10428 (27.8%)
插值进度: 3001/10428 (28.8%)
插值进度: 3101/10428 (29.7%)
插值进度: 3201/10428 (30.7%)
插值进度: 3301/10428 (31.7%)
插值进度: 3401/10428 (32.6%)
插值进度: 3501/10428 (33.6%)
插值进度: 3601/10428 (34.5%)
插值进度: 3701/10428 (35.5%)
插值进度: 3801/10428 (36.4%)
插值进度: 3901/10428 (37.4%)
插值进度: 4001/10428 (38.4%)
插值进度: 4101/10428 (39.3%)
插值进度: 4201/10428 (40.3%)
插值进度: 4301/10428 (41.2%)
插值进度: 4401/10428 (42.2%)
插值进度: 4501/10428 (43.2%)
插值进度: 4601/10428 (44.1%)
插值进度: 4701/10428 (45.1%)
插值进度: 4801/10428 (46.0%)
插值进度: 4901/10428 (47.0%)
插值进度: 5001/10428 (48.0%)
插值进度: 5101/10428 (48.9%)
插值进度: 5201/10428 (49.9%)
插值进度: 5301/10428 (50.8%)
插值进度: 5401/10428 (51.8%)
插值进度: 5501/10428 (52.8%)
插值进度: 5601/10428 (53.7%)
插值进度: 5701/10428 (54.7%)
插值进度: 5801/10428 (55.6%)
插值进度: 5901/10428 (56.6%)
插值进度: 6001/10428 (57.5%)
插值进度: 6101/10428 (58.5%)
插值进度: 6201/10428 (59.5%)
插值进度: 6301/10428 (60.4%)
插值进度: 6401/10428 (61.4%)
插值进度: 6501/10428 (62.3%)
插值进度: 6601/10428 (63.3%)
插值进度: 6701/10428 (64.3%)
插值进度: 6801/10428 (65.2%)
插值进度: 6901/10428 (66.2%)
插值进度: 7001/10428 (67.1%)
插值进度: 7101/10428 (68.1%)
插值进度: 7201/10428 (69.1%)
插值进度: 7301/10428 (70.0%)
插值进度: 7401/10428 (71.0%)
插值进度: 7501/10428 (71.9%)
插值进度: 7601/10428 (72.9%)
插值进度: 7701/10428 (73.8%)
插值进度: 7801/10428 (74.8%)
插值进度: 7901/10428 (75.8%)
插值进度: 8001/10428 (76.7%)
插值进度: 8101/10428 (77.7%)
插值进度: 8201/10428 (78.6%)
插值进度: 8301/10428 (79.6%)
插值进度: 8401/10428 (80.6%)
插值进度: 8501/10428 (81.5%)
插值进度: 8601/10428 (82.5%)
插值进度: 8701/10428 (83.4%)
插值进度: 8801/10428 (84.4%)
插值进度: 8901/10428 (85.4%)
插值进度: 9001/10428 (86.3%)
插值进度: 9101/10428 (87.3%)
插值进度: 9201/10428 (88.2%)
插值进度: 9301/10428 (89.2%)
插值进度: 9401/10428 (90.2%)
插值进度: 9501/10428 (91.1%)
插值进度: 9601/10428 (92.1%)
插值进度: 9701/10428 (93.0%)
插值进度: 9801/10428 (94.0%)
插值进度: 9901/10428 (94.9%)
插值进度: 10001/10428 (95.9%)
插值进度: 10101/10428 (96.9%)
插值进度: 10201/10428 (97.8%)
插值进度: 10301/10428 (98.8%)
插值进度: 10401/10428 (99.7%)
插值进度: 10428/10428 (100.0%)
扩充轨迹点: 原始=2355, 扩充后=10428
时间戳完全匹配的激光帧数: 10428/10428 (100.0%)
创建rosbag文件: lms_data.bag
生成rosbag时间戳...
写入所有轨迹点...
轨迹写入进度: 1/10428 (0.0%)
轨迹写入进度: 101/10428 (1.0%)
轨迹写入进度: 201/10428 (1.9%)
轨迹写入进度: 301/10428 (2.9%)
轨迹写入进度: 401/10428 (3.8%)
轨迹写入进度: 501/10428 (4.8%)
轨迹写入进度: 601/10428 (5.8%)
轨迹写入进度: 701/10428 (6.7%)
轨迹写入进度: 801/10428 (7.7%)
轨迹写入进度: 901/10428 (8.6%)
轨迹写入进度: 1001/10428 (9.6%)
轨迹写入进度: 1101/10428 (10.6%)
轨迹写入进度: 1201/10428 (11.5%)
轨迹写入进度: 1301/10428 (12.5%)
轨迹写入进度: 1401/10428 (13.4%)
轨迹写入进度: 1501/10428 (14.4%)
轨迹写入进度: 1601/10428 (15.4%)
轨迹写入进度: 1701/10428 (16.3%)
轨迹写入进度: 1801/10428 (17.3%)
轨迹写入进度: 1901/10428 (18.2%)
轨迹写入进度: 2001/10428 (19.2%)
轨迹写入进度: 2101/10428 (20.1%)
轨迹写入进度: 2201/10428 (21.1%)
轨迹写入进度: 2301/10428 (22.1%)
轨迹写入进度: 2401/10428 (23.0%)
轨迹写入进度: 2501/10428 (24.0%)
轨迹写入进度: 2601/10428 (24.9%)
轨迹写入进度: 2701/10428 (25.9%)
轨迹写入进度: 2801/10428 (26.9%)
轨迹写入进度: 2901/10428 (27.8%)
轨迹写入进度: 3001/10428 (28.8%)
轨迹写入进度: 3101/10428 (29.7%)
轨迹写入进度: 3201/10428 (30.7%)
轨迹写入进度: 3301/10428 (31.7%)
轨迹写入进度: 3401/10428 (32.6%)
轨迹写入进度: 3501/10428 (33.6%)
轨迹写入进度: 3601/10428 (34.5%)
轨迹写入进度: 3701/10428 (35.5%)
轨迹写入进度: 3801/10428 (36.4%)
轨迹写入进度: 3901/10428 (37.4%)
轨迹写入进度: 4001/10428 (38.4%)
轨迹写入进度: 4101/10428 (39.3%)
轨迹写入进度: 4201/10428 (40.3%)
轨迹写入进度: 4301/10428 (41.2%)
轨迹写入进度: 4401/10428 (42.2%)
轨迹写入进度: 4501/10428 (43.2%)
轨迹写入进度: 4601/10428 (44.1%)
轨迹写入进度: 4701/10428 (45.1%)
轨迹写入进度: 4801/10428 (46.0%)
轨迹写入进度: 4901/10428 (47.0%)
轨迹写入进度: 5001/10428 (48.0%)
轨迹写入进度: 5101/10428 (48.9%)
轨迹写入进度: 5201/10428 (49.9%)
轨迹写入进度: 5301/10428 (50.8%)
轨迹写入进度: 5401/10428 (51.8%)
轨迹写入进度: 5501/10428 (52.8%)
轨迹写入进度: 5601/10428 (53.7%)
轨迹写入进度: 5701/10428 (54.7%)
轨迹写入进度: 5801/10428 (55.6%)
⏳ 正在转换数据 - 已等待 40/300 秒...
轨迹写入进度: 5901/10428 (56.6%)
轨迹写入进度: 6001/10428 (57.5%)
轨迹写入进度: 6101/10428 (58.5%)
轨迹写入进度: 6201/10428 (59.5%)
轨迹写入进度: 6301/10428 (60.4%)
轨迹写入进度: 6401/10428 (61.4%)
轨迹写入进度: 6501/10428 (62.3%)
轨迹写入进度: 6601/10428 (63.3%)
轨迹写入进度: 6701/10428 (64.3%)
轨迹写入进度: 6801/10428 (65.2%)
轨迹写入进度: 6901/10428 (66.2%)
轨迹写入进度: 7001/10428 (67.1%)
轨迹写入进度: 7101/10428 (68.1%)
轨迹写入进度: 7201/10428 (69.1%)
轨迹写入进度: 7301/10428 (70.0%)
轨迹写入进度: 7401/10428 (71.0%)
轨迹写入进度: 7501/10428 (71.9%)
轨迹写入进度: 7601/10428 (72.9%)
轨迹写入进度: 7701/10428 (73.8%)
轨迹写入进度: 7801/10428 (74.8%)
轨迹写入进度: 7901/10428 (75.8%)
轨迹写入进度: 8001/10428 (76.7%)
轨迹写入进度: 8101/10428 (77.7%)
轨迹写入进度: 8201/10428 (78.6%)
轨迹写入进度: 8301/10428 (79.6%)
轨迹写入进度: 8401/10428 (80.6%)
轨迹写入进度: 8501/10428 (81.5%)
轨迹写入进度: 8601/10428 (82.5%)
轨迹写入进度: 8701/10428 (83.4%)
轨迹写入进度: 8801/10428 (84.4%)
轨迹写入进度: 8901/10428 (85.4%)
轨迹写入进度: 9001/10428 (86.3%)
轨迹写入进度: 9101/10428 (87.3%)
轨迹写入进度: 9201/10428 (88.2%)
轨迹写入进度: 9301/10428 (89.2%)
轨迹写入进度: 9401/10428 (90.2%)
轨迹写入进度: 9501/10428 (91.1%)
轨迹写入进度: 9601/10428 (92.1%)
轨迹写入进度: 9701/10428 (93.0%)
轨迹写入进度: 9801/10428 (94.0%)
轨迹写入进度: 9901/10428 (94.9%)
轨迹写入进度: 10001/10428 (95.9%)
轨迹写入进度: 10101/10428 (96.9%)
轨迹写入进度: 10201/10428 (97.8%)
轨迹写入进度: 10301/10428 (98.8%)
轨迹写入进度: 10401/10428 (99.7%)
轨迹写入进度: 10428/10428 (100.0%)
写入所有激光帧...
激光帧写入进度: 1/10428 (0.0%)
激光帧写入进度: 101/10428 (1.0%)
激光帧写入进度: 201/10428 (1.9%)
激光帧写入进度: 301/10428 (2.9%)
激光帧写入进度: 401/10428 (3.8%)
激光帧写入进度: 501/10428 (4.8%)
激光帧写入进度: 601/10428 (5.8%)
激光帧写入进度: 701/10428 (6.7%)
激光帧写入进度: 801/10428 (7.7%)
激光帧写入进度: 901/10428 (8.6%)
激光帧写入进度: 1001/10428 (9.6%)
激光帧写入进度: 1101/10428 (10.6%)
激光帧写入进度: 1201/10428 (11.5%)
激光帧写入进度: 1301/10428 (12.5%)
激光帧写入进度: 1401/10428 (13.4%)
激光帧写入进度: 1501/10428 (14.4%)
激光帧写入进度: 1601/10428 (15.4%)
激光帧写入进度: 1701/10428 (16.3%)
激光帧写入进度: 1801/10428 (17.3%)
激光帧写入进度: 1901/10428 (18.2%)
激光帧写入进度: 2001/10428 (19.2%)
激光帧写入进度: 2101/10428 (20.1%)
激光帧写入进度: 2201/10428 (21.1%)
激光帧写入进度: 2301/10428 (22.1%)
激光帧写入进度: 2401/10428 (23.0%)
激光帧写入进度: 2501/10428 (24.0%)
激光帧写入进度: 2601/10428 (24.9%)
激光帧写入进度: 2701/10428 (25.9%)
激光帧写入进度: 2801/10428 (26.9%)
激光帧写入进度: 2901/10428 (27.8%)
激光帧写入进度: 3001/10428 (28.8%)
激光帧写入进度: 3101/10428 (29.7%)
激光帧写入进度: 3201/10428 (30.7%)
激光帧写入进度: 3301/10428 (31.7%)
激光帧写入进度: 3401/10428 (32.6%)
激光帧写入进度: 3501/10428 (33.6%)
激光帧写入进度: 3601/10428 (34.5%)
激光帧写入进度: 3701/10428 (35.5%)
激光帧写入进度: 3801/10428 (36.4%)
激光帧写入进度: 3901/10428 (37.4%)
激光帧写入进度: 4001/10428 (38.4%)
激光帧写入进度: 4101/10428 (39.3%)
激光帧写入进度: 4201/10428 (40.3%)
激光帧写入进度: 4301/10428 (41.2%)
激光帧写入进度: 4401/10428 (42.2%)
激光帧写入进度: 4501/10428 (43.2%)
激光帧写入进度: 4601/10428 (44.1%)
激光帧写入进度: 4701/10428 (45.1%)
激光帧写入进度: 4801/10428 (46.0%)
激光帧写入进度: 4901/10428 (47.0%)
激光帧写入进度: 5001/10428 (48.0%)
激光帧写入进度: 5101/10428 (48.9%)
激光帧写入进度: 5201/10428 (49.9%)
激光帧写入进度: 5301/10428 (50.8%)
激光帧写入进度: 5401/10428 (51.8%)
激光帧写入进度: 5501/10428 (52.8%)
激光帧写入进度: 5601/10428 (53.7%)
激光帧写入进度: 5701/10428 (54.7%)
激光帧写入进度: 5801/10428 (55.6%)
激光帧写入进度: 5901/10428 (56.6%)
激光帧写入进度: 6001/10428 (57.5%)
激光帧写入进度: 6101/10428 (58.5%)
激光帧写入进度: 6201/10428 (59.5%)
激光帧写入进度: 6301/10428 (60.4%)
激光帧写入进度: 6401/10428 (61.4%)
激光帧写入进度: 6501/10428 (62.3%)
激光帧写入进度: 6601/10428 (63.3%)
激光帧写入进度: 6701/10428 (64.3%)
激光帧写入进度: 6801/10428 (65.2%)
激光帧写入进度: 6901/10428 (66.2%)
激光帧写入进度: 7001/10428 (67.1%)
激光帧写入进度: 7101/10428 (68.1%)
激光帧写入进度: 7201/10428 (69.1%)
激光帧写入进度: 7301/10428 (70.0%)
激光帧写入进度: 7401/10428 (71.0%)
激光帧写入进度: 7501/10428 (71.9%)
激光帧写入进度: 7601/10428 (72.9%)
激光帧写入进度: 7701/10428 (73.8%)
激光帧写入进度: 7801/10428 (74.8%)
激光帧写入进度: 7901/10428 (75.8%)
激光帧写入进度: 8001/10428 (76.7%)
激光帧写入进度: 8101/10428 (77.7%)
激光帧写入进度: 8201/10428 (78.6%)
激光帧写入进度: 8301/10428 (79.6%)
激光帧写入进度: 8401/10428 (80.6%)
激光帧写入进度: 8501/10428 (81.5%)
激光帧写入进度: 8601/10428 (82.5%)
激光帧写入进度: 8701/10428 (83.4%)
激光帧写入进度: 8801/10428 (84.4%)
激光帧写入进度: 8901/10428 (85.4%)
激光帧写入进度: 9001/10428 (86.3%)
激光帧写入进度: 9101/10428 (87.3%)
激光帧写入进度: 9201/10428 (88.2%)
激光帧写入进度: 9301/10428 (89.2%)
激光帧写入进度: 9401/10428 (90.2%)
激光帧写入进度: 9501/10428 (91.1%)
激光帧写入进度: 9601/10428 (92.1%)
激光帧写入进度: 9701/10428 (93.0%)
激光帧写入进度: 9801/10428 (94.0%)
激光帧写入进度: 9901/10428 (94.9%)
激光帧写入进度: 10001/10428 (95.9%)
激光帧写入进度: 10101/10428 (96.9%)
激光帧写入进度: 10201/10428 (97.8%)
激光帧写入进度: 10301/10428 (98.8%)
激光帧写入进度: 10401/10428 (99.7%)
激光帧写入进度: 10428/10428 (100.0%)
成功将数据写入ROS2 bag文件: lms_data.bag
总共写入帧数: 10428
总有效激光点数: 3715347, 平均每帧: 356.3
使用的轨迹时间戳范围: 71407205 - 71554079
处理用时: 54.16秒
ROS2 Bag文件写入完成
✅ 命令已完成
检查rosbag内容...
⏱️ 执行命令 (最长30秒): ros2 bag info lms_data.bag

Files:             lms_data.bag_0.db3
Bag size:          31.3 MiB
Storage id:        sqlite3
Duration:          146.874000000s
Start:             Jan  1 1970 08:00:01.000000000 (1.000000000)
End:               Jan  1 1970 08:02:27.874000000 (147.874000000)
Messages:          41712
Topic information: Topic: /clock | Type: rosgraph_msgs/msg/Clock | Count: 10428 | Serialization Format: cdr
                   Topic: scan | Type: sensor_msgs/msg/LaserScan | Count: 10428 | Serialization Format: cdr
                   Topic: odom | Type: nav_msgs/msg/Odometry | Count: 10428 | Serialization Format: cdr
                   Topic: tf | Type: tf2_msgs/msg/TFMessage | Count: 10428 | Serialization Format: cdr

✅ 命令已完成
正在启动LMS Mapper节点...
执行: python3 /IntelligentMobileRobots2025/work3/src/lms_mapper/lms_mapper/lms_mapper_node.py --ros-args -p map_save_path:=occupancy_grid.png
设置ROS2使用模拟时钟...
usage: ros2 param set [-h] [--spin-time SPIN_TIME] [-s] [--no-daemon]
                      [--include-hidden-nodes]
                      node_name parameter_name value
ros2 param set: error: the following arguments are required: value
无法设置全局参数，将在节点启动时设置
等待节点启动...
[INFO] [1742570929.881855212] [lms_mapper]: 地图参数: 尺寸=1000x1000, 分辨率=0.1米/格
[INFO] [1742570929.904145253] [lms_mapper]: 地图重置功能已禁用，将持续累积所有障碍物数据
[INFO] [1742570929.922695712] [lms_mapper]: 中间地图保存间隔: 60.0秒
[INFO] [1742570929.922955128] [lms_mapper]: 清除过期障碍物功能已禁用，将保留所有检测到的障碍物
[INFO] [1742570929.923193003] [lms_mapper]: 运动过滤功能已禁用，将记录所有时间段的激光数据
[INFO] [1742570929.923398587] [lms_mapper]: 使用固定阈值：1
[INFO] [1742570930.060298420] [lms_mapper]: LMS mapper node已启动
[INFO] [1742570930.079886920] [lms_mapper]: LMS mapper node已启动，等待数据...
[WARN] [1742570931.189880045] [lms_mapper]: 等待数据中... 20/600秒
[WARN] [1742570932.303113213] [lms_mapper]: 等待数据中... 40/600秒
[WARN] [1742570933.435920588] [lms_mapper]: 等待数据中... 60/600秒
[WARN] [1742570934.604353297] [lms_mapper]: 等待数据中... 80/600秒
[WARN] [1742570935.669044214] [lms_mapper]: 等待数据中... 100/600秒
节点已启动，PID: 84447
检查可用的话题...
[WARN] [1742570936.767046465] [lms_mapper]: 等待数据中... 120/600秒
[WARN] [1742570937.882106632] [lms_mapper]: 等待数据中... 140/600秒
[WARN] [1742570938.994102049] [lms_mapper]: 等待数据中... 160/600秒
[WARN] [1742570940.138975383] [lms_mapper]: 等待数据中... 180/600秒
/clock
/map
/odom
/parameter_events
/rosout
/scan
等待话题准备就绪...
[WARN] [1742570941.269190050] [lms_mapper]: 等待数据中... 200/600秒
[WARN] [1742570942.404133884] [lms_mapper]: 等待数据中... 220/600秒
[WARN] [1742570943.537222260] [lms_mapper]: 等待数据中... 240/600秒
[WARN] [1742570944.643101760] [lms_mapper]: 等待数据中... 260/600秒
✅ /map 话题已准备就绪
正在播放rosbag数据...
等待系统准备就绪，确保时钟同步...
[WARN] [1742570945.781056636] [lms_mapper]: 等待数据中... 280/600秒
[WARN] [1742570946.881965595] [lms_mapper]: 等待数据中... 300/600秒
[WARN] [1742570947.989948179] [lms_mapper]: 等待数据中... 320/600秒
[WARN] [1742570949.105235637] [lms_mapper]: 等待数据中... 340/600秒
开始播放rosbag...
[WARN] [1742570950.196180513] [lms_mapper]: 等待数据中... 360/600秒
[WARN] [1742570951.284983763] [lms_mapper]: 等待数据中... 380/600秒
[WARN] [1742570952.312871375] [lms_mapper]: 等待数据中... 400/600秒
stdin is not a terminal device. Keyboard handling disabled.[WARN] [1742570953.340990833] [lms_mapper]: 等待数据中... 420/600秒
等待rosbag播放完成...
[INFO] [1742570953.732285875] [rosbag2_storage]: Opened database 'lms_data.bag/lms_data.bag_0.db3' for READ_ONLY.
[INFO] [1742570953.737865042] [rosbag2_player]: Set rate to 0.1
[INFO] [1742570953.803166334] [rosbag2_player]: Adding keyboard callbacks.
[INFO] [1742570953.803933875] [rosbag2_player]: Press SPACE for Pause/Resume
[INFO] [1742570953.804089709] [rosbag2_player]: Press CURSOR_RIGHT for Play Next Message
[INFO] [1742570953.804207084] [rosbag2_player]: Press CURSOR_UP for Increase Rate 10%
[INFO] [1742570953.805576167] [rosbag2_player]: Press CURSOR_DOWN for Decrease Rate 10%
[INFO] [1742570953.815081250] [rosbag2_storage]: Opened database 'lms_data.bag/lms_data.bag_0.db3' for READ_ONLY.
[WARN] [1742570954.207090250] [lms_mapper]: 等待数据中... 440/600秒
[INFO] [1742570954.214706542] [lms_mapper]: 接收到激光数据: frame_id=laser, 点数=361
[INFO] [1742570954.230574209] [lms_mapper]: 记录起始位置: x=0.00, y=0.00, theta=0.00
[INFO] [1742570954.319679126] [lms_mapper]: 记录起始位置: x=0.00, y=0.00, theta=0.00
[INFO] [1742570954.321331459] [lms_mapper]: 当前使用的障碍物计数阈值: 1
[INFO] [1742570961.409701296] [lms_mapper]: 【障碍物计算】机器人位置: x=0.00, y=0.00, theta=0.00
[INFO] [1742570961.425995962] [lms_mapper]: 【最近障碍物】距离机器人: (0.95,0.17)=0.96m, (0.95,0.15)=0.96m, (0.96,0.06)=0.96m, (0.96,0.00)=0.96m, (0.95,0.14)=0.96m
[WARN] [1742570965.514085839] [lms_mapper]: 激光扫描处理间隔较长: 1.75秒
[INFO] [1742570968.415445341] [lms_mapper]: 已接收轨迹点: 100
[INFO] [1742570968.419676382] [lms_mapper]: 已接收轨迹点: 100
[INFO] [1742570968.421794216] [lms_mapper]: 已接收轨迹点: 100
[INFO] [1742570968.433754716] [lms_mapper]: 已接收轨迹点: 100
[INFO] [1742570968.484457216] [lms_mapper]: 已接收轨迹点: 100
[INFO] [1742570968.486788924] [lms_mapper]: 已接收轨迹点: 100
[INFO] [1742570968.514597132] [lms_mapper]: 已接收轨迹点: 100
[INFO] [1742570968.525059591] [lms_mapper]: 已接收轨迹点: 100
[INFO] [1742570968.574081466] [lms_mapper]: 已接收轨迹点: 100
[INFO] [1742570968.574549549] [lms_mapper]: 接收到激光数据: frame_id=laser, 点数=361
[INFO] [1742570968.574818757] [lms_mapper]: 【激光雷达坐标】x=0.0000, y=0.0000, theta=0.0000
[INFO] [1742570968.575186549] [lms_mapper]: 接收到激光数据: 361个点, 角度范围=[0.00, 3.14]
[INFO] [1742570968.575485799] [lms_mapper]: 有效激光点: 350/361
[INFO] [1742570968.575690382] [lms_mapper]: 机器人位姿: x=0.00, y=0.00, theta=0.00, cos_theta=1.00, sin_theta=0.00
[INFO] [1742570968.576292716] [lms_mapper]: 激光点世界坐标范围: x=[-1.78, 0.97], y=[0.00, 20.03]
[INFO] [1742570968.576656674] [lms_mapper]: 【坐标转换样本】: 激光坐标(0.96,0.00)→世界坐标(0.96,0.00) | 激光坐标(0.94,0.89)→世界坐标(0.94,0.89) | 激光坐标(0.39,11.29)→世界坐标(0.39,11.29) | 激光坐标(-1.21,1.15)→世界坐标(-1.21,1.15) | 激光坐标(-1.17,0.00)→世界坐标(-1.17,0.00)
[INFO] [1742570968.606693132] [lms_mapper]: 地图统计: 总栅格数=1000000, 占用数=175, 占用率=0.02%
[INFO] [1742570968.606960382] [lms_mapper]: 地图边界: x=[-1.84, 0.98], y=[0.00, 25.74]
[INFO] [1742570968.607186507] [lms_mapper]: 总共处理了101个激光帧, 34772个有效激光点
[INFO] [1742570968.621486341] [lms_mapper]: 已记录35122个原始障碍物点坐标，用于最终地图生成
[INFO] [1742570968.621868924] [lms_mapper]: 已接收轨迹点: 100
[INFO] [1742570968.695913257] [lms_mapper]: 【障碍物计算】机器人位置: x=0.00, y=0.00, theta=0.00
[INFO] [1742570968.696746882] [lms_mapper]: 【最近障碍物】距离机器人: (0.95,0.07)=0.95m, (0.95,0.08)=0.95m, (0.95,0.02)=0.95m, (0.95,0.00)=0.95m, (0.95,0.02)=0.95m
⏳ 正在播放rosbag - 已等待 15/3600 秒...
当前活跃话题:
[WARN] [1742570971.074363175] [lms_mapper]: 激光扫描处理间隔较长: 0.74秒
/clock
/events/read_split
/map
/odom
/parameter_events
/rosout
/scan
/tf
[WARN] [1742570975.499399552] [lms_mapper]: 激光扫描处理间隔较长: 1.71秒
[INFO] [1742570975.987922053] [lms_mapper]: 【障碍物计算】机器人位置: x=0.00, y=0.00, theta=0.00
[INFO] [1742570975.988439303] [lms_mapper]: 【最近障碍物】距离机器人: (0.96,0.06)=0.96m, (0.96,0.00)=0.96m, (0.95,0.14)=0.96m, (0.95,0.11)=0.96m, (0.95,0.10)=0.96m
[INFO] [1742570982.783754333] [lms_mapper]: 已接收轨迹点: 200
[INFO] [1742570982.786688750] [lms_mapper]: 已接收轨迹点: 200
[INFO] [1742570982.792255750] [lms_mapper]: 已接收轨迹点: 200
[INFO] [1742570982.813593791] [lms_mapper]: 已接收轨迹点: 200
[INFO] [1742570982.828082083] [lms_mapper]: 已接收轨迹点: 200
[INFO] [1742570982.862135958] [lms_mapper]: 已接收轨迹点: 200
[INFO] [1742570982.883181375] [lms_mapper]: 已接收轨迹点: 200
[INFO] [1742570982.900162083] [lms_mapper]: 已接收轨迹点: 200
[INFO] [1742570982.908758167] [lms_mapper]: 接收到激光数据: frame_id=laser, 点数=361
[INFO] [1742570982.913386458] [lms_mapper]: 【激光雷达坐标】x=0.0000, y=0.0000, theta=0.0000
[INFO] [1742570982.928548917] [lms_mapper]: 接收到激光数据: 361个点, 角度范围=[0.00, 3.14]
[INFO] [1742570982.928877000] [lms_mapper]: 有效激光点: 351/361
[INFO] [1742570982.929187500] [lms_mapper]: 机器人位姿: x=0.00, y=0.00, theta=0.00, cos_theta=1.00, sin_theta=0.00
[INFO] [1742570982.929739042] [lms_mapper]: 激光点世界坐标范围: x=[-1.75, 0.97], y=[0.00, 25.70]
[INFO] [1742570982.930000000] [lms_mapper]: 【坐标转换样本】: 激光坐标(0.96,0.00)→世界坐标(0.96,0.00) | 激光坐标(0.94,0.89)→世界坐标(0.94,0.89) | 激光坐标(0.39,11.29)→世界坐标(0.39,11.29) | 激光坐标(-1.20,1.14)→世界坐标(-1.20,1.14) | 激光坐标(-1.16,0.00)→世界坐标(-1.16,0.00)
[INFO] [1742570982.951572000] [lms_mapper]: 地图统计: 总栅格数=1000000, 占用数=183, 占用率=0.02%
[INFO] [1742570982.951850500] [lms_mapper]: 地图边界: x=[-1.85, 0.98], y=[0.00, 25.75]
[INFO] [1742570982.952089667] [lms_mapper]: 总共处理了201个激光帧, 69890个有效激光点
[INFO] [1742570982.952283833] [lms_mapper]: 已记录70241个原始障碍物点坐标，用于最终地图生成
[INFO] [1742570982.952571750] [lms_mapper]: 已接收轨迹点: 200
[INFO] [1742570983.094170750] [lms_mapper]: 【障碍物计算】机器人位置: x=0.00, y=0.00, theta=0.00
[INFO] [1742570983.095893292] [lms_mapper]: 【最近障碍物】距离机器人: (0.95,0.01)=0.95m, (0.95,0.02)=0.95m, (0.95,0.17)=0.96m, (0.94,0.17)=0.96m, (0.96,0.06)=0.96m
[WARN] [1742570985.315197834] [lms_mapper]: 激光扫描处理间隔较长: 1.57秒
⏳ 正在播放rosbag - 已等待 30/3600 秒...
当前活跃话题:
[INFO] [1742570990.122263878] [lms_mapper]: 【障碍物计算】机器人位置: x=0.00, y=0.00, theta=0.00
[INFO] [1742570990.122767670] [lms_mapper]: 【最近障碍物】距离机器人: (0.95,0.03)=0.95m, (0.95,0.05)=0.95m, (0.95,0.06)=0.95m, (0.95,0.15)=0.96m, (0.96,0.00)=0.96m
/clock
/events/read_split
/map
/odom
/parameter_events
/rosout
/scan
/tf
[INFO] [1742570995.329852631] [lms_mapper]: 【进度报告】运行时间: 65.4秒, 处理扫描: 278帧, 轨迹点: 277个, 障碍物格子: 184个, 轨迹已更新
[INFO] [1742570995.406132881] [lms_mapper]: 共绘制障碍物点 184个
[INFO] [1742570995.433118464] [lms_mapper]: 障碍物世界坐标范围: X=-1.90到0.90, Y=0.00到25.70
[INFO] [1742570995.433428839] [lms_mapper]: 中间地图 #1: 绘制轨迹 277个点, 障碍物 184个
[INFO] [1742571001.916775884] [lms_mapper]: 地图显示边界: X=-20.0到50.0, Y=-20.0到55.0
/IntelligentMobileRobots2025/work3/src/lms_mapper/lms_mapper/lms_mapper_node.py:1659: UserWarning: Glyph 20013 (\N{CJK UNIFIED IDEOGRAPH-4E2D}) missing from current font.
  plt.savefig(checkpoint_path, dpi=150)
/IntelligentMobileRobots2025/work3/src/lms_mapper/lms_mapper/lms_mapper_node.py:1659: UserWarning: Glyph 38388 (\N{CJK UNIFIED IDEOGRAPH-95F4}) missing from current font.
  plt.savefig(checkpoint_path, dpi=150)
/IntelligentMobileRobots2025/work3/src/lms_mapper/lms_mapper/lms_mapper_node.py:1659: UserWarning: Glyph 22320 (\N{CJK UNIFIED IDEOGRAPH-5730}) missing from current font.
  plt.savefig(checkpoint_path, dpi=150)
/IntelligentMobileRobots2025/work3/src/lms_mapper/lms_mapper/lms_mapper_node.py:1659: UserWarning: Glyph 22270 (\N{CJK UNIFIED IDEOGRAPH-56FE}) missing from current font.
  plt.savefig(checkpoint_path, dpi=150)
/IntelligentMobileRobots2025/work3/src/lms_mapper/lms_mapper/lms_mapper_node.py:1659: UserWarning: Glyph 32467 (\N{CJK UNIFIED IDEOGRAPH-7ED3}) missing from current font.
  plt.savefig(checkpoint_path, dpi=150)
/IntelligentMobileRobots2025/work3/src/lms_mapper/lms_mapper/lms_mapper_node.py:1659: UserWarning: Glyph 26524 (\N{CJK UNIFIED IDEOGRAPH-679C}) missing from current font.
  plt.savefig(checkpoint_path, dpi=150)
/IntelligentMobileRobots2025/work3/src/lms_mapper/lms_mapper/lms_mapper_node.py:1659: UserWarning: Glyph 26816 (\N{CJK UNIFIED IDEOGRAPH-68C0}) missing from current font.
  plt.savefig(checkpoint_path, dpi=150)
/IntelligentMobileRobots2025/work3/src/lms_mapper/lms_mapper/lms_mapper_node.py:1659: UserWarning: Glyph 26597 (\N{CJK UNIFIED IDEOGRAPH-67E5}) missing from current font.
  plt.savefig(checkpoint_path, dpi=150)
/IntelligentMobileRobots2025/work3/src/lms_mapper/lms_mapper/lms_mapper_node.py:1659: UserWarning: Glyph 28857 (\N{CJK UNIFIED IDEOGRAPH-70B9}) missing from current font.
  plt.savefig(checkpoint_path, dpi=150)
/IntelligentMobileRobots2025/work3/src/lms_mapper/lms_mapper/lms_mapper_node.py:1659: UserWarning: Glyph 26102 (\N{CJK UNIFIED IDEOGRAPH-65F6}) missing from current font.
  plt.savefig(checkpoint_path, dpi=150)
/IntelligentMobileRobots2025/work3/src/lms_mapper/lms_mapper/lms_mapper_node.py:1659: UserWarning: Glyph 31186 (\N{CJK UNIFIED IDEOGRAPH-79D2}) missing from current font.
  plt.savefig(checkpoint_path, dpi=150)
/IntelligentMobileRobots2025/work3/src/lms_mapper/lms_mapper/lms_mapper_node.py:1659: UserWarning: Glyph 36712 (\N{CJK UNIFIED IDEOGRAPH-8F68}) missing from current font.
  plt.savefig(checkpoint_path, dpi=150)
/IntelligentMobileRobots2025/work3/src/lms_mapper/lms_mapper/lms_mapper_node.py:1659: UserWarning: Glyph 36857 (\N{CJK UNIFIED IDEOGRAPH-8FF9}) missing from current font.
  plt.savefig(checkpoint_path, dpi=150)
/IntelligentMobileRobots2025/work3/src/lms_mapper/lms_mapper/lms_mapper_node.py:1659: UserWarning: Glyph 25968 (\N{CJK UNIFIED IDEOGRAPH-6570}) missing from current font.
  plt.savefig(checkpoint_path, dpi=150)
/IntelligentMobileRobots2025/work3/src/lms_mapper/lms_mapper/lms_mapper_node.py:1659: UserWarning: Glyph 20010 (\N{CJK UNIFIED IDEOGRAPH-4E2A}) missing from current font.
  plt.savefig(checkpoint_path, dpi=150)
/IntelligentMobileRobots2025/work3/src/lms_mapper/lms_mapper/lms_mapper_node.py:1659: UserWarning: Glyph 22352 (\N{CJK UNIFIED IDEOGRAPH-5750}) missing from current font.
  plt.savefig(checkpoint_path, dpi=150)
/IntelligentMobileRobots2025/work3/src/lms_mapper/lms_mapper/lms_mapper_node.py:1659: UserWarning: Glyph 26631 (\N{CJK UNIFIED IDEOGRAPH-6807}) missing from current font.
  plt.savefig(checkpoint_path, dpi=150)
/IntelligentMobileRobots2025/work3/src/lms_mapper/lms_mapper/lms_mapper_node.py:1659: UserWarning: Glyph 31859 (\N{CJK UNIFIED IDEOGRAPH-7C73}) missing from current font.
  plt.savefig(checkpoint_path, dpi=150)
/IntelligentMobileRobots2025/work3/src/lms_mapper/lms_mapper/lms_mapper_node.py:1659: UserWarning: Glyph 26426 (\N{CJK UNIFIED IDEOGRAPH-673A}) missing from current font.
  plt.savefig(checkpoint_path, dpi=150)
/IntelligentMobileRobots2025/work3/src/lms_mapper/lms_mapper/lms_mapper_node.py:1659: UserWarning: Glyph 22120 (\N{CJK UNIFIED IDEOGRAPH-5668}) missing from current font.
  plt.savefig(checkpoint_path, dpi=150)
/IntelligentMobileRobots2025/work3/src/lms_mapper/lms_mapper/lms_mapper_node.py:1659: UserWarning: Glyph 20154 (\N{CJK UNIFIED IDEOGRAPH-4EBA}) missing from current font.
  plt.savefig(checkpoint_path, dpi=150)
/IntelligentMobileRobots2025/work3/src/lms_mapper/lms_mapper/lms_mapper_node.py:1659: UserWarning: Glyph 36215 (\N{CJK UNIFIED IDEOGRAPH-8D77}) missing from current font.
  plt.savefig(checkpoint_path, dpi=150)
/IntelligentMobileRobots2025/work3/src/lms_mapper/lms_mapper/lms_mapper_node.py:1659: UserWarning: Glyph 32456 (\N{CJK UNIFIED IDEOGRAPH-7EC8}) missing from current font.
  plt.savefig(checkpoint_path, dpi=150)
[INFO] [1742571005.557482302] [lms_mapper]: 已保存中间地图 #1 到: map_checkpoint_1.png
[WARN] [1742571005.591084427] [lms_mapper]: 激光扫描处理间隔较长: 11.82秒
[WARN] [1742571007.390549137] [lms_mapper]: 激光扫描处理间隔较长: 1.75秒
[INFO] [1742571008.829834096] [lms_mapper]: 接收到激光数据: frame_id=laser, 点数=361
[INFO] [1742571008.830199096] [lms_mapper]: 【激光雷达坐标】x=0.0000, y=0.0000, theta=0.0000
[INFO] [1742571008.830529429] [lms_mapper]: 接收到激光数据: 361个点, 角度范围=[0.00, 3.14]
[INFO] [1742571008.830842304] [lms_mapper]: 有效激光点: 351/361
[INFO] [1742571008.831076429] [lms_mapper]: 机器人位姿: x=0.00, y=0.00, theta=0.00, cos_theta=1.00, sin_theta=0.00
[INFO] [1742571008.831588262] [lms_mapper]: 激光点世界坐标范围: x=[-1.75, 0.96], y=[0.00, 25.68]
[INFO] [1742571008.831808637] [lms_mapper]: 【坐标转换样本】: 激光坐标(0.96,0.00)→世界坐标(0.96,0.00) | 激光坐标(0.94,0.89)→世界坐标(0.94,0.89) | 激光坐标(0.39,11.29)→世界坐标(0.39,11.29) | 激光坐标(-1.21,1.15)→世界坐标(-1.21,1.15) | 激光坐标(-1.17,0.00)→世界坐标(-1.17,0.00)
[INFO] [1742571008.851760929] [lms_mapper]: 地图统计: 总栅格数=1000000, 占用数=185, 占用率=0.02%
[INFO] [1742571008.857330221] [lms_mapper]: 地图边界: x=[-1.85, 0.98], y=[0.00, 25.75]
[INFO] [1742571008.857599596] [lms_mapper]: 总共处理了301个激光帧, 105007个有效激光点
[INFO] [1742571008.860243971] [lms_mapper]: 已记录105358个原始障碍物点坐标，用于最终地图生成
[INFO] [1742571008.860917637] [lms_mapper]: 已接收轨迹点: 300
[INFO] [1742571008.875234929] [lms_mapper]: 已接收轨迹点: 300
[INFO] [1742571008.886971929] [lms_mapper]: 已接收轨迹点: 300
[INFO] [1742571008.913854679] [lms_mapper]: 已接收轨迹点: 300
[INFO] [1742571008.932014221] [lms_mapper]: 已接收轨迹点: 300
[INFO] [1742571008.956673679] [lms_mapper]: 已接收轨迹点: 300
[INFO] [1742571008.985760262] [lms_mapper]: 已接收轨迹点: 300
[INFO] [1742571009.016114971] [lms_mapper]: 已接收轨迹点: 300
[INFO] [1742571009.026491887] [lms_mapper]: 【障碍物计算】机器人位置: x=0.00, y=0.00, theta=0.00
[INFO] [1742571009.044470221] [lms_mapper]: 【最近障碍物】距离机器人: (0.95,0.08)=0.95m, (0.95,0.09)=0.95m, (0.96,0.06)=0.96m, (0.96,0.08)=0.96m, (0.96,0.02)=0.96m
[INFO] [1742571009.091339221] [lms_mapper]: 已接收轨迹点: 300
⏳ 正在播放rosbag - 已等待 45/3600 秒...
当前活跃话题:
/clock
/events/read_split
/map
/odom
/parameter_events
/rosout
/scan
/tf
[WARN] [1742571015.236023959] [lms_mapper]: 激光扫描处理间隔较长: 1.48秒
[INFO] [1742571016.011003251] [lms_mapper]: 【障碍物计算】机器人位置: x=0.00, y=0.00, theta=0.00
[INFO] [1742571016.011390710] [lms_mapper]: 【最近障碍物】距离机器人: (0.95,0.08)=0.95m, (0.96,0.06)=0.96m, (0.96,0.00)=0.96m, (0.95,0.14)=0.96m, (0.95,0.13)=0.96m
[INFO] [1742571022.926080213] [lms_mapper]: 接收到激光数据: frame_id=laser, 点数=361
[INFO] [1742571022.926477755] [lms_mapper]: 【激光雷达坐标】x=0.0000, y=0.0000, theta=0.0000
[INFO] [1742571022.926828088] [lms_mapper]: 接收到激光数据: 361个点, 角度范围=[0.00, 3.14]
[INFO] [1742571022.927184171] [lms_mapper]: 有效激光点: 351/361
[INFO] [1742571022.927403338] [lms_mapper]: 机器人位姿: x=0.00, y=0.00, theta=0.00, cos_theta=1.00, sin_theta=0.00
[INFO] [1742571022.928000463] [lms_mapper]: 激光点世界坐标范围: x=[-1.77, 0.97], y=[0.00, 25.70]
[INFO] [1742571022.928218796] [lms_mapper]: 【坐标转换样本】: 激光坐标(0.96,0.00)→世界坐标(0.96,0.00) | 激光坐标(0.94,0.89)→世界坐标(0.94,0.89) | 激光坐标(0.39,11.29)→世界坐标(0.39,11.29) | 激光坐标(-1.21,1.15)→世界坐标(-1.21,1.15) | 激光坐标(-1.16,0.00)→世界坐标(-1.16,0.00)
[INFO] [1742571022.951168171] [lms_mapper]: 地图统计: 总栅格数=1000000, 占用数=186, 占用率=0.02%
[INFO] [1742571022.980862130] [lms_mapper]: 地图边界: x=[-1.85, 0.98], y=[0.00, 25.75]
[INFO] [1742571022.981211171] [lms_mapper]: 总共处理了401个激光帧, 140128个有效激光点
[INFO] [1742571022.981420713] [lms_mapper]: 已记录140479个原始障碍物点坐标，用于最终地图生成
[INFO] [1742571022.982340880] [lms_mapper]: 已接收轨迹点: 400
[INFO] [1742571022.982956505] [lms_mapper]: 已接收轨迹点: 400
[INFO] [1742571023.008932255] [lms_mapper]: 已接收轨迹点: 400
[INFO] [1742571023.029608171] [lms_mapper]: 已接收轨迹点: 400
[INFO] [1742571023.052771630] [lms_mapper]: 已接收轨迹点: 400
[INFO] [1742571023.087148630] [lms_mapper]: 已接收轨迹点: 400
[INFO] [1742571023.107557421] [lms_mapper]: 已接收轨迹点: 400
[INFO] [1742571023.108587171] [lms_mapper]: 【障碍物计算】机器人位置: x=0.00, y=0.00, theta=0.00
[INFO] [1742571023.108950421] [lms_mapper]: 【最近障碍物】距离机器人: (0.95,0.07)=0.95m, (0.95,0.08)=0.95m, (0.95,0.07)=0.95m, (0.96,0.06)=0.96m, (0.95,0.13)=0.96m
[INFO] [1742571023.136191588] [lms_mapper]: 已接收轨迹点: 400
[WARN] [1742571025.240941339] [lms_mapper]: 激光扫描处理间隔较长: 1.47秒
⏳ 正在播放rosbag - 已等待 60/3600 秒...
当前活跃话题:
/clock
/events/read_split
/map
/odom
/parameter_events
/rosout
/scan
/tf
[INFO] [1742571030.183259050] [lms_mapper]: 【障碍物计算】机器人位置: x=0.00, y=0.00, theta=0.00
[INFO] [1742571030.183840633] [lms_mapper]: 【最近障碍物】距离机器人: (0.95,0.07)=0.95m, (0.94,0.12)=0.95m, (0.94,0.11)=0.95m, (0.94,0.10)=0.95m, (0.95,0.09)=0.95m
[WARN] [1742571032.618494218] [lms_mapper]: 激光扫描处理间隔较长: 0.74秒
[WARN] [1742571035.342476177] [lms_mapper]: 激光扫描处理间隔较长: 1.55秒
[INFO] [1742571037.184613928] [lms_mapper]: 接收到激光数据: frame_id=laser, 点数=361
[INFO] [1742571037.185015511] [lms_mapper]: 【激光雷达坐标】x=0.0000, y=0.0000, theta=0.0000
[INFO] [1742571037.185320636] [lms_mapper]: 接收到激光数据: 361个点, 角度范围=[0.00, 3.14]
[INFO] [1742571037.185661803] [lms_mapper]: 有效激光点: 352/361
[INFO] [1742571037.185922720] [lms_mapper]: 机器人位姿: x=0.00, y=0.00, theta=0.00, cos_theta=1.00, sin_theta=0.00
[INFO] [1742571037.186472011] [lms_mapper]: 激光点世界坐标范围: x=[-1.94, 0.94], y=[0.00, 24.73]
[INFO] [1742571037.186748678] [lms_mapper]: 【坐标转换样本】: 激光坐标(0.94,0.00)→世界坐标(0.94,0.00) | 激光坐标(0.90,0.87)→世界坐标(0.90,0.87) | 激光坐标(0.27,10.32)→世界坐标(0.27,10.32) | 激光坐标(-1.23,1.16)→世界坐标(-1.23,1.16) | 激光坐标(-1.18,0.00)→世界坐标(-1.18,0.00)
[INFO] [1742571037.213469095] [lms_mapper]: 地图统计: 总栅格数=1000000, 占用数=497, 占用率=0.05%
[INFO] [1742571037.248997220] [lms_mapper]: 地图边界: x=[-1.98, 0.98], y=[0.00, 25.75]
[INFO] [1742571037.250085720] [lms_mapper]: 总共处理了501个激光帧, 175246个有效激光点
[INFO] [1742571037.250903470] [lms_mapper]: 已记录175598个原始障碍物点坐标，用于最终地图生成
[INFO] [1742571037.277977386] [lms_mapper]: 已接收轨迹点: 500
[INFO] [1742571037.278849011] [lms_mapper]: 已接收轨迹点: 500
[INFO] [1742571037.310735470] [lms_mapper]: 已接收轨迹点: 500
[INFO] [1742571037.344206345] [lms_mapper]: 【障碍物计算】机器人位置: x=0.00, y=0.00, theta=0.00
[INFO] [1742571037.348269262] [lms_mapper]: 【最近障碍物】距离机器人: (0.93,0.01)=0.93m, (0.92,0.15)=0.93m, (0.92,0.15)=0.93m, (0.93,0.09)=0.93m, (0.92,0.10)=0.93m
[INFO] [1742571037.365154137] [lms_mapper]: 已接收轨迹点: 500
[INFO] [1742571045.288108876] [lms_mapper]: 【进度报告】运行时间: 115.3秒, 处理扫描: 548帧, 轨迹点: 547个, 障碍物格子: 1386个, 轨迹已更新
[INFO] [1742571045.346750043] [lms_mapper]: 共绘制障碍物点 1386个
[INFO] [1742571045.415877126] [lms_mapper]: 障碍物世界坐标范围: X=-2.40到0.90, Y=0.00到29.80
[INFO] [1742571045.417723376] [lms_mapper]: 中间地图 #2: 绘制轨迹 547个点, 障碍物 1386个
⏳ 正在播放rosbag - 已等待 75/3600 秒...
当前活跃话题:
[INFO] [1742571046.497651918] [lms_mapper]: 地图显示边界: X=-20.0到50.0, Y=-20.0到55.0
[INFO] [1742571048.973686836] [lms_mapper]: 已保存中间地图 #2 到: map_checkpoint_2.png
[WARN] [1742571048.976259294] [lms_mapper]: 激光扫描处理间隔较长: 5.17秒
[INFO] [1742571049.058510961] [lms_mapper]: 【障碍物计算】机器人位置: x=0.00, y=0.00, theta=0.00
[INFO] [1742571049.088108753] [lms_mapper]: 【最近障碍物】距离机器人: (0.96,0.06)=0.96m, (0.96,0.00)=0.96m, (0.96,0.02)=0.96m, (0.96,0.03)=0.96m, (0.96,0.03)=0.96m
/clock
/events/read_split
/map
/odom
/parameter_events
/rosout
/scan
/tf
[WARN] [1742571055.199095756] [lms_mapper]: 激光扫描处理间隔较长: 1.42秒
[INFO] [1742571055.347888422] [lms_mapper]: 接收到激光数据: frame_id=laser, 点数=361
[INFO] [1742571055.370733464] [lms_mapper]: 【激光雷达坐标】x=0.0000, y=0.0000, theta=0.0000
[INFO] [1742571055.371030547] [lms_mapper]: 接收到激光数据: 361个点, 角度范围=[0.00, 3.14]
[INFO] [1742571055.371330714] [lms_mapper]: 有效激光点: 353/361
[INFO] [1742571055.371782214] [lms_mapper]: 机器人位姿: x=0.00, y=0.00, theta=0.00, cos_theta=1.00, sin_theta=0.00
[INFO] [1742571055.372880464] [lms_mapper]: 激光点世界坐标范围: x=[-1.08, 2.13], y=[0.00, 24.54]
[INFO] [1742571055.373219714] [lms_mapper]: 【坐标转换样本】: 激光坐标(1.26,0.00)→世界坐标(1.26,0.00) | 激光坐标(1.22,1.17)→世界坐标(1.22,1.17) | 激光坐标(-0.40,11.52)→世界坐标(-0.40,11.52) | 激光坐标(-0.95,0.92)→世界坐标(-0.95,0.92) | 激光坐标(-0.99,0.00)→世界坐标(-0.99,0.00)
[INFO] [1742571055.399821589] [lms_mapper]: 地图统计: 总栅格数=1000000, 占用数=2667, 占用率=0.27%
[INFO] [1742571055.403810172] [lms_mapper]: 地图边界: x=[-6.20, 2.36], y=[0.00, 29.88]
[INFO] [1742571055.404051881] [lms_mapper]: 总共处理了601个激光帧, 210480个有效激光点
[INFO] [1742571055.404253047] [lms_mapper]: 已记录210833个原始障碍物点坐标，用于最终地图生成
[INFO] [1742571055.404976422] [lms_mapper]: 已接收轨迹点: 600
[INFO] [1742571055.425081339] [lms_mapper]: 已接收轨迹点: 600
[INFO] [1742571055.431532464] [lms_mapper]: 【障碍物计算】机器人位置: x=0.00, y=0.00, theta=0.00
[INFO] [1742571055.451892589] [lms_mapper]: 【最近障碍物】距离机器人: (-0.96,0.17)=0.97m, (-0.97,0.02)=0.97m, (-0.97,0.03)=0.97m, (-0.97,0.03)=0.97m, (-0.97,0.04)=0.97m
[INFO] [1742571055.453558547] [lms_mapper]: 已接收轨迹点: 600
[INFO] [1742571062.091912634] [lms_mapper]: 【障碍物计算】机器人位置: x=0.00, y=0.00, theta=0.00
[INFO] [1742571062.092307509] [lms_mapper]: 【最近障碍物】距离机器人: (0.69,0.06)=0.69m, (0.69,0.05)=0.69m, (0.69,0.05)=0.69m, (0.70,0.02)=0.70m, (0.68,0.15)=0.70m
[WARN] [1742571065.221325552] [lms_mapper]: 激光扫描处理间隔较长: 1.45秒
⏳ 正在播放rosbag - 已等待 90/3600 秒...
当前活跃话题:
[INFO] [1742571069.003369304] [lms_mapper]: 接收到激光数据: frame_id=laser, 点数=361
[INFO] [1742571069.015857262] [lms_mapper]: 【激光雷达坐标】x=0.0000, y=0.0000, theta=0.0000
[INFO] [1742571069.017362846] [lms_mapper]: 接收到激光数据: 361个点, 角度范围=[0.00, 3.14]
[INFO] [1742571069.018798512] [lms_mapper]: 有效激光点: 352/361
[INFO] [1742571069.035041221] [lms_mapper]: 机器人位姿: x=0.00, y=0.00, theta=0.00, cos_theta=1.00, sin_theta=0.00
[INFO] [1742571069.035848137] [lms_mapper]: 激光点世界坐标范围: x=[-2.03, 1.13], y=[0.00, 25.02]
[INFO] [1742571069.036104637] [lms_mapper]: 【坐标转换样本】: 激光坐标(0.95,0.00)→世界坐标(0.95,0.00) | 激光坐标(1.09,1.05)→世界坐标(1.09,1.05) | 激光坐标(0.28,10.66)→世界坐标(0.28,10.66) | 激光坐标(-1.19,1.13)→世界坐标(-1.19,1.13) | 激光坐标(-1.12,0.00)→世界坐标(-1.12,0.00)
[INFO] [1742571069.052259471] [lms_mapper]: 地图统计: 总栅格数=1000000, 占用数=3813, 占用率=0.38%
[INFO] [1742571069.052584679] [lms_mapper]: 地图边界: x=[-6.20, 2.36], y=[0.00, 29.88]
[INFO] [1742571069.052795554] [lms_mapper]: 总共处理了701个激光帧, 245776个有效激光点
[INFO] [1742571069.052996596] [lms_mapper]: 已记录246128个原始障碍物点坐标，用于最终地图生成
[INFO] [1742571069.053846012] [lms_mapper]: 已接收轨迹点: 700
[INFO] [1742571069.054471554] [lms_mapper]: 已接收轨迹点: 700
[INFO] [1742571069.070152679] [lms_mapper]: 已接收轨迹点: 700
[INFO] [1742571069.073785721] [lms_mapper]: 已接收轨迹点: 700
[INFO] [1742571069.103867137] [lms_mapper]: 已接收轨迹点: 700
[INFO] [1742571069.122061137] [lms_mapper]: 已接收轨迹点: 700
[INFO] [1742571069.153996721] [lms_mapper]: 已接收轨迹点: 700
[INFO] [1742571069.181169846] [lms_mapper]: 【障碍物计算】机器人位置: x=0.00, y=0.00, theta=0.00
[INFO] [1742571069.181642679] [lms_mapper]: 【最近障碍物】距离机器人: (0.93,0.07)=0.93m, (0.93,0.06)=0.93m, (0.94,0.01)=0.94m, (0.94,0.02)=0.94m, (0.93,0.17)=0.95m
[INFO] [1742571069.185546137] [lms_mapper]: 已接收轨迹点: 700
/clock
/events/read_split
/map
/odom
/parameter_events
/rosout
/scan
/tf
[WARN] [1742571075.370562418] [lms_mapper]: 激光扫描处理间隔较长: 1.55秒
[INFO] [1742571076.346425293] [lms_mapper]: 【障碍物计算】机器人位置: x=0.00, y=0.00, theta=0.00
[INFO] [1742571076.346900710] [lms_mapper]: 【最近障碍物】距离机器人: (-0.75,0.19)=0.77m, (-0.75,0.18)=0.77m, (-0.75,0.17)=0.77m, (-0.74,0.23)=0.78m, (-0.74,0.24)=0.78m
[INFO] [1742571083.242434505] [lms_mapper]: 已接收轨迹点: 800
[INFO] [1742571083.243628880] [lms_mapper]: 已接收轨迹点: 800
[INFO] [1742571083.244387546] [lms_mapper]: 接收到激光数据: frame_id=laser, 点数=361
[INFO] [1742571083.244645505] [lms_mapper]: 【激光雷达坐标】x=0.0000, y=0.0000, theta=0.0000
[INFO] [1742571083.244950963] [lms_mapper]: 接收到激光数据: 361个点, 角度范围=[0.00, 3.14]
[INFO] [1742571083.245324171] [lms_mapper]: 有效激光点: 358/361
[INFO] [1742571083.245530963] [lms_mapper]: 机器人位姿: x=0.00, y=0.00, theta=0.00, cos_theta=1.00, sin_theta=0.00
[INFO] [1742571083.246032130] [lms_mapper]: 激光点世界坐标范围: x=[-1.13, 1.49], y=[0.00, 26.14]
[INFO] [1742571083.246425838] [lms_mapper]: 【坐标转换样本】: 激光坐标(1.43,0.00)→世界坐标(1.43,0.00) | 激光坐标(1.41,1.39)→世界坐标(1.41,1.39) | 激光坐标(0.00,26.13)→世界坐标(0.00,26.13) | 激光坐标(-0.69,0.68)→世界坐标(-0.69,0.68) | 激光坐标(-0.71,0.00)→世界坐标(-0.71,0.00)
[INFO] [1742571083.249885213] [lms_mapper]: 地图统计: 总栅格数=1000000, 占用数=5473, 占用率=0.55%
[INFO] [1742571083.256792671] [lms_mapper]: 地图边界: x=[-6.20, 3.39], y=[0.00, 29.92]
[INFO] [1742571083.257025963] [lms_mapper]: 总共处理了801个激光帧, 281198个有效激光点
[INFO] [1742571083.257238796] [lms_mapper]: 已记录281556个原始障碍物点坐标，用于最终地图生成
[INFO] [1742571083.257524630] [lms_mapper]: 已接收轨迹点: 800
[INFO] [1742571083.257991255] [lms_mapper]: 已接收轨迹点: 800
[INFO] [1742571083.291628963] [lms_mapper]: 已接收轨迹点: 800
[INFO] [1742571083.313944588] [lms_mapper]: 已接收轨迹点: 800
[INFO] [1742571083.336547963] [lms_mapper]: 已接收轨迹点: 800
[INFO] [1742571083.362574838] [lms_mapper]: 已接收轨迹点: 800
[INFO] [1742571083.395377463] [lms_mapper]: 【障碍物计算】机器人位置: x=0.00, y=0.00, theta=0.00
[INFO] [1742571083.395774588] [lms_mapper]: 【最近障碍物】距离机器人: (-0.71,0.02)=0.71m, (-0.71,0.07)=0.71m, (-0.71,0.00)=0.71m, (-0.70,0.13)=0.71m, (-0.70,0.10)=0.71m
[INFO] [1742571083.420468880] [lms_mapper]: 已接收轨迹点: 800
[WARN] [1742571084.882825839] [lms_mapper]: 激光扫描处理间隔较长: 1.07秒
⏳ 正在播放rosbag - 已等待 105/3600 秒...
当前活跃话题:
[INFO] [1742571090.420685050] [lms_mapper]: 【障碍物计算】机器人位置: x=0.00, y=0.00, theta=0.00
[INFO] [1742571090.421130550] [lms_mapper]: 【最近障碍物】距离机器人: (-0.79,0.02)=0.79m, (-0.79,0.01)=0.79m, (-0.80,0.04)=0.80m, (-0.79,0.12)=0.80m, (-0.80,0.00)=0.80m
/clock
/events/read_split
/map
/odom
/parameter_events
/rosout
/scan
/tf
[WARN] [1742571094.436366635] [lms_mapper]: 激光扫描处理间隔较长: 1.20秒
[INFO] [1742571096.441148553] [lms_mapper]: 【进度报告】运行时间: 166.5秒, 处理扫描: 873帧, 轨迹点: 872个, 障碍物格子: 6093个, 轨迹已更新
[INFO] [1742571096.475809303] [lms_mapper]: 共绘制障碍物点 6093个
[INFO] [1742571096.911775511] [lms_mapper]: 障碍物世界坐标范围: X=-6.20到3.30, Y=0.00到29.90
[INFO] [1742571096.912148011] [lms_mapper]: 中间地图 #3: 绘制轨迹 872个点, 障碍物 6093个
[INFO] [1742571098.099237720] [lms_mapper]: 地图显示边界: X=-21.2到50.0, Y=-20.0到55.0
[INFO] [1742571100.565308346] [lms_mapper]: 已保存中间地图 #3 到: map_checkpoint_3.png
[WARN] [1742571100.567112346] [lms_mapper]: 激光扫描处理间隔较长: 6.04秒
[INFO] [1742571103.096588333] [lms_mapper]: 已接收轨迹点: 900
[INFO] [1742571103.097571917] [lms_mapper]: 已接收轨迹点: 900
[INFO] [1742571103.112051417] [lms_mapper]: 已接收轨迹点: 900
[INFO] [1742571103.112438750] [lms_mapper]: 接收到激光数据: frame_id=laser, 点数=361
[INFO] [1742571103.112747833] [lms_mapper]: 【激光雷达坐标】x=0.0000, y=0.0000, theta=0.0000
[INFO] [1742571103.113058208] [lms_mapper]: 接收到激光数据: 361个点, 角度范围=[0.00, 3.14]
[INFO] [1742571103.113370333] [lms_mapper]: 有效激光点: 361/361
[INFO] [1742571103.113585583] [lms_mapper]: 机器人位姿: x=0.00, y=0.00, theta=0.00, cos_theta=1.00, sin_theta=0.00
[INFO] [1742571103.114117917] [lms_mapper]: 激光点世界坐标范围: x=[-1.22, 2.61], y=[0.00, 12.86]
[INFO] [1742571103.114356417] [lms_mapper]: 【坐标转换样本】: 激光坐标(0.81,0.00)→世界坐标(0.81,0.00) | 激光坐标(0.81,0.81)→世界坐标(0.81,0.81) | 激光坐标(0.00,12.85)→世界坐标(0.00,12.85) | 激光坐标(-1.12,1.12)→世界坐标(-1.12,1.12) | 激光坐标(-1.10,0.00)→世界坐标(-1.10,0.00)
[INFO] [1742571103.144073417] [lms_mapper]: 地图统计: 总栅格数=1000000, 占用数=6412, 占用率=0.64%
[INFO] [1742571103.144338167] [lms_mapper]: 地图边界: x=[-6.20, 3.39], y=[0.00, 29.92]
[INFO] [1742571103.144561167] [lms_mapper]: 总共处理了901个激光帧, 316867个有效激光点
[INFO] [1742571103.147080458] [lms_mapper]: 已记录317228个原始障碍物点坐标，用于最终地图生成
[INFO] [1742571103.149112917] [lms_mapper]: 已接收轨迹点: 900
[INFO] [1742571103.173027458] [lms_mapper]: 已接收轨迹点: 900
[INFO] [1742571103.184950958] [lms_mapper]: 已接收轨迹点: 900
[INFO] [1742571103.216264917] [lms_mapper]: 已接收轨迹点: 900
[INFO] [1742571103.217330458] [lms_mapper]: 【障碍物计算】机器人位置: x=0.00, y=0.00, theta=0.00
[INFO] [1742571103.217747208] [lms_mapper]: 【最近障碍物】距离机器人: (0.81,0.06)=0.81m, (0.81,0.01)=0.81m, (0.80,0.10)=0.81m, (0.80,0.09)=0.81m, (0.81,0.00)=0.81m
[INFO] [1742571103.219260500] [lms_mapper]: 已接收轨迹点: 900
[WARN] [1742571105.433650751] [lms_mapper]: 激光扫描处理间隔较长: 1.66秒
⏳ 正在播放rosbag - 已等待 120/3600 秒...
当前活跃话题:
[WARN] [1742571107.528779794] [lms_mapper]: 激光扫描处理间隔较长: 0.90秒
[INFO] [1742571110.408677628] [lms_mapper]: 【障碍物计算】机器人位置: x=0.00, y=0.00, theta=0.00
[INFO] [1742571110.409116878] [lms_mapper]: 【最近障碍物】距离机器人: (-0.89,0.02)=0.89m, (-0.89,0.05)=0.89m, (-0.87,0.21)=0.89m, (-0.89,0.03)=0.89m, (-0.89,0.04)=0.89m
/clock
/events/read_split
/map
/odom
/parameter_events
/rosout
/scan
/tf
[WARN] [1742571115.414681506] [lms_mapper]: 激光扫描处理间隔较长: 1.59秒
[INFO] [1742571117.474574132] [lms_mapper]: 接收到激光数据: frame_id=laser, 点数=361
[INFO] [1742571117.501870298] [lms_mapper]: 【激光雷达坐标】x=0.0000, y=0.0000, theta=0.0000
[INFO] [1742571117.509753465] [lms_mapper]: 接收到激光数据: 361个点, 角度范围=[0.00, 3.14]
[INFO] [1742571117.510169173] [lms_mapper]: 有效激光点: 348/361
[INFO] [1742571117.510418548] [lms_mapper]: 机器人位姿: x=0.00, y=0.00, theta=0.00, cos_theta=1.00, sin_theta=0.00
[INFO] [1742571117.510969048] [lms_mapper]: 激光点世界坐标范围: x=[-1.22, 1.17], y=[0.00, 29.56]
[INFO] [1742571117.511226048] [lms_mapper]: 【坐标转换样本】: 激光坐标(1.07,0.00)→世界坐标(1.07,0.00) | 激光坐标(1.04,0.98)→世界坐标(1.04,0.98) | 激光坐标(0.58,22.08)→世界坐标(0.58,22.08) | 激光坐标(-0.86,0.80)→世界坐标(-0.86,0.80) | 激光坐标(-0.84,0.00)→世界坐标(-0.84,0.00)
[INFO] [1742571117.559411673] [lms_mapper]: 地图统计: 总栅格数=1000000, 占用数=9631, 占用率=0.96%
[INFO] [1742571117.566058382] [lms_mapper]: 地图边界: x=[-10.50, 16.42], y=[0.00, 29.98]
[INFO] [1742571117.566326132] [lms_mapper]: 总共处理了1001个激光帧, 351825个有效激光点
[INFO] [1742571117.566565090] [lms_mapper]: 已记录352173个原始障碍物点坐标，用于最终地图生成
[INFO] [1742571117.567387340] [lms_mapper]: 已接收轨迹点: 1000
[INFO] [1742571117.568327840] [lms_mapper]: 已接收轨迹点: 1000
[INFO] [1742571117.593475799] [lms_mapper]: 已接收轨迹点: 1000
[INFO] [1742571117.603684174] [lms_mapper]: 已接收轨迹点: 1000
[INFO] [1742571117.613860299] [lms_mapper]: 【障碍物计算】机器人位置: x=0.00, y=0.00, theta=0.00
[INFO] [1742571117.614329507] [lms_mapper]: 【最近障碍物】距离机器人: (-0.84,0.00)=0.84m, (-0.84,0.02)=0.84m, (-0.84,0.04)=0.84m, (-0.84,0.01)=0.84m, (-0.84,0.03)=0.84m
[INFO] [1742571117.634110549] [lms_mapper]: 已接收轨迹点: 1000
[WARN] [1742571125.328983261] [lms_mapper]: 激光扫描处理间隔较长: 1.52秒
[INFO] [1742571125.492736511] [lms_mapper]: 【障碍物计算】机器人位置: x=0.00, y=0.00, theta=0.00
[INFO] [1742571125.493159761] [lms_mapper]: 【最近障碍物】距离机器人: (-0.80,0.27)=0.84m, (-0.79,0.27)=0.84m, (-0.80,0.28)=0.85m, (-0.82,0.27)=0.86m, (-0.82,0.30)=0.87m
⏳ 正在播放rosbag - 已等待 135/3600 秒...
当前活跃话题:
[INFO] [1742571131.551442055] [lms_mapper]: 接收到激光数据: frame_id=laser, 点数=361
[INFO] [1742571131.551797472] [lms_mapper]: 【激光雷达坐标】x=0.0000, y=0.0000, theta=0.0000
[INFO] [1742571131.552104180] [lms_mapper]: 接收到激光数据: 361个点, 角度范围=[0.00, 3.14]
[INFO] [1742571131.552464347] [lms_mapper]: 有效激光点: 361/361
[INFO] [1742571131.554683764] [lms_mapper]: 机器人位姿: x=0.00, y=0.00, theta=0.00, cos_theta=1.00, sin_theta=0.00
[INFO] [1742571131.555297639] [lms_mapper]: 激光点世界坐标范围: x=[-4.31, 1.72], y=[0.00, 23.43]
[INFO] [1742571131.557930430] [lms_mapper]: 【坐标转换样本】: 激光坐标(1.16,0.00)→世界坐标(1.16,0.00) | 激光坐标(1.19,1.19)→世界坐标(1.19,1.19) | 激光坐标(0.00,23.43)→世界坐标(0.00,23.43) | 激光坐标(-0.72,0.72)→世界坐标(-0.72,0.72) | 激光坐标(-4.31,0.00)→世界坐标(-4.31,0.00)
[INFO] [1742571131.574100597] [lms_mapper]: 地图统计: 总栅格数=1000000, 占用数=10163, 占用率=1.02%
[INFO] [1742571131.579525264] [lms_mapper]: 地图边界: x=[-10.50, 16.42], y=[0.00, 29.98]
[INFO] [1742571131.579935097] [lms_mapper]: 总共处理了1101个激光帧, 387205个有效激光点
[INFO] [1742571131.580284347] [lms_mapper]: 已记录387566个原始障碍物点坐标，用于最终地图生成
[INFO] [1742571131.670246347] [lms_mapper]: 【障碍物计算】机器人位置: x=0.00, y=0.00, theta=0.00
[INFO] [1742571131.670686472] [lms_mapper]: 【最近障碍物】距离机器人: (-0.73,0.04)=0.73m, (-0.73,0.03)=0.73m, (-0.73,0.03)=0.73m, (-0.73,0.05)=0.73m, (-0.73,0.08)=0.73m
[INFO] [1742571131.693322097] [lms_mapper]: 已接收轨迹点: 1100
[INFO] [1742571131.693962680] [lms_mapper]: 已接收轨迹点: 1100
[INFO] [1742571131.707946097] [lms_mapper]: 已接收轨迹点: 1100
[INFO] [1742571131.738688764] [lms_mapper]: 已接收轨迹点: 1100
[INFO] [1742571131.755366597] [lms_mapper]: 已接收轨迹点: 1100
[INFO] [1742571131.780114139] [lms_mapper]: 已接收轨迹点: 1100
[INFO] [1742571131.816327347] [lms_mapper]: 已接收轨迹点: 1100
[INFO] [1742571131.825709430] [lms_mapper]: 已接收轨迹点: 1100
[INFO] [1742571131.836998514] [lms_mapper]: 已接收轨迹点: 1100
[INFO] [1742571131.839313972] [lms_mapper]: 已接收轨迹点: 1100
/clock
/events/read_split
/map
/odom
/parameter_events
/rosout
/scan
/tf
[WARN] [1742571135.876653251] [lms_mapper]: 激光扫描处理间隔较长: 2.00秒
[INFO] [1742571139.318262670] [lms_mapper]: 【障碍物计算】机器人位置: x=0.00, y=0.00, theta=0.00
[INFO] [1742571139.318886336] [lms_mapper]: 【最近障碍物】距离机器人: (0.92,0.02)=0.92m, (0.92,0.02)=0.92m, (0.92,0.07)=0.92m, (0.92,0.05)=0.92m, (0.91,0.10)=0.92m
[INFO] [1742571145.434542381] [lms_mapper]: 【进度报告】运行时间: 215.5秒, 处理扫描: 1184帧, 轨迹点: 1181个, 障碍物格子: 10802个, 轨迹已更新
[INFO] [1742571145.486231423] [lms_mapper]: 共绘制障碍物点 10802个
[INFO] [1742571145.910857756] [lms_mapper]: 障碍物世界坐标范围: X=-10.60到16.40, Y=0.00到29.90
[INFO] [1742571145.911208506] [lms_mapper]: 中间地图 #4: 绘制轨迹 1181个点, 障碍物 10802个
[INFO] [1742571146.594025381] [lms_mapper]: 地图显示边界: X=-25.5到50.0, Y=-20.0到55.0
[INFO] [1742571148.507745132] [lms_mapper]: 已保存中间地图 #4 到: map_checkpoint_4.png
