======== 运行日志开始 Sat Mar 22 16:56:03 CST 2025 ========
======== 开始执行作业3 ========
正在创建ROS2工作空间...
ROS2工作空间结构创建完成！
Starting >>> lms_data
Starting >>> lms_mapper
Finished <<< lms_mapper [19.6s]
Finished <<< lms_data [20.8s]

Summary: 2 packages finished [22.9s]
/IntelligentMobileRobots2025/work3
/IntelligentMobileRobots2025/work3
检查安装的可执行文件...
total 8
drwxr-xr-x 2 root root 4096 Mar 22 16:56 .
drwxr-xr-x 4 root root 4096 Mar 22 16:56 ..
lrwxrwxrwx 1 root root   50 Mar 22 16:56 lms_to_rosbag -> ../../../../src/lms_data/lms_data/lms_to_rosbag.py
total 8
drwxr-xr-x 2 root root 4096 Mar 22 16:56 .
drwxr-xr-x 4 root root 4096 Mar 22 16:56 ..
lrwxrwxrwx 1 root root   56 Mar 22 16:56 lms_mapper_node -> ../../../../src/lms_mapper/lms_mapper/lms_mapper_node.py
检查ROS2环境...
lms_data
lms_mapper
正在构建ROS2包...
执行: colcon build --symlink-install
Starting >>> lms_data
Starting >>> lms_mapper
Finished <<< lms_mapper [14.6s]
Finished <<< lms_data [14.8s]

Summary: 2 packages finished [16.7s]
检查可执行文件...
警告: 没有找到lms_to_rosbag可执行文件，将直接使用Python调用
警告: 没有找到lms_mapper_node可执行文件，将直接使用Python调用
正在转换原始数据为rosbag格式...
执行: python3 /IntelligentMobileRobots2025/work3/src/lms_data/lms_data/lms_to_rosbag.py ../data/URG_X_20130903_195003.lms ../data/ld.nav lms_data.bag
删除旧的rosbag目录...
⏱️ 执行命令 (最长300秒): python3 /IntelligentMobileRobots2025/work3/src/lms_data/lms_data/lms_to_rosbag.py ../data/URG_X_20130903_195003.lms ../data/ld.nav lms_data.bag
开始处理: LMS文件: ../data/URG_X_20130903_195003.lms, NAV文件: ../data/ld.nav, BAG输出: lms_data.bag
读取LMS激光数据...
警告：在时间戳 72054545 处读取的激光数据长度不一致
成功读取 10428 帧激光雷达数据
时间戳范围: 71403847 - 72054470
平均时间间隔: 62.40ms
读取NAV轨迹数据...
成功读取 2355 个轨迹点
激光数据原始时间戳范围: 71403847 - 72054470
轨迹数据时间戳范围: 71407205 - 71554079
使用轨迹数据作为标准时间范围: 71407205 - 71554079
创建时间戳映射...
映射激光数据时间戳到轨迹时间范围...
处理进度: 1/10428 (0.0%)
  样本映射: 71403847 -> 71407205
处理进度: 101/10428 (1.0%)
处理进度: 201/10428 (1.9%)
处理进度: 301/10428 (2.9%)
处理进度: 401/10428 (3.8%)
处理进度: 501/10428 (4.8%)
处理进度: 601/10428 (5.8%)
处理进度: 701/10428 (6.7%)
处理进度: 801/10428 (7.7%)
处理进度: 901/10428 (8.6%)
处理进度: 1001/10428 (9.6%)
处理进度: 1101/10428 (10.6%)
处理进度: 1201/10428 (11.5%)
处理进度: 1301/10428 (12.5%)
处理进度: 1401/10428 (13.4%)
处理进度: 1501/10428 (14.4%)
处理进度: 1601/10428 (15.4%)
处理进度: 1701/10428 (16.3%)
处理进度: 1801/10428 (17.3%)
处理进度: 1901/10428 (18.2%)
处理进度: 2001/10428 (19.2%)
处理进度: 2101/10428 (20.1%)
处理进度: 2201/10428 (21.1%)
处理进度: 2301/10428 (22.1%)
处理进度: 2401/10428 (23.0%)
处理进度: 2501/10428 (24.0%)
处理进度: 2601/10428 (24.9%)
处理进度: 2701/10428 (25.9%)
处理进度: 2801/10428 (26.9%)
处理进度: 2901/10428 (27.8%)
处理进度: 3001/10428 (28.8%)
处理进度: 3101/10428 (29.7%)
处理进度: 3201/10428 (30.7%)
处理进度: 3301/10428 (31.7%)
处理进度: 3401/10428 (32.6%)
处理进度: 3501/10428 (33.6%)
处理进度: 3601/10428 (34.5%)
处理进度: 3701/10428 (35.5%)
处理进度: 3801/10428 (36.4%)
处理进度: 3901/10428 (37.4%)
处理进度: 4001/10428 (38.4%)
处理进度: 4101/10428 (39.3%)
处理进度: 4201/10428 (40.3%)
处理进度: 4301/10428 (41.2%)
处理进度: 4401/10428 (42.2%)
处理进度: 4501/10428 (43.2%)
处理进度: 4601/10428 (44.1%)
处理进度: 4701/10428 (45.1%)
处理进度: 4801/10428 (46.0%)
处理进度: 4901/10428 (47.0%)
处理进度: 5001/10428 (48.0%)
处理进度: 5101/10428 (48.9%)
处理进度: 5201/10428 (49.9%)
处理进度: 5301/10428 (50.8%)
处理进度: 5401/10428 (51.8%)
处理进度: 5501/10428 (52.8%)
处理进度: 5601/10428 (53.7%)
处理进度: 5701/10428 (54.7%)
处理进度: 5801/10428 (55.6%)
处理进度: 5901/10428 (56.6%)
处理进度: 6001/10428 (57.5%)
处理进度: 6101/10428 (58.5%)
处理进度: 6201/10428 (59.5%)
处理进度: 6301/10428 (60.4%)
处理进度: 6401/10428 (61.4%)
处理进度: 6501/10428 (62.3%)
处理进度: 6601/10428 (63.3%)
处理进度: 6701/10428 (64.3%)
处理进度: 6801/10428 (65.2%)
处理进度: 6901/10428 (66.2%)
处理进度: 7001/10428 (67.1%)
处理进度: 7101/10428 (68.1%)
处理进度: 7201/10428 (69.1%)
处理进度: 7301/10428 (70.0%)
处理进度: 7401/10428 (71.0%)
处理进度: 7501/10428 (71.9%)
处理进度: 7601/10428 (72.9%)
处理进度: 7701/10428 (73.8%)
处理进度: 7801/10428 (74.8%)
处理进度: 7901/10428 (75.8%)
处理进度: 8001/10428 (76.7%)
处理进度: 8101/10428 (77.7%)
处理进度: 8201/10428 (78.6%)
处理进度: 8301/10428 (79.6%)
处理进度: 8401/10428 (80.6%)
处理进度: 8501/10428 (81.5%)
处理进度: 8601/10428 (82.5%)
处理进度: 8701/10428 (83.4%)
处理进度: 8801/10428 (84.4%)
处理进度: 8901/10428 (85.4%)
处理进度: 9001/10428 (86.3%)
处理进度: 9101/10428 (87.3%)
处理进度: 9201/10428 (88.2%)
处理进度: 9301/10428 (89.2%)
处理进度: 9401/10428 (90.2%)
处理进度: 9501/10428 (91.1%)
处理进度: 9601/10428 (92.1%)
处理进度: 9701/10428 (93.0%)
处理进度: 9801/10428 (94.0%)
处理进度: 9901/10428 (94.9%)
处理进度: 10001/10428 (95.9%)
处理进度: 10101/10428 (96.9%)
处理进度: 10201/10428 (97.8%)
处理进度: 10301/10428 (98.8%)
处理进度: 10401/10428 (99.7%)
处理进度: 10428/10428 (100.0%)
  样本映射: 72054470 -> 71554079
已完成激光数据时间戳映射
映射后激光数据时间戳范围: 71407205 - 71554079
在轨迹时间范围内的激光帧数: 10428/10428 (100.0%)
过滤有效的激光扫描数据...
过滤进度: 1/10428 (0.0%), 当前有效帧: 1
过滤进度: 101/10428 (1.0%), 当前有效帧: 101
过滤进度: 201/10428 (1.9%), 当前有效帧: 201
过滤进度: 301/10428 (2.9%), 当前有效帧: 301
过滤进度: 401/10428 (3.8%), 当前有效帧: 401
过滤进度: 501/10428 (4.8%), 当前有效帧: 501
过滤进度: 601/10428 (5.8%), 当前有效帧: 601
过滤进度: 701/10428 (6.7%), 当前有效帧: 701
过滤进度: 801/10428 (7.7%), 当前有效帧: 801
过滤进度: 901/10428 (8.6%), 当前有效帧: 901
过滤进度: 1001/10428 (9.6%), 当前有效帧: 1001
过滤进度: 1101/10428 (10.6%), 当前有效帧: 1101
过滤进度: 1201/10428 (11.5%), 当前有效帧: 1201
过滤进度: 1301/10428 (12.5%), 当前有效帧: 1301
过滤进度: 1401/10428 (13.4%), 当前有效帧: 1401
过滤进度: 1501/10428 (14.4%), 当前有效帧: 1501
过滤进度: 1601/10428 (15.4%), 当前有效帧: 1601
过滤进度: 1701/10428 (16.3%), 当前有效帧: 1701
过滤进度: 1801/10428 (17.3%), 当前有效帧: 1801
过滤进度: 1901/10428 (18.2%), 当前有效帧: 1901
过滤进度: 2001/10428 (19.2%), 当前有效帧: 2001
过滤进度: 2101/10428 (20.1%), 当前有效帧: 2101
过滤进度: 2201/10428 (21.1%), 当前有效帧: 2201
过滤进度: 2301/10428 (22.1%), 当前有效帧: 2301
过滤进度: 2401/10428 (23.0%), 当前有效帧: 2401
过滤进度: 2501/10428 (24.0%), 当前有效帧: 2501
过滤进度: 2601/10428 (24.9%), 当前有效帧: 2601
过滤进度: 2701/10428 (25.9%), 当前有效帧: 2701
过滤进度: 2801/10428 (26.9%), 当前有效帧: 2801
过滤进度: 2901/10428 (27.8%), 当前有效帧: 2901
过滤进度: 3001/10428 (28.8%), 当前有效帧: 3001
过滤进度: 3101/10428 (29.7%), 当前有效帧: 3101
过滤进度: 3201/10428 (30.7%), 当前有效帧: 3201
过滤进度: 3301/10428 (31.7%), 当前有效帧: 3301
过滤进度: 3401/10428 (32.6%), 当前有效帧: 3401
过滤进度: 3501/10428 (33.6%), 当前有效帧: 3501
过滤进度: 3601/10428 (34.5%), 当前有效帧: 3601
过滤进度: 3701/10428 (35.5%), 当前有效帧: 3701
过滤进度: 3801/10428 (36.4%), 当前有效帧: 3801
过滤进度: 3901/10428 (37.4%), 当前有效帧: 3901
过滤进度: 4001/10428 (38.4%), 当前有效帧: 4001
过滤进度: 4101/10428 (39.3%), 当前有效帧: 4101
过滤进度: 4201/10428 (40.3%), 当前有效帧: 4201
过滤进度: 4301/10428 (41.2%), 当前有效帧: 4301
过滤进度: 4401/10428 (42.2%), 当前有效帧: 4401
过滤进度: 4501/10428 (43.2%), 当前有效帧: 4501
过滤进度: 4601/10428 (44.1%), 当前有效帧: 4601
过滤进度: 4701/10428 (45.1%), 当前有效帧: 4701
过滤进度: 4801/10428 (46.0%), 当前有效帧: 4801
过滤进度: 4901/10428 (47.0%), 当前有效帧: 4901
过滤进度: 5001/10428 (48.0%), 当前有效帧: 5001
过滤进度: 5101/10428 (48.9%), 当前有效帧: 5101
过滤进度: 5201/10428 (49.9%), 当前有效帧: 5201
过滤进度: 5301/10428 (50.8%), 当前有效帧: 5301
过滤进度: 5401/10428 (51.8%), 当前有效帧: 5401
过滤进度: 5501/10428 (52.8%), 当前有效帧: 5501
过滤进度: 5601/10428 (53.7%), 当前有效帧: 5601
过滤进度: 5701/10428 (54.7%), 当前有效帧: 5701
过滤进度: 5801/10428 (55.6%), 当前有效帧: 5801
过滤进度: 5901/10428 (56.6%), 当前有效帧: 5901
过滤进度: 6001/10428 (57.5%), 当前有效帧: 6001
过滤进度: 6101/10428 (58.5%), 当前有效帧: 6101
过滤进度: 6201/10428 (59.5%), 当前有效帧: 6201
过滤进度: 6301/10428 (60.4%), 当前有效帧: 6301
过滤进度: 6401/10428 (61.4%), 当前有效帧: 6401
过滤进度: 6501/10428 (62.3%), 当前有效帧: 6501
过滤进度: 6601/10428 (63.3%), 当前有效帧: 6601
过滤进度: 6701/10428 (64.3%), 当前有效帧: 6701
过滤进度: 6801/10428 (65.2%), 当前有效帧: 6801⏳ 正在转换数据 - 已等待 10/300 秒...
[INFO] [1742633864.063752345] [rosbag2_storage]: Opened database 'lms_data.bag/lms_data.bag_0.db3' for READ_WRITE.
⏳ 正在转换数据 - 已等待 20/300 秒...

过滤进度: 6901/10428 (66.2%), 当前有效帧: 6901
过滤进度: 7001/10428 (67.1%), 当前有效帧: 7001
过滤进度: 7101/10428 (68.1%), 当前有效帧: 7101
过滤进度: 7201/10428 (69.1%), 当前有效帧: 7201
过滤进度: 7301/10428 (70.0%), 当前有效帧: 7301
过滤进度: 7401/10428 (71.0%), 当前有效帧: 7401
过滤进度: 7501/10428 (71.9%), 当前有效帧: 7501
过滤进度: 7601/10428 (72.9%), 当前有效帧: 7601
过滤进度: 7701/10428 (73.8%), 当前有效帧: 7701
过滤进度: 7801/10428 (74.8%), 当前有效帧: 7801
过滤进度: 7901/10428 (75.8%), 当前有效帧: 7901
过滤进度: 8001/10428 (76.7%), 当前有效帧: 8001
过滤进度: 8101/10428 (77.7%), 当前有效帧: 8101
过滤进度: 8201/10428 (78.6%), 当前有效帧: 8201
过滤进度: 8301/10428 (79.6%), 当前有效帧: 8301
过滤进度: 8401/10428 (80.6%), 当前有效帧: 8401
过滤进度: 8501/10428 (81.5%), 当前有效帧: 8501
过滤进度: 8601/10428 (82.5%), 当前有效帧: 8601
过滤进度: 8701/10428 (83.4%), 当前有效帧: 8701
过滤进度: 8801/10428 (84.4%), 当前有效帧: 8801
过滤进度: 8901/10428 (85.4%), 当前有效帧: 8901
过滤进度: 9001/10428 (86.3%), 当前有效帧: 9001
过滤进度: 9101/10428 (87.3%), 当前有效帧: 9101
过滤进度: 9201/10428 (88.2%), 当前有效帧: 9201
过滤进度: 9301/10428 (89.2%), 当前有效帧: 9301
过滤进度: 9401/10428 (90.2%), 当前有效帧: 9401
过滤进度: 9501/10428 (91.1%), 当前有效帧: 9501
过滤进度: 9601/10428 (92.1%), 当前有效帧: 9601
过滤进度: 9701/10428 (93.0%), 当前有效帧: 9701
过滤进度: 9801/10428 (94.0%), 当前有效帧: 9801
过滤进度: 9901/10428 (94.9%), 当前有效帧: 9901
过滤进度: 10001/10428 (95.9%), 当前有效帧: 10001
过滤进度: 10101/10428 (96.9%), 当前有效帧: 10101
过滤进度: 10201/10428 (97.8%), 当前有效帧: 10201
过滤进度: 10301/10428 (98.8%), 当前有效帧: 10301
过滤进度: 10401/10428 (99.7%), 当前有效帧: 10401
过滤进度: 10428/10428 (100.0%), 当前有效帧: 10428
有效激光扫描数据帧数: 10428/10428
在轨迹时间范围内 (71407205 - 71554079) 的有效帧占总帧数的 100.0%
创建插值轨迹点...
插值进度: 1/10428 (0.0%)
插值进度: 101/10428 (1.0%)
插值进度: 201/10428 (1.9%)
插值进度: 301/10428 (2.9%)
插值进度: 401/10428 (3.8%)
插值进度: 501/10428 (4.8%)
插值进度: 601/10428 (5.8%)
插值进度: 701/10428 (6.7%)
插值进度: 801/10428 (7.7%)
插值进度: 901/10428 (8.6%)
插值进度: 1001/10428 (9.6%)
插值进度: 1101/10428 (10.6%)
插值进度: 1201/10428 (11.5%)
插值进度: 1301/10428 (12.5%)
插值进度: 1401/10428 (13.4%)
插值进度: 1501/10428 (14.4%)
插值进度: 1601/10428 (15.4%)
插值进度: 1701/10428 (16.3%)
插值进度: 1801/10428 (17.3%)
插值进度: 1901/10428 (18.2%)
插值进度: 2001/10428 (19.2%)
插值进度: 2101/10428 (20.1%)
插值进度: 2201/10428 (21.1%)
插值进度: 2301/10428 (22.1%)
插值进度: 2401/10428 (23.0%)
插值进度: 2501/10428 (24.0%)
插值进度: 2601/10428 (24.9%)
插值进度: 2701/10428 (25.9%)
插值进度: 2801/10428 (26.9%)
插值进度: 2901/10428 (27.8%)
插值进度: 3001/10428 (28.8%)
插值进度: 3101/10428 (29.7%)
插值进度: 3201/10428 (30.7%)
插值进度: 3301/10428 (31.7%)
插值进度: 3401/10428 (32.6%)
插值进度: 3501/10428 (33.6%)
插值进度: 3601/10428 (34.5%)
插值进度: 3701/10428 (35.5%)
插值进度: 3801/10428 (36.4%)
插值进度: 3901/10428 (37.4%)
插值进度: 4001/10428 (38.4%)
插值进度: 4101/10428 (39.3%)
插值进度: 4201/10428 (40.3%)
插值进度: 4301/10428 (41.2%)
插值进度: 4401/10428 (42.2%)
插值进度: 4501/10428 (43.2%)
插值进度: 4601/10428 (44.1%)
插值进度: 4701/10428 (45.1%)
插值进度: 4801/10428 (46.0%)
插值进度: 4901/10428 (47.0%)
插值进度: 5001/10428 (48.0%)
插值进度: 5101/10428 (48.9%)
插值进度: 5201/10428 (49.9%)
插值进度: 5301/10428 (50.8%)
插值进度: 5401/10428 (51.8%)
插值进度: 5501/10428 (52.8%)
插值进度: 5601/10428 (53.7%)
插值进度: 5701/10428 (54.7%)
插值进度: 5801/10428 (55.6%)
插值进度: 5901/10428 (56.6%)
插值进度: 6001/10428 (57.5%)
插值进度: 6101/10428 (58.5%)
插值进度: 6201/10428 (59.5%)
插值进度: 6301/10428 (60.4%)
插值进度: 6401/10428 (61.4%)
插值进度: 6501/10428 (62.3%)
插值进度: 6601/10428 (63.3%)
插值进度: 6701/10428 (64.3%)
插值进度: 6801/10428 (65.2%)
插值进度: 6901/10428 (66.2%)
插值进度: 7001/10428 (67.1%)
插值进度: 7101/10428 (68.1%)
插值进度: 7201/10428 (69.1%)
插值进度: 7301/10428 (70.0%)
插值进度: 7401/10428 (71.0%)
插值进度: 7501/10428 (71.9%)
插值进度: 7601/10428 (72.9%)
插值进度: 7701/10428 (73.8%)
插值进度: 7801/10428 (74.8%)
插值进度: 7901/10428 (75.8%)
插值进度: 8001/10428 (76.7%)
插值进度: 8101/10428 (77.7%)
插值进度: 8201/10428 (78.6%)
插值进度: 8301/10428 (79.6%)
插值进度: 8401/10428 (80.6%)
插值进度: 8501/10428 (81.5%)
插值进度: 8601/10428 (82.5%)
插值进度: 8701/10428 (83.4%)
插值进度: 8801/10428 (84.4%)
插值进度: 8901/10428 (85.4%)
插值进度: 9001/10428 (86.3%)
插值进度: 9101/10428 (87.3%)
插值进度: 9201/10428 (88.2%)
插值进度: 9301/10428 (89.2%)
插值进度: 9401/10428 (90.2%)
插值进度: 9501/10428 (91.1%)
插值进度: 9601/10428 (92.1%)
插值进度: 9701/10428 (93.0%)
插值进度: 9801/10428 (94.0%)
插值进度: 9901/10428 (94.9%)
插值进度: 10001/10428 (95.9%)
插值进度: 10101/10428 (96.9%)
插值进度: 10201/10428 (97.8%)
插值进度: 10301/10428 (98.8%)
插值进度: 10401/10428 (99.7%)
插值进度: 10428/10428 (100.0%)
扩充轨迹点: 原始=2355, 扩充后=10428
时间戳完全匹配的激光帧数: 10428/10428 (100.0%)
创建rosbag文件: lms_data.bag
生成rosbag时间戳...
写入所有轨迹点...
轨迹写入进度: 1/10428 (0.0%)
轨迹写入进度: 101/10428 (1.0%)
轨迹写入进度: 201/10428 (1.9%)
轨迹写入进度: 301/10428 (2.9%)
轨迹写入进度: 401/10428 (3.8%)
轨迹写入进度: 501/10428 (4.8%)
轨迹写入进度: 601/10428 (5.8%)
轨迹写入进度: 701/10428 (6.7%)
轨迹写入进度: 801/10428 (7.7%)
轨迹写入进度: 901/10428 (8.6%)
轨迹写入进度: 1001/10428 (9.6%)
轨迹写入进度: 1101/10428 (10.6%)
轨迹写入进度: 1201/10428 (11.5%)
轨迹写入进度: 1301/10428 (12.5%)
轨迹写入进度: 1401/10428 (13.4%)
轨迹写入进度: 1501/10428 (14.4%)
轨迹写入进度: 1601/10428 (15.4%)
轨迹写入进度: 1701/10428 (16.3%)
轨迹写入进度: 1801/10428 (17.3%)
轨迹写入进度: 1901/10428 (18.2%)
轨迹写入进度: 2001/10428 (19.2%)
轨迹写入进度: 2101/10428 (20.1%)
轨迹写入进度: 2201/10428 (21.1%)
轨迹写入进度: 2301/10428 (22.1%)
轨迹写入进度: 2401/10428 (23.0%)
轨迹写入进度: 2501/10428 (24.0%)
轨迹写入进度: 2601/10428 (24.9%)
轨迹写入进度: 2701/10428 (25.9%)
轨迹写入进度: 2801/10428 (26.9%)
轨迹写入进度: 2901/10428 (27.8%)
轨迹写入进度: 3001/10428 (28.8%)
轨迹写入进度: 3101/10428 (29.7%)
轨迹写入进度: 3201/10428 (30.7%)
轨迹写入进度: 3301/10428 (31.7%)
轨迹写入进度: 3401/10428 (32.6%)
轨迹写入进度: 3501/10428 (33.6%)
轨迹写入进度: 3601/10428 (34.5%)
轨迹写入进度: 3701/10428 (35.5%)
轨迹写入进度: 3801/10428 (36.4%)
轨迹写入进度: 3901/10428 (37.4%)
轨迹写入进度: 4001/10428 (38.4%)
轨迹写入进度: 4101/10428 (39.3%)
轨迹写入进度: 4201/10428 (40.3%)
轨迹写入进度: 4301/10428 (41.2%)
轨迹写入进度: 4401/10428 (42.2%)
轨迹写入进度: 4501/10428 (43.2%)
轨迹写入进度: 4601/10428 (44.1%)
轨迹写入进度: 4701/10428 (45.1%)
轨迹写入进度: 4801/10428 (46.0%)
轨迹写入进度: 4901/10428 (47.0%)
轨迹写入进度: 5001/10428 (48.0%)
轨迹写入进度: 5101/10428 (48.9%)
轨迹写入进度: 5201/10428 (49.9%)
轨迹写入进度: 5301/10428 (50.8%)
轨迹写入进度: 5401/10428 (51.8%)
轨迹写入进度: 5501/10428 (52.8%)
轨迹写入进度: 5601/10428 (53.7%)
轨迹写入进度: 5701/10428 (54.7%)
轨迹写入进度: 5801/10428 (55.6%)
⏳ 正在转换数据 - 已等待 30/300 秒...
轨迹写入进度: 5901/10428 (56.6%)
轨迹写入进度: 6001/10428 (57.5%)
轨迹写入进度: 6101/10428 (58.5%)
轨迹写入进度: 6201/10428 (59.5%)
轨迹写入进度: 6301/10428 (60.4%)
轨迹写入进度: 6401/10428 (61.4%)
轨迹写入进度: 6501/10428 (62.3%)
轨迹写入进度: 6601/10428 (63.3%)
轨迹写入进度: 6701/10428 (64.3%)
轨迹写入进度: 6801/10428 (65.2%)
轨迹写入进度: 6901/10428 (66.2%)
轨迹写入进度: 7001/10428 (67.1%)
轨迹写入进度: 7101/10428 (68.1%)
轨迹写入进度: 7201/10428 (69.1%)
轨迹写入进度: 7301/10428 (70.0%)
轨迹写入进度: 7401/10428 (71.0%)
轨迹写入进度: 7501/10428 (71.9%)
轨迹写入进度: 7601/10428 (72.9%)
轨迹写入进度: 7701/10428 (73.8%)
轨迹写入进度: 7801/10428 (74.8%)
轨迹写入进度: 7901/10428 (75.8%)
轨迹写入进度: 8001/10428 (76.7%)
轨迹写入进度: 8101/10428 (77.7%)
轨迹写入进度: 8201/10428 (78.6%)
轨迹写入进度: 8301/10428 (79.6%)
轨迹写入进度: 8401/10428 (80.6%)
轨迹写入进度: 8501/10428 (81.5%)
轨迹写入进度: 8601/10428 (82.5%)
轨迹写入进度: 8701/10428 (83.4%)
轨迹写入进度: 8801/10428 (84.4%)
轨迹写入进度: 8901/10428 (85.4%)
轨迹写入进度: 9001/10428 (86.3%)
轨迹写入进度: 9101/10428 (87.3%)
轨迹写入进度: 9201/10428 (88.2%)
轨迹写入进度: 9301/10428 (89.2%)
轨迹写入进度: 9401/10428 (90.2%)
轨迹写入进度: 9501/10428 (91.1%)
轨迹写入进度: 9601/10428 (92.1%)
轨迹写入进度: 9701/10428 (93.0%)
轨迹写入进度: 9801/10428 (94.0%)
轨迹写入进度: 9901/10428 (94.9%)
轨迹写入进度: 10001/10428 (95.9%)
轨迹写入进度: 10101/10428 (96.9%)
轨迹写入进度: 10201/10428 (97.8%)
轨迹写入进度: 10301/10428 (98.8%)
轨迹写入进度: 10401/10428 (99.7%)
轨迹写入进度: 10428/10428 (100.0%)
写入所有激光帧...
激光帧写入进度: 1/10428 (0.0%)
激光帧写入进度: 101/10428 (1.0%)
激光帧写入进度: 201/10428 (1.9%)
激光帧写入进度: 301/10428 (2.9%)
激光帧写入进度: 401/10428 (3.8%)
激光帧写入进度: 501/10428 (4.8%)
激光帧写入进度: 601/10428 (5.8%)
激光帧写入进度: 701/10428 (6.7%)
激光帧写入进度: 801/10428 (7.7%)
激光帧写入进度: 901/10428 (8.6%)
激光帧写入进度: 1001/10428 (9.6%)
激光帧写入进度: 1101/10428 (10.6%)
激光帧写入进度: 1201/10428 (11.5%)
激光帧写入进度: 1301/10428 (12.5%)
激光帧写入进度: 1401/10428 (13.4%)
激光帧写入进度: 1501/10428 (14.4%)
激光帧写入进度: 1601/10428 (15.4%)
激光帧写入进度: 1701/10428 (16.3%)
激光帧写入进度: 1801/10428 (17.3%)
激光帧写入进度: 1901/10428 (18.2%)
激光帧写入进度: 2001/10428 (19.2%)
激光帧写入进度: 2101/10428 (20.1%)
激光帧写入进度: 2201/10428 (21.1%)
激光帧写入进度: 2301/10428 (22.1%)
激光帧写入进度: 2401/10428 (23.0%)
激光帧写入进度: 2501/10428 (24.0%)
激光帧写入进度: 2601/10428 (24.9%)
激光帧写入进度: 2701/10428 (25.9%)
激光帧写入进度: 2801/10428 (26.9%)
激光帧写入进度: 2901/10428 (27.8%)
激光帧写入进度: 3001/10428 (28.8%)
激光帧写入进度: 3101/10428 (29.7%)
激光帧写入进度: 3201/10428 (30.7%)
激光帧写入进度: 3301/10428 (31.7%)
激光帧写入进度: 3401/10428 (32.6%)
激光帧写入进度: 3501/10428 (33.6%)
激光帧写入进度: 3601/10428 (34.5%)
激光帧写入进度: 3701/10428 (35.5%)
激光帧写入进度: 3801/10428 (36.4%)
激光帧写入进度: 3901/10428 (37.4%)
激光帧写入进度: 4001/10428 (38.4%)
激光帧写入进度: 4101/10428 (39.3%)
激光帧写入进度: 4201/10428 (40.3%)
激光帧写入进度: 4301/10428 (41.2%)
激光帧写入进度: 4401/10428 (42.2%)
激光帧写入进度: 4501/10428 (43.2%)
激光帧写入进度: 4601/10428 (44.1%)
激光帧写入进度: 4701/10428 (45.1%)
激光帧写入进度: 4801/10428 (46.0%)
激光帧写入进度: 4901/10428 (47.0%)
激光帧写入进度: 5001/10428 (48.0%)
激光帧写入进度: 5101/10428 (48.9%)
激光帧写入进度: 5201/10428 (49.9%)
激光帧写入进度: 5301/10428 (50.8%)
激光帧写入进度: 5401/10428 (51.8%)
激光帧写入进度: 5501/10428 (52.8%)
激光帧写入进度: 5601/10428 (53.7%)
激光帧写入进度: 5701/10428 (54.7%)
激光帧写入进度: 5801/10428 (55.6%)
激光帧写入进度: 5901/10428 (56.6%)
激光帧写入进度: 6001/10428 (57.5%)
激光帧写入进度: 6101/10428 (58.5%)
激光帧写入进度: 6201/10428 (59.5%)
激光帧写入进度: 6301/10428 (60.4%)
激光帧写入进度: 6401/10428 (61.4%)
激光帧写入进度: 6501/10428 (62.3%)
激光帧写入进度: 6601/10428 (63.3%)
激光帧写入进度: 6701/10428 (64.3%)
激光帧写入进度: 6801/10428 (65.2%)
激光帧写入进度: 6901/10428 (66.2%)
激光帧写入进度: 7001/10428 (67.1%)
激光帧写入进度: 7101/10428 (68.1%)
激光帧写入进度: 7201/10428 (69.1%)
激光帧写入进度: 7301/10428 (70.0%)
激光帧写入进度: 7401/10428 (71.0%)
激光帧写入进度: 7501/10428 (71.9%)
激光帧写入进度: 7601/10428 (72.9%)
激光帧写入进度: 7701/10428 (73.8%)
激光帧写入进度: 7801/10428 (74.8%)
激光帧写入进度: 7901/10428 (75.8%)
激光帧写入进度: 8001/10428 (76.7%)
激光帧写入进度: 8101/10428 (77.7%)
激光帧写入进度: 8201/10428 (78.6%)
激光帧写入进度: 8301/10428 (79.6%)
激光帧写入进度: 8401/10428 (80.6%)
激光帧写入进度: 8501/10428 (81.5%)
激光帧写入进度: 8601/10428 (82.5%)
激光帧写入进度: 8701/10428 (83.4%)
激光帧写入进度: 8801/10428 (84.4%)
激光帧写入进度: 8901/10428 (85.4%)
激光帧写入进度: 9001/10428 (86.3%)
激光帧写入进度: 9101/10428 (87.3%)
激光帧写入进度: 9201/10428 (88.2%)
激光帧写入进度: 9301/10428 (89.2%)
激光帧写入进度: 9401/10428 (90.2%)
激光帧写入进度: 9501/10428 (91.1%)
激光帧写入进度: 9601/10428 (92.1%)
激光帧写入进度: 9701/10428 (93.0%)
激光帧写入进度: 9801/10428 (94.0%)
激光帧写入进度: 9901/10428 (94.9%)
激光帧写入进度: 10001/10428 (95.9%)
激光帧写入进度: 10101/10428 (96.9%)
激光帧写入进度: 10201/10428 (97.8%)
激光帧写入进度: 10301/10428 (98.8%)
激光帧写入进度: 10401/10428 (99.7%)
激光帧写入进度: 10428/10428 (100.0%)
成功将数据写入ROS2 bag文件: lms_data.bag
总共写入帧数: 10428
总有效激光点数: 3715347, 平均每帧: 356.3
使用的轨迹时间戳范围: 71407205 - 71554079
处理用时: 46.52秒
ROS2 Bag文件写入完成
✅ 命令已完成
检查rosbag内容...
⏱️ 执行命令 (最长30秒): ros2 bag info lms_data.bag

Files:             lms_data.bag_0.db3
Bag size:          31.3 MiB
Storage id:        sqlite3
Duration:          146.874000000s
Start:             Jan  1 1970 08:00:01.000000000 (1.000000000)
End:               Jan  1 1970 08:02:27.874000000 (147.874000000)
Messages:          41712
Topic information: Topic: /clock | Type: rosgraph_msgs/msg/Clock | Count: 10428 | Serialization Format: cdr
                   Topic: scan | Type: sensor_msgs/msg/LaserScan | Count: 10428 | Serialization Format: cdr
                   Topic: odom | Type: nav_msgs/msg/Odometry | Count: 10428 | Serialization Format: cdr
                   Topic: tf | Type: tf2_msgs/msg/TFMessage | Count: 10428 | Serialization Format: cdr

✅ 命令已完成
Traceback (most recent call last):
  File "/opt/ros/humble/bin/ros2", line 33, in <module>
    sys.exit(load_entry_point('ros2cli==0.18.11', 'console_scripts', 'ros2')())
  File "/opt/ros/humble/lib/python3.10/site-packages/ros2cli/cli.py", line 91, in main
    rc = extension.main(parser=parser, args=args)
  File "/opt/ros/humble/lib/python3.10/site-packages/ros2bag/command/bag.py", line 38, in main
    return extension.main(args=args)
  File "/opt/ros/humble/lib/python3.10/site-packages/ros2bag/verb/info.py", line 28, in main
    print(m)
BrokenPipeError: [Errno 32] Broken pipe
Exception ignored in: <_io.TextIOWrapper name='<stdout>' mode='w' encoding='utf-8'>
BrokenPipeError: [Errno 32] Broken pipe
正在启动LMS Mapper节点...
执行: python3 /IntelligentMobileRobots2025/work3/src/lms_mapper/lms_mapper/lms_mapper_node.py --ros-args -p map_save_path:=occupancy_grid.png
设置ROS2使用模拟时钟...
usage: ros2 param set [-h] [--spin-time SPIN_TIME] [-s] [--no-daemon]
                      [--include-hidden-nodes]
                      node_name parameter_name value
ros2 param set: error: the following arguments are required: value
无法设置全局参数，将在节点启动时设置
等待节点启动...
[INFO] [1742633917.198831591] [lms_mapper_node]: 地图参数: 尺寸=1000x1000, 分辨率=0.1米/格
[INFO] [1742633917.231603466] [lms_mapper_node]: 地图重置功能已禁用，将持续累积所有障碍物数据
[INFO] [1742633917.231881383] [lms_mapper_node]: 中间地图保存间隔: 60.0秒
[INFO] [1742633917.232083508] [lms_mapper_node]: 清除过期障碍物功能已禁用，将保留所有检测到的障碍物
[INFO] [1742633917.232325800] [lms_mapper_node]: 运动过滤功能已启用：最小运动距离=0.5米，静止忽略时间=0.2秒
[INFO] [1742633917.232529383] [lms_mapper_node]: 使用自适应阈值：基础阈值=2，距离因子=0.5
[INFO] [1742633917.391437675] [lms_mapper_node]: LMS mapper node已启动
节点已启动，PID: 27530
检查可用的话题...
/clock
/map
/odom
/parameter_events
/rosout
/scan
等待话题准备就绪...
✅ /map 话题已准备就绪
正在播放rosbag数据...
等待系统准备就绪，确保时钟同步...
开始播放rosbag...
stdin is not a terminal device. Keyboard handling disabled.[INFO] [1742633935.614092919] [rosbag2_storage]: Opened database 'lms_data.bag/lms_data.bag_0.db3' for READ_ONLY.
[INFO] [1742633935.625229169] [rosbag2_player]: Set rate to 0.1
[INFO] [1742633935.702178669] [rosbag2_player]: Adding keyboard callbacks.
[INFO] [1742633935.702942794] [rosbag2_player]: Press SPACE for Pause/Resume
[INFO] [1742633935.704544253] [rosbag2_player]: Press CURSOR_RIGHT for Play Next Message
[INFO] [1742633935.704565586] [rosbag2_player]: Press CURSOR_UP for Increase Rate 10%
[INFO] [1742633935.704595044] [rosbag2_player]: Press CURSOR_DOWN for Decrease Rate 10%
[INFO] [1742633935.706341878] [rosbag2_storage]: Opened database 'lms_data.bag/lms_data.bag_0.db3' for READ_ONLY.
等待rosbag播放完成...
[INFO] [1742633938.706402212] [lms_mapper_node]: 接收到激光数据: frame_id=laser, 点数=361
[INFO] [1742633938.732059129] [lms_mapper_node]: 记录起始位置: x=0.00, y=0.00, theta=0.00
[INFO] [1742633938.772168796] [lms_mapper_node]: 记录起始位置: x=0.00, y=0.00, theta=0.00
[INFO] [1742633938.799962837] [lms_mapper_node]: 当前使用的障碍物计数阈值: 1
[INFO] [1742633945.551714007] [lms_mapper_node]: 机器人静止中 (6.8秒)，跳过处理激光数据
⏳ 正在播放rosbag - 已等待 15/3600 秒...
当前活跃话题:
[INFO] [1742633952.961525011] [lms_mapper_node]: 机器人静止中 (14.2秒)，跳过处理激光数据
[INFO] [1742633953.147852594] [lms_mapper_node]: 接收到激光数据: frame_id=laser, 点数=361
[INFO] [1742633953.149051594] [lms_mapper_node]: 【激光雷达坐标】x=0.0000, y=0.0000, theta=0.0000
/clock
/events/read_split
/map
/odom
/parameter_events
/rosout
/scan
/tf
[INFO] [1742633960.348593625] [lms_mapper_node]: 机器人静止中 (21.6秒)，跳过处理激光数据
[INFO] [1742633967.933455212] [lms_mapper_node]: 机器人静止中: 29.2秒, 位置: (0.00, 0.00)
[INFO] [1742633967.948099545] [lms_mapper_node]: 机器人静止中 (29.2秒)，跳过处理激光数据
[INFO] [1742633968.096658254] [lms_mapper_node]: 接收到激光数据: frame_id=laser, 点数=361
[INFO] [1742633968.097031212] [lms_mapper_node]: 【激光雷达坐标】x=0.0000, y=0.0000, theta=0.0000
⏳ 正在播放rosbag - 已等待 30/3600 秒...
当前活跃话题:
[INFO] [1742633975.024354840] [lms_mapper_node]: 机器人静止中 (36.3秒)，跳过处理激光数据
[INFO] [1742633978.472944759] [lms_mapper_node]: 【进度报告】运行时间: 61.2秒, 处理扫描: 255帧, 轨迹点: 255个, 障碍物格子: 95个, 轨迹已更新
[INFO] [1742633978.561182217] [lms_mapper_node]: 共绘制障碍物点 95个
[INFO] [1742633978.599318300] [lms_mapper_node]: 障碍物世界坐标范围: X=-1.50到0.90, Y=0.00到6.60
[INFO] [1742633978.606139467] [lms_mapper_node]: 中间地图 #1: 绘制轨迹 255个点, 障碍物 95个
/clock
/events/read_split
/map
/odom
/parameter_events
/rosout
/scan
/tf
[INFO] [1742633994.532440377] [lms_mapper_node]: 地图显示边界: X=-20.0到50.0, Y=-20.0到55.0
⏳ 正在播放rosbag - 已等待 45/3600 秒...
当前活跃话题:
[INFO] [1742633996.904376545] [lms_mapper_node]: 已保存中间地图 #1 到: map_checkpoint_1.png
/clock
/events/read_split
/map
/odom
/parameter_events
/rosout
/scan
/tf
[INFO] [1742634002.014522672] [lms_mapper_node]: 机器人静止中 (63.3秒)，跳过处理激光数据
[INFO] [1742634002.178733881] [lms_mapper_node]: 接收到激光数据: frame_id=laser, 点数=361
[INFO] [1742634002.179022589] [lms_mapper_node]: 【激光雷达坐标】x=0.0000, y=0.0000, theta=0.0000
[INFO] [1742634009.372665176] [lms_mapper_node]: 机器人静止中 (70.6秒)，跳过处理激光数据
⏳ 正在播放rosbag - 已等待 60/3600 秒...
当前活跃话题:
[INFO] [1742634017.711080930] [lms_mapper_node]: 机器人静止中 (79.0秒)，跳过处理激光数据
[INFO] [1742634017.712327971] [lms_mapper_node]: 机器人静止中: 79.0秒, 位置: (0.00, 0.00)
[INFO] [1742634017.716647263] [lms_mapper_node]: 接收到激光数据: frame_id=laser, 点数=361
[INFO] [1742634017.716903221] [lms_mapper_node]: 【激光雷达坐标】x=0.0000, y=0.0000, theta=0.0000
/clock
/events/read_split
/map
/odom
/parameter_events
/rosout
/scan
/tf
[INFO] [1742634023.900996793] [lms_mapper_node]: 机器人静止中 (85.1秒)，跳过处理激光数据
[INFO] [1742634028.105635920] [lms_mapper_node]: 【进度报告】运行时间: 110.9秒, 处理扫描: 463帧, 轨迹点: 463个, 障碍物格子: 95个, 轨迹已更新
[INFO] [1742634028.172197170] [lms_mapper_node]: 共绘制障碍物点 95个
[INFO] [1742634028.182274545] [lms_mapper_node]: 障碍物世界坐标范围: X=-1.50到0.90, Y=0.00到6.60
[INFO] [1742634028.185456754] [lms_mapper_node]: 中间地图 #2: 绘制轨迹 463个点, 障碍物 95个
⏳ 正在播放rosbag - 已等待 75/3600 秒...
当前活跃话题:
[INFO] [1742634038.245444800] [lms_mapper_node]: 地图显示边界: X=-20.0到50.0, Y=-20.0到55.0
[INFO] [1742634041.134642676] [lms_mapper_node]: 已保存中间地图 #2 到: map_checkpoint_2.png
/clock
/events/read_split
/map
/odom
/parameter_events
/rosout
/scan
/tf
[INFO] [1742634047.224943263] [lms_mapper_node]: 机器人静止中 (108.5秒)，跳过处理激光数据
[INFO] [1742634047.230211638] [lms_mapper_node]: 接收到激光数据: frame_id=laser, 点数=361
[INFO] [1742634047.246632929] [lms_mapper_node]: 【激光雷达坐标】x=0.0000, y=0.0000, theta=0.0000
[INFO] [1742634053.288343960] [lms_mapper_node]: 机器人静止中 (114.6秒)，跳过处理激光数据
⏳ 正在播放rosbag - 已等待 90/3600 秒...
当前活跃话题:
[INFO] [1742634060.506764796] [lms_mapper_node]: 机器人静止中 (121.8秒)，跳过处理激光数据
[INFO] [1742634060.507506921] [lms_mapper_node]: 机器人静止中: 121.8秒, 位置: (0.00, 0.00)
[INFO] [1742634060.647781255] [lms_mapper_node]: 接收到激光数据: frame_id=laser, 点数=361
[INFO] [1742634060.648127171] [lms_mapper_node]: 【激光雷达坐标】x=0.0000, y=0.0000, theta=0.0000
/clock
/events/read_split
/map
/odom
/parameter_events
/rosout
/scan
/tf
[INFO] [1742634067.822182967] [lms_mapper_node]: 机器人静止中 (129.1秒)，跳过处理激光数据
[INFO] [1742634074.837932428] [lms_mapper_node]: 机器人静止中 (136.1秒)，跳过处理激光数据
[INFO] [1742634075.002930928] [lms_mapper_node]: 接收到激光数据: frame_id=laser, 点数=361
[INFO] [1742634075.003291345] [lms_mapper_node]: 【激光雷达坐标】x=0.0000, y=0.0000, theta=0.0000
[INFO] [1742634077.611720846] [lms_mapper_node]: 【进度报告】运行时间: 160.4秒, 处理扫描: 706帧, 轨迹点: 706个, 障碍物格子: 95个, 轨迹已更新
[INFO] [1742634077.672789763] [lms_mapper_node]: 共绘制障碍物点 95个
[INFO] [1742634077.673653638] [lms_mapper_node]: 障碍物世界坐标范围: X=-1.50到0.90, Y=0.00到6.60
[INFO] [1742634077.674067930] [lms_mapper_node]: 中间地图 #3: 绘制轨迹 706个点, 障碍物 95个
⏳ 正在播放rosbag - 已等待 105/3600 秒...
当前活跃话题:
[INFO] [1742634081.296390000] [lms_mapper_node]: 地图显示边界: X=-20.0到50.0, Y=-20.0到55.0
[INFO] [1742634085.779381544] [lms_mapper_node]: 已保存中间地图 #3 到: map_checkpoint_3.png
/clock
/events/read_split
/map
/odom
/parameter_events
/rosout
/scan
/tf
[INFO] [1742634092.323090672] [lms_mapper_node]: 机器人静止中 (153.6秒)，跳过处理激光数据
[INFO] [1742634099.790136301] [lms_mapper_node]: 机器人静止中 (161.1秒)，跳过处理激光数据
[INFO] [1742634099.790725259] [lms_mapper_node]: 机器人静止中: 161.1秒, 位置: (0.00, 0.00)
[INFO] [1742634099.969712718] [lms_mapper_node]: 接收到激光数据: frame_id=laser, 点数=361
[INFO] [1742634099.970031843] [lms_mapper_node]: 【激光雷达坐标】x=0.0000, y=0.0000, theta=0.0000
⏳ 正在播放rosbag - 已等待 120/3600 秒...
当前活跃话题:
[INFO] [1742634107.442545804] [lms_mapper_node]: 机器人静止中 (168.7秒)，跳过处理激光数据
/clock
/events/read_split
/map
/odom
/parameter_events
/rosout
/scan
/tf
[INFO] [1742634114.031388918] [lms_mapper_node]: 机器人静止中 (175.3秒)，跳过处理激光数据
[INFO] [1742634114.151352502] [lms_mapper_node]: 接收到激光数据: frame_id=laser, 点数=361
[INFO] [1742634114.151691043] [lms_mapper_node]: 【激光雷达坐标】x=0.0000, y=0.0000, theta=0.0000
[INFO] [1742634121.062501588] [lms_mapper_node]: 机器人静止中 (182.3秒)，跳过处理激光数据
⏳ 正在播放rosbag - 已等待 135/3600 秒...
当前活跃话题:
[INFO] [1742634126.440537299] [lms_mapper_node]: 【进度报告】运行时间: 209.2秒, 处理扫描: 983帧, 轨迹点: 983个, 障碍物格子: 95个, 轨迹已更新
[INFO] [1742634126.462927008] [lms_mapper_node]: 共绘制障碍物点 95个
[INFO] [1742634126.463773049] [lms_mapper_node]: 障碍物世界坐标范围: X=-1.50到0.90, Y=0.00到6.60
[INFO] [1742634126.464144966] [lms_mapper_node]: 中间地图 #4: 绘制轨迹 983个点, 障碍物 95个
[INFO] [1742634127.872144008] [lms_mapper_node]: 地图显示边界: X=-20.0到50.0, Y=-20.0到55.0
/clock
/events/read_split
/map
/odom
/parameter_events
/rosout
/scan
/tf
[INFO] [1742634130.978262426] [lms_mapper_node]: 已保存中间地图 #4 到: map_checkpoint_4.png
[INFO] [1742634131.915285802] [lms_mapper_node]: 机器人静止中 (193.2秒)，跳过处理激光数据
[INFO] [1742634131.938253844] [lms_mapper_node]: 机器人静止中: 193.2秒, 位置: (0.00, 0.00)
[INFO] [1742634132.030580177] [lms_mapper_node]: 接收到激光数据: frame_id=laser, 点数=361
[INFO] [1742634132.030884302] [lms_mapper_node]: 【激光雷达坐标】x=0.0000, y=0.0000, theta=0.0000
[INFO] [1742634138.936263805] [lms_mapper_node]: 机器人静止中 (200.2秒)，跳过处理激光数据
⏳ 正在播放rosbag - 已等待 150/3600 秒...
当前活跃话题:
[INFO] [1742634146.293955253] [lms_mapper_node]: 机器人静止中 (207.6秒)，跳过处理激光数据
[INFO] [1742634146.295887169] [lms_mapper_node]: 接收到激光数据: frame_id=laser, 点数=361
[INFO] [1742634146.296346336] [lms_mapper_node]: 【激光雷达坐标】x=0.0000, y=0.0000, theta=0.0000
/clock
/events/read_split
/map
/odom
/parameter_events
/rosout
/scan
/tf
[INFO] [1742634153.062793964] [lms_mapper_node]: 机器人静止中 (214.3秒)，跳过处理激光数据
[INFO] [1742634160.242042426] [lms_mapper_node]: 机器人静止中 (221.5秒)，跳过处理激光数据
[INFO] [1742634160.242654426] [lms_mapper_node]: 机器人静止中: 221.5秒, 位置: (0.00, 0.00)
[INFO] [1742634160.354035093] [lms_mapper_node]: 接收到激光数据: frame_id=laser, 点数=361
[INFO] [1742634160.354359801] [lms_mapper_node]: 【激光雷达坐标】x=0.0000, y=0.0000, theta=0.0000
⏳ 正在播放rosbag - 已等待 165/3600 秒...
当前活跃话题:
[INFO] [1742634167.547883638] [lms_mapper_node]: 机器人静止中 (228.8秒)，跳过处理激光数据
/clock
/events/read_split
/map
/odom
/parameter_events
/rosout
/scan
/tf
[INFO] [1742634174.633378877] [lms_mapper_node]: 机器人静止中 (235.9秒)，跳过处理激光数据
[INFO] [1742634174.721918585] [lms_mapper_node]: 接收到激光数据: frame_id=laser, 点数=361
[INFO] [1742634174.722242252] [lms_mapper_node]: 【激光雷达坐标】x=0.0000, y=0.0000, theta=0.0000
[INFO] [1742634177.919319587] [lms_mapper_node]: 【进度报告】运行时间: 260.7秒, 处理扫描: 1307帧, 轨迹点: 1307个, 障碍物格子: 95个, 轨迹已更新
[INFO] [1742634178.021876045] [lms_mapper_node]: 共绘制障碍物点 95个
[INFO] [1742634178.029762129] [lms_mapper_node]: 障碍物世界坐标范围: X=-1.50到0.90, Y=0.00到6.60
[INFO] [1742634178.060229337] [lms_mapper_node]: 中间地图 #5: 绘制轨迹 1307个点, 障碍物 95个
[INFO] [1742634181.914322797] [lms_mapper_node]: 地图显示边界: X=-20.0到50.0, Y=-20.0到55.0
[INFO] [1742634182.617196006] [lms_mapper_node]: 已保存中间地图 #5 到: map_checkpoint_5.png
⏳ 正在播放rosbag - 已等待 180/3600 秒...
当前活跃话题:
/clock
/events/read_split
/map
/odom
/parameter_events
/rosout
/scan
/tf
[INFO] [1742634188.236336508] [lms_mapper_node]: 机器人静止中 (249.5秒)，跳过处理激光数据
[INFO] [1742634195.190802970] [lms_mapper_node]: 机器人静止中 (256.5秒)，跳过处理激光数据
[INFO] [1742634195.191705762] [lms_mapper_node]: 机器人静止中: 256.5秒, 位置: (0.00, 0.00)
[INFO] [1742634195.310853345] [lms_mapper_node]: 接收到激光数据: frame_id=laser, 点数=361
[INFO] [1742634195.311269303] [lms_mapper_node]: 【激光雷达坐标】x=0.0000, y=0.0000, theta=0.0000
[INFO] [1742634202.473483793] [lms_mapper_node]: 机器人静止中 (263.7秒)，跳过处理激光数据
⏳ 正在播放rosbag - 已等待 195/3600 秒...
当前活跃话题:
/clock
/events/read_split
/map
/odom
/parameter_events
/rosout
/scan
/tf
[INFO] [1742634211.679022630] [lms_mapper_node]: 机器人静止中 (272.9秒)，跳过处理激光数据
[INFO] [1742634211.681095547] [lms_mapper_node]: 接收到激光数据: frame_id=laser, 点数=361
[INFO] [1742634211.681626922] [lms_mapper_node]: 【激光雷达坐标】x=0.0000, y=0.0000, theta=0.0000
[INFO] [1742634218.547715842] [lms_mapper_node]: 机器人静止中 (279.8秒)，跳过处理激光数据
[INFO] [1742634226.538885929] [lms_mapper_node]: 【进度报告】运行时间: 309.3秒, 处理扫描: 1597帧, 轨迹点: 1598个, 障碍物格子: 95个, 轨迹已更新
[INFO] [1742634226.597511137] [lms_mapper_node]: 共绘制障碍物点 95个
[INFO] [1742634226.630135596] [lms_mapper_node]: 障碍物世界坐标范围: X=-1.50到0.90, Y=0.00到6.60
[INFO] [1742634226.630881012] [lms_mapper_node]: 中间地图 #6: 绘制轨迹 1598个点, 障碍物 95个
⏳ 正在播放rosbag - 已等待 210/3600 秒...
当前活跃话题:
[INFO] [1742634228.027241596] [lms_mapper_node]: 地图显示边界: X=-20.0到50.0, Y=-20.0到55.0
[INFO] [1742634231.505744000] [lms_mapper_node]: 已保存中间地图 #6 到: map_checkpoint_6.png
[INFO] [1742634231.541153167] [lms_mapper_node]: 机器人静止中: 292.8秒, 位置: (0.00, 0.00)
[INFO] [1742634231.578991709] [lms_mapper_node]: 机器人静止中 (292.8秒)，跳过处理激光数据
[INFO] [1742634231.580465459] [lms_mapper_node]: 接收到激光数据: frame_id=laser, 点数=361
[INFO] [1742634231.580787417] [lms_mapper_node]: 【激光雷达坐标】x=0.0000, y=0.0000, theta=0.0000
/clock
/events/read_split
/map
/odom
/parameter_events
/rosout
/scan
/tf
[INFO] [1742634237.575419337] [lms_mapper_node]: 机器人静止中 (298.8秒)，跳过处理激光数据
[INFO] [1742634244.582623632] [lms_mapper_node]: 机器人静止中 (305.9秒)，跳过处理激光数据
[INFO] [1742634244.752455423] [lms_mapper_node]: 接收到激光数据: frame_id=laser, 点数=361
[INFO] [1742634244.752834757] [lms_mapper_node]: 【激光雷达坐标】x=0.0000, y=0.0000, theta=0.0000
⏳ 正在播放rosbag - 已等待 225/3600 秒...
当前活跃话题:
[INFO] [1742634251.661649177] [lms_mapper_node]: 机器人静止中 (312.9秒)，跳过处理激光数据
/clock
/events/read_split
/map
/odom
/parameter_events
/rosout
/scan
/tf
[INFO] [1742634259.010297680] [lms_mapper_node]: 机器人静止中: 320.3秒, 位置: (0.00, 0.00)
[INFO] [1742634259.108730264] [lms_mapper_node]: 机器人静止中 (320.4秒)，跳过处理激光数据
[INFO] [1742634259.223163389] [lms_mapper_node]: 接收到激光数据: frame_id=laser, 点数=361
[INFO] [1742634259.224162680] [lms_mapper_node]: 【激光雷达坐标】x=0.0000, y=0.0000, theta=0.0000
[INFO] [1742634267.646012503] [lms_mapper_node]: 检测到机器人开始行驶，总静止时间: 328.88秒，当前位置: (0.00, 0.41)
[WARN] [1742634267.680641628] [lms_mapper_node]: 激光扫描处理间隔较长: 328.75秒
[INFO] [1742634267.808304420] [lms_mapper_node]: 检测到机器人可能已到达终点，静止时间: 329.08秒，总行驶距离: 0.44米
[INFO] [1742634267.900775462] [lms_mapper_node]: 机器人静止中 (0.2秒)，跳过处理激光数据
⏳ 正在播放rosbag - 已等待 240/3600 秒...
当前活跃话题:
[INFO] [1742634274.326500882] [lms_mapper_node]: 机器人静止中 (6.6秒)，跳过处理激光数据
[INFO] [1742634274.503660298] [lms_mapper_node]: 接收到激光数据: frame_id=laser, 点数=361
[INFO] [1742634274.503969132] [lms_mapper_node]: 【激光雷达坐标】x=0.0023, y=1.1012, theta=0.0015
/clock
/events/read_split
/map
/odom
/parameter_events
/rosout
/scan
/tf
[INFO] [1742634276.022083174] [lms_mapper_node]: 【进度报告】运行时间: 358.8秒, 处理扫描: 1907帧, 轨迹点: 1907个, 障碍物格子: 220个, 轨迹已更新
[INFO] [1742634276.121793049] [lms_mapper_node]: 共绘制障碍物点 220个
[INFO] [1742634276.123108382] [lms_mapper_node]: 障碍物世界坐标范围: X=-2.10到1.30, Y=0.00到6.60
[INFO] [1742634276.123380257] [lms_mapper_node]: 中间地图 #7: 绘制轨迹 1907个点, 障碍物 220个
[INFO] [1742634278.732806884] [lms_mapper_node]: 地图显示边界: X=-20.0到50.0, Y=-20.0到55.0
[INFO] [1742634281.909575677] [lms_mapper_node]: 已保存中间地图 #7 到: map_checkpoint_7.png
[WARN] [1742634281.942712135] [lms_mapper_node]: 激光扫描处理间隔较长: 14.11秒
[INFO] [1742634286.468420596] [lms_mapper_node]: 机器人静止中 (4.5秒)，跳过处理激光数据
⏳ 正在播放rosbag - 已等待 255/3600 秒...
当前活跃话题:
[INFO] [1742634293.472026501] [lms_mapper_node]: 机器人静止中 (11.5秒)，跳过处理激光数据
[INFO] [1742634293.472904918] [lms_mapper_node]: 机器人静止中: 354.7秒, 位置: (-0.01, 2.91)
[INFO] [1742634293.642946585] [lms_mapper_node]: 接收到激光数据: frame_id=laser, 点数=361
[INFO] [1742634293.643302043] [lms_mapper_node]: 【激光雷达坐标】x=-0.0083, y=2.9105, theta=-0.0011
/clock
/events/read_split
/map
/odom
/parameter_events
/rosout
/scan
/tf
[INFO] [1742634300.552003796] [lms_mapper_node]: 机器人静止中 (18.6秒)，跳过处理激光数据
[INFO] [1742634307.601768591] [lms_mapper_node]: 机器人静止中 (25.7秒)，跳过处理激光数据
[INFO] [1742634307.716957341] [lms_mapper_node]: 接收到激光数据: frame_id=laser, 点数=361
[INFO] [1742634307.717280633] [lms_mapper_node]: 【激光雷达坐标】x=-0.0574, y=4.2870, theta=0.0459
⏳ 正在播放rosbag - 已等待 270/3600 秒...
当前活跃话题:
/clock
/events/read_split
/map
/odom
/parameter_events
/rosout
/scan
/tf
[INFO] [1742634314.620167845] [lms_mapper_node]: 机器人静止中 (32.7秒)，跳过处理激光数据
[INFO] [1742634322.140205292] [lms_mapper_node]: 机器人静止中 (40.2秒)，跳过处理激光数据
[INFO] [1742634322.177684292] [lms_mapper_node]: 机器人静止中: 383.4秒, 位置: (-0.17, 5.62)
[INFO] [1742634322.308067167] [lms_mapper_node]: 接收到激光数据: frame_id=laser, 点数=361
[INFO] [1742634322.308427417] [lms_mapper_node]: 【激光雷达坐标】x=-0.1673, y=5.6164, theta=0.0847
[WARN] [1742634327.280080378] [lms_mapper_node]: 激光扫描处理间隔较长: 45.13秒
[INFO] [1742634327.360803420] [lms_mapper_node]: 【进度报告】运行时间: 410.1秒, 处理扫描: 2225帧, 轨迹点: 2225个, 障碍物格子: 399个, 轨迹已更新
[INFO] [1742634327.421829753] [lms_mapper_node]: 共绘制障碍物点 399个
[INFO] [1742634327.442833170] [lms_mapper_node]: 障碍物世界坐标范围: X=-2.40到1.30, Y=0.00到10.70
[INFO] [1742634327.443118586] [lms_mapper_node]: 中间地图 #8: 绘制轨迹 2225个点, 障碍物 399个
⏳ 正在播放rosbag - 已等待 285/3600 秒...
当前活跃话题:
[INFO] [1742634330.020800254] [lms_mapper_node]: 地图显示边界: X=-20.0到50.0, Y=-20.0到55.0
[INFO] [1742634331.472041213] [lms_mapper_node]: 已保存中间地图 #8 到: map_checkpoint_8.png
[WARN] [1742634331.488518672] [lms_mapper_node]: 激光扫描处理间隔较长: 4.16秒
/clock
/events/read_split
/map
/odom
/parameter_events
/rosout
/scan
/tf
[INFO] [1742634333.565130839] [lms_mapper_node]: 机器人静止中 (2.1秒)，跳过处理激光数据
[INFO] [1742634340.627210551] [lms_mapper_node]: 机器人静止中 (9.1秒)，跳过处理激光数据
[INFO] [1742634340.732900468] [lms_mapper_node]: 接收到激光数据: frame_id=laser, 点数=361
[INFO] [1742634340.733226968] [lms_mapper_node]: 【激光雷达坐标】x=-0.3655, y=7.4261, theta=0.0754
[INFO] [1742634347.801881679] [lms_mapper_node]: 机器人静止中 (16.3秒)，跳过处理激光数据
⏳ 正在播放rosbag - 已等待 300/3600 秒...
当前活跃话题:
/clock
/events/read_split
/map
/odom
/parameter_events
/rosout
/scan
/tf
[INFO] [1742634354.866110085] [lms_mapper_node]: 机器人静止中 (23.4秒)，跳过处理激光数据
[INFO] [1742634354.866771585] [lms_mapper_node]: 机器人静止中: 416.1秒, 位置: (-0.47, 8.88)
[INFO] [1742634354.968444544] [lms_mapper_node]: 接收到激光数据: frame_id=laser, 点数=361
[INFO] [1742634354.968793419] [lms_mapper_node]: 【激光雷达坐标】x=-0.4681, y=8.8775, theta=0.0234
[INFO] [1742634362.035284255] [lms_mapper_node]: 机器人静止中 (30.5秒)，跳过处理激光数据
[INFO] [1742634369.092152884] [lms_mapper_node]: 机器人静止中 (37.6秒)，跳过处理激光数据
[INFO] [1742634369.200197217] [lms_mapper_node]: 接收到激光数据: frame_id=laser, 点数=361
[INFO] [1742634369.200580509] [lms_mapper_node]: 【激光雷达坐标】x=-0.4766, y=10.2945, theta=0.0097
⏳ 正在播放rosbag - 已等待 315/3600 秒...
当前活跃话题:
/clock
/events/read_split
/map
/odom
/parameter_events
/rosout
/scan
/tf
[WARN] [1742634377.336451138] [lms_mapper_node]: 激光扫描处理间隔较长: 45.75秒
[INFO] [1742634377.429911013] [lms_mapper_node]: 【进度报告】运行时间: 460.2秒, 处理扫描: 2546帧, 轨迹点: 2546个, 障碍物格子: 738个, 轨迹已更新
[INFO] [1742634377.458965138] [lms_mapper_node]: 共绘制障碍物点 738个
[INFO] [1742634377.507269679] [lms_mapper_node]: 障碍物世界坐标范围: X=-3.00到1.30, Y=0.00到16.90
[INFO] [1742634377.508765596] [lms_mapper_node]: 中间地图 #9: 绘制轨迹 2546个点, 障碍物 738个
[INFO] [1742634379.897886264] [lms_mapper_node]: 地图显示边界: X=-20.0到50.0, Y=-20.0到55.0
[INFO] [1742634383.111654876] [lms_mapper_node]: 已保存中间地图 #9 到: map_checkpoint_9.png
[WARN] [1742634383.115457251] [lms_mapper_node]: 激光扫描处理间隔较长: 5.78秒
[WARN] [1742634387.586594711] [lms_mapper_node]: 激光扫描处理间隔较长: 4.29秒
[INFO] [1742634390.706134505] [lms_mapper_node]: 机器人静止中 (3.0秒)，跳过处理激光数据
[INFO] [1742634390.707953088] [lms_mapper_node]: 机器人静止中: 452.0秒, 位置: (-0.50, 12.33)
[INFO] [1742634390.708858630] [lms_mapper_node]: 接收到激光数据: frame_id=laser, 点数=361
[INFO] [1742634390.741434921] [lms_mapper_node]: 【激光雷达坐标】x=-0.4977, y=12.3296, theta=-0.0126
⏳ 正在播放rosbag - 已等待 330/3600 秒...
当前活跃话题:
[INFO] [1742634398.123031133] [lms_mapper_node]: 机器人停止移动
[WARN] [1742634398.125510175] [lms_mapper_node]: 激光扫描处理间隔较长: 10.32秒
[INFO] [1742634398.346856050] [lms_mapper_node]: 机器人静止中 (0.3秒)，跳过处理激光数据
/clock
/events/read_split
/map
/odom
/parameter_events
/rosout
/scan
/tf
[INFO] [1742634406.897200137] [lms_mapper_node]: 机器人静止中 (8.8秒)，跳过处理激光数据
[INFO] [1742634406.922480971] [lms_mapper_node]: 接收到激光数据: frame_id=laser, 点数=361
[INFO] [1742634406.928437762] [lms_mapper_node]: 【激光雷达坐标】x=-0.4890, y=13.9772, theta=-0.0217
[INFO] [1742634412.582071251] [lms_mapper_node]: 机器人静止中 (14.5秒)，跳过处理激光数据
⏳ 正在播放rosbag - 已等待 345/3600 秒...
当前活跃话题:
[WARN] [1742634417.224397420] [lms_mapper_node]: 激光扫描处理间隔较长: 18.95秒
/clock
/events/read_split
/map
/odom
/parameter_events
/rosout
/scan
/tf
[INFO] [1742634419.916212171] [lms_mapper_node]: 机器人静止中 (2.7秒)，跳过处理激光数据
[INFO] [1742634419.916806671] [lms_mapper_node]: 机器人静止中: 481.2秒, 位置: (-0.50, 15.96)
[INFO] [1742634420.092249171] [lms_mapper_node]: 接收到激光数据: frame_id=laser, 点数=361
[INFO] [1742634420.093321213] [lms_mapper_node]: 【激光雷达坐标】x=-0.4961, y=15.9561, theta=0.0243
[INFO] [1742634426.278844757] [lms_mapper_node]: 【进度报告】运行时间: 509.0秒, 处理扫描: 2842帧, 轨迹点: 2842个, 障碍物格子: 1438个, 轨迹已更新
[INFO] [1742634426.285106924] [lms_mapper_node]: 共绘制障碍物点 1438个
[INFO] [1742634426.297884424] [lms_mapper_node]: 障碍物世界坐标范围: X=-3.40到1.90, Y=0.00到21.00
[INFO] [1742634426.298470507] [lms_mapper_node]: 中间地图 #10: 绘制轨迹 2842个点, 障碍物 1438个
[INFO] [1742634428.136152216] [lms_mapper_node]: 地图显示边界: X=-30.7到50.0, Y=-20.0到55.0
[INFO] [1742634430.578468926] [lms_mapper_node]: 已保存中间地图 #10 到: map_checkpoint_10.png
[WARN] [1742634430.612994634] [lms_mapper_node]: 激光扫描处理间隔较长: 13.28秒
[INFO] [1742634430.835042051] [lms_mapper_node]: 机器人静止中 (0.2秒)，跳过处理激光数据
⏳ 正在播放rosbag - 已等待 360/3600 秒...
当前活跃话题:
[WARN] [1742634437.340674846] [lms_mapper_node]: 激光扫描处理间隔较长: 6.55秒
/clock
/events/read_split
/map
/odom
/parameter_events
/rosout
/scan
/tf
⏳ 正在播放rosbag - 已等待 375/3600 秒...
当前活跃话题:
/clock
/events/read_split
/map
/odom
/parameter_events
/rosout
/scan
/tf
[WARN] [1742634471.148557708] [lms_mapper_node]: 激光扫描处理间隔较长: 33.72秒
[INFO] [1742634471.169761083] [lms_mapper_node]: 【障碍物计算】机器人位置: x=-1.09, y=22.91, theta=0.01, 状态: 直线行驶
[WARN] [1742634472.574595167] [lms_mapper_node]: 激光扫描处理间隔较长: 1.38秒
[INFO] [1742634472.817002042] [lms_mapper_node]: 机器人静止中 (0.2秒)，跳过处理激光数据
[INFO] [1742634472.821085417] [lms_mapper_node]: 接收到激光数据: frame_id=laser, 点数=361
[INFO] [1742634472.821397959] [lms_mapper_node]: 【激光雷达坐标】x=-1.0884, y=23.2540, theta=0.0066
[WARN] [1742634477.045137086] [lms_mapper_node]: 激光扫描处理间隔较长: 4.28秒
[INFO] [1742634477.121335795] [lms_mapper_node]: 【进度报告】运行时间: 559.9秒, 处理扫描: 2926帧, 轨迹点: 2926个, 障碍物格子: 2008个, 轨迹已更新
[INFO] [1742634477.176090461] [lms_mapper_node]: 共绘制障碍物点 2008个
[INFO] [1742634477.267894795] [lms_mapper_node]: 障碍物世界坐标范围: X=-4.90到1.80, Y=0.00到29.20
[INFO] [1742634477.275667795] [lms_mapper_node]: 中间地图 #11: 绘制轨迹 2926个点, 障碍物 2008个
⏳ 正在播放rosbag - 已等待 390/3600 秒...
当前活跃话题:
[INFO] [1742634479.165917087] [lms_mapper_node]: 地图显示边界: X=-30.7到50.0, Y=-20.0到71.9
[INFO] [1742634481.846515880] [lms_mapper_node]: 已保存中间地图 #11 到: map_checkpoint_11.png
[WARN] [1742634481.848348338] [lms_mapper_node]: 激光扫描处理间隔较长: 4.78秒
/clock
/events/read_split
/map
/odom
/parameter_events
/rosout
/scan
/tf
[INFO] [1742634483.730174506] [lms_mapper_node]: 机器人静止中 (1.9秒)，跳过处理激光数据
[WARN] [1742634487.369269924] [lms_mapper_node]: 激光扫描处理间隔较长: 5.32秒
[INFO] [1742634491.190582385] [lms_mapper_node]: 机器人静止中 (3.8秒)，跳过处理激光数据
[INFO] [1742634491.191334635] [lms_mapper_node]: 机器人静止中: 552.5秒, 位置: (-1.10, 26.21)
[INFO] [1742634491.367198801] [lms_mapper_node]: 接收到激光数据: frame_id=laser, 点数=361
[INFO] [1742634491.367587801] [lms_mapper_node]: 【激光雷达坐标】x=-1.0978, y=26.2069, theta=-0.0031
[WARN] [1742634497.281876846] [lms_mapper_node]: 激光扫描处理间隔较长: 9.73秒
[INFO] [1742634498.699850055] [lms_mapper_node]: 机器人静止中 (1.4秒)，跳过处理激光数据
⏳ 正在播放rosbag - 已等待 405/3600 秒...
当前活跃话题:
/clock
/events/read_split
/map
/odom
/parameter_events
/rosout
/scan
/tf
[INFO] [1742634506.176330419] [lms_mapper_node]: 机器人静止中 (8.9秒)，跳过处理激光数据
[INFO] [1742634506.178656461] [lms_mapper_node]: 接收到激光数据: frame_id=laser, 点数=361
[INFO] [1742634506.179148127] [lms_mapper_node]: 【激光雷达坐标】x=-1.1146, y=28.5707, theta=-0.0188
[INFO] [1742634513.325119422] [lms_mapper_node]: 机器人静止中 (16.0秒)，跳过处理激光数据
[INFO] [1742634519.855207384] [lms_mapper_node]: 机器人静止中 (22.5秒)，跳过处理激光数据
[INFO] [1742634519.856037842] [lms_mapper_node]: 机器人静止中: 581.1秒, 位置: (-1.09, 30.83)
[INFO] [1742634519.920521259] [lms_mapper_node]: 接收到激光数据: frame_id=laser, 点数=361
[INFO] [1742634519.920915467] [lms_mapper_node]: 【激光雷达坐标】x=-1.0882, y=30.8269, theta=-0.0365
⏳ 正在播放rosbag - 已等待 420/3600 秒...
当前活跃话题:
/clock
/events/read_split
/map
/odom
/parameter_events
/rosout
/scan
/tf
[WARN] [1742634527.156314054] [lms_mapper_node]: 激光扫描处理间隔较长: 29.69秒
[INFO] [1742634527.295926262] [lms_mapper_node]: 【进度报告】运行时间: 610.0秒, 处理扫描: 3242帧, 轨迹点: 3242个, 障碍物格子: 2441个, 轨迹已更新
[INFO] [1742634527.336668138] [lms_mapper_node]: 共绘制障碍物点 2441个
[INFO] [1742634527.452350429] [lms_mapper_node]: 障碍物世界坐标范围: X=-4.90到1.80, Y=0.00到38.80
[INFO] [1742634527.453399471] [lms_mapper_node]: 中间地图 #12: 绘制轨迹 3242个点, 障碍物 2441个
[INFO] [1742634529.213318013] [lms_mapper_node]: 地图显示边界: X=-30.7到50.0, Y=-20.0到78.5
[INFO] [1742634532.849742042] [lms_mapper_node]: 已保存中间地图 #12 到: map_checkpoint_12.png
[WARN] [1742634532.852246709] [lms_mapper_node]: 激光扫描处理间隔较长: 5.63秒
[INFO] [1742634533.092007876] [lms_mapper_node]: 机器人静止中 (0.2秒)，跳过处理激光数据
⏳ 正在播放rosbag - 已等待 435/3600 秒...
当前活跃话题:
[INFO] [1742634539.508339296] [lms_mapper_node]: 机器人静止中 (6.7秒)，跳过处理激光数据
[INFO] [1742634539.694810129] [lms_mapper_node]: 接收到激光数据: frame_id=laser, 点数=361
[INFO] [1742634539.698650296] [lms_mapper_node]: 【激光雷达坐标】x=-1.0013, y=33.7614, theta=-0.0540
/clock
/events/read_split
/map
/odom
/parameter_events
/rosout
/scan
/tf
[WARN] [1742634547.186388591] [lms_mapper_node]: 激光扫描处理间隔较长: 14.15秒
[INFO] [1742634547.399022008] [lms_mapper_node]: 机器人静止中 (0.2秒)，跳过处理激光数据
[INFO] [1742634554.019720553] [lms_mapper_node]: 机器人静止中 (6.8秒)，跳过处理激光数据
[INFO] [1742634554.020535386] [lms_mapper_node]: 机器人静止中: 615.3秒, 位置: (-0.91, 35.98)
[INFO] [1742634554.191130469] [lms_mapper_node]: 接收到激光数据: frame_id=laser, 点数=361
[INFO] [1742634554.191480053] [lms_mapper_node]: 【激光雷达坐标】x=-0.9059, y=35.9765, theta=-0.0346
[WARN] [1742634557.213569512] [lms_mapper_node]: 激光扫描处理间隔较长: 9.81秒
⏳ 正在播放rosbag - 已等待 450/3600 秒...
当前活跃话题:
[INFO] [1742634561.365828458] [lms_mapper_node]: 机器人静止中 (4.2秒)，跳过处理激光数据
/clock
/events/read_split
/map
/odom
/parameter_events
/rosout
/scan
/tf
[WARN] [1742634567.192780503] [lms_mapper_node]: 激光扫描处理间隔较长: 9.84秒
[INFO] [1742634568.710800212] [lms_mapper_node]: 机器人静止中 (1.5秒)，跳过处理激光数据
[INFO] [1742634568.819481295] [lms_mapper_node]: 接收到激光数据: frame_id=laser, 点数=361
[INFO] [1742634568.820707212] [lms_mapper_node]: 【激光雷达坐标】x=-0.9300, y=37.5813, theta=-0.0339
[WARN] [1742634577.252139174] [lms_mapper_node]: 激光扫描处理间隔较长: 9.88秒
[INFO] [1742634577.356330008] [lms_mapper_node]: 【进度报告】运行时间: 660.1秒, 处理扫描: 3549帧, 轨迹点: 3549个, 障碍物格子: 3188个, 轨迹已更新
[INFO] [1742634577.413384008] [lms_mapper_node]: 共绘制障碍物点 3188个
[INFO] [1742634577.577486883] [lms_mapper_node]: 障碍物世界坐标范围: X=-5.90到2.40, Y=0.00到44.20
[INFO] [1742634577.577850508] [lms_mapper_node]: 中间地图 #13: 绘制轨迹 3549个点, 障碍物 3188个
[INFO] [1742634580.163770092] [lms_mapper_node]: 地图显示边界: X=-30.7到50.0, Y=-20.0到79.7
⏳ 正在播放rosbag - 已等待 465/3600 秒...
当前活跃话题:
[INFO] [1742634583.436579177] [lms_mapper_node]: 已保存中间地图 #13 到: map_checkpoint_13.png
[INFO] [1742634583.465407927] [lms_mapper_node]: 机器人静止中 (6.2秒)，跳过处理激光数据
[INFO] [1742634583.465953094] [lms_mapper_node]: 检测到机器人开始转弯，角度变化率: 0.1062 rad/s
[WARN] [1742634583.466765511] [lms_mapper_node]: 激光扫描处理间隔较长: 6.24秒
[INFO] [1742634583.669061636] [lms_mapper_node]: 地图统计: 总栅格数=1000000, 占用数=3404, 占用率=0.34%
[INFO] [1742634583.680576011] [lms_mapper_node]: 地图边界: x=[-15.70, 13.48], y=[0.00, 59.74]
[INFO] [1742634583.751281261] [lms_mapper_node]: 总共处理了3554个激光帧, 35248个有效激光点
[INFO] [1742634583.751725844] [lms_mapper_node]: 已记录35609个原始障碍物点坐标，用于最终地图生成
/clock
/events/read_split
/map
/odom
/parameter_events
/rosout
/scan
/tf
⏳ 正在播放rosbag - 已等待 480/3600 秒...
当前活跃话题:
/clock
/events/read_split
/map
/odom
/parameter_events
/rosout
/scan
/tf
[WARN] [1742634618.189083180] [lms_mapper_node]: 激光扫描处理间隔较长: 34.56秒
[INFO] [1742634618.194510013] [lms_mapper_node]: 【障碍物计算】机器人位置: x=4.57, y=39.14, theta=-1.58, 状态: 正在转弯
[WARN] [1742634619.842831347] [lms_mapper_node]: 激光扫描处理间隔较长: 1.60秒
[INFO] [1742634619.994488722] [lms_mapper_node]: 机器人转弯结束，角度变化率降低到: 0.0017 rad/s
⏳ 正在播放rosbag - 已等待 495/3600 秒...
当前活跃话题:
[INFO] [1742634624.634717377] [lms_mapper_node]: 机器人静止中 (4.7秒)，跳过处理激光数据
[INFO] [1742634624.635353210] [lms_mapper_node]: 机器人静止中: 685.9秒, 位置: (5.81, 39.15)
[INFO] [1742634624.761791668] [lms_mapper_node]: 接收到激光数据: frame_id=laser, 点数=361
[INFO] [1742634624.762234877] [lms_mapper_node]: 【激光雷达坐标】x=5.8062, y=39.1520, theta=-1.5683
[WARN] [1742634627.090864044] [lms_mapper_node]: 激光扫描处理间隔较长: 7.01秒
[INFO] [1742634627.195519920] [lms_mapper_node]: 【进度报告】运行时间: 710.0秒, 处理扫描: 3608帧, 轨迹点: 3608个, 障碍物格子: 3793个, 轨迹已更新
[INFO] [1742634627.248971253] [lms_mapper_node]: 共绘制障碍物点 3793个
[INFO] [1742634627.383997920] [lms_mapper_node]: 障碍物世界坐标范围: X=-4.90到10.80, Y=0.00到47.60
[INFO] [1742634627.391037378] [lms_mapper_node]: 中间地图 #14: 绘制轨迹 3608个点, 障碍物 3793个
/clock
/events/read_split
/map
/odom
/parameter_events
/rosout
/scan
/tf
[INFO] [1742634629.788558296] [lms_mapper_node]: 地图显示边界: X=-30.7到51.0, Y=-20.0到79.7
[INFO] [1742634632.380366630] [lms_mapper_node]: 已保存中间地图 #14 到: map_checkpoint_14.png
[INFO] [1742634632.399817630] [lms_mapper_node]: 机器人停止移动
[WARN] [1742634632.415085255] [lms_mapper_node]: 激光扫描处理间隔较长: 5.23秒
[WARN] [1742634638.355172717] [lms_mapper_node]: 激光扫描处理间隔较长: 5.76秒
[INFO] [1742634638.667232050] [lms_mapper_node]: 机器人静止中 (0.3秒)，跳过处理激光数据
⏳ 正在播放rosbag - 已等待 510/3600 秒...
当前活跃话题:
[INFO] [1742634645.497110553] [lms_mapper_node]: 机器人静止中 (7.1秒)，跳过处理激光数据
[INFO] [1742634647.518926888] [lms_mapper_node]: 接收到激光数据: frame_id=laser, 点数=361
[INFO] [1742634647.528880013] [lms_mapper_node]: 【激光雷达坐标】x=9.1339, y=39.2251, theta=-1.5518
[WARN] [1742634647.548507221] [lms_mapper_node]: 激光扫描处理间隔较长: 8.98秒
/clock
/events/read_split
/map
/odom
/parameter_events
/rosout
/scan
/tf
[INFO] [1742634653.073351293] [lms_mapper_node]: 机器人静止中 (5.5秒)，跳过处理激光数据
[INFO] [1742634660.124996296] [lms_mapper_node]: 机器人静止中 (12.6秒)，跳过处理激光数据
[INFO] [1742634660.129679088] [lms_mapper_node]: 机器人静止中: 721.4秒, 位置: (11.44, 39.32)
[INFO] [1742634660.238767713] [lms_mapper_node]: 接收到激光数据: frame_id=laser, 点数=361
[INFO] [1742634660.240713879] [lms_mapper_node]: 【激光雷达坐标】x=11.4626, y=39.3256, theta=-1.5311
⏳ 正在播放rosbag - 已等待 525/3600 秒...
当前活跃话题:
[WARN] [1742634667.093053716] [lms_mapper_node]: 激光扫描处理间隔较长: 19.44秒
[INFO] [1742634667.461933758] [lms_mapper_node]: 机器人静止中 (0.4秒)，跳过处理激光数据
/clock
/events/read_split
/map
/odom
/parameter_events
/rosout
/scan
/tf
[INFO] [1742634674.463170553] [lms_mapper_node]: 机器人静止中 (7.4秒)，跳过处理激光数据
[INFO] [1742634674.619084386] [lms_mapper_node]: 接收到激光数据: frame_id=laser, 点数=361
[INFO] [1742634674.619775261] [lms_mapper_node]: 【激光雷达坐标】x=13.7335, y=39.4306, theta=-1.5335
[WARN] [1742634677.161264971] [lms_mapper_node]: 激光扫描处理间隔较长: 9.89秒
[INFO] [1742634677.218767137] [lms_mapper_node]: 【进度报告】运行时间: 760.0秒, 处理扫描: 3908帧, 轨迹点: 3908个, 障碍物格子: 4750个, 轨迹已更新
[INFO] [1742634677.298341137] [lms_mapper_node]: 共绘制障碍物点 4750个
[INFO] [1742634677.562615429] [lms_mapper_node]: 障碍物世界坐标范围: X=-4.90到19.20, Y=0.00到47.60
[INFO] [1742634677.562954179] [lms_mapper_node]: 中间地图 #15: 绘制轨迹 3908个点, 障碍物 4750个
[INFO] [1742634679.437156097] [lms_mapper_node]: 地图显示边界: X=-30.7到56.1, Y=-20.0到79.7
[INFO] [1742634682.118827167] [lms_mapper_node]: 已保存中间地图 #15 到: map_checkpoint_15.png
[INFO] [1742634682.168077334] [lms_mapper_node]: 机器人停止移动
[WARN] [1742634682.168498084] [lms_mapper_node]: 激光扫描处理间隔较长: 4.98秒
[WARN] [1742634687.232086878] [lms_mapper_node]: 激光扫描处理间隔较长: 4.91秒
⏳ 正在播放rosbag - 已等待 540/3600 秒...
当前活跃话题:
[INFO] [1742634687.457955378] [lms_mapper_node]: 机器人静止中 (0.2秒)，跳过处理激光数据
/clock
/events/read_split
/map
/odom
/parameter_events
/rosout
/scan
/tf
[INFO] [1742634694.031093714] [lms_mapper_node]: 机器人静止中 (6.8秒)，跳过处理激光数据
[INFO] [1742634694.031738256] [lms_mapper_node]: 机器人静止中: 755.3秒, 位置: (16.83, 39.61)
[INFO] [1742634694.213669465] [lms_mapper_node]: 接收到激光数据: frame_id=laser, 点数=361
[INFO] [1742634694.213980756] [lms_mapper_node]: 【激光雷达坐标】x=16.8294, y=39.6111, theta=-1.5094
[INFO] [1742634701.100630426] [lms_mapper_node]: 机器人静止中 (13.9秒)，跳过处理激光数据
⏳ 正在播放rosbag - 已等待 555/3600 秒...
当前活跃话题:
[INFO] [1742634708.141102680] [lms_mapper_node]: 机器人静止中 (20.9秒)，跳过处理激光数据
[INFO] [1742634708.311293138] [lms_mapper_node]: 接收到激光数据: frame_id=laser, 点数=361
[INFO] [1742634708.311683346] [lms_mapper_node]: 【激光雷达坐标】x=19.0997, y=39.6407, theta=-1.6276
/clock
/events/read_split
/map
/odom
/parameter_events
/rosout
/scan
/tf
[INFO] [1742634715.186925627] [lms_mapper_node]: 机器人静止中 (28.0秒)，跳过处理激光数据
[WARN] [1742634717.200484586] [lms_mapper_node]: 激光扫描处理间隔较长: 29.78秒
[INFO] [1742634722.640597672] [lms_mapper_node]: 机器人静止中 (5.4秒)，跳过处理激光数据
[INFO] [1742634722.658138172] [lms_mapper_node]: 机器人静止中: 783.9秒, 位置: (21.44, 39.49)
[INFO] [1742634722.807655339] [lms_mapper_node]: 接收到激光数据: frame_id=laser, 点数=361
[INFO] [1742634722.809552506] [lms_mapper_node]: 【激光雷达坐标】x=21.4368, y=39.4909, theta=-1.5863
⏳ 正在播放rosbag - 已等待 570/3600 秒...
当前活跃话题:
[INFO] [1742634726.714485757] [lms_mapper_node]: 【进度报告】运行时间: 809.5秒, 处理扫描: 4222帧, 轨迹点: 4222个, 障碍物格子: 5137个, 轨迹已更新
[INFO] [1742634726.788669466] [lms_mapper_node]: 共绘制障碍物点 5137个
[INFO] [1742634726.972751383] [lms_mapper_node]: 障碍物世界坐标范围: X=-4.90到32.80, Y=0.00到47.60
[INFO] [1742634726.980585508] [lms_mapper_node]: 中间地图 #16: 绘制轨迹 4222个点, 障碍物 5137个
[INFO] [1742634729.446011384] [lms_mapper_node]: 地图显示边界: X=-30.7到56.1, Y=-20.0到79.7
/clock
/events/read_split
/map
/odom
/parameter_events
/rosout
/scan
/tf
[INFO] [1742634732.366091427] [lms_mapper_node]: 已保存中间地图 #16 到: map_checkpoint_16.png
[WARN] [1742634732.409475010] [lms_mapper_node]: 激光扫描处理间隔较长: 15.03秒
⏳ 正在播放rosbag - 已等待 585/3600 秒...
当前活跃话题:
/clock
/events/read_split
/map
/odom
/parameter_events
/rosout
/scan
/tf
⏳ 正在播放rosbag - 已等待 600/3600 秒...
当前活跃话题:
[WARN] [1742634766.988061054] [lms_mapper_node]: 激光扫描处理间隔较长: 34.32秒
[INFO] [1742634767.065169846] [lms_mapper_node]: 【障碍物计算】机器人位置: x=28.19, y=40.10, theta=-1.58, 状态: 直线行驶
[WARN] [1742634768.126510096] [lms_mapper_node]: 激光扫描处理间隔较长: 1.02秒
[INFO] [1742634769.401005347] [lms_mapper_node]: 机器人静止中 (1.3秒)，跳过处理激光数据
/clock
/events/read_split
/map
/odom
/parameter_events
/rosout
/scan
/tf
[WARN] [1742634777.359765670] [lms_mapper_node]: 激光扫描处理间隔较长: 9.07秒
[INFO] [1742634777.452154378] [lms_mapper_node]: 【进度报告】运行时间: 860.2秒, 处理扫描: 4295帧, 轨迹点: 4295个, 障碍物格子: 6164个, 轨迹已更新
[INFO] [1742634777.520593753] [lms_mapper_node]: 共绘制障碍物点 6164个
[INFO] [1742634777.911061295] [lms_mapper_node]: 障碍物世界坐标范围: X=-4.90到34.70, Y=0.00到47.60
[INFO] [1742634777.911487670] [lms_mapper_node]: 中间地图 #17: 绘制轨迹 4295个点, 障碍物 6164个
[INFO] [1742634782.213145089] [lms_mapper_node]: 地图显示边界: X=-30.7到67.0, Y=-20.0到79.7
[INFO] [1742634784.264894340] [lms_mapper_node]: 已保存中间地图 #17 到: map_checkpoint_17.png
[WARN] [1742634784.298158090] [lms_mapper_node]: 激光扫描处理间隔较长: 6.85秒
[INFO] [1742634784.478440381] [lms_mapper_node]: 接收到激光数据: frame_id=laser, 点数=361
[INFO] [1742634784.478845215] [lms_mapper_node]: 【激光雷达坐标】x=31.0289, y=39.9178, theta=-1.6928
[WARN] [1742634787.293764341] [lms_mapper_node]: 激光扫描处理间隔较长: 2.84秒
⏳ 正在播放rosbag - 已等待 615/3600 秒...
当前活跃话题:
[INFO] [1742634790.957388801] [lms_mapper_node]: 机器人静止中 (3.7秒)，跳过处理激光数据
/clock
/events/read_split
/map
/odom
/parameter_events
/rosout
/scan
/tf
[WARN] [1742634797.360665179] [lms_mapper_node]: 激光扫描处理间隔较长: 9.89秒
[INFO] [1742634798.479550388] [lms_mapper_node]: 机器人静止中 (1.1秒)，跳过处理激光数据
[INFO] [1742634798.589052763] [lms_mapper_node]: 接收到激光数据: frame_id=laser, 点数=361
[INFO] [1742634798.593876638] [lms_mapper_node]: 【激光雷达坐标】x=33.0614, y=39.5838, theta=-1.7814
[INFO] [1742634798.613465471] [lms_mapper_node]: 机器人静止中: 859.9秒, 位置: (33.08, 39.58)
[INFO] [1742634806.976576294] [lms_mapper_node]: 机器人静止中 (9.6秒)，跳过处理激光数据
⏳ 正在播放rosbag - 已等待 630/3600 秒...
当前活跃话题:
[INFO] [1742634812.682139214] [lms_mapper_node]: 机器人静止中 (15.3秒)，跳过处理激光数据
[INFO] [1742634812.796850381] [lms_mapper_node]: 接收到激光数据: frame_id=laser, 点数=361
[INFO] [1742634812.797141964] [lms_mapper_node]: 【激光雷达坐标】x=34.1126, y=39.1581, theta=-2.0674
/clock
/events/read_split
/map
/odom
/parameter_events
/rosout
/scan
/tf
[WARN] [1742634817.443084549] [lms_mapper_node]: 激光扫描处理间隔较长: 19.89秒
[INFO] [1742634820.813045343] [lms_mapper_node]: 机器人静止中 (3.4秒)，跳过处理激光数据
[INFO] [1742634826.867448721] [lms_mapper_node]: 【进度报告】运行时间: 909.6秒, 处理扫描: 4594帧, 轨迹点: 4593个, 障碍物格子: 6847个, 轨迹已更新
[INFO] [1742634826.937850929] [lms_mapper_node]: 共绘制障碍物点 6847个
[INFO] [1742634827.254994221] [lms_mapper_node]: 障碍物世界坐标范围: X=-4.90到41.20, Y=0.00到47.60
[INFO] [1742634827.264876262] [lms_mapper_node]: 中间地图 #18: 绘制轨迹 4593个点, 障碍物 6847个
[INFO] [1742634829.404200722] [lms_mapper_node]: 地图显示边界: X=-30.7到67.0, Y=-20.0到79.7
⏳ 正在播放rosbag - 已等待 645/3600 秒...
当前活跃话题:
[INFO] [1742634833.074166376] [lms_mapper_node]: 已保存中间地图 #18 到: map_checkpoint_18.png
[WARN] [1742634833.076687376] [lms_mapper_node]: 激光扫描处理间隔较长: 15.44秒
[INFO] [1742634833.295482626] [lms_mapper_node]: 机器人静止中 (0.2秒)，跳过处理激光数据
[INFO] [1742634833.318378293] [lms_mapper_node]: 接收到激光数据: frame_id=laser, 点数=361
[INFO] [1742634833.321692084] [lms_mapper_node]: 【激光雷达坐标】x=34.9684, y=37.1137, theta=-2.9666
[INFO] [1742634833.328813126] [lms_mapper_node]: 机器人静止中: 894.6秒, 位置: (34.97, 37.09)
/clock
/events/read_split
/map
/odom
/parameter_events
/rosout
/scan
/tf
[WARN] [1742634837.457703003] [lms_mapper_node]: 激光扫描处理间隔较长: 4.16秒
[INFO] [1742634840.137263379] [lms_mapper_node]: 机器人静止中 (2.7秒)，跳过处理激光数据
[WARN] [1742634847.169777799] [lms_mapper_node]: 激光扫描处理间隔较长: 9.63秒
[INFO] [1742634847.268111549] [lms_mapper_node]: 地图统计: 总栅格数=1000000, 占用数=7216, 占用率=0.72%
[INFO] [1742634847.278523924] [lms_mapper_node]: 地图边界: x=[-15.70, 51.98], y=[0.00, 59.74]
[INFO] [1742634847.292405716] [lms_mapper_node]: 总共处理了4690个激光帧, 70876个有效激光点
[INFO] [1742634847.292696341] [lms_mapper_node]: 已记录71234个原始障碍物点坐标，用于最终地图生成
⏳ 正在播放rosbag - 已等待 660/3600 秒...
当前活跃话题:
/clock
/events/read_split
/map
/odom
/parameter_events
/rosout
/scan
/tf
⏳ 正在播放rosbag - 已等待 675/3600 秒...
当前活跃话题:
/clock
/events/read_split
/map
/odom
/parameter_events
/rosout
/scan
/tf
[WARN] [1742634877.497487508] [lms_mapper_node]: 激光扫描处理间隔较长: 30.24秒
[INFO] [1742634877.523517966] [lms_mapper_node]: 【障碍物计算】机器人位置: x=35.03, y=30.62, theta=-3.13, 状态: 直线行驶
[INFO] [1742634879.215439925] [lms_mapper_node]: 【进度报告】运行时间: 962.0秒, 处理扫描: 4692帧, 轨迹点: 4691个, 障碍物格子: 7277个, 轨迹已更新
[INFO] [1742634879.249616384] [lms_mapper_node]: 共绘制障碍物点 7277个
[INFO] [1742634879.842893259] [lms_mapper_node]: 障碍物世界坐标范围: X=-4.90到40.50, Y=0.00到47.60
[INFO] [1742634879.843230967] [lms_mapper_node]: 中间地图 #19: 绘制轨迹 4691个点, 障碍物 7277个
[INFO] [1742634882.521669552] [lms_mapper_node]: 地图显示边界: X=-30.7到67.0, Y=-20.0到79.7
[INFO] [1742634886.414265095] [lms_mapper_node]: 已保存中间地图 #19 到: map_checkpoint_19.png
[WARN] [1742634886.450234554] [lms_mapper_node]: 激光扫描处理间隔较长: 8.86秒
[WARN] [1742634887.220081512] [lms_mapper_node]: 激光扫描处理间隔较长: 0.77秒
[INFO] [1742634887.420370887] [lms_mapper_node]: 机器人静止中 (0.2秒)，跳过处理激光数据
[INFO] [1742634887.421124346] [lms_mapper_node]: 接收到激光数据: frame_id=laser, 点数=361
[INFO] [1742634887.421361054] [lms_mapper_node]: 【激光雷达坐标】x=35.0521, y=28.9292, theta=-3.1350
⏳ 正在播放rosbag - 已等待 690/3600 秒...
当前活跃话题:
[INFO] [1742634893.651744626] [lms_mapper_node]: 机器人静止中 (6.4秒)，跳过处理激光数据
/clock
/events/read_split
/map
/odom
/parameter_events
/rosout
/scan
/tf
[INFO] [1742634900.715952754] [lms_mapper_node]: 机器人静止中 (13.5秒)，跳过处理激光数据
[INFO] [1742634900.821708588] [lms_mapper_node]: 接收到激光数据: frame_id=laser, 点数=361
[INFO] [1742634900.822128296] [lms_mapper_node]: 【激光雷达坐标】x=35.1156, y=26.6833, theta=-3.1299
[INFO] [1742634900.822868796] [lms_mapper_node]: 机器人静止中: 962.1秒, 位置: (35.12, 26.66)
[WARN] [1742634906.949298174] [lms_mapper_node]: 激光扫描处理间隔较长: 19.55秒
[INFO] [1742634907.866504425] [lms_mapper_node]: 机器人静止中 (0.9秒)，跳过处理激光数据
⏳ 正在播放rosbag - 已等待 705/3600 秒...
当前活跃话题:
[INFO] [1742634914.911890178] [lms_mapper_node]: 机器人静止中 (8.0秒)，跳过处理激光数据
[INFO] [1742634915.091703386] [lms_mapper_node]: 接收到激光数据: frame_id=laser, 点数=361
[INFO] [1742634915.092063178] [lms_mapper_node]: 【激光雷达坐标】x=35.1748, y=24.3797, theta=-3.1335
[WARN] [1742634917.197404054] [lms_mapper_node]: 激光扫描处理间隔较长: 10.05秒
/clock
/events/read_split
/map
/odom
/parameter_events
/rosout
/scan
/tf
[INFO] [1742634922.246116584] [lms_mapper_node]: 机器人静止中 (5.1秒)，跳过处理激光数据
[WARN] [1742634927.469840003] [lms_mapper_node]: 激光扫描处理间隔较长: 10.13秒
[INFO] [1742634927.549972170] [lms_mapper_node]: 【进度报告】运行时间: 1010.3秒, 处理扫描: 4975帧, 轨迹点: 4974个, 障碍物格子: 7938个, 轨迹已更新
[INFO] [1742634927.611480170] [lms_mapper_node]: 共绘制障碍物点 7938个
[INFO] [1742634928.102330503] [lms_mapper_node]: 障碍物世界坐标范围: X=-4.90到40.50, Y=0.00到47.60
[INFO] [1742634928.102684712] [lms_mapper_node]: 中间地图 #20: 绘制轨迹 4974个点, 障碍物 7938个
[INFO] [1742634932.473091297] [lms_mapper_node]: 地图显示边界: X=-30.7到67.0, Y=-20.0到79.7
⏳ 正在播放rosbag - 已等待 720/3600 秒...
当前活跃话题:
[INFO] [1742634935.957676299] [lms_mapper_node]: 已保存中间地图 #20 到: map_checkpoint_20.png
[WARN] [1742634936.038407049] [lms_mapper_node]: 激光扫描处理间隔较长: 8.52秒
[WARN] [1742634938.104561300] [lms_mapper_node]: 激光扫描处理间隔较长: 2.04秒
/clock
/events/read_split
/map
/odom
/parameter_events
/rosout
/scan
/tf
[INFO] [1742634939.845094009] [lms_mapper_node]: 机器人静止中 (1.8秒)，跳过处理激光数据
[INFO] [1742634940.028010342] [lms_mapper_node]: 接收到激光数据: frame_id=laser, 点数=361
[INFO] [1742634940.028412009] [lms_mapper_node]: 【激光雷达坐标】x=35.6514, y=20.4320, theta=-3.0131
[INFO] [1742634940.029004092] [lms_mapper_node]: 机器人静止中: 1001.3秒, 位置: (35.66, 20.41)
[WARN] [1742634947.712875471] [lms_mapper_node]: 激光扫描处理间隔较长: 9.42秒
[INFO] [1742634947.920637179] [lms_mapper_node]: 机器人静止中 (0.2秒)，跳过处理激光数据
[INFO] [1742634954.801007543] [lms_mapper_node]: 机器人静止中 (7.1秒)，跳过处理激光数据
[INFO] [1742634954.961850460] [lms_mapper_node]: 接收到激光数据: frame_id=laser, 点数=361
[INFO] [1742634954.962304293] [lms_mapper_node]: 【激光雷达坐标】x=35.9743, y=18.0353, theta=-3.0164
⏳ 正在播放rosbag - 已等待 735/3600 秒...
当前活跃话题:
[WARN] [1742634957.380118295] [lms_mapper_node]: 激光扫描处理间隔较长: 9.51秒
/clock
/events/read_split
/map
/odom
/parameter_events
/rosout
/scan
/tf
[INFO] [1742634962.441025797] [lms_mapper_node]: 机器人静止中 (5.0秒)，跳过处理激光数据
[WARN] [1742634967.552477591] [lms_mapper_node]: 激光扫描处理间隔较长: 10.00秒
[INFO] [1742634970.007625009] [lms_mapper_node]: 机器人静止中 (2.5秒)，跳过处理激光数据
[INFO] [1742634970.180270884] [lms_mapper_node]: 接收到激光数据: frame_id=laser, 点数=361
[INFO] [1742634970.180617217] [lms_mapper_node]: 【激光雷达坐标】x=36.3277, y=16.0528, theta=-2.8665
[INFO] [1742634970.181195509] [lms_mapper_node]: 机器人静止中: 1031.4秒, 位置: (36.33, 16.04)
⏳ 正在播放rosbag - 已等待 750/3600 秒...
当前活跃话题:
[INFO] [1742634977.109441762] [lms_mapper_node]: 机器人停止移动
[WARN] [1742634977.116410304] [lms_mapper_node]: 激光扫描处理间隔较长: 9.47秒
[INFO] [1742634977.163159637] [lms_mapper_node]: 【进度报告】运行时间: 1059.9秒, 处理扫描: 5240帧, 轨迹点: 5239个, 障碍物格子: 8528个, 轨迹已更新
[INFO] [1742634977.199567012] [lms_mapper_node]: 共绘制障碍物点 8528个
[INFO] [1742634977.444283762] [lms_mapper_node]: 障碍物世界坐标范围: X=-4.90到40.50, Y=0.00到47.60
[INFO] [1742634977.444678596] [lms_mapper_node]: 中间地图 #21: 绘制轨迹 5239个点, 障碍物 8528个
[INFO] [1742634980.078424139] [lms_mapper_node]: 地图显示边界: X=-30.7到67.0, Y=-20.7到79.7
/clock
/events/read_split
/map
/odom
/parameter_events
/rosout
/scan
/tf
[INFO] [1742634984.166320376] [lms_mapper_node]: 已保存中间地图 #21 到: map_checkpoint_21.png
[INFO] [1742634984.204077751] [lms_mapper_node]: 检测到机器人开始转弯，角度变化率: 0.0876 rad/s
[WARN] [1742634984.237901710] [lms_mapper_node]: 激光扫描处理间隔较长: 7.11秒
[INFO] [1742634984.489137168] [lms_mapper_node]: 机器人转弯结束，角度变化率降低到: 0.0018 rad/s
[INFO] [1742634984.532206752] [lms_mapper_node]: 机器人静止中 (0.3秒)，跳过处理激光数据
[INFO] [1742634991.158157213] [lms_mapper_node]: 机器人静止中 (6.9秒)，跳过处理激光数据
[INFO] [1742634991.273949963] [lms_mapper_node]: 接收到激光数据: frame_id=laser, 点数=361
[INFO] [1742634991.274308255] [lms_mapper_node]: 【激光雷达坐标】x=37.9387, y=13.8976, theta=-2.4591
[WARN] [1742634997.865076591] [lms_mapper_node]: 激光扫描处理间隔较长: 13.42秒
[INFO] [1742634999.167458383] [lms_mapper_node]: 机器人静止中 (1.3秒)，跳过处理激光数据
⏳ 正在播放rosbag - 已等待 765/3600 秒...
当前活跃话题:
[INFO] [1742635007.163099304] [lms_mapper_node]: 机器人静止中 (9.3秒)，跳过处理激光数据
[INFO] [1742635007.178524762] [lms_mapper_node]: 接收到激光数据: frame_id=laser, 点数=361
[INFO] [1742635007.178943762] [lms_mapper_node]: 【激光雷达坐标】x=38.8506, y=11.9284, theta=-2.8307
[INFO] [1742635007.179430262] [lms_mapper_node]: 机器人静止中: 1068.4秒, 位置: (38.86, 11.90)
/clock
/events/read_split
/map
/odom
/parameter_events
/rosout
/scan
/tf
[INFO] [1742635013.431766459] [lms_mapper_node]: 机器人静止中 (15.6秒)，跳过处理激光数据
[WARN] [1742635017.137838461] [lms_mapper_node]: 激光扫描处理间隔较长: 19.08秒
⏳ 正在播放rosbag - 已等待 780/3600 秒...
当前活跃话题:
/clock
/events/read_split
/map
/odom
/parameter_events
/rosout
/scan
/tf
[INFO] [1742635045.208011085] [lms_mapper_node]: 检测到机器人开始转弯，角度变化率: 0.0311 rad/s
[WARN] [1742635045.260823502] [lms_mapper_node]: 激光扫描处理间隔较长: 27.95秒
[INFO] [1742635045.261901877] [lms_mapper_node]: 【障碍物计算】机器人位置: x=39.03, y=6.09, theta=2.98, 状态: 正在转弯
[INFO] [1742635045.378940377] [lms_mapper_node]: 机器人转弯结束，角度变化率降低到: 0.0299 rad/s
⏳ 正在播放rosbag - 已等待 795/3600 秒...
当前活跃话题:
[INFO] [1742635047.169942378] [lms_mapper_node]: 【进度报告】运行时间: 1129.9秒, 处理扫描: 5472帧, 轨迹点: 5472个, 障碍物格子: 9366个, 轨迹已更新
[INFO] [1742635047.233719794] [lms_mapper_node]: 共绘制障碍物点 9366个
[INFO] [1742635047.691292545] [lms_mapper_node]: 障碍物世界坐标范围: X=-4.90到42.50, Y=0.00到47.60
[INFO] [1742635047.691649003] [lms_mapper_node]: 中间地图 #22: 绘制轨迹 5472个点, 障碍物 9366个
[INFO] [1742635050.652233004] [lms_mapper_node]: 地图显示边界: X=-30.7到67.0, Y=-31.3到79.7
/clock
/events/read_split
/map
/odom
/parameter_events
/rosout
/scan
/tf
[INFO] [1742635054.258151464] [lms_mapper_node]: 已保存中间地图 #22 到: map_checkpoint_22.png
[INFO] [1742635054.504532423] [lms_mapper_node]: 检测到机器人开始转弯，角度变化率: 0.0389 rad/s
[WARN] [1742635054.525074798] [lms_mapper_node]: 激光扫描处理间隔较长: 9.20秒
[INFO] [1742635054.612004256] [lms_mapper_node]: 机器人转弯结束，角度变化率降低到: 0.0116 rad/s
[WARN] [1742635056.418226424] [lms_mapper_node]: 激光扫描处理间隔较长: 1.80秒
[INFO] [1742635058.287848341] [lms_mapper_node]: 机器人停止移动
[WARN] [1742635058.300777675] [lms_mapper_node]: 激光扫描处理间隔较长: 1.84秒
[INFO] [1742635059.871703842] [lms_mapper_node]: 机器人静止中 (1.6秒)，跳过处理激光数据
[INFO] [1742635060.069854967] [lms_mapper_node]: 接收到激光数据: frame_id=laser, 点数=361
[INFO] [1742635060.070210967] [lms_mapper_node]: 【激光雷达坐标】x=38.7929, y=3.5687, theta=3.0805
[WARN] [1742635067.625551262] [lms_mapper_node]: 激光扫描处理间隔较长: 9.17秒
[INFO] [1742635067.896267638] [lms_mapper_node]: 机器人静止中 (0.2秒)，跳过处理激光数据
⏳ 正在播放rosbag - 已等待 810/3600 秒...
当前活跃话题:
/clock
/events/read_split
/map
/odom
/parameter_events
/rosout
/scan
/tf
[INFO] [1742635074.688723252] [lms_mapper_node]: 机器人静止中: 1136.0秒, 位置: (37.81, 1.45)
[INFO] [1742635074.690580668] [lms_mapper_node]: 机器人静止中 (7.1秒)，跳过处理激光数据
[INFO] [1742635074.798874710] [lms_mapper_node]: 接收到激光数据: frame_id=laser, 点数=361
[INFO] [1742635074.799235668] [lms_mapper_node]: 【激光雷达坐标】x=37.8140, y=1.4544, theta=2.3936
[WARN] [1742635077.398826836] [lms_mapper_node]: 激光扫描处理间隔较长: 9.63秒
[INFO] [1742635077.499570378] [lms_mapper_node]: 【进度报告】运行时间: 1160.3秒, 处理扫描: 5608帧, 轨迹点: 5608个, 障碍物格子: 10036个, 轨迹已更新
[INFO] [1742635077.567091503] [lms_mapper_node]: 共绘制障碍物点 10036个
[INFO] [1742635077.941530920] [lms_mapper_node]: 障碍物世界坐标范围: X=-4.90到42.50, Y=-4.60到47.60
[INFO] [1742635077.945239545] [lms_mapper_node]: 中间地图 #23: 绘制轨迹 5608个点, 障碍物 10036个
[INFO] [1742635080.203272421] [lms_mapper_node]: 地图显示边界: X=-30.7到67.0, Y=-37.5到79.7
[INFO] [1742635082.715786339] [lms_mapper_node]: 已保存中间地图 #23 到: map_checkpoint_23.png
[INFO] [1742635082.768498172] [lms_mapper_node]: 机器人停止移动
[WARN] [1742635082.768867255] [lms_mapper_node]: 激光扫描处理间隔较长: 5.33秒
[INFO] [1742635087.204860508] [lms_mapper_node]: 机器人静止中 (4.4秒)，跳过处理激光数据
⏳ 正在播放rosbag - 已等待 825/3600 秒...
当前活跃话题:
/clock
/events/read_split
/map
/odom
/parameter_events
/rosout
/scan
/tf
[INFO] [1742635094.257084844] [lms_mapper_node]: 机器人静止中 (11.5秒)，跳过处理激光数据
[INFO] [1742635094.362707594] [lms_mapper_node]: 接收到激光数据: frame_id=laser, 点数=361
[INFO] [1742635094.372256678] [lms_mapper_node]: 【激光雷达坐标】x=35.6456, y=-0.6356, theta=1.9508
[INFO] [1742635097.140239346] [lms_mapper_node]: 机器人停止移动
[WARN] [1742635097.142318596] [lms_mapper_node]: 激光扫描处理间隔较长: 14.19秒
[INFO] [1742635101.595438542] [lms_mapper_node]: 机器人静止中 (4.5秒)，跳过处理激光数据
[WARN] [1742635107.129952878] [lms_mapper_node]: 激光扫描处理间隔较长: 9.89秒
⏳ 正在播放rosbag - 已等待 840/3600 秒...
当前活跃话题:
[INFO] [1742635108.937682004] [lms_mapper_node]: 机器人静止中 (1.8秒)，跳过处理激光数据
[INFO] [1742635108.938316462] [lms_mapper_node]: 机器人静止中: 1170.2秒, 位置: (33.49, -1.04)
[INFO] [1742635109.040383295] [lms_mapper_node]: 接收到激光数据: frame_id=laser, 点数=361
[INFO] [1742635109.040709670] [lms_mapper_node]: 【激光雷达坐标】x=33.4916, y=-1.0431, theta=1.7329
/clock
/events/read_split
/map
/odom
/parameter_events
/rosout
/scan
/tf
[INFO] [1742635117.051632174] [lms_mapper_node]: 机器人静止中 (9.9秒)，跳过处理激光数据
[INFO] [1742635123.132395219] [lms_mapper_node]: 机器人静止中 (16.0秒)，跳过处理激光数据
[INFO] [1742635123.301811969] [lms_mapper_node]: 接收到激光数据: frame_id=laser, 点数=361
[INFO] [1742635123.302203052] [lms_mapper_node]: 【激光雷达坐标】x=31.4080, y=-1.0703, theta=1.5458
⏳ 正在播放rosbag - 已等待 855/3600 秒...
当前活跃话题:
[WARN] [1742635127.170095429] [lms_mapper_node]: 激光扫描处理间隔较长: 19.89秒
[INFO] [1742635127.230018512] [lms_mapper_node]: 【进度报告】运行时间: 1210.0秒, 处理扫描: 5920帧, 轨迹点: 5920个, 障碍物格子: 11235个, 轨迹已更新
[INFO] [1742635127.257107346] [lms_mapper_node]: 共绘制障碍物点 11235个
[INFO] [1742635128.667510555] [lms_mapper_node]: 障碍物世界坐标范围: X=-4.90到42.50, Y=-5.40到47.60
[INFO] [1742635128.737550680] [lms_mapper_node]: 中间地图 #24: 绘制轨迹 5920个点, 障碍物 11235个
[INFO] [1742635131.164668333] [lms_mapper_node]: 地图显示边界: X=-30.7到67.0, Y=-37.5到79.7
/clock
/events/read_split
/map
/odom
/parameter_events
/rosout
/scan
/tf
[INFO] [1742635134.722986710] [lms_mapper_node]: 已保存中间地图 #24 到: map_checkpoint_24.png
[WARN] [1742635134.796761168] [lms_mapper_node]: 激光扫描处理间隔较长: 7.60秒
[WARN] [1742635137.287433461] [lms_mapper_node]: 激光扫描处理间隔较长: 2.28秒
[INFO] [1742635137.430264961] [lms_mapper_node]: 地图统计: 总栅格数=1000000, 占用数=11721, 占用率=1.17%
[INFO] [1742635137.430570544] [lms_mapper_node]: 地图边界: x=[-15.70, 51.98], y=[-22.49, 59.74]
[INFO] [1742635137.430836919] [lms_mapper_node]: 总共处理了5940个激光帧, 106441个有效激光点
[INFO] [1742635137.431123753] [lms_mapper_node]: 已记录106797个原始障碍物点坐标，用于最终地图生成
⏳ 正在播放rosbag - 已等待 870/3600 秒...
当前活跃话题:
/clock
/events/read_split
/map
/odom
/parameter_events
/rosout
/scan
/tf
⏳ 正在播放rosbag - 已等待 885/3600 秒...
当前活跃话题:
[WARN] [1742635170.457516463] [lms_mapper_node]: 激光扫描处理间隔较长: 33.06秒
[INFO] [1742635170.462989463] [lms_mapper_node]: 【障碍物计算】机器人位置: x=24.20, y=-0.81, theta=1.53, 状态: 直线行驶
[WARN] [1742635172.421471089] [lms_mapper_node]: 激光扫描处理间隔较长: 1.91秒
[INFO] [1742635172.657587422] [lms_mapper_node]: 机器人静止中 (0.2秒)，跳过处理激光数据
/clock
/events/read_split
/map
/odom
/parameter_events
/rosout
/scan
/tf
[WARN] [1742635177.325230758] [lms_mapper_node]: 激光扫描处理间隔较长: 4.80秒
[INFO] [1742635177.368245633] [lms_mapper_node]: 【进度报告】运行时间: 1260.1秒, 处理扫描: 5976帧, 轨迹点: 5976个, 障碍物格子: 11948个, 轨迹已更新
[INFO] [1742635177.415256383] [lms_mapper_node]: 共绘制障碍物点 11948个
[INFO] [1742635177.850433758] [lms_mapper_node]: 障碍物世界坐标范围: X=-4.90到42.50, Y=-5.10到47.60
[INFO] [1742635177.850858133] [lms_mapper_node]: 中间地图 #25: 绘制轨迹 5976个点, 障碍物 11948个
[INFO] [1742635179.461740175] [lms_mapper_node]: 地图显示边界: X=-30.7到67.0, Y=-37.5到79.7
[INFO] [1742635180.807580259] [lms_mapper_node]: 已保存中间地图 #25 到: map_checkpoint_25.png
[WARN] [1742635180.825745343] [lms_mapper_node]: 激光扫描处理间隔较长: 3.50秒
[INFO] [1742635182.814299177] [lms_mapper_node]: 机器人静止中 (2.0秒)，跳过处理激光数据
[INFO] [1742635182.814950260] [lms_mapper_node]: 机器人静止中: 1244.1秒, 位置: (22.01, -0.77)
[INFO] [1742635182.862294052] [lms_mapper_node]: 接收到激光数据: frame_id=laser, 点数=361
[INFO] [1742635182.863289135] [lms_mapper_node]: 【激光雷达坐标】x=22.0091, y=-0.7738, theta=1.5515
[INFO] [1742635190.242736680] [lms_mapper_node]: 机器人静止中 (9.4秒)，跳过处理激光数据
⏳ 正在播放rosbag - 已等待 900/3600 秒...
当前活跃话题:
/clock
/events/read_split
/map
/odom
/parameter_events
/rosout
/scan
/tf
[WARN] [1742635197.543262670] [lms_mapper_node]: 激光扫描处理间隔较长: 16.65秒
[INFO] [1742635197.810843003] [lms_mapper_node]: 机器人静止中 (0.3秒)，跳过处理激光数据
[INFO] [1742635197.851035586] [lms_mapper_node]: 接收到激光数据: frame_id=laser, 点数=361
[INFO] [1742635197.860834836] [lms_mapper_node]: 【激光雷达坐标】x=19.6016, y=-0.7334, theta=1.5183
[INFO] [1742635204.730364506] [lms_mapper_node]: 机器人静止中 (7.2秒)，跳过处理激光数据
[INFO] [1742635211.719415301] [lms_mapper_node]: 机器人静止中 (14.2秒)，跳过处理激光数据
[INFO] [1742635211.720019968] [lms_mapper_node]: 机器人静止中: 1273.0秒, 位置: (17.38, -0.67)
[INFO] [1742635211.885436010] [lms_mapper_node]: 接收到激光数据: frame_id=laser, 点数=361
[INFO] [1742635211.885888635] [lms_mapper_node]: 【激光雷达坐标】x=17.3807, y=-0.6721, theta=1.5395
⏳ 正在播放rosbag - 已等待 915/3600 秒...
当前活跃话题:
[INFO] [1742635218.825332055] [lms_mapper_node]: 机器人静止中 (21.3秒)，跳过处理激光数据
/clock
/events/read_split
/map
/odom
/parameter_events
/rosout
/scan
/tf
[WARN] [1742635227.189424628] [lms_mapper_node]: 激光扫描处理间隔较长: 29.44秒
[INFO] [1742635227.334182669] [lms_mapper_node]: 【进度报告】运行时间: 1310.1秒, 处理扫描: 6300帧, 轨迹点: 6300个, 障碍物格子: 12661个, 轨迹已更新
[INFO] [1742635227.438444169] [lms_mapper_node]: 共绘制障碍物点 12661个
[INFO] [1742635227.789608711] [lms_mapper_node]: 障碍物世界坐标范围: X=-4.90到42.50, Y=-5.10到47.60
[INFO] [1742635227.796206670] [lms_mapper_node]: 中间地图 #26: 绘制轨迹 6300个点, 障碍物 12661个
[INFO] [1742635229.813973004] [lms_mapper_node]: 地图显示边界: X=-30.7到67.0, Y=-37.5到79.7
[INFO] [1742635232.491804922] [lms_mapper_node]: 已保存中间地图 #26 到: map_checkpoint_26.png
[INFO] [1742635232.511884589] [lms_mapper_node]: 接收到激光数据: frame_id=laser, 点数=361
[INFO] [1742635232.533171130] [lms_mapper_node]: 【激光雷达坐标】x=15.1148, y=-0.6588, theta=1.5537
[WARN] [1742635232.554222130] [lms_mapper_node]: 激光扫描处理间隔较长: 5.24秒
⏳ 正在播放rosbag - 已等待 930/3600 秒...
当前活跃话题:
[WARN] [1742635237.172277882] [lms_mapper_node]: 激光扫描处理间隔较长: 4.42秒
[INFO] [1742635238.378937425] [lms_mapper_node]: 机器人静止中 (1.2秒)，跳过处理激光数据
/clock
/events/read_split
/map
/odom
/parameter_events
/rosout
/scan
/tf
[INFO] [1742635245.424449261] [lms_mapper_node]: 机器人静止中 (8.3秒)，跳过处理激光数据
[INFO] [1742635245.425081678] [lms_mapper_node]: 机器人静止中: 1306.7秒, 位置: (12.07, -0.50)
[INFO] [1742635246.907803054] [lms_mapper_node]: 接收到激光数据: frame_id=laser, 点数=361
[INFO] [1742635246.908230720] [lms_mapper_node]: 【激光雷达坐标】x=12.0662, y=-0.4954, theta=1.5371
[INFO] [1742635252.488339917] [lms_mapper_node]: 机器人静止中 (15.3秒)，跳过处理激光数据
⏳ 正在播放rosbag - 已等待 945/3600 秒...
当前活跃话题:
[WARN] [1742635257.705353753] [lms_mapper_node]: 激光扫描处理间隔较长: 20.37秒
[INFO] [1742635260.362910379] [lms_mapper_node]: 机器人静止中 (2.7秒)，跳过处理激光数据
[INFO] [1742635260.477857713] [lms_mapper_node]: 接收到激光数据: frame_id=laser, 点数=361
[INFO] [1742635260.478282754] [lms_mapper_node]: 【激光雷达坐标】x=9.6958, y=-0.4445, theta=1.5514
/clock
/events/read_split
/map
/odom
/parameter_events
/rosout
/scan
/tf
[INFO] [1742635267.522547591] [lms_mapper_node]: 机器人静止中 (9.8秒)，跳过处理激光数据
[INFO] [1742635274.560601636] [lms_mapper_node]: 机器人静止中 (16.9秒)，跳过处理激光数据
[INFO] [1742635274.561327803] [lms_mapper_node]: 机器人静止中: 1335.8秒, 位置: (7.48, -0.46)
[INFO] [1742635274.725624594] [lms_mapper_node]: 接收到激光数据: frame_id=laser, 点数=361
[INFO] [1742635274.725917469] [lms_mapper_node]: 【激光雷达坐标】x=7.4849, y=-0.4625, theta=1.5426
[WARN] [1742635277.144799596] [lms_mapper_node]: 激光扫描处理间隔较长: 19.25秒
[INFO] [1742635277.246377512] [lms_mapper_node]: 【进度报告】运行时间: 1360.0秒, 处理扫描: 6609帧, 轨迹点: 6609个, 障碍物格子: 13271个, 轨迹已更新
[INFO] [1742635277.300916637] [lms_mapper_node]: 共绘制障碍物点 13271个
[INFO] [1742635277.801581262] [lms_mapper_node]: 障碍物世界坐标范围: X=-4.90到42.50, Y=-5.10到47.60
[INFO] [1742635277.801962137] [lms_mapper_node]: 中间地图 #27: 绘制轨迹 6609个点, 障碍物 13271个
⏳ 正在播放rosbag - 已等待 960/3600 秒...
当前活跃话题:
[INFO] [1742635279.953419264] [lms_mapper_node]: 地图显示边界: X=-34.4到67.0, Y=-37.5到79.7
[INFO] [1742635283.396619043] [lms_mapper_node]: 已保存中间地图 #27 到: map_checkpoint_27.png
[WARN] [1742635283.468098168] [lms_mapper_node]: 激光扫描处理间隔较长: 6.26秒
/clock
/events/read_split
/map
/odom
/parameter_events
/rosout
/scan
/tf
[WARN] [1742635287.351453586] [lms_mapper_node]: 激光扫描处理间隔较长: 3.71秒
[INFO] [1742635288.257602545] [lms_mapper_node]: 机器人静止中 (0.9秒)，跳过处理激光数据
[INFO] [1742635295.290752965] [lms_mapper_node]: 机器人静止中 (7.9秒)，跳过处理激光数据
[INFO] [1742635295.415386465] [lms_mapper_node]: 接收到激光数据: frame_id=laser, 点数=361
[INFO] [1742635295.415740465] [lms_mapper_node]: 【激光雷达坐标】x=3.9247, y=-0.4564, theta=1.5684
[WARN] [1742635297.176485299] [lms_mapper_node]: 激光扫描处理间隔较长: 9.63秒
⏳ 正在播放rosbag - 已等待 975/3600 秒...
当前活跃话题:
/clock
/events/read_split
/map
/odom
/parameter_events
/rosout
/scan
/tf
⏳ 正在播放rosbag - 已等待 990/3600 秒...
当前活跃话题:
/clock
/events/read_split
/map
/odom
/parameter_events
/rosout
/scan
/tf
[INFO] [1742635330.487674134] [lms_mapper_node]: 检测到机器人开始转弯，角度变化率: 0.2677 rad/s
[WARN] [1742635330.538778426] [lms_mapper_node]: 激光扫描处理间隔较长: 33.25秒
[INFO] [1742635330.545934551] [lms_mapper_node]: 【障碍物计算】机器人位置: x=-0.30, y=1.41, theta=0.25, 状态: 正在转弯
[INFO] [1742635332.466674135] [lms_mapper_node]: 【进度报告】运行时间: 1415.2秒, 处理扫描: 6709帧, 轨迹点: 6709个, 障碍物格子: 13920个, 轨迹已更新
[INFO] [1742635332.588446843] [lms_mapper_node]: 共绘制障碍物点 13920个
[INFO] [1742635333.202115010] [lms_mapper_node]: 障碍物世界坐标范围: X=-4.90到42.50, Y=-5.10到47.60
[INFO] [1742635333.202523802] [lms_mapper_node]: 中间地图 #28: 绘制轨迹 6709个点, 障碍物 13920个
[INFO] [1742635335.434626386] [lms_mapper_node]: 地图显示边界: X=-38.0到67.0, Y=-37.5到79.7
[INFO] [1742635338.288972888] [lms_mapper_node]: 已保存中间地图 #28 到: map_checkpoint_28.png
[WARN] [1742635338.319005888] [lms_mapper_node]: 激光扫描处理间隔较长: 7.69秒
[WARN] [1742635340.126153389] [lms_mapper_node]: 激光扫描处理间隔较长: 1.75秒
[INFO] [1742635340.259338389] [lms_mapper_node]: 机器人转弯结束，角度变化率降低到: 0.0016 rad/s
⏳ 正在播放rosbag - 已等待 1005/3600 秒...
当前活跃话题:
[INFO] [1742635344.143443126] [lms_mapper_node]: 机器人静止中 (4.0秒)，跳过处理激光数据
/clock
/events/read_split
/map
/odom
/parameter_events
/rosout
/scan
/tf
[INFO] [1742635351.191537130] [lms_mapper_node]: 机器人静止中 (11.0秒)，跳过处理激光数据
[INFO] [1742635351.192161046] [lms_mapper_node]: 机器人静止中: 1412.5秒, 位置: (-0.41, 4.54)
[INFO] [1742635351.361961755] [lms_mapper_node]: 接收到激光数据: frame_id=laser, 点数=361
[INFO] [1742635351.362270671] [lms_mapper_node]: 【激光雷达坐标】x=-0.4078, y=4.5351, theta=-0.0314
[INFO] [1742635358.285007300] [lms_mapper_node]: 机器人静止中 (18.1秒)，跳过处理激光数据
⏳ 正在播放rosbag - 已等待 1020/3600 秒...
当前活跃话题:
[INFO] [1742635365.283396345] [lms_mapper_node]: 机器人静止中 (25.1秒)，跳过处理激光数据
[INFO] [1742635365.451443178] [lms_mapper_node]: 接收到激光数据: frame_id=laser, 点数=361
[INFO] [1742635365.451798095] [lms_mapper_node]: 【激光雷达坐标】x=-0.4323, y=6.5991, theta=-0.0290
[WARN] [1742635367.173393929] [lms_mapper_node]: 激光扫描处理间隔较长: 26.77秒
/clock
/events/read_split
/map
/odom
/parameter_events
/rosout
/scan
/tf
[INFO] [1742635372.646928000] [lms_mapper_node]: 机器人静止中 (5.5秒)，跳过处理激光数据
[WARN] [1742635377.304308628] [lms_mapper_node]: 激光扫描处理间隔较长: 9.94秒
[INFO] [1742635377.447070169] [lms_mapper_node]: 【进度报告】运行时间: 1460.2秒, 处理扫描: 6972帧, 轨迹点: 6972个, 障碍物格子: 14611个, 轨迹已更新
[INFO] [1742635377.551476169] [lms_mapper_node]: 共绘制障碍物点 14611个
[INFO] [1742635378.234650961] [lms_mapper_node]: 障碍物世界坐标范围: X=-4.90到42.50, Y=-5.10到47.60
[INFO] [1742635378.235071378] [lms_mapper_node]: 中间地图 #29: 绘制轨迹 6972个点, 障碍物 14611个
[INFO] [1742635380.388675212] [lms_mapper_node]: 地图显示边界: X=-38.0到67.0, Y=-37.5到79.7
[INFO] [1742635383.642783464] [lms_mapper_node]: 已保存中间地图 #29 到: map_checkpoint_29.png
[WARN] [1742635383.673170131] [lms_mapper_node]: 激光扫描处理间隔较长: 6.40秒
⏳ 正在播放rosbag - 已等待 1035/3600 秒...
当前活跃话题:
[WARN] [1742635387.202666132] [lms_mapper_node]: 激光扫描处理间隔较长: 3.35秒
[INFO] [1742635387.333735799] [lms_mapper_node]: 机器人静止中: 1448.6秒, 位置: (-0.51, 9.85)
[INFO] [1742635387.356568549] [lms_mapper_node]: 接收到激光数据: frame_id=laser, 点数=361
[INFO] [1742635387.356862924] [lms_mapper_node]: 【激光雷达坐标】x=-0.5141, y=9.8500, theta=0.0388
[INFO] [1742635387.357384091] [lms_mapper_node]: 接收到激光数据: 361个点, 角度范围=[0.00, 3.14]
[INFO] [1742635387.357762549] [lms_mapper_node]: 有效激光点: 359/361
[INFO] [1742635387.358092424] [lms_mapper_node]: 机器人位姿: x=-0.51, y=9.85, theta=0.04, cos_theta=1.00, sin_theta=0.04
[INFO] [1742635387.358616466] [lms_mapper_node]: 激光点世界坐标范围: x=[-3.00, 1.90], y=[9.81, 32.83]
[INFO] [1742635387.359122674] [lms_mapper_node]: 【坐标转换样本】: 激光坐标(0.83,0.00)→世界坐标(0.32,9.88) | 激光坐标(0.80,0.79)→世界坐标(0.25,10.67) | 激光坐标(0.13,14.88)→世界坐标(-0.96,24.72) | 激光坐标(-0.91,0.89)→世界坐标(-1.45,10.70) | 激光坐标(-1.08,0.00)→世界坐标(-1.59,9.81)
/clock
/events/read_split
/map
/odom
/parameter_events
/rosout
/scan
/tf
[INFO] [1742635393.501047719] [lms_mapper_node]: 机器人静止中 (6.3秒)，跳过处理激光数据
[INFO] [1742635400.647868930] [lms_mapper_node]: 机器人静止中 (13.4秒)，跳过处理激光数据
[INFO] [1742635400.822567000] [lms_mapper_node]: 接收到激光数据: frame_id=laser, 点数=361
[INFO] [1742635400.822893416] [lms_mapper_node]: 【激光雷达坐标】x=-0.5729, y=12.0385, theta=-0.0265
⏳ 正在播放rosbag - 已等待 1050/3600 秒...
当前活跃话题:
/clock
/map
/odom
/parameter_events
/rosout
/scan
rosbag播放已完成或终止
等待处理完成...
✅ 检测到地图已经生成: occupancy_grid.png
正在关闭节点...
发送SIGTERM信号，请求节点优雅关闭...
[INFO] [1742635651.415539713] [lms_mapper_node]: 收到SIGTERM信号，准备安全关闭节点...
[INFO] [1742635651.446159838] [lms_mapper_node]: 正在保存最终地图...
等待节点关闭... (1/60)
[INFO] [1742635651.945301921] [lms_mapper_node]: 收集到 135292 个原始障碍物点
[INFO] [1742635651.968856505] [lms_mapper_node]: 障碍物世界坐标范围: X=[-22.96, 51.98], Y=[-22.49, 59.74]
[INFO] [1742635651.970156713] [lms_mapper_node]: 轨迹包含 7130 个点
[INFO] [1742635651.972159838] [lms_mapper_node]: 轨迹世界坐标范围: X=[-1.12, 39.06], Y=[-1.09, 40.10]
[INFO] [1742635652.000163130] [lms_mapper_node]: 动态计算的显示范围: X=[-42.96, 71.98], Y=[-42.49, 79.74]
等待节点关闭... (2/60)
等待节点关闭... (3/60)
等待节点关闭... (4/60)
等待节点关闭... (5/60)
等待节点关闭... (6/60)
等待节点关闭... (7/60)
等待节点关闭... (8/60)
等待节点关闭... (9/60)
等待节点关闭... (10/60)
等待节点关闭... (11/60)
等待节点关闭... (12/60)
等待节点关闭... (13/60)
等待节点关闭... (14/60)
等待节点关闭... (15/60)
等待节点关闭... (16/60)
等待节点关闭... (17/60)
等待节点关闭... (18/60)
等待节点关闭... (19/60)
等待节点关闭... (20/60)
等待节点关闭... (21/60)
等待节点关闭... (22/60)
等待节点关闭... (23/60)
等待节点关闭... (24/60)
等待节点关闭... (25/60)
等待节点关闭... (26/60)
等待节点关闭... (27/60)
等待节点关闭... (28/60)
等待节点关闭... (29/60)
等待节点关闭... (30/60)
等待节点关闭... (31/60)
等待节点关闭... (32/60)
等待节点关闭... (33/60)
等待节点关闭... (34/60)
等待节点关闭... (35/60)
等待节点关闭... (36/60)
等待节点关闭... (37/60)
等待节点关闭... (38/60)
等待节点关闭... (39/60)
等待节点关闭... (40/60)
等待节点关闭... (41/60)
等待节点关闭... (42/60)
等待节点关闭... (43/60)
等待节点关闭... (44/60)
等待节点关闭... (45/60)
等待节点关闭... (46/60)
等待节点关闭... (47/60)
等待节点关闭... (48/60)
等待节点关闭... (49/60)
等待节点关闭... (50/60)
等待节点关闭... (51/60)
等待节点关闭... (52/60)
等待节点关闭... (53/60)
等待节点关闭... (54/60)
等待节点关闭... (55/60)
等待节点关闭... (56/60)
等待节点关闭... (57/60)
等待节点关闭... (58/60)
等待节点关闭... (59/60)
等待节点关闭... (60/60)
节点未响应SIGTERM，发送SIGINT信号...
[INFO] [1742635736.065310169] [lms_mapper_node]: 收到SIGINT信号，准备安全关闭节点...
[INFO] [1742635736.114858752] [lms_mapper_node]: 正在保存最终地图...
等待节点响应SIGINT... (1/30)
[INFO] [1742635736.660019127] [lms_mapper_node]: 收集到 135292 个原始障碍物点
[INFO] [1742635736.888377627] [lms_mapper_node]: 障碍物世界坐标范围: X=[-22.96, 51.98], Y=[-22.49, 59.74]
[INFO] [1742635736.915094711] [lms_mapper_node]: 轨迹包含 7130 个点
[INFO] [1742635736.916768794] [lms_mapper_node]: 轨迹世界坐标范围: X=[-1.12, 39.06], Y=[-1.09, 40.10]
[INFO] [1742635737.194084836] [lms_mapper_node]: 动态计算的显示范围: X=[-42.96, 71.98], Y=[-42.49, 79.74]
等待节点响应SIGINT... (2/30)
等待节点响应SIGINT... (3/30)
等待节点响应SIGINT... (4/30)
等待节点响应SIGINT... (5/30)
等待节点响应SIGINT... (6/30)
等待节点响应SIGINT... (7/30)
等待节点响应SIGINT... (8/30)
等待节点响应SIGINT... (9/30)
等待节点响应SIGINT... (10/30)
等待节点响应SIGINT... (11/30)
等待节点响应SIGINT... (12/30)
等待节点响应SIGINT... (13/30)
等待节点响应SIGINT... (14/30)
等待节点响应SIGINT... (15/30)
等待节点响应SIGINT... (16/30)
等待节点响应SIGINT... (17/30)
等待节点响应SIGINT... (18/30)
等待节点响应SIGINT... (19/30)
等待节点响应SIGINT... (20/30)
等待节点响应SIGINT... (21/30)
等待节点响应SIGINT... (22/30)
等待节点响应SIGINT... (23/30)
等待节点响应SIGINT... (24/30)
等待节点响应SIGINT... (25/30)
等待节点响应SIGINT... (26/30)
等待节点响应SIGINT... (27/30)
等待节点响应SIGINT... (28/30)
等待节点响应SIGINT... (29/30)
等待节点响应SIGINT... (30/30)
⚠️ 警告: 节点无法正常关闭，强制终止...
✅ 地图生成成功！保存在: occupancy_grid.png
-rw-r--r-- 1 root root 433K Mar 22 14:59 occupancy_grid.png
======== 作业3执行完成 ========
生成的栅格地图应保存到: occupancy_grid.png
如需查看地图，请使用图片查看器打开 occupancy_grid.png
======== 运行日志结束 Sat Mar 22 17:29:40 CST 2025 ========
./run.sh: line 435: 27530 Killed                  ${LMS_MAPPER_CMD} -p map_save_path:=${MAP_PATH} -p map_resolution:=0.1 -p map_threshold:=1 -p filter_points:=true -p filter_threshold:=1.0 -p use_sim_time:=true
正在清理进程...
