======== 运行日志开始 Fri Mar 21 23:09:26 CST 2025 ========
======== 开始执行作业3 ========
正在创建ROS2工作空间...
ROS2工作空间结构创建完成！
Starting >>> lms_data
Starting >>> lms_mapper
Finished <<< lms_mapper [14.3s]
Finished <<< lms_data [14.7s]

Summary: 2 packages finished [16.0s]
/IntelligentMobileRobots2025/work3
/IntelligentMobileRobots2025/work3
检查安装的可执行文件...
total 8
drwxr-xr-x 2 root root 4096 Mar 21 23:10 .
drwxr-xr-x 4 root root 4096 Mar 21 23:09 ..
lrwxrwxrwx 1 root root   50 Mar 21 23:10 lms_to_rosbag -> ../../../../src/lms_data/lms_data/lms_to_rosbag.py
total 8
drwxr-xr-x 2 root root 4096 Mar 21 23:10 .
drwxr-xr-x 4 root root 4096 Mar 21 23:09 ..
lrwxrwxrwx 1 root root   56 Mar 21 23:10 lms_mapper_node -> ../../../../src/lms_mapper/lms_mapper/lms_mapper_node.py
检查ROS2环境...
lms_data
lms_mapper
正在构建ROS2包...
执行: colcon build --symlink-install
Starting >>> lms_data
Starting >>> lms_mapper
Finished <<< lms_mapper [16.5s]
Finished <<< lms_data [17.3s]

Summary: 2 packages finished [19.5s]
检查可执行文件...
警告: 没有找到lms_to_rosbag可执行文件，将直接使用Python调用
警告: 没有找到lms_mapper_node可执行文件，将直接使用Python调用
正在转换原始数据为rosbag格式...
执行: python3 /IntelligentMobileRobots2025/work3/src/lms_data/lms_data/lms_to_rosbag.py ../data/URG_X_20130903_195003.lms ../data/ld.nav lms_data.bag
删除旧的rosbag目录...
⏱️ 执行命令 (最长300秒): python3 /IntelligentMobileRobots2025/work3/src/lms_data/lms_data/lms_to_rosbag.py ../data/URG_X_20130903_195003.lms ../data/ld.nav lms_data.bag
⏳ 正在转换数据 - 已等待 10/300 秒...
开始处理: LMS文件: ../data/URG_X_20130903_195003.lms, NAV文件: ../data/ld.nav, BAG输出: lms_data.bag
读取LMS激光数据...
警告：在时间戳 72054545 处读取的激光数据长度不一致
成功读取 10428 帧激光雷达数据
时间戳范围: 71403847 - 72054470
平均时间间隔: 62.40ms
读取NAV轨迹数据...
成功读取 2355 个轨迹点
激光数据原始时间戳范围: 71403847 - 72054470
轨迹数据时间戳范围: 71407205 - 71554079
使用轨迹数据作为标准时间范围: 71407205 - 71554079
创建时间戳映射...
映射激光数据时间戳到轨迹时间范围...
处理进度: 1/10428 (0.0%)
  样本映射: 71403847 -> 71407205
处理进度: 101/10428 (1.0%)
处理进度: 201/10428 (1.9%)
处理进度: 301/10428 (2.9%)
处理进度: 401/10428 (3.8%)
处理进度: 501/10428 (4.8%)
处理进度: 601/10428 (5.8%)
处理进度: 701/10428 (6.7%)
处理进度: 801/10428 (7.7%)
处理进度: 901/10428 (8.6%)
处理进度: 1001/10428 (9.6%)
处理进度: 1101/10428 (10.6%)
处理进度: 1201/10428 (11.5%)
处理进度: 1301/10428 (12.5%)
处理进度: 1401/10428 (13.4%)
处理进度: 1501/10428 (14.4%)
处理进度: 1601/10428 (15.4%)
处理进度: 1701/10428 (16.3%)
处理进度: 1801/10428 (17.3%)
处理进度: 1901/10428 (18.2%)
处理进度: 2001/10428 (19.2%)
处理进度: 2101/10428 (20.1%)
处理进度: 2201/10428 (21.1%)
处理进度: 2301/10428 (22.1%)
处理进度: 2401/10428 (23.0%)
处理进度: 2501/10428 (24.0%)
处理进度: 2601/10428 (24.9%)
处理进度: 2701/10428 (25.9%)
处理进度: 2801/10428 (26.9%)
处理进度: 2901/10428 (27.8%)
处理进度: 3001/10428 (28.8%)
处理进度: 3101/10428 (29.7%)
处理进度: 3201/10428 (30.7%)
处理进度: 3301/10428 (31.7%)
处理进度: 3401/10428 (32.6%)
处理进度: 3501/10428 (33.6%)
处理进度: 3601/10428 (34.5%)
处理进度: 3701/10428 (35.5%)
处理进度: 3801/10428 (36.4%)
处理进度: 3901/10428 (37.4%)
处理进度: 4001/10428 (38.4%)
处理进度: 4101/10428 (39.3%)
处理进度: 4201/10428 (40.3%)
处理进度: 4301/10428 (41.2%)
处理进度: 4401/10428 (42.2%)
处理进度: 4501/10428 (43.2%)
处理进度: 4601/10428 (44.1%)
处理进度: 4701/10428 (45.1%)
处理进度: 4801/10428 (46.0%)
处理进度: 4901/10428 (47.0%)
处理进度: 5001/10428 (48.0%)
处理进度: 5101/10428 (48.9%)
处理进度: 5201/10428 (49.9%)
处理进度: 5301/10428 (50.8%)
处理进度: 5401/10428 (51.8%)
处理进度: 5501/10428 (52.8%)
处理进度: 5601/10428 (53.7%)
处理进度: 5701/10428 (54.7%)
处理进度: 5801/10428 (55.6%)
处理进度: 5901/10428 (56.6%)
处理进度: 6001/10428 (57.5%)
处理进度: 6101/10428 (58.5%)
处理进度: 6201/10428 (59.5%)
处理进度: 6301/10428 (60.4%)
处理进度: 6401/10428 (61.4%)
处理进度: 6501/10428 (62.3%)
处理进度: 6601/10428 (63.3%)
处理进度: 6701/10428 (64.3%)
处理进度: 6801/10428 (65.2%)
处理进度: 6901/10428 (66.2%)
处理进度: 7001/10428 (67.1%)
处理进度: 7101/10428 (68.1%)
处理进度: 7201/10428 (69.1%)
处理进度: 7301/10428 (70.0%)
处理进度: 7401/10428 (71.0%)
处理进度: 7501/10428 (71.9%)
处理进度: 7601/10428 (72.9%)
处理进度: 7701/10428 (73.8%)
处理进度: 7801/10428 (74.8%)
处理进度: 7901/10428 (75.8%)
处理进度: 8001/10428 (76.7%)
处理进度: 8101/10428 (77.7%)
处理进度: 8201/10428 (78.6%)
处理进度: 8301/10428 (79.6%)
处理进度: 8401/10428 (80.6%)
处理进度: 8501/10428 (81.5%)
处理进度: 8601/10428 (82.5%)
处理进度: 8701/10428 (83.4%)
处理进度: 8801/10428 (84.4%)
处理进度: 8901/10428 (85.4%)
处理进度: 9001/10428 (86.3%)
处理进度: 9101/10428 (87.3%)
处理进度: 9201/10428 (88.2%)
处理进度: 9301/10428 (89.2%)
处理进度: 9401/10428 (90.2%)
处理进度: 9501/10428 (91.1%)
处理进度: 9601/10428 (92.1%)
处理进度: 9701/10428 (93.0%)
处理进度: 9801/10428 (94.0%)
处理进度: 9901/10428 (94.9%)
处理进度: 10001/10428 (95.9%)
处理进度: 10101/10428 (96.9%)
处理进度: 10201/10428 (97.8%)
处理进度: 10301/10428 (98.8%)
处理进度: 10401/10428 (99.7%)
处理进度: 10428/10428 (100.0%)
  样本映射: 72054470 -> 71554079
已完成激光数据时间戳映射
映射后激光数据时间戳范围: 71407205 - 71554079
在轨迹时间范围内的激光帧数: 10428/10428 (100.0%)
过滤有效的激光扫描数据...
过滤进度: 1/10428 (0.0%), 当前有效帧: 1
过滤进度: 101/10428 (1.0%), 当前有效帧: 101
过滤进度: 201/10428 (1.9%), 当前有效帧: 201
过滤进度: 301/10428 (2.9%), 当前有效帧: 301
过滤进度: 401/10428 (3.8%), 当前有效帧: 401
过滤进度: 501/10428 (4.8%), 当前有效帧: 501
过滤进度: 601/10428 (5.8%), 当前有效帧: 601
过滤进度: 701/10428 (6.7%), 当前有效帧: 701
过滤进度: 801/10428 (7.7%), 当前有效帧: 801
过滤进度: 901/10428 (8.6%), 当前有效帧: 901
过滤进度: 1001/10428 (9.6%), 当前有效帧: 1001
过滤进度: 1101/10428 (10.6%), 当前有效帧: 1101
过滤进度: 1201/10428 (11.5%), 当前有效帧: 1201
过滤进度: 1301/10428 (12.5%), 当前有效帧: 1301
过滤进度: 1401/10428 (13.4%), 当前有效帧: 1401
过滤进度: 1501/10428 (14.4%), 当前有效帧: 1501
过滤进度: 1601/10428 (15.4%), 当前有效帧: 1601
过滤进度: 1701/10428 (16.3%), 当前有效帧: 1701
过滤进度: 1801/10428 (17.3%), 当前有效帧: 1801
过滤进度: 1901/10428 (18.2%), 当前有效帧: 1901
过滤进度: 2001/10428 (19.2%), 当前有效帧: 2001
过滤进度: 2101/10428 (20.1%), 当前有效帧: 2101
过滤进度: 2201/10428 (21.1%), 当前有效帧: 2201
过滤进度: 2301/10428 (22.1%), 当前有效帧: 2301
过滤进度: 2401/10428 (23.0%), 当前有效帧: 2401
过滤进度: 2501/10428 (24.0%), 当前有效帧: 2501
过滤进度: 2601/10428 (24.9%), 当前有效帧: 2601
过滤进度: 2701/10428 (25.9%), 当前有效帧: 2701
过滤进度: 2801/10428 (26.9%), 当前有效帧: 2801
过滤进度: 2901/10428 (27.8%), 当前有效帧: 2901
过滤进度: 3001/10428 (28.8%), 当前有效帧: 3001
过滤进度: 3101/10428 (29.7%), 当前有效帧: 3101
过滤进度: 3201/10428 (30.7%), 当前有效帧: 3201
过滤进度: 3301/10428 (31.7%), 当前有效帧: 3301
过滤进度: 3401/10428 (32.6%), 当前有效帧: 3401
过滤进度: 3501/10428 (33.6%), 当前有效帧: 3501
过滤进度: 3601/10428 (34.5%), 当前有效帧: 3601
过滤进度: 3701/10428 (35.5%), 当前有效帧: 3701
过滤进度: 3801/10428 (36.4%), 当前有效帧: 3801
过滤进度: 3901/10428 (37.4%), 当前有效帧: 3901
过滤进度: 4001/10428 (38.4%), 当前有效帧: 4001
过滤进度: 4101/10428 (39.3%), 当前有效帧: 4101
过滤进度: 4201/10428 (40.3%), 当前有效帧: 4201
过滤进度: 4301/10428 (41.2%), 当前有效帧: 4301
过滤进度: 4401/10428 (42.2%), 当前有效帧: 4401
过滤进度: 4501/10428 (43.2%), 当前有效帧: 4501
过滤进度: 4601/10428 (44.1%), 当前有效帧: 4601
过滤进度: 4701/10428 (45.1%), 当前有效帧: 4701
过滤进度: 4801/10428 (46.0%), 当前有效帧: 4801
过滤进度: 4901/10428 (47.0%), 当前有效帧: 4901
过滤进度: 5001/10428 (48.0%), 当前有效帧: 5001
过滤进度: 5101/10428 (48.9%), 当前有效帧: 5101
过滤进度: 5201/10428 (49.9%), 当前有效帧: 5201
过滤进度: 5301/10428 (50.8%), 当前有效帧: 5301
过滤进度: 5401/10428 (51.8%), 当前有效帧: 5401
过滤进度: 5501/10428 (52.8%), 当前有效帧: 5501
过滤进度: 5601/10428 (53.7%), 当前有效帧: 5601
过滤进度: 5701/10428 (54.7%), 当前有效帧: 5701
过滤进度: 5801/10428 (55.6%), 当前有效帧: 5801
过滤进度: 5901/10428 (56.6%), 当前有效帧: 5901
过滤进度: 6001/10428 (57.5%), 当前有效帧: 6001
过滤进度: 6101/10428 (58.5%), 当前有效帧: 6101
过滤进度: 6201/10428 (59.5%), 当前有效帧: 6201
过滤进度: 6301/10428 (60.4%), 当前有效帧: 6301
过滤进度: 6401/10428 (61.4%), 当前有效帧: 6401
过滤进度: 6501/10428 (62.3%), 当前有效帧: 6501
过滤进度: 6601/10428 (63.3%), 当前有效帧: 6601
过滤进度: 6701/10428 (64.3%), 当前有效帧: 6701
过滤进度: 6801/10428 (65.2%), 当前有效帧: 6801⏳ 正在转换数据 - 已等待 20/300 秒...
[INFO] [1742569869.732595846] [rosbag2_storage]: Opened database 'lms_data.bag/lms_data.bag_0.db3' for READ_WRITE.
⏳ 正在转换数据 - 已等待 30/300 秒...

过滤进度: 6901/10428 (66.2%), 当前有效帧: 6901
过滤进度: 7001/10428 (67.1%), 当前有效帧: 7001
过滤进度: 7101/10428 (68.1%), 当前有效帧: 7101
过滤进度: 7201/10428 (69.1%), 当前有效帧: 7201
过滤进度: 7301/10428 (70.0%), 当前有效帧: 7301
过滤进度: 7401/10428 (71.0%), 当前有效帧: 7401
过滤进度: 7501/10428 (71.9%), 当前有效帧: 7501
过滤进度: 7601/10428 (72.9%), 当前有效帧: 7601
过滤进度: 7701/10428 (73.8%), 当前有效帧: 7701
过滤进度: 7801/10428 (74.8%), 当前有效帧: 7801
过滤进度: 7901/10428 (75.8%), 当前有效帧: 7901
过滤进度: 8001/10428 (76.7%), 当前有效帧: 8001
过滤进度: 8101/10428 (77.7%), 当前有效帧: 8101
过滤进度: 8201/10428 (78.6%), 当前有效帧: 8201
过滤进度: 8301/10428 (79.6%), 当前有效帧: 8301
过滤进度: 8401/10428 (80.6%), 当前有效帧: 8401
过滤进度: 8501/10428 (81.5%), 当前有效帧: 8501
过滤进度: 8601/10428 (82.5%), 当前有效帧: 8601
过滤进度: 8701/10428 (83.4%), 当前有效帧: 8701
过滤进度: 8801/10428 (84.4%), 当前有效帧: 8801
过滤进度: 8901/10428 (85.4%), 当前有效帧: 8901
过滤进度: 9001/10428 (86.3%), 当前有效帧: 9001
过滤进度: 9101/10428 (87.3%), 当前有效帧: 9101
过滤进度: 9201/10428 (88.2%), 当前有效帧: 9201
过滤进度: 9301/10428 (89.2%), 当前有效帧: 9301
过滤进度: 9401/10428 (90.2%), 当前有效帧: 9401
过滤进度: 9501/10428 (91.1%), 当前有效帧: 9501
过滤进度: 9601/10428 (92.1%), 当前有效帧: 9601
过滤进度: 9701/10428 (93.0%), 当前有效帧: 9701
过滤进度: 9801/10428 (94.0%), 当前有效帧: 9801
过滤进度: 9901/10428 (94.9%), 当前有效帧: 9901
过滤进度: 10001/10428 (95.9%), 当前有效帧: 10001
过滤进度: 10101/10428 (96.9%), 当前有效帧: 10101
过滤进度: 10201/10428 (97.8%), 当前有效帧: 10201
过滤进度: 10301/10428 (98.8%), 当前有效帧: 10301
过滤进度: 10401/10428 (99.7%), 当前有效帧: 10401
过滤进度: 10428/10428 (100.0%), 当前有效帧: 10428
有效激光扫描数据帧数: 10428/10428
在轨迹时间范围内 (71407205 - 71554079) 的有效帧占总帧数的 100.0%
创建插值轨迹点...
插值进度: 1/10428 (0.0%)
插值进度: 101/10428 (1.0%)
插值进度: 201/10428 (1.9%)
插值进度: 301/10428 (2.9%)
插值进度: 401/10428 (3.8%)
插值进度: 501/10428 (4.8%)
插值进度: 601/10428 (5.8%)
插值进度: 701/10428 (6.7%)
插值进度: 801/10428 (7.7%)
插值进度: 901/10428 (8.6%)
插值进度: 1001/10428 (9.6%)
插值进度: 1101/10428 (10.6%)
插值进度: 1201/10428 (11.5%)
插值进度: 1301/10428 (12.5%)
插值进度: 1401/10428 (13.4%)
插值进度: 1501/10428 (14.4%)
插值进度: 1601/10428 (15.4%)
插值进度: 1701/10428 (16.3%)
插值进度: 1801/10428 (17.3%)
插值进度: 1901/10428 (18.2%)
插值进度: 2001/10428 (19.2%)
插值进度: 2101/10428 (20.1%)
插值进度: 2201/10428 (21.1%)
插值进度: 2301/10428 (22.1%)
插值进度: 2401/10428 (23.0%)
插值进度: 2501/10428 (24.0%)
插值进度: 2601/10428 (24.9%)
插值进度: 2701/10428 (25.9%)
插值进度: 2801/10428 (26.9%)
插值进度: 2901/10428 (27.8%)
插值进度: 3001/10428 (28.8%)
插值进度: 3101/10428 (29.7%)
插值进度: 3201/10428 (30.7%)
插值进度: 3301/10428 (31.7%)
插值进度: 3401/10428 (32.6%)
插值进度: 3501/10428 (33.6%)
插值进度: 3601/10428 (34.5%)
插值进度: 3701/10428 (35.5%)
插值进度: 3801/10428 (36.4%)
插值进度: 3901/10428 (37.4%)
插值进度: 4001/10428 (38.4%)
插值进度: 4101/10428 (39.3%)
插值进度: 4201/10428 (40.3%)
插值进度: 4301/10428 (41.2%)
插值进度: 4401/10428 (42.2%)
插值进度: 4501/10428 (43.2%)
插值进度: 4601/10428 (44.1%)
插值进度: 4701/10428 (45.1%)
插值进度: 4801/10428 (46.0%)
插值进度: 4901/10428 (47.0%)
插值进度: 5001/10428 (48.0%)
插值进度: 5101/10428 (48.9%)
插值进度: 5201/10428 (49.9%)
插值进度: 5301/10428 (50.8%)
插值进度: 5401/10428 (51.8%)
插值进度: 5501/10428 (52.8%)
插值进度: 5601/10428 (53.7%)
插值进度: 5701/10428 (54.7%)
插值进度: 5801/10428 (55.6%)
插值进度: 5901/10428 (56.6%)
插值进度: 6001/10428 (57.5%)
插值进度: 6101/10428 (58.5%)
插值进度: 6201/10428 (59.5%)
插值进度: 6301/10428 (60.4%)
插值进度: 6401/10428 (61.4%)
插值进度: 6501/10428 (62.3%)
插值进度: 6601/10428 (63.3%)
插值进度: 6701/10428 (64.3%)
插值进度: 6801/10428 (65.2%)
插值进度: 6901/10428 (66.2%)
插值进度: 7001/10428 (67.1%)
插值进度: 7101/10428 (68.1%)
插值进度: 7201/10428 (69.1%)
插值进度: 7301/10428 (70.0%)
插值进度: 7401/10428 (71.0%)
插值进度: 7501/10428 (71.9%)
插值进度: 7601/10428 (72.9%)
插值进度: 7701/10428 (73.8%)
插值进度: 7801/10428 (74.8%)
插值进度: 7901/10428 (75.8%)
插值进度: 8001/10428 (76.7%)
插值进度: 8101/10428 (77.7%)
插值进度: 8201/10428 (78.6%)
插值进度: 8301/10428 (79.6%)
插值进度: 8401/10428 (80.6%)
插值进度: 8501/10428 (81.5%)
插值进度: 8601/10428 (82.5%)
插值进度: 8701/10428 (83.4%)
插值进度: 8801/10428 (84.4%)
插值进度: 8901/10428 (85.4%)
插值进度: 9001/10428 (86.3%)
插值进度: 9101/10428 (87.3%)
插值进度: 9201/10428 (88.2%)
插值进度: 9301/10428 (89.2%)
插值进度: 9401/10428 (90.2%)
插值进度: 9501/10428 (91.1%)
插值进度: 9601/10428 (92.1%)
插值进度: 9701/10428 (93.0%)
插值进度: 9801/10428 (94.0%)
插值进度: 9901/10428 (94.9%)
插值进度: 10001/10428 (95.9%)
插值进度: 10101/10428 (96.9%)
插值进度: 10201/10428 (97.8%)
插值进度: 10301/10428 (98.8%)
插值进度: 10401/10428 (99.7%)
插值进度: 10428/10428 (100.0%)
扩充轨迹点: 原始=2355, 扩充后=10428
时间戳完全匹配的激光帧数: 10428/10428 (100.0%)
创建rosbag文件: lms_data.bag
生成rosbag时间戳...
写入所有轨迹点...
轨迹写入进度: 1/10428 (0.0%)
轨迹写入进度: 101/10428 (1.0%)
轨迹写入进度: 201/10428 (1.9%)
轨迹写入进度: 301/10428 (2.9%)
轨迹写入进度: 401/10428 (3.8%)
轨迹写入进度: 501/10428 (4.8%)
轨迹写入进度: 601/10428 (5.8%)
轨迹写入进度: 701/10428 (6.7%)
轨迹写入进度: 801/10428 (7.7%)
轨迹写入进度: 901/10428 (8.6%)
轨迹写入进度: 1001/10428 (9.6%)
轨迹写入进度: 1101/10428 (10.6%)
轨迹写入进度: 1201/10428 (11.5%)
轨迹写入进度: 1301/10428 (12.5%)
轨迹写入进度: 1401/10428 (13.4%)
轨迹写入进度: 1501/10428 (14.4%)
轨迹写入进度: 1601/10428 (15.4%)
轨迹写入进度: 1701/10428 (16.3%)
轨迹写入进度: 1801/10428 (17.3%)
轨迹写入进度: 1901/10428 (18.2%)
轨迹写入进度: 2001/10428 (19.2%)
轨迹写入进度: 2101/10428 (20.1%)
轨迹写入进度: 2201/10428 (21.1%)
轨迹写入进度: 2301/10428 (22.1%)
轨迹写入进度: 2401/10428 (23.0%)
轨迹写入进度: 2501/10428 (24.0%)
轨迹写入进度: 2601/10428 (24.9%)
轨迹写入进度: 2701/10428 (25.9%)
轨迹写入进度: 2801/10428 (26.9%)
轨迹写入进度: 2901/10428 (27.8%)
轨迹写入进度: 3001/10428 (28.8%)
轨迹写入进度: 3101/10428 (29.7%)
轨迹写入进度: 3201/10428 (30.7%)
轨迹写入进度: 3301/10428 (31.7%)
轨迹写入进度: 3401/10428 (32.6%)
轨迹写入进度: 3501/10428 (33.6%)
轨迹写入进度: 3601/10428 (34.5%)
轨迹写入进度: 3701/10428 (35.5%)
轨迹写入进度: 3801/10428 (36.4%)
轨迹写入进度: 3901/10428 (37.4%)
轨迹写入进度: 4001/10428 (38.4%)
轨迹写入进度: 4101/10428 (39.3%)
轨迹写入进度: 4201/10428 (40.3%)
轨迹写入进度: 4301/10428 (41.2%)
轨迹写入进度: 4401/10428 (42.2%)
轨迹写入进度: 4501/10428 (43.2%)
轨迹写入进度: 4601/10428 (44.1%)
轨迹写入进度: 4701/10428 (45.1%)
轨迹写入进度: 4801/10428 (46.0%)
轨迹写入进度: 4901/10428 (47.0%)
轨迹写入进度: 5001/10428 (48.0%)
轨迹写入进度: 5101/10428 (48.9%)
轨迹写入进度: 5201/10428 (49.9%)
轨迹写入进度: 5301/10428 (50.8%)
轨迹写入进度: 5401/10428 (51.8%)
轨迹写入进度: 5501/10428 (52.8%)
轨迹写入进度: 5601/10428 (53.7%)
轨迹写入进度: 5701/10428 (54.7%)
轨迹写入进度: 5801/10428 (55.6%)
⏳ 正在转换数据 - 已等待 40/300 秒...
轨迹写入进度: 5901/10428 (56.6%)
轨迹写入进度: 6001/10428 (57.5%)
轨迹写入进度: 6101/10428 (58.5%)
轨迹写入进度: 6201/10428 (59.5%)
轨迹写入进度: 6301/10428 (60.4%)
轨迹写入进度: 6401/10428 (61.4%)
轨迹写入进度: 6501/10428 (62.3%)
轨迹写入进度: 6601/10428 (63.3%)
轨迹写入进度: 6701/10428 (64.3%)
轨迹写入进度: 6801/10428 (65.2%)
轨迹写入进度: 6901/10428 (66.2%)
轨迹写入进度: 7001/10428 (67.1%)
轨迹写入进度: 7101/10428 (68.1%)
轨迹写入进度: 7201/10428 (69.1%)
轨迹写入进度: 7301/10428 (70.0%)
轨迹写入进度: 7401/10428 (71.0%)
轨迹写入进度: 7501/10428 (71.9%)
轨迹写入进度: 7601/10428 (72.9%)
轨迹写入进度: 7701/10428 (73.8%)
轨迹写入进度: 7801/10428 (74.8%)
轨迹写入进度: 7901/10428 (75.8%)
轨迹写入进度: 8001/10428 (76.7%)
轨迹写入进度: 8101/10428 (77.7%)
轨迹写入进度: 8201/10428 (78.6%)
轨迹写入进度: 8301/10428 (79.6%)
轨迹写入进度: 8401/10428 (80.6%)
轨迹写入进度: 8501/10428 (81.5%)
轨迹写入进度: 8601/10428 (82.5%)
轨迹写入进度: 8701/10428 (83.4%)
轨迹写入进度: 8801/10428 (84.4%)
轨迹写入进度: 8901/10428 (85.4%)
轨迹写入进度: 9001/10428 (86.3%)
轨迹写入进度: 9101/10428 (87.3%)
轨迹写入进度: 9201/10428 (88.2%)
轨迹写入进度: 9301/10428 (89.2%)
轨迹写入进度: 9401/10428 (90.2%)
轨迹写入进度: 9501/10428 (91.1%)
轨迹写入进度: 9601/10428 (92.1%)
轨迹写入进度: 9701/10428 (93.0%)
轨迹写入进度: 9801/10428 (94.0%)
轨迹写入进度: 9901/10428 (94.9%)
轨迹写入进度: 10001/10428 (95.9%)
轨迹写入进度: 10101/10428 (96.9%)
轨迹写入进度: 10201/10428 (97.8%)
轨迹写入进度: 10301/10428 (98.8%)
轨迹写入进度: 10401/10428 (99.7%)
轨迹写入进度: 10428/10428 (100.0%)
写入所有激光帧...
激光帧写入进度: 1/10428 (0.0%)
激光帧写入进度: 101/10428 (1.0%)
激光帧写入进度: 201/10428 (1.9%)
激光帧写入进度: 301/10428 (2.9%)
激光帧写入进度: 401/10428 (3.8%)
激光帧写入进度: 501/10428 (4.8%)
激光帧写入进度: 601/10428 (5.8%)
激光帧写入进度: 701/10428 (6.7%)
激光帧写入进度: 801/10428 (7.7%)
激光帧写入进度: 901/10428 (8.6%)
激光帧写入进度: 1001/10428 (9.6%)
激光帧写入进度: 1101/10428 (10.6%)
激光帧写入进度: 1201/10428 (11.5%)
激光帧写入进度: 1301/10428 (12.5%)
激光帧写入进度: 1401/10428 (13.4%)
激光帧写入进度: 1501/10428 (14.4%)
激光帧写入进度: 1601/10428 (15.4%)
激光帧写入进度: 1701/10428 (16.3%)
激光帧写入进度: 1801/10428 (17.3%)
激光帧写入进度: 1901/10428 (18.2%)
激光帧写入进度: 2001/10428 (19.2%)
激光帧写入进度: 2101/10428 (20.1%)
激光帧写入进度: 2201/10428 (21.1%)
激光帧写入进度: 2301/10428 (22.1%)
激光帧写入进度: 2401/10428 (23.0%)
激光帧写入进度: 2501/10428 (24.0%)
激光帧写入进度: 2601/10428 (24.9%)
激光帧写入进度: 2701/10428 (25.9%)
激光帧写入进度: 2801/10428 (26.9%)
激光帧写入进度: 2901/10428 (27.8%)
激光帧写入进度: 3001/10428 (28.8%)
激光帧写入进度: 3101/10428 (29.7%)
激光帧写入进度: 3201/10428 (30.7%)
激光帧写入进度: 3301/10428 (31.7%)
激光帧写入进度: 3401/10428 (32.6%)
激光帧写入进度: 3501/10428 (33.6%)
激光帧写入进度: 3601/10428 (34.5%)
激光帧写入进度: 3701/10428 (35.5%)
激光帧写入进度: 3801/10428 (36.4%)
激光帧写入进度: 3901/10428 (37.4%)
激光帧写入进度: 4001/10428 (38.4%)
激光帧写入进度: 4101/10428 (39.3%)
激光帧写入进度: 4201/10428 (40.3%)
激光帧写入进度: 4301/10428 (41.2%)
激光帧写入进度: 4401/10428 (42.2%)
激光帧写入进度: 4501/10428 (43.2%)
激光帧写入进度: 4601/10428 (44.1%)
激光帧写入进度: 4701/10428 (45.1%)
激光帧写入进度: 4801/10428 (46.0%)
激光帧写入进度: 4901/10428 (47.0%)
激光帧写入进度: 5001/10428 (48.0%)
激光帧写入进度: 5101/10428 (48.9%)
激光帧写入进度: 5201/10428 (49.9%)
激光帧写入进度: 5301/10428 (50.8%)
激光帧写入进度: 5401/10428 (51.8%)
激光帧写入进度: 5501/10428 (52.8%)
激光帧写入进度: 5601/10428 (53.7%)
激光帧写入进度: 5701/10428 (54.7%)
激光帧写入进度: 5801/10428 (55.6%)
激光帧写入进度: 5901/10428 (56.6%)
激光帧写入进度: 6001/10428 (57.5%)
激光帧写入进度: 6101/10428 (58.5%)
激光帧写入进度: 6201/10428 (59.5%)
激光帧写入进度: 6301/10428 (60.4%)
激光帧写入进度: 6401/10428 (61.4%)
激光帧写入进度: 6501/10428 (62.3%)
激光帧写入进度: 6601/10428 (63.3%)
激光帧写入进度: 6701/10428 (64.3%)
激光帧写入进度: 6801/10428 (65.2%)
激光帧写入进度: 6901/10428 (66.2%)
激光帧写入进度: 7001/10428 (67.1%)
激光帧写入进度: 7101/10428 (68.1%)
激光帧写入进度: 7201/10428 (69.1%)
激光帧写入进度: 7301/10428 (70.0%)
激光帧写入进度: 7401/10428 (71.0%)
激光帧写入进度: 7501/10428 (71.9%)
激光帧写入进度: 7601/10428 (72.9%)
激光帧写入进度: 7701/10428 (73.8%)
激光帧写入进度: 7801/10428 (74.8%)
激光帧写入进度: 7901/10428 (75.8%)
激光帧写入进度: 8001/10428 (76.7%)
激光帧写入进度: 8101/10428 (77.7%)
激光帧写入进度: 8201/10428 (78.6%)
激光帧写入进度: 8301/10428 (79.6%)
激光帧写入进度: 8401/10428 (80.6%)
激光帧写入进度: 8501/10428 (81.5%)
激光帧写入进度: 8601/10428 (82.5%)
激光帧写入进度: 8701/10428 (83.4%)
激光帧写入进度: 8801/10428 (84.4%)
激光帧写入进度: 8901/10428 (85.4%)
激光帧写入进度: 9001/10428 (86.3%)
激光帧写入进度: 9101/10428 (87.3%)
激光帧写入进度: 9201/10428 (88.2%)
激光帧写入进度: 9301/10428 (89.2%)
激光帧写入进度: 9401/10428 (90.2%)
激光帧写入进度: 9501/10428 (91.1%)
激光帧写入进度: 9601/10428 (92.1%)
激光帧写入进度: 9701/10428 (93.0%)
激光帧写入进度: 9801/10428 (94.0%)
激光帧写入进度: 9901/10428 (94.9%)
激光帧写入进度: 10001/10428 (95.9%)
激光帧写入进度: 10101/10428 (96.9%)
激光帧写入进度: 10201/10428 (97.8%)
激光帧写入进度: 10301/10428 (98.8%)
激光帧写入进度: 10401/10428 (99.7%)
激光帧写入进度: 10428/10428 (100.0%)
成功将数据写入ROS2 bag文件: lms_data.bag
总共写入帧数: 10428
总有效激光点数: 3715347, 平均每帧: 356.3
使用的轨迹时间戳范围: 71407205 - 71554079
处理用时: 59.40秒
ROS2 Bag文件写入完成
✅ 命令已完成
检查rosbag内容...
⏱️ 执行命令 (最长30秒): ros2 bag info lms_data.bag

Files:             lms_data.bag_0.db3
Bag size:          31.3 MiB
Storage id:        sqlite3
Duration:          146.874000000s
Start:             Jan  1 1970 08:00:01.000000000 (1.000000000)
End:               Jan  1 1970 08:02:27.874000000 (147.874000000)
Messages:          41712
Topic information: Topic: /clock | Type: rosgraph_msgs/msg/Clock | Count: 10428 | Serialization Format: cdr
                   Topic: scan | Type: sensor_msgs/msg/LaserScan | Count: 10428 | Serialization Format: cdr
                   Topic: odom | Type: nav_msgs/msg/Odometry | Count: 10428 | Serialization Format: cdr
                   Topic: tf | Type: tf2_msgs/msg/TFMessage | Count: 10428 | Serialization Format: cdr

✅ 命令已完成
Traceback (most recent call last):
  File "/opt/ros/humble/bin/ros2", line 33, in <module>
    sys.exit(load_entry_point('ros2cli==0.18.11', 'console_scripts', 'ros2')())
  File "/opt/ros/humble/lib/python3.10/site-packages/ros2cli/cli.py", line 91, in main
    rc = extension.main(parser=parser, args=args)
  File "/opt/ros/humble/lib/python3.10/site-packages/ros2bag/command/bag.py", line 38, in main
    return extension.main(args=args)
  File "/opt/ros/humble/lib/python3.10/site-packages/ros2bag/verb/info.py", line 28, in main
    print(m)
BrokenPipeError: [Errno 32] Broken pipe
Exception ignored in: <_io.TextIOWrapper name='<stdout>' mode='w' encoding='utf-8'>
BrokenPipeError: [Errno 32] Broken pipe
正在启动LMS Mapper节点...
执行: python3 /IntelligentMobileRobots2025/work3/src/lms_mapper/lms_mapper/lms_mapper_node.py --ros-args -p map_save_path:=occupancy_grid.png
设置ROS2使用模拟时钟...
usage: ros2 param set [-h] [--spin-time SPIN_TIME] [-s] [--no-daemon]
                      [--include-hidden-nodes]
                      node_name parameter_name value
ros2 param set: error: the following arguments are required: value
无法设置全局参数，将在节点启动时设置
等待节点启动...
[INFO] [1742569925.296411094] [lms_mapper]: 地图参数: 尺寸=600x650, 分辨率=0.1米/格
[INFO] [1742569925.316245053] [lms_mapper]: 地图重置功能已禁用，将持续累积所有障碍物数据
[INFO] [1742569925.316484803] [lms_mapper]: 中间地图保存间隔: 60.0秒
[INFO] [1742569925.316684178] [lms_mapper]: 清除过期障碍物功能已禁用，将保留所有检测到的障碍物
[INFO] [1742569925.316891844] [lms_mapper]: 运动过滤功能已启用：最小运动距离=0.2米，静止忽略时间=5.0秒
[INFO] [1742569925.317122053] [lms_mapper]: 使用自适应阈值：基础阈值=1，距离因子=0.5
[INFO] [1742569925.490526303] [lms_mapper]: LMS mapper node已启动
[INFO] [1742569925.490785469] [lms_mapper]: LMS mapper node已启动，等待数据...
[WARN] [1742569926.597738012] [lms_mapper]: 等待数据中... 20/600秒
[WARN] [1742569928.454723887] [lms_mapper]: 等待数据中... 40/600秒
[WARN] [1742569929.667695388] [lms_mapper]: 等待数据中... 60/600秒
节点已启动，PID: 73850
检查可用的话题...
[WARN] [1742569930.947621097] [lms_mapper]: 等待数据中... 80/600秒
[WARN] [1742569932.117588125] [lms_mapper]: 等待数据中... 100/600秒
[WARN] [1742569933.279600084] [lms_mapper]: 等待数据中... 120/600秒
[WARN] [1742569934.418811626] [lms_mapper]: 等待数据中... 140/600秒
/clock
/map
/odom
/parameter_events
/rosout
/scan
[WARN] [1742569935.602631085] [lms_mapper]: 等待数据中... 160/600秒
等待话题准备就绪...
[WARN] [1742569936.750596877] [lms_mapper]: 等待数据中... 180/600秒
[WARN] [1742569937.893610003] [lms_mapper]: 等待数据中... 200/600秒
[WARN] [1742569939.064775795] [lms_mapper]: 等待数据中... 220/600秒
✅ /map 话题已准备就绪
正在播放rosbag数据...
等待系统准备就绪，确保时钟同步...
[WARN] [1742569940.184141087] [lms_mapper]: 等待数据中... 240/600秒
[WARN] [1742569941.259631588] [lms_mapper]: 等待数据中... 260/600秒
[WARN] [1742569942.420443171] [lms_mapper]: 等待数据中... 280/600秒
[WARN] [1742569943.489493755] [lms_mapper]: 等待数据中... 300/600秒
[WARN] [1742569944.604829297] [lms_mapper]: 等待数据中... 320/600秒
开始播放rosbag...
[WARN] [1742569945.821831798] [lms_mapper]: 等待数据中... 340/600秒
[WARN] [1742569946.995755007] [lms_mapper]: 等待数据中... 360/600秒
[WARN] [1742569948.108610007] [lms_mapper]: 等待数据中... 380/600秒
等待rosbag播放完成...
stdin is not a terminal device. Keyboard handling disabled.[WARN] [1742569949.219451383] [lms_mapper]: 等待数据中... 400/600秒
[INFO] [1742569949.717105508] [rosbag2_storage]: Opened database 'lms_data.bag/lms_data.bag_0.db3' for READ_ONLY.
[INFO] [1742569949.719961383] [rosbag2_player]: Set rate to 0.1
[INFO] [1742569949.814169300] [rosbag2_player]: Adding keyboard callbacks.
[INFO] [1742569949.817312925] [rosbag2_player]: Press SPACE for Pause/Resume
[INFO] [1742569949.817656175] [rosbag2_player]: Press CURSOR_RIGHT for Play Next Message
[INFO] [1742569949.817679092] [rosbag2_player]: Press CURSOR_UP for Increase Rate 10%
[INFO] [1742569949.817709217] [rosbag2_player]: Press CURSOR_DOWN for Decrease Rate 10%
[INFO] [1742569949.826622925] [rosbag2_storage]: Opened database 'lms_data.bag/lms_data.bag_0.db3' for READ_ONLY.
[WARN] [1742569949.963791633] [lms_mapper]: 接收到激光数据，但没有位姿信息，跳过处理
[WARN] [1742569949.975230842] [lms_mapper]: 等待数据中... 420/600秒
[INFO] [1742569950.003960467] [lms_mapper]: 记录起始位置: x=0.00, y=0.00, theta=0.00
[INFO] [1742569950.005815717] [lms_mapper]: 接收到第一帧激光数据
[INFO] [1742569956.717052095] [lms_mapper]: 接收到激光数据: frame_id=laser, 点数=361
[INFO] [1742569956.717378887] [lms_mapper]: 【激光雷达坐标】x=0.0000, y=0.0000, theta=0.0000
[INFO] [1742569956.717606345] [lms_mapper]: 机器人在起始静止阶段，跳过激光数据处理
[INFO] [1742569963.762571917] [lms_mapper]: 接收到激光数据: frame_id=laser, 点数=361
[INFO] [1742569963.763782542] [lms_mapper]: 【激光雷达坐标】x=0.0000, y=0.0000, theta=0.0000
[INFO] [1742569963.768094667] [lms_mapper]: 机器人在起始静止阶段，跳过激光数据处理
[INFO] [1742569963.771827167] [lms_mapper]: 已接收轨迹点: 100
[INFO] [1742569963.772409459] [lms_mapper]: 已接收轨迹点: 100
[INFO] [1742569963.796023334] [lms_mapper]: 已接收轨迹点: 100
[INFO] [1742569963.833270292] [lms_mapper]: 已接收轨迹点: 100
[INFO] [1742569963.844923792] [lms_mapper]: 已接收轨迹点: 100
[INFO] [1742569963.891316876] [lms_mapper]: 已接收轨迹点: 100
[INFO] [1742569963.891772084] [lms_mapper]: 已接收轨迹点: 100
⏳ 正在播放rosbag - 已等待 15/3600 秒...
当前活跃话题:
/clock
/events/read_split
/map
/odom
/parameter_events
/rosout
/scan
/tf
[INFO] [1742569970.792522587] [lms_mapper]: 接收到激光数据: frame_id=laser, 点数=361
[INFO] [1742569970.792897629] [lms_mapper]: 【激光雷达坐标】x=0.0000, y=0.0000, theta=0.0000
[INFO] [1742569970.793102504] [lms_mapper]: 机器人在起始静止阶段，跳过激光数据处理
[INFO] [1742569977.874664382] [lms_mapper]: 接收到激光数据: frame_id=laser, 点数=361
[INFO] [1742569977.875153841] [lms_mapper]: 【激光雷达坐标】x=0.0000, y=0.0000, theta=0.0000
[INFO] [1742569977.875606174] [lms_mapper]: 机器人在起始静止阶段，跳过激光数据处理
[INFO] [1742569977.880334757] [lms_mapper]: 机器人静止中: 27.9秒, 位置: (0.00, 0.00)
[INFO] [1742569977.899757174] [lms_mapper]: 已接收轨迹点: 200
[INFO] [1742569977.904502091] [lms_mapper]: 已接收轨迹点: 200
[INFO] [1742569977.923309799] [lms_mapper]: 已接收轨迹点: 200
[INFO] [1742569977.954139174] [lms_mapper]: 已接收轨迹点: 200
[INFO] [1742569977.981689507] [lms_mapper]: 已接收轨迹点: 200
[INFO] [1742569977.982586174] [lms_mapper]: 已接收轨迹点: 200
[INFO] [1742569984.887351177] [lms_mapper]: 接收到激光数据: frame_id=laser, 点数=361
[INFO] [1742569984.887664719] [lms_mapper]: 【激光雷达坐标】x=0.0000, y=0.0000, theta=0.0000
[INFO] [1742569984.887868636] [lms_mapper]: 机器人在起始静止阶段，跳过激光数据处理
⏳ 正在播放rosbag - 已等待 30/3600 秒...
当前活跃话题:
/clock
/events/read_split
/map
/odom
/parameter_events
/rosout
/scan
/tf
[INFO] [1742569991.902719541] [lms_mapper]: 接收到激光数据: frame_id=laser, 点数=361
[INFO] [1742569991.903486375] [lms_mapper]: 【激光雷达坐标】x=0.0000, y=0.0000, theta=0.0000
[INFO] [1742569991.903695000] [lms_mapper]: 机器人在起始静止阶段，跳过激光数据处理
[INFO] [1742569991.924383208] [lms_mapper]: 已接收轨迹点: 300
[INFO] [1742569991.945568458] [lms_mapper]: 已接收轨迹点: 300
[INFO] [1742569991.946291583] [lms_mapper]: 已接收轨迹点: 300
[INFO] [1742569991.980717958] [lms_mapper]: 已接收轨迹点: 300
[INFO] [1742569992.039395291] [lms_mapper]: 已接收轨迹点: 300
[INFO] [1742569992.065511041] [lms_mapper]: 已接收轨迹点: 300
[INFO] [1742569992.066266708] [lms_mapper]: 已接收轨迹点: 300
[INFO] [1742569992.091542083] [lms_mapper]: 已接收轨迹点: 300
[INFO] [1742569992.115367292] [lms_mapper]: 已接收轨迹点: 300
[INFO] [1742569998.982746045] [lms_mapper]: 接收到激光数据: frame_id=laser, 点数=361
[INFO] [1742569998.983055503] [lms_mapper]: 【激光雷达坐标】x=0.0000, y=0.0000, theta=0.0000
[INFO] [1742569998.983284253] [lms_mapper]: 机器人在起始静止阶段，跳过激光数据处理
[INFO] [1742570006.001765048] [lms_mapper]: 接收到激光数据: frame_id=laser, 点数=361
[INFO] [1742570006.002061423] [lms_mapper]: 【激光雷达坐标】x=0.0000, y=0.0000, theta=0.0000
[INFO] [1742570006.002295881] [lms_mapper]: 机器人在起始静止阶段，跳过激光数据处理
[INFO] [1742570006.002831256] [lms_mapper]: 机器人静止中: 56.0秒, 位置: (0.00, 0.00)
[INFO] [1742570006.003071881] [lms_mapper]: 已接收轨迹点: 400
[INFO] [1742570006.029953798] [lms_mapper]: 已接收轨迹点: 400
[INFO] [1742570006.078392715] [lms_mapper]: 已接收轨迹点: 400
[INFO] [1742570006.101432590] [lms_mapper]: 已接收轨迹点: 400
[INFO] [1742570006.127411507] [lms_mapper]: 已接收轨迹点: 400
[INFO] [1742570006.152867007] [lms_mapper]: 已接收轨迹点: 400
[INFO] [1742570006.198289548] [lms_mapper]: 已接收轨迹点: 400
[INFO] [1742570006.198900923] [lms_mapper]: 已接收轨迹点: 400
⏳ 正在播放rosbag - 已等待 45/3600 秒...
当前活跃话题:
/clock
/events/read_split
/map
/odom
/parameter_events
/rosout
/scan
/tf
[INFO] [1742570013.073942593] [lms_mapper]: 接收到激光数据: frame_id=laser, 点数=361
[INFO] [1742570013.074266927] [lms_mapper]: 【激光雷达坐标】x=0.0000, y=0.0000, theta=0.0000
[INFO] [1742570013.074472093] [lms_mapper]: 机器人在起始静止阶段，跳过激光数据处理
[INFO] [1742570020.094074680] [lms_mapper]: 接收到激光数据: frame_id=laser, 点数=361
[INFO] [1742570020.111558930] [lms_mapper]: 【激光雷达坐标】x=0.0000, y=0.0000, theta=0.0000
[INFO] [1742570020.111770430] [lms_mapper]: 机器人在起始静止阶段，跳过激光数据处理
[INFO] [1742570020.112320055] [lms_mapper]: 已接收轨迹点: 500
[INFO] [1742570020.113380888] [lms_mapper]: 已接收轨迹点: 500
[INFO] [1742570020.128889763] [lms_mapper]: 已接收轨迹点: 500
[INFO] [1742570020.156996430] [lms_mapper]: 已接收轨迹点: 500
[INFO] [1742570020.181838222] [lms_mapper]: 已接收轨迹点: 500
[INFO] [1742570020.205916055] [lms_mapper]: 已接收轨迹点: 500
[INFO] [1742570020.225459305] [lms_mapper]: 已接收轨迹点: 500
[INFO] [1742570020.256565972] [lms_mapper]: 已接收轨迹点: 500
[INFO] [1742570020.273455638] [lms_mapper]: 已接收轨迹点: 500
[INFO] [1742570020.273909847] [lms_mapper]: 已接收轨迹点: 500
[INFO] [1742570027.192406419] [lms_mapper]: 接收到激光数据: frame_id=laser, 点数=361
[INFO] [1742570027.247682919] [lms_mapper]: 【激光雷达坐标】x=0.0000, y=0.0000, theta=0.0000
[INFO] [1742570027.248582877] [lms_mapper]: 机器人在起始静止阶段，跳过激光数据处理
⏳ 正在播放rosbag - 已等待 60/3600 秒...
当前活跃话题:
/clock
/events/read_split
/map
/odom
/parameter_events
/rosout
/scan
/tf
[INFO] [1742570034.187831672] [lms_mapper]: 接收到激光数据: frame_id=laser, 点数=361
[INFO] [1742570034.211737381] [lms_mapper]: 【激光雷达坐标】x=0.0000, y=0.0000, theta=0.0000
[INFO] [1742570034.211971672] [lms_mapper]: 机器人在起始静止阶段，跳过激光数据处理
[INFO] [1742570034.212642172] [lms_mapper]: 机器人静止中: 84.2秒, 位置: (0.00, 0.00)
[INFO] [1742570034.212930881] [lms_mapper]: 已接收轨迹点: 600
[INFO] [1742570034.213466756] [lms_mapper]: 已接收轨迹点: 600
[INFO] [1742570034.240495589] [lms_mapper]: 已接收轨迹点: 600
[INFO] [1742570034.265163381] [lms_mapper]: 已接收轨迹点: 600
[INFO] [1742570034.280624506] [lms_mapper]: 已接收轨迹点: 600
[INFO] [1742570034.307818964] [lms_mapper]: 已接收轨迹点: 600
[INFO] [1742570034.339677839] [lms_mapper]: 已接收轨迹点: 600
[INFO] [1742570041.215127967] [lms_mapper]: 接收到激光数据: frame_id=laser, 点数=361
[INFO] [1742570041.242864217] [lms_mapper]: 【激光雷达坐标】x=0.0000, y=0.0000, theta=0.0000
[INFO] [1742570041.243093509] [lms_mapper]: 机器人在起始静止阶段，跳过激光数据处理
[INFO] [1742570048.282141346] [lms_mapper]: 已接收轨迹点: 700
[INFO] [1742570048.296814179] [lms_mapper]: 已接收轨迹点: 700
[INFO] [1742570048.314242554] [lms_mapper]: 接收到激光数据: frame_id=laser, 点数=361
[INFO] [1742570048.314679262] [lms_mapper]: 【激光雷达坐标】x=0.0000, y=0.0000, theta=0.0000
[INFO] [1742570048.314893887] [lms_mapper]: 机器人在起始静止阶段，跳过激光数据处理
[INFO] [1742570048.315144804] [lms_mapper]: 已接收轨迹点: 700
[INFO] [1742570048.326840137] [lms_mapper]: 已接收轨迹点: 700
[INFO] [1742570048.355631012] [lms_mapper]: 已接收轨迹点: 700
[INFO] [1742570048.377464929] [lms_mapper]: 已接收轨迹点: 700
[INFO] [1742570048.394171679] [lms_mapper]: 已接收轨迹点: 700
[INFO] [1742570048.395301262] [lms_mapper]: 已接收轨迹点: 700
⏳ 正在播放rosbag - 已等待 75/3600 秒...
当前活跃话题:
[INFO] [1742570055.300342585] [lms_mapper]: 接收到激光数据: frame_id=laser, 点数=361
[INFO] [1742570055.339190876] [lms_mapper]: 【激光雷达坐标】x=0.0000, y=0.0000, theta=0.0000
[INFO] [1742570055.339499126] [lms_mapper]: 机器人在起始静止阶段，跳过激光数据处理
/clock
/events/read_split
/map
/odom
/parameter_events
/rosout
/scan
/tf
[INFO] [1742570062.362492546] [lms_mapper]: 接收到激光数据: frame_id=laser, 点数=361
[INFO] [1742570062.362785796] [lms_mapper]: 【激光雷达坐标】x=0.0000, y=0.0000, theta=0.0000
[INFO] [1742570062.362987963] [lms_mapper]: 机器人在起始静止阶段，跳过激光数据处理
[INFO] [1742570062.363959505] [lms_mapper]: 机器人静止中: 112.4秒, 位置: (0.00, 0.00)
[INFO] [1742570062.364243296] [lms_mapper]: 已接收轨迹点: 800
[INFO] [1742570062.382622505] [lms_mapper]: 已接收轨迹点: 800
[INFO] [1742570062.409196380] [lms_mapper]: 已接收轨迹点: 800
[INFO] [1742570062.422049671] [lms_mapper]: 已接收轨迹点: 800
[INFO] [1742570062.455572630] [lms_mapper]: 已接收轨迹点: 800
[INFO] [1742570062.483191963] [lms_mapper]: 已接收轨迹点: 800
[INFO] [1742570062.483775505] [lms_mapper]: 已接收轨迹点: 800
[INFO] [1742570069.382863758] [lms_mapper]: 接收到激光数据: frame_id=laser, 点数=361
[INFO] [1742570069.383210675] [lms_mapper]: 【激光雷达坐标】x=0.0000, y=0.0000, theta=0.0000
[INFO] [1742570069.383439841] [lms_mapper]: 机器人在起始静止阶段，跳过激光数据处理
⏳ 正在播放rosbag - 已等待 90/3600 秒...
当前活跃话题:
[INFO] [1742570076.460160845] [lms_mapper]: 接收到激光数据: frame_id=laser, 点数=361
[INFO] [1742570076.460582678] [lms_mapper]: 【激光雷达坐标】x=0.0000, y=0.0000, theta=0.0000
[INFO] [1742570076.460790470] [lms_mapper]: 机器人在起始静止阶段，跳过激光数据处理
[INFO] [1742570076.461306803] [lms_mapper]: 已接收轨迹点: 900
[INFO] [1742570076.493514595] [lms_mapper]: 已接收轨迹点: 900
[INFO] [1742570076.504993636] [lms_mapper]: 已接收轨迹点: 900
[INFO] [1742570076.528244303] [lms_mapper]: 已接收轨迹点: 900
[INFO] [1742570076.547813178] [lms_mapper]: 已接收轨迹点: 900
[INFO] [1742570076.564618595] [lms_mapper]: 已接收轨迹点: 900
[INFO] [1742570076.565126178] [lms_mapper]: 已接收轨迹点: 900
/clock
/events/read_split
/map
/odom
/parameter_events
/rosout
/scan
/tf
[INFO] [1742570083.475462459] [lms_mapper]: 接收到激光数据: frame_id=laser, 点数=361
[INFO] [1742570083.484891000] [lms_mapper]: 【激光雷达坐标】x=0.0000, y=0.0000, theta=0.0000
[INFO] [1742570083.485133917] [lms_mapper]: 机器人在起始静止阶段，跳过激光数据处理
[INFO] [1742570090.566141171] [lms_mapper]: 接收到激光数据: frame_id=laser, 点数=361
[INFO] [1742570090.566462671] [lms_mapper]: 【激光雷达坐标】x=0.0000, y=0.0000, theta=0.0000
[INFO] [1742570090.566667046] [lms_mapper]: 机器人在起始静止阶段，跳过激光数据处理
[INFO] [1742570090.567178046] [lms_mapper]: 机器人静止中: 140.6秒, 位置: (0.00, 0.00)
[INFO] [1742570090.567466962] [lms_mapper]: 已接收轨迹点: 1000
[INFO] [1742570090.601753504] [lms_mapper]: 已接收轨迹点: 1000
[INFO] [1742570090.633032921] [lms_mapper]: 已接收轨迹点: 1000
[INFO] [1742570090.654643504] [lms_mapper]: 已接收轨迹点: 1000
[INFO] [1742570090.678554962] [lms_mapper]: 已接收轨迹点: 1000
⏳ 正在播放rosbag - 已等待 105/3600 秒...
当前活跃话题:
[INFO] [1742570097.572745591] [lms_mapper]: 接收到激光数据: frame_id=laser, 点数=361
[INFO] [1742570097.573066757] [lms_mapper]: 【激光雷达坐标】x=0.0000, y=0.0000, theta=0.0000
[INFO] [1742570097.573270549] [lms_mapper]: 机器人在起始静止阶段，跳过激光数据处理
/clock
/events/read_split
/map
/odom
/parameter_events
/rosout
/scan
/tf
[INFO] [1742570104.630595302] [lms_mapper]: 接收到激光数据: frame_id=laser, 点数=361
[INFO] [1742570104.639811011] [lms_mapper]: 【激光雷达坐标】x=0.0000, y=0.0000, theta=0.0000
[INFO] [1742570104.649685427] [lms_mapper]: 机器人在起始静止阶段，跳过激光数据处理
[INFO] [1742570104.650260636] [lms_mapper]: 已接收轨迹点: 1100
[INFO] [1742570104.650770177] [lms_mapper]: 已接收轨迹点: 1100
[INFO] [1742570104.679155719] [lms_mapper]: 已接收轨迹点: 1100
[INFO] [1742570104.719136594] [lms_mapper]: 已接收轨迹点: 1100
[INFO] [1742570104.730769886] [lms_mapper]: 已接收轨迹点: 1100
[INFO] [1742570104.756040219] [lms_mapper]: 已接收轨迹点: 1100
[INFO] [1742570104.756558261] [lms_mapper]: 已接收轨迹点: 1100
[INFO] [1742570111.855634791] [lms_mapper]: 接收到激光数据: frame_id=laser, 点数=361
[INFO] [1742570111.856659208] [lms_mapper]: 【激光雷达坐标】x=0.0000, y=0.0000, theta=0.0000
⏳ 正在播放rosbag - 已等待 120/3600 秒...
当前活跃话题:
[INFO] [1742570118.707455753] [lms_mapper]: 接收到激光数据: frame_id=laser, 点数=361
[INFO] [1742570118.707834961] [lms_mapper]: 【激光雷达坐标】x=0.0000, y=0.0000, theta=0.0000
[INFO] [1742570118.708065044] [lms_mapper]: 机器人在起始静止阶段，跳过激光数据处理
[INFO] [1742570118.775775253] [lms_mapper]: 机器人静止中: 168.7秒, 位置: (0.00, 0.00)
[INFO] [1742570118.776879211] [lms_mapper]: 已接收轨迹点: 1200
[INFO] [1742570118.778508170] [lms_mapper]: 已接收轨迹点: 1200
[INFO] [1742570118.814037711] [lms_mapper]: 已接收轨迹点: 1200
[INFO] [1742570118.860225586] [lms_mapper]: 已接收轨迹点: 1200
/clock
/events/read_split
/map
/odom
/parameter_events
/rosout
/scan
/tf
[INFO] [1742570125.698927006] [lms_mapper]: 接收到激光数据: frame_id=laser, 点数=361
[INFO] [1742570125.699378548] [lms_mapper]: 【激光雷达坐标】x=0.0000, y=0.0000, theta=0.0000
[INFO] [1742570125.699604131] [lms_mapper]: 机器人在起始静止阶段，跳过激光数据处理
[INFO] [1742570132.761763260] [lms_mapper]: 接收到激光数据: frame_id=laser, 点数=361
[INFO] [1742570132.762807926] [lms_mapper]: 【激光雷达坐标】x=0.0000, y=0.0000, theta=0.0000
[INFO] [1742570132.763080510] [lms_mapper]: 机器人在起始静止阶段，跳过激光数据处理
[INFO] [1742570132.763663426] [lms_mapper]: 已接收轨迹点: 1300
[INFO] [1742570132.779616718] [lms_mapper]: 已接收轨迹点: 1300
[INFO] [1742570132.797329301] [lms_mapper]: 已接收轨迹点: 1300
[INFO] [1742570132.830791718] [lms_mapper]: 已接收轨迹点: 1300
[INFO] [1742570132.853663760] [lms_mapper]: 已接收轨迹点: 1300
[INFO] [1742570132.881862635] [lms_mapper]: 已接收轨迹点: 1300
[INFO] [1742570132.882296760] [lms_mapper]: 已接收轨迹点: 1300
⏳ 正在播放rosbag - 已等待 135/3600 秒...
当前活跃话题:
[INFO] [1742570139.793238638] [lms_mapper]: 接收到激光数据: frame_id=laser, 点数=361
[INFO] [1742570139.793555471] [lms_mapper]: 【激光雷达坐标】x=0.0000, y=0.0000, theta=0.0000
[INFO] [1742570139.793818846] [lms_mapper]: 机器人在起始静止阶段，跳过激光数据处理
/clock
/events/read_split
/map
/odom
/parameter_events
/rosout
/scan
/tf
[INFO] [1742570146.922445210] [lms_mapper]: 接收到激光数据: frame_id=laser, 点数=361
[INFO] [1742570146.922987460] [lms_mapper]: 【激光雷达坐标】x=0.0000, y=0.0000, theta=0.0000
[INFO] [1742570146.923204252] [lms_mapper]: 机器人在起始静止阶段，跳过激光数据处理
[INFO] [1742570146.947314960] [lms_mapper]: 机器人静止中: 196.9秒, 位置: (0.00, 0.00)
[INFO] [1742570146.947767377] [lms_mapper]: 已接收轨迹点: 1400
[INFO] [1742570146.948405419] [lms_mapper]: 已接收轨迹点: 1400
[INFO] [1742570146.969431335] [lms_mapper]: 已接收轨迹点: 1400
[INFO] [1742570147.031374960] [lms_mapper]: 已接收轨迹点: 1400
[INFO] [1742570147.065115252] [lms_mapper]: 已接收轨迹点: 1400
[INFO] [1742570147.065810627] [lms_mapper]: 已接收轨迹点: 1400
[INFO] [1742570153.896460297] [lms_mapper]: 接收到激光数据: frame_id=laser, 点数=361
[INFO] [1742570153.896770255] [lms_mapper]: 【激光雷达坐标】x=0.0000, y=0.0000, theta=0.0000
[INFO] [1742570153.897053380] [lms_mapper]: 机器人在起始静止阶段，跳过激光数据处理
⏳ 正在播放rosbag - 已等待 150/3600 秒...
当前活跃话题:
[INFO] [1742570160.980036509] [lms_mapper]: 接收到激光数据: frame_id=laser, 点数=361
[INFO] [1742570160.980494175] [lms_mapper]: 【激光雷达坐标】x=0.0000, y=0.0000, theta=0.0000
[INFO] [1742570161.011125967] [lms_mapper]: 机器人在起始静止阶段，跳过激光数据处理
[INFO] [1742570161.012301342] [lms_mapper]: 已接收轨迹点: 1500
[INFO] [1742570161.012951134] [lms_mapper]: 已接收轨迹点: 1500
[INFO] [1742570161.038617800] [lms_mapper]: 已接收轨迹点: 1500
[INFO] [1742570161.083501134] [lms_mapper]: 已接收轨迹点: 1500
[INFO] [1742570161.103638675] [lms_mapper]: 已接收轨迹点: 1500
[INFO] [1742570161.104220884] [lms_mapper]: 已接收轨迹点: 1500
/clock
/events/read_split
/map
/odom
/parameter_events
/rosout
/scan
/tf
[INFO] [1742570168.028465512] [lms_mapper]: 接收到激光数据: frame_id=laser, 点数=361
[INFO] [1742570168.036448137] [lms_mapper]: 【激光雷达坐标】x=0.0000, y=0.0000, theta=0.0000
[INFO] [1742570168.045149512] [lms_mapper]: 机器人在起始静止阶段，跳过激光数据处理
[INFO] [1742570175.082160001] [lms_mapper]: 接收到激光数据: frame_id=laser, 点数=361
[INFO] [1742570175.096722418] [lms_mapper]: 【激光雷达坐标】x=0.0000, y=0.0000, theta=0.0000
[INFO] [1742570175.096988418] [lms_mapper]: 机器人在起始静止阶段，跳过激光数据处理
[INFO] [1742570175.097690709] [lms_mapper]: 机器人静止中: 225.1秒, 位置: (0.00, 0.00)
[INFO] [1742570175.097995751] [lms_mapper]: 已接收轨迹点: 1600
[INFO] [1742570175.098747584] [lms_mapper]: 已接收轨迹点: 1600
[INFO] [1742570175.103563543] [lms_mapper]: 已接收轨迹点: 1600
[INFO] [1742570175.140766626] [lms_mapper]: 已接收轨迹点: 1600
[INFO] [1742570175.171324543] [lms_mapper]: 已接收轨迹点: 1600
[INFO] [1742570175.190518751] [lms_mapper]: 已接收轨迹点: 1600
[INFO] [1742570175.200033584] [lms_mapper]: 已接收轨迹点: 1600
[INFO] [1742570175.214156751] [lms_mapper]: 已接收轨迹点: 1600
[INFO] [1742570175.214897918] [lms_mapper]: 已接收轨迹点: 1600
⏳ 正在播放rosbag - 已等待 165/3600 秒...
当前活跃话题:
[INFO] [1742570182.123690088] [lms_mapper]: 接收到激光数据: frame_id=laser, 点数=361
[INFO] [1742570182.123980129] [lms_mapper]: 【激光雷达坐标】x=0.0000, y=0.0000, theta=0.0000
[INFO] [1742570182.124205921] [lms_mapper]: 机器人在起始静止阶段，跳过激光数据处理
/clock
/events/read_split
/map
/odom
/parameter_events
/rosout
/scan
/tf
[INFO] [1742570189.128706633] [lms_mapper]: 接收到激光数据: frame_id=laser, 点数=361
[INFO] [1742570189.129026383] [lms_mapper]: 【激光雷达坐标】x=0.0000, y=0.0000, theta=0.0000
[INFO] [1742570189.129255424] [lms_mapper]: 机器人在起始静止阶段，跳过激光数据处理
[INFO] [1742570189.129735883] [lms_mapper]: 已接收轨迹点: 1700
[INFO] [1742570189.162448633] [lms_mapper]: 已接收轨迹点: 1700
[INFO] [1742570189.185727841] [lms_mapper]: 已接收轨迹点: 1700
[INFO] [1742570189.199094341] [lms_mapper]: 已接收轨迹点: 1700
[INFO] [1742570189.232574799] [lms_mapper]: 已接收轨迹点: 1700
[INFO] [1742570189.260806341] [lms_mapper]: 已接收轨迹点: 1700
[INFO] [1742570189.287261216] [lms_mapper]: 已接收轨迹点: 1700
[INFO] [1742570189.298738675] [lms_mapper]: 已接收轨迹点: 1700
[INFO] [1742570189.312929550] [lms_mapper]: 已接收轨迹点: 1700
[INFO] [1742570196.194404303] [lms_mapper]: 接收到激光数据: frame_id=laser, 点数=361
[INFO] [1742570196.194699261] [lms_mapper]: 【激光雷达坐标】x=0.0000, y=0.0000, theta=0.0000
[INFO] [1742570196.194898553] [lms_mapper]: 机器人在起始静止阶段，跳过激光数据处理
⏳ 正在播放rosbag - 已等待 180/3600 秒...
当前活跃话题:
[INFO] [1742570203.199364292] [lms_mapper]: 接收到激光数据: frame_id=laser, 点数=361
[INFO] [1742570203.225884375] [lms_mapper]: 【激光雷达坐标】x=0.0000, y=0.0000, theta=0.0000
[INFO] [1742570203.255944209] [lms_mapper]: 机器人在起始静止阶段，跳过激光数据处理
[INFO] [1742570203.256722417] [lms_mapper]: 机器人静止中: 253.3秒, 位置: (0.00, 0.00)
[INFO] [1742570203.256973834] [lms_mapper]: 已接收轨迹点: 1800
[INFO] [1742570203.285445625] [lms_mapper]: 已接收轨迹点: 1800
[INFO] [1742570203.309408750] [lms_mapper]: 已接收轨迹点: 1800
[INFO] [1742570203.340452167] [lms_mapper]: 已接收轨迹点: 1800
[INFO] [1742570203.370816709] [lms_mapper]: 已接收轨迹点: 1800
[INFO] [1742570203.393775084] [lms_mapper]: 已接收轨迹点: 1800
[INFO] [1742570203.401816292] [lms_mapper]: 已接收轨迹点: 1800
/clock
/events/read_split
/map
/odom
/parameter_events
/rosout
/scan
/tf
[INFO] [1742570210.269606754] [lms_mapper]: 接收到激光数据: frame_id=laser, 点数=361
[INFO] [1742570210.275751004] [lms_mapper]: 【激光雷达坐标】x=0.0000, y=0.0000, theta=0.0000
[INFO] [1742570210.275986962] [lms_mapper]: 机器人在起始静止阶段，跳过激光数据处理
[INFO] [1742570217.346683840] [lms_mapper]: 接收到激光数据: frame_id=laser, 点数=361
[INFO] [1742570217.349658590] [lms_mapper]: 【激光雷达坐标】x=0.0000, y=0.0000, theta=0.0000
[INFO] [1742570217.349868715] [lms_mapper]: 机器人在起始静止阶段，跳过激光数据处理
[INFO] [1742570217.369499632] [lms_mapper]: 已接收轨迹点: 1900
[INFO] [1742570217.382004965] [lms_mapper]: 已接收轨迹点: 1900
[INFO] [1742570217.407239132] [lms_mapper]: 已接收轨迹点: 1900
[INFO] [1742570217.429314590] [lms_mapper]: 已接收轨迹点: 1900
[INFO] [1742570217.447024715] [lms_mapper]: 已接收轨迹点: 1900
⏳ 正在播放rosbag - 已等待 195/3600 秒...
当前活跃话题:
[INFO] [1742570224.353857635] [lms_mapper]: 接收到激光数据: frame_id=laser, 点数=361
[INFO] [1742570224.354585177] [lms_mapper]: 【激光雷达坐标】x=0.0000, y=0.0000, theta=0.0000
[INFO] [1742570224.354836469] [lms_mapper]: 机器人在起始静止阶段，跳过激光数据处理
/clock
/events/read_split
/map
/odom
/parameter_events
/rosout
/scan
/tf
[INFO] [1742570231.412882139] [lms_mapper]: 接收到激光数据: frame_id=laser, 点数=361
[INFO] [1742570231.413325139] [lms_mapper]: 【激光雷达坐标】x=0.0000, y=0.0000, theta=0.0000
[INFO] [1742570231.413767014] [lms_mapper]: 机器人在起始静止阶段，跳过激光数据处理
[INFO] [1742570231.414380972] [lms_mapper]: 机器人静止中: 281.4秒, 位置: (0.00, 0.00)
[INFO] [1742570231.414665639] [lms_mapper]: 已接收轨迹点: 2000
[INFO] [1742570231.439763847] [lms_mapper]: 已接收轨迹点: 2000
[INFO] [1742570231.461762680] [lms_mapper]: 已接收轨迹点: 2000
[INFO] [1742570231.474737222] [lms_mapper]: 已接收轨迹点: 2000
[INFO] [1742570231.514295889] [lms_mapper]: 已接收轨迹点: 2000
[INFO] [1742570231.536638597] [lms_mapper]: 已接收轨迹点: 2000
[INFO] [1742570231.537033347] [lms_mapper]: 已接收轨迹点: 2000
[INFO] [1742570238.434547586] [lms_mapper]: 接收到激光数据: frame_id=laser, 点数=361
[INFO] [1742570238.460483169] [lms_mapper]: 【激光雷达坐标】x=0.0000, y=0.0000, theta=0.0000
[INFO] [1742570238.460775961] [lms_mapper]: 机器人在起始静止阶段，跳过激光数据处理
⏳ 正在播放rosbag - 已等待 210/3600 秒...
当前活跃话题:
[INFO] [1742570245.486820214] [lms_mapper]: 接收到激光数据: frame_id=laser, 点数=361
[INFO] [1742570245.487198714] [lms_mapper]: 【激光雷达坐标】x=0.0000, y=0.0000, theta=0.0000
[INFO] [1742570245.487407631] [lms_mapper]: 机器人在起始静止阶段，跳过激光数据处理
[INFO] [1742570245.488024798] [lms_mapper]: 已接收轨迹点: 2100
[INFO] [1742570245.520641006] [lms_mapper]: 已接收轨迹点: 2100
[INFO] [1742570245.540724173] [lms_mapper]: 已接收轨迹点: 2100
[INFO] [1742570245.575102048] [lms_mapper]: 已接收轨迹点: 2100
[INFO] [1742570245.591600089] [lms_mapper]: 已接收轨迹点: 2100
[INFO] [1742570245.600706339] [lms_mapper]: 已接收轨迹点: 2100
[INFO] [1742570245.601671298] [lms_mapper]: 已接收轨迹点: 2100
/clock
/events/read_split
/map
/odom
/parameter_events
/rosout
/scan
/tf
[INFO] [1742570252.546947468] [lms_mapper]: 接收到激光数据: frame_id=laser, 点数=361
[INFO] [1742570252.547826301] [lms_mapper]: 【激光雷达坐标】x=0.0000, y=0.0000, theta=0.0000
[INFO] [1742570252.548106759] [lms_mapper]: 机器人在起始静止阶段，跳过激光数据处理
[INFO] [1742570259.560878596] [lms_mapper]: 接收到激光数据: frame_id=laser, 点数=361
[INFO] [1742570259.561213804] [lms_mapper]: 【激光雷达坐标】x=0.0000, y=0.0000, theta=0.0000
[INFO] [1742570259.561418846] [lms_mapper]: 机器人在起始静止阶段，跳过激光数据处理
[INFO] [1742570259.561980013] [lms_mapper]: 机器人静止中: 309.6秒, 位置: (0.00, 0.00)
[INFO] [1742570259.562242679] [lms_mapper]: 已接收轨迹点: 2200
[INFO] [1742570259.586641929] [lms_mapper]: 已接收轨迹点: 2200
[INFO] [1742570259.616073013] [lms_mapper]: 已接收轨迹点: 2200
[INFO] [1742570259.642838304] [lms_mapper]: 已接收轨迹点: 2200
[INFO] [1742570259.665584554] [lms_mapper]: 已接收轨迹点: 2200
[INFO] [1742570259.689365596] [lms_mapper]: 已接收轨迹点: 2200
[INFO] [1742570259.701819971] [lms_mapper]: 已接收轨迹点: 2200
[INFO] [1742570259.739642638] [lms_mapper]: 已接收轨迹点: 2200
[INFO] [1742570259.740589679] [lms_mapper]: 已接收轨迹点: 2200
[INFO] [1742570259.740968388] [lms_mapper]: 已接收轨迹点: 2200
⏳ 正在播放rosbag - 已等待 225/3600 秒...
当前活跃话题:
[INFO] [1742570266.639507877] [lms_mapper]: 接收到激光数据: frame_id=laser, 点数=361
[INFO] [1742570266.640415585] [lms_mapper]: 【激光雷达坐标】x=0.0000, y=0.0000, theta=0.0000
[INFO] [1742570266.640710793] [lms_mapper]: 机器人在起始静止阶段，跳过激光数据处理
/clock
/events/read_split
/map
/odom
/parameter_events
/rosout
/scan
/tf
[INFO] [1742570273.690705463] [lms_mapper]: 接收到激光数据: frame_id=laser, 点数=361
[INFO] [1742570273.690994505] [lms_mapper]: 【激光雷达坐标】x=0.0000, y=0.0000, theta=0.0000
[INFO] [1742570273.691222213] [lms_mapper]: 机器人在起始静止阶段，跳过激光数据处理
[INFO] [1742570273.691739213] [lms_mapper]: 已接收轨迹点: 2300
[INFO] [1742570273.704903380] [lms_mapper]: 已接收轨迹点: 2300
[INFO] [1742570273.734040214] [lms_mapper]: 已接收轨迹点: 2300
[INFO] [1742570273.762677005] [lms_mapper]: 已接收轨迹点: 2300
[INFO] [1742570273.780879047] [lms_mapper]: 已接收轨迹点: 2300
[INFO] [1742570273.805952630] [lms_mapper]: 已接收轨迹点: 2300
[INFO] [1742570273.812932672] [lms_mapper]: 已接收轨迹点: 2300
[INFO] [1742570277.198258049] [lms_mapper]: 检测到机器人开始行驶，总静止时间: 327.19秒，当前位置: (0.01, 0.14)
[INFO] [1742570277.399495424] [lms_mapper]: 检测到1个y值>26的点
[INFO] [1742570277.416762090] [lms_mapper]: 高y值点: 世界(0.10,28.81) -> 栅格(15,303)
[INFO] [1742570277.423488965] [lms_mapper]: 当前使用的障碍物计数阈值: 1
[INFO] [1742570277.598807215] [lms_mapper]: 检测到3个y值>26的点
[INFO] [1742570277.617714174] [lms_mapper]: 高y值点: 世界(0.37,28.67) -> 栅格(18,301)
[INFO] [1742570277.617958424] [lms_mapper]: 高y值点: 世界(0.12,28.67) -> 栅格(16,301)
[INFO] [1742570277.618232174] [lms_mapper]: 高y值点: 世界(-1.38,28.65) -> 栅格(1,301)
[INFO] [1742570277.770787882] [lms_mapper]: 检测到3个y值>26的点
[INFO] [1742570277.789863715] [lms_mapper]: 高y值点: 世界(0.36,28.55) -> 栅格(18,300)
[INFO] [1742570277.791064799] [lms_mapper]: 高y值点: 世界(-1.12,28.56) -> 栅格(3,300)
[INFO] [1742570277.801665424] [lms_mapper]: 高y值点: 世界(-1.37,28.54) -> 栅格(1,300)
[INFO] [1742570278.061692757] [lms_mapper]: 检测到5个y值>26的点
[INFO] [1742570278.062053216] [lms_mapper]: 高y值点: 世界(0.61,28.39) -> 栅格(21,298)
[INFO] [1742570278.062297132] [lms_mapper]: 高y值点: 世界(0.36,28.41) -> 栅格(18,299)
[INFO] [1742570278.062513507] [lms_mapper]: 高y值点: 世界(-0.87,28.44) -> 栅格(6,299)
[INFO] [1742570278.062724382] [lms_mapper]: 高y值点: 世界(-1.12,28.39) -> 栅格(3,298)
[INFO] [1742570278.062933382] [lms_mapper]: 高y值点: 世界(-1.36,28.36) -> 栅格(1,298)
[INFO] [1742570278.318741216] [lms_mapper]: 检测到4个y值>26的点
[INFO] [1742570278.326160507] [lms_mapper]: 高y值点: 世界(0.58,28.23) -> 栅格(20,297)
[INFO] [1742570278.334540341] [lms_mapper]: 高y值点: 世界(0.34,28.24) -> 栅格(18,297)
[INFO] [1742570278.338338216] [lms_mapper]: 高y值点: 世界(-0.89,28.20) -> 栅格(6,297)
[INFO] [1742570278.347527841] [lms_mapper]: 高y值点: 世界(-1.13,28.19) -> 栅格(3,296)
[INFO] [1742570278.456577132] [lms_mapper]: 检测到4个y值>26的点
[INFO] [1742570278.457083674] [lms_mapper]: 高y值点: 世界(0.58,28.15) -> 栅格(20,296)
[INFO] [1742570278.458045216] [lms_mapper]: 高y值点: 世界(0.33,28.22) -> 栅格(18,297)
[INFO] [1742570278.459087674] [lms_mapper]: 高y值点: 世界(-0.88,28.16) -> 栅格(6,296)
[INFO] [1742570278.475755674] [lms_mapper]: 高y值点: 世界(-1.13,28.16) -> 栅格(3,296)
[INFO] [1742570278.617126216] [lms_mapper]: 检测到4个y值>26的点
[INFO] [1742570278.617439924] [lms_mapper]: 高y值点: 世界(0.81,28.06) -> 栅格(23,295)
[INFO] [1742570278.617662008] [lms_mapper]: 高y值点: 世界(0.57,28.08) -> 栅格(20,295)
[INFO] [1742570278.617877299] [lms_mapper]: 高y值点: 世界(0.32,28.14) -> 栅格(18,296)
[INFO] [1742570278.618083883] [lms_mapper]: 高y值点: 世界(-0.89,28.06) -> 栅格(6,295)
[INFO] [1742570278.725724174] [lms_mapper]: 检测到2个y值>26的点
[INFO] [1742570278.737652966] [lms_mapper]: 高y值点: 世界(0.79,27.97) -> 栅格(22,294)
[INFO] [1742570278.738019924] [lms_mapper]: 高y值点: 世界(-0.90,28.01) -> 栅格(5,295)
[INFO] [1742570278.909550091] [lms_mapper]: 检测到2个y值>26的点
[INFO] [1742570278.910326341] [lms_mapper]: 高y值点: 世界(0.78,27.86) -> 栅格(22,293)
[INFO] [1742570278.914371924] [lms_mapper]: 高y值点: 世界(-0.91,27.88) -> 栅格(5,293)
[INFO] [1742570279.027350841] [lms_mapper]: 检测到3个y值>26的点
[INFO] [1742570279.027835466] [lms_mapper]: 高y值点: 世界(0.76,27.82) -> 栅格(22,293)
[INFO] [1742570279.028066633] [lms_mapper]: 高y值点: 世界(0.52,27.88) -> 栅格(20,293)
[INFO] [1742570279.028301174] [lms_mapper]: 高y值点: 世界(-0.92,27.80) -> 栅格(5,293)
[INFO] [1742570279.194448216] [lms_mapper]: 检测到4个y值>26的点
[INFO] [1742570279.194764841] [lms_mapper]: 高y值点: 世界(0.99,27.71) -> 栅格(24,292)
[INFO] [1742570279.194986674] [lms_mapper]: 高y值点: 世界(0.75,27.72) -> 栅格(22,292)
[INFO] [1742570279.195223049] [lms_mapper]: 高y值点: 世界(-0.68,27.67) -> 栅格(8,291)
[INFO] [1742570279.195431841] [lms_mapper]: 高y值点: 世界(-0.92,27.59) -> 栅格(5,290)
[INFO] [1742570279.295344216] [lms_mapper]: 检测到5个y值>26的点
[INFO] [1742570279.295655758] [lms_mapper]: 高y值点: 世界(0.97,27.62) -> 栅格(24,291)
[INFO] [1742570279.295877800] [lms_mapper]: 高y值点: 世界(0.74,27.69) -> 栅格(22,291)
[INFO] [1742570279.296117800] [lms_mapper]: 高y值点: 世界(0.50,27.75) -> 栅格(19,292)
[INFO] [1742570279.296329091] [lms_mapper]: 高y值点: 世界(-0.70,27.62) -> 栅格(8,291)
[INFO] [1742570279.296535716] [lms_mapper]: 高y值点: 世界(-0.93,27.62) -> 栅格(5,291)
[INFO] [1742570279.491162675] [lms_mapper]: 检测到3个y值>26的点
[INFO] [1742570279.492410508] [lms_mapper]: 高y值点: 世界(0.96,27.55) -> 栅格(24,290)
[INFO] [1742570279.520389175] [lms_mapper]: 高y值点: 世界(0.73,27.64) -> 栅格(22,291)
[INFO] [1742570279.520824508] [lms_mapper]: 高y值点: 世界(-0.70,27.47) -> 栅格(7,289)
[INFO] [1742570279.595141716] [lms_mapper]: 检测到机器人可能已到达终点，静止时间: 2.10秒，总行驶距离: 0.34米
[INFO] [1742570280.700392550] [lms_mapper]: 接收到激光数据: frame_id=laser, 点数=361
[INFO] [1742570280.700676717] [lms_mapper]: 【激光雷达坐标】x=0.0013, y=0.4473, theta=-0.0004
⏳ 正在播放rosbag - 已等待 240/3600 秒...
当前活跃话题:
[INFO] [1742570287.766028804] [lms_mapper]: 接收到激光数据: frame_id=laser, 点数=361
[INFO] [1742570287.766375554] [lms_mapper]: 【激光雷达坐标】x=0.0026, y=1.0491, theta=-0.0007
[INFO] [1742570287.766599095] [lms_mapper]: 机器人在终点静止阶段，跳过激光数据处理
[INFO] [1742570287.767260095] [lms_mapper]: 机器人静止中: 10.3秒, 位置: (0.00, 1.06)
[INFO] [1742570287.767490220] [lms_mapper]: 已接收轨迹点: 2400
[INFO] [1742570287.778009095] [lms_mapper]: 已接收轨迹点: 2400
[INFO] [1742570287.806976470] [lms_mapper]: 已接收轨迹点: 2400
[INFO] [1742570287.829050387] [lms_mapper]: 已接收轨迹点: 2400
[INFO] [1742570287.858018595] [lms_mapper]: 已接收轨迹点: 2400
[INFO] [1742570287.879943095] [lms_mapper]: 已接收轨迹点: 2400
[INFO] [1742570287.883680512] [lms_mapper]: 已接收轨迹点: 2400
[INFO] [1742570287.884737262] [lms_mapper]: 已接收轨迹点: 2400
/clock
/events/read_split
/map
/odom
/parameter_events
/rosout
/scan
/tf
[INFO] [1742570290.551261013] [lms_mapper]: 【进度报告】运行时间: 365.2秒, 处理扫描: 2415帧, 轨迹点: 2415个, 障碍物格子: 377个, 轨迹已更新
[INFO] [1742570290.568901013] [lms_mapper]: 共绘制障碍物点 377个
[INFO] [1742570290.570848263] [lms_mapper]: 障碍物世界坐标范围: X=-1.50到1.40, Y=0.10到8.40
[INFO] [1742570290.583180097] [lms_mapper]: 中间地图 #1: 绘制轨迹 2415个点, 障碍物 377个
⏳ 正在播放rosbag - 已等待 255/3600 秒...
当前活跃话题:
/clock
/events/read_split
/map
/odom
/parameter_events
/rosout
/scan
/tf
⏳ 正在播放rosbag - 已等待 270/3600 秒...
当前活跃话题:
/clock
/events/read_split
/map
/odom
/parameter_events
/rosout
/scan
/tf
[INFO] [1742570333.011111046] [lms_mapper]: 地图显示边界: X=-20.9到50.0, Y=-20.0到55.0
/IntelligentMobileRobots2025/work3/src/lms_mapper/lms_mapper/lms_mapper_node.py:1730: UserWarning: Glyph 20013 (\N{CJK UNIFIED IDEOGRAPH-4E2D}) missing from current font.
  plt.savefig(checkpoint_path, dpi=150)
/IntelligentMobileRobots2025/work3/src/lms_mapper/lms_mapper/lms_mapper_node.py:1730: UserWarning: Glyph 38388 (\N{CJK UNIFIED IDEOGRAPH-95F4}) missing from current font.
  plt.savefig(checkpoint_path, dpi=150)
/IntelligentMobileRobots2025/work3/src/lms_mapper/lms_mapper/lms_mapper_node.py:1730: UserWarning: Glyph 22320 (\N{CJK UNIFIED IDEOGRAPH-5730}) missing from current font.
  plt.savefig(checkpoint_path, dpi=150)
/IntelligentMobileRobots2025/work3/src/lms_mapper/lms_mapper/lms_mapper_node.py:1730: UserWarning: Glyph 22270 (\N{CJK UNIFIED IDEOGRAPH-56FE}) missing from current font.
  plt.savefig(checkpoint_path, dpi=150)
/IntelligentMobileRobots2025/work3/src/lms_mapper/lms_mapper/lms_mapper_node.py:1730: UserWarning: Glyph 32467 (\N{CJK UNIFIED IDEOGRAPH-7ED3}) missing from current font.
  plt.savefig(checkpoint_path, dpi=150)
/IntelligentMobileRobots2025/work3/src/lms_mapper/lms_mapper/lms_mapper_node.py:1730: UserWarning: Glyph 26524 (\N{CJK UNIFIED IDEOGRAPH-679C}) missing from current font.
  plt.savefig(checkpoint_path, dpi=150)
/IntelligentMobileRobots2025/work3/src/lms_mapper/lms_mapper/lms_mapper_node.py:1730: UserWarning: Glyph 26816 (\N{CJK UNIFIED IDEOGRAPH-68C0}) missing from current font.
  plt.savefig(checkpoint_path, dpi=150)
/IntelligentMobileRobots2025/work3/src/lms_mapper/lms_mapper/lms_mapper_node.py:1730: UserWarning: Glyph 26597 (\N{CJK UNIFIED IDEOGRAPH-67E5}) missing from current font.
  plt.savefig(checkpoint_path, dpi=150)
/IntelligentMobileRobots2025/work3/src/lms_mapper/lms_mapper/lms_mapper_node.py:1730: UserWarning: Glyph 28857 (\N{CJK UNIFIED IDEOGRAPH-70B9}) missing from current font.
  plt.savefig(checkpoint_path, dpi=150)
/IntelligentMobileRobots2025/work3/src/lms_mapper/lms_mapper/lms_mapper_node.py:1730: UserWarning: Glyph 26102 (\N{CJK UNIFIED IDEOGRAPH-65F6}) missing from current font.
  plt.savefig(checkpoint_path, dpi=150)
/IntelligentMobileRobots2025/work3/src/lms_mapper/lms_mapper/lms_mapper_node.py:1730: UserWarning: Glyph 31186 (\N{CJK UNIFIED IDEOGRAPH-79D2}) missing from current font.
  plt.savefig(checkpoint_path, dpi=150)
/IntelligentMobileRobots2025/work3/src/lms_mapper/lms_mapper/lms_mapper_node.py:1730: UserWarning: Glyph 36712 (\N{CJK UNIFIED IDEOGRAPH-8F68}) missing from current font.
  plt.savefig(checkpoint_path, dpi=150)
/IntelligentMobileRobots2025/work3/src/lms_mapper/lms_mapper/lms_mapper_node.py:1730: UserWarning: Glyph 36857 (\N{CJK UNIFIED IDEOGRAPH-8FF9}) missing from current font.
  plt.savefig(checkpoint_path, dpi=150)
/IntelligentMobileRobots2025/work3/src/lms_mapper/lms_mapper/lms_mapper_node.py:1730: UserWarning: Glyph 25968 (\N{CJK UNIFIED IDEOGRAPH-6570}) missing from current font.
  plt.savefig(checkpoint_path, dpi=150)
/IntelligentMobileRobots2025/work3/src/lms_mapper/lms_mapper/lms_mapper_node.py:1730: UserWarning: Glyph 20010 (\N{CJK UNIFIED IDEOGRAPH-4E2A}) missing from current font.
  plt.savefig(checkpoint_path, dpi=150)
/IntelligentMobileRobots2025/work3/src/lms_mapper/lms_mapper/lms_mapper_node.py:1730: UserWarning: Glyph 22352 (\N{CJK UNIFIED IDEOGRAPH-5750}) missing from current font.
  plt.savefig(checkpoint_path, dpi=150)
/IntelligentMobileRobots2025/work3/src/lms_mapper/lms_mapper/lms_mapper_node.py:1730: UserWarning: Glyph 26631 (\N{CJK UNIFIED IDEOGRAPH-6807}) missing from current font.
  plt.savefig(checkpoint_path, dpi=150)
/IntelligentMobileRobots2025/work3/src/lms_mapper/lms_mapper/lms_mapper_node.py:1730: UserWarning: Glyph 31859 (\N{CJK UNIFIED IDEOGRAPH-7C73}) missing from current font.
  plt.savefig(checkpoint_path, dpi=150)
/IntelligentMobileRobots2025/work3/src/lms_mapper/lms_mapper/lms_mapper_node.py:1730: UserWarning: Glyph 26426 (\N{CJK UNIFIED IDEOGRAPH-673A}) missing from current font.
  plt.savefig(checkpoint_path, dpi=150)
/IntelligentMobileRobots2025/work3/src/lms_mapper/lms_mapper/lms_mapper_node.py:1730: UserWarning: Glyph 22120 (\N{CJK UNIFIED IDEOGRAPH-5668}) missing from current font.
  plt.savefig(checkpoint_path, dpi=150)
/IntelligentMobileRobots2025/work3/src/lms_mapper/lms_mapper/lms_mapper_node.py:1730: UserWarning: Glyph 20154 (\N{CJK UNIFIED IDEOGRAPH-4EBA}) missing from current font.
  plt.savefig(checkpoint_path, dpi=150)
/IntelligentMobileRobots2025/work3/src/lms_mapper/lms_mapper/lms_mapper_node.py:1730: UserWarning: Glyph 36215 (\N{CJK UNIFIED IDEOGRAPH-8D77}) missing from current font.
  plt.savefig(checkpoint_path, dpi=150)
/IntelligentMobileRobots2025/work3/src/lms_mapper/lms_mapper/lms_mapper_node.py:1730: UserWarning: Glyph 32456 (\N{CJK UNIFIED IDEOGRAPH-7EC8}) missing from current font.
  plt.savefig(checkpoint_path, dpi=150)
[INFO] [1742570335.634893964] [lms_mapper]: 已保存中间地图 #1 到: map_checkpoint_1.png
[INFO] [1742570339.469878383] [lms_mapper]: 接收到激光数据: frame_id=laser, 点数=361
[INFO] [1742570339.488857008] [lms_mapper]: 【激光雷达坐标】x=-0.2044, y=5.9422, theta=0.0936
[INFO] [1742570339.508405216] [lms_mapper]: 机器人在终点静止阶段，跳过激光数据处理
[INFO] [1742570340.537383925] [lms_mapper]: 【进度报告】运行时间: 415.2秒, 处理扫描: 2453帧, 轨迹点: 2453个, 障碍物格子: 377个, 轨迹已更新
[INFO] [1742570340.618275800] [lms_mapper]: 共绘制障碍物点 377个
[INFO] [1742570340.624292425] [lms_mapper]: 障碍物世界坐标范围: X=-1.50到1.40, Y=0.10到8.40
[INFO] [1742570340.645055550] [lms_mapper]: 中间地图 #2: 绘制轨迹 2453个点, 障碍物 377个
[INFO] [1742570344.890415594] [lms_mapper]: 地图显示边界: X=-20.9到50.0, Y=-20.0到55.0
[INFO] [1742570348.007869387] [lms_mapper]: 已保存中间地图 #2 到: map_checkpoint_2.png
⏳ 正在播放rosbag - 已等待 285/3600 秒...
当前活跃话题:
[INFO] [1742570353.132949708] [lms_mapper]: 接收到激光数据: frame_id=laser, 点数=361
[INFO] [1742570353.137298833] [lms_mapper]: 【激光雷达坐标】x=-0.3476, y=7.2892, theta=0.0785
[INFO] [1742570353.141412458] [lms_mapper]: 机器人在终点静止阶段，跳过激光数据处理
[INFO] [1742570353.151427750] [lms_mapper]: 已接收轨迹点: 2500
[INFO] [1742570353.153164042] [lms_mapper]: 已接收轨迹点: 2500
[INFO] [1742570353.185262583] [lms_mapper]: 已接收轨迹点: 2500
[INFO] [1742570353.198546208] [lms_mapper]: 已接收轨迹点: 2500
[INFO] [1742570353.222152208] [lms_mapper]: 已接收轨迹点: 2500
[INFO] [1742570353.247143000] [lms_mapper]: 已接收轨迹点: 2500
[INFO] [1742570353.247587417] [lms_mapper]: 已接收轨迹点: 2500
/clock
/events/read_split
/map
/odom
/parameter_events
/rosout
/scan
/tf
[INFO] [1742570360.714449712] [lms_mapper]: 接收到激光数据: frame_id=laser, 点数=361
[INFO] [1742570360.770255670] [lms_mapper]: 【激光雷达坐标】x=-0.4299, y=8.0125, theta=0.0725
[INFO] [1742570367.208404632] [lms_mapper]: 接收到激光数据: frame_id=laser, 点数=361
[INFO] [1742570367.208765048] [lms_mapper]: 【激光雷达坐标】x=-0.4604, y=8.7095, theta=0.0470
[INFO] [1742570367.209022132] [lms_mapper]: 机器人在终点静止阶段，跳过激光数据处理
[INFO] [1742570367.209607465] [lms_mapper]: 已接收轨迹点: 2600
[INFO] [1742570367.223263007] [lms_mapper]: 已接收轨迹点: 2600
[INFO] [1742570367.258164299] [lms_mapper]: 已接收轨迹点: 2600
[INFO] [1742570367.274402674] [lms_mapper]: 已接收轨迹点: 2600
[INFO] [1742570367.305130090] [lms_mapper]: 已接收轨迹点: 2600
[INFO] [1742570367.305758340] [lms_mapper]: 已接收轨迹点: 2600
⏳ 正在播放rosbag - 已等待 300/3600 秒...
当前活跃话题:
[INFO] [1742570374.253470177] [lms_mapper]: 接收到激光数据: frame_id=laser, 点数=361
[INFO] [1742570374.253790344] [lms_mapper]: 【激光雷达坐标】x=-0.4739, y=9.4193, theta=0.0093
[INFO] [1742570374.254001385] [lms_mapper]: 机器人在终点静止阶段，跳过激光数据处理
/clock
/events/read_split
/map
/odom
/parameter_events
/rosout
/scan
/tf
[INFO] [1742570381.264496514] [lms_mapper]: 接收到激光数据: frame_id=laser, 点数=361
[INFO] [1742570381.264909514] [lms_mapper]: 【激光雷达坐标】x=-0.4811, y=10.1342, theta=0.0078
[INFO] [1742570381.265173097] [lms_mapper]: 机器人在终点静止阶段，跳过激光数据处理
[INFO] [1742570381.265752430] [lms_mapper]: 已接收轨迹点: 2700
[INFO] [1742570381.295090180] [lms_mapper]: 已接收轨迹点: 2700
[INFO] [1742570381.295785805] [lms_mapper]: 已接收轨迹点: 2700
[INFO] [1742570381.322226639] [lms_mapper]: 已接收轨迹点: 2700
[INFO] [1742570381.342434264] [lms_mapper]: 已接收轨迹点: 2700
[INFO] [1742570381.381850180] [lms_mapper]: 已接收轨迹点: 2700
[INFO] [1742570381.398998180] [lms_mapper]: 已接收轨迹点: 2700
[INFO] [1742570381.426694639] [lms_mapper]: 已接收轨迹点: 2700
[INFO] [1742570381.453278930] [lms_mapper]: 已接收轨迹点: 2700
[INFO] [1742570381.453775930] [lms_mapper]: 已接收轨迹点: 2700
[INFO] [1742570388.329799794] [lms_mapper]: 接收到激光数据: frame_id=laser, 点数=361
[INFO] [1742570388.330136461] [lms_mapper]: 【激光雷达坐标】x=-0.4935, y=10.8229, theta=0.0011
[INFO] [1742570388.330345169] [lms_mapper]: 机器人在终点静止阶段，跳过激光数据处理
[INFO] [1742570390.685647420] [lms_mapper]: 【进度报告】运行时间: 465.3秒, 处理扫描: 2761帧, 轨迹点: 2761个, 障碍物格子: 377个, 轨迹已更新
[INFO] [1742570390.687420004] [lms_mapper]: 共绘制障碍物点 377个
[INFO] [1742570390.709890379] [lms_mapper]: 障碍物世界坐标范围: X=-1.50到1.40, Y=0.10到8.40
[INFO] [1742570390.714297837] [lms_mapper]: 中间地图 #3: 绘制轨迹 2761个点, 障碍物 377个
⏳ 正在播放rosbag - 已等待 315/3600 秒...
当前活跃话题:
[INFO] [1742570393.310274463] [lms_mapper]: 地图显示边界: X=-20.9到50.0, Y=-20.0到55.0
[INFO] [1742570395.792081214] [lms_mapper]: 已保存中间地图 #3 到: map_checkpoint_3.png
/clock
/events/read_split
/map
/odom
/parameter_events
/rosout
/scan
/tf
[INFO] [1742570399.854672925] [lms_mapper]: 接收到激光数据: frame_id=laser, 点数=361
[INFO] [1742570399.855049091] [lms_mapper]: 【激光雷达坐标】x=-0.4916, y=11.9198, theta=-0.0077
[INFO] [1742570399.855279466] [lms_mapper]: 机器人在终点静止阶段，跳过激光数据处理
[INFO] [1742570399.855821883] [lms_mapper]: 已接收轨迹点: 2800
[INFO] [1742570399.874535258] [lms_mapper]: 已接收轨迹点: 2800
[INFO] [1742570400.550911633] [lms_mapper]: 已接收轨迹点: 2800
[INFO] [1742570400.587622133] [lms_mapper]: 已接收轨迹点: 2800
[INFO] [1742570400.591353008] [lms_mapper]: 已接收轨迹点: 2800
[INFO] [1742570406.907538970] [lms_mapper]: 接收到激光数据: frame_id=laser, 点数=361
[INFO] [1742570406.907838053] [lms_mapper]: 【激光雷达坐标】x=-0.4915, y=12.6035, theta=-0.0146
[INFO] [1742570406.908056595] [lms_mapper]: 机器人在终点静止阶段，跳过激光数据处理
[INFO] [1742570413.980907417] [lms_mapper]: 接收到激光数据: frame_id=laser, 点数=361
[INFO] [1742570413.987930959] [lms_mapper]: 【激光雷达坐标】x=-0.4820, y=13.3104, theta=-0.0161
[INFO] [1742570413.988164751] [lms_mapper]: 机器人在终点静止阶段，跳过激光数据处理
[INFO] [1742570413.989352251] [lms_mapper]: 已接收轨迹点: 2900
[INFO] [1742570413.990128001] [lms_mapper]: 已接收轨迹点: 2900
⏳ 正在播放rosbag - 已等待 330/3600 秒...
当前活跃话题:
[INFO] [1742570414.009631292] [lms_mapper]: 已接收轨迹点: 2900
[INFO] [1742570414.035361584] [lms_mapper]: 已接收轨迹点: 2900
[INFO] [1742570414.054290334] [lms_mapper]: 已接收轨迹点: 2900
[INFO] [1742570414.086513584] [lms_mapper]: 已接收轨迹点: 2900
[INFO] [1742570414.087006251] [lms_mapper]: 已接收轨迹点: 2900
/clock
/events/read_split
/map
/odom
/parameter_events
/rosout
/scan
/tf
[INFO] [1742570421.147912337] [lms_mapper]: 接收到激光数据: frame_id=laser, 点数=361
[INFO] [1742570421.148834129] [lms_mapper]: 【激光雷达坐标】x=-0.4900, y=14.1709, theta=-0.0242
[INFO] [1742570428.047480549] [lms_mapper]: 接收到激光数据: frame_id=laser, 点数=361
[INFO] [1742570428.048185799] [lms_mapper]: 【激光雷达坐标】x=-0.4727, y=15.1224, theta=-0.0224
[INFO] [1742570428.048471841] [lms_mapper]: 机器人在终点静止阶段，跳过激光数据处理
[INFO] [1742570428.049081424] [lms_mapper]: 已接收轨迹点: 3000
[INFO] [1742570428.061168966] [lms_mapper]: 已接收轨迹点: 3000
[INFO] [1742570428.082401632] [lms_mapper]: 已接收轨迹点: 3000
[INFO] [1742570428.107155549] [lms_mapper]: 已接收轨迹点: 3000
[INFO] [1742570428.129992257] [lms_mapper]: 已接收轨迹点: 3000
[INFO] [1742570428.169255132] [lms_mapper]: 已接收轨迹点: 3000
[INFO] [1742570428.230930674] [lms_mapper]: 已接收轨迹点: 3000
[INFO] [1742570428.231709257] [lms_mapper]: 已接收轨迹点: 3000
[INFO] [1742570428.232122924] [lms_mapper]: 已接收轨迹点: 3000
[INFO] [1742570435.114744261] [lms_mapper]: 接收到激光数据: frame_id=laser, 点数=361
[INFO] [1742570435.115456261] [lms_mapper]: 【激光雷达坐标】x=-0.5099, y=16.1340, theta=0.0356
[INFO] [1742570435.115707844] [lms_mapper]: 机器人在终点静止阶段，跳过激光数据处理
⏳ 正在播放rosbag - 已等待 345/3600 秒...
当前活跃话题:
/clock
/events/read_split
/map
/odom
/parameter_events
/rosout
/scan
/tf
[INFO] [1742570440.110350930] [lms_mapper]: 【进度报告】运行时间: 514.8秒, 处理扫描: 3083帧, 轨迹点: 3083个, 障碍物格子: 377个, 轨迹已更新
[INFO] [1742570440.113927596] [lms_mapper]: 共绘制障碍物点 377个
[INFO] [1742570440.116269638] [lms_mapper]: 障碍物世界坐标范围: X=-1.50到1.40, Y=0.10到8.40
[INFO] [1742570440.118904513] [lms_mapper]: 中间地图 #4: 绘制轨迹 3083个点, 障碍物 377个
[INFO] [1742570446.102771418] [lms_mapper]: 地图显示边界: X=-20.9到50.0, Y=-20.0到55.0
[INFO] [1742570448.274552086] [lms_mapper]: 已保存中间地图 #4 到: map_checkpoint_4.png
[INFO] [1742570449.157346086] [lms_mapper]: 接收到激光数据: frame_id=laser, 点数=361
[INFO] [1742570449.157647253] [lms_mapper]: 【激光雷达坐标】x=-0.7189, y=18.2616, theta=0.1231
[INFO] [1742570449.157851753] [lms_mapper]: 机器人在终点静止阶段，跳过激光数据处理
[INFO] [1742570449.158373253] [lms_mapper]: 已接收轨迹点: 3100
[INFO] [1742570449.193776378] [lms_mapper]: 已接收轨迹点: 3100
[INFO] [1742570449.209259128] [lms_mapper]: 已接收轨迹点: 3100
[INFO] [1742570449.248763878] [lms_mapper]: 已接收轨迹点: 3100
[INFO] [1742570449.263942003] [lms_mapper]: 已接收轨迹点: 3100
[INFO] [1742570449.295082253] [lms_mapper]: 已接收轨迹点: 3100
[INFO] [1742570449.320344586] [lms_mapper]: 已接收轨迹点: 3100
[INFO] [1742570449.341521503] [lms_mapper]: 已接收轨迹点: 3100
[INFO] [1742570449.342004003] [lms_mapper]: 已接收轨迹点: 3100
⏳ 正在播放rosbag - 已等待 360/3600 秒...
当前活跃话题:
[INFO] [1742570456.220053465] [lms_mapper]: 接收到激光数据: frame_id=laser, 点数=361
[INFO] [1742570456.220387840] [lms_mapper]: 【激光雷达坐标】x=-0.8543, y=19.3531, theta=0.1068
[INFO] [1742570456.220591923] [lms_mapper]: 机器人在终点静止阶段，跳过激光数据处理
/clock
/events/read_split
/map
/odom
/parameter_events
/rosout
/scan
/tf
[INFO] [1742570463.269694635] [lms_mapper]: 接收到激光数据: frame_id=laser, 点数=361
[INFO] [1742570463.270569885] [lms_mapper]: 【激光雷达坐标】x=-0.9532, y=20.2949, theta=0.0950
[INFO] [1742570463.270962343] [lms_mapper]: 机器人在终点静止阶段，跳过激光数据处理
[INFO] [1742570463.271961510] [lms_mapper]: 已接收轨迹点: 3200
[INFO] [1742570463.294055760] [lms_mapper]: 已接收轨迹点: 3200
[INFO] [1742570463.313504301] [lms_mapper]: 已接收轨迹点: 3200
[INFO] [1742570463.334183010] [lms_mapper]: 已接收轨迹点: 3200
[INFO] [1742570463.364109176] [lms_mapper]: 已接收轨迹点: 3200
[INFO] [1742570463.389094385] [lms_mapper]: 已接收轨迹点: 3200
[INFO] [1742570463.389564051] [lms_mapper]: 已接收轨迹点: 3200
[INFO] [1742570470.559165013] [lms_mapper]: 接收到激光数据: frame_id=laser, 点数=361
[INFO] [1742570470.576650722] [lms_mapper]: 【激光雷达坐标】x=-1.0280, y=21.0938, theta=0.0554
⏳ 正在播放rosbag - 已等待 375/3600 秒...
当前活跃话题:
[INFO] [1742570477.334261085] [lms_mapper]: 接收到激光数据: frame_id=laser, 点数=361
[INFO] [1742570477.334579752] [lms_mapper]: 【激光雷达坐标】x=-1.0586, y=22.0347, theta=0.0140
[INFO] [1742570477.334797502] [lms_mapper]: 机器人在终点静止阶段，跳过激光数据处理
[INFO] [1742570477.339812669] [lms_mapper]: 已接收轨迹点: 3300
[INFO] [1742570477.359031710] [lms_mapper]: 已接收轨迹点: 3300
[INFO] [1742570477.377658335] [lms_mapper]: 已接收轨迹点: 3300
[INFO] [1742570477.390489252] [lms_mapper]: 已接收轨迹点: 3300
[INFO] [1742570477.423866169] [lms_mapper]: 已接收轨迹点: 3300
[INFO] [1742570477.448660002] [lms_mapper]: 已接收轨迹点: 3300
[INFO] [1742570477.472625627] [lms_mapper]: 已接收轨迹点: 3300
[INFO] [1742570477.520532711] [lms_mapper]: 已接收轨迹点: 3300
[INFO] [1742570477.520982919] [lms_mapper]: 已接收轨迹点: 3300
/clock
/events/read_split
/map
/odom
/parameter_events
/rosout
/scan
/tf
[INFO] [1742570484.395631714] [lms_mapper]: 接收到激光数据: frame_id=laser, 点数=361
[INFO] [1742570484.396121255] [lms_mapper]: 【激光雷达坐标】x=-1.0843, y=23.0398, theta=0.0073
[INFO] [1742570484.396387922] [lms_mapper]: 机器人在终点静止阶段，跳过激光数据处理
[INFO] [1742570489.875770008] [lms_mapper]: 【进度报告】运行时间: 564.6秒, 处理扫描: 3389帧, 轨迹点: 3389个, 障碍物格子: 377个, 轨迹已更新
[INFO] [1742570489.934590591] [lms_mapper]: 共绘制障碍物点 377个
[INFO] [1742570489.957093300] [lms_mapper]: 障碍物世界坐标范围: X=-1.50到1.40, Y=0.10到8.40
[INFO] [1742570489.958075841] [lms_mapper]: 中间地图 #5: 绘制轨迹 3389个点, 障碍物 377个
[INFO] [1742570491.284481092] [lms_mapper]: 地图显示边界: X=-20.9到50.0, Y=-20.0到55.0
[INFO] [1742570493.847402718] [lms_mapper]: 已保存中间地图 #5 到: map_checkpoint_5.png
[INFO] [1742570494.674273302] [lms_mapper]: 接收到激光数据: frame_id=laser, 点数=361
[INFO] [1742570494.674588844] [lms_mapper]: 【激光雷达坐标】x=-1.0929, y=24.5571, theta=0.0036
[INFO] [1742570494.675150094] [lms_mapper]: 已接收轨迹点: 3400
[INFO] [1742570494.675710719] [lms_mapper]: 已接收轨迹点: 3400
⏳ 正在播放rosbag - 已等待 390/3600 秒...
当前活跃话题:
/clock
/events/read_split
/map
/odom
/parameter_events
/rosout
/scan
/tf
[INFO] [1742570501.569882347] [lms_mapper]: 接收到激光数据: frame_id=laser, 点数=361
[INFO] [1742570501.596251805] [lms_mapper]: 【激光雷达坐标】x=-1.0968, y=25.6590, theta=0.0008
[INFO] [1742570501.596564305] [lms_mapper]: 机器人在终点静止阶段，跳过激光数据处理
[INFO] [1742570508.656303961] [lms_mapper]: 接收到激光数据: frame_id=laser, 点数=361
[INFO] [1742570508.656718128] [lms_mapper]: 【激光雷达坐标】x=-1.0982, y=26.7415, theta=-0.0059
[INFO] [1742570508.656953169] [lms_mapper]: 机器人在终点静止阶段，跳过激光数据处理
[INFO] [1742570508.657702378] [lms_mapper]: 已接收轨迹点: 3500
[INFO] [1742570508.658298586] [lms_mapper]: 已接收轨迹点: 3500
[INFO] [1742570508.696095544] [lms_mapper]: 已接收轨迹点: 3500
[INFO] [1742570508.715701544] [lms_mapper]: 已接收轨迹点: 3500
[INFO] [1742570508.733096253] [lms_mapper]: 已接收轨迹点: 3500
[INFO] [1742570508.754442669] [lms_mapper]: 已接收轨迹点: 3500
[INFO] [1742570508.780680919] [lms_mapper]: 已接收轨迹点: 3500
[INFO] [1742570508.795973628] [lms_mapper]: 已接收轨迹点: 3500
[INFO] [1742570508.796492044] [lms_mapper]: 已接收轨迹点: 3500
[INFO] [1742570515.682016423] [lms_mapper]: 接收到激光数据: frame_id=laser, 点数=361
[INFO] [1742570515.688460048] [lms_mapper]: 【激光雷达坐标】x=-1.1000, y=27.9062, theta=-0.0095
[INFO] [1742570515.688790923] [lms_mapper]: 机器人在终点静止阶段，跳过激光数据处理
⏳ 正在播放rosbag - 已等待 405/3600 秒...
当前活跃话题:
[INFO] [1742570522.751189009] [lms_mapper]: 接收到激光数据: frame_id=laser, 点数=361
[INFO] [1742570522.751564718] [lms_mapper]: 【激光雷达坐标】x=-1.1196, y=29.0611, theta=-0.0219
[INFO] [1742570522.751773009] [lms_mapper]: 机器人在终点静止阶段，跳过激光数据处理
[INFO] [1742570522.752467176] [lms_mapper]: 已接收轨迹点: 3600
[INFO] [1742570522.753040384] [lms_mapper]: 已接收轨迹点: 3600
[INFO] [1742570522.782568343] [lms_mapper]: 已接收轨迹点: 3600
[INFO] [1742570522.794755801] [lms_mapper]: 已接收轨迹点: 3600
[INFO] [1742570522.816521051] [lms_mapper]: 已接收轨迹点: 3600
[INFO] [1742570522.843104843] [lms_mapper]: 已接收轨迹点: 3600
/clock
/events/read_split
/map
/odom
/parameter_events
/rosout
/scan
/tf
[INFO] [1742570529.722104638] [lms_mapper]: 接收到激光数据: frame_id=laser, 点数=361
[INFO] [1742570529.722475179] [lms_mapper]: 【激光雷达坐标】x=-1.1023, y=30.2364, theta=-0.0309
[INFO] [1742570529.722704179] [lms_mapper]: 机器人在终点静止阶段，跳过激光数据处理
[INFO] [1742570536.809426793] [lms_mapper]: 接收到激光数据: frame_id=laser, 点数=361
[INFO] [1742570536.809828710] [lms_mapper]: 【激光雷达坐标】x=-1.0727, y=31.2717, theta=-0.0381
[INFO] [1742570536.810052752] [lms_mapper]: 机器人在终点静止阶段，跳过激光数据处理
[INFO] [1742570536.814696460] [lms_mapper]: 已接收轨迹点: 3700
[INFO] [1742570536.893666419] [lms_mapper]: 已接收轨迹点: 3700
[INFO] [1742570536.894931544] [lms_mapper]: 已接收轨迹点: 3700
[INFO] [1742570536.926392210] [lms_mapper]: 已接收轨迹点: 3700
[INFO] [1742570536.937404585] [lms_mapper]: 已接收轨迹点: 3700
[INFO] [1742570536.961878460] [lms_mapper]: 已接收轨迹点: 3700
[INFO] [1742570536.962483169] [lms_mapper]: 已接收轨迹点: 3700
⏳ 正在播放rosbag - 已等待 420/3600 秒...
当前活跃话题:
[INFO] [1742570541.838540546] [lms_mapper]: 【进度报告】运行时间: 616.4秒, 处理扫描: 3721帧, 轨迹点: 3721个, 障碍物格子: 377个, 轨迹已更新
[INFO] [1742570541.953980796] [lms_mapper]: 共绘制障碍物点 377个
[INFO] [1742570541.987083213] [lms_mapper]: 障碍物世界坐标范围: X=-1.50到1.40, Y=0.10到8.40
[INFO] [1742570542.076792671] [lms_mapper]: 中间地图 #6: 绘制轨迹 3721个点, 障碍物 377个
[INFO] [1742570544.977705172] [lms_mapper]: 地图显示边界: X=-20.9到50.0, Y=-20.0到55.0
[INFO] [1742570548.133179507] [lms_mapper]: 已保存中间地图 #6 到: map_checkpoint_6.png
/clock
/events/read_split
/map
/odom
/parameter_events
/rosout
/scan
/tf
[INFO] [1742570551.152542634] [lms_mapper]: 接收到激光数据: frame_id=laser, 点数=361
[INFO] [1742570551.153647967] [lms_mapper]: 【激光雷达坐标】x=-1.0124, y=33.3722, theta=-0.0539
