======== 运行日志开始 Sat Mar 22 18:09:08 CST 2025 ========
======== 开始执行作业3 ========
正在创建ROS2工作空间...
ROS2工作空间结构创建完成！
Starting >>> lms_data
Starting >>> lms_mapper
Finished <<< lms_data [14.3s]
Finished <<< lms_mapper [15.1s]

Summary: 2 packages finished [17.0s]
/IntelligentMobileRobots2025/work3
/IntelligentMobileRobots2025/work3
检查安装的可执行文件...
total 8
drwxr-xr-x 2 root root 4096 Mar 22 18:09 .
drwxr-xr-x 4 root root 4096 Mar 22 18:09 ..
lrwxrwxrwx 1 root root   50 Mar 22 18:09 lms_to_rosbag -> ../../../../src/lms_data/lms_data/lms_to_rosbag.py
total 8
drwxr-xr-x 2 root root 4096 Mar 22 18:09 .
drwxr-xr-x 4 root root 4096 Mar 22 18:09 ..
lrwxrwxrwx 1 root root   56 Mar 22 18:09 lms_mapper_node -> ../../../../src/lms_mapper/lms_mapper/lms_mapper_node.py
检查ROS2环境...
lms_data
lms_mapper
正在构建ROS2包...
执行: colcon build --symlink-install
Starting >>> lms_data
Starting >>> lms_mapper
Finished <<< lms_mapper [12.6s]
Finished <<< lms_data [16.7s]

Summary: 2 packages finished [19.1s]
检查可执行文件...
警告: 没有找到lms_to_rosbag可执行文件，将直接使用Python调用
警告: 没有找到lms_mapper_node可执行文件，将直接使用Python调用
正在转换原始数据为rosbag格式...
执行: python3 /IntelligentMobileRobots2025/work3/src/lms_data/lms_data/lms_to_rosbag.py ../data/URG_X_20130903_195003.lms ../data/ld.nav lms_data.bag
删除旧的rosbag目录...
⏱️ 执行命令 (最长300秒): python3 /IntelligentMobileRobots2025/work3/src/lms_data/lms_data/lms_to_rosbag.py ../data/URG_X_20130903_195003.lms ../data/ld.nav lms_data.bag
⏳ 正在转换数据 - 已等待 10/300 秒...
开始处理: LMS文件: ../data/URG_X_20130903_195003.lms, NAV文件: ../data/ld.nav, BAG输出: lms_data.bag
读取LMS激光数据...
警告：在时间戳 72054545 处读取的激光数据长度不一致
成功读取 10428 帧激光雷达数据
时间戳范围: 71403847 - 72054470
平均时间间隔: 62.40ms
读取NAV轨迹数据...
成功读取 2355 个轨迹点
激光数据原始时间戳范围: 71403847 - 72054470
轨迹数据时间戳范围: 71407205 - 71554079
使用轨迹数据作为标准时间范围: 71407205 - 71554079
创建时间戳映射...
映射激光数据时间戳到轨迹时间范围...
处理进度: 1/10428 (0.0%)
  样本映射: 71403847 -> 71407205
处理进度: 101/10428 (1.0%)
处理进度: 201/10428 (1.9%)
处理进度: 301/10428 (2.9%)
处理进度: 401/10428 (3.8%)
处理进度: 501/10428 (4.8%)
处理进度: 601/10428 (5.8%)
处理进度: 701/10428 (6.7%)
处理进度: 801/10428 (7.7%)
处理进度: 901/10428 (8.6%)
处理进度: 1001/10428 (9.6%)
处理进度: 1101/10428 (10.6%)
处理进度: 1201/10428 (11.5%)
处理进度: 1301/10428 (12.5%)
处理进度: 1401/10428 (13.4%)
处理进度: 1501/10428 (14.4%)
处理进度: 1601/10428 (15.4%)
处理进度: 1701/10428 (16.3%)
处理进度: 1801/10428 (17.3%)
处理进度: 1901/10428 (18.2%)
处理进度: 2001/10428 (19.2%)
处理进度: 2101/10428 (20.1%)
处理进度: 2201/10428 (21.1%)
处理进度: 2301/10428 (22.1%)
处理进度: 2401/10428 (23.0%)
处理进度: 2501/10428 (24.0%)
处理进度: 2601/10428 (24.9%)
处理进度: 2701/10428 (25.9%)
处理进度: 2801/10428 (26.9%)
处理进度: 2901/10428 (27.8%)
处理进度: 3001/10428 (28.8%)
处理进度: 3101/10428 (29.7%)
处理进度: 3201/10428 (30.7%)
处理进度: 3301/10428 (31.7%)
处理进度: 3401/10428 (32.6%)
处理进度: 3501/10428 (33.6%)
处理进度: 3601/10428 (34.5%)
处理进度: 3701/10428 (35.5%)
处理进度: 3801/10428 (36.4%)
处理进度: 3901/10428 (37.4%)
处理进度: 4001/10428 (38.4%)
处理进度: 4101/10428 (39.3%)
处理进度: 4201/10428 (40.3%)
处理进度: 4301/10428 (41.2%)
处理进度: 4401/10428 (42.2%)
处理进度: 4501/10428 (43.2%)
处理进度: 4601/10428 (44.1%)
处理进度: 4701/10428 (45.1%)
处理进度: 4801/10428 (46.0%)
处理进度: 4901/10428 (47.0%)
处理进度: 5001/10428 (48.0%)
处理进度: 5101/10428 (48.9%)
处理进度: 5201/10428 (49.9%)
处理进度: 5301/10428 (50.8%)
处理进度: 5401/10428 (51.8%)
处理进度: 5501/10428 (52.8%)
处理进度: 5601/10428 (53.7%)
处理进度: 5701/10428 (54.7%)
处理进度: 5801/10428 (55.6%)
处理进度: 5901/10428 (56.6%)
处理进度: 6001/10428 (57.5%)
处理进度: 6101/10428 (58.5%)
处理进度: 6201/10428 (59.5%)
处理进度: 6301/10428 (60.4%)
处理进度: 6401/10428 (61.4%)
处理进度: 6501/10428 (62.3%)
处理进度: 6601/10428 (63.3%)
处理进度: 6701/10428 (64.3%)
处理进度: 6801/10428 (65.2%)
处理进度: 6901/10428 (66.2%)
处理进度: 7001/10428 (67.1%)
处理进度: 7101/10428 (68.1%)
处理进度: 7201/10428 (69.1%)
处理进度: 7301/10428 (70.0%)
处理进度: 7401/10428 (71.0%)
处理进度: 7501/10428 (71.9%)
处理进度: 7601/10428 (72.9%)
处理进度: 7701/10428 (73.8%)
处理进度: 7801/10428 (74.8%)
处理进度: 7901/10428 (75.8%)
处理进度: 8001/10428 (76.7%)
处理进度: 8101/10428 (77.7%)
处理进度: 8201/10428 (78.6%)
处理进度: 8301/10428 (79.6%)
处理进度: 8401/10428 (80.6%)
处理进度: 8501/10428 (81.5%)
处理进度: 8601/10428 (82.5%)
处理进度: 8701/10428 (83.4%)
处理进度: 8801/10428 (84.4%)
处理进度: 8901/10428 (85.4%)
处理进度: 9001/10428 (86.3%)
处理进度: 9101/10428 (87.3%)
处理进度: 9201/10428 (88.2%)
处理进度: 9301/10428 (89.2%)
处理进度: 9401/10428 (90.2%)
处理进度: 9501/10428 (91.1%)
处理进度: 9601/10428 (92.1%)
处理进度: 9701/10428 (93.0%)
处理进度: 9801/10428 (94.0%)
处理进度: 9901/10428 (94.9%)
处理进度: 10001/10428 (95.9%)
处理进度: 10101/10428 (96.9%)
处理进度: 10201/10428 (97.8%)
处理进度: 10301/10428 (98.8%)
处理进度: 10401/10428 (99.7%)
处理进度: 10428/10428 (100.0%)
  样本映射: 72054470 -> 71554079
已完成激光数据时间戳映射
映射后激光数据时间戳范围: 71407205 - 71554079
在轨迹时间范围内的激光帧数: 10428/10428 (100.0%)
过滤有效的激光扫描数据...
过滤进度: 1/10428 (0.0%), 当前有效帧: 1
过滤进度: 101/10428 (1.0%), 当前有效帧: 101
过滤进度: 201/10428 (1.9%), 当前有效帧: 201
过滤进度: 301/10428 (2.9%), 当前有效帧: 301
过滤进度: 401/10428 (3.8%), 当前有效帧: 401
过滤进度: 501/10428 (4.8%), 当前有效帧: 501
过滤进度: 601/10428 (5.8%), 当前有效帧: 601
过滤进度: 701/10428 (6.7%), 当前有效帧: 701
过滤进度: 801/10428 (7.7%), 当前有效帧: 801
过滤进度: 901/10428 (8.6%), 当前有效帧: 901
过滤进度: 1001/10428 (9.6%), 当前有效帧: 1001
过滤进度: 1101/10428 (10.6%), 当前有效帧: 1101
过滤进度: 1201/10428 (11.5%), 当前有效帧: 1201
过滤进度: 1301/10428 (12.5%), 当前有效帧: 1301
过滤进度: 1401/10428 (13.4%), 当前有效帧: 1401
过滤进度: 1501/10428 (14.4%), 当前有效帧: 1501
过滤进度: 1601/10428 (15.4%), 当前有效帧: 1601
过滤进度: 1701/10428 (16.3%), 当前有效帧: 1701
过滤进度: 1801/10428 (17.3%), 当前有效帧: 1801
过滤进度: 1901/10428 (18.2%), 当前有效帧: 1901
过滤进度: 2001/10428 (19.2%), 当前有效帧: 2001
过滤进度: 2101/10428 (20.1%), 当前有效帧: 2101
过滤进度: 2201/10428 (21.1%), 当前有效帧: 2201
过滤进度: 2301/10428 (22.1%), 当前有效帧: 2301
过滤进度: 2401/10428 (23.0%), 当前有效帧: 2401
过滤进度: 2501/10428 (24.0%), 当前有效帧: 2501
过滤进度: 2601/10428 (24.9%), 当前有效帧: 2601
过滤进度: 2701/10428 (25.9%), 当前有效帧: 2701
过滤进度: 2801/10428 (26.9%), 当前有效帧: 2801
过滤进度: 2901/10428 (27.8%), 当前有效帧: 2901
过滤进度: 3001/10428 (28.8%), 当前有效帧: 3001
过滤进度: 3101/10428 (29.7%), 当前有效帧: 3101
过滤进度: 3201/10428 (30.7%), 当前有效帧: 3201
过滤进度: 3301/10428 (31.7%), 当前有效帧: 3301
过滤进度: 3401/10428 (32.6%), 当前有效帧: 3401
过滤进度: 3501/10428 (33.6%), 当前有效帧: 3501
过滤进度: 3601/10428 (34.5%), 当前有效帧: 3601
过滤进度: 3701/10428 (35.5%), 当前有效帧: 3701
过滤进度: 3801/10428 (36.4%), 当前有效帧: 3801
过滤进度: 3901/10428 (37.4%), 当前有效帧: 3901
过滤进度: 4001/10428 (38.4%), 当前有效帧: 4001
过滤进度: 4101/10428 (39.3%), 当前有效帧: 4101
过滤进度: 4201/10428 (40.3%), 当前有效帧: 4201
过滤进度: 4301/10428 (41.2%), 当前有效帧: 4301
过滤进度: 4401/10428 (42.2%), 当前有效帧: 4401
过滤进度: 4501/10428 (43.2%), 当前有效帧: 4501
过滤进度: 4601/10428 (44.1%), 当前有效帧: 4601
过滤进度: 4701/10428 (45.1%), 当前有效帧: 4701
过滤进度: 4801/10428 (46.0%), 当前有效帧: 4801
过滤进度: 4901/10428 (47.0%), 当前有效帧: 4901
过滤进度: 5001/10428 (48.0%), 当前有效帧: 5001
过滤进度: 5101/10428 (48.9%), 当前有效帧: 5101
过滤进度: 5201/10428 (49.9%), 当前有效帧: 5201
过滤进度: 5301/10428 (50.8%), 当前有效帧: 5301
过滤进度: 5401/10428 (51.8%), 当前有效帧: 5401
过滤进度: 5501/10428 (52.8%), 当前有效帧: 5501
过滤进度: 5601/10428 (53.7%), 当前有效帧: 5601
过滤进度: 5701/10428 (54.7%), 当前有效帧: 5701
过滤进度: 5801/10428 (55.6%), 当前有效帧: 5801
过滤进度: 5901/10428 (56.6%), 当前有效帧: 5901
过滤进度: 6001/10428 (57.5%), 当前有效帧: 6001
过滤进度: 6101/10428 (58.5%), 当前有效帧: 6101
过滤进度: 6201/10428 (59.5%), 当前有效帧: 6201
过滤进度: 6301/10428 (60.4%), 当前有效帧: 6301
过滤进度: 6401/10428 (61.4%), 当前有效帧: 6401
过滤进度: 6501/10428 (62.3%), 当前有效帧: 6501
过滤进度: 6601/10428 (63.3%), 当前有效帧: 6601
过滤进度: 6701/10428 (64.3%), 当前有效帧: 6701
过滤进度: 6801/10428 (65.2%), 当前有效帧: 6801⏳ 正在转换数据 - 已等待 20/300 秒...
[INFO] [1742638253.663165083] [rosbag2_storage]: Opened database 'lms_data.bag/lms_data.bag_0.db3' for READ_WRITE.
⏳ 正在转换数据 - 已等待 30/300 秒...

过滤进度: 6901/10428 (66.2%), 当前有效帧: 6901
过滤进度: 7001/10428 (67.1%), 当前有效帧: 7001
过滤进度: 7101/10428 (68.1%), 当前有效帧: 7101
过滤进度: 7201/10428 (69.1%), 当前有效帧: 7201
过滤进度: 7301/10428 (70.0%), 当前有效帧: 7301
过滤进度: 7401/10428 (71.0%), 当前有效帧: 7401
过滤进度: 7501/10428 (71.9%), 当前有效帧: 7501
过滤进度: 7601/10428 (72.9%), 当前有效帧: 7601
过滤进度: 7701/10428 (73.8%), 当前有效帧: 7701
过滤进度: 7801/10428 (74.8%), 当前有效帧: 7801
过滤进度: 7901/10428 (75.8%), 当前有效帧: 7901
过滤进度: 8001/10428 (76.7%), 当前有效帧: 8001
过滤进度: 8101/10428 (77.7%), 当前有效帧: 8101
过滤进度: 8201/10428 (78.6%), 当前有效帧: 8201
过滤进度: 8301/10428 (79.6%), 当前有效帧: 8301
过滤进度: 8401/10428 (80.6%), 当前有效帧: 8401
过滤进度: 8501/10428 (81.5%), 当前有效帧: 8501
过滤进度: 8601/10428 (82.5%), 当前有效帧: 8601
过滤进度: 8701/10428 (83.4%), 当前有效帧: 8701
过滤进度: 8801/10428 (84.4%), 当前有效帧: 8801
过滤进度: 8901/10428 (85.4%), 当前有效帧: 8901
过滤进度: 9001/10428 (86.3%), 当前有效帧: 9001
过滤进度: 9101/10428 (87.3%), 当前有效帧: 9101
过滤进度: 9201/10428 (88.2%), 当前有效帧: 9201
过滤进度: 9301/10428 (89.2%), 当前有效帧: 9301
过滤进度: 9401/10428 (90.2%), 当前有效帧: 9401
过滤进度: 9501/10428 (91.1%), 当前有效帧: 9501
过滤进度: 9601/10428 (92.1%), 当前有效帧: 9601
过滤进度: 9701/10428 (93.0%), 当前有效帧: 9701
过滤进度: 9801/10428 (94.0%), 当前有效帧: 9801
过滤进度: 9901/10428 (94.9%), 当前有效帧: 9901
过滤进度: 10001/10428 (95.9%), 当前有效帧: 10001
过滤进度: 10101/10428 (96.9%), 当前有效帧: 10101
过滤进度: 10201/10428 (97.8%), 当前有效帧: 10201
过滤进度: 10301/10428 (98.8%), 当前有效帧: 10301
过滤进度: 10401/10428 (99.7%), 当前有效帧: 10401
过滤进度: 10428/10428 (100.0%), 当前有效帧: 10428
有效激光扫描数据帧数: 10428/10428
在轨迹时间范围内 (71407205 - 71554079) 的有效帧占总帧数的 100.0%
创建插值轨迹点...
插值进度: 1/10428 (0.0%)
插值进度: 101/10428 (1.0%)
插值进度: 201/10428 (1.9%)
插值进度: 301/10428 (2.9%)
插值进度: 401/10428 (3.8%)
插值进度: 501/10428 (4.8%)
插值进度: 601/10428 (5.8%)
插值进度: 701/10428 (6.7%)
插值进度: 801/10428 (7.7%)
插值进度: 901/10428 (8.6%)
插值进度: 1001/10428 (9.6%)
插值进度: 1101/10428 (10.6%)
插值进度: 1201/10428 (11.5%)
插值进度: 1301/10428 (12.5%)
插值进度: 1401/10428 (13.4%)
插值进度: 1501/10428 (14.4%)
插值进度: 1601/10428 (15.4%)
插值进度: 1701/10428 (16.3%)
插值进度: 1801/10428 (17.3%)
插值进度: 1901/10428 (18.2%)
插值进度: 2001/10428 (19.2%)
插值进度: 2101/10428 (20.1%)
插值进度: 2201/10428 (21.1%)
插值进度: 2301/10428 (22.1%)
插值进度: 2401/10428 (23.0%)
插值进度: 2501/10428 (24.0%)
插值进度: 2601/10428 (24.9%)
插值进度: 2701/10428 (25.9%)
插值进度: 2801/10428 (26.9%)
插值进度: 2901/10428 (27.8%)
插值进度: 3001/10428 (28.8%)
插值进度: 3101/10428 (29.7%)
插值进度: 3201/10428 (30.7%)
插值进度: 3301/10428 (31.7%)
插值进度: 3401/10428 (32.6%)
插值进度: 3501/10428 (33.6%)
插值进度: 3601/10428 (34.5%)
插值进度: 3701/10428 (35.5%)
插值进度: 3801/10428 (36.4%)
插值进度: 3901/10428 (37.4%)
插值进度: 4001/10428 (38.4%)
插值进度: 4101/10428 (39.3%)
插值进度: 4201/10428 (40.3%)
插值进度: 4301/10428 (41.2%)
插值进度: 4401/10428 (42.2%)
插值进度: 4501/10428 (43.2%)
插值进度: 4601/10428 (44.1%)
插值进度: 4701/10428 (45.1%)
插值进度: 4801/10428 (46.0%)
插值进度: 4901/10428 (47.0%)
插值进度: 5001/10428 (48.0%)
插值进度: 5101/10428 (48.9%)
插值进度: 5201/10428 (49.9%)
插值进度: 5301/10428 (50.8%)
插值进度: 5401/10428 (51.8%)
插值进度: 5501/10428 (52.8%)
插值进度: 5601/10428 (53.7%)
插值进度: 5701/10428 (54.7%)
插值进度: 5801/10428 (55.6%)
插值进度: 5901/10428 (56.6%)
插值进度: 6001/10428 (57.5%)
插值进度: 6101/10428 (58.5%)
插值进度: 6201/10428 (59.5%)
插值进度: 6301/10428 (60.4%)
插值进度: 6401/10428 (61.4%)
插值进度: 6501/10428 (62.3%)
插值进度: 6601/10428 (63.3%)
插值进度: 6701/10428 (64.3%)
插值进度: 6801/10428 (65.2%)
插值进度: 6901/10428 (66.2%)
插值进度: 7001/10428 (67.1%)
插值进度: 7101/10428 (68.1%)
插值进度: 7201/10428 (69.1%)
插值进度: 7301/10428 (70.0%)
插值进度: 7401/10428 (71.0%)
插值进度: 7501/10428 (71.9%)
插值进度: 7601/10428 (72.9%)
插值进度: 7701/10428 (73.8%)
插值进度: 7801/10428 (74.8%)
插值进度: 7901/10428 (75.8%)
插值进度: 8001/10428 (76.7%)
插值进度: 8101/10428 (77.7%)
插值进度: 8201/10428 (78.6%)
插值进度: 8301/10428 (79.6%)
插值进度: 8401/10428 (80.6%)
插值进度: 8501/10428 (81.5%)
插值进度: 8601/10428 (82.5%)
插值进度: 8701/10428 (83.4%)
插值进度: 8801/10428 (84.4%)
插值进度: 8901/10428 (85.4%)
插值进度: 9001/10428 (86.3%)
插值进度: 9101/10428 (87.3%)
插值进度: 9201/10428 (88.2%)
插值进度: 9301/10428 (89.2%)
插值进度: 9401/10428 (90.2%)
插值进度: 9501/10428 (91.1%)
插值进度: 9601/10428 (92.1%)
插值进度: 9701/10428 (93.0%)
插值进度: 9801/10428 (94.0%)
插值进度: 9901/10428 (94.9%)
插值进度: 10001/10428 (95.9%)
插值进度: 10101/10428 (96.9%)
插值进度: 10201/10428 (97.8%)
插值进度: 10301/10428 (98.8%)
插值进度: 10401/10428 (99.7%)
插值进度: 10428/10428 (100.0%)
扩充轨迹点: 原始=2355, 扩充后=10428
时间戳完全匹配的激光帧数: 10428/10428 (100.0%)
创建rosbag文件: lms_data.bag
生成rosbag时间戳...
写入所有轨迹点...
轨迹写入进度: 1/10428 (0.0%)
轨迹写入进度: 101/10428 (1.0%)
轨迹写入进度: 201/10428 (1.9%)
轨迹写入进度: 301/10428 (2.9%)
轨迹写入进度: 401/10428 (3.8%)
轨迹写入进度: 501/10428 (4.8%)
轨迹写入进度: 601/10428 (5.8%)
轨迹写入进度: 701/10428 (6.7%)
轨迹写入进度: 801/10428 (7.7%)
轨迹写入进度: 901/10428 (8.6%)
轨迹写入进度: 1001/10428 (9.6%)
轨迹写入进度: 1101/10428 (10.6%)
轨迹写入进度: 1201/10428 (11.5%)
轨迹写入进度: 1301/10428 (12.5%)
轨迹写入进度: 1401/10428 (13.4%)
轨迹写入进度: 1501/10428 (14.4%)
轨迹写入进度: 1601/10428 (15.4%)
轨迹写入进度: 1701/10428 (16.3%)
轨迹写入进度: 1801/10428 (17.3%)
轨迹写入进度: 1901/10428 (18.2%)
轨迹写入进度: 2001/10428 (19.2%)
轨迹写入进度: 2101/10428 (20.1%)
轨迹写入进度: 2201/10428 (21.1%)
轨迹写入进度: 2301/10428 (22.1%)
轨迹写入进度: 2401/10428 (23.0%)
轨迹写入进度: 2501/10428 (24.0%)
轨迹写入进度: 2601/10428 (24.9%)
轨迹写入进度: 2701/10428 (25.9%)
轨迹写入进度: 2801/10428 (26.9%)
轨迹写入进度: 2901/10428 (27.8%)
轨迹写入进度: 3001/10428 (28.8%)
轨迹写入进度: 3101/10428 (29.7%)
轨迹写入进度: 3201/10428 (30.7%)
轨迹写入进度: 3301/10428 (31.7%)
轨迹写入进度: 3401/10428 (32.6%)
轨迹写入进度: 3501/10428 (33.6%)
轨迹写入进度: 3601/10428 (34.5%)
轨迹写入进度: 3701/10428 (35.5%)
轨迹写入进度: 3801/10428 (36.4%)
轨迹写入进度: 3901/10428 (37.4%)
轨迹写入进度: 4001/10428 (38.4%)
轨迹写入进度: 4101/10428 (39.3%)
轨迹写入进度: 4201/10428 (40.3%)
轨迹写入进度: 4301/10428 (41.2%)
轨迹写入进度: 4401/10428 (42.2%)
轨迹写入进度: 4501/10428 (43.2%)
轨迹写入进度: 4601/10428 (44.1%)
轨迹写入进度: 4701/10428 (45.1%)
轨迹写入进度: 4801/10428 (46.0%)
轨迹写入进度: 4901/10428 (47.0%)
轨迹写入进度: 5001/10428 (48.0%)
轨迹写入进度: 5101/10428 (48.9%)
轨迹写入进度: 5201/10428 (49.9%)
轨迹写入进度: 5301/10428 (50.8%)
轨迹写入进度: 5401/10428 (51.8%)
轨迹写入进度: 5501/10428 (52.8%)
轨迹写入进度: 5601/10428 (53.7%)
轨迹写入进度: 5701/10428 (54.7%)
轨迹写入进度: 5801/10428 (55.6%)
⏳ 正在转换数据 - 已等待 40/300 秒...
轨迹写入进度: 5901/10428 (56.6%)
轨迹写入进度: 6001/10428 (57.5%)
轨迹写入进度: 6101/10428 (58.5%)
轨迹写入进度: 6201/10428 (59.5%)
轨迹写入进度: 6301/10428 (60.4%)
轨迹写入进度: 6401/10428 (61.4%)
轨迹写入进度: 6501/10428 (62.3%)
轨迹写入进度: 6601/10428 (63.3%)
轨迹写入进度: 6701/10428 (64.3%)
轨迹写入进度: 6801/10428 (65.2%)
轨迹写入进度: 6901/10428 (66.2%)
轨迹写入进度: 7001/10428 (67.1%)
轨迹写入进度: 7101/10428 (68.1%)
轨迹写入进度: 7201/10428 (69.1%)
轨迹写入进度: 7301/10428 (70.0%)
轨迹写入进度: 7401/10428 (71.0%)
轨迹写入进度: 7501/10428 (71.9%)
轨迹写入进度: 7601/10428 (72.9%)
轨迹写入进度: 7701/10428 (73.8%)
轨迹写入进度: 7801/10428 (74.8%)
轨迹写入进度: 7901/10428 (75.8%)
轨迹写入进度: 8001/10428 (76.7%)
轨迹写入进度: 8101/10428 (77.7%)
轨迹写入进度: 8201/10428 (78.6%)
轨迹写入进度: 8301/10428 (79.6%)
轨迹写入进度: 8401/10428 (80.6%)
轨迹写入进度: 8501/10428 (81.5%)
轨迹写入进度: 8601/10428 (82.5%)
轨迹写入进度: 8701/10428 (83.4%)
轨迹写入进度: 8801/10428 (84.4%)
轨迹写入进度: 8901/10428 (85.4%)
轨迹写入进度: 9001/10428 (86.3%)
轨迹写入进度: 9101/10428 (87.3%)
轨迹写入进度: 9201/10428 (88.2%)
轨迹写入进度: 9301/10428 (89.2%)
轨迹写入进度: 9401/10428 (90.2%)
轨迹写入进度: 9501/10428 (91.1%)
轨迹写入进度: 9601/10428 (92.1%)
轨迹写入进度: 9701/10428 (93.0%)
轨迹写入进度: 9801/10428 (94.0%)
轨迹写入进度: 9901/10428 (94.9%)
轨迹写入进度: 10001/10428 (95.9%)
轨迹写入进度: 10101/10428 (96.9%)
轨迹写入进度: 10201/10428 (97.8%)
轨迹写入进度: 10301/10428 (98.8%)
轨迹写入进度: 10401/10428 (99.7%)
轨迹写入进度: 10428/10428 (100.0%)
写入所有激光帧...
激光帧写入进度: 1/10428 (0.0%)
激光帧写入进度: 101/10428 (1.0%)
激光帧写入进度: 201/10428 (1.9%)
激光帧写入进度: 301/10428 (2.9%)
激光帧写入进度: 401/10428 (3.8%)
激光帧写入进度: 501/10428 (4.8%)
激光帧写入进度: 601/10428 (5.8%)
激光帧写入进度: 701/10428 (6.7%)
激光帧写入进度: 801/10428 (7.7%)
激光帧写入进度: 901/10428 (8.6%)
激光帧写入进度: 1001/10428 (9.6%)
激光帧写入进度: 1101/10428 (10.6%)
激光帧写入进度: 1201/10428 (11.5%)
激光帧写入进度: 1301/10428 (12.5%)
激光帧写入进度: 1401/10428 (13.4%)
激光帧写入进度: 1501/10428 (14.4%)
激光帧写入进度: 1601/10428 (15.4%)
激光帧写入进度: 1701/10428 (16.3%)
激光帧写入进度: 1801/10428 (17.3%)
激光帧写入进度: 1901/10428 (18.2%)
激光帧写入进度: 2001/10428 (19.2%)
激光帧写入进度: 2101/10428 (20.1%)
激光帧写入进度: 2201/10428 (21.1%)
激光帧写入进度: 2301/10428 (22.1%)
激光帧写入进度: 2401/10428 (23.0%)
激光帧写入进度: 2501/10428 (24.0%)
激光帧写入进度: 2601/10428 (24.9%)
激光帧写入进度: 2701/10428 (25.9%)
激光帧写入进度: 2801/10428 (26.9%)
激光帧写入进度: 2901/10428 (27.8%)
激光帧写入进度: 3001/10428 (28.8%)
激光帧写入进度: 3101/10428 (29.7%)
激光帧写入进度: 3201/10428 (30.7%)
激光帧写入进度: 3301/10428 (31.7%)
激光帧写入进度: 3401/10428 (32.6%)
激光帧写入进度: 3501/10428 (33.6%)
激光帧写入进度: 3601/10428 (34.5%)
激光帧写入进度: 3701/10428 (35.5%)
激光帧写入进度: 3801/10428 (36.4%)
激光帧写入进度: 3901/10428 (37.4%)
激光帧写入进度: 4001/10428 (38.4%)
激光帧写入进度: 4101/10428 (39.3%)
激光帧写入进度: 4201/10428 (40.3%)
激光帧写入进度: 4301/10428 (41.2%)
激光帧写入进度: 4401/10428 (42.2%)
激光帧写入进度: 4501/10428 (43.2%)
激光帧写入进度: 4601/10428 (44.1%)
激光帧写入进度: 4701/10428 (45.1%)
激光帧写入进度: 4801/10428 (46.0%)
激光帧写入进度: 4901/10428 (47.0%)
激光帧写入进度: 5001/10428 (48.0%)
激光帧写入进度: 5101/10428 (48.9%)
激光帧写入进度: 5201/10428 (49.9%)
激光帧写入进度: 5301/10428 (50.8%)
激光帧写入进度: 5401/10428 (51.8%)
激光帧写入进度: 5501/10428 (52.8%)
激光帧写入进度: 5601/10428 (53.7%)
激光帧写入进度: 5701/10428 (54.7%)
激光帧写入进度: 5801/10428 (55.6%)
激光帧写入进度: 5901/10428 (56.6%)
激光帧写入进度: 6001/10428 (57.5%)
激光帧写入进度: 6101/10428 (58.5%)
激光帧写入进度: 6201/10428 (59.5%)
激光帧写入进度: 6301/10428 (60.4%)
激光帧写入进度: 6401/10428 (61.4%)
激光帧写入进度: 6501/10428 (62.3%)
激光帧写入进度: 6601/10428 (63.3%)
激光帧写入进度: 6701/10428 (64.3%)
激光帧写入进度: 6801/10428 (65.2%)
激光帧写入进度: 6901/10428 (66.2%)
激光帧写入进度: 7001/10428 (67.1%)
激光帧写入进度: 7101/10428 (68.1%)
激光帧写入进度: 7201/10428 (69.1%)
激光帧写入进度: 7301/10428 (70.0%)
激光帧写入进度: 7401/10428 (71.0%)
激光帧写入进度: 7501/10428 (71.9%)
激光帧写入进度: 7601/10428 (72.9%)
激光帧写入进度: 7701/10428 (73.8%)
激光帧写入进度: 7801/10428 (74.8%)
激光帧写入进度: 7901/10428 (75.8%)
激光帧写入进度: 8001/10428 (76.7%)
激光帧写入进度: 8101/10428 (77.7%)
激光帧写入进度: 8201/10428 (78.6%)
激光帧写入进度: 8301/10428 (79.6%)
激光帧写入进度: 8401/10428 (80.6%)
激光帧写入进度: 8501/10428 (81.5%)
激光帧写入进度: 8601/10428 (82.5%)
激光帧写入进度: 8701/10428 (83.4%)
激光帧写入进度: 8801/10428 (84.4%)
激光帧写入进度: 8901/10428 (85.4%)
激光帧写入进度: 9001/10428 (86.3%)
激光帧写入进度: 9101/10428 (87.3%)
激光帧写入进度: 9201/10428 (88.2%)
激光帧写入进度: 9301/10428 (89.2%)
激光帧写入进度: 9401/10428 (90.2%)
激光帧写入进度: 9501/10428 (91.1%)
激光帧写入进度: 9601/10428 (92.1%)
激光帧写入进度: 9701/10428 (93.0%)
激光帧写入进度: 9801/10428 (94.0%)
激光帧写入进度: 9901/10428 (94.9%)
激光帧写入进度: 10001/10428 (95.9%)
激光帧写入进度: 10101/10428 (96.9%)
激光帧写入进度: 10201/10428 (97.8%)
激光帧写入进度: 10301/10428 (98.8%)
激光帧写入进度: 10401/10428 (99.7%)
激光帧写入进度: 10428/10428 (100.0%)
成功将数据写入ROS2 bag文件: lms_data.bag
总共写入帧数: 10428
总有效激光点数: 3715347, 平均每帧: 356.3
使用的轨迹时间戳范围: 71407205 - 71554079
处理用时: 63.04秒
ROS2 Bag文件写入完成
✅ 命令已完成
检查rosbag内容...
⏱️ 执行命令 (最长30秒): ros2 bag info lms_data.bag

Files:             lms_data.bag_0.db3
Bag size:          31.3 MiB
Storage id:        sqlite3
Duration:          146.874000000s
Start:             Jan  1 1970 08:00:01.000000000 (1.000000000)
End:               Jan  1 1970 08:02:27.874000000 (147.874000000)
Messages:          41712
Topic information: Topic: /clock | Type: rosgraph_msgs/msg/Clock | Count: 10428 | Serialization Format: cdr
                   Topic: scan | Type: sensor_msgs/msg/LaserScan | Count: 10428 | Serialization Format: cdr
                   Topic: odom | Type: nav_msgs/msg/Odometry | Count: 10428 | Serialization Format: cdr
                   Topic: tf | Type: tf2_msgs/msg/TFMessage | Count: 10428 | Serialization Format: cdr

✅ 命令已完成
正在启动LMS Mapper节点...
执行: python3 /IntelligentMobileRobots2025/work3/src/lms_mapper/lms_mapper/lms_mapper_node.py --ros-args -p map_save_path:=occupancy_grid.png
设置ROS2使用模拟时钟...
usage: ros2 param set [-h] [--spin-time SPIN_TIME] [-s] [--no-daemon]
                      [--include-hidden-nodes]
                      node_name parameter_name value
ros2 param set: error: the following arguments are required: value
无法设置全局参数，将在节点启动时设置
等待节点启动...
[INFO] [1742638305.040109635] [lms_mapper_node]: 地图参数: 尺寸=1000x1000, 分辨率=0.1米/格
[INFO] [1742638305.054220093] [lms_mapper_node]: 地图重置功能已禁用，将持续累积所有障碍物数据
[INFO] [1742638305.054515052] [lms_mapper_node]: 中间地图保存间隔: 60.0秒
[INFO] [1742638305.054722802] [lms_mapper_node]: 清除过期障碍物功能已禁用，将保留所有检测到的障碍物
[INFO] [1742638305.054952885] [lms_mapper_node]: 运动过滤功能已启用：最小运动距离=0.5米，静止忽略时间=0.2秒
[INFO] [1742638305.055153010] [lms_mapper_node]: 使用自适应阈值：基础阈值=2，距离因子=0.5
[INFO] [1742638305.154190343] [lms_mapper_node]: LMS mapper node已启动
节点已启动，PID: 75043
检查可用的话题...
/clock
/map
/odom
/parameter_events
/rosout
/scan
等待话题准备就绪...
✅ /map 话题已准备就绪
正在播放rosbag数据...
等待系统准备就绪，确保时钟同步...
开始播放rosbag...
等待rosbag播放完成...
stdin is not a terminal device. Keyboard handling disabled.[INFO] [1742638331.895810050] [rosbag2_storage]: Opened database 'lms_data.bag/lms_data.bag_0.db3' for READ_ONLY.
[INFO] [1742638332.001560717] [rosbag2_player]: Set rate to 0.1
[INFO] [1742638332.169902884] [rosbag2_player]: Adding keyboard callbacks.
[INFO] [1742638332.170270634] [rosbag2_player]: Press SPACE for Pause/Resume
[INFO] [1742638332.170303217] [rosbag2_player]: Press CURSOR_RIGHT for Play Next Message
[INFO] [1742638332.170322259] [rosbag2_player]: Press CURSOR_UP for Increase Rate 10%
[INFO] [1742638332.170351675] [rosbag2_player]: Press CURSOR_DOWN for Decrease Rate 10%
[INFO] [1742638332.197448967] [rosbag2_storage]: Opened database 'lms_data.bag/lms_data.bag_0.db3' for READ_ONLY.
[INFO] [1742638332.423741134] [lms_mapper_node]: 记录起始位置: x=0.00, y=0.00, theta=0.00
[INFO] [1742638332.447922634] [lms_mapper_node]: 接收到激光数据: frame_id=laser, 点数=361
[INFO] [1742638332.460295717] [lms_mapper_node]: 【激光雷达坐标】x=0.0000, y=0.0000, theta=0.0000
[INFO] [1742638332.460654300] [lms_mapper_node]: 记录起始位置: x=0.00, y=0.00, theta=0.00
[INFO] [1742638332.463215634] [lms_mapper_node]: 接收到激光数据: 361个点, 角度范围=[0.00, 3.14]
[INFO] [1742638332.463675009] [lms_mapper_node]: 有效激光点: 351/361
[INFO] [1742638332.468576634] [lms_mapper_node]: 机器人位姿: x=0.00, y=0.00, theta=0.00, cos_theta=1.00, sin_theta=0.00
[INFO] [1742638332.476366675] [lms_mapper_node]: 激光点世界坐标范围: x=[-1.76, 0.96], y=[0.00, 25.71]
[INFO] [1742638332.477070009] [lms_mapper_node]: 【坐标转换样本】: 激光坐标(0.96,0.00)→世界坐标(0.96,0.00) | 激光坐标(0.94,0.89)→世界坐标(0.94,0.89) | 激光坐标(0.39,11.30)→世界坐标(0.39,11.30) | 激光坐标(-1.21,1.15)→世界坐标(-1.21,1.15) | 激光坐标(-1.16,0.00)→世界坐标(-1.16,0.00)
[INFO] [1742638332.481715842] [lms_mapper_node]: 当前使用的障碍物计数阈值: 1
[INFO] [1742638339.070763387] [lms_mapper_node]: 机器人静止中 (6.7秒)，跳过处理激光数据
⏳ 正在播放rosbag - 已等待 15/3600 秒...
当前活跃话题:
[INFO] [1742638346.232394793] [lms_mapper_node]: 机器人静止中 (13.8秒)，跳过处理激光数据
[INFO] [1742638346.404947043] [lms_mapper_node]: 接收到激光数据: frame_id=laser, 点数=361
[INFO] [1742638346.405257751] [lms_mapper_node]: 【激光雷达坐标】x=0.0000, y=0.0000, theta=0.0000
/clock
/events/read_split
/map
/odom
/parameter_events
/rosout
/scan
/tf
[INFO] [1742638353.695492755] [lms_mapper_node]: 机器人静止中 (21.3秒)，跳过处理激光数据
[INFO] [1742638360.326236424] [lms_mapper_node]: 机器人静止中: 27.9秒, 位置: (0.00, 0.00)
[INFO] [1742638360.334025924] [lms_mapper_node]: 机器人静止中 (27.9秒)，跳过处理激光数据
[INFO] [1742638360.494151091] [lms_mapper_node]: 接收到激光数据: frame_id=laser, 点数=361
[INFO] [1742638360.494494841] [lms_mapper_node]: 【激光雷达坐标】x=0.0000, y=0.0000, theta=0.0000
⏳ 正在播放rosbag - 已等待 30/3600 秒...
当前活跃话题:
[INFO] [1742638367.539084095] [lms_mapper_node]: 机器人静止中 (35.1秒)，跳过处理激光数据
/clock
/events/read_split
/map
/odom
/parameter_events
/rosout
/scan
/tf
[INFO] [1742638374.047249458] [lms_mapper_node]: 【进度报告】运行时间: 69.0秒, 处理扫描: 283帧, 轨迹点: 283个, 障碍物格子: 95个, 轨迹已更新
[INFO] [1742638374.122044792] [lms_mapper_node]: 共绘制障碍物点 95个
[INFO] [1742638374.123125042] [lms_mapper_node]: 障碍物世界坐标范围: X=-1.50到0.90, Y=0.00到6.60
[INFO] [1742638374.123440542] [lms_mapper_node]: 中间地图 #1: 绘制轨迹 283个点, 障碍物 95个
[INFO] [1742638380.575353670] [lms_mapper_node]: 地图显示边界: X=-20.0到50.0, Y=-20.0到55.0
[INFO] [1742638382.293846046] [lms_mapper_node]: 已保存中间地图 #1 到: map_checkpoint_1.png
[INFO] [1742638384.278953297] [lms_mapper_node]: 机器人静止中 (51.9秒)，跳过处理激光数据
[INFO] [1742638384.463108172] [lms_mapper_node]: 接收到激光数据: frame_id=laser, 点数=361
[INFO] [1742638384.463391838] [lms_mapper_node]: 【激光雷达坐标】x=0.0000, y=0.0000, theta=0.0000
⏳ 正在播放rosbag - 已等待 45/3600 秒...
当前活跃话题:
[INFO] [1742638391.380866633] [lms_mapper_node]: 机器人静止中 (59.0秒)，跳过处理激光数据
/clock
/events/read_split
/map
/odom
/parameter_events
/rosout
/scan
/tf
[INFO] [1742638398.779387720] [lms_mapper_node]: 机器人静止中 (66.4秒)，跳过处理激光数据
[INFO] [1742638398.780066053] [lms_mapper_node]: 机器人静止中: 66.4秒, 位置: (0.00, 0.00)
[INFO] [1742638398.943031845] [lms_mapper_node]: 接收到激光数据: frame_id=laser, 点数=361
[INFO] [1742638398.944102512] [lms_mapper_node]: 【激光雷达坐标】x=0.0000, y=0.0000, theta=0.0000
[INFO] [1742638405.984344251] [lms_mapper_node]: 机器人静止中 (73.6秒)，跳过处理激光数据
⏳ 正在播放rosbag - 已等待 60/3600 秒...
当前活跃话题:
/clock
/events/read_split
/map
/odom
/parameter_events
/rosout
/scan
/tf
[INFO] [1742638414.289263755] [lms_mapper_node]: 机器人静止中 (81.9秒)，跳过处理激光数据
[INFO] [1742638414.314646838] [lms_mapper_node]: 接收到激光数据: frame_id=laser, 点数=361
[INFO] [1742638414.314956713] [lms_mapper_node]: 【激光雷达坐标】x=0.0000, y=0.0000, theta=0.0000
[INFO] [1742638420.634894091] [lms_mapper_node]: 机器人静止中 (88.2秒)，跳过处理激光数据
[INFO] [1742638424.001063926] [lms_mapper_node]: 【进度报告】运行时间: 118.9秒, 处理扫描: 561帧, 轨迹点: 561个, 障碍物格子: 95个, 轨迹已更新
[INFO] [1742638424.077922676] [lms_mapper_node]: 共绘制障碍物点 95个
[INFO] [1742638424.078790301] [lms_mapper_node]: 障碍物世界坐标范围: X=-1.50到0.90, Y=0.00到6.60
[INFO] [1742638424.079183593] [lms_mapper_node]: 中间地图 #2: 绘制轨迹 561个点, 障碍物 95个
[INFO] [1742638426.501046177] [lms_mapper_node]: 地图显示边界: X=-20.0到50.0, Y=-20.0到55.0
⏳ 正在播放rosbag - 已等待 75/3600 秒...
当前活跃话题:
[INFO] [1742638429.135602637] [lms_mapper_node]: 已保存中间地图 #2 到: map_checkpoint_2.png
/clock
/events/read_split
/map
/odom
/parameter_events
/rosout
/scan
/tf
[INFO] [1742638434.153853333] [lms_mapper_node]: 机器人静止中 (101.8秒)，跳过处理激光数据
[INFO] [1742638434.154360625] [lms_mapper_node]: 机器人静止中: 101.8秒, 位置: (0.00, 0.00)
[INFO] [1742638434.154825458] [lms_mapper_node]: 接收到激光数据: frame_id=laser, 点数=361
[INFO] [1742638434.155077458] [lms_mapper_node]: 【激光雷达坐标】x=0.0000, y=0.0000, theta=0.0000
[INFO] [1742638440.668116753] [lms_mapper_node]: 机器人静止中 (108.3秒)，跳过处理激光数据
[INFO] [1742638447.954155715] [lms_mapper_node]: 机器人静止中 (115.6秒)，跳过处理激光数据
[INFO] [1742638448.123861090] [lms_mapper_node]: 接收到激光数据: frame_id=laser, 点数=361
[INFO] [1742638448.124964132] [lms_mapper_node]: 【激光雷达坐标】x=0.0000, y=0.0000, theta=0.0000
⏳ 正在播放rosbag - 已等待 90/3600 秒...
当前活跃话题:
[INFO] [1742638455.628102844] [lms_mapper_node]: 机器人静止中 (123.2秒)，跳过处理激光数据
/clock
/events/read_split
/map
/odom
/parameter_events
/rosout
/scan
/tf
[INFO] [1742638464.180950167] [lms_mapper_node]: 机器人静止中 (131.8秒)，跳过处理激光数据
[INFO] [1742638464.213354375] [lms_mapper_node]: 机器人静止中: 131.8秒, 位置: (0.00, 0.00)
[INFO] [1742638464.218139083] [lms_mapper_node]: 接收到激光数据: frame_id=laser, 点数=361
[INFO] [1742638464.225727917] [lms_mapper_node]: 【激光雷达坐标】x=0.0000, y=0.0000, theta=0.0000
[INFO] [1742638470.197941211] [lms_mapper_node]: 机器人静止中 (137.8秒)，跳过处理激光数据
⏳ 正在播放rosbag - 已等待 105/3600 秒...
当前活跃话题:
[INFO] [1742638473.860998421] [lms_mapper_node]: 【进度报告】运行时间: 168.8秒, 处理扫描: 864帧, 轨迹点: 864个, 障碍物格子: 95个, 轨迹已更新
[INFO] [1742638473.900074088] [lms_mapper_node]: 共绘制障碍物点 95个
[INFO] [1742638473.914177130] [lms_mapper_node]: 障碍物世界坐标范围: X=-1.50到0.90, Y=0.00到6.60
[INFO] [1742638473.936537505] [lms_mapper_node]: 中间地图 #3: 绘制轨迹 864个点, 障碍物 95个
/clock
/events/read_split
/map
/odom
/parameter_events
/rosout
/scan
/tf
[INFO] [1742638475.993736756] [lms_mapper_node]: 地图显示边界: X=-20.0到50.0, Y=-20.0到55.0
[INFO] [1742638479.545520549] [lms_mapper_node]: 已保存中间地图 #3 到: map_checkpoint_3.png
[INFO] [1742638484.127591468] [lms_mapper_node]: 机器人静止中 (151.7秒)，跳过处理激光数据
[INFO] [1742638484.134736593] [lms_mapper_node]: 接收到激光数据: frame_id=laser, 点数=361
[INFO] [1742638484.143531593] [lms_mapper_node]: 【激光雷达坐标】x=0.0000, y=0.0000, theta=0.0000
⏳ 正在播放rosbag - 已等待 120/3600 秒...
当前活跃话题:
[INFO] [1742638490.678940263] [lms_mapper_node]: 机器人静止中 (158.3秒)，跳过处理激光数据
/clock
/events/read_split
/map
/odom
/parameter_events
/rosout
/scan
/tf
[INFO] [1742638497.684632460] [lms_mapper_node]: 机器人静止中: 165.3秒, 位置: (0.00, 0.00)
[INFO] [1742638497.689236710] [lms_mapper_node]: 机器人静止中 (165.3秒)，跳过处理激光数据
[INFO] [1742638497.871875960] [lms_mapper_node]: 接收到激光数据: frame_id=laser, 点数=361
[INFO] [1742638497.872207835] [lms_mapper_node]: 【激光雷达坐标】x=0.0000, y=0.0000, theta=0.0000
[INFO] [1742638505.156426589] [lms_mapper_node]: 机器人静止中 (172.8秒)，跳过处理激光数据
⏳ 正在播放rosbag - 已等待 135/3600 秒...
当前活跃话题:
[INFO] [1742638514.497337968] [lms_mapper_node]: 机器人静止中 (182.1秒)，跳过处理激光数据
[INFO] [1742638514.499501343] [lms_mapper_node]: 接收到激光数据: frame_id=laser, 点数=361
[INFO] [1742638514.499903135] [lms_mapper_node]: 【激光雷达坐标】x=0.0000, y=0.0000, theta=0.0000
/clock
/events/read_split
/map
/odom
/parameter_events
/rosout
/scan
/tf
[INFO] [1742638520.195632137] [lms_mapper_node]: 机器人静止中 (187.8秒)，跳过处理激光数据
[INFO] [1742638523.711913083] [lms_mapper_node]: 【进度报告】运行时间: 218.6秒, 处理扫描: 1164帧, 轨迹点: 1164个, 障碍物格子: 95个, 轨迹已更新
[INFO] [1742638523.746313250] [lms_mapper_node]: 共绘制障碍物点 95个
[INFO] [1742638523.750933041] [lms_mapper_node]: 障碍物世界坐标范围: X=-1.50到0.90, Y=0.00到6.60
[INFO] [1742638523.766010500] [lms_mapper_node]: 中间地图 #4: 绘制轨迹 1164个点, 障碍物 95个
[INFO] [1742638526.122853459] [lms_mapper_node]: 地图显示边界: X=-20.0到50.0, Y=-20.0到55.0
[INFO] [1742638529.065550627] [lms_mapper_node]: 已保存中间地图 #4 到: map_checkpoint_4.png
⏳ 正在播放rosbag - 已等待 150/3600 秒...
当前活跃话题:
[INFO] [1742638533.771844963] [lms_mapper_node]: 机器人静止中 (201.4秒)，跳过处理激光数据
[INFO] [1742638533.772407130] [lms_mapper_node]: 机器人静止中: 201.4秒, 位置: (0.00, 0.00)
[INFO] [1742638533.795088755] [lms_mapper_node]: 接收到激光数据: frame_id=laser, 点数=361
[INFO] [1742638533.814635963] [lms_mapper_node]: 【激光雷达坐标】x=0.0000, y=0.0000, theta=0.0000
/clock
/events/read_split
/map
/odom
/parameter_events
/rosout
/scan
/tf
[INFO] [1742638539.646757007] [lms_mapper_node]: 机器人静止中 (207.3秒)，跳过处理激光数据
[INFO] [1742638546.727788427] [lms_mapper_node]: 机器人静止中 (214.3秒)，跳过处理激光数据
[INFO] [1742638546.822414219] [lms_mapper_node]: 接收到激光数据: frame_id=laser, 点数=361
[INFO] [1742638546.822808386] [lms_mapper_node]: 【激光雷达坐标】x=0.0000, y=0.0000, theta=0.0000
⏳ 正在播放rosbag - 已等待 165/3600 秒...
当前活跃话题:
[INFO] [1742638554.012147000] [lms_mapper_node]: 机器人静止中 (221.6秒)，跳过处理激光数据
/clock
/events/read_split
/map
/odom
/parameter_events
/rosout
/scan
/tf
[INFO] [1742638561.087694462] [lms_mapper_node]: 机器人静止中 (228.7秒)，跳过处理激光数据
[INFO] [1742638561.088315337] [lms_mapper_node]: 机器人静止中: 228.7秒, 位置: (0.00, 0.00)
[INFO] [1742638561.195130920] [lms_mapper_node]: 接收到激光数据: frame_id=laser, 点数=361
[INFO] [1742638561.195447670] [lms_mapper_node]: 【激光雷达坐标】x=0.0000, y=0.0000, theta=0.0000
[INFO] [1742638568.099106382] [lms_mapper_node]: 机器人静止中 (235.7秒)，跳过处理激光数据
[INFO] [1742638575.415800135] [lms_mapper_node]: 【进度报告】运行时间: 270.2秒, 处理扫描: 1478帧, 轨迹点: 1478个, 障碍物格子: 95个, 轨迹已更新
⏳ 正在播放rosbag - 已等待 180/3600 秒...
当前活跃话题:
[INFO] [1742638575.578194927] [lms_mapper_node]: 共绘制障碍物点 95个
[INFO] [1742638575.579331635] [lms_mapper_node]: 障碍物世界坐标范围: X=-1.50到0.90, Y=0.00到6.60
[INFO] [1742638575.632789844] [lms_mapper_node]: 中间地图 #5: 绘制轨迹 1478个点, 障碍物 95个
[INFO] [1742638578.751625220] [lms_mapper_node]: 地图显示边界: X=-20.0到50.0, Y=-20.0到55.0
/clock
/events/read_split
/map
/odom
/parameter_events
/rosout
/scan
/tf
[INFO] [1742638581.858007055] [lms_mapper_node]: 已保存中间地图 #5 到: map_checkpoint_5.png
[INFO] [1742638583.465042250] [lms_mapper_node]: 机器人静止中 (251.1秒)，跳过处理激光数据
[INFO] [1742638583.639782250] [lms_mapper_node]: 接收到激光数据: frame_id=laser, 点数=361
[INFO] [1742638583.640083875] [lms_mapper_node]: 【激光雷达坐标】x=0.0000, y=0.0000, theta=0.0000
[INFO] [1742638590.548418961] [lms_mapper_node]: 机器人静止中 (258.2秒)，跳过处理激光数据
⏳ 正在播放rosbag - 已等待 195/3600 秒...
当前活跃话题:
[INFO] [1742638597.540955381] [lms_mapper_node]: 机器人静止中 (265.1秒)，跳过处理激光数据
[INFO] [1742638597.543637090] [lms_mapper_node]: 机器人静止中: 265.2秒, 位置: (0.00, 0.00)
[INFO] [1742638597.712640840] [lms_mapper_node]: 接收到激光数据: frame_id=laser, 点数=361
[INFO] [1742638597.742928090] [lms_mapper_node]: 【激光雷达坐标】x=0.0000, y=0.0000, theta=0.0000
/clock
/events/read_split
/map
/odom
/parameter_events
/rosout
/scan
/tf
[INFO] [1742638605.020129552] [lms_mapper_node]: 机器人静止中 (272.6秒)，跳过处理激光数据
[INFO] [1742638612.076775722] [lms_mapper_node]: 机器人静止中 (279.7秒)，跳过处理激光数据
[INFO] [1742638612.200917930] [lms_mapper_node]: 接收到激光数据: frame_id=laser, 点数=361
[INFO] [1742638612.201342263] [lms_mapper_node]: 【激光雷达坐标】x=0.0000, y=0.0000, theta=0.0000
⏳ 正在播放rosbag - 已等待 210/3600 秒...
当前活跃话题:
[INFO] [1742638619.083002877] [lms_mapper_node]: 机器人静止中 (286.7秒)，跳过处理激光数据
/clock
/events/read_split
/map
/odom
/parameter_events
/rosout
/scan
/tf
[INFO] [1742638624.107074921] [lms_mapper_node]: 【进度报告】运行时间: 319.0秒, 处理扫描: 1772帧, 轨迹点: 1772个, 障碍物格子: 95个, 轨迹已更新
[INFO] [1742638624.177293671] [lms_mapper_node]: 共绘制障碍物点 95个
[INFO] [1742638624.178185630] [lms_mapper_node]: 障碍物世界坐标范围: X=-1.50到0.90, Y=0.00到6.60
[INFO] [1742638624.203862546] [lms_mapper_node]: 中间地图 #6: 绘制轨迹 1772个点, 障碍物 95个
[INFO] [1742638626.207658214] [lms_mapper_node]: 地图显示边界: X=-20.0到50.0, Y=-20.0到55.0
[INFO] [1742638629.397974299] [lms_mapper_node]: 已保存中间地图 #6 到: map_checkpoint_6.png
[INFO] [1742638631.912875592] [lms_mapper_node]: 机器人静止中: 299.5秒, 位置: (0.00, 0.00)
[INFO] [1742638631.913435508] [lms_mapper_node]: 机器人静止中 (299.5秒)，跳过处理激光数据
[INFO] [1742638632.083714592] [lms_mapper_node]: 接收到激光数据: frame_id=laser, 点数=361
[INFO] [1742638632.084663759] [lms_mapper_node]: 【激光雷达坐标】x=0.0000, y=0.0000, theta=0.0000
[INFO] [1742638639.125558054] [lms_mapper_node]: 机器人静止中 (306.7秒)，跳过处理激光数据
⏳ 正在播放rosbag - 已等待 225/3600 秒...
当前活跃话题:
/clock
/events/read_split
/map
/odom
/parameter_events
/rosout
/scan
/tf
[INFO] [1742638646.152127543] [lms_mapper_node]: 机器人静止中 (313.8秒)，跳过处理激光数据
[INFO] [1742638646.335645751] [lms_mapper_node]: 接收到激光数据: frame_id=laser, 点数=361
[INFO] [1742638646.336045043] [lms_mapper_node]: 【激光雷达坐标】x=0.0000, y=0.0000, theta=0.0000
[INFO] [1742638653.670975130] [lms_mapper_node]: 机器人静止中 (321.3秒)，跳过处理激光数据
⏳ 正在播放rosbag - 已等待 240/3600 秒...
当前活跃话题:
[INFO] [1742638660.226226216] [lms_mapper_node]: 机器人静止中 (327.8秒)，跳过处理激光数据
[INFO] [1742638660.229934716] [lms_mapper_node]: 机器人静止中: 327.8秒, 位置: (0.00, 0.20)
[INFO] [1742638660.400234716] [lms_mapper_node]: 接收到激光数据: frame_id=laser, 点数=361
[INFO] [1742638660.400584091] [lms_mapper_node]: 【激光雷达坐标】x=0.0029, y=0.1991, theta=-0.0039
[INFO] [1742638664.341839468] [lms_mapper_node]: 检测到机器人开始行驶，总静止时间: 331.91秒，当前位置: (0.00, 0.45)
[WARN] [1742638664.343021343] [lms_mapper_node]: 激光扫描处理间隔较长: 331.77秒
[INFO] [1742638664.419475218] [lms_mapper_node]: 检测到机器人可能已到达终点，静止时间: 332.03秒，总行驶距离: 0.46米
/clock
/events/read_split
/map
/odom
/parameter_events
/rosout
/scan
/tf
[INFO] [1742638667.982313178] [lms_mapper_node]: 机器人静止中 (3.6秒)，跳过处理激光数据
[INFO] [1742638674.274531875] [lms_mapper_node]: 【进度报告】运行时间: 369.2秒, 处理扫描: 2080帧, 轨迹点: 2080个, 障碍物格子: 234个, 轨迹已更新
[INFO] [1742638674.371657000] [lms_mapper_node]: 共绘制障碍物点 234个
[INFO] [1742638674.373002292] [lms_mapper_node]: 障碍物世界坐标范围: X=-1.50到1.30, Y=0.00到6.60
[INFO] [1742638674.373437875] [lms_mapper_node]: 中间地图 #7: 绘制轨迹 2080个点, 障碍物 234个
[INFO] [1742638677.580024210] [lms_mapper_node]: 地图显示边界: X=-20.0到50.0, Y=-20.0到55.0
[INFO] [1742638680.986417170] [lms_mapper_node]: 已保存中间地图 #7 到: map_checkpoint_7.png
[WARN] [1742638681.026498170] [lms_mapper_node]: 激光扫描处理间隔较长: 16.50秒
[INFO] [1742638682.264462796] [lms_mapper_node]: 机器人静止中 (1.2秒)，跳过处理激光数据
⏳ 正在播放rosbag - 已等待 255/3600 秒...
当前活跃话题:
[INFO] [1742638684.449971630] [lms_mapper_node]: 接收到激光数据: frame_id=laser, 点数=361
[INFO] [1742638684.480059588] [lms_mapper_node]: 【激光雷达坐标】x=-0.0103, y=2.1598, theta=-0.0065
[WARN] [1742638684.481754130] [lms_mapper_node]: 激光扫描处理间隔较长: 3.37秒
/clock
/events/read_split
/map
/odom
/parameter_events
/rosout
/scan
/tf
[INFO] [1742638689.962188008] [lms_mapper_node]: 机器人静止中 (5.5秒)，跳过处理激光数据
[INFO] [1742638697.907365970] [lms_mapper_node]: 机器人静止中 (13.3秒)，跳过处理激光数据
[INFO] [1742638697.909348261] [lms_mapper_node]: 机器人静止中: 365.5秒, 位置: (-0.03, 3.63)
[INFO] [1742638697.951400303] [lms_mapper_node]: 接收到激光数据: frame_id=laser, 点数=361
[INFO] [1742638697.951931428] [lms_mapper_node]: 【激光雷达坐标】x=-0.0346, y=3.6299, theta=0.0213
[INFO] [1742638704.481500542] [lms_mapper_node]: 机器人静止中 (20.0秒)，跳过处理激光数据
⏳ 正在播放rosbag - 已等待 270/3600 秒...
当前活跃话题:
/clock
/events/read_split
/map
/odom
/parameter_events
/rosout
/scan
/tf
[INFO] [1742638711.559287254] [lms_mapper_node]: 机器人静止中 (27.1秒)，跳过处理激光数据
[INFO] [1742638711.656812920] [lms_mapper_node]: 接收到激光数据: frame_id=laser, 点数=361
[INFO] [1742638711.657131837] [lms_mapper_node]: 【激光雷达坐标】x=-0.1111, y=4.9839, theta=0.0676
[INFO] [1742638718.547708299] [lms_mapper_node]: 机器人静止中 (34.1秒)，跳过处理激光数据
[INFO] [1742638724.008238384] [lms_mapper_node]: 【进度报告】运行时间: 418.9秒, 处理扫描: 2375帧, 轨迹点: 2375个, 障碍物格子: 456个, 轨迹已更新
[INFO] [1742638724.065814259] [lms_mapper_node]: 共绘制障碍物点 456个
[INFO] [1742638724.111603259] [lms_mapper_node]: 障碍物世界坐标范围: X=-1.50到1.50, Y=0.00到11.00
[INFO] [1742638724.138619843] [lms_mapper_node]: 中间地图 #8: 绘制轨迹 2375个点, 障碍物 456个
⏳ 正在播放rosbag - 已等待 285/3600 秒...
当前活跃话题:
[INFO] [1742638727.095587553] [lms_mapper_node]: 地图显示边界: X=-20.0到50.0, Y=-20.0到55.0
/clock
/events/read_split
/map
/odom
/parameter_events
/rosout
/scan
/tf
[INFO] [1742638729.791817471] [lms_mapper_node]: 已保存中间地图 #8 到: map_checkpoint_8.png
[WARN] [1742638729.814624762] [lms_mapper_node]: 激光扫描处理间隔较长: 45.16秒
[INFO] [1742638731.822053555] [lms_mapper_node]: 机器人静止中: 399.4秒, 位置: (-0.32, 6.95)
[INFO] [1742638731.832416097] [lms_mapper_node]: 机器人静止中 (2.0秒)，跳过处理激光数据
[INFO] [1742638731.950620222] [lms_mapper_node]: 接收到激光数据: frame_id=laser, 点数=361
[INFO] [1742638731.950935638] [lms_mapper_node]: 【激光雷达坐标】x=-0.3158, y=6.9539, theta=0.0761
[INFO] [1742638738.834152127] [lms_mapper_node]: 机器人静止中 (9.0秒)，跳过处理激光数据
⏳ 正在播放rosbag - 已等待 300/3600 秒...
当前活跃话题:
[INFO] [1742638746.174549506] [lms_mapper_node]: 机器人静止中 (16.4秒)，跳过处理激光数据
[INFO] [1742638746.315147089] [lms_mapper_node]: 接收到激光数据: frame_id=laser, 点数=361
[INFO] [1742638746.315479006] [lms_mapper_node]: 【激光雷达坐标】x=-0.4469, y=8.3894, theta=0.0747
/clock
/events/read_split
/map
/odom
/parameter_events
/rosout
/scan
/tf
[INFO] [1742638754.071823551] [lms_mapper_node]: 机器人静止中 (24.3秒)，跳过处理激光数据
[INFO] [1742638760.554887888] [lms_mapper_node]: 机器人静止中: 428.1秒, 位置: (-0.49, 9.84)
[INFO] [1742638760.556338971] [lms_mapper_node]: 机器人静止中 (30.7秒)，跳过处理激光数据
[INFO] [1742638760.687633096] [lms_mapper_node]: 接收到激光数据: frame_id=laser, 点数=361
[INFO] [1742638760.688037554] [lms_mapper_node]: 【激光雷达坐标】x=-0.4856, y=9.8440, theta=0.0087
[WARN] [1742638764.137583125] [lms_mapper_node]: 激光扫描处理间隔较长: 34.13秒
⏳ 正在播放rosbag - 已等待 315/3600 秒...
当前活跃话题:
[INFO] [1742638768.039830002] [lms_mapper_node]: 机器人静止中 (3.9秒)，跳过处理激光数据
/clock
/events/read_split
/map
/odom
/parameter_events
/rosout
/scan
/tf
[INFO] [1742638773.761998130] [lms_mapper_node]: 【进度报告】运行时间: 468.7秒, 处理扫描: 2679帧, 轨迹点: 2679个, 障碍物格子: 894个, 轨迹已更新
[INFO] [1742638773.834743338] [lms_mapper_node]: 共绘制障碍物点 894个
[INFO] [1742638773.931713296] [lms_mapper_node]: 障碍物世界坐标范围: X=-2.60到1.50, Y=0.00到16.30
[INFO] [1742638773.932078796] [lms_mapper_node]: 中间地图 #9: 绘制轨迹 2679个点, 障碍物 894个
[INFO] [1742638776.048728006] [lms_mapper_node]: 地图显示边界: X=-20.0到50.0, Y=-20.0到55.0
[INFO] [1742638778.326795548] [lms_mapper_node]: 已保存中间地图 #9 到: map_checkpoint_9.png
[WARN] [1742638778.328675840] [lms_mapper_node]: 激光扫描处理间隔较长: 14.00秒
[INFO] [1742638779.843023466] [lms_mapper_node]: 机器人静止中 (1.5秒)，跳过处理激光数据
[INFO] [1742638780.018529508] [lms_mapper_node]: 接收到激光数据: frame_id=laser, 点数=361
[INFO] [1742638780.018834383] [lms_mapper_node]: 【激光雷达坐标】x=-0.4898, y=11.7316, theta=-0.0027
⏳ 正在播放rosbag - 已等待 330/3600 秒...
当前活跃话题:
[INFO] [1742638786.905382427] [lms_mapper_node]: 机器人静止中 (8.6秒)，跳过处理激光数据
/clock
/events/read_split
/map
/odom
/parameter_events
/rosout
/scan
/tf
[INFO] [1742638794.182837708] [lms_mapper_node]: 机器人静止中: 461.8秒, 位置: (-0.48, 13.10)
[INFO] [1742638794.188192458] [lms_mapper_node]: 机器人静止中 (15.9秒)，跳过处理激光数据
[INFO] [1742638794.356926333] [lms_mapper_node]: 接收到激光数据: frame_id=laser, 点数=361
[INFO] [1742638794.357285417] [lms_mapper_node]: 【激光雷达坐标】x=-0.4842, y=13.0963, theta=-0.0162
[INFO] [1742638801.260960962] [lms_mapper_node]: 机器人静止中 (22.9秒)，跳过处理激光数据
⏳ 正在播放rosbag - 已等待 345/3600 秒...
当前活跃话题:
[INFO] [1742638808.314478757] [lms_mapper_node]: 机器人静止中 (30.0秒)，跳过处理激光数据
[INFO] [1742638808.425226465] [lms_mapper_node]: 接收到激光数据: frame_id=laser, 点数=361
[INFO] [1742638808.425689590] [lms_mapper_node]: 【激光雷达坐标】x=-0.4716, y=14.8532, theta=-0.0242
/clock
/events/read_split
/map
/odom
/parameter_events
/rosout
/scan
/tf
[INFO] [1742638815.373531177] [lms_mapper_node]: 机器人静止中 (37.0秒)，跳过处理激光数据
[INFO] [1742638823.841707666] [lms_mapper_node]: 【进度报告】运行时间: 518.8秒, 处理扫描: 2998帧, 轨迹点: 2998个, 障碍物格子: 974个, 轨迹已更新
[INFO] [1742638823.879170666] [lms_mapper_node]: 共绘制障碍物点 974个
[INFO] [1742638823.903319375] [lms_mapper_node]: 障碍物世界坐标范围: X=-2.60到1.50, Y=0.00到18.80
[INFO] [1742638823.922687958] [lms_mapper_node]: 中间地图 #10: 绘制轨迹 2998个点, 障碍物 974个
[INFO] [1742638826.069098501] [lms_mapper_node]: 地图显示边界: X=-20.0到50.0, Y=-20.0到55.0
⏳ 正在播放rosbag - 已等待 360/3600 秒...
当前活跃话题:
[INFO] [1742638829.857876836] [lms_mapper_node]: 已保存中间地图 #10 到: map_checkpoint_10.png
[INFO] [1742638829.887683753] [lms_mapper_node]: 机器人停止移动
[WARN] [1742638829.888215003] [lms_mapper_node]: 激光扫描处理间隔较长: 51.39秒
[INFO] [1742638829.921248461] [lms_mapper_node]: 机器人静止中: 497.5秒, 位置: (-0.65, 17.86)
[INFO] [1742638829.956158419] [lms_mapper_node]: 接收到激光数据: frame_id=laser, 点数=361
[INFO] [1742638829.957621669] [lms_mapper_node]: 【激光雷达坐标】x=-0.6489, y=17.8599, theta=0.1145
[INFO] [1742638829.983699961] [lms_mapper_node]: 接收到激光数据: 361个点, 角度范围=[0.00, 3.14]
[INFO] [1742638829.984158211] [lms_mapper_node]: 有效激光点: 360/361
[INFO] [1742638829.984538128] [lms_mapper_node]: 机器人位姿: x=-0.65, y=17.86, theta=0.11, cos_theta=0.99, sin_theta=0.11
[INFO] [1742638829.985022669] [lms_mapper_node]: 激光点世界坐标范围: x=[-3.58, 0.38], y=[17.77, 43.48]
[INFO] [1742638829.985299878] [lms_mapper_node]: 【坐标转换样本】: 激光坐标(0.91,0.00)→世界坐标(0.26,17.96) | 激光坐标(1.12,1.12)→世界坐标(0.34,19.11) | 激光坐标(0.00,25.66)→世界坐标(-3.58,43.35) | 激光坐标(-0.98,0.96)→世界坐标(-1.73,18.70) | 激光坐标(-0.80,0.00)→世界坐标(-1.44,17.77)
/clock
/events/read_split
/map
/odom
/parameter_events
/rosout
/scan
/tf
[WARN] [1742638833.852347255] [lms_mapper_node]: 激光扫描处理间隔较长: 3.80秒
[INFO] [1742638836.036492214] [lms_mapper_node]: 机器人静止中 (2.2秒)，跳过处理激光数据
[WARN] [1742638843.840564426] [lms_mapper_node]: 激光扫描处理间隔较长: 9.83秒
[INFO] [1742638843.984056759] [lms_mapper_node]: 对栅格地图进行平滑处理，移除孤立点和填充墙壁空隙
⏳ 正在播放rosbag - 已等待 375/3600 秒...
当前活跃话题:
/clock
/events/read_split
/map
/odom
/parameter_events
/rosout
/scan
/tf
⏳ 正在播放rosbag - 已等待 390/3600 秒...
当前活跃话题:
/clock
/events/read_split
/map
/odom
/parameter_events
/rosout
/scan
/tf
[INFO] [1742638876.117025219] [lms_mapper_node]: 平滑处理完成: 移除了17个孤立点，填充了3个空隙点
[WARN] [1742638876.128377594] [lms_mapper_node]: 激光扫描处理间隔较长: 32.18秒
[INFO] [1742638876.129436469] [lms_mapper_node]: 【障碍物计算】机器人位置: x=-1.09, y=24.25, theta=0.00, 状态: 直线行驶
[INFO] [1742638876.136669094] [lms_mapper_node]: 接收到激光数据: frame_id=laser, 点数=361
[INFO] [1742638876.137023135] [lms_mapper_node]: 【激光雷达坐标】x=-1.0939, y=24.2968, theta=0.0030
[INFO] [1742638876.137340219] [lms_mapper_node]: 接收到激光数据: 361个点, 角度范围=[0.00, 3.14]
[INFO] [1742638876.137688927] [lms_mapper_node]: 有效激光点: 354/361
[INFO] [1742638876.137941594] [lms_mapper_node]: 机器人位姿: x=-1.09, y=24.30, theta=0.00, cos_theta=1.00, sin_theta=0.00
[INFO] [1742638876.138452385] [lms_mapper_node]: 激光点世界坐标范围: x=[-3.02, 0.02], y=[24.29, 45.64]
[INFO] [1742638876.138908927] [lms_mapper_node]: 【坐标转换样本】: 激光坐标(0.69,0.00)→世界坐标(-0.40,24.30) | 激光坐标(1.06,1.02)→世界坐标(-0.04,25.32) | 激光坐标(0.37,13.96)→世界坐标(-0.77,38.25) | 激光坐标(-1.09,1.05)→世界坐标(-2.18,25.34) | 激光坐标(-1.02,0.00)→世界坐标(-2.11,24.29)
[INFO] [1742638876.341653844] [lms_mapper_node]: 【进度报告】运行时间: 571.3秒, 处理扫描: 3101帧, 轨迹点: 3101个, 障碍物格子: 1634个, 轨迹已更新
[INFO] [1742638876.347721052] [lms_mapper_node]: 共绘制障碍物点 1634个
[INFO] [1742638876.354134802] [lms_mapper_node]: 障碍物世界坐标范围: X=-2.80到1.70, Y=0.00到31.20
[INFO] [1742638876.354418094] [lms_mapper_node]: 中间地图 #11: 绘制轨迹 3101个点, 障碍物 1634个
[INFO] [1742638878.636525428] [lms_mapper_node]: 地图显示边界: X=-20.1到50.0, Y=-20.0到65.8
[INFO] [1742638882.772801555] [lms_mapper_node]: 已保存中间地图 #11 到: map_checkpoint_11.png
[WARN] [1742638883.323345125] [lms_mapper_node]: 激光扫描处理间隔较长: 7.15秒
[WARN] [1742638885.355159792] [lms_mapper_node]: 激光扫描处理间隔较长: 1.92秒
⏳ 正在播放rosbag - 已等待 405/3600 秒...
当前活跃话题:
[INFO] [1742638890.413158211] [lms_mapper_node]: 机器人静止中 (5.1秒)，跳过处理激光数据
[WARN] [1742638893.893645630] [lms_mapper_node]: 激光扫描处理间隔较长: 8.34秒
/clock
/events/read_split
/map
/odom
/parameter_events
/rosout
/scan
/tf
[INFO] [1742638897.740953840] [lms_mapper_node]: 机器人静止中 (3.9秒)，跳过处理激光数据
[INFO] [1742638897.741680756] [lms_mapper_node]: 机器人静止中: 565.3秒, 位置: (-1.10, 27.89)
[INFO] [1742638897.872816715] [lms_mapper_node]: 接收到激光数据: frame_id=laser, 点数=361
[INFO] [1742638897.873937715] [lms_mapper_node]: 【激光雷达坐标】x=-1.1009, y=27.8883, theta=-0.0090
[INFO] [1742638904.805303218] [lms_mapper_node]: 机器人静止中 (10.9秒)，跳过处理激光数据
⏳ 正在播放rosbag - 已等待 420/3600 秒...
当前活跃话题:
[INFO] [1742638911.798064846] [lms_mapper_node]: 机器人静止中 (17.9秒)，跳过处理激光数据
[INFO] [1742638911.972521513] [lms_mapper_node]: 接收到激光数据: frame_id=laser, 点数=361
[INFO] [1742638911.972837972] [lms_mapper_node]: 【激光雷达坐标】x=-1.1027, y=30.2122, theta=-0.0306
[WARN] [1742638913.935763791] [lms_mapper_node]: 激光扫描处理间隔较长: 19.87秒
/clock
/events/read_split
/map
/odom
/parameter_events
/rosout
/scan
/tf
[INFO] [1742638919.153276502] [lms_mapper_node]: 机器人静止中 (5.2秒)，跳过处理激光数据
[INFO] [1742638924.014982546] [lms_mapper_node]: 【进度报告】运行时间: 619.0秒, 处理扫描: 3371帧, 轨迹点: 3371个, 障碍物格子: 2166个, 轨迹已更新
[INFO] [1742638924.073591505] [lms_mapper_node]: 共绘制障碍物点 2166个
[INFO] [1742638924.167248046] [lms_mapper_node]: 障碍物世界坐标范围: X=-2.80到1.70, Y=0.00到38.50
[INFO] [1742638924.167561755] [lms_mapper_node]: 中间地图 #12: 绘制轨迹 3371个点, 障碍物 2166个
[INFO] [1742638926.749587256] [lms_mapper_node]: 地图显示边界: X=-20.1到50.0, Y=-20.0到75.7
[INFO] [1742638929.992539507] [lms_mapper_node]: 已保存中间地图 #12 到: map_checkpoint_12.png
[WARN] [1742638930.013837507] [lms_mapper_node]: 激光扫描处理间隔较长: 15.89秒
⏳ 正在播放rosbag - 已等待 435/3600 秒...
当前活跃话题:
[INFO] [1742638933.686884759] [lms_mapper_node]: 机器人静止中 (3.7秒)，跳过处理激光数据
[INFO] [1742638933.687375843] [lms_mapper_node]: 机器人静止中: 601.3秒, 位置: (-1.01, 33.35)
[INFO] [1742638933.687814426] [lms_mapper_node]: 接收到激光数据: frame_id=laser, 点数=361
[INFO] [1742638933.688033884] [lms_mapper_node]: 【激光雷达坐标】x=-1.0129, y=33.3498, theta=-0.0531
/clock
/events/read_split
/map
/odom
/parameter_events
/rosout
/scan
/tf
[INFO] [1742638939.863550637] [lms_mapper_node]: 机器人静止中 (9.8秒)，跳过处理激光数据
[WARN] [1742638945.063327834] [lms_mapper_node]: 激光扫描处理间隔较长: 14.83秒
[INFO] [1742638948.301558585] [lms_mapper_node]: 机器人静止中 (3.3秒)，跳过处理激光数据
[INFO] [1742638948.383279044] [lms_mapper_node]: 接收到激光数据: frame_id=laser, 点数=361
[INFO] [1742638948.383710419] [lms_mapper_node]: 【激光雷达坐标】x=-0.9108, y=35.7621, theta=-0.0440
⏳ 正在播放rosbag - 已等待 450/3600 秒...
当前活跃话题:
[INFO] [1742638955.896115422] [lms_mapper_node]: 机器人静止中 (10.9秒)，跳过处理激光数据
/clock
/events/read_split
/map
/odom
/parameter_events
/rosout
/scan
/tf
[INFO] [1742638963.418325592] [lms_mapper_node]: 机器人静止中 (18.4秒)，跳过处理激光数据
[INFO] [1742638963.424912926] [lms_mapper_node]: 接收到激光数据: frame_id=laser, 点数=361
[INFO] [1742638963.425153717] [lms_mapper_node]: 【激光雷达坐标】x=-0.9423, y=37.4124, theta=0.0217
[INFO] [1742638963.425628009] [lms_mapper_node]: 机器人静止中: 631.0秒, 位置: (-0.94, 37.42)
[INFO] [1742638970.112007346] [lms_mapper_node]: 机器人静止中 (25.1秒)，跳过处理激光数据
⏳ 正在播放rosbag - 已等待 465/3600 秒...
当前活跃话题:
[INFO] [1742638974.125027583] [lms_mapper_node]: 【进度报告】运行时间: 669.0秒, 处理扫描: 3662帧, 轨迹点: 3661个, 障碍物格子: 2497个, 轨迹已更新
[INFO] [1742638974.177236125] [lms_mapper_node]: 共绘制障碍物点 2497个
[INFO] [1742638975.035286958] [lms_mapper_node]: 障碍物世界坐标范围: X=-5.70到1.70, Y=0.00到45.70
[INFO] [1742638975.037559000] [lms_mapper_node]: 中间地图 #13: 绘制轨迹 3661个点, 障碍物 2497个
[INFO] [1742638977.720275876] [lms_mapper_node]: 地图显示边界: X=-20.6到50.0, Y=-20.0到77.5
/clock
/events/read_split
/map
/odom
/parameter_events
/rosout
/scan
/tf
[INFO] [1742638980.232267503] [lms_mapper_node]: 已保存中间地图 #13 到: map_checkpoint_13.png
[INFO] [1742638980.236344378] [lms_mapper_node]: 检测到机器人开始转弯，角度变化率: 0.1111 rad/s, 障碍物距离限制: 2.52m
[WARN] [1742638980.244347253] [lms_mapper_node]: 激光扫描处理间隔较长: 35.04秒
[INFO] [1742638980.406060169] [lms_mapper_node]: 机器人转弯结束，角度变化率降低到: 0.0118 rad/s
[WARN] [1742638984.288541588] [lms_mapper_node]: 激光扫描处理间隔较长: 3.85秒
[INFO] [1742638984.800652421] [lms_mapper_node]: 机器人静止中 (0.5秒)，跳过处理激光数据
[INFO] [1742638984.979504547] [lms_mapper_node]: 接收到激光数据: frame_id=laser, 点数=361
[INFO] [1742638984.979794422] [lms_mapper_node]: 【激光雷达坐标】x=0.5830, y=38.7541, theta=-1.3793
[INFO] [1742638991.850759800] [lms_mapper_node]: 机器人静止中 (7.6秒)，跳过处理激光数据
⏳ 正在播放rosbag - 已等待 480/3600 秒...
当前活跃话题:
[INFO] [1742638998.931010261] [lms_mapper_node]: 机器人静止中 (14.7秒)，跳过处理激光数据
[INFO] [1742638999.021152262] [lms_mapper_node]: 接收到激光数据: frame_id=laser, 点数=361
[INFO] [1742638999.021509178] [lms_mapper_node]: 【激光雷达坐标】x=2.4832, y=39.0650, theta=-1.4376
[INFO] [1742638999.022080928] [lms_mapper_node]: 机器人静止中: 666.6秒, 位置: (2.50, 39.07)
/clock
/events/read_split
/map
/odom
/parameter_events
/rosout
/scan
/tf
[WARN] [1742639003.904209375] [lms_mapper_node]: 激光扫描处理间隔较长: 19.45秒
[INFO] [1742639006.314147251] [lms_mapper_node]: 机器人静止中 (2.4秒)，跳过处理激光数据
[WARN] [1742639014.085747629] [lms_mapper_node]: 激光扫描处理间隔较长: 10.00秒
[INFO] [1742639014.276644629] [lms_mapper_node]: 地图统计: 总栅格数=1000000, 占用数=3106, 占用率=0.31%
[INFO] [1742639014.277008296] [lms_mapper_node]: 地图边界: x=[-5.65, 24.78], y=[0.00, 57.49]
[INFO] [1742639014.277353879] [lms_mapper_node]: 总共处理了3896个激光帧, 35321个有效激光点
[INFO] [1742639014.277621588] [lms_mapper_node]: 已记录35669个原始障碍物点坐标，用于最终地图生成
[INFO] [1742639014.278580129] [lms_mapper_node]: 对栅格地图进行平滑处理，移除孤立点和填充墙壁空隙
⏳ 正在播放rosbag - 已等待 495/3600 秒...
当前活跃话题:
/clock
/events/read_split
/map
/odom
/parameter_events
/rosout
/scan
/tf
⏳ 正在播放rosbag - 已等待 510/3600 秒...
当前活跃话题:
[INFO] [1742639039.146841252] [lms_mapper_node]: 平滑处理完成: 移除了24个孤立点，填充了4个空隙点
[WARN] [1742639039.189475085] [lms_mapper_node]: 激光扫描处理间隔较长: 24.93秒
[INFO] [1742639039.190371669] [lms_mapper_node]: 【障碍物计算】机器人位置: x=8.54, y=39.20, theta=-1.56, 状态: 直线行驶
[INFO] [1742639041.571086712] [lms_mapper_node]: 【进度报告】运行时间: 736.5秒, 处理扫描: 3898帧, 轨迹点: 3897个, 障碍物格子: 3193个, 轨迹已更新
[INFO] [1742639041.653462545] [lms_mapper_node]: 共绘制障碍物点 3193个
[INFO] [1742639041.865896212] [lms_mapper_node]: 障碍物世界坐标范围: X=-5.70到13.30, Y=0.00到41.70
[INFO] [1742639041.866272420] [lms_mapper_node]: 中间地图 #14: 绘制轨迹 3897个点, 障碍物 3193个
/clock
/events/read_split
/map
/odom
/parameter_events
/rosout
/scan
/tf
[INFO] [1742639044.822743005] [lms_mapper_node]: 地图显示边界: X=-20.6到50.0, Y=-20.0到77.5
[INFO] [1742639048.159360423] [lms_mapper_node]: 已保存中间地图 #14 到: map_checkpoint_14.png
[INFO] [1742639048.195198381] [lms_mapper_node]: 机器人停止移动
[WARN] [1742639048.195635381] [lms_mapper_node]: 激光扫描处理间隔较长: 8.97秒
[INFO] [1742639049.696903674] [lms_mapper_node]: 接收到激光数据: frame_id=laser, 点数=361
[INFO] [1742639049.699849424] [lms_mapper_node]: 【激光雷达坐标】x=9.9802, y=39.2521, theta=-1.5435
[WARN] [1742639049.711885049] [lms_mapper_node]: 激光扫描处理间隔较长: 1.51秒
[INFO] [1742639053.829508634] [lms_mapper_node]: 机器人停止移动
[WARN] [1742639053.829865759] [lms_mapper_node]: 激光扫描处理间隔较长: 3.93秒
[INFO] [1742639055.499757177] [lms_mapper_node]: 机器人静止中 (1.7秒)，跳过处理激光数据
⏳ 正在播放rosbag - 已等待 525/3600 秒...
当前活跃话题:
/clock
/events/read_split
/map
/odom
/parameter_events
/rosout
/scan
/tf
[WARN] [1742639063.918213541] [lms_mapper_node]: 激光扫描处理间隔较长: 9.91秒
[INFO] [1742639064.041331291] [lms_mapper_node]: 接收到激光数据: frame_id=laser, 点数=361
[INFO] [1742639064.041662125] [lms_mapper_node]: 【激光雷达坐标】x=12.5052, y=39.3840, theta=-1.5289
[INFO] [1742639064.041939583] [lms_mapper_node]: 接收到激光数据: 361个点, 角度范围=[0.00, 3.14]
[INFO] [1742639064.042245416] [lms_mapper_node]: 有效激光点: 351/361
[INFO] [1742639064.042499416] [lms_mapper_node]: 机器人位姿: x=12.51, y=39.38, theta=-1.53, cos_theta=0.04, sin_theta=-1.00
[INFO] [1742639064.064153875] [lms_mapper_node]: 激光点世界坐标范围: x=[12.45, 31.15], y=[37.73, 40.76]
[INFO] [1742639064.064470250] [lms_mapper_node]: 【坐标转换样本】: 激光坐标(0.77,0.00)→世界坐标(12.54,38.61) | 激光坐标(0.85,0.81)→世界坐标(13.35,38.57) | 激光坐标(-0.39,8.90)→世界坐标(21.38,40.15) | 激光坐标(-1.24,1.18)→世界坐标(13.63,40.67) | 激光坐标(-1.38,0.00)→世界坐标(12.45,40.76)
[INFO] [1742639064.095342500] [lms_mapper_node]: 机器人静止中: 731.7秒, 位置: (12.53, 39.39)
[INFO] [1742639069.962762211] [lms_mapper_node]: 机器人静止中 (6.0秒)，跳过处理激光数据
[INFO] [1742639074.219850254] [lms_mapper_node]: 【进度报告】运行时间: 769.1秒, 处理扫描: 4066帧, 轨迹点: 4065个, 障碍物格子: 3838个, 轨迹已更新
[INFO] [1742639074.278892963] [lms_mapper_node]: 共绘制障碍物点 3838个
[INFO] [1742639074.439977088] [lms_mapper_node]: 障碍物世界坐标范围: X=-5.70到19.30, Y=0.00到43.90
[INFO] [1742639074.465512213] [lms_mapper_node]: 中间地图 #15: 绘制轨迹 4065个点, 障碍物 3838个
[INFO] [1742639077.556721798] [lms_mapper_node]: 地图显示边界: X=-20.6到53.2, Y=-20.0到77.5
⏳ 正在播放rosbag - 已等待 540/3600 秒...
当前活跃话题:
[INFO] [1742639079.660124507] [lms_mapper_node]: 已保存中间地图 #15 到: map_checkpoint_15.png
[WARN] [1742639079.676660382] [lms_mapper_node]: 激光扫描处理间隔较长: 15.58秒
[WARN] [1742639084.005708842] [lms_mapper_node]: 激光扫描处理间隔较长: 4.13秒
[INFO] [1742639084.305521634] [lms_mapper_node]: 接收到激光数据: frame_id=laser, 点数=361
[INFO] [1742639084.307045718] [lms_mapper_node]: 【激光雷达坐标】x=15.7431, y=39.5317, theta=-1.5187
/clock
/events/read_split
/map
/odom
/parameter_events
/rosout
/scan
/tf
[INFO] [1742639090.334317054] [lms_mapper_node]: 机器人静止中 (6.3秒)，跳过处理激光数据
[WARN] [1742639093.887151291] [lms_mapper_node]: 激光扫描处理间隔较长: 9.69秒
[INFO] [1742639097.662459293] [lms_mapper_node]: 机器人静止中 (3.8秒)，跳过处理激光数据
[INFO] [1742639097.775717251] [lms_mapper_node]: 接收到激光数据: frame_id=laser, 点数=361
[INFO] [1742639097.776056293] [lms_mapper_node]: 【激光雷达坐标】x=18.0056, y=39.6678, theta=-1.5530
[INFO] [1742639097.801057376] [lms_mapper_node]: 机器人静止中: 765.4秒, 位置: (18.02, 39.67)
⏳ 正在播放rosbag - 已等待 555/3600 秒...
当前活跃话题:
[INFO] [1742639104.725277755] [lms_mapper_node]: 机器人静止中 (10.8秒)，跳过处理激光数据
/clock
/events/read_split
/map
/odom
/parameter_events
/rosout
/scan
/tf
[INFO] [1742639111.727250300] [lms_mapper_node]: 机器人静止中 (17.8秒)，跳过处理激光数据
[INFO] [1742639111.885278591] [lms_mapper_node]: 接收到激光数据: frame_id=laser, 点数=361
[INFO] [1742639111.885568008] [lms_mapper_node]: 【激光雷达坐标】x=20.3342, y=39.5345, theta=-1.6821
[INFO] [1742639118.929862678] [lms_mapper_node]: 机器人静止中 (25.0秒)，跳过处理激光数据
⏳ 正在播放rosbag - 已等待 570/3600 秒...
当前活跃话题:
[INFO] [1742639123.841159139] [lms_mapper_node]: 【进度报告】运行时间: 818.8秒, 处理扫描: 4373帧, 轨迹点: 4372个, 障碍物格子: 4210个, 轨迹已更新
[INFO] [1742639123.912252875] [lms_mapper_node]: 共绘制障碍物点 4210个
[INFO] [1742639124.181331000] [lms_mapper_node]: 障碍物世界坐标范围: X=-5.70到32.40, Y=0.00到43.90
[INFO] [1742639124.182149875] [lms_mapper_node]: 中间地图 #16: 绘制轨迹 4372个点, 障碍物 4210个
/clock
/events/read_split
/map
/odom
/parameter_events
/rosout
/scan
/tf
[INFO] [1742639126.957754251] [lms_mapper_node]: 地图显示边界: X=-20.6到59.3, Y=-20.0到77.5
[INFO] [1742639131.772337587] [lms_mapper_node]: 已保存中间地图 #16 到: map_checkpoint_16.png
[WARN] [1742639132.188355587] [lms_mapper_node]: 激光扫描处理间隔较长: 38.14秒
[INFO] [1742639134.398888255] [lms_mapper_node]: 机器人静止中 (2.2秒)，跳过处理激光数据
[INFO] [1742639134.551070088] [lms_mapper_node]: 接收到激光数据: frame_id=laser, 点数=361
[INFO] [1742639134.551408963] [lms_mapper_node]: 【激光雷达坐标】x=23.8625, y=39.6651, theta=-1.4734
[INFO] [1742639134.552052005] [lms_mapper_node]: 机器人静止中: 802.2秒, 位置: (23.88, 39.67)
[INFO] [1742639141.441788175] [lms_mapper_node]: 机器人静止中 (9.3秒)，跳过处理激光数据
⏳ 正在播放rosbag - 已等待 585/3600 秒...
当前活跃话题:
/clock
/events/read_split
/map
/odom
/parameter_events
/rosout
/scan
/tf
[INFO] [1742639148.495948845] [lms_mapper_node]: 机器人静止中 (16.3秒)，跳过处理激光数据
[INFO] [1742639148.671647886] [lms_mapper_node]: 接收到激光数据: frame_id=laser, 点数=361
[INFO] [1742639148.671967261] [lms_mapper_node]: 【激光雷达坐标】x=26.1162, y=39.9675, theta=-1.4501
[WARN] [1742639153.862259305] [lms_mapper_node]: 激光扫描处理间隔较长: 21.62秒
[INFO] [1742639153.954939875] [lms_mapper_node]: 对栅格地图进行平滑处理，移除孤立点和填充墙壁空隙
⏳ 正在播放rosbag - 已等待 600/3600 秒...
当前活跃话题:
/clock
/events/read_split
/map
/odom
/parameter_events
/rosout
/scan
/tf
[INFO] [1742639184.107776708] [lms_mapper_node]: 平滑处理完成: 移除了41个孤立点，填充了6个空隙点
[INFO] [1742639184.229536083] [lms_mapper_node]: 检测到机器人开始转弯，角度变化率: 0.0439 rad/s, 障碍物距离限制: 3.41m
[WARN] [1742639184.285508041] [lms_mapper_node]: 激光扫描处理间隔较长: 30.33秒
[INFO] [1742639184.309957000] [lms_mapper_node]: 【障碍物计算】机器人位置: x=31.53, y=39.86, theta=-1.71, 状态: 正在转弯
⏳ 正在播放rosbag - 已等待 615/3600 秒...
当前活跃话题:
[INFO] [1742639186.206438459] [lms_mapper_node]: 【进度报告】运行时间: 881.1秒, 处理扫描: 4533帧, 轨迹点: 4532个, 障碍物格子: 4540个, 轨迹已更新
[INFO] [1742639186.241454126] [lms_mapper_node]: 共绘制障碍物点 4540个
[INFO] [1742639186.306390626] [lms_mapper_node]: 障碍物世界坐标范围: X=-5.70到33.70, Y=0.00到43.30
[INFO] [1742639186.306763084] [lms_mapper_node]: 中间地图 #17: 绘制轨迹 4532个点, 障碍物 4540个
/clock
/events/read_split
/map
/odom
/parameter_events
/rosout
/scan
/tf
[INFO] [1742639189.058163294] [lms_mapper_node]: 地图显示边界: X=-20.6到67.0, Y=-20.0到77.5
[INFO] [1742639193.993426421] [lms_mapper_node]: 已保存中间地图 #17 到: map_checkpoint_17.png
[WARN] [1742639194.152283963] [lms_mapper_node]: 激光扫描处理间隔较长: 9.81秒
[WARN] [1742639195.805332588] [lms_mapper_node]: 激光扫描处理间隔较长: 1.56秒
[INFO] [1742639195.838408005] [lms_mapper_node]: 机器人转弯结束，角度变化率降低到: 0.0138 rad/s
[INFO] [1742639196.384064339] [lms_mapper_node]: 机器人静止中 (0.5秒)，跳过处理激光数据
[INFO] [1742639203.497545967] [lms_mapper_node]: 机器人静止中 (7.7秒)，跳过处理激光数据
[INFO] [1742639203.603894842] [lms_mapper_node]: 接收到激光数据: frame_id=laser, 点数=361
[INFO] [1742639203.604253842] [lms_mapper_node]: 【激光雷达坐标】x=33.8325, y=39.3354, theta=-1.9360
[INFO] [1742639203.604778342] [lms_mapper_node]: 机器人静止中: 871.2秒, 位置: (33.83, 39.34)
⏳ 正在播放rosbag - 已等待 630/3600 秒...
当前活跃话题:
/clock
/events/read_split
/map
/odom
/parameter_events
/rosout
/scan
/tf
[INFO] [1742639210.493447387] [lms_mapper_node]: 机器人静止中 (14.7秒)，跳过处理激光数据
[INFO] [1742639217.825025126] [lms_mapper_node]: 机器人静止中 (22.0秒)，跳过处理激光数据
[INFO] [1742639217.936755543] [lms_mapper_node]: 接收到激光数据: frame_id=laser, 点数=361
[INFO] [1742639217.951726001] [lms_mapper_node]: 【激光雷达坐标】x=34.6797, y=38.4873, theta=-2.5658
[INFO] [1742639223.377399462] [lms_mapper_node]: 【进度报告】运行时间: 918.3秒, 处理扫描: 4731帧, 轨迹点: 4730个, 障碍物格子: 5034个, 轨迹已更新
[INFO] [1742639223.399305171] [lms_mapper_node]: 共绘制障碍物点 5034个
[INFO] [1742639223.655804046] [lms_mapper_node]: 障碍物世界坐标范围: X=-5.70到38.90, Y=0.00到43.30
[INFO] [1742639223.656170754] [lms_mapper_node]: 中间地图 #18: 绘制轨迹 4730个点, 障碍物 5034个
⏳ 正在播放rosbag - 已等待 645/3600 秒...
当前活跃话题:
[INFO] [1742639226.141562172] [lms_mapper_node]: 地图显示边界: X=-20.6到67.0, Y=-20.0到77.5
[INFO] [1742639230.363469841] [lms_mapper_node]: 已保存中间地图 #18 到: map_checkpoint_18.png
[WARN] [1742639230.418570507] [lms_mapper_node]: 激光扫描处理间隔较长: 34.40秒
[INFO] [1742639230.528654799] [lms_mapper_node]: 检测到机器人开始转弯，角度变化率: 0.0306 rad/s, 障碍物距离限制: 3.59m
[INFO] [1742639230.633181632] [lms_mapper_node]: 机器人转弯结束，角度变化率降低到: 0.0105 rad/s
/clock
/events/read_split
/map
/odom
/parameter_events
/rosout
/scan
/tf
[INFO] [1742639231.647104008] [lms_mapper_node]: 机器人静止中 (1.2秒)，跳过处理激光数据
[WARN] [1742639233.848570092] [lms_mapper_node]: 激光扫描处理间隔较长: 3.25秒
[INFO] [1742639238.921747928] [lms_mapper_node]: 机器人静止中 (5.1秒)，跳过处理激光数据
[INFO] [1742639239.095878595] [lms_mapper_node]: 接收到激光数据: frame_id=laser, 点数=361
[INFO] [1742639239.096877053] [lms_mapper_node]: 【激光雷达坐标】x=34.9099, y=35.7656, theta=3.1062
[INFO] [1742639239.117677137] [lms_mapper_node]: 机器人静止中: 906.7秒, 位置: (34.91, 35.74)
[WARN] [1742639244.057609041] [lms_mapper_node]: 激光扫描处理间隔较长: 10.04秒
[INFO] [1742639246.412601209] [lms_mapper_node]: 机器人静止中 (2.4秒)，跳过处理激光数据
⏳ 正在播放rosbag - 已等待 660/3600 秒...
当前活跃话题:
/clock
/events/read_split
/map
/odom
/parameter_events
/rosout
/scan
/tf
[INFO] [1742639254.767686338] [lms_mapper_node]: 机器人停止移动
[WARN] [1742639254.768540755] [lms_mapper_node]: 激光扫描处理间隔较长: 10.49秒
[INFO] [1742639255.003179713] [lms_mapper_node]: 机器人静止中 (0.3秒)，跳过处理激光数据
[INFO] [1742639255.003990088] [lms_mapper_node]: 接收到激光数据: frame_id=laser, 点数=361
[INFO] [1742639255.004323505] [lms_mapper_node]: 【激光雷达坐标】x=34.9119, y=33.3595, theta=-3.1280
[INFO] [1742639261.944289883] [lms_mapper_node]: 机器人静止中 (7.2秒)，跳过处理激光数据
[WARN] [1742639264.013182551] [lms_mapper_node]: 激光扫描处理间隔较长: 9.11秒
[INFO] [1742639269.394426595] [lms_mapper_node]: 机器人静止中 (5.4秒)，跳过处理激光数据
[INFO] [1742639269.481285803] [lms_mapper_node]: 接收到激光数据: frame_id=laser, 点数=361
[INFO] [1742639269.502729720] [lms_mapper_node]: 【激光雷达坐标】x=35.0021, y=31.0895, theta=-3.1292
[INFO] [1742639269.656573803] [lms_mapper_node]: 机器人静止中: 937.3秒, 位置: (35.00, 31.05)
⏳ 正在播放rosbag - 已等待 675/3600 秒...
当前活跃话题:
[INFO] [1742639274.322526375] [lms_mapper_node]: 【进度报告】运行时间: 969.3秒, 处理扫描: 5021帧, 轨迹点: 5019个, 障碍物格子: 5854个, 轨迹已更新
/clock
/events/read_split
/map
/odom
/parameter_events
/rosout
/scan
/tf
[INFO] [1742639274.415002791] [lms_mapper_node]: 共绘制障碍物点 5854个
[INFO] [1742639274.672670958] [lms_mapper_node]: 障碍物世界坐标范围: X=-5.70到38.90, Y=0.00到43.30
[INFO] [1742639274.681275916] [lms_mapper_node]: 中间地图 #19: 绘制轨迹 5019个点, 障碍物 5854个
[INFO] [1742639278.065582460] [lms_mapper_node]: 地图显示边界: X=-20.6到67.0, Y=-20.0到77.5
[INFO] [1742639282.127657212] [lms_mapper_node]: 已保存中间地图 #19 到: map_checkpoint_19.png
[WARN] [1742639282.191607878] [lms_mapper_node]: 激光扫描处理间隔较长: 17.96秒
[WARN] [1742639284.193726004] [lms_mapper_node]: 激光扫描处理间隔较长: 1.91秒
[INFO] [1742639286.129503547] [lms_mapper_node]: 机器人静止中 (1.9秒)，跳过处理激光数据
⏳ 正在播放rosbag - 已等待 690/3600 秒...
当前活跃话题:
[WARN] [1742639293.966538009] [lms_mapper_node]: 激光扫描处理间隔较长: 9.61秒
[INFO] [1742639294.052050884] [lms_mapper_node]: 地图统计: 总栅格数=1000000, 占用数=6212, 占用率=0.62%
[INFO] [1742639294.055796884] [lms_mapper_node]: 地图边界: x=[-5.65, 51.98], y=[0.00, 57.49]
[INFO] [1742639294.056037134] [lms_mapper_node]: 总共处理了5096个激光帧, 70903个有效激光点
[INFO] [1742639294.056293634] [lms_mapper_node]: 已记录71260个原始障碍物点坐标，用于最终地图生成
[INFO] [1742639294.057232551] [lms_mapper_node]: 对栅格地图进行平滑处理，移除孤立点和填充墙壁空隙
/clock
/events/read_split
/map
/odom
/parameter_events
/rosout
/scan
/tf
⏳ 正在播放rosbag - 已等待 705/3600 秒...
当前活跃话题:
/clock
/events/read_split
/map
/odom
/parameter_events
/rosout
/scan
/tf
[INFO] [1742639326.008466052] [lms_mapper_node]: 平滑处理完成: 移除了17个孤立点，填充了10个空隙点
[WARN] [1742639326.137536885] [lms_mapper_node]: 激光扫描处理间隔较长: 32.12秒
[INFO] [1742639326.171793427] [lms_mapper_node]: 【障碍物计算】机器人位置: x=35.36, y=22.21, theta=-3.02, 状态: 直线行驶
[INFO] [1742639327.204346302] [lms_mapper_node]: 【进度报告】运行时间: 1022.1秒, 处理扫描: 5098帧, 轨迹点: 5096个, 障碍物格子: 6300个, 轨迹已更新
[INFO] [1742639327.223180094] [lms_mapper_node]: 共绘制障碍物点 6300个
[INFO] [1742639327.280880011] [lms_mapper_node]: 障碍物世界坐标范围: X=-5.70到38.60, Y=0.00到43.30
[INFO] [1742639327.281643386] [lms_mapper_node]: 中间地图 #20: 绘制轨迹 5096个点, 障碍物 6300个
[INFO] [1742639329.478599220] [lms_mapper_node]: 地图显示边界: X=-20.6到67.0, Y=-20.0到77.5
[INFO] [1742639332.996048722] [lms_mapper_node]: 已保存中间地图 #20 到: map_checkpoint_20.png
[INFO] [1742639333.025599805] [lms_mapper_node]: 机器人停止移动
[WARN] [1742639333.045818805] [lms_mapper_node]: 激光扫描处理间隔较长: 6.81秒
[INFO] [1742639333.114884847] [lms_mapper_node]: 接收到激光数据: frame_id=laser, 点数=361
[INFO] [1742639333.115188388] [lms_mapper_node]: 【激光雷达坐标】x=35.5456, y=21.0915, theta=-2.9914
[INFO] [1742639333.119515972] [lms_mapper_node]: 接收到激光数据: 361个点, 角度范围=[0.00, 3.14]
[INFO] [1742639333.119963597] [lms_mapper_node]: 有效激光点: 357/361
[INFO] [1742639333.145528305] [lms_mapper_node]: 机器人位姿: x=35.55, y=21.09, theta=-2.99, cos_theta=-0.99, sin_theta=-0.15
[INFO] [1742639333.146476555] [lms_mapper_node]: 激光点世界坐标范围: x=[34.60, 40.63], y=[4.65, 21.26]
[INFO] [1742639333.146726972] [lms_mapper_node]: 【坐标转换样本】: 激光坐标(0.95,0.00)→世界坐标(34.61,20.95) | 激光坐标(0.70,0.69)→世界坐标(34.96,20.31) | 激光坐标(0.13,7.62)→世界坐标(36.55,13.54) | 激光坐标(-1.26,1.24)→世界坐标(36.98,20.05) | 激光坐标(-1.15,0.00)→世界坐标(36.68,21.26)
[WARN] [1742639334.957687833] [lms_mapper_node]: 激光扫描处理间隔较长: 1.84秒
⏳ 正在播放rosbag - 已等待 720/3600 秒...
当前活跃话题:
[INFO] [1742639340.370526336] [lms_mapper_node]: 机器人静止中 (5.4秒)，跳过处理激光数据
/clock
/events/read_split
/map
/odom
/parameter_events
/rosout
/scan
/tf
[WARN] [1742639344.105251504] [lms_mapper_node]: 激光扫描处理间隔较长: 8.96秒
[INFO] [1742639347.840894006] [lms_mapper_node]: 机器人静止中 (3.7秒)，跳过处理激光数据
[INFO] [1742639347.993077839] [lms_mapper_node]: 接收到激光数据: frame_id=laser, 点数=361
[INFO] [1742639347.993439506] [lms_mapper_node]: 【激光雷达坐标】x=35.9176, y=18.5377, theta=-3.0174
[INFO] [1742639348.235350590] [lms_mapper_node]: 机器人静止中: 1015.8秒, 位置: (35.92, 18.49)
[INFO] [1742639355.050519301] [lms_mapper_node]: 机器人静止中 (10.9秒)，跳过处理激光数据
⏳ 正在播放rosbag - 已等待 735/3600 秒...
当前活跃话题:
[INFO] [1742639362.073963930] [lms_mapper_node]: 机器人静止中 (18.0秒)，跳过处理激光数据
[INFO] [1742639362.200938805] [lms_mapper_node]: 接收到激光数据: frame_id=laser, 点数=361
[INFO] [1742639362.201286263] [lms_mapper_node]: 【激光雷达坐标】x=36.2319, y=16.4002, theta=-2.9611
/clock
/events/read_split
/map
/odom
/parameter_events
/rosout
/scan
/tf
[WARN] [1742639364.225951041] [lms_mapper_node]: 激光扫描处理间隔较长: 19.94秒
[INFO] [1742639369.693809169] [lms_mapper_node]: 机器人静止中 (5.5秒)，跳过处理激光数据
[INFO] [1742639374.213139838] [lms_mapper_node]: 【进度报告】运行时间: 1069.1秒, 处理扫描: 5368帧, 轨迹点: 5366个, 障碍物格子: 6847个, 轨迹已更新
[INFO] [1742639374.333364588] [lms_mapper_node]: 共绘制障碍物点 6847个
[INFO] [1742639375.940180589] [lms_mapper_node]: 障碍物世界坐标范围: X=-5.70到38.60, Y=0.00到43.30
[INFO] [1742639376.163699089] [lms_mapper_node]: 中间地图 #21: 绘制轨迹 5366个点, 障碍物 6847个
[INFO] [1742639378.914274715] [lms_mapper_node]: 地图显示边界: X=-20.6到67.0, Y=-20.0到77.5
⏳ 正在播放rosbag - 已等待 750/3600 秒...
当前活跃话题:
[INFO] [1742639381.578130841] [lms_mapper_node]: 已保存中间地图 #21 到: map_checkpoint_21.png
[INFO] [1742639381.653399050] [lms_mapper_node]: 检测到机器人开始转弯，角度变化率: 0.0754 rad/s, 障碍物距离限制: 2.99m
[INFO] [1742639381.654180716] [lms_mapper_node]: 机器人停止移动
[WARN] [1742639381.654521091] [lms_mapper_node]: 激光扫描处理间隔较长: 17.24秒
[INFO] [1742639381.816924466] [lms_mapper_node]: 机器人转弯结束，角度变化率降低到: 0.0091 rad/s
/clock
/events/read_split
/map
/odom
/parameter_events
/rosout
/scan
/tf
[INFO] [1742639384.575069801] [lms_mapper_node]: 机器人静止中 (2.9秒)，跳过处理激光数据
[INFO] [1742639384.749440343] [lms_mapper_node]: 接收到激光数据: frame_id=laser, 点数=361
[INFO] [1742639384.749767343] [lms_mapper_node]: 【激光雷达坐标】x=37.6928, y=14.2201, theta=-2.4837
[INFO] [1742639385.021802343] [lms_mapper_node]: 机器人静止中: 1052.6秒, 位置: (37.73, 14.17)
[INFO] [1742639391.619543929] [lms_mapper_node]: 机器人静止中 (10.0秒)，跳过处理激光数据
[WARN] [1742639394.177524041] [lms_mapper_node]: 激光扫描处理间隔较长: 12.34秒
[INFO] [1742639399.259677002] [lms_mapper_node]: 机器人静止中 (5.1秒)，跳过处理激光数据
[INFO] [1742639399.397551877] [lms_mapper_node]: 接收到激光数据: frame_id=laser, 点数=361
[INFO] [1742639399.397865627] [lms_mapper_node]: 【激光雷达坐标】x=38.7017, y=12.3603, theta=-2.8347
⏳ 正在播放rosbag - 已等待 765/3600 秒...
当前活跃话题:
[WARN] [1742639404.138110796] [lms_mapper_node]: 激光扫描处理间隔较长: 9.78秒
/clock
/events/read_split
/map
/odom
/parameter_events
/rosout
/scan
/tf
[INFO] [1742639406.736692964] [lms_mapper_node]: 机器人静止中 (2.6秒)，跳过处理激光数据
[WARN] [1742639414.260737259] [lms_mapper_node]: 激光扫描处理间隔较长: 9.96秒
[INFO] [1742639414.495494843] [lms_mapper_node]: 机器人静止中 (0.2秒)，跳过处理激光数据
[INFO] [1742639414.546063551] [lms_mapper_node]: 接收到激光数据: frame_id=laser, 点数=361
[INFO] [1742639414.546657009] [lms_mapper_node]: 【激光雷达坐标】x=39.0418, y=10.1327, theta=3.1147
[INFO] [1742639414.743114759] [lms_mapper_node]: 机器人静止中: 1082.4秒, 位置: (39.04, 10.07)
⏳ 正在播放rosbag - 已等待 780/3600 秒...
当前活跃话题:
[INFO] [1742639421.387098971] [lms_mapper_node]: 机器人静止中 (7.1秒)，跳过处理激光数据
/clock
/events/read_split
/map
/odom
/parameter_events
/rosout
/scan
/tf
[INFO] [1742639424.419574625] [lms_mapper_node]: 【进度报告】运行时间: 1119.3秒, 处理扫描: 5656帧, 轨迹点: 5653个, 障碍物格子: 7785个, 轨迹已更新
[INFO] [1742639424.470268750] [lms_mapper_node]: 共绘制障碍物点 7785个
[INFO] [1742639424.722768083] [lms_mapper_node]: 障碍物世界坐标范围: X=-5.70到42.40, Y=0.00到43.30
[INFO] [1742639424.731476291] [lms_mapper_node]: 中间地图 #22: 绘制轨迹 5653个点, 障碍物 7785个
[INFO] [1742639427.488048543] [lms_mapper_node]: 地图显示边界: X=-20.6到67.0, Y=-30.7到77.5
[INFO] [1742639429.319761794] [lms_mapper_node]: 已保存中间地图 #22 到: map_checkpoint_22.png
[WARN] [1742639429.354539127] [lms_mapper_node]: 激光扫描处理间隔较长: 14.92秒
[INFO] [1742639429.556999669] [lms_mapper_node]: 对栅格地图进行平滑处理，移除孤立点和填充墙壁空隙
⏳ 正在播放rosbag - 已等待 795/3600 秒...
当前活跃话题:
/clock
/events/read_split
/map
/odom
/parameter_events
/rosout
/scan
/tf
⏳ 正在播放rosbag - 已等待 810/3600 秒...
当前活跃话题:
/clock
/events/read_split
/map
/odom
/parameter_events
/rosout
/scan
/tf
[INFO] [1742639466.739359589] [lms_mapper_node]: 平滑处理完成: 移除了31个孤立点，填充了10个空隙点
[INFO] [1742639466.843994797] [lms_mapper_node]: 检测到机器人开始转弯，角度变化率: 0.1111 rad/s, 障碍物距离限制: 2.52m
[WARN] [1742639466.912627964] [lms_mapper_node]: 激光扫描处理间隔较长: 37.41秒
[INFO] [1742639466.913777922] [lms_mapper_node]: 【障碍物计算】机器人位置: x=38.40, y=2.09, theta=2.59, 状态: 正在转弯
[WARN] [1742639469.106359673] [lms_mapper_node]: 激光扫描处理间隔较长: 2.14秒
[INFO] [1742639469.403109132] [lms_mapper_node]: 机器人转弯结束，角度变化率降低到: 0.0027 rad/s
[INFO] [1742639474.152334676] [lms_mapper_node]: 【进度报告】运行时间: 1169.1秒, 处理扫描: 5696帧, 轨迹点: 5692个, 障碍物格子: 8027个, 轨迹已更新
[INFO] [1742639474.284421134] [lms_mapper_node]: 共绘制障碍物点 8027个
[INFO] [1742639474.765285426] [lms_mapper_node]: 障碍物世界坐标范围: X=-5.70到42.40, Y=-0.90到43.30
[INFO] [1742639474.765619009] [lms_mapper_node]: 中间地图 #23: 绘制轨迹 5692个点, 障碍物 8027个
[INFO] [1742639477.751174386] [lms_mapper_node]: 地图显示边界: X=-20.6到67.0, Y=-38.8到77.5
[INFO] [1742639480.445215637] [lms_mapper_node]: 已保存中间地图 #23 到: map_checkpoint_23.png
[WARN] [1742639480.465456387] [lms_mapper_node]: 激光扫描处理间隔较长: 11.08秒
[INFO] [1742639480.638523679] [lms_mapper_node]: 接收到激光数据: frame_id=laser, 点数=361
[INFO] [1742639480.665388471] [lms_mapper_node]: 【激光雷达坐标】x=36.9747, y=0.3554, theta=2.3731
[INFO] [1742639480.666276596] [lms_mapper_node]: 接收到激光数据: 361个点, 角度范围=[0.00, 3.14]
[INFO] [1742639480.666584096] [lms_mapper_node]: 有效激光点: 357/361
[INFO] [1742639480.666793929] [lms_mapper_node]: 机器人位姿: x=36.97, y=0.36, theta=2.37, cos_theta=-0.72, sin_theta=0.70
[INFO] [1742639480.667329971] [lms_mapper_node]: 激光点世界坐标范围: x=[22.35, 37.86], y=[-14.04, 1.09]
[INFO] [1742639480.667567846] [lms_mapper_node]: 【坐标转换样本】: 激光坐标(1.06,0.00)→世界坐标(36.21,1.09) | 激光坐标(0.96,0.95)→世界坐标(35.62,0.34) | 激光坐标(0.34,19.52)→世界坐标(23.16,-13.44) | 激光坐标(-1.15,1.13)→世界坐标(37.02,-1.25) | 激光坐标(-1.23,0.00)→世界坐标(37.86,-0.50)
⏳ 正在播放rosbag - 已等待 825/3600 秒...
当前活跃话题:
[WARN] [1742639484.028319514] [lms_mapper_node]: 激光扫描处理间隔较长: 3.39秒
[INFO] [1742639486.910414209] [lms_mapper_node]: 机器人静止中 (2.9秒)，跳过处理激光数据
/clock
/events/read_split
/map
/odom
/parameter_events
/rosout
/scan
/tf
[INFO] [1742639493.949625421] [lms_mapper_node]: 机器人静止中 (9.9秒)，跳过处理激光数据
[INFO] [1742639494.040565338] [lms_mapper_node]: 接收到激光数据: frame_id=laser, 点数=361
[INFO] [1742639494.040895129] [lms_mapper_node]: 【激光雷达坐标】x=35.1105, y=-0.7250, theta=1.7500
[INFO] [1742639494.463841921] [lms_mapper_node]: 机器人静止中: 1162.1秒, 位置: (35.05, -0.74)
[INFO] [1742639501.002077549] [lms_mapper_node]: 机器人静止中 (17.0秒)，跳过处理激光数据
⏳ 正在播放rosbag - 已等待 840/3600 秒...
当前活跃话题:
[INFO] [1742639507.985865303] [lms_mapper_node]: 机器人静止中 (24.0秒)，跳过处理激光数据
[INFO] [1742639508.139769594] [lms_mapper_node]: 接收到激光数据: frame_id=laser, 点数=361
[INFO] [1742639508.140248761] [lms_mapper_node]: 【激光雷达坐标】x=33.0403, y=-1.0594, theta=1.5917
/clock
/events/read_split
/map
/odom
/parameter_events
/rosout
/scan
/tf
[INFO] [1742639515.013686833] [lms_mapper_node]: 机器人静止中 (31.0秒)，跳过处理激光数据
[INFO] [1742639522.064525795] [lms_mapper_node]: 机器人静止中 (38.0秒)，跳过处理激光数据
[INFO] [1742639522.224700170] [lms_mapper_node]: 接收到激光数据: frame_id=laser, 点数=361
[INFO] [1742639522.225062670] [lms_mapper_node]: 【激光雷达坐标】x=30.9680, y=-1.0891, theta=1.5526
[INFO] [1742639523.614570546] [lms_mapper_node]: 【进度报告】运行时间: 1218.5秒, 处理扫描: 6001帧, 轨迹点: 5997个, 障碍物格子: 8321个, 轨迹已更新
[INFO] [1742639523.682438796] [lms_mapper_node]: 共绘制障碍物点 8321个
[INFO] [1742639523.982476088] [lms_mapper_node]: 障碍物世界坐标范围: X=-5.70到42.40, Y=-5.40到43.30
[INFO] [1742639523.983338171] [lms_mapper_node]: 中间地图 #24: 绘制轨迹 5997个点, 障碍物 8321个
⏳ 正在播放rosbag - 已等待 855/3600 秒...
当前活跃话题:
[INFO] [1742639526.545179880] [lms_mapper_node]: 地图显示边界: X=-20.6到67.0, Y=-38.8到77.5
/clock
/events/read_split
/map
/odom
/parameter_events
/rosout
/scan
/tf
[INFO] [1742639529.727951674] [lms_mapper_node]: 已保存中间地图 #24 到: map_checkpoint_24.png
[WARN] [1742639529.754555882] [lms_mapper_node]: 激光扫描处理间隔较长: 45.53秒
[INFO] [1742639529.805367090] [lms_mapper_node]: 机器人静止中: 1197.4秒, 位置: (29.93, -1.02)
[WARN] [1742639533.968261926] [lms_mapper_node]: 激光扫描处理间隔较长: 4.05秒
[INFO] [1742639535.469670551] [lms_mapper_node]: 机器人静止中 (1.5秒)，跳过处理激光数据
[INFO] [1742639543.331655222] [lms_mapper_node]: 机器人静止中 (9.4秒)，跳过处理激光数据
[INFO] [1742639543.332393055] [lms_mapper_node]: 接收到激光数据: frame_id=laser, 点数=361
[INFO] [1742639543.332660680] [lms_mapper_node]: 【激光雷达坐标】x=27.7985, y=-0.9225, theta=1.5092
⏳ 正在播放rosbag - 已等待 870/3600 秒...
当前活跃话题:
/clock
/events/read_split
/map
/odom
/parameter_events
/rosout
/scan
/tf
[INFO] [1742639549.567264377] [lms_mapper_node]: 机器人静止中 (15.6秒)，跳过处理激光数据
[INFO] [1742639556.912305964] [lms_mapper_node]: 机器人静止中 (22.9秒)，跳过处理激光数据
[INFO] [1742639557.006259464] [lms_mapper_node]: 接收到激光数据: frame_id=laser, 点数=361
[INFO] [1742639557.006612631] [lms_mapper_node]: 【激光雷达坐标】x=25.4894, y=-0.8357, theta=1.5250
[INFO] [1742639557.466409673] [lms_mapper_node]: 机器人静止中: 1225.1秒, 位置: (25.40, -0.83)
[WARN] [1742639564.160118676] [lms_mapper_node]: 激光扫描处理间隔较长: 29.98秒
[INFO] [1742639564.517114968] [lms_mapper_node]: 机器人静止中 (0.4秒)，跳过处理激光数据
⏳ 正在播放rosbag - 已等待 885/3600 秒...
当前活跃话题:
/clock
/events/read_split
/map
/odom
/parameter_events
/rosout
/scan
/tf
[INFO] [1742639571.549294888] [lms_mapper_node]: 机器人静止中 (7.4秒)，跳过处理激光数据
[INFO] [1742639571.697706513] [lms_mapper_node]: 接收到激光数据: frame_id=laser, 点数=361
[INFO] [1742639571.698170554] [lms_mapper_node]: 【激光雷达坐标】x=23.1748, y=-0.7950, theta=1.5424
[INFO] [1742639573.874951305] [lms_mapper_node]: 【进度报告】运行时间: 1268.8秒, 处理扫描: 6305帧, 轨迹点: 6301个, 障碍物格子: 8957个, 轨迹已更新
[INFO] [1742639573.959706014] [lms_mapper_node]: 共绘制障碍物点 8957个
[INFO] [1742639574.338334541] [lms_mapper_node]: 障碍物世界坐标范围: X=-5.70到42.40, Y=-5.40到43.30
[INFO] [1742639574.338687541] [lms_mapper_node]: 中间地图 #25: 绘制轨迹 6301个点, 障碍物 8957个
[INFO] [1742639577.611004834] [lms_mapper_node]: 地图显示边界: X=-20.6到67.0, Y=-38.8到77.5
[INFO] [1742639580.199673877] [lms_mapper_node]: 已保存中间地图 #25 到: map_checkpoint_25.png
[WARN] [1742639580.202294877] [lms_mapper_node]: 激光扫描处理间隔较长: 15.88秒
[WARN] [1742639583.920553254] [lms_mapper_node]: 激光扫描处理间隔较长: 3.55秒
[INFO] [1742639585.365628088] [lms_mapper_node]: 机器人静止中 (1.4秒)，跳过处理激光数据
⏳ 正在播放rosbag - 已等待 900/3600 秒...
当前活跃话题:
/clock
/events/read_split
/map
/odom
/parameter_events
/rosout
/scan
/tf
[INFO] [1742639594.083919467] [lms_mapper_node]: 机器人停止移动
[WARN] [1742639594.116296009] [lms_mapper_node]: 激光扫描处理间隔较长: 9.94秒
[INFO] [1742639594.220706509] [lms_mapper_node]: 接收到激光数据: frame_id=laser, 点数=361
[INFO] [1742639594.234059509] [lms_mapper_node]: 【激光雷达坐标】x=19.7424, y=-0.7380, theta=1.5168
[INFO] [1742639594.254249717] [lms_mapper_node]: 接收到激光数据: 361个点, 角度范围=[0.00, 3.14]
[INFO] [1742639594.254692217] [lms_mapper_node]: 有效激光点: 359/361
[INFO] [1742639594.254963384] [lms_mapper_node]: 机器人位姿: x=19.74, y=-0.74, theta=1.52, cos_theta=0.05, sin_theta=1.00
[INFO] [1742639594.255456592] [lms_mapper_node]: 激光点世界坐标范围: x=[-7.64, 19.77], y=[-2.08, 0.73]
[INFO] [1742639594.255720092] [lms_mapper_node]: 【坐标转换样本】: 激光坐标(0.49,0.00)→世界坐标(19.77,-0.25) | 激光坐标(0.47,0.46)→世界坐标(19.31,-0.24) | 激光坐标(0.13,14.93)→世界坐标(4.84,0.20) | 激光坐标(-1.24,1.22)→世界坐标(18.46,-1.91) | 激光坐标(-1.21,0.00)→世界坐标(19.68,-1.95)
[INFO] [1742639594.427594718] [lms_mapper_node]: 机器人静止中: 1262.0秒, 位置: (19.65, -0.73)
[INFO] [1742639599.840940428] [lms_mapper_node]: 机器人静止中 (5.6秒)，跳过处理激光数据
[WARN] [1742639603.893400055] [lms_mapper_node]: 激光扫描处理间隔较长: 9.51秒
[INFO] [1742639607.174906376] [lms_mapper_node]: 机器人静止中 (3.3秒)，跳过处理激光数据
[INFO] [1742639607.338290334] [lms_mapper_node]: 接收到激光数据: frame_id=laser, 点数=361
[INFO] [1742639607.338663293] [lms_mapper_node]: 【激光雷达坐标】x=17.4847, y=-0.6713, theta=1.5375
⏳ 正在播放rosbag - 已等待 915/3600 秒...
当前活跃话题:
/clock
/events/read_split
/map
/odom
/parameter_events
/rosout
/scan
/tf
[INFO] [1742639614.209565713] [lms_mapper_node]: 机器人静止中 (10.3秒)，跳过处理激光数据
[INFO] [1742639621.266737549] [lms_mapper_node]: 机器人静止中 (17.4秒)，跳过处理激光数据
[INFO] [1742639622.105892133] [lms_mapper_node]: 接收到激光数据: frame_id=laser, 点数=361
[INFO] [1742639622.231920300] [lms_mapper_node]: 【激光雷达坐标】x=15.2701, y=-0.6635, theta=1.5597
[INFO] [1742639624.014153509] [lms_mapper_node]: 【进度报告】运行时间: 1319.0秒, 处理扫描: 6603帧, 轨迹点: 6598个, 障碍物格子: 9714个, 轨迹已更新
[INFO] [1742639624.045895467] [lms_mapper_node]: 共绘制障碍物点 9714个
[INFO] [1742639624.643602134] [lms_mapper_node]: 障碍物世界坐标范围: X=-5.70到42.40, Y=-5.40到43.30
[INFO] [1742639624.644075551] [lms_mapper_node]: 中间地图 #26: 绘制轨迹 6598个点, 障碍物 9714个
[INFO] [1742639627.090379010] [lms_mapper_node]: 地图显示边界: X=-22.7到67.0, Y=-38.8到77.5
⏳ 正在播放rosbag - 已等待 930/3600 秒...
当前活跃话题:
[INFO] [1742639629.550131012] [lms_mapper_node]: 已保存中间地图 #26 到: map_checkpoint_26.png
[WARN] [1742639629.599221262] [lms_mapper_node]: 激光扫描处理间隔较长: 25.55秒
[INFO] [1742639629.631002512] [lms_mapper_node]: 机器人静止中: 1297.2秒, 位置: (14.13, -0.57)
[INFO] [1742639629.658081637] [lms_mapper_node]: 地图统计: 总栅格数=1000000, 占用数=9850, 占用率=0.98%
[INFO] [1742639629.694865178] [lms_mapper_node]: 地图边界: x=[-14.63, 51.98], y=[-23.84, 57.49]
[INFO] [1742639629.695788762] [lms_mapper_node]: 总共处理了6606个激光帧, 106749个有效激光点
[INFO] [1742639629.722694887] [lms_mapper_node]: 已记录107101个原始障碍物点坐标，用于最终地图生成
[INFO] [1742639629.723794678] [lms_mapper_node]: 对栅格地图进行平滑处理，移除孤立点和填充墙壁空隙
/clock
/events/read_split
/map
/odom
/parameter_events
/rosout
/scan
/tf
⏳ 正在播放rosbag - 已等待 945/3600 秒...
当前活跃话题:
/clock
/events/read_split
/map
/odom
/parameter_events
/rosout
/scan
/tf
[INFO] [1742639664.175479666] [lms_mapper_node]: 平滑处理完成: 移除了26个孤立点，填充了4个空隙点
[WARN] [1742639664.319192708] [lms_mapper_node]: 激光扫描处理间隔较长: 34.68秒
[INFO] [1742639664.345483833] [lms_mapper_node]: 【障碍物计算】机器人位置: x=8.63, y=-0.45, theta=1.58, 状态: 直线行驶
[INFO] [1742639665.944608500] [lms_mapper_node]: 机器人停止移动
[WARN] [1742639665.967837875] [lms_mapper_node]: 激光扫描处理间隔较长: 1.54秒
[INFO] [1742639670.399216252] [lms_mapper_node]: 机器人静止中 (4.5秒)，跳过处理激光数据
⏳ 正在播放rosbag - 已等待 960/3600 秒...
当前活跃话题:
[INFO] [1742639673.711106171] [lms_mapper_node]: 【进度报告】运行时间: 1368.7秒, 处理扫描: 6662帧, 轨迹点: 6657个, 障碍物格子: 10033个, 轨迹已更新
[INFO] [1742639673.793354296] [lms_mapper_node]: 共绘制障碍物点 10033个
[INFO] [1742639674.235631463] [lms_mapper_node]: 障碍物世界坐标范围: X=-5.70到42.40, Y=-5.40到43.30
[INFO] [1742639674.256582629] [lms_mapper_node]: 中间地图 #27: 绘制轨迹 6657个点, 障碍物 10033个
/clock
/events/read_split
/map
/odom
/parameter_events
/rosout
/scan
/tf
[INFO] [1742639676.772698714] [lms_mapper_node]: 地图显示边界: X=-29.6到67.0, Y=-38.8到77.5
[INFO] [1742639679.395114382] [lms_mapper_node]: 已保存中间地图 #27 到: map_checkpoint_27.png
[WARN] [1742639679.427727257] [lms_mapper_node]: 激光扫描处理间隔较长: 13.30秒
[WARN] [1742639685.224119135] [lms_mapper_node]: 激光扫描处理间隔较长: 5.62秒
[INFO] [1742639685.567443135] [lms_mapper_node]: 机器人静止中 (0.4秒)，跳过处理激光数据
[INFO] [1742639685.570372051] [lms_mapper_node]: 接收到激光数据: frame_id=laser, 点数=361
[INFO] [1742639685.570778426] [lms_mapper_node]: 【激光雷达坐标】x=5.0516, y=-0.3544, theta=1.5048
⏳ 正在播放rosbag - 已等待 975/3600 秒...
当前活跃话题:
[INFO] [1742639691.816022763] [lms_mapper_node]: 机器人静止中 (6.6秒)，跳过处理激光数据
/clock
/events/read_split
/map
/odom
/parameter_events
/rosout
/scan
/tf
[WARN] [1742639694.077535847] [lms_mapper_node]: 激光扫描处理间隔较长: 8.68秒
[INFO] [1742639699.424335669] [lms_mapper_node]: 机器人静止中 (5.3秒)，跳过处理激光数据
[INFO] [1742639699.577916419] [lms_mapper_node]: 接收到激光数据: frame_id=laser, 点数=361
[INFO] [1742639699.578202210] [lms_mapper_node]: 【激光雷达坐标】x=2.4860, y=-0.6580, theta=1.6376
[INFO] [1742639700.276786336] [lms_mapper_node]: 机器人静止中: 1367.9秒, 位置: (2.37, -0.68)
[INFO] [1742639706.472182630] [lms_mapper_node]: 机器人静止中 (12.4秒)，跳过处理激光数据
⏳ 正在播放rosbag - 已等待 990/3600 秒...
当前活跃话题:
[WARN] [1742639714.195956426] [lms_mapper_node]: 激光扫描处理间隔较长: 19.93秒
[INFO] [1742639714.454687217] [lms_mapper_node]: 机器人静止中 (0.2秒)，跳过处理激光数据
[INFO] [1742639714.455451801] [lms_mapper_node]: 接收到激光数据: frame_id=laser, 点数=361
[INFO] [1742639714.455738592] [lms_mapper_node]: 【激光雷达坐标】x=0.4264, y=0.1260, theta=0.8943
/clock
/events/read_split
/map
/odom
/parameter_events
/rosout
/scan
/tf
[INFO] [1742639721.121423471] [lms_mapper_node]: 机器人静止中 (6.9秒)，跳过处理激光数据
[INFO] [1742639722.259517555] [lms_mapper_node]: 【进度报告】运行时间: 1417.2秒, 处理扫描: 6958帧, 轨迹点: 6952个, 障碍物格子: 10597个, 轨迹已更新
[INFO] [1742639722.326993221] [lms_mapper_node]: 共绘制障碍物点 10597个
[INFO] [1742639722.777477888] [lms_mapper_node]: 障碍物世界坐标范围: X=-5.70到42.40, Y=-5.40到43.30
[INFO] [1742639722.810211888] [lms_mapper_node]: 中间地图 #28: 绘制轨迹 6952个点, 障碍物 10597个
[INFO] [1742639725.811734375] [lms_mapper_node]: 地图显示边界: X=-36.9到67.0, Y=-38.8到77.5
[INFO] [1742639728.117199293] [lms_mapper_node]: 已保存中间地图 #28 到: map_checkpoint_28.png
[INFO] [1742639728.151415460] [lms_mapper_node]: 检测到机器人开始转弯，角度变化率: 0.0641 rad/s, 障碍物距离限制: 3.15m
[INFO] [1742639729.793781752] [lms_mapper_node]: 机器人停止移动
[WARN] [1742639729.794169044] [lms_mapper_node]: 激光扫描处理间隔较长: 15.39秒
[INFO] [1742639729.969284752] [lms_mapper_node]: 机器人转弯结束，角度变化率降低到: 0.0188 rad/s
⏳ 正在播放rosbag - 已等待 1005/3600 秒...
当前活跃话题:
[INFO] [1742639734.249101546] [lms_mapper_node]: 机器人静止中 (4.4秒)，跳过处理激光数据
[INFO] [1742639734.358719463] [lms_mapper_node]: 接收到激光数据: frame_id=laser, 点数=361
[INFO] [1742639734.359029004] [lms_mapper_node]: 【激光雷达坐标】x=-0.3679, y=2.6105, theta=-0.0019
[INFO] [1742639735.083722255] [lms_mapper_node]: 机器人静止中: 1402.7秒, 位置: (-0.37, 2.72)
/clock
/events/read_split
/map
/odom
/parameter_events
/rosout
/scan
/tf
[INFO] [1742639741.272263841] [lms_mapper_node]: 机器人静止中 (11.4秒)，跳过处理激光数据
[INFO] [1742639748.350572344] [lms_mapper_node]: 机器人静止中 (18.5秒)，跳过处理激光数据
[INFO] [1742639748.439518511] [lms_mapper_node]: 接收到激光数据: frame_id=laser, 点数=361
[INFO] [1742639748.440348344] [lms_mapper_node]: 【激光雷达坐标】x=-0.4046, y=4.6972, theta=-0.0270
⏳ 正在播放rosbag - 已等待 1020/3600 秒...
当前活跃话题:
[INFO] [1742639755.368081875] [lms_mapper_node]: 机器人静止中 (25.5秒)，跳过处理激光数据
/clock
/events/read_split
/map
/odom
/parameter_events
/rosout
/scan
/tf
[INFO] [1742639763.385960087] [lms_mapper_node]: 机器人静止中 (33.5秒)，跳过处理激光数据
[INFO] [1742639763.386868921] [lms_mapper_node]: 接收到激光数据: frame_id=laser, 点数=361
[INFO] [1742639763.387103796] [lms_mapper_node]: 【激光雷达坐标】x=-0.4208, y=6.7608, theta=-0.0289
[INFO] [1742639763.409680796] [lms_mapper_node]: 机器人静止中: 1431.0秒, 位置: (-0.43, 6.88)
[INFO] [1742639769.454608923] [lms_mapper_node]: 机器人静止中 (39.6秒)，跳过处理激光数据
⏳ 正在播放rosbag - 已等待 1035/3600 秒...
当前活跃话题:
[INFO] [1742639773.981061592] [lms_mapper_node]: 【进度报告】运行时间: 1468.9秒, 处理扫描: 7270帧, 轨迹点: 7264个, 障碍物格子: 10745个, 轨迹已更新
[INFO] [1742639774.052785759] [lms_mapper_node]: 共绘制障碍物点 10745个
[INFO] [1742639774.564329634] [lms_mapper_node]: 障碍物世界坐标范围: X=-5.70到42.40, Y=-5.40到43.30
[INFO] [1742639774.569293884] [lms_mapper_node]: 中间地图 #29: 绘制轨迹 7264个点, 障碍物 10745个
[INFO] [1742639778.076737344] [lms_mapper_node]: 地图显示边界: X=-36.9到67.0, Y=-38.8到77.5
/clock
/events/read_split
/map
/odom
/parameter_events
/rosout
/scan
/tf
[INFO] [1742639781.114405804] [lms_mapper_node]: 已保存中间地图 #29 到: map_checkpoint_29.png
[WARN] [1742639781.152767804] [lms_mapper_node]: 激光扫描处理间隔较长: 51.11秒
[WARN] [1742639784.056527805] [lms_mapper_node]: 激光扫描处理间隔较长: 2.71秒
[INFO] [1742639784.380124250] [lms_mapper_node]: 机器人静止中 (0.3秒)，跳过处理激光数据
[INFO] [1742639784.543442333] [lms_mapper_node]: 接收到激光数据: frame_id=laser, 点数=361
[INFO] [1742639784.581713541] [lms_mapper_node]: 【激光雷达坐标】x=-0.5318, y=10.1245, theta=0.0455
[INFO] [1742639791.426220545] [lms_mapper_node]: 机器人静止中 (7.4秒)，跳过处理激光数据
⏳ 正在播放rosbag - 已等待 1050/3600 秒...
当前活跃话题:
[INFO] [1742639798.455511590] [lms_mapper_node]: 机器人静止中 (14.4秒)，跳过处理激光数据
[INFO] [1742639798.632136006] [lms_mapper_node]: 接收到激光数据: frame_id=laser, 点数=361
[INFO] [1742639798.646542381] [lms_mapper_node]: 【激光雷达坐标】x=-0.5772, y=12.2824, theta=-0.0257
[INFO] [1742639799.304647507] [lms_mapper_node]: 机器人静止中: 1466.9秒, 位置: (-0.58, 12.42)
/clock
/events/read_split
/map
/odom
/parameter_events
/rosout
/scan
/tf
rosbag播放已完成或终止
等待处理完成...
✅ 检测到地图已经生成: occupancy_grid.png
正在关闭节点...
发送SIGTERM信号，请求节点优雅关闭...
等待节点关闭... (1/60)
[INFO] [1742640045.759758926] [lms_mapper_node]: 收到SIGTERM信号，准备安全关闭节点...
[INFO] [1742640045.774040135] [lms_mapper_node]: 正在保存最终地图...
[INFO] [1742640045.950120135] [lms_mapper_node]: 收集到 122799 个原始障碍物点
[INFO] [1742640046.040561926] [lms_mapper_node]: 障碍物世界坐标范围: X=[-21.90, 51.98], Y=[-23.84, 57.49]
[INFO] [1742640046.041651760] [lms_mapper_node]: 轨迹包含 7412 个点
[INFO] [1742640046.051864968] [lms_mapper_node]: 轨迹世界坐标范围: X=[-1.12, 39.07], Y=[-1.09, 40.03]
[INFO] [1742640046.142245010] [lms_mapper_node]: 动态计算的显示范围: X=[-41.90, 71.98], Y=[-43.84, 77.49]
等待节点关闭... (2/60)
等待节点关闭... (3/60)
等待节点关闭... (4/60)
等待节点关闭... (5/60)
等待节点关闭... (6/60)
等待节点关闭... (7/60)
等待节点关闭... (8/60)
等待节点关闭... (9/60)
等待节点关闭... (10/60)
等待节点关闭... (11/60)
等待节点关闭... (12/60)
等待节点关闭... (13/60)
等待节点关闭... (14/60)
等待节点关闭... (15/60)
等待节点关闭... (16/60)
等待节点关闭... (17/60)
等待节点关闭... (18/60)
等待节点关闭... (19/60)
等待节点关闭... (20/60)
等待节点关闭... (21/60)
等待节点关闭... (22/60)
等待节点关闭... (23/60)
等待节点关闭... (24/60)
等待节点关闭... (25/60)
等待节点关闭... (26/60)
等待节点关闭... (27/60)
等待节点关闭... (28/60)
等待节点关闭... (29/60)
等待节点关闭... (30/60)
等待节点关闭... (31/60)
等待节点关闭... (32/60)
等待节点关闭... (33/60)
等待节点关闭... (34/60)
等待节点关闭... (35/60)
等待节点关闭... (36/60)
等待节点关闭... (37/60)
等待节点关闭... (38/60)
等待节点关闭... (39/60)
等待节点关闭... (40/60)
等待节点关闭... (41/60)
等待节点关闭... (42/60)
等待节点关闭... (43/60)
等待节点关闭... (44/60)
等待节点关闭... (45/60)
等待节点关闭... (46/60)
等待节点关闭... (47/60)
等待节点关闭... (48/60)
等待节点关闭... (49/60)
等待节点关闭... (50/60)
等待节点关闭... (51/60)
等待节点关闭... (52/60)
等待节点关闭... (53/60)
等待节点关闭... (54/60)
等待节点关闭... (55/60)
等待节点关闭... (56/60)
等待节点关闭... (57/60)
等待节点关闭... (58/60)
等待节点关闭... (59/60)
等待节点关闭... (60/60)
等待节点关闭... (61/60)
等待节点关闭... (62/60)
等待节点关闭... (63/60)
等待节点关闭... (64/60)
等待节点关闭... (65/60)
等待节点关闭... (66/60)
等待节点关闭... (67/60)
等待节点关闭... (68/60)
等待节点关闭... (69/60)
等待节点关闭... (70/60)
等待节点关闭... (71/60)
等待节点关闭... (72/60)
等待节点关闭... (73/60)
等待节点关闭... (74/60)
等待节点关闭... (75/60)
等待节点关闭... (76/60)
等待节点关闭... (77/60)
等待节点关闭... (78/60)
等待节点关闭... (79/60)
等待节点关闭... (80/60)
等待节点关闭... (81/60)
等待节点关闭... (82/60)
等待节点关闭... (83/60)
等待节点关闭... (84/60)
等待节点关闭... (85/60)
等待节点关闭... (86/60)
等待节点关闭... (87/60)
等待节点关闭... (88/60)
等待节点关闭... (89/60)
等待节点关闭... (90/60)
等待节点关闭... (91/60)
等待节点关闭... (92/60)
等待节点关闭... (93/60)
等待节点关闭... (94/60)
等待节点关闭... (95/60)
等待节点关闭... (96/60)
等待节点关闭... (97/60)
等待节点关闭... (98/60)
等待节点关闭... (99/60)
等待节点关闭... (100/60)
等待节点关闭... (101/60)
等待节点关闭... (102/60)
等待节点关闭... (103/60)
等待节点关闭... (104/60)
等待节点关闭... (105/60)
等待节点关闭... (106/60)
等待节点关闭... (107/60)
等待节点关闭... (108/60)
等待节点关闭... (109/60)
等待节点关闭... (110/60)
等待节点关闭... (111/60)
等待节点关闭... (112/60)
等待节点关闭... (113/60)
等待节点关闭... (114/60)
等待节点关闭... (115/60)
等待节点关闭... (116/60)
等待节点关闭... (117/60)
等待节点关闭... (118/60)
等待节点关闭... (119/60)
等待节点关闭... (120/60)
等待节点关闭... (121/60)
等待节点关闭... (122/60)
等待节点关闭... (123/60)
等待节点关闭... (124/60)
等待节点关闭... (125/60)
等待节点关闭... (126/60)
等待节点关闭... (127/60)
等待节点关闭... (128/60)
等待节点关闭... (129/60)
等待节点关闭... (130/60)
等待节点关闭... (131/60)
等待节点关闭... (132/60)
等待节点关闭... (133/60)
等待节点关闭... (134/60)
等待节点关闭... (135/60)
等待节点关闭... (136/60)
等待节点关闭... (137/60)
等待节点关闭... (138/60)
等待节点关闭... (139/60)
等待节点关闭... (140/60)
等待节点关闭... (141/60)
等待节点关闭... (142/60)
等待节点关闭... (143/60)
等待节点关闭... (144/60)
等待节点关闭... (145/60)
等待节点关闭... (146/60)
等待节点关闭... (147/60)
等待节点关闭... (148/60)
等待节点关闭... (149/60)
等待节点关闭... (150/60)
等待节点关闭... (151/60)
等待节点关闭... (152/60)
等待节点关闭... (153/60)
等待节点关闭... (154/60)
等待节点关闭... (155/60)
等待节点关闭... (156/60)
等待节点关闭... (157/60)
等待节点关闭... (158/60)
等待节点关闭... (159/60)
等待节点关闭... (160/60)
等待节点关闭... (161/60)
等待节点关闭... (162/60)
等待节点关闭... (163/60)
等待节点关闭... (164/60)
等待节点关闭... (165/60)
等待节点关闭... (166/60)
等待节点关闭... (167/60)
等待节点关闭... (168/60)
等待节点关闭... (169/60)
等待节点关闭... (170/60)
等待节点关闭... (171/60)
等待节点关闭... (172/60)
等待节点关闭... (173/60)
等待节点关闭... (174/60)
等待节点关闭... (175/60)
等待节点关闭... (176/60)
等待节点关闭... (177/60)
等待节点关闭... (178/60)
等待节点关闭... (179/60)
等待节点关闭... (180/60)
等待节点关闭... (181/60)
等待节点关闭... (182/60)
等待节点关闭... (183/60)
等待节点关闭... (184/60)
等待节点关闭... (185/60)
等待节点关闭... (186/60)
等待节点关闭... (187/60)
等待节点关闭... (188/60)
等待节点关闭... (189/60)
等待节点关闭... (190/60)
等待节点关闭... (191/60)
等待节点关闭... (192/60)
等待节点关闭... (193/60)
等待节点关闭... (194/60)
等待节点关闭... (195/60)
等待节点关闭... (196/60)
等待节点关闭... (197/60)
等待节点关闭... (198/60)
等待节点关闭... (199/60)
等待节点关闭... (200/60)
等待节点关闭... (201/60)
等待节点关闭... (202/60)
等待节点关闭... (203/60)
等待节点关闭... (204/60)
等待节点关闭... (205/60)
等待节点关闭... (206/60)
等待节点关闭... (207/60)
等待节点关闭... (208/60)
等待节点关闭... (209/60)
等待节点关闭... (210/60)
等待节点关闭... (211/60)
等待节点关闭... (212/60)
等待节点关闭... (213/60)
等待节点关闭... (214/60)
等待节点关闭... (215/60)
等待节点关闭... (216/60)
等待节点关闭... (217/60)
等待节点关闭... (218/60)
等待节点关闭... (219/60)
等待节点关闭... (220/60)
等待节点关闭... (221/60)
等待节点关闭... (222/60)
等待节点关闭... (223/60)
等待节点关闭... (224/60)
等待节点关闭... (225/60)
等待节点关闭... (226/60)
等待节点关闭... (227/60)
等待节点关闭... (228/60)
等待节点关闭... (229/60)
等待节点关闭... (230/60)
等待节点关闭... (231/60)
等待节点关闭... (232/60)
等待节点关闭... (233/60)
等待节点关闭... (234/60)
等待节点关闭... (235/60)
等待节点关闭... (236/60)
等待节点关闭... (237/60)
等待节点关闭... (238/60)
等待节点关闭... (239/60)
等待节点关闭... (240/60)
等待节点关闭... (241/60)
等待节点关闭... (242/60)
等待节点关闭... (243/60)
等待节点关闭... (244/60)
等待节点关闭... (245/60)
等待节点关闭... (246/60)
等待节点关闭... (247/60)
等待节点关闭... (248/60)
等待节点关闭... (249/60)
等待节点关闭... (250/60)
等待节点关闭... (251/60)
等待节点关闭... (252/60)
等待节点关闭... (253/60)
等待节点关闭... (254/60)
等待节点关闭... (255/60)
等待节点关闭... (256/60)
等待节点关闭... (257/60)
等待节点关闭... (258/60)
等待节点关闭... (259/60)
等待节点关闭... (260/60)
等待节点关闭... (261/60)
等待节点关闭... (262/60)
等待节点关闭... (263/60)
等待节点关闭... (264/60)
等待节点关闭... (265/60)
等待节点关闭... (266/60)
等待节点关闭... (267/60)
等待节点关闭... (268/60)
等待节点关闭... (269/60)
等待节点关闭... (270/60)
等待节点关闭... (271/60)
等待节点关闭... (272/60)
等待节点关闭... (273/60)
等待节点关闭... (274/60)
等待节点关闭... (275/60)
等待节点关闭... (276/60)
等待节点关闭... (277/60)
等待节点关闭... (278/60)
等待节点关闭... (279/60)
等待节点关闭... (280/60)
等待节点关闭... (281/60)
等待节点关闭... (282/60)
等待节点关闭... (283/60)
等待节点关闭... (284/60)
等待节点关闭... (285/60)
等待节点关闭... (286/60)
等待节点关闭... (287/60)
等待节点关闭... (288/60)
等待节点关闭... (289/60)
等待节点关闭... (290/60)
等待节点关闭... (291/60)
等待节点关闭... (292/60)
等待节点关闭... (293/60)
等待节点关闭... (294/60)
等待节点关闭... (295/60)
等待节点关闭... (296/60)
等待节点关闭... (297/60)
等待节点关闭... (298/60)
等待节点关闭... (299/60)
等待节点关闭... (300/60)
等待节点关闭... (301/60)
等待节点关闭... (302/60)
等待节点关闭... (303/60)
等待节点关闭... (304/60)
等待节点关闭... (305/60)
等待节点关闭... (306/60)
等待节点关闭... (307/60)
等待节点关闭... (308/60)
等待节点关闭... (309/60)
等待节点关闭... (310/60)
等待节点关闭... (311/60)
等待节点关闭... (312/60)
等待节点关闭... (313/60)
等待节点关闭... (314/60)
等待节点关闭... (315/60)
等待节点关闭... (316/60)
等待节点关闭... (317/60)
等待节点关闭... (318/60)
等待节点关闭... (319/60)
等待节点关闭... (320/60)
等待节点关闭... (321/60)
等待节点关闭... (322/60)
等待节点关闭... (323/60)
等待节点关闭... (324/60)
等待节点关闭... (325/60)
等待节点关闭... (326/60)
等待节点关闭... (327/60)
等待节点关闭... (328/60)
等待节点关闭... (329/60)
等待节点关闭... (330/60)
等待节点关闭... (331/60)
等待节点关闭... (332/60)
等待节点关闭... (333/60)
等待节点关闭... (334/60)
等待节点关闭... (335/60)
等待节点关闭... (336/60)
等待节点关闭... (337/60)
等待节点关闭... (338/60)
等待节点关闭... (339/60)
等待节点关闭... (340/60)
等待节点关闭... (341/60)
等待节点关闭... (342/60)
等待节点关闭... (343/60)
等待节点关闭... (344/60)
等待节点关闭... (345/60)
等待节点关闭... (346/60)
等待节点关闭... (347/60)
等待节点关闭... (348/60)
等待节点关闭... (349/60)
等待节点关闭... (350/60)
等待节点关闭... (351/60)
等待节点关闭... (352/60)
等待节点关闭... (353/60)
等待节点关闭... (354/60)
等待节点关闭... (355/60)
等待节点关闭... (356/60)
等待节点关闭... (357/60)
等待节点关闭... (358/60)
等待节点关闭... (359/60)
等待节点关闭... (360/60)
等待节点关闭... (361/60)
等待节点关闭... (362/60)
等待节点关闭... (363/60)
等待节点关闭... (364/60)
等待节点关闭... (365/60)
等待节点关闭... (366/60)
等待节点关闭... (367/60)
等待节点关闭... (368/60)
等待节点关闭... (369/60)
等待节点关闭... (370/60)
等待节点关闭... (371/60)
等待节点关闭... (372/60)
等待节点关闭... (373/60)
等待节点关闭... (374/60)
等待节点关闭... (375/60)
等待节点关闭... (376/60)
等待节点关闭... (377/60)
等待节点关闭... (378/60)
等待节点关闭... (379/60)
等待节点关闭... (380/60)
等待节点关闭... (381/60)
等待节点关闭... (382/60)
等待节点关闭... (383/60)
等待节点关闭... (384/60)
等待节点关闭... (385/60)
等待节点关闭... (386/60)
等待节点关闭... (387/60)
等待节点关闭... (388/60)
等待节点关闭... (389/60)
等待节点关闭... (390/60)
等待节点关闭... (391/60)
等待节点关闭... (392/60)
等待节点关闭... (393/60)
等待节点关闭... (394/60)
等待节点关闭... (395/60)
等待节点关闭... (396/60)
等待节点关闭... (397/60)
等待节点关闭... (398/60)
等待节点关闭... (399/60)
等待节点关闭... (400/60)
等待节点关闭... (401/60)
等待节点关闭... (402/60)
等待节点关闭... (403/60)
等待节点关闭... (404/60)
等待节点关闭... (405/60)
等待节点关闭... (406/60)
等待节点关闭... (407/60)
等待节点关闭... (408/60)
等待节点关闭... (409/60)
等待节点关闭... (410/60)
等待节点关闭... (411/60)
等待节点关闭... (412/60)
等待节点关闭... (413/60)
等待节点关闭... (414/60)
等待节点关闭... (415/60)
等待节点关闭... (416/60)
等待节点关闭... (417/60)
等待节点关闭... (418/60)
等待节点关闭... (419/60)
等待节点关闭... (420/60)
等待节点关闭... (421/60)
等待节点关闭... (422/60)
等待节点关闭... (423/60)
等待节点关闭... (424/60)
等待节点关闭... (425/60)
等待节点关闭... (426/60)
等待节点关闭... (427/60)
等待节点关闭... (428/60)
等待节点关闭... (429/60)
等待节点关闭... (430/60)
等待节点关闭... (431/60)
等待节点关闭... (432/60)
等待节点关闭... (433/60)
等待节点关闭... (434/60)
等待节点关闭... (435/60)
等待节点关闭... (436/60)
等待节点关闭... (437/60)
等待节点关闭... (438/60)
等待节点关闭... (439/60)
等待节点关闭... (440/60)
等待节点关闭... (441/60)
等待节点关闭... (442/60)
等待节点关闭... (443/60)
等待节点关闭... (444/60)
等待节点关闭... (445/60)
等待节点关闭... (446/60)
等待节点关闭... (447/60)
等待节点关闭... (448/60)
等待节点关闭... (449/60)
等待节点关闭... (450/60)
等待节点关闭... (451/60)
等待节点关闭... (452/60)
等待节点关闭... (453/60)
等待节点关闭... (454/60)
等待节点关闭... (455/60)
等待节点关闭... (456/60)
等待节点关闭... (457/60)
等待节点关闭... (458/60)
等待节点关闭... (459/60)
等待节点关闭... (460/60)
等待节点关闭... (461/60)
等待节点关闭... (462/60)
等待节点关闭... (463/60)
等待节点关闭... (464/60)
等待节点关闭... (465/60)
等待节点关闭... (466/60)
等待节点关闭... (467/60)
等待节点关闭... (468/60)
等待节点关闭... (469/60)
等待节点关闭... (470/60)
等待节点关闭... (471/60)
等待节点关闭... (472/60)
等待节点关闭... (473/60)
等待节点关闭... (474/60)
等待节点关闭... (475/60)
等待节点关闭... (476/60)
等待节点关闭... (477/60)
等待节点关闭... (478/60)
等待节点关闭... (479/60)
等待节点关闭... (480/60)
等待节点关闭... (481/60)
等待节点关闭... (482/60)
等待节点关闭... (483/60)
等待节点关闭... (484/60)
等待节点关闭... (485/60)
等待节点关闭... (486/60)
等待节点关闭... (487/60)
等待节点关闭... (488/60)
等待节点关闭... (489/60)
等待节点关闭... (490/60)
等待节点关闭... (491/60)
等待节点关闭... (492/60)
等待节点关闭... (493/60)
等待节点关闭... (494/60)
等待节点关闭... (495/60)
等待节点关闭... (496/60)
等待节点关闭... (497/60)
等待节点关闭... (498/60)
等待节点关闭... (499/60)
等待节点关闭... (500/60)
等待节点关闭... (501/60)
等待节点关闭... (502/60)
等待节点关闭... (503/60)
等待节点关闭... (504/60)
等待节点关闭... (505/60)
等待节点关闭... (506/60)
等待节点关闭... (507/60)
等待节点关闭... (508/60)
等待节点关闭... (509/60)
等待节点关闭... (510/60)
等待节点关闭... (511/60)
等待节点关闭... (512/60)
等待节点关闭... (513/60)
等待节点关闭... (514/60)
等待节点关闭... (515/60)
等待节点关闭... (516/60)
等待节点关闭... (517/60)
等待节点关闭... (518/60)
等待节点关闭... (519/60)
等待节点关闭... (520/60)
等待节点关闭... (521/60)
等待节点关闭... (522/60)
等待节点关闭... (523/60)
等待节点关闭... (524/60)
等待节点关闭... (525/60)
等待节点关闭... (526/60)
等待节点关闭... (527/60)
等待节点关闭... (528/60)
等待节点关闭... (529/60)
等待节点关闭... (530/60)
等待节点关闭... (531/60)
等待节点关闭... (532/60)
等待节点关闭... (533/60)
等待节点关闭... (534/60)
等待节点关闭... (535/60)
等待节点关闭... (536/60)
等待节点关闭... (537/60)
等待节点关闭... (538/60)
等待节点关闭... (539/60)
等待节点关闭... (540/60)
等待节点关闭... (541/60)
等待节点关闭... (542/60)
等待节点关闭... (543/60)
等待节点关闭... (544/60)
等待节点关闭... (545/60)
等待节点关闭... (546/60)
等待节点关闭... (547/60)
等待节点关闭... (548/60)
等待节点关闭... (549/60)
等待节点关闭... (550/60)
等待节点关闭... (551/60)
等待节点关闭... (552/60)
等待节点关闭... (553/60)
等待节点关闭... (554/60)
等待节点关闭... (555/60)
等待节点关闭... (556/60)
等待节点关闭... (557/60)
等待节点关闭... (558/60)
等待节点关闭... (559/60)
等待节点关闭... (560/60)
等待节点关闭... (561/60)
等待节点关闭... (562/60)
等待节点关闭... (563/60)
等待节点关闭... (564/60)
等待节点关闭... (565/60)
等待节点关闭... (566/60)
等待节点关闭... (567/60)
等待节点关闭... (568/60)
等待节点关闭... (569/60)
等待节点关闭... (570/60)
等待节点关闭... (571/60)
等待节点关闭... (572/60)
等待节点关闭... (573/60)
等待节点关闭... (574/60)
等待节点关闭... (575/60)
等待节点关闭... (576/60)
等待节点关闭... (577/60)
等待节点关闭... (578/60)
等待节点关闭... (579/60)
等待节点关闭... (580/60)
等待节点关闭... (581/60)
等待节点关闭... (582/60)
等待节点关闭... (583/60)
等待节点关闭... (584/60)
等待节点关闭... (585/60)
等待节点关闭... (586/60)
等待节点关闭... (587/60)
等待节点关闭... (588/60)
等待节点关闭... (589/60)
等待节点关闭... (590/60)
等待节点关闭... (591/60)
等待节点关闭... (592/60)
等待节点关闭... (593/60)
等待节点关闭... (594/60)
等待节点关闭... (595/60)
等待节点关闭... (596/60)
等待节点关闭... (597/60)
等待节点关闭... (598/60)
等待节点关闭... (599/60)
等待节点关闭... (600/60)
节点未响应SIGTERM，发送SIGINT信号...
[INFO] [1742640939.327397423] [lms_mapper_node]: 收到SIGINT信号，准备安全关闭节点...
[INFO] [1742640939.394280756] [lms_mapper_node]: 正在保存最终地图...
等待节点响应SIGINT... (1/30)
[INFO] [1742640939.834529423] [lms_mapper_node]: 收集到 122799 个原始障碍物点
[INFO] [1742640939.892282298] [lms_mapper_node]: 障碍物世界坐标范围: X=[-21.90, 51.98], Y=[-23.84, 57.49]
[INFO] [1742640939.893902173] [lms_mapper_node]: 轨迹包含 7412 个点
[INFO] [1742640939.904005423] [lms_mapper_node]: 轨迹世界坐标范围: X=[-1.12, 39.07], Y=[-1.09, 40.03]
[INFO] [1742640939.981930048] [lms_mapper_node]: 动态计算的显示范围: X=[-41.90, 71.98], Y=[-43.84, 77.49]
等待节点响应SIGINT... (2/30)
等待节点响应SIGINT... (3/30)
等待节点响应SIGINT... (4/30)
等待节点响应SIGINT... (5/30)
等待节点响应SIGINT... (6/30)
等待节点响应SIGINT... (7/30)
等待节点响应SIGINT... (8/30)
等待节点响应SIGINT... (9/30)
等待节点响应SIGINT... (10/30)
等待节点响应SIGINT... (11/30)
等待节点响应SIGINT... (12/30)
等待节点响应SIGINT... (13/30)
等待节点响应SIGINT... (14/30)
等待节点响应SIGINT... (15/30)
等待节点响应SIGINT... (16/30)
等待节点响应SIGINT... (17/30)
等待节点响应SIGINT... (18/30)
等待节点响应SIGINT... (19/30)
等待节点响应SIGINT... (20/30)
等待节点响应SIGINT... (21/30)
等待节点响应SIGINT... (22/30)
等待节点响应SIGINT... (23/30)
等待节点响应SIGINT... (24/30)
等待节点响应SIGINT... (25/30)
等待节点响应SIGINT... (26/30)
等待节点响应SIGINT... (27/30)
等待节点响应SIGINT... (28/30)
等待节点响应SIGINT... (29/30)
等待节点响应SIGINT... (30/30)
⚠️ 警告: 节点无法正常关闭，强制终止...
✅ 地图生成成功！保存在: occupancy_grid.png
-rw-r--r-- 1 root root 399K Mar 22 18:37 occupancy_grid.png
======== 作业3执行完成 ========
生成的栅格地图应保存到: occupancy_grid.png
如需查看地图，请使用图片查看器打开 occupancy_grid.png
======== 运行日志结束 Sat Mar 22 18:56:23 CST 2025 ========
./run.sh: line 436: 75043 Killed                  ${LMS_MAPPER_CMD} -p map_save_path:=${MAP_PATH} -p map_resolution:=0.1 -p map_threshold:=1 -p filter_points:=true -p filter_threshold:=1.0 -p use_sim_time:=true
正在清理进程...
