[12.272s] Invoking command in '/IntelligentMobileRobots2025/work3/build/lms_data': PYTHONPATH=/IntelligentMobileRobots2025/work3/build/lms_data/prefix_override:/usr/lib/python3/dist-packages/colcon_core/task/python/colcon_distutils_commands:/IntelligentMobileRobots2025/work3/install/lms_data/lib/python3.10/site-packages:${PYTHONPATH} /usr/bin/python3 -W ignore:setup.py install is deprecated -W ignore:easy_install command is deprecated setup.py develop --editable --build-directory /IntelligentMobileRobots2025/work3/build/lms_data/build --no-deps symlink_data
[15.949s] running develop
[16.956s] running egg_info
[16.975s] creating lms_data.egg-info
[16.975s] writing lms_data.egg-info/PKG-INFO
[16.996s] writing dependency_links to lms_data.egg-info/dependency_links.txt
[16.996s] writing entry points to lms_data.egg-info/entry_points.txt
[16.997s] writing requirements to lms_data.egg-info/requires.txt
[16.997s] writing top-level names to lms_data.egg-info/top_level.txt
[16.997s] writing manifest file 'lms_data.egg-info/SOURCES.txt'
[16.997s] reading manifest file 'lms_data.egg-info/SOURCES.txt'
[16.997s] writing manifest file 'lms_data.egg-info/SOURCES.txt'
[17.024s] running build_ext
[17.024s] Creating /IntelligentMobileRobots2025/work3/install/lms_data/lib/python3.10/site-packages/lms-data.egg-link (link to .)
[17.024s] Installing lms_to_rosbag script to /IntelligentMobileRobots2025/work3/install/lms_data/bin
[17.024s] 
[17.024s] Installed /IntelligentMobileRobots2025/work3/build/lms_data
[17.024s] running symlink_data
[17.024s] creating /IntelligentMobileRobots2025/work3/install/lms_data/share/ament_index
[17.024s] creating /IntelligentMobileRobots2025/work3/install/lms_data/share/ament_index/resource_index
[17.024s] creating /IntelligentMobileRobots2025/work3/install/lms_data/share/ament_index/resource_index/packages
[17.024s] symbolically linking /IntelligentMobileRobots2025/work3/build/lms_data/resource/lms_data -> /IntelligentMobileRobots2025/work3/install/lms_data/share/ament_index/resource_index/packages
[17.024s] symbolically linking /IntelligentMobileRobots2025/work3/build/lms_data/package.xml -> /IntelligentMobileRobots2025/work3/install/lms_data/share/lms_data
[17.314s] Invoked command in '/IntelligentMobileRobots2025/work3/build/lms_data' returned '0': PYTHONPATH=/IntelligentMobileRobots2025/work3/build/lms_data/prefix_override:/usr/lib/python3/dist-packages/colcon_core/task/python/colcon_distutils_commands:/IntelligentMobileRobots2025/work3/install/lms_data/lib/python3.10/site-packages:${PYTHONPATH} /usr/bin/python3 -W ignore:setup.py install is deprecated -W ignore:easy_install command is deprecated setup.py develop --editable --build-directory /IntelligentMobileRobots2025/work3/build/lms_data/build --no-deps symlink_data
