[6.623s] Invoking command in '/IntelligentMobileRobots2025/work3/build/lms_data': PYTHONPATH=/IntelligentMobileRobots2025/work3/build/lms_data/prefix_override:/usr/lib/python3/dist-packages/colcon_core/task/python/colcon_distutils_commands:/IntelligentMobileRobots2025/work3/install/lms_data/lib/python3.10/site-packages:${PYTHONPATH} /usr/bin/python3 -W ignore:setup.py install is deprecated -W ignore:easy_install command is deprecated setup.py develop --editable --build-directory /IntelligentMobileRobots2025/work3/build/lms_data/build --no-deps symlink_data
[9.069s] running develop
[10.044s] running egg_info
[10.044s] creating lms_data.egg-info
[10.058s] writing lms_data.egg-info/PKG-INFO
[10.059s] writing dependency_links to lms_data.egg-info/dependency_links.txt
[10.059s] writing entry points to lms_data.egg-info/entry_points.txt
[10.059s] writing requirements to lms_data.egg-info/requires.txt
[10.060s] writing top-level names to lms_data.egg-info/top_level.txt
[10.060s] writing manifest file 'lms_data.egg-info/SOURCES.txt'
[10.060s] reading manifest file 'lms_data.egg-info/SOURCES.txt'
[10.110s] writing manifest file 'lms_data.egg-info/SOURCES.txt'
[10.110s] running build_ext
[10.110s] Creating /IntelligentMobileRobots2025/work3/install/lms_data/lib/python3.10/site-packages/lms-data.egg-link (link to .)
[10.129s] Installing lms_to_rosbag script to /IntelligentMobileRobots2025/work3/install/lms_data/bin
[10.129s] 
[10.129s] Installed /IntelligentMobileRobots2025/work3/build/lms_data
[10.130s] running symlink_data
[10.133s] creating /IntelligentMobileRobots2025/work3/install/lms_data/share/ament_index
[10.133s] creating /IntelligentMobileRobots2025/work3/install/lms_data/share/ament_index/resource_index
[10.133s] creating /IntelligentMobileRobots2025/work3/install/lms_data/share/ament_index/resource_index/packages
[10.133s] symbolically linking /IntelligentMobileRobots2025/work3/build/lms_data/resource/lms_data -> /IntelligentMobileRobots2025/work3/install/lms_data/share/ament_index/resource_index/packages
[10.133s] symbolically linking /IntelligentMobileRobots2025/work3/build/lms_data/package.xml -> /IntelligentMobileRobots2025/work3/install/lms_data/share/lms_data
[10.439s] Invoked command in '/IntelligentMobileRobots2025/work3/build/lms_data' returned '0': PYTHONPATH=/IntelligentMobileRobots2025/work3/build/lms_data/prefix_override:/usr/lib/python3/dist-packages/colcon_core/task/python/colcon_distutils_commands:/IntelligentMobileRobots2025/work3/install/lms_data/lib/python3.10/site-packages:${PYTHONPATH} /usr/bin/python3 -W ignore:setup.py install is deprecated -W ignore:easy_install command is deprecated setup.py develop --editable --build-directory /IntelligentMobileRobots2025/work3/build/lms_data/build --no-deps symlink_data
