[10.914s] Invoking command in '/IntelligentMobileRobots2025/work3/src/lms_mapper': PYTHONPATH=/IntelligentMobileRobots2025/work3/build/lms_mapper/prefix_override:/usr/lib/python3/dist-packages/colcon_core/task/python/colcon_distutils_commands:/IntelligentMobileRobots2025/work3/install/lms_mapper/lib/python3.10/site-packages:${PYTHONPATH} /usr/bin/python3 -W ignore:setup.py install is deprecated -W ignore:easy_install command is deprecated setup.py egg_info --egg-base ../../build/lms_mapper build --build-base /IntelligentMobileRobots2025/work3/build/lms_mapper/build install --record /IntelligentMobileRobots2025/work3/build/lms_mapper/install.log --single-version-externally-managed install_data
[15.443s] running egg_info
[15.444s] writing ../../build/lms_mapper/lms_mapper.egg-info/PKG-INFO
[15.453s] writing dependency_links to ../../build/lms_mapper/lms_mapper.egg-info/dependency_links.txt
[15.453s] writing entry points to ../../build/lms_mapper/lms_mapper.egg-info/entry_points.txt
[15.453s] writing requirements to ../../build/lms_mapper/lms_mapper.egg-info/requires.txt
[15.453s] writing top-level names to ../../build/lms_mapper/lms_mapper.egg-info/top_level.txt
[15.462s] reading manifest file '../../build/lms_mapper/lms_mapper.egg-info/SOURCES.txt'
[15.465s] writing manifest file '../../build/lms_mapper/lms_mapper.egg-info/SOURCES.txt'
[15.482s] running build
[15.482s] running build_py
[15.482s] copying lms_mapper/lms_mapper_node.py -> /IntelligentMobileRobots2025/work3/build/lms_mapper/build/lib/lms_mapper
[15.522s] running install
[15.522s] running install_lib
[15.523s] copying /IntelligentMobileRobots2025/work3/build/lms_mapper/build/lib/lms_mapper/lms_mapper_node.py -> /IntelligentMobileRobots2025/work3/install/lms_mapper/lib/python3.10/site-packages/lms_mapper
[15.523s] byte-compiling /IntelligentMobileRobots2025/work3/install/lms_mapper/lib/python3.10/site-packages/lms_mapper/lms_mapper_node.py to lms_mapper_node.cpython-310.pyc
[15.749s] running install_data
[15.749s] running install_egg_info
[15.770s] removing '/IntelligentMobileRobots2025/work3/install/lms_mapper/lib/python3.10/site-packages/lms_mapper-0.0.1-py3.10.egg-info' (and everything under it)
[15.819s] Copying ../../build/lms_mapper/lms_mapper.egg-info to /IntelligentMobileRobots2025/work3/install/lms_mapper/lib/python3.10/site-packages/lms_mapper-0.0.1-py3.10.egg-info
[15.819s] running install_scripts
[16.283s] Installing lms_mapper_node script to /IntelligentMobileRobots2025/work3/install/lms_mapper/bin
[16.283s] writing list of installed files to '/IntelligentMobileRobots2025/work3/build/lms_mapper/install.log'
[16.641s] Invoked command in '/IntelligentMobileRobots2025/work3/src/lms_mapper' returned '0': PYTHONPATH=/IntelligentMobileRobots2025/work3/build/lms_mapper/prefix_override:/usr/lib/python3/dist-packages/colcon_core/task/python/colcon_distutils_commands:/IntelligentMobileRobots2025/work3/install/lms_mapper/lib/python3.10/site-packages:${PYTHONPATH} /usr/bin/python3 -W ignore:setup.py install is deprecated -W ignore:easy_install command is deprecated setup.py egg_info --egg-base ../../build/lms_mapper build --build-base /IntelligentMobileRobots2025/work3/build/lms_mapper/build install --record /IntelligentMobileRobots2025/work3/build/lms_mapper/install.log --single-version-externally-managed install_data
