[10.234s] Invoking command in '/IntelligentMobileRobots2025/work3/build/lms_mapper': PYTHONPATH=/IntelligentMobileRobots2025/work3/build/lms_mapper/prefix_override:/usr/lib/python3/dist-packages/colcon_core/task/python/colcon_distutils_commands:/IntelligentMobileRobots2025/work3/install/lms_mapper/lib/python3.10/site-packages:${PYTHONPATH} /usr/bin/python3 -W ignore:setup.py install is deprecated -W ignore:easy_install command is deprecated setup.py develop --editable --build-directory /IntelligentMobileRobots2025/work3/build/lms_mapper/build --no-deps symlink_data
[11.245s] running develop
[11.999s] running egg_info
[11.999s] creating lms_mapper.egg-info
[11.999s] writing lms_mapper.egg-info/PKG-INFO
[12.016s] writing dependency_links to lms_mapper.egg-info/dependency_links.txt
[12.016s] writing entry points to lms_mapper.egg-info/entry_points.txt
[12.016s] writing requirements to lms_mapper.egg-info/requires.txt
[12.016s] writing top-level names to lms_mapper.egg-info/top_level.txt
[12.016s] writing manifest file 'lms_mapper.egg-info/SOURCES.txt'
[12.025s] reading manifest file 'lms_mapper.egg-info/SOURCES.txt'
[12.026s] writing manifest file 'lms_mapper.egg-info/SOURCES.txt'
[12.026s] running build_ext
[12.026s] Creating /IntelligentMobileRobots2025/work3/install/lms_mapper/lib/python3.10/site-packages/lms-mapper.egg-link (link to .)
[12.031s] Installing lms_mapper_node script to /IntelligentMobileRobots2025/work3/install/lms_mapper/bin
[12.048s] 
[12.048s] Installed /IntelligentMobileRobots2025/work3/build/lms_mapper
[12.048s] running symlink_data
[12.048s] creating /IntelligentMobileRobots2025/work3/install/lms_mapper/share/ament_index
[12.048s] creating /IntelligentMobileRobots2025/work3/install/lms_mapper/share/ament_index/resource_index
[12.048s] creating /IntelligentMobileRobots2025/work3/install/lms_mapper/share/ament_index/resource_index/packages
[12.048s] symbolically linking /IntelligentMobileRobots2025/work3/build/lms_mapper/resource/lms_mapper -> /IntelligentMobileRobots2025/work3/install/lms_mapper/share/ament_index/resource_index/packages
[12.049s] symbolically linking /IntelligentMobileRobots2025/work3/build/lms_mapper/package.xml -> /IntelligentMobileRobots2025/work3/install/lms_mapper/share/lms_mapper
[12.364s] Invoked command in '/IntelligentMobileRobots2025/work3/build/lms_mapper' returned '0': PYTHONPATH=/IntelligentMobileRobots2025/work3/build/lms_mapper/prefix_override:/usr/lib/python3/dist-packages/colcon_core/task/python/colcon_distutils_commands:/IntelligentMobileRobots2025/work3/install/lms_mapper/lib/python3.10/site-packages:${PYTHONPATH} /usr/bin/python3 -W ignore:setup.py install is deprecated -W ignore:easy_install command is deprecated setup.py develop --editable --build-directory /IntelligentMobileRobots2025/work3/build/lms_mapper/build --no-deps symlink_data
