[7.297s] Invoking command in '/IntelligentMobileRobots2025/work3/src/lms_mapper': PYTHONPATH=/IntelligentMobileRobots2025/work3/build/lms_mapper/prefix_override:/usr/lib/python3/dist-packages/colcon_core/task/python/colcon_distutils_commands:/IntelligentMobileRobots2025/work3/install/lms_mapper/lib/python3.10/site-packages: /usr/bin/python3 -W ignore:setup.py install is deprecated -W ignore:easy_install command is deprecated setup.py egg_info --egg-base ../../build/lms_mapper build --build-base /IntelligentMobileRobots2025/work3/build/lms_mapper/build install --record /IntelligentMobileRobots2025/work3/build/lms_mapper/install.log --single-version-externally-managed install_data
[9.885s] running egg_info
[9.886s] writing ../../build/lms_mapper/lms_mapper.egg-info/PKG-INFO
[9.901s] writing dependency_links to ../../build/lms_mapper/lms_mapper.egg-info/dependency_links.txt
[9.901s] writing entry points to ../../build/lms_mapper/lms_mapper.egg-info/entry_points.txt
[9.902s] writing requirements to ../../build/lms_mapper/lms_mapper.egg-info/requires.txt
[9.902s] writing top-level names to ../../build/lms_mapper/lms_mapper.egg-info/top_level.txt
[9.902s] reading manifest file '../../build/lms_mapper/lms_mapper.egg-info/SOURCES.txt'
[9.928s] writing manifest file '../../build/lms_mapper/lms_mapper.egg-info/SOURCES.txt'
[9.928s] running build
[9.928s] running build_py
[9.928s] copying lms_mapper/lms_mapper_node.py -> /IntelligentMobileRobots2025/work3/build/lms_mapper/build/lib/lms_mapper
[9.928s] running install
[9.928s] running install_lib
[9.928s] copying /IntelligentMobileRobots2025/work3/build/lms_mapper/build/lib/lms_mapper/lms_mapper_node.py -> /IntelligentMobileRobots2025/work3/install/lms_mapper/lib/python3.10/site-packages/lms_mapper
[9.951s] byte-compiling /IntelligentMobileRobots2025/work3/install/lms_mapper/lib/python3.10/site-packages/lms_mapper/lms_mapper_node.py to lms_mapper_node.cpython-310.pyc
[10.214s] running install_data
[10.215s] running install_egg_info
[10.232s] removing '/IntelligentMobileRobots2025/work3/install/lms_mapper/lib/python3.10/site-packages/lms_mapper-0.0.1-py3.10.egg-info' (and everything under it)
[10.232s] Copying ../../build/lms_mapper/lms_mapper.egg-info to /IntelligentMobileRobots2025/work3/install/lms_mapper/lib/python3.10/site-packages/lms_mapper-0.0.1-py3.10.egg-info
[10.232s] running install_scripts
[10.618s] Installing lms_mapper_node script to /IntelligentMobileRobots2025/work3/install/lms_mapper/bin
[10.623s] writing list of installed files to '/IntelligentMobileRobots2025/work3/build/lms_mapper/install.log'
[10.835s] Invoked command in '/IntelligentMobileRobots2025/work3/src/lms_mapper' returned '0': PYTHONPATH=/IntelligentMobileRobots2025/work3/build/lms_mapper/prefix_override:/usr/lib/python3/dist-packages/colcon_core/task/python/colcon_distutils_commands:/IntelligentMobileRobots2025/work3/install/lms_mapper/lib/python3.10/site-packages: /usr/bin/python3 -W ignore:setup.py install is deprecated -W ignore:easy_install command is deprecated setup.py egg_info --egg-base ../../build/lms_mapper build --build-base /IntelligentMobileRobots2025/work3/build/lms_mapper/build install --record /IntelligentMobileRobots2025/work3/build/lms_mapper/install.log --single-version-externally-managed install_data
